[2024-06-18T12:40:04.005+0400] {processor.py:161} INFO - Started process (PID=45554) to work on /home/user/Desktop/airflowproj/py_env/lib/python3.10/site-packages/airflow/example_dags/subdags/subdag.py
[2024-06-18T12:40:04.006+0400] {processor.py:830} INFO - Processing file /home/user/Desktop/airflowproj/py_env/lib/python3.10/site-packages/airflow/example_dags/subdags/subdag.py for tasks to queue
[2024-06-18T12:40:04.007+0400] {logging_mixin.py:188} INFO - [2024-06-18T12:40:04.007+0400] {dagbag.py:545} INFO - Filling up the DagBag from /home/user/Desktop/airflowproj/py_env/lib/python3.10/site-packages/airflow/example_dags/subdags/subdag.py
[2024-06-18T12:40:04.008+0400] {processor.py:842} WARNING - No viable dags retrieved from /home/user/Desktop/airflowproj/py_env/lib/python3.10/site-packages/airflow/example_dags/subdags/subdag.py
[2024-06-18T12:40:04.018+0400] {processor.py:183} INFO - Processing /home/user/Desktop/airflowproj/py_env/lib/python3.10/site-packages/airflow/example_dags/subdags/subdag.py took 0.020 seconds
[2024-06-18T12:40:58.939+0400] {processor.py:161} INFO - Started process (PID=45836) to work on /home/user/Desktop/airflowproj/py_env/lib/python3.10/site-packages/airflow/example_dags/subdags/subdag.py
[2024-06-18T12:40:58.942+0400] {processor.py:830} INFO - Processing file /home/user/Desktop/airflowproj/py_env/lib/python3.10/site-packages/airflow/example_dags/subdags/subdag.py for tasks to queue
[2024-06-18T12:40:58.943+0400] {logging_mixin.py:188} INFO - [2024-06-18T12:40:58.943+0400] {dagbag.py:545} INFO - Filling up the DagBag from /home/user/Desktop/airflowproj/py_env/lib/python3.10/site-packages/airflow/example_dags/subdags/subdag.py
[2024-06-18T12:40:58.944+0400] {processor.py:842} WARNING - No viable dags retrieved from /home/user/Desktop/airflowproj/py_env/lib/python3.10/site-packages/airflow/example_dags/subdags/subdag.py
[2024-06-18T12:40:58.949+0400] {processor.py:183} INFO - Processing /home/user/Desktop/airflowproj/py_env/lib/python3.10/site-packages/airflow/example_dags/subdags/subdag.py took 0.015 seconds
[2024-06-18T12:42:42.411+0400] {processor.py:161} INFO - Started process (PID=46455) to work on /home/user/Desktop/airflowproj/py_env/lib/python3.10/site-packages/airflow/example_dags/subdags/subdag.py
[2024-06-18T12:42:42.413+0400] {processor.py:830} INFO - Processing file /home/user/Desktop/airflowproj/py_env/lib/python3.10/site-packages/airflow/example_dags/subdags/subdag.py for tasks to queue
[2024-06-18T12:42:42.414+0400] {logging_mixin.py:188} INFO - [2024-06-18T12:42:42.413+0400] {dagbag.py:545} INFO - Filling up the DagBag from /home/user/Desktop/airflowproj/py_env/lib/python3.10/site-packages/airflow/example_dags/subdags/subdag.py
[2024-06-18T12:42:42.415+0400] {processor.py:842} WARNING - No viable dags retrieved from /home/user/Desktop/airflowproj/py_env/lib/python3.10/site-packages/airflow/example_dags/subdags/subdag.py
[2024-06-18T12:42:42.422+0400] {processor.py:183} INFO - Processing /home/user/Desktop/airflowproj/py_env/lib/python3.10/site-packages/airflow/example_dags/subdags/subdag.py took 0.015 seconds
[2024-06-18T12:43:33.489+0400] {processor.py:161} INFO - Started process (PID=46712) to work on /home/user/Desktop/airflowproj/py_env/lib/python3.10/site-packages/airflow/example_dags/subdags/subdag.py
[2024-06-18T12:43:33.491+0400] {processor.py:830} INFO - Processing file /home/user/Desktop/airflowproj/py_env/lib/python3.10/site-packages/airflow/example_dags/subdags/subdag.py for tasks to queue
[2024-06-18T12:43:33.493+0400] {logging_mixin.py:188} INFO - [2024-06-18T12:43:33.492+0400] {dagbag.py:545} INFO - Filling up the DagBag from /home/user/Desktop/airflowproj/py_env/lib/python3.10/site-packages/airflow/example_dags/subdags/subdag.py
[2024-06-18T12:43:33.494+0400] {processor.py:842} WARNING - No viable dags retrieved from /home/user/Desktop/airflowproj/py_env/lib/python3.10/site-packages/airflow/example_dags/subdags/subdag.py
[2024-06-18T12:43:33.499+0400] {processor.py:183} INFO - Processing /home/user/Desktop/airflowproj/py_env/lib/python3.10/site-packages/airflow/example_dags/subdags/subdag.py took 0.015 seconds
[2024-06-18T12:44:16.466+0400] {processor.py:161} INFO - Started process (PID=46830) to work on /home/user/Desktop/airflowproj/py_env/lib/python3.10/site-packages/airflow/example_dags/subdags/subdag.py
[2024-06-18T12:44:16.468+0400] {processor.py:830} INFO - Processing file /home/user/Desktop/airflowproj/py_env/lib/python3.10/site-packages/airflow/example_dags/subdags/subdag.py for tasks to queue
[2024-06-18T12:44:16.468+0400] {logging_mixin.py:188} INFO - [2024-06-18T12:44:16.468+0400] {dagbag.py:545} INFO - Filling up the DagBag from /home/user/Desktop/airflowproj/py_env/lib/python3.10/site-packages/airflow/example_dags/subdags/subdag.py
[2024-06-18T12:44:16.470+0400] {processor.py:842} WARNING - No viable dags retrieved from /home/user/Desktop/airflowproj/py_env/lib/python3.10/site-packages/airflow/example_dags/subdags/subdag.py
[2024-06-18T12:44:16.475+0400] {processor.py:183} INFO - Processing /home/user/Desktop/airflowproj/py_env/lib/python3.10/site-packages/airflow/example_dags/subdags/subdag.py took 0.012 seconds
[2024-06-18T12:44:59.098+0400] {processor.py:161} INFO - Started process (PID=46943) to work on /home/user/Desktop/airflowproj/py_env/lib/python3.10/site-packages/airflow/example_dags/subdags/subdag.py
[2024-06-18T12:44:59.101+0400] {processor.py:830} INFO - Processing file /home/user/Desktop/airflowproj/py_env/lib/python3.10/site-packages/airflow/example_dags/subdags/subdag.py for tasks to queue
[2024-06-18T12:44:59.101+0400] {logging_mixin.py:188} INFO - [2024-06-18T12:44:59.101+0400] {dagbag.py:545} INFO - Filling up the DagBag from /home/user/Desktop/airflowproj/py_env/lib/python3.10/site-packages/airflow/example_dags/subdags/subdag.py
[2024-06-18T12:44:59.102+0400] {processor.py:842} WARNING - No viable dags retrieved from /home/user/Desktop/airflowproj/py_env/lib/python3.10/site-packages/airflow/example_dags/subdags/subdag.py
[2024-06-18T12:44:59.170+0400] {processor.py:183} INFO - Processing /home/user/Desktop/airflowproj/py_env/lib/python3.10/site-packages/airflow/example_dags/subdags/subdag.py took 0.075 seconds
[2024-06-18T12:45:38.839+0400] {processor.py:161} INFO - Started process (PID=47037) to work on /home/user/Desktop/airflowproj/py_env/lib/python3.10/site-packages/airflow/example_dags/subdags/subdag.py
[2024-06-18T12:45:38.842+0400] {processor.py:830} INFO - Processing file /home/user/Desktop/airflowproj/py_env/lib/python3.10/site-packages/airflow/example_dags/subdags/subdag.py for tasks to queue
[2024-06-18T12:45:38.842+0400] {logging_mixin.py:188} INFO - [2024-06-18T12:45:38.842+0400] {dagbag.py:545} INFO - Filling up the DagBag from /home/user/Desktop/airflowproj/py_env/lib/python3.10/site-packages/airflow/example_dags/subdags/subdag.py
[2024-06-18T12:45:38.843+0400] {processor.py:842} WARNING - No viable dags retrieved from /home/user/Desktop/airflowproj/py_env/lib/python3.10/site-packages/airflow/example_dags/subdags/subdag.py
[2024-06-18T12:45:38.850+0400] {processor.py:183} INFO - Processing /home/user/Desktop/airflowproj/py_env/lib/python3.10/site-packages/airflow/example_dags/subdags/subdag.py took 0.015 seconds
[2024-06-18T12:46:18.779+0400] {processor.py:161} INFO - Started process (PID=47137) to work on /home/user/Desktop/airflowproj/py_env/lib/python3.10/site-packages/airflow/example_dags/subdags/subdag.py
[2024-06-18T12:46:18.781+0400] {processor.py:830} INFO - Processing file /home/user/Desktop/airflowproj/py_env/lib/python3.10/site-packages/airflow/example_dags/subdags/subdag.py for tasks to queue
[2024-06-18T12:46:18.782+0400] {logging_mixin.py:188} INFO - [2024-06-18T12:46:18.782+0400] {dagbag.py:545} INFO - Filling up the DagBag from /home/user/Desktop/airflowproj/py_env/lib/python3.10/site-packages/airflow/example_dags/subdags/subdag.py
[2024-06-18T12:46:18.783+0400] {processor.py:842} WARNING - No viable dags retrieved from /home/user/Desktop/airflowproj/py_env/lib/python3.10/site-packages/airflow/example_dags/subdags/subdag.py
[2024-06-18T12:46:18.789+0400] {processor.py:183} INFO - Processing /home/user/Desktop/airflowproj/py_env/lib/python3.10/site-packages/airflow/example_dags/subdags/subdag.py took 0.013 seconds
[2024-06-18T12:46:58.171+0400] {processor.py:161} INFO - Started process (PID=47831) to work on /home/user/Desktop/airflowproj/py_env/lib/python3.10/site-packages/airflow/example_dags/subdags/subdag.py
[2024-06-18T12:46:58.172+0400] {processor.py:830} INFO - Processing file /home/user/Desktop/airflowproj/py_env/lib/python3.10/site-packages/airflow/example_dags/subdags/subdag.py for tasks to queue
[2024-06-18T12:46:58.173+0400] {logging_mixin.py:188} INFO - [2024-06-18T12:46:58.173+0400] {dagbag.py:545} INFO - Filling up the DagBag from /home/user/Desktop/airflowproj/py_env/lib/python3.10/site-packages/airflow/example_dags/subdags/subdag.py
[2024-06-18T12:46:58.175+0400] {processor.py:842} WARNING - No viable dags retrieved from /home/user/Desktop/airflowproj/py_env/lib/python3.10/site-packages/airflow/example_dags/subdags/subdag.py
[2024-06-18T12:46:58.181+0400] {processor.py:183} INFO - Processing /home/user/Desktop/airflowproj/py_env/lib/python3.10/site-packages/airflow/example_dags/subdags/subdag.py took 0.014 seconds
[2024-06-18T12:47:36.981+0400] {processor.py:161} INFO - Started process (PID=48040) to work on /home/user/Desktop/airflowproj/py_env/lib/python3.10/site-packages/airflow/example_dags/subdags/subdag.py
[2024-06-18T12:47:36.983+0400] {processor.py:830} INFO - Processing file /home/user/Desktop/airflowproj/py_env/lib/python3.10/site-packages/airflow/example_dags/subdags/subdag.py for tasks to queue
[2024-06-18T12:47:36.985+0400] {logging_mixin.py:188} INFO - [2024-06-18T12:47:36.984+0400] {dagbag.py:545} INFO - Filling up the DagBag from /home/user/Desktop/airflowproj/py_env/lib/python3.10/site-packages/airflow/example_dags/subdags/subdag.py
[2024-06-18T12:47:36.986+0400] {processor.py:842} WARNING - No viable dags retrieved from /home/user/Desktop/airflowproj/py_env/lib/python3.10/site-packages/airflow/example_dags/subdags/subdag.py
[2024-06-18T12:47:36.998+0400] {processor.py:183} INFO - Processing /home/user/Desktop/airflowproj/py_env/lib/python3.10/site-packages/airflow/example_dags/subdags/subdag.py took 0.022 seconds
[2024-06-18T12:48:14.070+0400] {processor.py:161} INFO - Started process (PID=48265) to work on /home/user/Desktop/airflowproj/py_env/lib/python3.10/site-packages/airflow/example_dags/subdags/subdag.py
[2024-06-18T12:48:14.072+0400] {processor.py:830} INFO - Processing file /home/user/Desktop/airflowproj/py_env/lib/python3.10/site-packages/airflow/example_dags/subdags/subdag.py for tasks to queue
[2024-06-18T12:48:14.073+0400] {logging_mixin.py:188} INFO - [2024-06-18T12:48:14.072+0400] {dagbag.py:545} INFO - Filling up the DagBag from /home/user/Desktop/airflowproj/py_env/lib/python3.10/site-packages/airflow/example_dags/subdags/subdag.py
[2024-06-18T12:48:14.074+0400] {processor.py:842} WARNING - No viable dags retrieved from /home/user/Desktop/airflowproj/py_env/lib/python3.10/site-packages/airflow/example_dags/subdags/subdag.py
[2024-06-18T12:48:14.079+0400] {processor.py:183} INFO - Processing /home/user/Desktop/airflowproj/py_env/lib/python3.10/site-packages/airflow/example_dags/subdags/subdag.py took 0.016 seconds
[2024-06-18T12:49:01.437+0400] {processor.py:161} INFO - Started process (PID=48587) to work on /home/user/Desktop/airflowproj/py_env/lib/python3.10/site-packages/airflow/example_dags/subdags/subdag.py
[2024-06-18T12:49:01.439+0400] {processor.py:830} INFO - Processing file /home/user/Desktop/airflowproj/py_env/lib/python3.10/site-packages/airflow/example_dags/subdags/subdag.py for tasks to queue
[2024-06-18T12:49:01.440+0400] {logging_mixin.py:188} INFO - [2024-06-18T12:49:01.440+0400] {dagbag.py:545} INFO - Filling up the DagBag from /home/user/Desktop/airflowproj/py_env/lib/python3.10/site-packages/airflow/example_dags/subdags/subdag.py
[2024-06-18T12:49:01.442+0400] {processor.py:842} WARNING - No viable dags retrieved from /home/user/Desktop/airflowproj/py_env/lib/python3.10/site-packages/airflow/example_dags/subdags/subdag.py
[2024-06-18T12:49:01.447+0400] {processor.py:183} INFO - Processing /home/user/Desktop/airflowproj/py_env/lib/python3.10/site-packages/airflow/example_dags/subdags/subdag.py took 0.014 seconds
[2024-06-18T12:49:40.338+0400] {processor.py:161} INFO - Started process (PID=48682) to work on /home/user/Desktop/airflowproj/py_env/lib/python3.10/site-packages/airflow/example_dags/subdags/subdag.py
[2024-06-18T12:49:40.340+0400] {processor.py:830} INFO - Processing file /home/user/Desktop/airflowproj/py_env/lib/python3.10/site-packages/airflow/example_dags/subdags/subdag.py for tasks to queue
[2024-06-18T12:49:40.341+0400] {logging_mixin.py:188} INFO - [2024-06-18T12:49:40.341+0400] {dagbag.py:545} INFO - Filling up the DagBag from /home/user/Desktop/airflowproj/py_env/lib/python3.10/site-packages/airflow/example_dags/subdags/subdag.py
[2024-06-18T12:49:40.342+0400] {processor.py:842} WARNING - No viable dags retrieved from /home/user/Desktop/airflowproj/py_env/lib/python3.10/site-packages/airflow/example_dags/subdags/subdag.py
[2024-06-18T12:49:40.347+0400] {processor.py:183} INFO - Processing /home/user/Desktop/airflowproj/py_env/lib/python3.10/site-packages/airflow/example_dags/subdags/subdag.py took 0.012 seconds
[2024-06-18T12:50:19.774+0400] {processor.py:161} INFO - Started process (PID=48790) to work on /home/user/Desktop/airflowproj/py_env/lib/python3.10/site-packages/airflow/example_dags/subdags/subdag.py
[2024-06-18T12:50:19.776+0400] {processor.py:830} INFO - Processing file /home/user/Desktop/airflowproj/py_env/lib/python3.10/site-packages/airflow/example_dags/subdags/subdag.py for tasks to queue
[2024-06-18T12:50:19.777+0400] {logging_mixin.py:188} INFO - [2024-06-18T12:50:19.777+0400] {dagbag.py:545} INFO - Filling up the DagBag from /home/user/Desktop/airflowproj/py_env/lib/python3.10/site-packages/airflow/example_dags/subdags/subdag.py
[2024-06-18T12:50:19.778+0400] {processor.py:842} WARNING - No viable dags retrieved from /home/user/Desktop/airflowproj/py_env/lib/python3.10/site-packages/airflow/example_dags/subdags/subdag.py
[2024-06-18T12:50:19.784+0400] {processor.py:183} INFO - Processing /home/user/Desktop/airflowproj/py_env/lib/python3.10/site-packages/airflow/example_dags/subdags/subdag.py took 0.014 seconds
[2024-06-18T12:51:00.421+0400] {processor.py:161} INFO - Started process (PID=48898) to work on /home/user/Desktop/airflowproj/py_env/lib/python3.10/site-packages/airflow/example_dags/subdags/subdag.py
[2024-06-18T12:51:00.423+0400] {processor.py:830} INFO - Processing file /home/user/Desktop/airflowproj/py_env/lib/python3.10/site-packages/airflow/example_dags/subdags/subdag.py for tasks to queue
[2024-06-18T12:51:00.425+0400] {logging_mixin.py:188} INFO - [2024-06-18T12:51:00.424+0400] {dagbag.py:545} INFO - Filling up the DagBag from /home/user/Desktop/airflowproj/py_env/lib/python3.10/site-packages/airflow/example_dags/subdags/subdag.py
[2024-06-18T12:51:00.426+0400] {processor.py:842} WARNING - No viable dags retrieved from /home/user/Desktop/airflowproj/py_env/lib/python3.10/site-packages/airflow/example_dags/subdags/subdag.py
[2024-06-18T12:51:00.435+0400] {processor.py:183} INFO - Processing /home/user/Desktop/airflowproj/py_env/lib/python3.10/site-packages/airflow/example_dags/subdags/subdag.py took 0.017 seconds
[2024-06-18T12:51:38.552+0400] {processor.py:161} INFO - Started process (PID=49068) to work on /home/user/Desktop/airflowproj/py_env/lib/python3.10/site-packages/airflow/example_dags/subdags/subdag.py
[2024-06-18T12:51:38.554+0400] {processor.py:830} INFO - Processing file /home/user/Desktop/airflowproj/py_env/lib/python3.10/site-packages/airflow/example_dags/subdags/subdag.py for tasks to queue
[2024-06-18T12:51:38.555+0400] {logging_mixin.py:188} INFO - [2024-06-18T12:51:38.555+0400] {dagbag.py:545} INFO - Filling up the DagBag from /home/user/Desktop/airflowproj/py_env/lib/python3.10/site-packages/airflow/example_dags/subdags/subdag.py
[2024-06-18T12:51:38.556+0400] {processor.py:842} WARNING - No viable dags retrieved from /home/user/Desktop/airflowproj/py_env/lib/python3.10/site-packages/airflow/example_dags/subdags/subdag.py
[2024-06-18T12:51:38.561+0400] {processor.py:183} INFO - Processing /home/user/Desktop/airflowproj/py_env/lib/python3.10/site-packages/airflow/example_dags/subdags/subdag.py took 0.012 seconds
[2024-06-18T12:52:17.297+0400] {processor.py:161} INFO - Started process (PID=49182) to work on /home/user/Desktop/airflowproj/py_env/lib/python3.10/site-packages/airflow/example_dags/subdags/subdag.py
[2024-06-18T12:52:17.299+0400] {processor.py:830} INFO - Processing file /home/user/Desktop/airflowproj/py_env/lib/python3.10/site-packages/airflow/example_dags/subdags/subdag.py for tasks to queue
[2024-06-18T12:52:17.301+0400] {logging_mixin.py:188} INFO - [2024-06-18T12:52:17.300+0400] {dagbag.py:545} INFO - Filling up the DagBag from /home/user/Desktop/airflowproj/py_env/lib/python3.10/site-packages/airflow/example_dags/subdags/subdag.py
[2024-06-18T12:52:17.302+0400] {processor.py:842} WARNING - No viable dags retrieved from /home/user/Desktop/airflowproj/py_env/lib/python3.10/site-packages/airflow/example_dags/subdags/subdag.py
[2024-06-18T12:52:17.309+0400] {processor.py:183} INFO - Processing /home/user/Desktop/airflowproj/py_env/lib/python3.10/site-packages/airflow/example_dags/subdags/subdag.py took 0.017 seconds
[2024-06-18T12:52:56.603+0400] {processor.py:161} INFO - Started process (PID=49363) to work on /home/user/Desktop/airflowproj/py_env/lib/python3.10/site-packages/airflow/example_dags/subdags/subdag.py
[2024-06-18T12:52:56.604+0400] {processor.py:830} INFO - Processing file /home/user/Desktop/airflowproj/py_env/lib/python3.10/site-packages/airflow/example_dags/subdags/subdag.py for tasks to queue
[2024-06-18T12:52:56.605+0400] {logging_mixin.py:188} INFO - [2024-06-18T12:52:56.605+0400] {dagbag.py:545} INFO - Filling up the DagBag from /home/user/Desktop/airflowproj/py_env/lib/python3.10/site-packages/airflow/example_dags/subdags/subdag.py
[2024-06-18T12:52:56.606+0400] {processor.py:842} WARNING - No viable dags retrieved from /home/user/Desktop/airflowproj/py_env/lib/python3.10/site-packages/airflow/example_dags/subdags/subdag.py
[2024-06-18T12:52:56.611+0400] {processor.py:183} INFO - Processing /home/user/Desktop/airflowproj/py_env/lib/python3.10/site-packages/airflow/example_dags/subdags/subdag.py took 0.013 seconds
[2024-06-18T12:53:35.842+0400] {processor.py:161} INFO - Started process (PID=49544) to work on /home/user/Desktop/airflowproj/py_env/lib/python3.10/site-packages/airflow/example_dags/subdags/subdag.py
[2024-06-18T12:53:35.842+0400] {processor.py:830} INFO - Processing file /home/user/Desktop/airflowproj/py_env/lib/python3.10/site-packages/airflow/example_dags/subdags/subdag.py for tasks to queue
[2024-06-18T12:53:35.844+0400] {logging_mixin.py:188} INFO - [2024-06-18T12:53:35.843+0400] {dagbag.py:545} INFO - Filling up the DagBag from /home/user/Desktop/airflowproj/py_env/lib/python3.10/site-packages/airflow/example_dags/subdags/subdag.py
[2024-06-18T12:53:35.845+0400] {processor.py:842} WARNING - No viable dags retrieved from /home/user/Desktop/airflowproj/py_env/lib/python3.10/site-packages/airflow/example_dags/subdags/subdag.py
[2024-06-18T12:53:35.850+0400] {processor.py:183} INFO - Processing /home/user/Desktop/airflowproj/py_env/lib/python3.10/site-packages/airflow/example_dags/subdags/subdag.py took 0.012 seconds
[2024-06-18T12:54:13.858+0400] {processor.py:161} INFO - Started process (PID=49668) to work on /home/user/Desktop/airflowproj/py_env/lib/python3.10/site-packages/airflow/example_dags/subdags/subdag.py
[2024-06-18T12:54:13.861+0400] {processor.py:830} INFO - Processing file /home/user/Desktop/airflowproj/py_env/lib/python3.10/site-packages/airflow/example_dags/subdags/subdag.py for tasks to queue
[2024-06-18T12:54:13.862+0400] {logging_mixin.py:188} INFO - [2024-06-18T12:54:13.862+0400] {dagbag.py:545} INFO - Filling up the DagBag from /home/user/Desktop/airflowproj/py_env/lib/python3.10/site-packages/airflow/example_dags/subdags/subdag.py
[2024-06-18T12:54:13.864+0400] {processor.py:842} WARNING - No viable dags retrieved from /home/user/Desktop/airflowproj/py_env/lib/python3.10/site-packages/airflow/example_dags/subdags/subdag.py
[2024-06-18T12:54:13.870+0400] {processor.py:183} INFO - Processing /home/user/Desktop/airflowproj/py_env/lib/python3.10/site-packages/airflow/example_dags/subdags/subdag.py took 0.016 seconds
[2024-06-18T12:54:52.424+0400] {processor.py:161} INFO - Started process (PID=49748) to work on /home/user/Desktop/airflowproj/py_env/lib/python3.10/site-packages/airflow/example_dags/subdags/subdag.py
[2024-06-18T12:54:52.426+0400] {processor.py:830} INFO - Processing file /home/user/Desktop/airflowproj/py_env/lib/python3.10/site-packages/airflow/example_dags/subdags/subdag.py for tasks to queue
[2024-06-18T12:54:52.427+0400] {logging_mixin.py:188} INFO - [2024-06-18T12:54:52.427+0400] {dagbag.py:545} INFO - Filling up the DagBag from /home/user/Desktop/airflowproj/py_env/lib/python3.10/site-packages/airflow/example_dags/subdags/subdag.py
[2024-06-18T12:54:52.428+0400] {processor.py:842} WARNING - No viable dags retrieved from /home/user/Desktop/airflowproj/py_env/lib/python3.10/site-packages/airflow/example_dags/subdags/subdag.py
[2024-06-18T12:54:52.434+0400] {processor.py:183} INFO - Processing /home/user/Desktop/airflowproj/py_env/lib/python3.10/site-packages/airflow/example_dags/subdags/subdag.py took 0.013 seconds
[2024-06-18T12:55:32.972+0400] {processor.py:161} INFO - Started process (PID=50003) to work on /home/user/Desktop/airflowproj/py_env/lib/python3.10/site-packages/airflow/example_dags/subdags/subdag.py
[2024-06-18T12:55:32.974+0400] {processor.py:830} INFO - Processing file /home/user/Desktop/airflowproj/py_env/lib/python3.10/site-packages/airflow/example_dags/subdags/subdag.py for tasks to queue
[2024-06-18T12:55:32.975+0400] {logging_mixin.py:188} INFO - [2024-06-18T12:55:32.975+0400] {dagbag.py:545} INFO - Filling up the DagBag from /home/user/Desktop/airflowproj/py_env/lib/python3.10/site-packages/airflow/example_dags/subdags/subdag.py
[2024-06-18T12:55:32.977+0400] {processor.py:842} WARNING - No viable dags retrieved from /home/user/Desktop/airflowproj/py_env/lib/python3.10/site-packages/airflow/example_dags/subdags/subdag.py
[2024-06-18T12:55:32.981+0400] {processor.py:183} INFO - Processing /home/user/Desktop/airflowproj/py_env/lib/python3.10/site-packages/airflow/example_dags/subdags/subdag.py took 0.015 seconds
[2024-06-18T12:56:09.279+0400] {processor.py:161} INFO - Started process (PID=50134) to work on /home/user/Desktop/airflowproj/py_env/lib/python3.10/site-packages/airflow/example_dags/subdags/subdag.py
[2024-06-18T12:56:09.281+0400] {processor.py:830} INFO - Processing file /home/user/Desktop/airflowproj/py_env/lib/python3.10/site-packages/airflow/example_dags/subdags/subdag.py for tasks to queue
[2024-06-18T12:56:09.282+0400] {logging_mixin.py:188} INFO - [2024-06-18T12:56:09.282+0400] {dagbag.py:545} INFO - Filling up the DagBag from /home/user/Desktop/airflowproj/py_env/lib/python3.10/site-packages/airflow/example_dags/subdags/subdag.py
[2024-06-18T12:56:09.283+0400] {processor.py:842} WARNING - No viable dags retrieved from /home/user/Desktop/airflowproj/py_env/lib/python3.10/site-packages/airflow/example_dags/subdags/subdag.py
[2024-06-18T12:56:09.289+0400] {processor.py:183} INFO - Processing /home/user/Desktop/airflowproj/py_env/lib/python3.10/site-packages/airflow/example_dags/subdags/subdag.py took 0.018 seconds
[2024-06-18T12:56:48.677+0400] {processor.py:161} INFO - Started process (PID=50311) to work on /home/user/Desktop/airflowproj/py_env/lib/python3.10/site-packages/airflow/example_dags/subdags/subdag.py
[2024-06-18T12:56:48.680+0400] {processor.py:830} INFO - Processing file /home/user/Desktop/airflowproj/py_env/lib/python3.10/site-packages/airflow/example_dags/subdags/subdag.py for tasks to queue
[2024-06-18T12:56:48.681+0400] {logging_mixin.py:188} INFO - [2024-06-18T12:56:48.681+0400] {dagbag.py:545} INFO - Filling up the DagBag from /home/user/Desktop/airflowproj/py_env/lib/python3.10/site-packages/airflow/example_dags/subdags/subdag.py
[2024-06-18T12:56:48.683+0400] {processor.py:842} WARNING - No viable dags retrieved from /home/user/Desktop/airflowproj/py_env/lib/python3.10/site-packages/airflow/example_dags/subdags/subdag.py
[2024-06-18T12:56:48.688+0400] {processor.py:183} INFO - Processing /home/user/Desktop/airflowproj/py_env/lib/python3.10/site-packages/airflow/example_dags/subdags/subdag.py took 0.014 seconds
[2024-06-18T12:57:29.155+0400] {processor.py:161} INFO - Started process (PID=50457) to work on /home/user/Desktop/airflowproj/py_env/lib/python3.10/site-packages/airflow/example_dags/subdags/subdag.py
[2024-06-18T12:57:29.157+0400] {processor.py:830} INFO - Processing file /home/user/Desktop/airflowproj/py_env/lib/python3.10/site-packages/airflow/example_dags/subdags/subdag.py for tasks to queue
[2024-06-18T12:57:29.159+0400] {logging_mixin.py:188} INFO - [2024-06-18T12:57:29.159+0400] {dagbag.py:545} INFO - Filling up the DagBag from /home/user/Desktop/airflowproj/py_env/lib/python3.10/site-packages/airflow/example_dags/subdags/subdag.py
[2024-06-18T12:57:29.161+0400] {processor.py:842} WARNING - No viable dags retrieved from /home/user/Desktop/airflowproj/py_env/lib/python3.10/site-packages/airflow/example_dags/subdags/subdag.py
[2024-06-18T12:57:29.169+0400] {processor.py:183} INFO - Processing /home/user/Desktop/airflowproj/py_env/lib/python3.10/site-packages/airflow/example_dags/subdags/subdag.py took 0.019 seconds
[2024-06-18T12:58:09.535+0400] {processor.py:161} INFO - Started process (PID=50850) to work on /home/user/Desktop/airflowproj/py_env/lib/python3.10/site-packages/airflow/example_dags/subdags/subdag.py
[2024-06-18T12:58:09.537+0400] {processor.py:830} INFO - Processing file /home/user/Desktop/airflowproj/py_env/lib/python3.10/site-packages/airflow/example_dags/subdags/subdag.py for tasks to queue
[2024-06-18T12:58:09.538+0400] {logging_mixin.py:188} INFO - [2024-06-18T12:58:09.537+0400] {dagbag.py:545} INFO - Filling up the DagBag from /home/user/Desktop/airflowproj/py_env/lib/python3.10/site-packages/airflow/example_dags/subdags/subdag.py
[2024-06-18T12:58:09.539+0400] {processor.py:842} WARNING - No viable dags retrieved from /home/user/Desktop/airflowproj/py_env/lib/python3.10/site-packages/airflow/example_dags/subdags/subdag.py
[2024-06-18T12:58:09.544+0400] {processor.py:183} INFO - Processing /home/user/Desktop/airflowproj/py_env/lib/python3.10/site-packages/airflow/example_dags/subdags/subdag.py took 0.011 seconds
[2024-06-18T12:58:46.404+0400] {processor.py:161} INFO - Started process (PID=51120) to work on /home/user/Desktop/airflowproj/py_env/lib/python3.10/site-packages/airflow/example_dags/subdags/subdag.py
[2024-06-18T12:58:46.406+0400] {processor.py:830} INFO - Processing file /home/user/Desktop/airflowproj/py_env/lib/python3.10/site-packages/airflow/example_dags/subdags/subdag.py for tasks to queue
[2024-06-18T12:58:46.408+0400] {logging_mixin.py:188} INFO - [2024-06-18T12:58:46.407+0400] {dagbag.py:545} INFO - Filling up the DagBag from /home/user/Desktop/airflowproj/py_env/lib/python3.10/site-packages/airflow/example_dags/subdags/subdag.py
[2024-06-18T12:58:46.410+0400] {processor.py:842} WARNING - No viable dags retrieved from /home/user/Desktop/airflowproj/py_env/lib/python3.10/site-packages/airflow/example_dags/subdags/subdag.py
[2024-06-18T12:58:46.418+0400] {processor.py:183} INFO - Processing /home/user/Desktop/airflowproj/py_env/lib/python3.10/site-packages/airflow/example_dags/subdags/subdag.py took 0.019 seconds
[2024-06-18T12:59:26.613+0400] {processor.py:161} INFO - Started process (PID=51349) to work on /home/user/Desktop/airflowproj/py_env/lib/python3.10/site-packages/airflow/example_dags/subdags/subdag.py
[2024-06-18T12:59:26.616+0400] {processor.py:830} INFO - Processing file /home/user/Desktop/airflowproj/py_env/lib/python3.10/site-packages/airflow/example_dags/subdags/subdag.py for tasks to queue
[2024-06-18T12:59:26.617+0400] {logging_mixin.py:188} INFO - [2024-06-18T12:59:26.616+0400] {dagbag.py:545} INFO - Filling up the DagBag from /home/user/Desktop/airflowproj/py_env/lib/python3.10/site-packages/airflow/example_dags/subdags/subdag.py
[2024-06-18T12:59:26.618+0400] {processor.py:842} WARNING - No viable dags retrieved from /home/user/Desktop/airflowproj/py_env/lib/python3.10/site-packages/airflow/example_dags/subdags/subdag.py
[2024-06-18T12:59:26.634+0400] {processor.py:183} INFO - Processing /home/user/Desktop/airflowproj/py_env/lib/python3.10/site-packages/airflow/example_dags/subdags/subdag.py took 0.027 seconds
[2024-06-18T13:00:02.114+0400] {processor.py:161} INFO - Started process (PID=51581) to work on /home/user/Desktop/airflowproj/py_env/lib/python3.10/site-packages/airflow/example_dags/subdags/subdag.py
[2024-06-18T13:00:02.116+0400] {processor.py:830} INFO - Processing file /home/user/Desktop/airflowproj/py_env/lib/python3.10/site-packages/airflow/example_dags/subdags/subdag.py for tasks to queue
[2024-06-18T13:00:02.117+0400] {logging_mixin.py:188} INFO - [2024-06-18T13:00:02.117+0400] {dagbag.py:545} INFO - Filling up the DagBag from /home/user/Desktop/airflowproj/py_env/lib/python3.10/site-packages/airflow/example_dags/subdags/subdag.py
[2024-06-18T13:00:02.118+0400] {processor.py:842} WARNING - No viable dags retrieved from /home/user/Desktop/airflowproj/py_env/lib/python3.10/site-packages/airflow/example_dags/subdags/subdag.py
[2024-06-18T13:00:02.125+0400] {processor.py:183} INFO - Processing /home/user/Desktop/airflowproj/py_env/lib/python3.10/site-packages/airflow/example_dags/subdags/subdag.py took 0.017 seconds
[2024-06-18T13:00:39.672+0400] {processor.py:161} INFO - Started process (PID=51828) to work on /home/user/Desktop/airflowproj/py_env/lib/python3.10/site-packages/airflow/example_dags/subdags/subdag.py
[2024-06-18T13:00:39.675+0400] {processor.py:830} INFO - Processing file /home/user/Desktop/airflowproj/py_env/lib/python3.10/site-packages/airflow/example_dags/subdags/subdag.py for tasks to queue
[2024-06-18T13:00:39.676+0400] {logging_mixin.py:188} INFO - [2024-06-18T13:00:39.675+0400] {dagbag.py:545} INFO - Filling up the DagBag from /home/user/Desktop/airflowproj/py_env/lib/python3.10/site-packages/airflow/example_dags/subdags/subdag.py
[2024-06-18T13:00:39.679+0400] {processor.py:842} WARNING - No viable dags retrieved from /home/user/Desktop/airflowproj/py_env/lib/python3.10/site-packages/airflow/example_dags/subdags/subdag.py
[2024-06-18T13:00:39.687+0400] {processor.py:183} INFO - Processing /home/user/Desktop/airflowproj/py_env/lib/python3.10/site-packages/airflow/example_dags/subdags/subdag.py took 0.018 seconds
[2024-06-18T13:01:18.724+0400] {processor.py:161} INFO - Started process (PID=52066) to work on /home/user/Desktop/airflowproj/py_env/lib/python3.10/site-packages/airflow/example_dags/subdags/subdag.py
[2024-06-18T13:01:18.724+0400] {processor.py:830} INFO - Processing file /home/user/Desktop/airflowproj/py_env/lib/python3.10/site-packages/airflow/example_dags/subdags/subdag.py for tasks to queue
[2024-06-18T13:01:18.725+0400] {logging_mixin.py:188} INFO - [2024-06-18T13:01:18.725+0400] {dagbag.py:545} INFO - Filling up the DagBag from /home/user/Desktop/airflowproj/py_env/lib/python3.10/site-packages/airflow/example_dags/subdags/subdag.py
[2024-06-18T13:01:18.728+0400] {processor.py:842} WARNING - No viable dags retrieved from /home/user/Desktop/airflowproj/py_env/lib/python3.10/site-packages/airflow/example_dags/subdags/subdag.py
[2024-06-18T13:01:18.735+0400] {processor.py:183} INFO - Processing /home/user/Desktop/airflowproj/py_env/lib/python3.10/site-packages/airflow/example_dags/subdags/subdag.py took 0.015 seconds
[2024-06-18T13:01:59.215+0400] {processor.py:161} INFO - Started process (PID=52540) to work on /home/user/Desktop/airflowproj/py_env/lib/python3.10/site-packages/airflow/example_dags/subdags/subdag.py
[2024-06-18T13:01:59.216+0400] {processor.py:830} INFO - Processing file /home/user/Desktop/airflowproj/py_env/lib/python3.10/site-packages/airflow/example_dags/subdags/subdag.py for tasks to queue
[2024-06-18T13:01:59.217+0400] {logging_mixin.py:188} INFO - [2024-06-18T13:01:59.217+0400] {dagbag.py:545} INFO - Filling up the DagBag from /home/user/Desktop/airflowproj/py_env/lib/python3.10/site-packages/airflow/example_dags/subdags/subdag.py
[2024-06-18T13:01:59.219+0400] {processor.py:842} WARNING - No viable dags retrieved from /home/user/Desktop/airflowproj/py_env/lib/python3.10/site-packages/airflow/example_dags/subdags/subdag.py
[2024-06-18T13:01:59.233+0400] {processor.py:183} INFO - Processing /home/user/Desktop/airflowproj/py_env/lib/python3.10/site-packages/airflow/example_dags/subdags/subdag.py took 0.023 seconds
[2024-06-18T13:02:38.677+0400] {processor.py:161} INFO - Started process (PID=52914) to work on /home/user/Desktop/airflowproj/py_env/lib/python3.10/site-packages/airflow/example_dags/subdags/subdag.py
[2024-06-18T13:02:38.679+0400] {processor.py:830} INFO - Processing file /home/user/Desktop/airflowproj/py_env/lib/python3.10/site-packages/airflow/example_dags/subdags/subdag.py for tasks to queue
[2024-06-18T13:02:38.680+0400] {logging_mixin.py:188} INFO - [2024-06-18T13:02:38.680+0400] {dagbag.py:545} INFO - Filling up the DagBag from /home/user/Desktop/airflowproj/py_env/lib/python3.10/site-packages/airflow/example_dags/subdags/subdag.py
[2024-06-18T13:02:38.682+0400] {processor.py:842} WARNING - No viable dags retrieved from /home/user/Desktop/airflowproj/py_env/lib/python3.10/site-packages/airflow/example_dags/subdags/subdag.py
[2024-06-18T13:02:38.688+0400] {processor.py:183} INFO - Processing /home/user/Desktop/airflowproj/py_env/lib/python3.10/site-packages/airflow/example_dags/subdags/subdag.py took 0.015 seconds
[2024-06-18T13:03:18.108+0400] {processor.py:161} INFO - Started process (PID=53078) to work on /home/user/Desktop/airflowproj/py_env/lib/python3.10/site-packages/airflow/example_dags/subdags/subdag.py
[2024-06-18T13:03:18.110+0400] {processor.py:830} INFO - Processing file /home/user/Desktop/airflowproj/py_env/lib/python3.10/site-packages/airflow/example_dags/subdags/subdag.py for tasks to queue
[2024-06-18T13:03:18.112+0400] {logging_mixin.py:188} INFO - [2024-06-18T13:03:18.111+0400] {dagbag.py:545} INFO - Filling up the DagBag from /home/user/Desktop/airflowproj/py_env/lib/python3.10/site-packages/airflow/example_dags/subdags/subdag.py
[2024-06-18T13:03:18.113+0400] {processor.py:842} WARNING - No viable dags retrieved from /home/user/Desktop/airflowproj/py_env/lib/python3.10/site-packages/airflow/example_dags/subdags/subdag.py
[2024-06-18T13:03:18.121+0400] {processor.py:183} INFO - Processing /home/user/Desktop/airflowproj/py_env/lib/python3.10/site-packages/airflow/example_dags/subdags/subdag.py took 0.018 seconds
[2024-06-18T13:03:56.594+0400] {processor.py:161} INFO - Started process (PID=53210) to work on /home/user/Desktop/airflowproj/py_env/lib/python3.10/site-packages/airflow/example_dags/subdags/subdag.py
[2024-06-18T13:03:56.596+0400] {processor.py:830} INFO - Processing file /home/user/Desktop/airflowproj/py_env/lib/python3.10/site-packages/airflow/example_dags/subdags/subdag.py for tasks to queue
[2024-06-18T13:03:56.597+0400] {logging_mixin.py:188} INFO - [2024-06-18T13:03:56.597+0400] {dagbag.py:545} INFO - Filling up the DagBag from /home/user/Desktop/airflowproj/py_env/lib/python3.10/site-packages/airflow/example_dags/subdags/subdag.py
[2024-06-18T13:03:56.599+0400] {processor.py:842} WARNING - No viable dags retrieved from /home/user/Desktop/airflowproj/py_env/lib/python3.10/site-packages/airflow/example_dags/subdags/subdag.py
[2024-06-18T13:03:56.604+0400] {processor.py:183} INFO - Processing /home/user/Desktop/airflowproj/py_env/lib/python3.10/site-packages/airflow/example_dags/subdags/subdag.py took 0.014 seconds
[2024-06-18T13:04:34.419+0400] {processor.py:161} INFO - Started process (PID=53346) to work on /home/user/Desktop/airflowproj/py_env/lib/python3.10/site-packages/airflow/example_dags/subdags/subdag.py
[2024-06-18T13:04:34.420+0400] {processor.py:830} INFO - Processing file /home/user/Desktop/airflowproj/py_env/lib/python3.10/site-packages/airflow/example_dags/subdags/subdag.py for tasks to queue
[2024-06-18T13:04:34.421+0400] {logging_mixin.py:188} INFO - [2024-06-18T13:04:34.420+0400] {dagbag.py:545} INFO - Filling up the DagBag from /home/user/Desktop/airflowproj/py_env/lib/python3.10/site-packages/airflow/example_dags/subdags/subdag.py
[2024-06-18T13:04:34.422+0400] {processor.py:842} WARNING - No viable dags retrieved from /home/user/Desktop/airflowproj/py_env/lib/python3.10/site-packages/airflow/example_dags/subdags/subdag.py
[2024-06-18T13:04:34.427+0400] {processor.py:183} INFO - Processing /home/user/Desktop/airflowproj/py_env/lib/python3.10/site-packages/airflow/example_dags/subdags/subdag.py took 0.012 seconds
[2024-06-18T13:05:12.432+0400] {processor.py:161} INFO - Started process (PID=53512) to work on /home/user/Desktop/airflowproj/py_env/lib/python3.10/site-packages/airflow/example_dags/subdags/subdag.py
[2024-06-18T13:05:12.434+0400] {processor.py:830} INFO - Processing file /home/user/Desktop/airflowproj/py_env/lib/python3.10/site-packages/airflow/example_dags/subdags/subdag.py for tasks to queue
[2024-06-18T13:05:12.435+0400] {logging_mixin.py:188} INFO - [2024-06-18T13:05:12.435+0400] {dagbag.py:545} INFO - Filling up the DagBag from /home/user/Desktop/airflowproj/py_env/lib/python3.10/site-packages/airflow/example_dags/subdags/subdag.py
[2024-06-18T13:05:12.437+0400] {processor.py:842} WARNING - No viable dags retrieved from /home/user/Desktop/airflowproj/py_env/lib/python3.10/site-packages/airflow/example_dags/subdags/subdag.py
[2024-06-18T13:05:12.442+0400] {processor.py:183} INFO - Processing /home/user/Desktop/airflowproj/py_env/lib/python3.10/site-packages/airflow/example_dags/subdags/subdag.py took 0.014 seconds
[2024-06-18T13:05:51.041+0400] {processor.py:161} INFO - Started process (PID=53661) to work on /home/user/Desktop/airflowproj/py_env/lib/python3.10/site-packages/airflow/example_dags/subdags/subdag.py
[2024-06-18T13:05:51.043+0400] {processor.py:830} INFO - Processing file /home/user/Desktop/airflowproj/py_env/lib/python3.10/site-packages/airflow/example_dags/subdags/subdag.py for tasks to queue
[2024-06-18T13:05:51.044+0400] {logging_mixin.py:188} INFO - [2024-06-18T13:05:51.044+0400] {dagbag.py:545} INFO - Filling up the DagBag from /home/user/Desktop/airflowproj/py_env/lib/python3.10/site-packages/airflow/example_dags/subdags/subdag.py
[2024-06-18T13:05:51.045+0400] {processor.py:842} WARNING - No viable dags retrieved from /home/user/Desktop/airflowproj/py_env/lib/python3.10/site-packages/airflow/example_dags/subdags/subdag.py
[2024-06-18T13:05:51.050+0400] {processor.py:183} INFO - Processing /home/user/Desktop/airflowproj/py_env/lib/python3.10/site-packages/airflow/example_dags/subdags/subdag.py took 0.016 seconds
[2024-06-18T13:06:30.492+0400] {processor.py:161} INFO - Started process (PID=53803) to work on /home/user/Desktop/airflowproj/py_env/lib/python3.10/site-packages/airflow/example_dags/subdags/subdag.py
[2024-06-18T13:06:30.493+0400] {processor.py:830} INFO - Processing file /home/user/Desktop/airflowproj/py_env/lib/python3.10/site-packages/airflow/example_dags/subdags/subdag.py for tasks to queue
[2024-06-18T13:06:30.494+0400] {logging_mixin.py:188} INFO - [2024-06-18T13:06:30.494+0400] {dagbag.py:545} INFO - Filling up the DagBag from /home/user/Desktop/airflowproj/py_env/lib/python3.10/site-packages/airflow/example_dags/subdags/subdag.py
[2024-06-18T13:06:30.496+0400] {processor.py:842} WARNING - No viable dags retrieved from /home/user/Desktop/airflowproj/py_env/lib/python3.10/site-packages/airflow/example_dags/subdags/subdag.py
[2024-06-18T13:06:30.501+0400] {processor.py:183} INFO - Processing /home/user/Desktop/airflowproj/py_env/lib/python3.10/site-packages/airflow/example_dags/subdags/subdag.py took 0.013 seconds
[2024-06-18T13:07:12.711+0400] {processor.py:161} INFO - Started process (PID=53955) to work on /home/user/Desktop/airflowproj/py_env/lib/python3.10/site-packages/airflow/example_dags/subdags/subdag.py
[2024-06-18T13:07:12.712+0400] {processor.py:830} INFO - Processing file /home/user/Desktop/airflowproj/py_env/lib/python3.10/site-packages/airflow/example_dags/subdags/subdag.py for tasks to queue
[2024-06-18T13:07:12.713+0400] {logging_mixin.py:188} INFO - [2024-06-18T13:07:12.713+0400] {dagbag.py:545} INFO - Filling up the DagBag from /home/user/Desktop/airflowproj/py_env/lib/python3.10/site-packages/airflow/example_dags/subdags/subdag.py
[2024-06-18T13:07:12.714+0400] {processor.py:842} WARNING - No viable dags retrieved from /home/user/Desktop/airflowproj/py_env/lib/python3.10/site-packages/airflow/example_dags/subdags/subdag.py
[2024-06-18T13:07:12.719+0400] {processor.py:183} INFO - Processing /home/user/Desktop/airflowproj/py_env/lib/python3.10/site-packages/airflow/example_dags/subdags/subdag.py took 0.012 seconds
[2024-06-18T13:07:52.390+0400] {processor.py:161} INFO - Started process (PID=54126) to work on /home/user/Desktop/airflowproj/py_env/lib/python3.10/site-packages/airflow/example_dags/subdags/subdag.py
[2024-06-18T13:07:52.392+0400] {processor.py:830} INFO - Processing file /home/user/Desktop/airflowproj/py_env/lib/python3.10/site-packages/airflow/example_dags/subdags/subdag.py for tasks to queue
[2024-06-18T13:07:52.392+0400] {logging_mixin.py:188} INFO - [2024-06-18T13:07:52.392+0400] {dagbag.py:545} INFO - Filling up the DagBag from /home/user/Desktop/airflowproj/py_env/lib/python3.10/site-packages/airflow/example_dags/subdags/subdag.py
[2024-06-18T13:07:52.394+0400] {processor.py:842} WARNING - No viable dags retrieved from /home/user/Desktop/airflowproj/py_env/lib/python3.10/site-packages/airflow/example_dags/subdags/subdag.py
[2024-06-18T13:07:52.399+0400] {processor.py:183} INFO - Processing /home/user/Desktop/airflowproj/py_env/lib/python3.10/site-packages/airflow/example_dags/subdags/subdag.py took 0.012 seconds
[2024-06-18T13:08:34.975+0400] {processor.py:161} INFO - Started process (PID=54272) to work on /home/user/Desktop/airflowproj/py_env/lib/python3.10/site-packages/airflow/example_dags/subdags/subdag.py
[2024-06-18T13:08:34.977+0400] {processor.py:830} INFO - Processing file /home/user/Desktop/airflowproj/py_env/lib/python3.10/site-packages/airflow/example_dags/subdags/subdag.py for tasks to queue
[2024-06-18T13:08:34.978+0400] {logging_mixin.py:188} INFO - [2024-06-18T13:08:34.978+0400] {dagbag.py:545} INFO - Filling up the DagBag from /home/user/Desktop/airflowproj/py_env/lib/python3.10/site-packages/airflow/example_dags/subdags/subdag.py
[2024-06-18T13:08:34.980+0400] {processor.py:842} WARNING - No viable dags retrieved from /home/user/Desktop/airflowproj/py_env/lib/python3.10/site-packages/airflow/example_dags/subdags/subdag.py
[2024-06-18T13:08:34.986+0400] {processor.py:183} INFO - Processing /home/user/Desktop/airflowproj/py_env/lib/python3.10/site-packages/airflow/example_dags/subdags/subdag.py took 0.016 seconds
[2024-06-18T13:09:11.600+0400] {processor.py:161} INFO - Started process (PID=54452) to work on /home/user/Desktop/airflowproj/py_env/lib/python3.10/site-packages/airflow/example_dags/subdags/subdag.py
[2024-06-18T13:09:11.602+0400] {processor.py:830} INFO - Processing file /home/user/Desktop/airflowproj/py_env/lib/python3.10/site-packages/airflow/example_dags/subdags/subdag.py for tasks to queue
[2024-06-18T13:09:11.603+0400] {logging_mixin.py:188} INFO - [2024-06-18T13:09:11.603+0400] {dagbag.py:545} INFO - Filling up the DagBag from /home/user/Desktop/airflowproj/py_env/lib/python3.10/site-packages/airflow/example_dags/subdags/subdag.py
[2024-06-18T13:09:11.604+0400] {processor.py:842} WARNING - No viable dags retrieved from /home/user/Desktop/airflowproj/py_env/lib/python3.10/site-packages/airflow/example_dags/subdags/subdag.py
[2024-06-18T13:09:11.609+0400] {processor.py:183} INFO - Processing /home/user/Desktop/airflowproj/py_env/lib/python3.10/site-packages/airflow/example_dags/subdags/subdag.py took 0.012 seconds
[2024-06-18T13:09:51.218+0400] {processor.py:161} INFO - Started process (PID=54583) to work on /home/user/Desktop/airflowproj/py_env/lib/python3.10/site-packages/airflow/example_dags/subdags/subdag.py
[2024-06-18T13:09:51.221+0400] {processor.py:830} INFO - Processing file /home/user/Desktop/airflowproj/py_env/lib/python3.10/site-packages/airflow/example_dags/subdags/subdag.py for tasks to queue
[2024-06-18T13:09:51.222+0400] {logging_mixin.py:188} INFO - [2024-06-18T13:09:51.222+0400] {dagbag.py:545} INFO - Filling up the DagBag from /home/user/Desktop/airflowproj/py_env/lib/python3.10/site-packages/airflow/example_dags/subdags/subdag.py
[2024-06-18T13:09:51.223+0400] {processor.py:842} WARNING - No viable dags retrieved from /home/user/Desktop/airflowproj/py_env/lib/python3.10/site-packages/airflow/example_dags/subdags/subdag.py
[2024-06-18T13:09:51.229+0400] {processor.py:183} INFO - Processing /home/user/Desktop/airflowproj/py_env/lib/python3.10/site-packages/airflow/example_dags/subdags/subdag.py took 0.015 seconds
[2024-06-18T13:10:32.901+0400] {processor.py:161} INFO - Started process (PID=54725) to work on /home/user/Desktop/airflowproj/py_env/lib/python3.10/site-packages/airflow/example_dags/subdags/subdag.py
[2024-06-18T13:10:32.905+0400] {processor.py:830} INFO - Processing file /home/user/Desktop/airflowproj/py_env/lib/python3.10/site-packages/airflow/example_dags/subdags/subdag.py for tasks to queue
[2024-06-18T13:10:32.907+0400] {logging_mixin.py:188} INFO - [2024-06-18T13:10:32.907+0400] {dagbag.py:545} INFO - Filling up the DagBag from /home/user/Desktop/airflowproj/py_env/lib/python3.10/site-packages/airflow/example_dags/subdags/subdag.py
[2024-06-18T13:10:32.911+0400] {processor.py:842} WARNING - No viable dags retrieved from /home/user/Desktop/airflowproj/py_env/lib/python3.10/site-packages/airflow/example_dags/subdags/subdag.py
[2024-06-18T13:10:32.919+0400] {processor.py:183} INFO - Processing /home/user/Desktop/airflowproj/py_env/lib/python3.10/site-packages/airflow/example_dags/subdags/subdag.py took 0.022 seconds
[2024-06-18T13:11:14.619+0400] {processor.py:161} INFO - Started process (PID=54881) to work on /home/user/Desktop/airflowproj/py_env/lib/python3.10/site-packages/airflow/example_dags/subdags/subdag.py
[2024-06-18T13:11:14.622+0400] {processor.py:830} INFO - Processing file /home/user/Desktop/airflowproj/py_env/lib/python3.10/site-packages/airflow/example_dags/subdags/subdag.py for tasks to queue
[2024-06-18T13:11:14.623+0400] {logging_mixin.py:188} INFO - [2024-06-18T13:11:14.622+0400] {dagbag.py:545} INFO - Filling up the DagBag from /home/user/Desktop/airflowproj/py_env/lib/python3.10/site-packages/airflow/example_dags/subdags/subdag.py
[2024-06-18T13:11:14.624+0400] {processor.py:842} WARNING - No viable dags retrieved from /home/user/Desktop/airflowproj/py_env/lib/python3.10/site-packages/airflow/example_dags/subdags/subdag.py
[2024-06-18T13:11:14.630+0400] {processor.py:183} INFO - Processing /home/user/Desktop/airflowproj/py_env/lib/python3.10/site-packages/airflow/example_dags/subdags/subdag.py took 0.014 seconds
[2024-06-18T13:11:53.185+0400] {processor.py:161} INFO - Started process (PID=55001) to work on /home/user/Desktop/airflowproj/py_env/lib/python3.10/site-packages/airflow/example_dags/subdags/subdag.py
[2024-06-18T13:11:53.187+0400] {processor.py:830} INFO - Processing file /home/user/Desktop/airflowproj/py_env/lib/python3.10/site-packages/airflow/example_dags/subdags/subdag.py for tasks to queue
[2024-06-18T13:11:53.188+0400] {logging_mixin.py:188} INFO - [2024-06-18T13:11:53.188+0400] {dagbag.py:545} INFO - Filling up the DagBag from /home/user/Desktop/airflowproj/py_env/lib/python3.10/site-packages/airflow/example_dags/subdags/subdag.py
[2024-06-18T13:11:53.189+0400] {processor.py:842} WARNING - No viable dags retrieved from /home/user/Desktop/airflowproj/py_env/lib/python3.10/site-packages/airflow/example_dags/subdags/subdag.py
[2024-06-18T13:11:53.195+0400] {processor.py:183} INFO - Processing /home/user/Desktop/airflowproj/py_env/lib/python3.10/site-packages/airflow/example_dags/subdags/subdag.py took 0.013 seconds
[2024-06-18T13:12:32.087+0400] {processor.py:161} INFO - Started process (PID=55134) to work on /home/user/Desktop/airflowproj/py_env/lib/python3.10/site-packages/airflow/example_dags/subdags/subdag.py
[2024-06-18T13:12:32.089+0400] {processor.py:830} INFO - Processing file /home/user/Desktop/airflowproj/py_env/lib/python3.10/site-packages/airflow/example_dags/subdags/subdag.py for tasks to queue
[2024-06-18T13:12:32.090+0400] {logging_mixin.py:188} INFO - [2024-06-18T13:12:32.089+0400] {dagbag.py:545} INFO - Filling up the DagBag from /home/user/Desktop/airflowproj/py_env/lib/python3.10/site-packages/airflow/example_dags/subdags/subdag.py
[2024-06-18T13:12:32.091+0400] {processor.py:842} WARNING - No viable dags retrieved from /home/user/Desktop/airflowproj/py_env/lib/python3.10/site-packages/airflow/example_dags/subdags/subdag.py
[2024-06-18T13:12:32.097+0400] {processor.py:183} INFO - Processing /home/user/Desktop/airflowproj/py_env/lib/python3.10/site-packages/airflow/example_dags/subdags/subdag.py took 0.014 seconds
[2024-06-18T13:13:11.427+0400] {processor.py:161} INFO - Started process (PID=55304) to work on /home/user/Desktop/airflowproj/py_env/lib/python3.10/site-packages/airflow/example_dags/subdags/subdag.py
[2024-06-18T13:13:11.429+0400] {processor.py:830} INFO - Processing file /home/user/Desktop/airflowproj/py_env/lib/python3.10/site-packages/airflow/example_dags/subdags/subdag.py for tasks to queue
[2024-06-18T13:13:11.430+0400] {logging_mixin.py:188} INFO - [2024-06-18T13:13:11.430+0400] {dagbag.py:545} INFO - Filling up the DagBag from /home/user/Desktop/airflowproj/py_env/lib/python3.10/site-packages/airflow/example_dags/subdags/subdag.py
[2024-06-18T13:13:11.431+0400] {processor.py:842} WARNING - No viable dags retrieved from /home/user/Desktop/airflowproj/py_env/lib/python3.10/site-packages/airflow/example_dags/subdags/subdag.py
[2024-06-18T13:13:11.437+0400] {processor.py:183} INFO - Processing /home/user/Desktop/airflowproj/py_env/lib/python3.10/site-packages/airflow/example_dags/subdags/subdag.py took 0.013 seconds
[2024-06-18T13:13:53.130+0400] {processor.py:161} INFO - Started process (PID=55446) to work on /home/user/Desktop/airflowproj/py_env/lib/python3.10/site-packages/airflow/example_dags/subdags/subdag.py
[2024-06-18T13:13:53.132+0400] {processor.py:830} INFO - Processing file /home/user/Desktop/airflowproj/py_env/lib/python3.10/site-packages/airflow/example_dags/subdags/subdag.py for tasks to queue
[2024-06-18T13:13:53.133+0400] {logging_mixin.py:188} INFO - [2024-06-18T13:13:53.133+0400] {dagbag.py:545} INFO - Filling up the DagBag from /home/user/Desktop/airflowproj/py_env/lib/python3.10/site-packages/airflow/example_dags/subdags/subdag.py
[2024-06-18T13:13:53.134+0400] {processor.py:842} WARNING - No viable dags retrieved from /home/user/Desktop/airflowproj/py_env/lib/python3.10/site-packages/airflow/example_dags/subdags/subdag.py
[2024-06-18T13:13:53.140+0400] {processor.py:183} INFO - Processing /home/user/Desktop/airflowproj/py_env/lib/python3.10/site-packages/airflow/example_dags/subdags/subdag.py took 0.015 seconds
[2024-06-18T13:14:31.559+0400] {processor.py:161} INFO - Started process (PID=55586) to work on /home/user/Desktop/airflowproj/py_env/lib/python3.10/site-packages/airflow/example_dags/subdags/subdag.py
[2024-06-18T13:14:31.561+0400] {processor.py:830} INFO - Processing file /home/user/Desktop/airflowproj/py_env/lib/python3.10/site-packages/airflow/example_dags/subdags/subdag.py for tasks to queue
[2024-06-18T13:14:31.562+0400] {logging_mixin.py:188} INFO - [2024-06-18T13:14:31.562+0400] {dagbag.py:545} INFO - Filling up the DagBag from /home/user/Desktop/airflowproj/py_env/lib/python3.10/site-packages/airflow/example_dags/subdags/subdag.py
[2024-06-18T13:14:31.564+0400] {processor.py:842} WARNING - No viable dags retrieved from /home/user/Desktop/airflowproj/py_env/lib/python3.10/site-packages/airflow/example_dags/subdags/subdag.py
[2024-06-18T13:14:31.570+0400] {processor.py:183} INFO - Processing /home/user/Desktop/airflowproj/py_env/lib/python3.10/site-packages/airflow/example_dags/subdags/subdag.py took 0.016 seconds
[2024-06-18T13:15:09.847+0400] {processor.py:161} INFO - Started process (PID=55725) to work on /home/user/Desktop/airflowproj/py_env/lib/python3.10/site-packages/airflow/example_dags/subdags/subdag.py
[2024-06-18T13:15:09.849+0400] {processor.py:830} INFO - Processing file /home/user/Desktop/airflowproj/py_env/lib/python3.10/site-packages/airflow/example_dags/subdags/subdag.py for tasks to queue
[2024-06-18T13:15:09.850+0400] {logging_mixin.py:188} INFO - [2024-06-18T13:15:09.850+0400] {dagbag.py:545} INFO - Filling up the DagBag from /home/user/Desktop/airflowproj/py_env/lib/python3.10/site-packages/airflow/example_dags/subdags/subdag.py
[2024-06-18T13:15:09.852+0400] {processor.py:842} WARNING - No viable dags retrieved from /home/user/Desktop/airflowproj/py_env/lib/python3.10/site-packages/airflow/example_dags/subdags/subdag.py
[2024-06-18T13:15:09.857+0400] {processor.py:183} INFO - Processing /home/user/Desktop/airflowproj/py_env/lib/python3.10/site-packages/airflow/example_dags/subdags/subdag.py took 0.015 seconds
[2024-06-18T13:15:47.472+0400] {processor.py:161} INFO - Started process (PID=55856) to work on /home/user/Desktop/airflowproj/py_env/lib/python3.10/site-packages/airflow/example_dags/subdags/subdag.py
[2024-06-18T13:15:47.474+0400] {processor.py:830} INFO - Processing file /home/user/Desktop/airflowproj/py_env/lib/python3.10/site-packages/airflow/example_dags/subdags/subdag.py for tasks to queue
[2024-06-18T13:15:47.475+0400] {logging_mixin.py:188} INFO - [2024-06-18T13:15:47.475+0400] {dagbag.py:545} INFO - Filling up the DagBag from /home/user/Desktop/airflowproj/py_env/lib/python3.10/site-packages/airflow/example_dags/subdags/subdag.py
[2024-06-18T13:15:47.477+0400] {processor.py:842} WARNING - No viable dags retrieved from /home/user/Desktop/airflowproj/py_env/lib/python3.10/site-packages/airflow/example_dags/subdags/subdag.py
[2024-06-18T13:15:47.483+0400] {processor.py:183} INFO - Processing /home/user/Desktop/airflowproj/py_env/lib/python3.10/site-packages/airflow/example_dags/subdags/subdag.py took 0.015 seconds
[2024-06-18T13:16:30.855+0400] {processor.py:161} INFO - Started process (PID=56001) to work on /home/user/Desktop/airflowproj/py_env/lib/python3.10/site-packages/airflow/example_dags/subdags/subdag.py
[2024-06-18T13:16:30.855+0400] {processor.py:830} INFO - Processing file /home/user/Desktop/airflowproj/py_env/lib/python3.10/site-packages/airflow/example_dags/subdags/subdag.py for tasks to queue
[2024-06-18T13:16:30.856+0400] {logging_mixin.py:188} INFO - [2024-06-18T13:16:30.856+0400] {dagbag.py:545} INFO - Filling up the DagBag from /home/user/Desktop/airflowproj/py_env/lib/python3.10/site-packages/airflow/example_dags/subdags/subdag.py
[2024-06-18T13:16:30.857+0400] {processor.py:842} WARNING - No viable dags retrieved from /home/user/Desktop/airflowproj/py_env/lib/python3.10/site-packages/airflow/example_dags/subdags/subdag.py
[2024-06-18T13:16:30.863+0400] {processor.py:183} INFO - Processing /home/user/Desktop/airflowproj/py_env/lib/python3.10/site-packages/airflow/example_dags/subdags/subdag.py took 0.013 seconds
[2024-06-18T13:17:06.867+0400] {processor.py:161} INFO - Started process (PID=56118) to work on /home/user/Desktop/airflowproj/py_env/lib/python3.10/site-packages/airflow/example_dags/subdags/subdag.py
[2024-06-18T13:17:06.869+0400] {processor.py:830} INFO - Processing file /home/user/Desktop/airflowproj/py_env/lib/python3.10/site-packages/airflow/example_dags/subdags/subdag.py for tasks to queue
[2024-06-18T13:17:06.870+0400] {logging_mixin.py:188} INFO - [2024-06-18T13:17:06.869+0400] {dagbag.py:545} INFO - Filling up the DagBag from /home/user/Desktop/airflowproj/py_env/lib/python3.10/site-packages/airflow/example_dags/subdags/subdag.py
[2024-06-18T13:17:06.871+0400] {processor.py:842} WARNING - No viable dags retrieved from /home/user/Desktop/airflowproj/py_env/lib/python3.10/site-packages/airflow/example_dags/subdags/subdag.py
[2024-06-18T13:17:06.876+0400] {processor.py:183} INFO - Processing /home/user/Desktop/airflowproj/py_env/lib/python3.10/site-packages/airflow/example_dags/subdags/subdag.py took 0.016 seconds
[2024-06-18T13:17:44.138+0400] {processor.py:161} INFO - Started process (PID=56279) to work on /home/user/Desktop/airflowproj/py_env/lib/python3.10/site-packages/airflow/example_dags/subdags/subdag.py
[2024-06-18T13:17:44.141+0400] {processor.py:830} INFO - Processing file /home/user/Desktop/airflowproj/py_env/lib/python3.10/site-packages/airflow/example_dags/subdags/subdag.py for tasks to queue
[2024-06-18T13:17:44.142+0400] {logging_mixin.py:188} INFO - [2024-06-18T13:17:44.142+0400] {dagbag.py:545} INFO - Filling up the DagBag from /home/user/Desktop/airflowproj/py_env/lib/python3.10/site-packages/airflow/example_dags/subdags/subdag.py
[2024-06-18T13:17:44.143+0400] {processor.py:842} WARNING - No viable dags retrieved from /home/user/Desktop/airflowproj/py_env/lib/python3.10/site-packages/airflow/example_dags/subdags/subdag.py
[2024-06-18T13:17:44.149+0400] {processor.py:183} INFO - Processing /home/user/Desktop/airflowproj/py_env/lib/python3.10/site-packages/airflow/example_dags/subdags/subdag.py took 0.015 seconds
[2024-06-18T13:18:25.458+0400] {processor.py:161} INFO - Started process (PID=56424) to work on /home/user/Desktop/airflowproj/py_env/lib/python3.10/site-packages/airflow/example_dags/subdags/subdag.py
[2024-06-18T13:18:25.460+0400] {processor.py:830} INFO - Processing file /home/user/Desktop/airflowproj/py_env/lib/python3.10/site-packages/airflow/example_dags/subdags/subdag.py for tasks to queue
[2024-06-18T13:18:25.461+0400] {logging_mixin.py:188} INFO - [2024-06-18T13:18:25.461+0400] {dagbag.py:545} INFO - Filling up the DagBag from /home/user/Desktop/airflowproj/py_env/lib/python3.10/site-packages/airflow/example_dags/subdags/subdag.py
[2024-06-18T13:18:25.462+0400] {processor.py:842} WARNING - No viable dags retrieved from /home/user/Desktop/airflowproj/py_env/lib/python3.10/site-packages/airflow/example_dags/subdags/subdag.py
[2024-06-18T13:18:25.468+0400] {processor.py:183} INFO - Processing /home/user/Desktop/airflowproj/py_env/lib/python3.10/site-packages/airflow/example_dags/subdags/subdag.py took 0.014 seconds
[2024-06-18T13:19:02.777+0400] {processor.py:161} INFO - Started process (PID=56556) to work on /home/user/Desktop/airflowproj/py_env/lib/python3.10/site-packages/airflow/example_dags/subdags/subdag.py
[2024-06-18T13:19:02.779+0400] {processor.py:830} INFO - Processing file /home/user/Desktop/airflowproj/py_env/lib/python3.10/site-packages/airflow/example_dags/subdags/subdag.py for tasks to queue
[2024-06-18T13:19:02.780+0400] {logging_mixin.py:188} INFO - [2024-06-18T13:19:02.779+0400] {dagbag.py:545} INFO - Filling up the DagBag from /home/user/Desktop/airflowproj/py_env/lib/python3.10/site-packages/airflow/example_dags/subdags/subdag.py
[2024-06-18T13:19:02.781+0400] {processor.py:842} WARNING - No viable dags retrieved from /home/user/Desktop/airflowproj/py_env/lib/python3.10/site-packages/airflow/example_dags/subdags/subdag.py
[2024-06-18T13:19:02.786+0400] {processor.py:183} INFO - Processing /home/user/Desktop/airflowproj/py_env/lib/python3.10/site-packages/airflow/example_dags/subdags/subdag.py took 0.012 seconds
[2024-06-18T13:19:42.772+0400] {processor.py:161} INFO - Started process (PID=56694) to work on /home/user/Desktop/airflowproj/py_env/lib/python3.10/site-packages/airflow/example_dags/subdags/subdag.py
[2024-06-18T13:19:42.774+0400] {processor.py:830} INFO - Processing file /home/user/Desktop/airflowproj/py_env/lib/python3.10/site-packages/airflow/example_dags/subdags/subdag.py for tasks to queue
[2024-06-18T13:19:42.775+0400] {logging_mixin.py:188} INFO - [2024-06-18T13:19:42.775+0400] {dagbag.py:545} INFO - Filling up the DagBag from /home/user/Desktop/airflowproj/py_env/lib/python3.10/site-packages/airflow/example_dags/subdags/subdag.py
[2024-06-18T13:19:42.776+0400] {processor.py:842} WARNING - No viable dags retrieved from /home/user/Desktop/airflowproj/py_env/lib/python3.10/site-packages/airflow/example_dags/subdags/subdag.py
[2024-06-18T13:19:42.782+0400] {processor.py:183} INFO - Processing /home/user/Desktop/airflowproj/py_env/lib/python3.10/site-packages/airflow/example_dags/subdags/subdag.py took 0.015 seconds
[2024-06-18T13:20:21.081+0400] {processor.py:161} INFO - Started process (PID=56832) to work on /home/user/Desktop/airflowproj/py_env/lib/python3.10/site-packages/airflow/example_dags/subdags/subdag.py
[2024-06-18T13:20:21.083+0400] {processor.py:830} INFO - Processing file /home/user/Desktop/airflowproj/py_env/lib/python3.10/site-packages/airflow/example_dags/subdags/subdag.py for tasks to queue
[2024-06-18T13:20:21.084+0400] {logging_mixin.py:188} INFO - [2024-06-18T13:20:21.084+0400] {dagbag.py:545} INFO - Filling up the DagBag from /home/user/Desktop/airflowproj/py_env/lib/python3.10/site-packages/airflow/example_dags/subdags/subdag.py
[2024-06-18T13:20:21.086+0400] {processor.py:842} WARNING - No viable dags retrieved from /home/user/Desktop/airflowproj/py_env/lib/python3.10/site-packages/airflow/example_dags/subdags/subdag.py
[2024-06-18T13:20:21.092+0400] {processor.py:183} INFO - Processing /home/user/Desktop/airflowproj/py_env/lib/python3.10/site-packages/airflow/example_dags/subdags/subdag.py took 0.016 seconds
[2024-06-18T13:21:00.636+0400] {processor.py:161} INFO - Started process (PID=56966) to work on /home/user/Desktop/airflowproj/py_env/lib/python3.10/site-packages/airflow/example_dags/subdags/subdag.py
[2024-06-18T13:21:00.638+0400] {processor.py:830} INFO - Processing file /home/user/Desktop/airflowproj/py_env/lib/python3.10/site-packages/airflow/example_dags/subdags/subdag.py for tasks to queue
[2024-06-18T13:21:00.639+0400] {logging_mixin.py:188} INFO - [2024-06-18T13:21:00.639+0400] {dagbag.py:545} INFO - Filling up the DagBag from /home/user/Desktop/airflowproj/py_env/lib/python3.10/site-packages/airflow/example_dags/subdags/subdag.py
[2024-06-18T13:21:00.641+0400] {processor.py:842} WARNING - No viable dags retrieved from /home/user/Desktop/airflowproj/py_env/lib/python3.10/site-packages/airflow/example_dags/subdags/subdag.py
[2024-06-18T13:21:00.646+0400] {processor.py:183} INFO - Processing /home/user/Desktop/airflowproj/py_env/lib/python3.10/site-packages/airflow/example_dags/subdags/subdag.py took 0.015 seconds
[2024-06-18T13:21:41.242+0400] {processor.py:161} INFO - Started process (PID=57101) to work on /home/user/Desktop/airflowproj/py_env/lib/python3.10/site-packages/airflow/example_dags/subdags/subdag.py
[2024-06-18T13:21:41.245+0400] {processor.py:830} INFO - Processing file /home/user/Desktop/airflowproj/py_env/lib/python3.10/site-packages/airflow/example_dags/subdags/subdag.py for tasks to queue
[2024-06-18T13:21:41.246+0400] {logging_mixin.py:188} INFO - [2024-06-18T13:21:41.245+0400] {dagbag.py:545} INFO - Filling up the DagBag from /home/user/Desktop/airflowproj/py_env/lib/python3.10/site-packages/airflow/example_dags/subdags/subdag.py
[2024-06-18T13:21:41.247+0400] {processor.py:842} WARNING - No viable dags retrieved from /home/user/Desktop/airflowproj/py_env/lib/python3.10/site-packages/airflow/example_dags/subdags/subdag.py
[2024-06-18T13:21:41.253+0400] {processor.py:183} INFO - Processing /home/user/Desktop/airflowproj/py_env/lib/python3.10/site-packages/airflow/example_dags/subdags/subdag.py took 0.016 seconds
[2024-06-18T13:22:22.828+0400] {processor.py:161} INFO - Started process (PID=57242) to work on /home/user/Desktop/airflowproj/py_env/lib/python3.10/site-packages/airflow/example_dags/subdags/subdag.py
[2024-06-18T13:22:22.830+0400] {processor.py:830} INFO - Processing file /home/user/Desktop/airflowproj/py_env/lib/python3.10/site-packages/airflow/example_dags/subdags/subdag.py for tasks to queue
[2024-06-18T13:22:22.831+0400] {logging_mixin.py:188} INFO - [2024-06-18T13:22:22.831+0400] {dagbag.py:545} INFO - Filling up the DagBag from /home/user/Desktop/airflowproj/py_env/lib/python3.10/site-packages/airflow/example_dags/subdags/subdag.py
[2024-06-18T13:22:22.832+0400] {processor.py:842} WARNING - No viable dags retrieved from /home/user/Desktop/airflowproj/py_env/lib/python3.10/site-packages/airflow/example_dags/subdags/subdag.py
[2024-06-18T13:22:22.838+0400] {processor.py:183} INFO - Processing /home/user/Desktop/airflowproj/py_env/lib/python3.10/site-packages/airflow/example_dags/subdags/subdag.py took 0.014 seconds
[2024-06-18T13:23:00.587+0400] {processor.py:161} INFO - Started process (PID=57386) to work on /home/user/Desktop/airflowproj/py_env/lib/python3.10/site-packages/airflow/example_dags/subdags/subdag.py
[2024-06-18T13:23:00.589+0400] {processor.py:830} INFO - Processing file /home/user/Desktop/airflowproj/py_env/lib/python3.10/site-packages/airflow/example_dags/subdags/subdag.py for tasks to queue
[2024-06-18T13:23:00.590+0400] {logging_mixin.py:188} INFO - [2024-06-18T13:23:00.590+0400] {dagbag.py:545} INFO - Filling up the DagBag from /home/user/Desktop/airflowproj/py_env/lib/python3.10/site-packages/airflow/example_dags/subdags/subdag.py
[2024-06-18T13:23:00.592+0400] {processor.py:842} WARNING - No viable dags retrieved from /home/user/Desktop/airflowproj/py_env/lib/python3.10/site-packages/airflow/example_dags/subdags/subdag.py
[2024-06-18T13:23:00.601+0400] {processor.py:183} INFO - Processing /home/user/Desktop/airflowproj/py_env/lib/python3.10/site-packages/airflow/example_dags/subdags/subdag.py took 0.018 seconds
[2024-06-18T13:23:40.575+0400] {processor.py:161} INFO - Started process (PID=57523) to work on /home/user/Desktop/airflowproj/py_env/lib/python3.10/site-packages/airflow/example_dags/subdags/subdag.py
[2024-06-18T13:23:40.577+0400] {processor.py:830} INFO - Processing file /home/user/Desktop/airflowproj/py_env/lib/python3.10/site-packages/airflow/example_dags/subdags/subdag.py for tasks to queue
[2024-06-18T13:23:40.577+0400] {logging_mixin.py:188} INFO - [2024-06-18T13:23:40.577+0400] {dagbag.py:545} INFO - Filling up the DagBag from /home/user/Desktop/airflowproj/py_env/lib/python3.10/site-packages/airflow/example_dags/subdags/subdag.py
[2024-06-18T13:23:40.578+0400] {processor.py:842} WARNING - No viable dags retrieved from /home/user/Desktop/airflowproj/py_env/lib/python3.10/site-packages/airflow/example_dags/subdags/subdag.py
[2024-06-18T13:23:40.583+0400] {processor.py:183} INFO - Processing /home/user/Desktop/airflowproj/py_env/lib/python3.10/site-packages/airflow/example_dags/subdags/subdag.py took 0.013 seconds
[2024-06-18T13:24:18.868+0400] {processor.py:161} INFO - Started process (PID=57656) to work on /home/user/Desktop/airflowproj/py_env/lib/python3.10/site-packages/airflow/example_dags/subdags/subdag.py
[2024-06-18T13:24:18.870+0400] {processor.py:830} INFO - Processing file /home/user/Desktop/airflowproj/py_env/lib/python3.10/site-packages/airflow/example_dags/subdags/subdag.py for tasks to queue
[2024-06-18T13:24:18.872+0400] {logging_mixin.py:188} INFO - [2024-06-18T13:24:18.871+0400] {dagbag.py:545} INFO - Filling up the DagBag from /home/user/Desktop/airflowproj/py_env/lib/python3.10/site-packages/airflow/example_dags/subdags/subdag.py
[2024-06-18T13:24:18.873+0400] {processor.py:842} WARNING - No viable dags retrieved from /home/user/Desktop/airflowproj/py_env/lib/python3.10/site-packages/airflow/example_dags/subdags/subdag.py
[2024-06-18T13:24:18.881+0400] {processor.py:183} INFO - Processing /home/user/Desktop/airflowproj/py_env/lib/python3.10/site-packages/airflow/example_dags/subdags/subdag.py took 0.016 seconds
[2024-06-18T13:24:57.115+0400] {processor.py:161} INFO - Started process (PID=57792) to work on /home/user/Desktop/airflowproj/py_env/lib/python3.10/site-packages/airflow/example_dags/subdags/subdag.py
[2024-06-18T13:24:57.117+0400] {processor.py:830} INFO - Processing file /home/user/Desktop/airflowproj/py_env/lib/python3.10/site-packages/airflow/example_dags/subdags/subdag.py for tasks to queue
[2024-06-18T13:24:57.118+0400] {logging_mixin.py:188} INFO - [2024-06-18T13:24:57.118+0400] {dagbag.py:545} INFO - Filling up the DagBag from /home/user/Desktop/airflowproj/py_env/lib/python3.10/site-packages/airflow/example_dags/subdags/subdag.py
[2024-06-18T13:24:57.120+0400] {processor.py:842} WARNING - No viable dags retrieved from /home/user/Desktop/airflowproj/py_env/lib/python3.10/site-packages/airflow/example_dags/subdags/subdag.py
[2024-06-18T13:24:57.125+0400] {processor.py:183} INFO - Processing /home/user/Desktop/airflowproj/py_env/lib/python3.10/site-packages/airflow/example_dags/subdags/subdag.py took 0.015 seconds
[2024-06-18T13:25:34.879+0400] {processor.py:161} INFO - Started process (PID=57921) to work on /home/user/Desktop/airflowproj/py_env/lib/python3.10/site-packages/airflow/example_dags/subdags/subdag.py
[2024-06-18T13:25:34.881+0400] {processor.py:830} INFO - Processing file /home/user/Desktop/airflowproj/py_env/lib/python3.10/site-packages/airflow/example_dags/subdags/subdag.py for tasks to queue
[2024-06-18T13:25:34.882+0400] {logging_mixin.py:188} INFO - [2024-06-18T13:25:34.882+0400] {dagbag.py:545} INFO - Filling up the DagBag from /home/user/Desktop/airflowproj/py_env/lib/python3.10/site-packages/airflow/example_dags/subdags/subdag.py
[2024-06-18T13:25:34.883+0400] {processor.py:842} WARNING - No viable dags retrieved from /home/user/Desktop/airflowproj/py_env/lib/python3.10/site-packages/airflow/example_dags/subdags/subdag.py
[2024-06-18T13:25:34.889+0400] {processor.py:183} INFO - Processing /home/user/Desktop/airflowproj/py_env/lib/python3.10/site-packages/airflow/example_dags/subdags/subdag.py took 0.015 seconds
[2024-06-18T13:26:14.876+0400] {processor.py:161} INFO - Started process (PID=58056) to work on /home/user/Desktop/airflowproj/py_env/lib/python3.10/site-packages/airflow/example_dags/subdags/subdag.py
[2024-06-18T13:26:14.877+0400] {processor.py:830} INFO - Processing file /home/user/Desktop/airflowproj/py_env/lib/python3.10/site-packages/airflow/example_dags/subdags/subdag.py for tasks to queue
[2024-06-18T13:26:14.878+0400] {logging_mixin.py:188} INFO - [2024-06-18T13:26:14.878+0400] {dagbag.py:545} INFO - Filling up the DagBag from /home/user/Desktop/airflowproj/py_env/lib/python3.10/site-packages/airflow/example_dags/subdags/subdag.py
[2024-06-18T13:26:14.879+0400] {processor.py:842} WARNING - No viable dags retrieved from /home/user/Desktop/airflowproj/py_env/lib/python3.10/site-packages/airflow/example_dags/subdags/subdag.py
[2024-06-18T13:26:14.884+0400] {processor.py:183} INFO - Processing /home/user/Desktop/airflowproj/py_env/lib/python3.10/site-packages/airflow/example_dags/subdags/subdag.py took 0.010 seconds
[2024-06-18T13:26:52.895+0400] {processor.py:161} INFO - Started process (PID=58181) to work on /home/user/Desktop/airflowproj/py_env/lib/python3.10/site-packages/airflow/example_dags/subdags/subdag.py
[2024-06-18T13:26:52.897+0400] {processor.py:830} INFO - Processing file /home/user/Desktop/airflowproj/py_env/lib/python3.10/site-packages/airflow/example_dags/subdags/subdag.py for tasks to queue
[2024-06-18T13:26:52.900+0400] {logging_mixin.py:188} INFO - [2024-06-18T13:26:52.899+0400] {dagbag.py:545} INFO - Filling up the DagBag from /home/user/Desktop/airflowproj/py_env/lib/python3.10/site-packages/airflow/example_dags/subdags/subdag.py
[2024-06-18T13:26:52.902+0400] {processor.py:842} WARNING - No viable dags retrieved from /home/user/Desktop/airflowproj/py_env/lib/python3.10/site-packages/airflow/example_dags/subdags/subdag.py
[2024-06-18T13:26:52.908+0400] {processor.py:183} INFO - Processing /home/user/Desktop/airflowproj/py_env/lib/python3.10/site-packages/airflow/example_dags/subdags/subdag.py took 0.020 seconds
[2024-06-18T13:27:31.447+0400] {processor.py:161} INFO - Started process (PID=58312) to work on /home/user/Desktop/airflowproj/py_env/lib/python3.10/site-packages/airflow/example_dags/subdags/subdag.py
[2024-06-18T13:27:31.450+0400] {processor.py:830} INFO - Processing file /home/user/Desktop/airflowproj/py_env/lib/python3.10/site-packages/airflow/example_dags/subdags/subdag.py for tasks to queue
[2024-06-18T13:27:31.451+0400] {logging_mixin.py:188} INFO - [2024-06-18T13:27:31.451+0400] {dagbag.py:545} INFO - Filling up the DagBag from /home/user/Desktop/airflowproj/py_env/lib/python3.10/site-packages/airflow/example_dags/subdags/subdag.py
[2024-06-18T13:27:31.453+0400] {processor.py:842} WARNING - No viable dags retrieved from /home/user/Desktop/airflowproj/py_env/lib/python3.10/site-packages/airflow/example_dags/subdags/subdag.py
[2024-06-18T13:27:31.458+0400] {processor.py:183} INFO - Processing /home/user/Desktop/airflowproj/py_env/lib/python3.10/site-packages/airflow/example_dags/subdags/subdag.py took 0.016 seconds
[2024-06-18T13:28:07.461+0400] {processor.py:161} INFO - Started process (PID=58480) to work on /home/user/Desktop/airflowproj/py_env/lib/python3.10/site-packages/airflow/example_dags/subdags/subdag.py
[2024-06-18T13:28:07.464+0400] {processor.py:830} INFO - Processing file /home/user/Desktop/airflowproj/py_env/lib/python3.10/site-packages/airflow/example_dags/subdags/subdag.py for tasks to queue
[2024-06-18T13:28:07.465+0400] {logging_mixin.py:188} INFO - [2024-06-18T13:28:07.464+0400] {dagbag.py:545} INFO - Filling up the DagBag from /home/user/Desktop/airflowproj/py_env/lib/python3.10/site-packages/airflow/example_dags/subdags/subdag.py
[2024-06-18T13:28:07.466+0400] {processor.py:842} WARNING - No viable dags retrieved from /home/user/Desktop/airflowproj/py_env/lib/python3.10/site-packages/airflow/example_dags/subdags/subdag.py
[2024-06-18T13:28:07.472+0400] {processor.py:183} INFO - Processing /home/user/Desktop/airflowproj/py_env/lib/python3.10/site-packages/airflow/example_dags/subdags/subdag.py took 0.015 seconds
[2024-06-18T13:28:47.529+0400] {processor.py:161} INFO - Started process (PID=58615) to work on /home/user/Desktop/airflowproj/py_env/lib/python3.10/site-packages/airflow/example_dags/subdags/subdag.py
[2024-06-18T13:28:47.531+0400] {processor.py:830} INFO - Processing file /home/user/Desktop/airflowproj/py_env/lib/python3.10/site-packages/airflow/example_dags/subdags/subdag.py for tasks to queue
[2024-06-18T13:28:47.533+0400] {logging_mixin.py:188} INFO - [2024-06-18T13:28:47.532+0400] {dagbag.py:545} INFO - Filling up the DagBag from /home/user/Desktop/airflowproj/py_env/lib/python3.10/site-packages/airflow/example_dags/subdags/subdag.py
[2024-06-18T13:28:47.534+0400] {processor.py:842} WARNING - No viable dags retrieved from /home/user/Desktop/airflowproj/py_env/lib/python3.10/site-packages/airflow/example_dags/subdags/subdag.py
[2024-06-18T13:28:47.543+0400] {processor.py:183} INFO - Processing /home/user/Desktop/airflowproj/py_env/lib/python3.10/site-packages/airflow/example_dags/subdags/subdag.py took 0.018 seconds
[2024-06-18T13:29:23.600+0400] {processor.py:161} INFO - Started process (PID=58735) to work on /home/user/Desktop/airflowproj/py_env/lib/python3.10/site-packages/airflow/example_dags/subdags/subdag.py
[2024-06-18T13:29:23.602+0400] {processor.py:830} INFO - Processing file /home/user/Desktop/airflowproj/py_env/lib/python3.10/site-packages/airflow/example_dags/subdags/subdag.py for tasks to queue
[2024-06-18T13:29:23.603+0400] {logging_mixin.py:188} INFO - [2024-06-18T13:29:23.603+0400] {dagbag.py:545} INFO - Filling up the DagBag from /home/user/Desktop/airflowproj/py_env/lib/python3.10/site-packages/airflow/example_dags/subdags/subdag.py
[2024-06-18T13:29:23.604+0400] {processor.py:842} WARNING - No viable dags retrieved from /home/user/Desktop/airflowproj/py_env/lib/python3.10/site-packages/airflow/example_dags/subdags/subdag.py
[2024-06-18T13:29:23.610+0400] {processor.py:183} INFO - Processing /home/user/Desktop/airflowproj/py_env/lib/python3.10/site-packages/airflow/example_dags/subdags/subdag.py took 0.013 seconds
[2024-06-18T13:30:01.102+0400] {processor.py:161} INFO - Started process (PID=58891) to work on /home/user/Desktop/airflowproj/py_env/lib/python3.10/site-packages/airflow/example_dags/subdags/subdag.py
[2024-06-18T13:30:01.103+0400] {processor.py:830} INFO - Processing file /home/user/Desktop/airflowproj/py_env/lib/python3.10/site-packages/airflow/example_dags/subdags/subdag.py for tasks to queue
[2024-06-18T13:30:01.105+0400] {logging_mixin.py:188} INFO - [2024-06-18T13:30:01.104+0400] {dagbag.py:545} INFO - Filling up the DagBag from /home/user/Desktop/airflowproj/py_env/lib/python3.10/site-packages/airflow/example_dags/subdags/subdag.py
[2024-06-18T13:30:01.107+0400] {processor.py:842} WARNING - No viable dags retrieved from /home/user/Desktop/airflowproj/py_env/lib/python3.10/site-packages/airflow/example_dags/subdags/subdag.py
[2024-06-18T13:30:01.114+0400] {processor.py:183} INFO - Processing /home/user/Desktop/airflowproj/py_env/lib/python3.10/site-packages/airflow/example_dags/subdags/subdag.py took 0.017 seconds
[2024-06-18T13:30:42.025+0400] {processor.py:161} INFO - Started process (PID=59089) to work on /home/user/Desktop/airflowproj/py_env/lib/python3.10/site-packages/airflow/example_dags/subdags/subdag.py
[2024-06-18T13:30:42.026+0400] {processor.py:830} INFO - Processing file /home/user/Desktop/airflowproj/py_env/lib/python3.10/site-packages/airflow/example_dags/subdags/subdag.py for tasks to queue
[2024-06-18T13:30:42.027+0400] {logging_mixin.py:188} INFO - [2024-06-18T13:30:42.027+0400] {dagbag.py:545} INFO - Filling up the DagBag from /home/user/Desktop/airflowproj/py_env/lib/python3.10/site-packages/airflow/example_dags/subdags/subdag.py
[2024-06-18T13:30:42.028+0400] {processor.py:842} WARNING - No viable dags retrieved from /home/user/Desktop/airflowproj/py_env/lib/python3.10/site-packages/airflow/example_dags/subdags/subdag.py
[2024-06-18T13:30:42.034+0400] {processor.py:183} INFO - Processing /home/user/Desktop/airflowproj/py_env/lib/python3.10/site-packages/airflow/example_dags/subdags/subdag.py took 0.013 seconds
[2024-06-18T13:31:21.475+0400] {processor.py:161} INFO - Started process (PID=59233) to work on /home/user/Desktop/airflowproj/py_env/lib/python3.10/site-packages/airflow/example_dags/subdags/subdag.py
[2024-06-18T13:31:21.477+0400] {processor.py:830} INFO - Processing file /home/user/Desktop/airflowproj/py_env/lib/python3.10/site-packages/airflow/example_dags/subdags/subdag.py for tasks to queue
[2024-06-18T13:31:21.478+0400] {logging_mixin.py:188} INFO - [2024-06-18T13:31:21.478+0400] {dagbag.py:545} INFO - Filling up the DagBag from /home/user/Desktop/airflowproj/py_env/lib/python3.10/site-packages/airflow/example_dags/subdags/subdag.py
[2024-06-18T13:31:21.480+0400] {processor.py:842} WARNING - No viable dags retrieved from /home/user/Desktop/airflowproj/py_env/lib/python3.10/site-packages/airflow/example_dags/subdags/subdag.py
[2024-06-18T13:31:21.486+0400] {processor.py:183} INFO - Processing /home/user/Desktop/airflowproj/py_env/lib/python3.10/site-packages/airflow/example_dags/subdags/subdag.py took 0.016 seconds
[2024-06-18T13:32:05.771+0400] {processor.py:161} INFO - Started process (PID=59571) to work on /home/user/Desktop/airflowproj/py_env/lib/python3.10/site-packages/airflow/example_dags/subdags/subdag.py
[2024-06-18T13:32:05.774+0400] {processor.py:830} INFO - Processing file /home/user/Desktop/airflowproj/py_env/lib/python3.10/site-packages/airflow/example_dags/subdags/subdag.py for tasks to queue
[2024-06-18T13:32:05.775+0400] {logging_mixin.py:188} INFO - [2024-06-18T13:32:05.775+0400] {dagbag.py:545} INFO - Filling up the DagBag from /home/user/Desktop/airflowproj/py_env/lib/python3.10/site-packages/airflow/example_dags/subdags/subdag.py
[2024-06-18T13:32:05.777+0400] {processor.py:842} WARNING - No viable dags retrieved from /home/user/Desktop/airflowproj/py_env/lib/python3.10/site-packages/airflow/example_dags/subdags/subdag.py
[2024-06-18T13:32:05.785+0400] {processor.py:183} INFO - Processing /home/user/Desktop/airflowproj/py_env/lib/python3.10/site-packages/airflow/example_dags/subdags/subdag.py took 0.019 seconds
