[2024-06-18T12:40:02.487+0400] {processor.py:161} INFO - Started process (PID=45539) to work on /home/user/Desktop/airflowproj/py_env/lib/python3.10/site-packages/airflow/example_dags/plugins/event_listener.py
[2024-06-18T12:40:02.488+0400] {processor.py:830} INFO - Processing file /home/user/Desktop/airflowproj/py_env/lib/python3.10/site-packages/airflow/example_dags/plugins/event_listener.py for tasks to queue
[2024-06-18T12:40:02.489+0400] {logging_mixin.py:188} INFO - [2024-06-18T12:40:02.488+0400] {dagbag.py:545} INFO - Filling up the DagBag from /home/user/Desktop/airflowproj/py_env/lib/python3.10/site-packages/airflow/example_dags/plugins/event_listener.py
[2024-06-18T12:40:02.490+0400] {processor.py:842} WARNING - No viable dags retrieved from /home/user/Desktop/airflowproj/py_env/lib/python3.10/site-packages/airflow/example_dags/plugins/event_listener.py
[2024-06-18T12:40:02.497+0400] {processor.py:183} INFO - Processing /home/user/Desktop/airflowproj/py_env/lib/python3.10/site-packages/airflow/example_dags/plugins/event_listener.py took 0.014 seconds
[2024-06-18T12:40:56.665+0400] {processor.py:161} INFO - Started process (PID=45833) to work on /home/user/Desktop/airflowproj/py_env/lib/python3.10/site-packages/airflow/example_dags/plugins/event_listener.py
[2024-06-18T12:40:56.667+0400] {processor.py:830} INFO - Processing file /home/user/Desktop/airflowproj/py_env/lib/python3.10/site-packages/airflow/example_dags/plugins/event_listener.py for tasks to queue
[2024-06-18T12:40:56.668+0400] {logging_mixin.py:188} INFO - [2024-06-18T12:40:56.668+0400] {dagbag.py:545} INFO - Filling up the DagBag from /home/user/Desktop/airflowproj/py_env/lib/python3.10/site-packages/airflow/example_dags/plugins/event_listener.py
[2024-06-18T12:40:56.670+0400] {processor.py:842} WARNING - No viable dags retrieved from /home/user/Desktop/airflowproj/py_env/lib/python3.10/site-packages/airflow/example_dags/plugins/event_listener.py
[2024-06-18T12:40:56.677+0400] {processor.py:183} INFO - Processing /home/user/Desktop/airflowproj/py_env/lib/python3.10/site-packages/airflow/example_dags/plugins/event_listener.py took 0.017 seconds
[2024-06-18T12:42:40.903+0400] {processor.py:161} INFO - Started process (PID=46438) to work on /home/user/Desktop/airflowproj/py_env/lib/python3.10/site-packages/airflow/example_dags/plugins/event_listener.py
[2024-06-18T12:42:40.905+0400] {processor.py:830} INFO - Processing file /home/user/Desktop/airflowproj/py_env/lib/python3.10/site-packages/airflow/example_dags/plugins/event_listener.py for tasks to queue
[2024-06-18T12:42:40.906+0400] {logging_mixin.py:188} INFO - [2024-06-18T12:42:40.906+0400] {dagbag.py:545} INFO - Filling up the DagBag from /home/user/Desktop/airflowproj/py_env/lib/python3.10/site-packages/airflow/example_dags/plugins/event_listener.py
[2024-06-18T12:42:40.908+0400] {processor.py:842} WARNING - No viable dags retrieved from /home/user/Desktop/airflowproj/py_env/lib/python3.10/site-packages/airflow/example_dags/plugins/event_listener.py
[2024-06-18T12:42:40.914+0400] {processor.py:183} INFO - Processing /home/user/Desktop/airflowproj/py_env/lib/python3.10/site-packages/airflow/example_dags/plugins/event_listener.py took 0.017 seconds
[2024-06-18T12:43:31.201+0400] {processor.py:161} INFO - Started process (PID=46704) to work on /home/user/Desktop/airflowproj/py_env/lib/python3.10/site-packages/airflow/example_dags/plugins/event_listener.py
[2024-06-18T12:43:31.202+0400] {processor.py:830} INFO - Processing file /home/user/Desktop/airflowproj/py_env/lib/python3.10/site-packages/airflow/example_dags/plugins/event_listener.py for tasks to queue
[2024-06-18T12:43:31.203+0400] {logging_mixin.py:188} INFO - [2024-06-18T12:43:31.203+0400] {dagbag.py:545} INFO - Filling up the DagBag from /home/user/Desktop/airflowproj/py_env/lib/python3.10/site-packages/airflow/example_dags/plugins/event_listener.py
[2024-06-18T12:43:31.204+0400] {processor.py:842} WARNING - No viable dags retrieved from /home/user/Desktop/airflowproj/py_env/lib/python3.10/site-packages/airflow/example_dags/plugins/event_listener.py
[2024-06-18T12:43:31.209+0400] {processor.py:183} INFO - Processing /home/user/Desktop/airflowproj/py_env/lib/python3.10/site-packages/airflow/example_dags/plugins/event_listener.py took 0.011 seconds
[2024-06-18T12:44:14.759+0400] {processor.py:161} INFO - Started process (PID=46805) to work on /home/user/Desktop/airflowproj/py_env/lib/python3.10/site-packages/airflow/example_dags/plugins/event_listener.py
[2024-06-18T12:44:14.761+0400] {processor.py:830} INFO - Processing file /home/user/Desktop/airflowproj/py_env/lib/python3.10/site-packages/airflow/example_dags/plugins/event_listener.py for tasks to queue
[2024-06-18T12:44:14.762+0400] {logging_mixin.py:188} INFO - [2024-06-18T12:44:14.762+0400] {dagbag.py:545} INFO - Filling up the DagBag from /home/user/Desktop/airflowproj/py_env/lib/python3.10/site-packages/airflow/example_dags/plugins/event_listener.py
[2024-06-18T12:44:14.764+0400] {processor.py:842} WARNING - No viable dags retrieved from /home/user/Desktop/airflowproj/py_env/lib/python3.10/site-packages/airflow/example_dags/plugins/event_listener.py
[2024-06-18T12:44:14.771+0400] {processor.py:183} INFO - Processing /home/user/Desktop/airflowproj/py_env/lib/python3.10/site-packages/airflow/example_dags/plugins/event_listener.py took 0.016 seconds
[2024-06-18T12:44:57.641+0400] {processor.py:161} INFO - Started process (PID=46935) to work on /home/user/Desktop/airflowproj/py_env/lib/python3.10/site-packages/airflow/example_dags/plugins/event_listener.py
[2024-06-18T12:44:57.644+0400] {processor.py:830} INFO - Processing file /home/user/Desktop/airflowproj/py_env/lib/python3.10/site-packages/airflow/example_dags/plugins/event_listener.py for tasks to queue
[2024-06-18T12:44:57.645+0400] {logging_mixin.py:188} INFO - [2024-06-18T12:44:57.645+0400] {dagbag.py:545} INFO - Filling up the DagBag from /home/user/Desktop/airflowproj/py_env/lib/python3.10/site-packages/airflow/example_dags/plugins/event_listener.py
[2024-06-18T12:44:57.647+0400] {processor.py:842} WARNING - No viable dags retrieved from /home/user/Desktop/airflowproj/py_env/lib/python3.10/site-packages/airflow/example_dags/plugins/event_listener.py
[2024-06-18T12:44:57.708+0400] {processor.py:183} INFO - Processing /home/user/Desktop/airflowproj/py_env/lib/python3.10/site-packages/airflow/example_dags/plugins/event_listener.py took 0.071 seconds
[2024-06-18T12:45:37.235+0400] {processor.py:161} INFO - Started process (PID=47035) to work on /home/user/Desktop/airflowproj/py_env/lib/python3.10/site-packages/airflow/example_dags/plugins/event_listener.py
[2024-06-18T12:45:37.237+0400] {processor.py:830} INFO - Processing file /home/user/Desktop/airflowproj/py_env/lib/python3.10/site-packages/airflow/example_dags/plugins/event_listener.py for tasks to queue
[2024-06-18T12:45:37.239+0400] {logging_mixin.py:188} INFO - [2024-06-18T12:45:37.238+0400] {dagbag.py:545} INFO - Filling up the DagBag from /home/user/Desktop/airflowproj/py_env/lib/python3.10/site-packages/airflow/example_dags/plugins/event_listener.py
[2024-06-18T12:45:37.240+0400] {processor.py:842} WARNING - No viable dags retrieved from /home/user/Desktop/airflowproj/py_env/lib/python3.10/site-packages/airflow/example_dags/plugins/event_listener.py
[2024-06-18T12:45:37.246+0400] {processor.py:183} INFO - Processing /home/user/Desktop/airflowproj/py_env/lib/python3.10/site-packages/airflow/example_dags/plugins/event_listener.py took 0.014 seconds
[2024-06-18T12:46:17.071+0400] {processor.py:161} INFO - Started process (PID=47134) to work on /home/user/Desktop/airflowproj/py_env/lib/python3.10/site-packages/airflow/example_dags/plugins/event_listener.py
[2024-06-18T12:46:17.074+0400] {processor.py:830} INFO - Processing file /home/user/Desktop/airflowproj/py_env/lib/python3.10/site-packages/airflow/example_dags/plugins/event_listener.py for tasks to queue
[2024-06-18T12:46:17.075+0400] {logging_mixin.py:188} INFO - [2024-06-18T12:46:17.075+0400] {dagbag.py:545} INFO - Filling up the DagBag from /home/user/Desktop/airflowproj/py_env/lib/python3.10/site-packages/airflow/example_dags/plugins/event_listener.py
[2024-06-18T12:46:17.078+0400] {processor.py:842} WARNING - No viable dags retrieved from /home/user/Desktop/airflowproj/py_env/lib/python3.10/site-packages/airflow/example_dags/plugins/event_listener.py
[2024-06-18T12:46:17.089+0400] {processor.py:183} INFO - Processing /home/user/Desktop/airflowproj/py_env/lib/python3.10/site-packages/airflow/example_dags/plugins/event_listener.py took 0.023 seconds
[2024-06-18T12:46:55.892+0400] {processor.py:161} INFO - Started process (PID=47803) to work on /home/user/Desktop/airflowproj/py_env/lib/python3.10/site-packages/airflow/example_dags/plugins/event_listener.py
[2024-06-18T12:46:55.894+0400] {processor.py:830} INFO - Processing file /home/user/Desktop/airflowproj/py_env/lib/python3.10/site-packages/airflow/example_dags/plugins/event_listener.py for tasks to queue
[2024-06-18T12:46:55.895+0400] {logging_mixin.py:188} INFO - [2024-06-18T12:46:55.895+0400] {dagbag.py:545} INFO - Filling up the DagBag from /home/user/Desktop/airflowproj/py_env/lib/python3.10/site-packages/airflow/example_dags/plugins/event_listener.py
[2024-06-18T12:46:55.896+0400] {processor.py:842} WARNING - No viable dags retrieved from /home/user/Desktop/airflowproj/py_env/lib/python3.10/site-packages/airflow/example_dags/plugins/event_listener.py
[2024-06-18T12:46:55.901+0400] {processor.py:183} INFO - Processing /home/user/Desktop/airflowproj/py_env/lib/python3.10/site-packages/airflow/example_dags/plugins/event_listener.py took 0.011 seconds
[2024-06-18T12:47:34.702+0400] {processor.py:161} INFO - Started process (PID=48020) to work on /home/user/Desktop/airflowproj/py_env/lib/python3.10/site-packages/airflow/example_dags/plugins/event_listener.py
[2024-06-18T12:47:34.704+0400] {processor.py:830} INFO - Processing file /home/user/Desktop/airflowproj/py_env/lib/python3.10/site-packages/airflow/example_dags/plugins/event_listener.py for tasks to queue
[2024-06-18T12:47:34.705+0400] {logging_mixin.py:188} INFO - [2024-06-18T12:47:34.705+0400] {dagbag.py:545} INFO - Filling up the DagBag from /home/user/Desktop/airflowproj/py_env/lib/python3.10/site-packages/airflow/example_dags/plugins/event_listener.py
[2024-06-18T12:47:34.706+0400] {processor.py:842} WARNING - No viable dags retrieved from /home/user/Desktop/airflowproj/py_env/lib/python3.10/site-packages/airflow/example_dags/plugins/event_listener.py
[2024-06-18T12:47:34.712+0400] {processor.py:183} INFO - Processing /home/user/Desktop/airflowproj/py_env/lib/python3.10/site-packages/airflow/example_dags/plugins/event_listener.py took 0.013 seconds
[2024-06-18T12:48:11.761+0400] {processor.py:161} INFO - Started process (PID=48229) to work on /home/user/Desktop/airflowproj/py_env/lib/python3.10/site-packages/airflow/example_dags/plugins/event_listener.py
[2024-06-18T12:48:11.761+0400] {processor.py:830} INFO - Processing file /home/user/Desktop/airflowproj/py_env/lib/python3.10/site-packages/airflow/example_dags/plugins/event_listener.py for tasks to queue
[2024-06-18T12:48:11.762+0400] {logging_mixin.py:188} INFO - [2024-06-18T12:48:11.762+0400] {dagbag.py:545} INFO - Filling up the DagBag from /home/user/Desktop/airflowproj/py_env/lib/python3.10/site-packages/airflow/example_dags/plugins/event_listener.py
[2024-06-18T12:48:11.764+0400] {processor.py:842} WARNING - No viable dags retrieved from /home/user/Desktop/airflowproj/py_env/lib/python3.10/site-packages/airflow/example_dags/plugins/event_listener.py
[2024-06-18T12:48:11.772+0400] {processor.py:183} INFO - Processing /home/user/Desktop/airflowproj/py_env/lib/python3.10/site-packages/airflow/example_dags/plugins/event_listener.py took 0.014 seconds
[2024-06-18T12:48:47.225+0400] {processor.py:161} INFO - Started process (PID=48392) to work on /home/user/Desktop/airflowproj/py_env/lib/python3.10/site-packages/airflow/example_dags/plugins/event_listener.py
[2024-06-18T12:48:47.227+0400] {processor.py:830} INFO - Processing file /home/user/Desktop/airflowproj/py_env/lib/python3.10/site-packages/airflow/example_dags/plugins/event_listener.py for tasks to queue
[2024-06-18T12:48:47.228+0400] {logging_mixin.py:188} INFO - [2024-06-18T12:48:47.228+0400] {dagbag.py:545} INFO - Filling up the DagBag from /home/user/Desktop/airflowproj/py_env/lib/python3.10/site-packages/airflow/example_dags/plugins/event_listener.py
[2024-06-18T12:48:47.230+0400] {processor.py:842} WARNING - No viable dags retrieved from /home/user/Desktop/airflowproj/py_env/lib/python3.10/site-packages/airflow/example_dags/plugins/event_listener.py
[2024-06-18T12:48:47.236+0400] {processor.py:183} INFO - Processing /home/user/Desktop/airflowproj/py_env/lib/python3.10/site-packages/airflow/example_dags/plugins/event_listener.py took 0.015 seconds
[2024-06-18T12:49:22.058+0400] {processor.py:161} INFO - Started process (PID=48626) to work on /home/user/Desktop/airflowproj/py_env/lib/python3.10/site-packages/airflow/example_dags/plugins/event_listener.py
[2024-06-18T12:49:22.061+0400] {processor.py:830} INFO - Processing file /home/user/Desktop/airflowproj/py_env/lib/python3.10/site-packages/airflow/example_dags/plugins/event_listener.py for tasks to queue
[2024-06-18T12:49:22.062+0400] {logging_mixin.py:188} INFO - [2024-06-18T12:49:22.061+0400] {dagbag.py:545} INFO - Filling up the DagBag from /home/user/Desktop/airflowproj/py_env/lib/python3.10/site-packages/airflow/example_dags/plugins/event_listener.py
[2024-06-18T12:49:22.063+0400] {processor.py:842} WARNING - No viable dags retrieved from /home/user/Desktop/airflowproj/py_env/lib/python3.10/site-packages/airflow/example_dags/plugins/event_listener.py
[2024-06-18T12:49:22.069+0400] {processor.py:183} INFO - Processing /home/user/Desktop/airflowproj/py_env/lib/python3.10/site-packages/airflow/example_dags/plugins/event_listener.py took 0.016 seconds
[2024-06-18T12:50:03.192+0400] {processor.py:161} INFO - Started process (PID=48757) to work on /home/user/Desktop/airflowproj/py_env/lib/python3.10/site-packages/airflow/example_dags/plugins/event_listener.py
[2024-06-18T12:50:03.194+0400] {processor.py:830} INFO - Processing file /home/user/Desktop/airflowproj/py_env/lib/python3.10/site-packages/airflow/example_dags/plugins/event_listener.py for tasks to queue
[2024-06-18T12:50:03.195+0400] {logging_mixin.py:188} INFO - [2024-06-18T12:50:03.195+0400] {dagbag.py:545} INFO - Filling up the DagBag from /home/user/Desktop/airflowproj/py_env/lib/python3.10/site-packages/airflow/example_dags/plugins/event_listener.py
[2024-06-18T12:50:03.197+0400] {processor.py:842} WARNING - No viable dags retrieved from /home/user/Desktop/airflowproj/py_env/lib/python3.10/site-packages/airflow/example_dags/plugins/event_listener.py
[2024-06-18T12:50:03.205+0400] {processor.py:183} INFO - Processing /home/user/Desktop/airflowproj/py_env/lib/python3.10/site-packages/airflow/example_dags/plugins/event_listener.py took 0.017 seconds
[2024-06-18T12:50:43.013+0400] {processor.py:161} INFO - Started process (PID=48849) to work on /home/user/Desktop/airflowproj/py_env/lib/python3.10/site-packages/airflow/example_dags/plugins/event_listener.py
[2024-06-18T12:50:43.015+0400] {processor.py:830} INFO - Processing file /home/user/Desktop/airflowproj/py_env/lib/python3.10/site-packages/airflow/example_dags/plugins/event_listener.py for tasks to queue
[2024-06-18T12:50:43.015+0400] {logging_mixin.py:188} INFO - [2024-06-18T12:50:43.015+0400] {dagbag.py:545} INFO - Filling up the DagBag from /home/user/Desktop/airflowproj/py_env/lib/python3.10/site-packages/airflow/example_dags/plugins/event_listener.py
[2024-06-18T12:50:43.016+0400] {processor.py:842} WARNING - No viable dags retrieved from /home/user/Desktop/airflowproj/py_env/lib/python3.10/site-packages/airflow/example_dags/plugins/event_listener.py
[2024-06-18T12:50:43.021+0400] {processor.py:183} INFO - Processing /home/user/Desktop/airflowproj/py_env/lib/python3.10/site-packages/airflow/example_dags/plugins/event_listener.py took 0.012 seconds
[2024-06-18T12:51:22.158+0400] {processor.py:161} INFO - Started process (PID=49012) to work on /home/user/Desktop/airflowproj/py_env/lib/python3.10/site-packages/airflow/example_dags/plugins/event_listener.py
[2024-06-18T12:51:22.160+0400] {processor.py:830} INFO - Processing file /home/user/Desktop/airflowproj/py_env/lib/python3.10/site-packages/airflow/example_dags/plugins/event_listener.py for tasks to queue
[2024-06-18T12:51:22.161+0400] {logging_mixin.py:188} INFO - [2024-06-18T12:51:22.161+0400] {dagbag.py:545} INFO - Filling up the DagBag from /home/user/Desktop/airflowproj/py_env/lib/python3.10/site-packages/airflow/example_dags/plugins/event_listener.py
[2024-06-18T12:51:22.163+0400] {processor.py:842} WARNING - No viable dags retrieved from /home/user/Desktop/airflowproj/py_env/lib/python3.10/site-packages/airflow/example_dags/plugins/event_listener.py
[2024-06-18T12:51:22.168+0400] {processor.py:183} INFO - Processing /home/user/Desktop/airflowproj/py_env/lib/python3.10/site-packages/airflow/example_dags/plugins/event_listener.py took 0.014 seconds
[2024-06-18T12:52:01.599+0400] {processor.py:161} INFO - Started process (PID=49157) to work on /home/user/Desktop/airflowproj/py_env/lib/python3.10/site-packages/airflow/example_dags/plugins/event_listener.py
[2024-06-18T12:52:01.601+0400] {processor.py:830} INFO - Processing file /home/user/Desktop/airflowproj/py_env/lib/python3.10/site-packages/airflow/example_dags/plugins/event_listener.py for tasks to queue
[2024-06-18T12:52:01.602+0400] {logging_mixin.py:188} INFO - [2024-06-18T12:52:01.602+0400] {dagbag.py:545} INFO - Filling up the DagBag from /home/user/Desktop/airflowproj/py_env/lib/python3.10/site-packages/airflow/example_dags/plugins/event_listener.py
[2024-06-18T12:52:01.603+0400] {processor.py:842} WARNING - No viable dags retrieved from /home/user/Desktop/airflowproj/py_env/lib/python3.10/site-packages/airflow/example_dags/plugins/event_listener.py
[2024-06-18T12:52:01.610+0400] {processor.py:183} INFO - Processing /home/user/Desktop/airflowproj/py_env/lib/python3.10/site-packages/airflow/example_dags/plugins/event_listener.py took 0.016 seconds
[2024-06-18T12:52:39.313+0400] {processor.py:161} INFO - Started process (PID=49260) to work on /home/user/Desktop/airflowproj/py_env/lib/python3.10/site-packages/airflow/example_dags/plugins/event_listener.py
[2024-06-18T12:52:39.314+0400] {processor.py:830} INFO - Processing file /home/user/Desktop/airflowproj/py_env/lib/python3.10/site-packages/airflow/example_dags/plugins/event_listener.py for tasks to queue
[2024-06-18T12:52:39.314+0400] {logging_mixin.py:188} INFO - [2024-06-18T12:52:39.314+0400] {dagbag.py:545} INFO - Filling up the DagBag from /home/user/Desktop/airflowproj/py_env/lib/python3.10/site-packages/airflow/example_dags/plugins/event_listener.py
[2024-06-18T12:52:39.316+0400] {processor.py:842} WARNING - No viable dags retrieved from /home/user/Desktop/airflowproj/py_env/lib/python3.10/site-packages/airflow/example_dags/plugins/event_listener.py
[2024-06-18T12:52:39.321+0400] {processor.py:183} INFO - Processing /home/user/Desktop/airflowproj/py_env/lib/python3.10/site-packages/airflow/example_dags/plugins/event_listener.py took 0.012 seconds
[2024-06-18T12:53:19.167+0400] {processor.py:161} INFO - Started process (PID=49492) to work on /home/user/Desktop/airflowproj/py_env/lib/python3.10/site-packages/airflow/example_dags/plugins/event_listener.py
[2024-06-18T12:53:19.170+0400] {processor.py:830} INFO - Processing file /home/user/Desktop/airflowproj/py_env/lib/python3.10/site-packages/airflow/example_dags/plugins/event_listener.py for tasks to queue
[2024-06-18T12:53:19.171+0400] {logging_mixin.py:188} INFO - [2024-06-18T12:53:19.171+0400] {dagbag.py:545} INFO - Filling up the DagBag from /home/user/Desktop/airflowproj/py_env/lib/python3.10/site-packages/airflow/example_dags/plugins/event_listener.py
[2024-06-18T12:53:19.173+0400] {processor.py:842} WARNING - No viable dags retrieved from /home/user/Desktop/airflowproj/py_env/lib/python3.10/site-packages/airflow/example_dags/plugins/event_listener.py
[2024-06-18T12:53:19.179+0400] {processor.py:183} INFO - Processing /home/user/Desktop/airflowproj/py_env/lib/python3.10/site-packages/airflow/example_dags/plugins/event_listener.py took 0.016 seconds
[2024-06-18T12:53:57.582+0400] {processor.py:161} INFO - Started process (PID=49620) to work on /home/user/Desktop/airflowproj/py_env/lib/python3.10/site-packages/airflow/example_dags/plugins/event_listener.py
[2024-06-18T12:53:57.584+0400] {processor.py:830} INFO - Processing file /home/user/Desktop/airflowproj/py_env/lib/python3.10/site-packages/airflow/example_dags/plugins/event_listener.py for tasks to queue
[2024-06-18T12:53:57.585+0400] {logging_mixin.py:188} INFO - [2024-06-18T12:53:57.585+0400] {dagbag.py:545} INFO - Filling up the DagBag from /home/user/Desktop/airflowproj/py_env/lib/python3.10/site-packages/airflow/example_dags/plugins/event_listener.py
[2024-06-18T12:53:57.587+0400] {processor.py:842} WARNING - No viable dags retrieved from /home/user/Desktop/airflowproj/py_env/lib/python3.10/site-packages/airflow/example_dags/plugins/event_listener.py
[2024-06-18T12:53:57.596+0400] {processor.py:183} INFO - Processing /home/user/Desktop/airflowproj/py_env/lib/python3.10/site-packages/airflow/example_dags/plugins/event_listener.py took 0.018 seconds
[2024-06-18T12:54:36.880+0400] {processor.py:161} INFO - Started process (PID=49716) to work on /home/user/Desktop/airflowproj/py_env/lib/python3.10/site-packages/airflow/example_dags/plugins/event_listener.py
[2024-06-18T12:54:36.882+0400] {processor.py:830} INFO - Processing file /home/user/Desktop/airflowproj/py_env/lib/python3.10/site-packages/airflow/example_dags/plugins/event_listener.py for tasks to queue
[2024-06-18T12:54:36.883+0400] {logging_mixin.py:188} INFO - [2024-06-18T12:54:36.883+0400] {dagbag.py:545} INFO - Filling up the DagBag from /home/user/Desktop/airflowproj/py_env/lib/python3.10/site-packages/airflow/example_dags/plugins/event_listener.py
[2024-06-18T12:54:36.884+0400] {processor.py:842} WARNING - No viable dags retrieved from /home/user/Desktop/airflowproj/py_env/lib/python3.10/site-packages/airflow/example_dags/plugins/event_listener.py
[2024-06-18T12:54:36.889+0400] {processor.py:183} INFO - Processing /home/user/Desktop/airflowproj/py_env/lib/python3.10/site-packages/airflow/example_dags/plugins/event_listener.py took 0.014 seconds
[2024-06-18T12:55:16.712+0400] {processor.py:161} INFO - Started process (PID=49921) to work on /home/user/Desktop/airflowproj/py_env/lib/python3.10/site-packages/airflow/example_dags/plugins/event_listener.py
[2024-06-18T12:55:16.714+0400] {processor.py:830} INFO - Processing file /home/user/Desktop/airflowproj/py_env/lib/python3.10/site-packages/airflow/example_dags/plugins/event_listener.py for tasks to queue
[2024-06-18T12:55:16.714+0400] {logging_mixin.py:188} INFO - [2024-06-18T12:55:16.714+0400] {dagbag.py:545} INFO - Filling up the DagBag from /home/user/Desktop/airflowproj/py_env/lib/python3.10/site-packages/airflow/example_dags/plugins/event_listener.py
[2024-06-18T12:55:16.716+0400] {processor.py:842} WARNING - No viable dags retrieved from /home/user/Desktop/airflowproj/py_env/lib/python3.10/site-packages/airflow/example_dags/plugins/event_listener.py
[2024-06-18T12:55:16.721+0400] {processor.py:183} INFO - Processing /home/user/Desktop/airflowproj/py_env/lib/python3.10/site-packages/airflow/example_dags/plugins/event_listener.py took 0.014 seconds
[2024-06-18T12:55:54.210+0400] {processor.py:161} INFO - Started process (PID=50089) to work on /home/user/Desktop/airflowproj/py_env/lib/python3.10/site-packages/airflow/example_dags/plugins/event_listener.py
[2024-06-18T12:55:54.212+0400] {processor.py:830} INFO - Processing file /home/user/Desktop/airflowproj/py_env/lib/python3.10/site-packages/airflow/example_dags/plugins/event_listener.py for tasks to queue
[2024-06-18T12:55:54.213+0400] {logging_mixin.py:188} INFO - [2024-06-18T12:55:54.213+0400] {dagbag.py:545} INFO - Filling up the DagBag from /home/user/Desktop/airflowproj/py_env/lib/python3.10/site-packages/airflow/example_dags/plugins/event_listener.py
[2024-06-18T12:55:54.214+0400] {processor.py:842} WARNING - No viable dags retrieved from /home/user/Desktop/airflowproj/py_env/lib/python3.10/site-packages/airflow/example_dags/plugins/event_listener.py
[2024-06-18T12:55:54.219+0400] {processor.py:183} INFO - Processing /home/user/Desktop/airflowproj/py_env/lib/python3.10/site-packages/airflow/example_dags/plugins/event_listener.py took 0.013 seconds
[2024-06-18T12:56:31.889+0400] {processor.py:161} INFO - Started process (PID=50253) to work on /home/user/Desktop/airflowproj/py_env/lib/python3.10/site-packages/airflow/example_dags/plugins/event_listener.py
[2024-06-18T12:56:31.891+0400] {processor.py:830} INFO - Processing file /home/user/Desktop/airflowproj/py_env/lib/python3.10/site-packages/airflow/example_dags/plugins/event_listener.py for tasks to queue
[2024-06-18T12:56:31.892+0400] {logging_mixin.py:188} INFO - [2024-06-18T12:56:31.892+0400] {dagbag.py:545} INFO - Filling up the DagBag from /home/user/Desktop/airflowproj/py_env/lib/python3.10/site-packages/airflow/example_dags/plugins/event_listener.py
[2024-06-18T12:56:31.894+0400] {processor.py:842} WARNING - No viable dags retrieved from /home/user/Desktop/airflowproj/py_env/lib/python3.10/site-packages/airflow/example_dags/plugins/event_listener.py
[2024-06-18T12:56:31.900+0400] {processor.py:183} INFO - Processing /home/user/Desktop/airflowproj/py_env/lib/python3.10/site-packages/airflow/example_dags/plugins/event_listener.py took 0.016 seconds
[2024-06-18T12:57:11.853+0400] {processor.py:161} INFO - Started process (PID=50356) to work on /home/user/Desktop/airflowproj/py_env/lib/python3.10/site-packages/airflow/example_dags/plugins/event_listener.py
[2024-06-18T12:57:11.855+0400] {processor.py:830} INFO - Processing file /home/user/Desktop/airflowproj/py_env/lib/python3.10/site-packages/airflow/example_dags/plugins/event_listener.py for tasks to queue
[2024-06-18T12:57:11.856+0400] {logging_mixin.py:188} INFO - [2024-06-18T12:57:11.856+0400] {dagbag.py:545} INFO - Filling up the DagBag from /home/user/Desktop/airflowproj/py_env/lib/python3.10/site-packages/airflow/example_dags/plugins/event_listener.py
[2024-06-18T12:57:11.859+0400] {processor.py:842} WARNING - No viable dags retrieved from /home/user/Desktop/airflowproj/py_env/lib/python3.10/site-packages/airflow/example_dags/plugins/event_listener.py
[2024-06-18T12:57:11.866+0400] {processor.py:183} INFO - Processing /home/user/Desktop/airflowproj/py_env/lib/python3.10/site-packages/airflow/example_dags/plugins/event_listener.py took 0.017 seconds
[2024-06-18T12:57:52.845+0400] {processor.py:161} INFO - Started process (PID=50592) to work on /home/user/Desktop/airflowproj/py_env/lib/python3.10/site-packages/airflow/example_dags/plugins/event_listener.py
[2024-06-18T12:57:52.848+0400] {processor.py:830} INFO - Processing file /home/user/Desktop/airflowproj/py_env/lib/python3.10/site-packages/airflow/example_dags/plugins/event_listener.py for tasks to queue
[2024-06-18T12:57:52.849+0400] {logging_mixin.py:188} INFO - [2024-06-18T12:57:52.848+0400] {dagbag.py:545} INFO - Filling up the DagBag from /home/user/Desktop/airflowproj/py_env/lib/python3.10/site-packages/airflow/example_dags/plugins/event_listener.py
[2024-06-18T12:57:52.850+0400] {processor.py:842} WARNING - No viable dags retrieved from /home/user/Desktop/airflowproj/py_env/lib/python3.10/site-packages/airflow/example_dags/plugins/event_listener.py
[2024-06-18T12:57:52.859+0400] {processor.py:183} INFO - Processing /home/user/Desktop/airflowproj/py_env/lib/python3.10/site-packages/airflow/example_dags/plugins/event_listener.py took 0.018 seconds
[2024-06-18T12:58:31.268+0400] {processor.py:161} INFO - Started process (PID=51018) to work on /home/user/Desktop/airflowproj/py_env/lib/python3.10/site-packages/airflow/example_dags/plugins/event_listener.py
[2024-06-18T12:58:31.268+0400] {processor.py:830} INFO - Processing file /home/user/Desktop/airflowproj/py_env/lib/python3.10/site-packages/airflow/example_dags/plugins/event_listener.py for tasks to queue
[2024-06-18T12:58:31.269+0400] {logging_mixin.py:188} INFO - [2024-06-18T12:58:31.269+0400] {dagbag.py:545} INFO - Filling up the DagBag from /home/user/Desktop/airflowproj/py_env/lib/python3.10/site-packages/airflow/example_dags/plugins/event_listener.py
[2024-06-18T12:58:31.271+0400] {processor.py:842} WARNING - No viable dags retrieved from /home/user/Desktop/airflowproj/py_env/lib/python3.10/site-packages/airflow/example_dags/plugins/event_listener.py
[2024-06-18T12:58:31.276+0400] {processor.py:183} INFO - Processing /home/user/Desktop/airflowproj/py_env/lib/python3.10/site-packages/airflow/example_dags/plugins/event_listener.py took 0.014 seconds
[2024-06-18T12:59:10.090+0400] {processor.py:161} INFO - Started process (PID=51265) to work on /home/user/Desktop/airflowproj/py_env/lib/python3.10/site-packages/airflow/example_dags/plugins/event_listener.py
[2024-06-18T12:59:10.092+0400] {processor.py:830} INFO - Processing file /home/user/Desktop/airflowproj/py_env/lib/python3.10/site-packages/airflow/example_dags/plugins/event_listener.py for tasks to queue
[2024-06-18T12:59:10.093+0400] {logging_mixin.py:188} INFO - [2024-06-18T12:59:10.093+0400] {dagbag.py:545} INFO - Filling up the DagBag from /home/user/Desktop/airflowproj/py_env/lib/python3.10/site-packages/airflow/example_dags/plugins/event_listener.py
[2024-06-18T12:59:10.094+0400] {processor.py:842} WARNING - No viable dags retrieved from /home/user/Desktop/airflowproj/py_env/lib/python3.10/site-packages/airflow/example_dags/plugins/event_listener.py
[2024-06-18T12:59:10.099+0400] {processor.py:183} INFO - Processing /home/user/Desktop/airflowproj/py_env/lib/python3.10/site-packages/airflow/example_dags/plugins/event_listener.py took 0.012 seconds
[2024-06-18T12:59:48.110+0400] {processor.py:161} INFO - Started process (PID=51483) to work on /home/user/Desktop/airflowproj/py_env/lib/python3.10/site-packages/airflow/example_dags/plugins/event_listener.py
[2024-06-18T12:59:48.112+0400] {processor.py:830} INFO - Processing file /home/user/Desktop/airflowproj/py_env/lib/python3.10/site-packages/airflow/example_dags/plugins/event_listener.py for tasks to queue
[2024-06-18T12:59:48.113+0400] {logging_mixin.py:188} INFO - [2024-06-18T12:59:48.113+0400] {dagbag.py:545} INFO - Filling up the DagBag from /home/user/Desktop/airflowproj/py_env/lib/python3.10/site-packages/airflow/example_dags/plugins/event_listener.py
[2024-06-18T12:59:48.114+0400] {processor.py:842} WARNING - No viable dags retrieved from /home/user/Desktop/airflowproj/py_env/lib/python3.10/site-packages/airflow/example_dags/plugins/event_listener.py
[2024-06-18T12:59:48.119+0400] {processor.py:183} INFO - Processing /home/user/Desktop/airflowproj/py_env/lib/python3.10/site-packages/airflow/example_dags/plugins/event_listener.py took 0.013 seconds
[2024-06-18T13:00:23.197+0400] {processor.py:161} INFO - Started process (PID=51731) to work on /home/user/Desktop/airflowproj/py_env/lib/python3.10/site-packages/airflow/example_dags/plugins/event_listener.py
[2024-06-18T13:00:23.198+0400] {processor.py:830} INFO - Processing file /home/user/Desktop/airflowproj/py_env/lib/python3.10/site-packages/airflow/example_dags/plugins/event_listener.py for tasks to queue
[2024-06-18T13:00:23.199+0400] {logging_mixin.py:188} INFO - [2024-06-18T13:00:23.198+0400] {dagbag.py:545} INFO - Filling up the DagBag from /home/user/Desktop/airflowproj/py_env/lib/python3.10/site-packages/airflow/example_dags/plugins/event_listener.py
[2024-06-18T13:00:23.200+0400] {processor.py:842} WARNING - No viable dags retrieved from /home/user/Desktop/airflowproj/py_env/lib/python3.10/site-packages/airflow/example_dags/plugins/event_listener.py
[2024-06-18T13:00:23.206+0400] {processor.py:183} INFO - Processing /home/user/Desktop/airflowproj/py_env/lib/python3.10/site-packages/airflow/example_dags/plugins/event_listener.py took 0.015 seconds
[2024-06-18T13:01:02.006+0400] {processor.py:161} INFO - Started process (PID=51953) to work on /home/user/Desktop/airflowproj/py_env/lib/python3.10/site-packages/airflow/example_dags/plugins/event_listener.py
[2024-06-18T13:01:02.009+0400] {processor.py:830} INFO - Processing file /home/user/Desktop/airflowproj/py_env/lib/python3.10/site-packages/airflow/example_dags/plugins/event_listener.py for tasks to queue
[2024-06-18T13:01:02.010+0400] {logging_mixin.py:188} INFO - [2024-06-18T13:01:02.010+0400] {dagbag.py:545} INFO - Filling up the DagBag from /home/user/Desktop/airflowproj/py_env/lib/python3.10/site-packages/airflow/example_dags/plugins/event_listener.py
[2024-06-18T13:01:02.011+0400] {processor.py:842} WARNING - No viable dags retrieved from /home/user/Desktop/airflowproj/py_env/lib/python3.10/site-packages/airflow/example_dags/plugins/event_listener.py
[2024-06-18T13:01:02.017+0400] {processor.py:183} INFO - Processing /home/user/Desktop/airflowproj/py_env/lib/python3.10/site-packages/airflow/example_dags/plugins/event_listener.py took 0.014 seconds
[2024-06-18T13:01:42.090+0400] {processor.py:161} INFO - Started process (PID=52208) to work on /home/user/Desktop/airflowproj/py_env/lib/python3.10/site-packages/airflow/example_dags/plugins/event_listener.py
[2024-06-18T13:01:42.092+0400] {processor.py:830} INFO - Processing file /home/user/Desktop/airflowproj/py_env/lib/python3.10/site-packages/airflow/example_dags/plugins/event_listener.py for tasks to queue
[2024-06-18T13:01:42.094+0400] {logging_mixin.py:188} INFO - [2024-06-18T13:01:42.094+0400] {dagbag.py:545} INFO - Filling up the DagBag from /home/user/Desktop/airflowproj/py_env/lib/python3.10/site-packages/airflow/example_dags/plugins/event_listener.py
[2024-06-18T13:01:42.096+0400] {processor.py:842} WARNING - No viable dags retrieved from /home/user/Desktop/airflowproj/py_env/lib/python3.10/site-packages/airflow/example_dags/plugins/event_listener.py
[2024-06-18T13:01:42.107+0400] {processor.py:183} INFO - Processing /home/user/Desktop/airflowproj/py_env/lib/python3.10/site-packages/airflow/example_dags/plugins/event_listener.py took 0.026 seconds
[2024-06-18T13:02:22.595+0400] {processor.py:161} INFO - Started process (PID=52871) to work on /home/user/Desktop/airflowproj/py_env/lib/python3.10/site-packages/airflow/example_dags/plugins/event_listener.py
[2024-06-18T13:02:22.597+0400] {processor.py:830} INFO - Processing file /home/user/Desktop/airflowproj/py_env/lib/python3.10/site-packages/airflow/example_dags/plugins/event_listener.py for tasks to queue
[2024-06-18T13:02:22.598+0400] {logging_mixin.py:188} INFO - [2024-06-18T13:02:22.598+0400] {dagbag.py:545} INFO - Filling up the DagBag from /home/user/Desktop/airflowproj/py_env/lib/python3.10/site-packages/airflow/example_dags/plugins/event_listener.py
[2024-06-18T13:02:22.600+0400] {processor.py:842} WARNING - No viable dags retrieved from /home/user/Desktop/airflowproj/py_env/lib/python3.10/site-packages/airflow/example_dags/plugins/event_listener.py
[2024-06-18T13:02:22.607+0400] {processor.py:183} INFO - Processing /home/user/Desktop/airflowproj/py_env/lib/python3.10/site-packages/airflow/example_dags/plugins/event_listener.py took 0.017 seconds
[2024-06-18T13:03:01.512+0400] {processor.py:161} INFO - Started process (PID=53029) to work on /home/user/Desktop/airflowproj/py_env/lib/python3.10/site-packages/airflow/example_dags/plugins/event_listener.py
[2024-06-18T13:03:01.514+0400] {processor.py:830} INFO - Processing file /home/user/Desktop/airflowproj/py_env/lib/python3.10/site-packages/airflow/example_dags/plugins/event_listener.py for tasks to queue
[2024-06-18T13:03:01.515+0400] {logging_mixin.py:188} INFO - [2024-06-18T13:03:01.515+0400] {dagbag.py:545} INFO - Filling up the DagBag from /home/user/Desktop/airflowproj/py_env/lib/python3.10/site-packages/airflow/example_dags/plugins/event_listener.py
[2024-06-18T13:03:01.516+0400] {processor.py:842} WARNING - No viable dags retrieved from /home/user/Desktop/airflowproj/py_env/lib/python3.10/site-packages/airflow/example_dags/plugins/event_listener.py
[2024-06-18T13:03:01.522+0400] {processor.py:183} INFO - Processing /home/user/Desktop/airflowproj/py_env/lib/python3.10/site-packages/airflow/example_dags/plugins/event_listener.py took 0.015 seconds
[2024-06-18T13:03:39.958+0400] {processor.py:161} INFO - Started process (PID=53147) to work on /home/user/Desktop/airflowproj/py_env/lib/python3.10/site-packages/airflow/example_dags/plugins/event_listener.py
[2024-06-18T13:03:39.959+0400] {processor.py:830} INFO - Processing file /home/user/Desktop/airflowproj/py_env/lib/python3.10/site-packages/airflow/example_dags/plugins/event_listener.py for tasks to queue
[2024-06-18T13:03:39.960+0400] {logging_mixin.py:188} INFO - [2024-06-18T13:03:39.959+0400] {dagbag.py:545} INFO - Filling up the DagBag from /home/user/Desktop/airflowproj/py_env/lib/python3.10/site-packages/airflow/example_dags/plugins/event_listener.py
[2024-06-18T13:03:39.961+0400] {processor.py:842} WARNING - No viable dags retrieved from /home/user/Desktop/airflowproj/py_env/lib/python3.10/site-packages/airflow/example_dags/plugins/event_listener.py
[2024-06-18T13:03:39.967+0400] {processor.py:183} INFO - Processing /home/user/Desktop/airflowproj/py_env/lib/python3.10/site-packages/airflow/example_dags/plugins/event_listener.py took 0.012 seconds
[2024-06-18T13:04:18.005+0400] {processor.py:161} INFO - Started process (PID=53282) to work on /home/user/Desktop/airflowproj/py_env/lib/python3.10/site-packages/airflow/example_dags/plugins/event_listener.py
[2024-06-18T13:04:18.008+0400] {processor.py:830} INFO - Processing file /home/user/Desktop/airflowproj/py_env/lib/python3.10/site-packages/airflow/example_dags/plugins/event_listener.py for tasks to queue
[2024-06-18T13:04:18.009+0400] {logging_mixin.py:188} INFO - [2024-06-18T13:04:18.009+0400] {dagbag.py:545} INFO - Filling up the DagBag from /home/user/Desktop/airflowproj/py_env/lib/python3.10/site-packages/airflow/example_dags/plugins/event_listener.py
[2024-06-18T13:04:18.010+0400] {processor.py:842} WARNING - No viable dags retrieved from /home/user/Desktop/airflowproj/py_env/lib/python3.10/site-packages/airflow/example_dags/plugins/event_listener.py
[2024-06-18T13:04:18.016+0400] {processor.py:183} INFO - Processing /home/user/Desktop/airflowproj/py_env/lib/python3.10/site-packages/airflow/example_dags/plugins/event_listener.py took 0.016 seconds
[2024-06-18T13:04:57.416+0400] {processor.py:161} INFO - Started process (PID=53433) to work on /home/user/Desktop/airflowproj/py_env/lib/python3.10/site-packages/airflow/example_dags/plugins/event_listener.py
[2024-06-18T13:04:57.418+0400] {processor.py:830} INFO - Processing file /home/user/Desktop/airflowproj/py_env/lib/python3.10/site-packages/airflow/example_dags/plugins/event_listener.py for tasks to queue
[2024-06-18T13:04:57.419+0400] {logging_mixin.py:188} INFO - [2024-06-18T13:04:57.419+0400] {dagbag.py:545} INFO - Filling up the DagBag from /home/user/Desktop/airflowproj/py_env/lib/python3.10/site-packages/airflow/example_dags/plugins/event_listener.py
[2024-06-18T13:04:57.421+0400] {processor.py:842} WARNING - No viable dags retrieved from /home/user/Desktop/airflowproj/py_env/lib/python3.10/site-packages/airflow/example_dags/plugins/event_listener.py
[2024-06-18T13:04:57.428+0400] {processor.py:183} INFO - Processing /home/user/Desktop/airflowproj/py_env/lib/python3.10/site-packages/airflow/example_dags/plugins/event_listener.py took 0.018 seconds
[2024-06-18T13:05:34.988+0400] {processor.py:161} INFO - Started process (PID=53612) to work on /home/user/Desktop/airflowproj/py_env/lib/python3.10/site-packages/airflow/example_dags/plugins/event_listener.py
[2024-06-18T13:05:34.990+0400] {processor.py:830} INFO - Processing file /home/user/Desktop/airflowproj/py_env/lib/python3.10/site-packages/airflow/example_dags/plugins/event_listener.py for tasks to queue
[2024-06-18T13:05:34.991+0400] {logging_mixin.py:188} INFO - [2024-06-18T13:05:34.991+0400] {dagbag.py:545} INFO - Filling up the DagBag from /home/user/Desktop/airflowproj/py_env/lib/python3.10/site-packages/airflow/example_dags/plugins/event_listener.py
[2024-06-18T13:05:34.993+0400] {processor.py:842} WARNING - No viable dags retrieved from /home/user/Desktop/airflowproj/py_env/lib/python3.10/site-packages/airflow/example_dags/plugins/event_listener.py
[2024-06-18T13:05:34.998+0400] {processor.py:183} INFO - Processing /home/user/Desktop/airflowproj/py_env/lib/python3.10/site-packages/airflow/example_dags/plugins/event_listener.py took 0.015 seconds
[2024-06-18T13:06:13.926+0400] {processor.py:161} INFO - Started process (PID=53754) to work on /home/user/Desktop/airflowproj/py_env/lib/python3.10/site-packages/airflow/example_dags/plugins/event_listener.py
[2024-06-18T13:06:13.928+0400] {processor.py:830} INFO - Processing file /home/user/Desktop/airflowproj/py_env/lib/python3.10/site-packages/airflow/example_dags/plugins/event_listener.py for tasks to queue
[2024-06-18T13:06:13.929+0400] {logging_mixin.py:188} INFO - [2024-06-18T13:06:13.929+0400] {dagbag.py:545} INFO - Filling up the DagBag from /home/user/Desktop/airflowproj/py_env/lib/python3.10/site-packages/airflow/example_dags/plugins/event_listener.py
[2024-06-18T13:06:13.930+0400] {processor.py:842} WARNING - No viable dags retrieved from /home/user/Desktop/airflowproj/py_env/lib/python3.10/site-packages/airflow/example_dags/plugins/event_listener.py
[2024-06-18T13:06:13.936+0400] {processor.py:183} INFO - Processing /home/user/Desktop/airflowproj/py_env/lib/python3.10/site-packages/airflow/example_dags/plugins/event_listener.py took 0.015 seconds
[2024-06-18T13:06:53.916+0400] {processor.py:161} INFO - Started process (PID=53895) to work on /home/user/Desktop/airflowproj/py_env/lib/python3.10/site-packages/airflow/example_dags/plugins/event_listener.py
[2024-06-18T13:06:53.918+0400] {processor.py:830} INFO - Processing file /home/user/Desktop/airflowproj/py_env/lib/python3.10/site-packages/airflow/example_dags/plugins/event_listener.py for tasks to queue
[2024-06-18T13:06:53.919+0400] {logging_mixin.py:188} INFO - [2024-06-18T13:06:53.919+0400] {dagbag.py:545} INFO - Filling up the DagBag from /home/user/Desktop/airflowproj/py_env/lib/python3.10/site-packages/airflow/example_dags/plugins/event_listener.py
[2024-06-18T13:06:53.920+0400] {processor.py:842} WARNING - No viable dags retrieved from /home/user/Desktop/airflowproj/py_env/lib/python3.10/site-packages/airflow/example_dags/plugins/event_listener.py
[2024-06-18T13:06:53.925+0400] {processor.py:183} INFO - Processing /home/user/Desktop/airflowproj/py_env/lib/python3.10/site-packages/airflow/example_dags/plugins/event_listener.py took 0.013 seconds
[2024-06-18T13:07:36.109+0400] {processor.py:161} INFO - Started process (PID=54035) to work on /home/user/Desktop/airflowproj/py_env/lib/python3.10/site-packages/airflow/example_dags/plugins/event_listener.py
[2024-06-18T13:07:36.111+0400] {processor.py:830} INFO - Processing file /home/user/Desktop/airflowproj/py_env/lib/python3.10/site-packages/airflow/example_dags/plugins/event_listener.py for tasks to queue
[2024-06-18T13:07:36.113+0400] {logging_mixin.py:188} INFO - [2024-06-18T13:07:36.112+0400] {dagbag.py:545} INFO - Filling up the DagBag from /home/user/Desktop/airflowproj/py_env/lib/python3.10/site-packages/airflow/example_dags/plugins/event_listener.py
[2024-06-18T13:07:36.115+0400] {processor.py:842} WARNING - No viable dags retrieved from /home/user/Desktop/airflowproj/py_env/lib/python3.10/site-packages/airflow/example_dags/plugins/event_listener.py
[2024-06-18T13:07:36.121+0400] {processor.py:183} INFO - Processing /home/user/Desktop/airflowproj/py_env/lib/python3.10/site-packages/airflow/example_dags/plugins/event_listener.py took 0.016 seconds
[2024-06-18T13:08:17.268+0400] {processor.py:161} INFO - Started process (PID=54206) to work on /home/user/Desktop/airflowproj/py_env/lib/python3.10/site-packages/airflow/example_dags/plugins/event_listener.py
[2024-06-18T13:08:17.270+0400] {processor.py:830} INFO - Processing file /home/user/Desktop/airflowproj/py_env/lib/python3.10/site-packages/airflow/example_dags/plugins/event_listener.py for tasks to queue
[2024-06-18T13:08:17.271+0400] {logging_mixin.py:188} INFO - [2024-06-18T13:08:17.271+0400] {dagbag.py:545} INFO - Filling up the DagBag from /home/user/Desktop/airflowproj/py_env/lib/python3.10/site-packages/airflow/example_dags/plugins/event_listener.py
[2024-06-18T13:08:17.273+0400] {processor.py:842} WARNING - No viable dags retrieved from /home/user/Desktop/airflowproj/py_env/lib/python3.10/site-packages/airflow/example_dags/plugins/event_listener.py
[2024-06-18T13:08:17.279+0400] {processor.py:183} INFO - Processing /home/user/Desktop/airflowproj/py_env/lib/python3.10/site-packages/airflow/example_dags/plugins/event_listener.py took 0.015 seconds
[2024-06-18T13:08:56.172+0400] {processor.py:161} INFO - Started process (PID=54348) to work on /home/user/Desktop/airflowproj/py_env/lib/python3.10/site-packages/airflow/example_dags/plugins/event_listener.py
[2024-06-18T13:08:56.173+0400] {processor.py:830} INFO - Processing file /home/user/Desktop/airflowproj/py_env/lib/python3.10/site-packages/airflow/example_dags/plugins/event_listener.py for tasks to queue
[2024-06-18T13:08:56.174+0400] {logging_mixin.py:188} INFO - [2024-06-18T13:08:56.174+0400] {dagbag.py:545} INFO - Filling up the DagBag from /home/user/Desktop/airflowproj/py_env/lib/python3.10/site-packages/airflow/example_dags/plugins/event_listener.py
[2024-06-18T13:08:56.176+0400] {processor.py:842} WARNING - No viable dags retrieved from /home/user/Desktop/airflowproj/py_env/lib/python3.10/site-packages/airflow/example_dags/plugins/event_listener.py
[2024-06-18T13:08:56.181+0400] {processor.py:183} INFO - Processing /home/user/Desktop/airflowproj/py_env/lib/python3.10/site-packages/airflow/example_dags/plugins/event_listener.py took 0.013 seconds
[2024-06-18T13:09:35.509+0400] {processor.py:161} INFO - Started process (PID=54538) to work on /home/user/Desktop/airflowproj/py_env/lib/python3.10/site-packages/airflow/example_dags/plugins/event_listener.py
[2024-06-18T13:09:35.511+0400] {processor.py:830} INFO - Processing file /home/user/Desktop/airflowproj/py_env/lib/python3.10/site-packages/airflow/example_dags/plugins/event_listener.py for tasks to queue
[2024-06-18T13:09:35.513+0400] {logging_mixin.py:188} INFO - [2024-06-18T13:09:35.512+0400] {dagbag.py:545} INFO - Filling up the DagBag from /home/user/Desktop/airflowproj/py_env/lib/python3.10/site-packages/airflow/example_dags/plugins/event_listener.py
[2024-06-18T13:09:35.514+0400] {processor.py:842} WARNING - No viable dags retrieved from /home/user/Desktop/airflowproj/py_env/lib/python3.10/site-packages/airflow/example_dags/plugins/event_listener.py
[2024-06-18T13:09:35.520+0400] {processor.py:183} INFO - Processing /home/user/Desktop/airflowproj/py_env/lib/python3.10/site-packages/airflow/example_dags/plugins/event_listener.py took 0.015 seconds
[2024-06-18T13:10:14.412+0400] {processor.py:161} INFO - Started process (PID=54674) to work on /home/user/Desktop/airflowproj/py_env/lib/python3.10/site-packages/airflow/example_dags/plugins/event_listener.py
[2024-06-18T13:10:14.414+0400] {processor.py:830} INFO - Processing file /home/user/Desktop/airflowproj/py_env/lib/python3.10/site-packages/airflow/example_dags/plugins/event_listener.py for tasks to queue
[2024-06-18T13:10:14.415+0400] {logging_mixin.py:188} INFO - [2024-06-18T13:10:14.414+0400] {dagbag.py:545} INFO - Filling up the DagBag from /home/user/Desktop/airflowproj/py_env/lib/python3.10/site-packages/airflow/example_dags/plugins/event_listener.py
[2024-06-18T13:10:14.416+0400] {processor.py:842} WARNING - No viable dags retrieved from /home/user/Desktop/airflowproj/py_env/lib/python3.10/site-packages/airflow/example_dags/plugins/event_listener.py
[2024-06-18T13:10:14.420+0400] {processor.py:183} INFO - Processing /home/user/Desktop/airflowproj/py_env/lib/python3.10/site-packages/airflow/example_dags/plugins/event_listener.py took 0.013 seconds
[2024-06-18T13:10:56.657+0400] {processor.py:161} INFO - Started process (PID=54815) to work on /home/user/Desktop/airflowproj/py_env/lib/python3.10/site-packages/airflow/example_dags/plugins/event_listener.py
[2024-06-18T13:10:56.659+0400] {processor.py:830} INFO - Processing file /home/user/Desktop/airflowproj/py_env/lib/python3.10/site-packages/airflow/example_dags/plugins/event_listener.py for tasks to queue
[2024-06-18T13:10:56.660+0400] {logging_mixin.py:188} INFO - [2024-06-18T13:10:56.659+0400] {dagbag.py:545} INFO - Filling up the DagBag from /home/user/Desktop/airflowproj/py_env/lib/python3.10/site-packages/airflow/example_dags/plugins/event_listener.py
[2024-06-18T13:10:56.661+0400] {processor.py:842} WARNING - No viable dags retrieved from /home/user/Desktop/airflowproj/py_env/lib/python3.10/site-packages/airflow/example_dags/plugins/event_listener.py
[2024-06-18T13:10:56.666+0400] {processor.py:183} INFO - Processing /home/user/Desktop/airflowproj/py_env/lib/python3.10/site-packages/airflow/example_dags/plugins/event_listener.py took 0.013 seconds
[2024-06-18T13:11:37.749+0400] {processor.py:161} INFO - Started process (PID=54953) to work on /home/user/Desktop/airflowproj/py_env/lib/python3.10/site-packages/airflow/example_dags/plugins/event_listener.py
[2024-06-18T13:11:37.751+0400] {processor.py:830} INFO - Processing file /home/user/Desktop/airflowproj/py_env/lib/python3.10/site-packages/airflow/example_dags/plugins/event_listener.py for tasks to queue
[2024-06-18T13:11:37.753+0400] {logging_mixin.py:188} INFO - [2024-06-18T13:11:37.752+0400] {dagbag.py:545} INFO - Filling up the DagBag from /home/user/Desktop/airflowproj/py_env/lib/python3.10/site-packages/airflow/example_dags/plugins/event_listener.py
[2024-06-18T13:11:37.754+0400] {processor.py:842} WARNING - No viable dags retrieved from /home/user/Desktop/airflowproj/py_env/lib/python3.10/site-packages/airflow/example_dags/plugins/event_listener.py
[2024-06-18T13:11:37.764+0400] {processor.py:183} INFO - Processing /home/user/Desktop/airflowproj/py_env/lib/python3.10/site-packages/airflow/example_dags/plugins/event_listener.py took 0.019 seconds
[2024-06-18T13:12:14.932+0400] {processor.py:161} INFO - Started process (PID=55087) to work on /home/user/Desktop/airflowproj/py_env/lib/python3.10/site-packages/airflow/example_dags/plugins/event_listener.py
[2024-06-18T13:12:14.934+0400] {processor.py:830} INFO - Processing file /home/user/Desktop/airflowproj/py_env/lib/python3.10/site-packages/airflow/example_dags/plugins/event_listener.py for tasks to queue
[2024-06-18T13:12:14.935+0400] {logging_mixin.py:188} INFO - [2024-06-18T13:12:14.935+0400] {dagbag.py:545} INFO - Filling up the DagBag from /home/user/Desktop/airflowproj/py_env/lib/python3.10/site-packages/airflow/example_dags/plugins/event_listener.py
[2024-06-18T13:12:14.937+0400] {processor.py:842} WARNING - No viable dags retrieved from /home/user/Desktop/airflowproj/py_env/lib/python3.10/site-packages/airflow/example_dags/plugins/event_listener.py
[2024-06-18T13:12:14.942+0400] {processor.py:183} INFO - Processing /home/user/Desktop/airflowproj/py_env/lib/python3.10/site-packages/airflow/example_dags/plugins/event_listener.py took 0.015 seconds
[2024-06-18T13:12:55.138+0400] {processor.py:161} INFO - Started process (PID=55239) to work on /home/user/Desktop/airflowproj/py_env/lib/python3.10/site-packages/airflow/example_dags/plugins/event_listener.py
[2024-06-18T13:12:55.140+0400] {processor.py:830} INFO - Processing file /home/user/Desktop/airflowproj/py_env/lib/python3.10/site-packages/airflow/example_dags/plugins/event_listener.py for tasks to queue
[2024-06-18T13:12:55.141+0400] {logging_mixin.py:188} INFO - [2024-06-18T13:12:55.141+0400] {dagbag.py:545} INFO - Filling up the DagBag from /home/user/Desktop/airflowproj/py_env/lib/python3.10/site-packages/airflow/example_dags/plugins/event_listener.py
[2024-06-18T13:12:55.143+0400] {processor.py:842} WARNING - No viable dags retrieved from /home/user/Desktop/airflowproj/py_env/lib/python3.10/site-packages/airflow/example_dags/plugins/event_listener.py
[2024-06-18T13:12:55.155+0400] {processor.py:183} INFO - Processing /home/user/Desktop/airflowproj/py_env/lib/python3.10/site-packages/airflow/example_dags/plugins/event_listener.py took 0.022 seconds
[2024-06-18T13:13:34.901+0400] {processor.py:161} INFO - Started process (PID=55378) to work on /home/user/Desktop/airflowproj/py_env/lib/python3.10/site-packages/airflow/example_dags/plugins/event_listener.py
[2024-06-18T13:13:34.903+0400] {processor.py:830} INFO - Processing file /home/user/Desktop/airflowproj/py_env/lib/python3.10/site-packages/airflow/example_dags/plugins/event_listener.py for tasks to queue
[2024-06-18T13:13:34.904+0400] {logging_mixin.py:188} INFO - [2024-06-18T13:13:34.904+0400] {dagbag.py:545} INFO - Filling up the DagBag from /home/user/Desktop/airflowproj/py_env/lib/python3.10/site-packages/airflow/example_dags/plugins/event_listener.py
[2024-06-18T13:13:34.905+0400] {processor.py:842} WARNING - No viable dags retrieved from /home/user/Desktop/airflowproj/py_env/lib/python3.10/site-packages/airflow/example_dags/plugins/event_listener.py
[2024-06-18T13:13:34.911+0400] {processor.py:183} INFO - Processing /home/user/Desktop/airflowproj/py_env/lib/python3.10/site-packages/airflow/example_dags/plugins/event_listener.py took 0.015 seconds
[2024-06-18T13:14:14.870+0400] {processor.py:161} INFO - Started process (PID=55529) to work on /home/user/Desktop/airflowproj/py_env/lib/python3.10/site-packages/airflow/example_dags/plugins/event_listener.py
[2024-06-18T13:14:14.871+0400] {processor.py:830} INFO - Processing file /home/user/Desktop/airflowproj/py_env/lib/python3.10/site-packages/airflow/example_dags/plugins/event_listener.py for tasks to queue
[2024-06-18T13:14:14.872+0400] {logging_mixin.py:188} INFO - [2024-06-18T13:14:14.871+0400] {dagbag.py:545} INFO - Filling up the DagBag from /home/user/Desktop/airflowproj/py_env/lib/python3.10/site-packages/airflow/example_dags/plugins/event_listener.py
[2024-06-18T13:14:14.873+0400] {processor.py:842} WARNING - No viable dags retrieved from /home/user/Desktop/airflowproj/py_env/lib/python3.10/site-packages/airflow/example_dags/plugins/event_listener.py
[2024-06-18T13:14:14.879+0400] {processor.py:183} INFO - Processing /home/user/Desktop/airflowproj/py_env/lib/python3.10/site-packages/airflow/example_dags/plugins/event_listener.py took 0.014 seconds
[2024-06-18T13:14:52.700+0400] {processor.py:161} INFO - Started process (PID=55658) to work on /home/user/Desktop/airflowproj/py_env/lib/python3.10/site-packages/airflow/example_dags/plugins/event_listener.py
[2024-06-18T13:14:52.702+0400] {processor.py:830} INFO - Processing file /home/user/Desktop/airflowproj/py_env/lib/python3.10/site-packages/airflow/example_dags/plugins/event_listener.py for tasks to queue
[2024-06-18T13:14:52.703+0400] {logging_mixin.py:188} INFO - [2024-06-18T13:14:52.703+0400] {dagbag.py:545} INFO - Filling up the DagBag from /home/user/Desktop/airflowproj/py_env/lib/python3.10/site-packages/airflow/example_dags/plugins/event_listener.py
[2024-06-18T13:14:52.705+0400] {processor.py:842} WARNING - No viable dags retrieved from /home/user/Desktop/airflowproj/py_env/lib/python3.10/site-packages/airflow/example_dags/plugins/event_listener.py
[2024-06-18T13:14:52.711+0400] {processor.py:183} INFO - Processing /home/user/Desktop/airflowproj/py_env/lib/python3.10/site-packages/airflow/example_dags/plugins/event_listener.py took 0.016 seconds
[2024-06-18T13:15:31.423+0400] {processor.py:161} INFO - Started process (PID=55796) to work on /home/user/Desktop/airflowproj/py_env/lib/python3.10/site-packages/airflow/example_dags/plugins/event_listener.py
[2024-06-18T13:15:31.424+0400] {processor.py:830} INFO - Processing file /home/user/Desktop/airflowproj/py_env/lib/python3.10/site-packages/airflow/example_dags/plugins/event_listener.py for tasks to queue
[2024-06-18T13:15:31.425+0400] {logging_mixin.py:188} INFO - [2024-06-18T13:15:31.424+0400] {dagbag.py:545} INFO - Filling up the DagBag from /home/user/Desktop/airflowproj/py_env/lib/python3.10/site-packages/airflow/example_dags/plugins/event_listener.py
[2024-06-18T13:15:31.426+0400] {processor.py:842} WARNING - No viable dags retrieved from /home/user/Desktop/airflowproj/py_env/lib/python3.10/site-packages/airflow/example_dags/plugins/event_listener.py
[2024-06-18T13:15:31.431+0400] {processor.py:183} INFO - Processing /home/user/Desktop/airflowproj/py_env/lib/python3.10/site-packages/airflow/example_dags/plugins/event_listener.py took 0.013 seconds
[2024-06-18T13:16:11.983+0400] {processor.py:161} INFO - Started process (PID=55932) to work on /home/user/Desktop/airflowproj/py_env/lib/python3.10/site-packages/airflow/example_dags/plugins/event_listener.py
[2024-06-18T13:16:11.985+0400] {processor.py:830} INFO - Processing file /home/user/Desktop/airflowproj/py_env/lib/python3.10/site-packages/airflow/example_dags/plugins/event_listener.py for tasks to queue
[2024-06-18T13:16:11.986+0400] {logging_mixin.py:188} INFO - [2024-06-18T13:16:11.986+0400] {dagbag.py:545} INFO - Filling up the DagBag from /home/user/Desktop/airflowproj/py_env/lib/python3.10/site-packages/airflow/example_dags/plugins/event_listener.py
[2024-06-18T13:16:11.988+0400] {processor.py:842} WARNING - No viable dags retrieved from /home/user/Desktop/airflowproj/py_env/lib/python3.10/site-packages/airflow/example_dags/plugins/event_listener.py
[2024-06-18T13:16:11.994+0400] {processor.py:183} INFO - Processing /home/user/Desktop/airflowproj/py_env/lib/python3.10/site-packages/airflow/example_dags/plugins/event_listener.py took 0.015 seconds
[2024-06-18T13:16:52.580+0400] {processor.py:161} INFO - Started process (PID=56075) to work on /home/user/Desktop/airflowproj/py_env/lib/python3.10/site-packages/airflow/example_dags/plugins/event_listener.py
[2024-06-18T13:16:52.581+0400] {processor.py:830} INFO - Processing file /home/user/Desktop/airflowproj/py_env/lib/python3.10/site-packages/airflow/example_dags/plugins/event_listener.py for tasks to queue
[2024-06-18T13:16:52.582+0400] {logging_mixin.py:188} INFO - [2024-06-18T13:16:52.582+0400] {dagbag.py:545} INFO - Filling up the DagBag from /home/user/Desktop/airflowproj/py_env/lib/python3.10/site-packages/airflow/example_dags/plugins/event_listener.py
[2024-06-18T13:16:52.583+0400] {processor.py:842} WARNING - No viable dags retrieved from /home/user/Desktop/airflowproj/py_env/lib/python3.10/site-packages/airflow/example_dags/plugins/event_listener.py
[2024-06-18T13:16:52.589+0400] {processor.py:183} INFO - Processing /home/user/Desktop/airflowproj/py_env/lib/python3.10/site-packages/airflow/example_dags/plugins/event_listener.py took 0.012 seconds
[2024-06-18T13:17:27.703+0400] {processor.py:161} INFO - Started process (PID=56201) to work on /home/user/Desktop/airflowproj/py_env/lib/python3.10/site-packages/airflow/example_dags/plugins/event_listener.py
[2024-06-18T13:17:27.705+0400] {processor.py:830} INFO - Processing file /home/user/Desktop/airflowproj/py_env/lib/python3.10/site-packages/airflow/example_dags/plugins/event_listener.py for tasks to queue
[2024-06-18T13:17:27.706+0400] {logging_mixin.py:188} INFO - [2024-06-18T13:17:27.705+0400] {dagbag.py:545} INFO - Filling up the DagBag from /home/user/Desktop/airflowproj/py_env/lib/python3.10/site-packages/airflow/example_dags/plugins/event_listener.py
[2024-06-18T13:17:27.707+0400] {processor.py:842} WARNING - No viable dags retrieved from /home/user/Desktop/airflowproj/py_env/lib/python3.10/site-packages/airflow/example_dags/plugins/event_listener.py
[2024-06-18T13:17:27.712+0400] {processor.py:183} INFO - Processing /home/user/Desktop/airflowproj/py_env/lib/python3.10/site-packages/airflow/example_dags/plugins/event_listener.py took 0.013 seconds
[2024-06-18T13:18:07.401+0400] {processor.py:161} INFO - Started process (PID=56353) to work on /home/user/Desktop/airflowproj/py_env/lib/python3.10/site-packages/airflow/example_dags/plugins/event_listener.py
[2024-06-18T13:18:07.403+0400] {processor.py:830} INFO - Processing file /home/user/Desktop/airflowproj/py_env/lib/python3.10/site-packages/airflow/example_dags/plugins/event_listener.py for tasks to queue
[2024-06-18T13:18:07.404+0400] {logging_mixin.py:188} INFO - [2024-06-18T13:18:07.404+0400] {dagbag.py:545} INFO - Filling up the DagBag from /home/user/Desktop/airflowproj/py_env/lib/python3.10/site-packages/airflow/example_dags/plugins/event_listener.py
[2024-06-18T13:18:07.406+0400] {processor.py:842} WARNING - No viable dags retrieved from /home/user/Desktop/airflowproj/py_env/lib/python3.10/site-packages/airflow/example_dags/plugins/event_listener.py
[2024-06-18T13:18:07.412+0400] {processor.py:183} INFO - Processing /home/user/Desktop/airflowproj/py_env/lib/python3.10/site-packages/airflow/example_dags/plugins/event_listener.py took 0.015 seconds
[2024-06-18T13:18:47.339+0400] {processor.py:161} INFO - Started process (PID=56498) to work on /home/user/Desktop/airflowproj/py_env/lib/python3.10/site-packages/airflow/example_dags/plugins/event_listener.py
[2024-06-18T13:18:47.339+0400] {processor.py:830} INFO - Processing file /home/user/Desktop/airflowproj/py_env/lib/python3.10/site-packages/airflow/example_dags/plugins/event_listener.py for tasks to queue
[2024-06-18T13:18:47.340+0400] {logging_mixin.py:188} INFO - [2024-06-18T13:18:47.340+0400] {dagbag.py:545} INFO - Filling up the DagBag from /home/user/Desktop/airflowproj/py_env/lib/python3.10/site-packages/airflow/example_dags/plugins/event_listener.py
[2024-06-18T13:18:47.341+0400] {processor.py:842} WARNING - No viable dags retrieved from /home/user/Desktop/airflowproj/py_env/lib/python3.10/site-packages/airflow/example_dags/plugins/event_listener.py
[2024-06-18T13:18:47.346+0400] {processor.py:183} INFO - Processing /home/user/Desktop/airflowproj/py_env/lib/python3.10/site-packages/airflow/example_dags/plugins/event_listener.py took 0.012 seconds
[2024-06-18T13:19:25.659+0400] {processor.py:161} INFO - Started process (PID=56626) to work on /home/user/Desktop/airflowproj/py_env/lib/python3.10/site-packages/airflow/example_dags/plugins/event_listener.py
[2024-06-18T13:19:25.661+0400] {processor.py:830} INFO - Processing file /home/user/Desktop/airflowproj/py_env/lib/python3.10/site-packages/airflow/example_dags/plugins/event_listener.py for tasks to queue
[2024-06-18T13:19:25.662+0400] {logging_mixin.py:188} INFO - [2024-06-18T13:19:25.662+0400] {dagbag.py:545} INFO - Filling up the DagBag from /home/user/Desktop/airflowproj/py_env/lib/python3.10/site-packages/airflow/example_dags/plugins/event_listener.py
[2024-06-18T13:19:25.663+0400] {processor.py:842} WARNING - No viable dags retrieved from /home/user/Desktop/airflowproj/py_env/lib/python3.10/site-packages/airflow/example_dags/plugins/event_listener.py
[2024-06-18T13:19:25.669+0400] {processor.py:183} INFO - Processing /home/user/Desktop/airflowproj/py_env/lib/python3.10/site-packages/airflow/example_dags/plugins/event_listener.py took 0.014 seconds
[2024-06-18T13:20:04.503+0400] {processor.py:161} INFO - Started process (PID=56767) to work on /home/user/Desktop/airflowproj/py_env/lib/python3.10/site-packages/airflow/example_dags/plugins/event_listener.py
[2024-06-18T13:20:04.505+0400] {processor.py:830} INFO - Processing file /home/user/Desktop/airflowproj/py_env/lib/python3.10/site-packages/airflow/example_dags/plugins/event_listener.py for tasks to queue
[2024-06-18T13:20:04.506+0400] {logging_mixin.py:188} INFO - [2024-06-18T13:20:04.506+0400] {dagbag.py:545} INFO - Filling up the DagBag from /home/user/Desktop/airflowproj/py_env/lib/python3.10/site-packages/airflow/example_dags/plugins/event_listener.py
[2024-06-18T13:20:04.507+0400] {processor.py:842} WARNING - No viable dags retrieved from /home/user/Desktop/airflowproj/py_env/lib/python3.10/site-packages/airflow/example_dags/plugins/event_listener.py
[2024-06-18T13:20:04.512+0400] {processor.py:183} INFO - Processing /home/user/Desktop/airflowproj/py_env/lib/python3.10/site-packages/airflow/example_dags/plugins/event_listener.py took 0.013 seconds
[2024-06-18T13:20:44.345+0400] {processor.py:161} INFO - Started process (PID=56905) to work on /home/user/Desktop/airflowproj/py_env/lib/python3.10/site-packages/airflow/example_dags/plugins/event_listener.py
[2024-06-18T13:20:44.347+0400] {processor.py:830} INFO - Processing file /home/user/Desktop/airflowproj/py_env/lib/python3.10/site-packages/airflow/example_dags/plugins/event_listener.py for tasks to queue
[2024-06-18T13:20:44.348+0400] {logging_mixin.py:188} INFO - [2024-06-18T13:20:44.348+0400] {dagbag.py:545} INFO - Filling up the DagBag from /home/user/Desktop/airflowproj/py_env/lib/python3.10/site-packages/airflow/example_dags/plugins/event_listener.py
[2024-06-18T13:20:44.350+0400] {processor.py:842} WARNING - No viable dags retrieved from /home/user/Desktop/airflowproj/py_env/lib/python3.10/site-packages/airflow/example_dags/plugins/event_listener.py
[2024-06-18T13:20:44.355+0400] {processor.py:183} INFO - Processing /home/user/Desktop/airflowproj/py_env/lib/python3.10/site-packages/airflow/example_dags/plugins/event_listener.py took 0.014 seconds
[2024-06-18T13:21:22.866+0400] {processor.py:161} INFO - Started process (PID=57034) to work on /home/user/Desktop/airflowproj/py_env/lib/python3.10/site-packages/airflow/example_dags/plugins/event_listener.py
[2024-06-18T13:21:22.869+0400] {processor.py:830} INFO - Processing file /home/user/Desktop/airflowproj/py_env/lib/python3.10/site-packages/airflow/example_dags/plugins/event_listener.py for tasks to queue
[2024-06-18T13:21:22.870+0400] {logging_mixin.py:188} INFO - [2024-06-18T13:21:22.869+0400] {dagbag.py:545} INFO - Filling up the DagBag from /home/user/Desktop/airflowproj/py_env/lib/python3.10/site-packages/airflow/example_dags/plugins/event_listener.py
[2024-06-18T13:21:22.872+0400] {processor.py:842} WARNING - No viable dags retrieved from /home/user/Desktop/airflowproj/py_env/lib/python3.10/site-packages/airflow/example_dags/plugins/event_listener.py
[2024-06-18T13:21:22.878+0400] {processor.py:183} INFO - Processing /home/user/Desktop/airflowproj/py_env/lib/python3.10/site-packages/airflow/example_dags/plugins/event_listener.py took 0.016 seconds
[2024-06-18T13:22:05.116+0400] {processor.py:161} INFO - Started process (PID=57177) to work on /home/user/Desktop/airflowproj/py_env/lib/python3.10/site-packages/airflow/example_dags/plugins/event_listener.py
[2024-06-18T13:22:05.118+0400] {processor.py:830} INFO - Processing file /home/user/Desktop/airflowproj/py_env/lib/python3.10/site-packages/airflow/example_dags/plugins/event_listener.py for tasks to queue
[2024-06-18T13:22:05.119+0400] {logging_mixin.py:188} INFO - [2024-06-18T13:22:05.119+0400] {dagbag.py:545} INFO - Filling up the DagBag from /home/user/Desktop/airflowproj/py_env/lib/python3.10/site-packages/airflow/example_dags/plugins/event_listener.py
[2024-06-18T13:22:05.120+0400] {processor.py:842} WARNING - No viable dags retrieved from /home/user/Desktop/airflowproj/py_env/lib/python3.10/site-packages/airflow/example_dags/plugins/event_listener.py
[2024-06-18T13:22:05.125+0400] {processor.py:183} INFO - Processing /home/user/Desktop/airflowproj/py_env/lib/python3.10/site-packages/airflow/example_dags/plugins/event_listener.py took 0.012 seconds
[2024-06-18T13:22:43.989+0400] {processor.py:161} INFO - Started process (PID=57341) to work on /home/user/Desktop/airflowproj/py_env/lib/python3.10/site-packages/airflow/example_dags/plugins/event_listener.py
[2024-06-18T13:22:43.991+0400] {processor.py:830} INFO - Processing file /home/user/Desktop/airflowproj/py_env/lib/python3.10/site-packages/airflow/example_dags/plugins/event_listener.py for tasks to queue
[2024-06-18T13:22:43.992+0400] {logging_mixin.py:188} INFO - [2024-06-18T13:22:43.992+0400] {dagbag.py:545} INFO - Filling up the DagBag from /home/user/Desktop/airflowproj/py_env/lib/python3.10/site-packages/airflow/example_dags/plugins/event_listener.py
[2024-06-18T13:22:43.994+0400] {processor.py:842} WARNING - No viable dags retrieved from /home/user/Desktop/airflowproj/py_env/lib/python3.10/site-packages/airflow/example_dags/plugins/event_listener.py
[2024-06-18T13:22:43.999+0400] {processor.py:183} INFO - Processing /home/user/Desktop/airflowproj/py_env/lib/python3.10/site-packages/airflow/example_dags/plugins/event_listener.py took 0.014 seconds
[2024-06-18T13:23:23.460+0400] {processor.py:161} INFO - Started process (PID=57476) to work on /home/user/Desktop/airflowproj/py_env/lib/python3.10/site-packages/airflow/example_dags/plugins/event_listener.py
[2024-06-18T13:23:23.462+0400] {processor.py:830} INFO - Processing file /home/user/Desktop/airflowproj/py_env/lib/python3.10/site-packages/airflow/example_dags/plugins/event_listener.py for tasks to queue
[2024-06-18T13:23:23.464+0400] {logging_mixin.py:188} INFO - [2024-06-18T13:23:23.463+0400] {dagbag.py:545} INFO - Filling up the DagBag from /home/user/Desktop/airflowproj/py_env/lib/python3.10/site-packages/airflow/example_dags/plugins/event_listener.py
[2024-06-18T13:23:23.465+0400] {processor.py:842} WARNING - No viable dags retrieved from /home/user/Desktop/airflowproj/py_env/lib/python3.10/site-packages/airflow/example_dags/plugins/event_listener.py
[2024-06-18T13:23:23.471+0400] {processor.py:183} INFO - Processing /home/user/Desktop/airflowproj/py_env/lib/python3.10/site-packages/airflow/example_dags/plugins/event_listener.py took 0.015 seconds
[2024-06-18T13:24:02.301+0400] {processor.py:161} INFO - Started process (PID=57615) to work on /home/user/Desktop/airflowproj/py_env/lib/python3.10/site-packages/airflow/example_dags/plugins/event_listener.py
[2024-06-18T13:24:02.303+0400] {processor.py:830} INFO - Processing file /home/user/Desktop/airflowproj/py_env/lib/python3.10/site-packages/airflow/example_dags/plugins/event_listener.py for tasks to queue
[2024-06-18T13:24:02.304+0400] {logging_mixin.py:188} INFO - [2024-06-18T13:24:02.304+0400] {dagbag.py:545} INFO - Filling up the DagBag from /home/user/Desktop/airflowproj/py_env/lib/python3.10/site-packages/airflow/example_dags/plugins/event_listener.py
[2024-06-18T13:24:02.306+0400] {processor.py:842} WARNING - No viable dags retrieved from /home/user/Desktop/airflowproj/py_env/lib/python3.10/site-packages/airflow/example_dags/plugins/event_listener.py
[2024-06-18T13:24:02.311+0400] {processor.py:183} INFO - Processing /home/user/Desktop/airflowproj/py_env/lib/python3.10/site-packages/airflow/example_dags/plugins/event_listener.py took 0.015 seconds
[2024-06-18T13:24:40.125+0400] {processor.py:161} INFO - Started process (PID=57726) to work on /home/user/Desktop/airflowproj/py_env/lib/python3.10/site-packages/airflow/example_dags/plugins/event_listener.py
[2024-06-18T13:24:40.127+0400] {processor.py:830} INFO - Processing file /home/user/Desktop/airflowproj/py_env/lib/python3.10/site-packages/airflow/example_dags/plugins/event_listener.py for tasks to queue
[2024-06-18T13:24:40.128+0400] {logging_mixin.py:188} INFO - [2024-06-18T13:24:40.128+0400] {dagbag.py:545} INFO - Filling up the DagBag from /home/user/Desktop/airflowproj/py_env/lib/python3.10/site-packages/airflow/example_dags/plugins/event_listener.py
[2024-06-18T13:24:40.130+0400] {processor.py:842} WARNING - No viable dags retrieved from /home/user/Desktop/airflowproj/py_env/lib/python3.10/site-packages/airflow/example_dags/plugins/event_listener.py
[2024-06-18T13:24:40.135+0400] {processor.py:183} INFO - Processing /home/user/Desktop/airflowproj/py_env/lib/python3.10/site-packages/airflow/example_dags/plugins/event_listener.py took 0.015 seconds
[2024-06-18T13:25:18.283+0400] {processor.py:161} INFO - Started process (PID=57864) to work on /home/user/Desktop/airflowproj/py_env/lib/python3.10/site-packages/airflow/example_dags/plugins/event_listener.py
[2024-06-18T13:25:18.286+0400] {processor.py:830} INFO - Processing file /home/user/Desktop/airflowproj/py_env/lib/python3.10/site-packages/airflow/example_dags/plugins/event_listener.py for tasks to queue
[2024-06-18T13:25:18.287+0400] {logging_mixin.py:188} INFO - [2024-06-18T13:25:18.287+0400] {dagbag.py:545} INFO - Filling up the DagBag from /home/user/Desktop/airflowproj/py_env/lib/python3.10/site-packages/airflow/example_dags/plugins/event_listener.py
[2024-06-18T13:25:18.289+0400] {processor.py:842} WARNING - No viable dags retrieved from /home/user/Desktop/airflowproj/py_env/lib/python3.10/site-packages/airflow/example_dags/plugins/event_listener.py
[2024-06-18T13:25:18.294+0400] {processor.py:183} INFO - Processing /home/user/Desktop/airflowproj/py_env/lib/python3.10/site-packages/airflow/example_dags/plugins/event_listener.py took 0.015 seconds
[2024-06-18T13:25:57.748+0400] {processor.py:161} INFO - Started process (PID=57997) to work on /home/user/Desktop/airflowproj/py_env/lib/python3.10/site-packages/airflow/example_dags/plugins/event_listener.py
[2024-06-18T13:25:57.751+0400] {processor.py:830} INFO - Processing file /home/user/Desktop/airflowproj/py_env/lib/python3.10/site-packages/airflow/example_dags/plugins/event_listener.py for tasks to queue
[2024-06-18T13:25:57.752+0400] {logging_mixin.py:188} INFO - [2024-06-18T13:25:57.752+0400] {dagbag.py:545} INFO - Filling up the DagBag from /home/user/Desktop/airflowproj/py_env/lib/python3.10/site-packages/airflow/example_dags/plugins/event_listener.py
[2024-06-18T13:25:57.753+0400] {processor.py:842} WARNING - No viable dags retrieved from /home/user/Desktop/airflowproj/py_env/lib/python3.10/site-packages/airflow/example_dags/plugins/event_listener.py
[2024-06-18T13:25:57.759+0400] {processor.py:183} INFO - Processing /home/user/Desktop/airflowproj/py_env/lib/python3.10/site-packages/airflow/example_dags/plugins/event_listener.py took 0.015 seconds
[2024-06-18T13:26:37.751+0400] {processor.py:161} INFO - Started process (PID=58129) to work on /home/user/Desktop/airflowproj/py_env/lib/python3.10/site-packages/airflow/example_dags/plugins/event_listener.py
[2024-06-18T13:26:37.753+0400] {processor.py:830} INFO - Processing file /home/user/Desktop/airflowproj/py_env/lib/python3.10/site-packages/airflow/example_dags/plugins/event_listener.py for tasks to queue
[2024-06-18T13:26:37.754+0400] {logging_mixin.py:188} INFO - [2024-06-18T13:26:37.754+0400] {dagbag.py:545} INFO - Filling up the DagBag from /home/user/Desktop/airflowproj/py_env/lib/python3.10/site-packages/airflow/example_dags/plugins/event_listener.py
[2024-06-18T13:26:37.756+0400] {processor.py:842} WARNING - No viable dags retrieved from /home/user/Desktop/airflowproj/py_env/lib/python3.10/site-packages/airflow/example_dags/plugins/event_listener.py
[2024-06-18T13:26:37.761+0400] {processor.py:183} INFO - Processing /home/user/Desktop/airflowproj/py_env/lib/python3.10/site-packages/airflow/example_dags/plugins/event_listener.py took 0.015 seconds
[2024-06-18T13:27:15.437+0400] {processor.py:161} INFO - Started process (PID=58266) to work on /home/user/Desktop/airflowproj/py_env/lib/python3.10/site-packages/airflow/example_dags/plugins/event_listener.py
[2024-06-18T13:27:15.438+0400] {processor.py:830} INFO - Processing file /home/user/Desktop/airflowproj/py_env/lib/python3.10/site-packages/airflow/example_dags/plugins/event_listener.py for tasks to queue
[2024-06-18T13:27:15.439+0400] {logging_mixin.py:188} INFO - [2024-06-18T13:27:15.439+0400] {dagbag.py:545} INFO - Filling up the DagBag from /home/user/Desktop/airflowproj/py_env/lib/python3.10/site-packages/airflow/example_dags/plugins/event_listener.py
[2024-06-18T13:27:15.440+0400] {processor.py:842} WARNING - No viable dags retrieved from /home/user/Desktop/airflowproj/py_env/lib/python3.10/site-packages/airflow/example_dags/plugins/event_listener.py
[2024-06-18T13:27:15.445+0400] {processor.py:183} INFO - Processing /home/user/Desktop/airflowproj/py_env/lib/python3.10/site-packages/airflow/example_dags/plugins/event_listener.py took 0.012 seconds
[2024-06-18T13:27:52.460+0400] {processor.py:161} INFO - Started process (PID=58419) to work on /home/user/Desktop/airflowproj/py_env/lib/python3.10/site-packages/airflow/example_dags/plugins/event_listener.py
[2024-06-18T13:27:52.462+0400] {processor.py:830} INFO - Processing file /home/user/Desktop/airflowproj/py_env/lib/python3.10/site-packages/airflow/example_dags/plugins/event_listener.py for tasks to queue
[2024-06-18T13:27:52.464+0400] {logging_mixin.py:188} INFO - [2024-06-18T13:27:52.464+0400] {dagbag.py:545} INFO - Filling up the DagBag from /home/user/Desktop/airflowproj/py_env/lib/python3.10/site-packages/airflow/example_dags/plugins/event_listener.py
[2024-06-18T13:27:52.466+0400] {processor.py:842} WARNING - No viable dags retrieved from /home/user/Desktop/airflowproj/py_env/lib/python3.10/site-packages/airflow/example_dags/plugins/event_listener.py
[2024-06-18T13:27:52.472+0400] {processor.py:183} INFO - Processing /home/user/Desktop/airflowproj/py_env/lib/python3.10/site-packages/airflow/example_dags/plugins/event_listener.py took 0.019 seconds
[2024-06-18T13:28:30.952+0400] {processor.py:161} INFO - Started process (PID=58555) to work on /home/user/Desktop/airflowproj/py_env/lib/python3.10/site-packages/airflow/example_dags/plugins/event_listener.py
[2024-06-18T13:28:30.954+0400] {processor.py:830} INFO - Processing file /home/user/Desktop/airflowproj/py_env/lib/python3.10/site-packages/airflow/example_dags/plugins/event_listener.py for tasks to queue
[2024-06-18T13:28:30.955+0400] {logging_mixin.py:188} INFO - [2024-06-18T13:28:30.955+0400] {dagbag.py:545} INFO - Filling up the DagBag from /home/user/Desktop/airflowproj/py_env/lib/python3.10/site-packages/airflow/example_dags/plugins/event_listener.py
[2024-06-18T13:28:30.957+0400] {processor.py:842} WARNING - No viable dags retrieved from /home/user/Desktop/airflowproj/py_env/lib/python3.10/site-packages/airflow/example_dags/plugins/event_listener.py
[2024-06-18T13:28:30.962+0400] {processor.py:183} INFO - Processing /home/user/Desktop/airflowproj/py_env/lib/python3.10/site-packages/airflow/example_dags/plugins/event_listener.py took 0.014 seconds
[2024-06-18T13:29:09.041+0400] {processor.py:161} INFO - Started process (PID=58687) to work on /home/user/Desktop/airflowproj/py_env/lib/python3.10/site-packages/airflow/example_dags/plugins/event_listener.py
[2024-06-18T13:29:09.044+0400] {processor.py:830} INFO - Processing file /home/user/Desktop/airflowproj/py_env/lib/python3.10/site-packages/airflow/example_dags/plugins/event_listener.py for tasks to queue
[2024-06-18T13:29:09.046+0400] {logging_mixin.py:188} INFO - [2024-06-18T13:29:09.045+0400] {dagbag.py:545} INFO - Filling up the DagBag from /home/user/Desktop/airflowproj/py_env/lib/python3.10/site-packages/airflow/example_dags/plugins/event_listener.py
[2024-06-18T13:29:09.047+0400] {processor.py:842} WARNING - No viable dags retrieved from /home/user/Desktop/airflowproj/py_env/lib/python3.10/site-packages/airflow/example_dags/plugins/event_listener.py
[2024-06-18T13:29:09.053+0400] {processor.py:183} INFO - Processing /home/user/Desktop/airflowproj/py_env/lib/python3.10/site-packages/airflow/example_dags/plugins/event_listener.py took 0.016 seconds
[2024-06-18T13:29:45.655+0400] {processor.py:161} INFO - Started process (PID=58827) to work on /home/user/Desktop/airflowproj/py_env/lib/python3.10/site-packages/airflow/example_dags/plugins/event_listener.py
[2024-06-18T13:29:45.657+0400] {processor.py:830} INFO - Processing file /home/user/Desktop/airflowproj/py_env/lib/python3.10/site-packages/airflow/example_dags/plugins/event_listener.py for tasks to queue
[2024-06-18T13:29:45.659+0400] {logging_mixin.py:188} INFO - [2024-06-18T13:29:45.659+0400] {dagbag.py:545} INFO - Filling up the DagBag from /home/user/Desktop/airflowproj/py_env/lib/python3.10/site-packages/airflow/example_dags/plugins/event_listener.py
[2024-06-18T13:29:45.661+0400] {processor.py:842} WARNING - No viable dags retrieved from /home/user/Desktop/airflowproj/py_env/lib/python3.10/site-packages/airflow/example_dags/plugins/event_listener.py
[2024-06-18T13:29:45.667+0400] {processor.py:183} INFO - Processing /home/user/Desktop/airflowproj/py_env/lib/python3.10/site-packages/airflow/example_dags/plugins/event_listener.py took 0.017 seconds
[2024-06-18T13:30:23.964+0400] {processor.py:161} INFO - Started process (PID=59020) to work on /home/user/Desktop/airflowproj/py_env/lib/python3.10/site-packages/airflow/example_dags/plugins/event_listener.py
[2024-06-18T13:30:23.967+0400] {processor.py:830} INFO - Processing file /home/user/Desktop/airflowproj/py_env/lib/python3.10/site-packages/airflow/example_dags/plugins/event_listener.py for tasks to queue
[2024-06-18T13:30:23.968+0400] {logging_mixin.py:188} INFO - [2024-06-18T13:30:23.968+0400] {dagbag.py:545} INFO - Filling up the DagBag from /home/user/Desktop/airflowproj/py_env/lib/python3.10/site-packages/airflow/example_dags/plugins/event_listener.py
[2024-06-18T13:30:23.970+0400] {processor.py:842} WARNING - No viable dags retrieved from /home/user/Desktop/airflowproj/py_env/lib/python3.10/site-packages/airflow/example_dags/plugins/event_listener.py
[2024-06-18T13:30:23.977+0400] {processor.py:183} INFO - Processing /home/user/Desktop/airflowproj/py_env/lib/python3.10/site-packages/airflow/example_dags/plugins/event_listener.py took 0.016 seconds
[2024-06-18T13:31:04.065+0400] {processor.py:161} INFO - Started process (PID=59165) to work on /home/user/Desktop/airflowproj/py_env/lib/python3.10/site-packages/airflow/example_dags/plugins/event_listener.py
[2024-06-18T13:31:04.065+0400] {processor.py:830} INFO - Processing file /home/user/Desktop/airflowproj/py_env/lib/python3.10/site-packages/airflow/example_dags/plugins/event_listener.py for tasks to queue
[2024-06-18T13:31:04.066+0400] {logging_mixin.py:188} INFO - [2024-06-18T13:31:04.066+0400] {dagbag.py:545} INFO - Filling up the DagBag from /home/user/Desktop/airflowproj/py_env/lib/python3.10/site-packages/airflow/example_dags/plugins/event_listener.py
[2024-06-18T13:31:04.067+0400] {processor.py:842} WARNING - No viable dags retrieved from /home/user/Desktop/airflowproj/py_env/lib/python3.10/site-packages/airflow/example_dags/plugins/event_listener.py
[2024-06-18T13:31:04.072+0400] {processor.py:183} INFO - Processing /home/user/Desktop/airflowproj/py_env/lib/python3.10/site-packages/airflow/example_dags/plugins/event_listener.py took 0.013 seconds
[2024-06-18T13:31:45.560+0400] {processor.py:161} INFO - Started process (PID=59444) to work on /home/user/Desktop/airflowproj/py_env/lib/python3.10/site-packages/airflow/example_dags/plugins/event_listener.py
[2024-06-18T13:31:45.562+0400] {processor.py:830} INFO - Processing file /home/user/Desktop/airflowproj/py_env/lib/python3.10/site-packages/airflow/example_dags/plugins/event_listener.py for tasks to queue
[2024-06-18T13:31:45.563+0400] {logging_mixin.py:188} INFO - [2024-06-18T13:31:45.563+0400] {dagbag.py:545} INFO - Filling up the DagBag from /home/user/Desktop/airflowproj/py_env/lib/python3.10/site-packages/airflow/example_dags/plugins/event_listener.py
[2024-06-18T13:31:45.564+0400] {processor.py:842} WARNING - No viable dags retrieved from /home/user/Desktop/airflowproj/py_env/lib/python3.10/site-packages/airflow/example_dags/plugins/event_listener.py
[2024-06-18T13:31:45.570+0400] {processor.py:183} INFO - Processing /home/user/Desktop/airflowproj/py_env/lib/python3.10/site-packages/airflow/example_dags/plugins/event_listener.py took 0.014 seconds
