[2024-06-18T12:40:03.629+0400] {processor.py:161} INFO - Started process (PID=45553) to work on /home/user/Desktop/airflowproj/py_env/lib/python3.10/site-packages/airflow/example_dags/plugins/listener_plugin.py
[2024-06-18T12:40:03.630+0400] {processor.py:830} INFO - Processing file /home/user/Desktop/airflowproj/py_env/lib/python3.10/site-packages/airflow/example_dags/plugins/listener_plugin.py for tasks to queue
[2024-06-18T12:40:03.631+0400] {logging_mixin.py:188} INFO - [2024-06-18T12:40:03.631+0400] {dagbag.py:545} INFO - Filling up the DagBag from /home/user/Desktop/airflowproj/py_env/lib/python3.10/site-packages/airflow/example_dags/plugins/listener_plugin.py
[2024-06-18T12:40:03.634+0400] {processor.py:842} WARNING - No viable dags retrieved from /home/user/Desktop/airflowproj/py_env/lib/python3.10/site-packages/airflow/example_dags/plugins/listener_plugin.py
[2024-06-18T12:40:03.643+0400] {processor.py:183} INFO - Processing /home/user/Desktop/airflowproj/py_env/lib/python3.10/site-packages/airflow/example_dags/plugins/listener_plugin.py took 0.017 seconds
[2024-06-18T12:40:57.801+0400] {processor.py:161} INFO - Started process (PID=45834) to work on /home/user/Desktop/airflowproj/py_env/lib/python3.10/site-packages/airflow/example_dags/plugins/listener_plugin.py
[2024-06-18T12:40:57.803+0400] {processor.py:830} INFO - Processing file /home/user/Desktop/airflowproj/py_env/lib/python3.10/site-packages/airflow/example_dags/plugins/listener_plugin.py for tasks to queue
[2024-06-18T12:40:57.804+0400] {logging_mixin.py:188} INFO - [2024-06-18T12:40:57.803+0400] {dagbag.py:545} INFO - Filling up the DagBag from /home/user/Desktop/airflowproj/py_env/lib/python3.10/site-packages/airflow/example_dags/plugins/listener_plugin.py
[2024-06-18T12:40:57.805+0400] {processor.py:842} WARNING - No viable dags retrieved from /home/user/Desktop/airflowproj/py_env/lib/python3.10/site-packages/airflow/example_dags/plugins/listener_plugin.py
[2024-06-18T12:40:57.810+0400] {processor.py:183} INFO - Processing /home/user/Desktop/airflowproj/py_env/lib/python3.10/site-packages/airflow/example_dags/plugins/listener_plugin.py took 0.012 seconds
[2024-06-18T12:42:42.037+0400] {processor.py:161} INFO - Started process (PID=46453) to work on /home/user/Desktop/airflowproj/py_env/lib/python3.10/site-packages/airflow/example_dags/plugins/listener_plugin.py
[2024-06-18T12:42:42.038+0400] {processor.py:830} INFO - Processing file /home/user/Desktop/airflowproj/py_env/lib/python3.10/site-packages/airflow/example_dags/plugins/listener_plugin.py for tasks to queue
[2024-06-18T12:42:42.039+0400] {logging_mixin.py:188} INFO - [2024-06-18T12:42:42.038+0400] {dagbag.py:545} INFO - Filling up the DagBag from /home/user/Desktop/airflowproj/py_env/lib/python3.10/site-packages/airflow/example_dags/plugins/listener_plugin.py
[2024-06-18T12:42:42.040+0400] {processor.py:842} WARNING - No viable dags retrieved from /home/user/Desktop/airflowproj/py_env/lib/python3.10/site-packages/airflow/example_dags/plugins/listener_plugin.py
[2024-06-18T12:42:42.047+0400] {processor.py:183} INFO - Processing /home/user/Desktop/airflowproj/py_env/lib/python3.10/site-packages/airflow/example_dags/plugins/listener_plugin.py took 0.015 seconds
[2024-06-18T12:43:32.351+0400] {processor.py:161} INFO - Started process (PID=46711) to work on /home/user/Desktop/airflowproj/py_env/lib/python3.10/site-packages/airflow/example_dags/plugins/listener_plugin.py
[2024-06-18T12:43:32.353+0400] {processor.py:830} INFO - Processing file /home/user/Desktop/airflowproj/py_env/lib/python3.10/site-packages/airflow/example_dags/plugins/listener_plugin.py for tasks to queue
[2024-06-18T12:43:32.354+0400] {logging_mixin.py:188} INFO - [2024-06-18T12:43:32.354+0400] {dagbag.py:545} INFO - Filling up the DagBag from /home/user/Desktop/airflowproj/py_env/lib/python3.10/site-packages/airflow/example_dags/plugins/listener_plugin.py
[2024-06-18T12:43:32.356+0400] {processor.py:842} WARNING - No viable dags retrieved from /home/user/Desktop/airflowproj/py_env/lib/python3.10/site-packages/airflow/example_dags/plugins/listener_plugin.py
[2024-06-18T12:43:32.361+0400] {processor.py:183} INFO - Processing /home/user/Desktop/airflowproj/py_env/lib/python3.10/site-packages/airflow/example_dags/plugins/listener_plugin.py took 0.016 seconds
[2024-06-18T12:44:15.330+0400] {processor.py:161} INFO - Started process (PID=46811) to work on /home/user/Desktop/airflowproj/py_env/lib/python3.10/site-packages/airflow/example_dags/plugins/listener_plugin.py
[2024-06-18T12:44:15.332+0400] {processor.py:830} INFO - Processing file /home/user/Desktop/airflowproj/py_env/lib/python3.10/site-packages/airflow/example_dags/plugins/listener_plugin.py for tasks to queue
[2024-06-18T12:44:15.333+0400] {logging_mixin.py:188} INFO - [2024-06-18T12:44:15.333+0400] {dagbag.py:545} INFO - Filling up the DagBag from /home/user/Desktop/airflowproj/py_env/lib/python3.10/site-packages/airflow/example_dags/plugins/listener_plugin.py
[2024-06-18T12:44:15.335+0400] {processor.py:842} WARNING - No viable dags retrieved from /home/user/Desktop/airflowproj/py_env/lib/python3.10/site-packages/airflow/example_dags/plugins/listener_plugin.py
[2024-06-18T12:44:15.342+0400] {processor.py:183} INFO - Processing /home/user/Desktop/airflowproj/py_env/lib/python3.10/site-packages/airflow/example_dags/plugins/listener_plugin.py took 0.017 seconds
[2024-06-18T12:44:58.771+0400] {processor.py:161} INFO - Started process (PID=46942) to work on /home/user/Desktop/airflowproj/py_env/lib/python3.10/site-packages/airflow/example_dags/plugins/listener_plugin.py
[2024-06-18T12:44:58.774+0400] {processor.py:830} INFO - Processing file /home/user/Desktop/airflowproj/py_env/lib/python3.10/site-packages/airflow/example_dags/plugins/listener_plugin.py for tasks to queue
[2024-06-18T12:44:58.775+0400] {logging_mixin.py:188} INFO - [2024-06-18T12:44:58.774+0400] {dagbag.py:545} INFO - Filling up the DagBag from /home/user/Desktop/airflowproj/py_env/lib/python3.10/site-packages/airflow/example_dags/plugins/listener_plugin.py
[2024-06-18T12:44:58.776+0400] {processor.py:842} WARNING - No viable dags retrieved from /home/user/Desktop/airflowproj/py_env/lib/python3.10/site-packages/airflow/example_dags/plugins/listener_plugin.py
[2024-06-18T12:44:58.842+0400] {processor.py:183} INFO - Processing /home/user/Desktop/airflowproj/py_env/lib/python3.10/site-packages/airflow/example_dags/plugins/listener_plugin.py took 0.074 seconds
[2024-06-18T12:45:37.688+0400] {processor.py:161} INFO - Started process (PID=47036) to work on /home/user/Desktop/airflowproj/py_env/lib/python3.10/site-packages/airflow/example_dags/plugins/listener_plugin.py
[2024-06-18T12:45:37.689+0400] {processor.py:830} INFO - Processing file /home/user/Desktop/airflowproj/py_env/lib/python3.10/site-packages/airflow/example_dags/plugins/listener_plugin.py for tasks to queue
[2024-06-18T12:45:37.690+0400] {logging_mixin.py:188} INFO - [2024-06-18T12:45:37.690+0400] {dagbag.py:545} INFO - Filling up the DagBag from /home/user/Desktop/airflowproj/py_env/lib/python3.10/site-packages/airflow/example_dags/plugins/listener_plugin.py
[2024-06-18T12:45:37.692+0400] {processor.py:842} WARNING - No viable dags retrieved from /home/user/Desktop/airflowproj/py_env/lib/python3.10/site-packages/airflow/example_dags/plugins/listener_plugin.py
[2024-06-18T12:45:37.697+0400] {processor.py:183} INFO - Processing /home/user/Desktop/airflowproj/py_env/lib/python3.10/site-packages/airflow/example_dags/plugins/listener_plugin.py took 0.015 seconds
[2024-06-18T12:46:18.209+0400] {processor.py:161} INFO - Started process (PID=47136) to work on /home/user/Desktop/airflowproj/py_env/lib/python3.10/site-packages/airflow/example_dags/plugins/listener_plugin.py
[2024-06-18T12:46:18.211+0400] {processor.py:830} INFO - Processing file /home/user/Desktop/airflowproj/py_env/lib/python3.10/site-packages/airflow/example_dags/plugins/listener_plugin.py for tasks to queue
[2024-06-18T12:46:18.212+0400] {logging_mixin.py:188} INFO - [2024-06-18T12:46:18.212+0400] {dagbag.py:545} INFO - Filling up the DagBag from /home/user/Desktop/airflowproj/py_env/lib/python3.10/site-packages/airflow/example_dags/plugins/listener_plugin.py
[2024-06-18T12:46:18.214+0400] {processor.py:842} WARNING - No viable dags retrieved from /home/user/Desktop/airflowproj/py_env/lib/python3.10/site-packages/airflow/example_dags/plugins/listener_plugin.py
[2024-06-18T12:46:18.218+0400] {processor.py:183} INFO - Processing /home/user/Desktop/airflowproj/py_env/lib/python3.10/site-packages/airflow/example_dags/plugins/listener_plugin.py took 0.014 seconds
[2024-06-18T12:46:57.032+0400] {processor.py:161} INFO - Started process (PID=47818) to work on /home/user/Desktop/airflowproj/py_env/lib/python3.10/site-packages/airflow/example_dags/plugins/listener_plugin.py
[2024-06-18T12:46:57.035+0400] {processor.py:830} INFO - Processing file /home/user/Desktop/airflowproj/py_env/lib/python3.10/site-packages/airflow/example_dags/plugins/listener_plugin.py for tasks to queue
[2024-06-18T12:46:57.035+0400] {logging_mixin.py:188} INFO - [2024-06-18T12:46:57.035+0400] {dagbag.py:545} INFO - Filling up the DagBag from /home/user/Desktop/airflowproj/py_env/lib/python3.10/site-packages/airflow/example_dags/plugins/listener_plugin.py
[2024-06-18T12:46:57.037+0400] {processor.py:842} WARNING - No viable dags retrieved from /home/user/Desktop/airflowproj/py_env/lib/python3.10/site-packages/airflow/example_dags/plugins/listener_plugin.py
[2024-06-18T12:46:57.041+0400] {processor.py:183} INFO - Processing /home/user/Desktop/airflowproj/py_env/lib/python3.10/site-packages/airflow/example_dags/plugins/listener_plugin.py took 0.012 seconds
[2024-06-18T12:47:35.837+0400] {processor.py:161} INFO - Started process (PID=48031) to work on /home/user/Desktop/airflowproj/py_env/lib/python3.10/site-packages/airflow/example_dags/plugins/listener_plugin.py
[2024-06-18T12:47:35.839+0400] {processor.py:830} INFO - Processing file /home/user/Desktop/airflowproj/py_env/lib/python3.10/site-packages/airflow/example_dags/plugins/listener_plugin.py for tasks to queue
[2024-06-18T12:47:35.840+0400] {logging_mixin.py:188} INFO - [2024-06-18T12:47:35.840+0400] {dagbag.py:545} INFO - Filling up the DagBag from /home/user/Desktop/airflowproj/py_env/lib/python3.10/site-packages/airflow/example_dags/plugins/listener_plugin.py
[2024-06-18T12:47:35.842+0400] {processor.py:842} WARNING - No viable dags retrieved from /home/user/Desktop/airflowproj/py_env/lib/python3.10/site-packages/airflow/example_dags/plugins/listener_plugin.py
[2024-06-18T12:47:35.849+0400] {processor.py:183} INFO - Processing /home/user/Desktop/airflowproj/py_env/lib/python3.10/site-packages/airflow/example_dags/plugins/listener_plugin.py took 0.015 seconds
[2024-06-18T12:48:12.927+0400] {processor.py:161} INFO - Started process (PID=48234) to work on /home/user/Desktop/airflowproj/py_env/lib/python3.10/site-packages/airflow/example_dags/plugins/listener_plugin.py
[2024-06-18T12:48:12.930+0400] {processor.py:830} INFO - Processing file /home/user/Desktop/airflowproj/py_env/lib/python3.10/site-packages/airflow/example_dags/plugins/listener_plugin.py for tasks to queue
[2024-06-18T12:48:12.932+0400] {logging_mixin.py:188} INFO - [2024-06-18T12:48:12.931+0400] {dagbag.py:545} INFO - Filling up the DagBag from /home/user/Desktop/airflowproj/py_env/lib/python3.10/site-packages/airflow/example_dags/plugins/listener_plugin.py
[2024-06-18T12:48:12.936+0400] {processor.py:842} WARNING - No viable dags retrieved from /home/user/Desktop/airflowproj/py_env/lib/python3.10/site-packages/airflow/example_dags/plugins/listener_plugin.py
[2024-06-18T12:48:12.946+0400] {processor.py:183} INFO - Processing /home/user/Desktop/airflowproj/py_env/lib/python3.10/site-packages/airflow/example_dags/plugins/listener_plugin.py took 0.025 seconds
[2024-06-18T12:48:47.816+0400] {processor.py:161} INFO - Started process (PID=48424) to work on /home/user/Desktop/airflowproj/py_env/lib/python3.10/site-packages/airflow/example_dags/plugins/listener_plugin.py
[2024-06-18T12:48:47.818+0400] {processor.py:830} INFO - Processing file /home/user/Desktop/airflowproj/py_env/lib/python3.10/site-packages/airflow/example_dags/plugins/listener_plugin.py for tasks to queue
[2024-06-18T12:48:47.820+0400] {logging_mixin.py:188} INFO - [2024-06-18T12:48:47.819+0400] {dagbag.py:545} INFO - Filling up the DagBag from /home/user/Desktop/airflowproj/py_env/lib/python3.10/site-packages/airflow/example_dags/plugins/listener_plugin.py
[2024-06-18T12:48:47.822+0400] {processor.py:842} WARNING - No viable dags retrieved from /home/user/Desktop/airflowproj/py_env/lib/python3.10/site-packages/airflow/example_dags/plugins/listener_plugin.py
[2024-06-18T12:48:47.828+0400] {processor.py:183} INFO - Processing /home/user/Desktop/airflowproj/py_env/lib/python3.10/site-packages/airflow/example_dags/plugins/listener_plugin.py took 0.016 seconds
[2024-06-18T12:49:22.775+0400] {processor.py:161} INFO - Started process (PID=48627) to work on /home/user/Desktop/airflowproj/py_env/lib/python3.10/site-packages/airflow/example_dags/plugins/listener_plugin.py
[2024-06-18T12:49:22.777+0400] {processor.py:830} INFO - Processing file /home/user/Desktop/airflowproj/py_env/lib/python3.10/site-packages/airflow/example_dags/plugins/listener_plugin.py for tasks to queue
[2024-06-18T12:49:22.779+0400] {logging_mixin.py:188} INFO - [2024-06-18T12:49:22.778+0400] {dagbag.py:545} INFO - Filling up the DagBag from /home/user/Desktop/airflowproj/py_env/lib/python3.10/site-packages/airflow/example_dags/plugins/listener_plugin.py
[2024-06-18T12:49:22.781+0400] {processor.py:842} WARNING - No viable dags retrieved from /home/user/Desktop/airflowproj/py_env/lib/python3.10/site-packages/airflow/example_dags/plugins/listener_plugin.py
[2024-06-18T12:49:22.787+0400] {processor.py:183} INFO - Processing /home/user/Desktop/airflowproj/py_env/lib/python3.10/site-packages/airflow/example_dags/plugins/listener_plugin.py took 0.017 seconds
[2024-06-18T12:50:04.337+0400] {processor.py:161} INFO - Started process (PID=48758) to work on /home/user/Desktop/airflowproj/py_env/lib/python3.10/site-packages/airflow/example_dags/plugins/listener_plugin.py
[2024-06-18T12:50:04.339+0400] {processor.py:830} INFO - Processing file /home/user/Desktop/airflowproj/py_env/lib/python3.10/site-packages/airflow/example_dags/plugins/listener_plugin.py for tasks to queue
[2024-06-18T12:50:04.340+0400] {logging_mixin.py:188} INFO - [2024-06-18T12:50:04.340+0400] {dagbag.py:545} INFO - Filling up the DagBag from /home/user/Desktop/airflowproj/py_env/lib/python3.10/site-packages/airflow/example_dags/plugins/listener_plugin.py
[2024-06-18T12:50:04.342+0400] {processor.py:842} WARNING - No viable dags retrieved from /home/user/Desktop/airflowproj/py_env/lib/python3.10/site-packages/airflow/example_dags/plugins/listener_plugin.py
[2024-06-18T12:50:04.348+0400] {processor.py:183} INFO - Processing /home/user/Desktop/airflowproj/py_env/lib/python3.10/site-packages/airflow/example_dags/plugins/listener_plugin.py took 0.016 seconds
[2024-06-18T12:50:43.764+0400] {processor.py:161} INFO - Started process (PID=48851) to work on /home/user/Desktop/airflowproj/py_env/lib/python3.10/site-packages/airflow/example_dags/plugins/listener_plugin.py
[2024-06-18T12:50:43.766+0400] {processor.py:830} INFO - Processing file /home/user/Desktop/airflowproj/py_env/lib/python3.10/site-packages/airflow/example_dags/plugins/listener_plugin.py for tasks to queue
[2024-06-18T12:50:43.767+0400] {logging_mixin.py:188} INFO - [2024-06-18T12:50:43.767+0400] {dagbag.py:545} INFO - Filling up the DagBag from /home/user/Desktop/airflowproj/py_env/lib/python3.10/site-packages/airflow/example_dags/plugins/listener_plugin.py
[2024-06-18T12:50:43.770+0400] {processor.py:842} WARNING - No viable dags retrieved from /home/user/Desktop/airflowproj/py_env/lib/python3.10/site-packages/airflow/example_dags/plugins/listener_plugin.py
[2024-06-18T12:50:43.778+0400] {processor.py:183} INFO - Processing /home/user/Desktop/airflowproj/py_env/lib/python3.10/site-packages/airflow/example_dags/plugins/listener_plugin.py took 0.020 seconds
[2024-06-18T12:51:23.306+0400] {processor.py:161} INFO - Started process (PID=49013) to work on /home/user/Desktop/airflowproj/py_env/lib/python3.10/site-packages/airflow/example_dags/plugins/listener_plugin.py
[2024-06-18T12:51:23.306+0400] {processor.py:830} INFO - Processing file /home/user/Desktop/airflowproj/py_env/lib/python3.10/site-packages/airflow/example_dags/plugins/listener_plugin.py for tasks to queue
[2024-06-18T12:51:23.307+0400] {logging_mixin.py:188} INFO - [2024-06-18T12:51:23.307+0400] {dagbag.py:545} INFO - Filling up the DagBag from /home/user/Desktop/airflowproj/py_env/lib/python3.10/site-packages/airflow/example_dags/plugins/listener_plugin.py
[2024-06-18T12:51:23.309+0400] {processor.py:842} WARNING - No viable dags retrieved from /home/user/Desktop/airflowproj/py_env/lib/python3.10/site-packages/airflow/example_dags/plugins/listener_plugin.py
[2024-06-18T12:51:23.314+0400] {processor.py:183} INFO - Processing /home/user/Desktop/airflowproj/py_env/lib/python3.10/site-packages/airflow/example_dags/plugins/listener_plugin.py took 0.013 seconds
[2024-06-18T12:52:02.736+0400] {processor.py:161} INFO - Started process (PID=49158) to work on /home/user/Desktop/airflowproj/py_env/lib/python3.10/site-packages/airflow/example_dags/plugins/listener_plugin.py
[2024-06-18T12:52:02.738+0400] {processor.py:830} INFO - Processing file /home/user/Desktop/airflowproj/py_env/lib/python3.10/site-packages/airflow/example_dags/plugins/listener_plugin.py for tasks to queue
[2024-06-18T12:52:02.739+0400] {logging_mixin.py:188} INFO - [2024-06-18T12:52:02.738+0400] {dagbag.py:545} INFO - Filling up the DagBag from /home/user/Desktop/airflowproj/py_env/lib/python3.10/site-packages/airflow/example_dags/plugins/listener_plugin.py
[2024-06-18T12:52:02.740+0400] {processor.py:842} WARNING - No viable dags retrieved from /home/user/Desktop/airflowproj/py_env/lib/python3.10/site-packages/airflow/example_dags/plugins/listener_plugin.py
[2024-06-18T12:52:02.746+0400] {processor.py:183} INFO - Processing /home/user/Desktop/airflowproj/py_env/lib/python3.10/site-packages/airflow/example_dags/plugins/listener_plugin.py took 0.013 seconds
[2024-06-18T12:52:40.459+0400] {processor.py:161} INFO - Started process (PID=49274) to work on /home/user/Desktop/airflowproj/py_env/lib/python3.10/site-packages/airflow/example_dags/plugins/listener_plugin.py
[2024-06-18T12:52:40.461+0400] {processor.py:830} INFO - Processing file /home/user/Desktop/airflowproj/py_env/lib/python3.10/site-packages/airflow/example_dags/plugins/listener_plugin.py for tasks to queue
[2024-06-18T12:52:40.462+0400] {logging_mixin.py:188} INFO - [2024-06-18T12:52:40.462+0400] {dagbag.py:545} INFO - Filling up the DagBag from /home/user/Desktop/airflowproj/py_env/lib/python3.10/site-packages/airflow/example_dags/plugins/listener_plugin.py
[2024-06-18T12:52:40.464+0400] {processor.py:842} WARNING - No viable dags retrieved from /home/user/Desktop/airflowproj/py_env/lib/python3.10/site-packages/airflow/example_dags/plugins/listener_plugin.py
[2024-06-18T12:52:40.470+0400] {processor.py:183} INFO - Processing /home/user/Desktop/airflowproj/py_env/lib/python3.10/site-packages/airflow/example_dags/plugins/listener_plugin.py took 0.016 seconds
[2024-06-18T12:53:20.301+0400] {processor.py:161} INFO - Started process (PID=49493) to work on /home/user/Desktop/airflowproj/py_env/lib/python3.10/site-packages/airflow/example_dags/plugins/listener_plugin.py
[2024-06-18T12:53:20.303+0400] {processor.py:830} INFO - Processing file /home/user/Desktop/airflowproj/py_env/lib/python3.10/site-packages/airflow/example_dags/plugins/listener_plugin.py for tasks to queue
[2024-06-18T12:53:20.304+0400] {logging_mixin.py:188} INFO - [2024-06-18T12:53:20.304+0400] {dagbag.py:545} INFO - Filling up the DagBag from /home/user/Desktop/airflowproj/py_env/lib/python3.10/site-packages/airflow/example_dags/plugins/listener_plugin.py
[2024-06-18T12:53:20.306+0400] {processor.py:842} WARNING - No viable dags retrieved from /home/user/Desktop/airflowproj/py_env/lib/python3.10/site-packages/airflow/example_dags/plugins/listener_plugin.py
[2024-06-18T12:53:20.311+0400] {processor.py:183} INFO - Processing /home/user/Desktop/airflowproj/py_env/lib/python3.10/site-packages/airflow/example_dags/plugins/listener_plugin.py took 0.015 seconds
[2024-06-18T12:53:58.717+0400] {processor.py:161} INFO - Started process (PID=49621) to work on /home/user/Desktop/airflowproj/py_env/lib/python3.10/site-packages/airflow/example_dags/plugins/listener_plugin.py
[2024-06-18T12:53:58.719+0400] {processor.py:830} INFO - Processing file /home/user/Desktop/airflowproj/py_env/lib/python3.10/site-packages/airflow/example_dags/plugins/listener_plugin.py for tasks to queue
[2024-06-18T12:53:58.720+0400] {logging_mixin.py:188} INFO - [2024-06-18T12:53:58.720+0400] {dagbag.py:545} INFO - Filling up the DagBag from /home/user/Desktop/airflowproj/py_env/lib/python3.10/site-packages/airflow/example_dags/plugins/listener_plugin.py
[2024-06-18T12:53:58.722+0400] {processor.py:842} WARNING - No viable dags retrieved from /home/user/Desktop/airflowproj/py_env/lib/python3.10/site-packages/airflow/example_dags/plugins/listener_plugin.py
[2024-06-18T12:53:58.727+0400] {processor.py:183} INFO - Processing /home/user/Desktop/airflowproj/py_env/lib/python3.10/site-packages/airflow/example_dags/plugins/listener_plugin.py took 0.015 seconds
[2024-06-18T12:54:37.568+0400] {processor.py:161} INFO - Started process (PID=49717) to work on /home/user/Desktop/airflowproj/py_env/lib/python3.10/site-packages/airflow/example_dags/plugins/listener_plugin.py
[2024-06-18T12:54:37.568+0400] {processor.py:830} INFO - Processing file /home/user/Desktop/airflowproj/py_env/lib/python3.10/site-packages/airflow/example_dags/plugins/listener_plugin.py for tasks to queue
[2024-06-18T12:54:37.569+0400] {logging_mixin.py:188} INFO - [2024-06-18T12:54:37.569+0400] {dagbag.py:545} INFO - Filling up the DagBag from /home/user/Desktop/airflowproj/py_env/lib/python3.10/site-packages/airflow/example_dags/plugins/listener_plugin.py
[2024-06-18T12:54:37.571+0400] {processor.py:842} WARNING - No viable dags retrieved from /home/user/Desktop/airflowproj/py_env/lib/python3.10/site-packages/airflow/example_dags/plugins/listener_plugin.py
[2024-06-18T12:54:37.578+0400] {processor.py:183} INFO - Processing /home/user/Desktop/airflowproj/py_env/lib/python3.10/site-packages/airflow/example_dags/plugins/listener_plugin.py took 0.013 seconds
[2024-06-18T12:55:17.431+0400] {processor.py:161} INFO - Started process (PID=49954) to work on /home/user/Desktop/airflowproj/py_env/lib/python3.10/site-packages/airflow/example_dags/plugins/listener_plugin.py
[2024-06-18T12:55:17.433+0400] {processor.py:830} INFO - Processing file /home/user/Desktop/airflowproj/py_env/lib/python3.10/site-packages/airflow/example_dags/plugins/listener_plugin.py for tasks to queue
[2024-06-18T12:55:17.434+0400] {logging_mixin.py:188} INFO - [2024-06-18T12:55:17.434+0400] {dagbag.py:545} INFO - Filling up the DagBag from /home/user/Desktop/airflowproj/py_env/lib/python3.10/site-packages/airflow/example_dags/plugins/listener_plugin.py
[2024-06-18T12:55:17.436+0400] {processor.py:842} WARNING - No viable dags retrieved from /home/user/Desktop/airflowproj/py_env/lib/python3.10/site-packages/airflow/example_dags/plugins/listener_plugin.py
[2024-06-18T12:55:17.442+0400] {processor.py:183} INFO - Processing /home/user/Desktop/airflowproj/py_env/lib/python3.10/site-packages/airflow/example_dags/plugins/listener_plugin.py took 0.013 seconds
[2024-06-18T12:55:54.801+0400] {processor.py:161} INFO - Started process (PID=50090) to work on /home/user/Desktop/airflowproj/py_env/lib/python3.10/site-packages/airflow/example_dags/plugins/listener_plugin.py
[2024-06-18T12:55:54.803+0400] {processor.py:830} INFO - Processing file /home/user/Desktop/airflowproj/py_env/lib/python3.10/site-packages/airflow/example_dags/plugins/listener_plugin.py for tasks to queue
[2024-06-18T12:55:54.804+0400] {logging_mixin.py:188} INFO - [2024-06-18T12:55:54.804+0400] {dagbag.py:545} INFO - Filling up the DagBag from /home/user/Desktop/airflowproj/py_env/lib/python3.10/site-packages/airflow/example_dags/plugins/listener_plugin.py
[2024-06-18T12:55:54.806+0400] {processor.py:842} WARNING - No viable dags retrieved from /home/user/Desktop/airflowproj/py_env/lib/python3.10/site-packages/airflow/example_dags/plugins/listener_plugin.py
[2024-06-18T12:55:54.811+0400] {processor.py:183} INFO - Processing /home/user/Desktop/airflowproj/py_env/lib/python3.10/site-packages/airflow/example_dags/plugins/listener_plugin.py took 0.014 seconds
[2024-06-18T12:56:33.027+0400] {processor.py:161} INFO - Started process (PID=50262) to work on /home/user/Desktop/airflowproj/py_env/lib/python3.10/site-packages/airflow/example_dags/plugins/listener_plugin.py
[2024-06-18T12:56:33.030+0400] {processor.py:830} INFO - Processing file /home/user/Desktop/airflowproj/py_env/lib/python3.10/site-packages/airflow/example_dags/plugins/listener_plugin.py for tasks to queue
[2024-06-18T12:56:33.031+0400] {logging_mixin.py:188} INFO - [2024-06-18T12:56:33.031+0400] {dagbag.py:545} INFO - Filling up the DagBag from /home/user/Desktop/airflowproj/py_env/lib/python3.10/site-packages/airflow/example_dags/plugins/listener_plugin.py
[2024-06-18T12:56:33.033+0400] {processor.py:842} WARNING - No viable dags retrieved from /home/user/Desktop/airflowproj/py_env/lib/python3.10/site-packages/airflow/example_dags/plugins/listener_plugin.py
[2024-06-18T12:56:33.038+0400] {processor.py:183} INFO - Processing /home/user/Desktop/airflowproj/py_env/lib/python3.10/site-packages/airflow/example_dags/plugins/listener_plugin.py took 0.015 seconds
[2024-06-18T12:57:12.998+0400] {processor.py:161} INFO - Started process (PID=50358) to work on /home/user/Desktop/airflowproj/py_env/lib/python3.10/site-packages/airflow/example_dags/plugins/listener_plugin.py
[2024-06-18T12:57:13.000+0400] {processor.py:830} INFO - Processing file /home/user/Desktop/airflowproj/py_env/lib/python3.10/site-packages/airflow/example_dags/plugins/listener_plugin.py for tasks to queue
[2024-06-18T12:57:13.001+0400] {logging_mixin.py:188} INFO - [2024-06-18T12:57:13.001+0400] {dagbag.py:545} INFO - Filling up the DagBag from /home/user/Desktop/airflowproj/py_env/lib/python3.10/site-packages/airflow/example_dags/plugins/listener_plugin.py
[2024-06-18T12:57:13.003+0400] {processor.py:842} WARNING - No viable dags retrieved from /home/user/Desktop/airflowproj/py_env/lib/python3.10/site-packages/airflow/example_dags/plugins/listener_plugin.py
[2024-06-18T12:57:13.008+0400] {processor.py:183} INFO - Processing /home/user/Desktop/airflowproj/py_env/lib/python3.10/site-packages/airflow/example_dags/plugins/listener_plugin.py took 0.013 seconds
[2024-06-18T12:57:52.999+0400] {processor.py:161} INFO - Started process (PID=50593) to work on /home/user/Desktop/airflowproj/py_env/lib/python3.10/site-packages/airflow/example_dags/plugins/listener_plugin.py
[2024-06-18T12:57:53.000+0400] {processor.py:830} INFO - Processing file /home/user/Desktop/airflowproj/py_env/lib/python3.10/site-packages/airflow/example_dags/plugins/listener_plugin.py for tasks to queue
[2024-06-18T12:57:53.001+0400] {logging_mixin.py:188} INFO - [2024-06-18T12:57:53.001+0400] {dagbag.py:545} INFO - Filling up the DagBag from /home/user/Desktop/airflowproj/py_env/lib/python3.10/site-packages/airflow/example_dags/plugins/listener_plugin.py
[2024-06-18T12:57:53.003+0400] {processor.py:842} WARNING - No viable dags retrieved from /home/user/Desktop/airflowproj/py_env/lib/python3.10/site-packages/airflow/example_dags/plugins/listener_plugin.py
[2024-06-18T12:57:53.011+0400] {processor.py:183} INFO - Processing /home/user/Desktop/airflowproj/py_env/lib/python3.10/site-packages/airflow/example_dags/plugins/listener_plugin.py took 0.016 seconds
[2024-06-18T12:58:32.410+0400] {processor.py:161} INFO - Started process (PID=51020) to work on /home/user/Desktop/airflowproj/py_env/lib/python3.10/site-packages/airflow/example_dags/plugins/listener_plugin.py
[2024-06-18T12:58:32.413+0400] {processor.py:830} INFO - Processing file /home/user/Desktop/airflowproj/py_env/lib/python3.10/site-packages/airflow/example_dags/plugins/listener_plugin.py for tasks to queue
[2024-06-18T12:58:32.414+0400] {logging_mixin.py:188} INFO - [2024-06-18T12:58:32.414+0400] {dagbag.py:545} INFO - Filling up the DagBag from /home/user/Desktop/airflowproj/py_env/lib/python3.10/site-packages/airflow/example_dags/plugins/listener_plugin.py
[2024-06-18T12:58:32.418+0400] {processor.py:842} WARNING - No viable dags retrieved from /home/user/Desktop/airflowproj/py_env/lib/python3.10/site-packages/airflow/example_dags/plugins/listener_plugin.py
[2024-06-18T12:58:32.424+0400] {processor.py:183} INFO - Processing /home/user/Desktop/airflowproj/py_env/lib/python3.10/site-packages/airflow/example_dags/plugins/listener_plugin.py took 0.020 seconds
[2024-06-18T12:59:10.524+0400] {processor.py:161} INFO - Started process (PID=51266) to work on /home/user/Desktop/airflowproj/py_env/lib/python3.10/site-packages/airflow/example_dags/plugins/listener_plugin.py
[2024-06-18T12:59:10.527+0400] {processor.py:830} INFO - Processing file /home/user/Desktop/airflowproj/py_env/lib/python3.10/site-packages/airflow/example_dags/plugins/listener_plugin.py for tasks to queue
[2024-06-18T12:59:10.529+0400] {logging_mixin.py:188} INFO - [2024-06-18T12:59:10.528+0400] {dagbag.py:545} INFO - Filling up the DagBag from /home/user/Desktop/airflowproj/py_env/lib/python3.10/site-packages/airflow/example_dags/plugins/listener_plugin.py
[2024-06-18T12:59:10.531+0400] {processor.py:842} WARNING - No viable dags retrieved from /home/user/Desktop/airflowproj/py_env/lib/python3.10/site-packages/airflow/example_dags/plugins/listener_plugin.py
[2024-06-18T12:59:10.538+0400] {processor.py:183} INFO - Processing /home/user/Desktop/airflowproj/py_env/lib/python3.10/site-packages/airflow/example_dags/plugins/listener_plugin.py took 0.019 seconds
[2024-06-18T12:59:49.247+0400] {processor.py:161} INFO - Started process (PID=51485) to work on /home/user/Desktop/airflowproj/py_env/lib/python3.10/site-packages/airflow/example_dags/plugins/listener_plugin.py
[2024-06-18T12:59:49.249+0400] {processor.py:830} INFO - Processing file /home/user/Desktop/airflowproj/py_env/lib/python3.10/site-packages/airflow/example_dags/plugins/listener_plugin.py for tasks to queue
[2024-06-18T12:59:49.250+0400] {logging_mixin.py:188} INFO - [2024-06-18T12:59:49.250+0400] {dagbag.py:545} INFO - Filling up the DagBag from /home/user/Desktop/airflowproj/py_env/lib/python3.10/site-packages/airflow/example_dags/plugins/listener_plugin.py
[2024-06-18T12:59:49.252+0400] {processor.py:842} WARNING - No viable dags retrieved from /home/user/Desktop/airflowproj/py_env/lib/python3.10/site-packages/airflow/example_dags/plugins/listener_plugin.py
[2024-06-18T12:59:49.258+0400] {processor.py:183} INFO - Processing /home/user/Desktop/airflowproj/py_env/lib/python3.10/site-packages/airflow/example_dags/plugins/listener_plugin.py took 0.016 seconds
[2024-06-18T13:00:24.331+0400] {processor.py:161} INFO - Started process (PID=51732) to work on /home/user/Desktop/airflowproj/py_env/lib/python3.10/site-packages/airflow/example_dags/plugins/listener_plugin.py
[2024-06-18T13:00:24.333+0400] {processor.py:830} INFO - Processing file /home/user/Desktop/airflowproj/py_env/lib/python3.10/site-packages/airflow/example_dags/plugins/listener_plugin.py for tasks to queue
[2024-06-18T13:00:24.334+0400] {logging_mixin.py:188} INFO - [2024-06-18T13:00:24.334+0400] {dagbag.py:545} INFO - Filling up the DagBag from /home/user/Desktop/airflowproj/py_env/lib/python3.10/site-packages/airflow/example_dags/plugins/listener_plugin.py
[2024-06-18T13:00:24.335+0400] {processor.py:842} WARNING - No viable dags retrieved from /home/user/Desktop/airflowproj/py_env/lib/python3.10/site-packages/airflow/example_dags/plugins/listener_plugin.py
[2024-06-18T13:00:24.343+0400] {processor.py:183} INFO - Processing /home/user/Desktop/airflowproj/py_env/lib/python3.10/site-packages/airflow/example_dags/plugins/listener_plugin.py took 0.019 seconds
[2024-06-18T13:01:02.640+0400] {processor.py:161} INFO - Started process (PID=51955) to work on /home/user/Desktop/airflowproj/py_env/lib/python3.10/site-packages/airflow/example_dags/plugins/listener_plugin.py
[2024-06-18T13:01:02.642+0400] {processor.py:830} INFO - Processing file /home/user/Desktop/airflowproj/py_env/lib/python3.10/site-packages/airflow/example_dags/plugins/listener_plugin.py for tasks to queue
[2024-06-18T13:01:02.643+0400] {logging_mixin.py:188} INFO - [2024-06-18T13:01:02.643+0400] {dagbag.py:545} INFO - Filling up the DagBag from /home/user/Desktop/airflowproj/py_env/lib/python3.10/site-packages/airflow/example_dags/plugins/listener_plugin.py
[2024-06-18T13:01:02.645+0400] {processor.py:842} WARNING - No viable dags retrieved from /home/user/Desktop/airflowproj/py_env/lib/python3.10/site-packages/airflow/example_dags/plugins/listener_plugin.py
[2024-06-18T13:01:02.650+0400] {processor.py:183} INFO - Processing /home/user/Desktop/airflowproj/py_env/lib/python3.10/site-packages/airflow/example_dags/plugins/listener_plugin.py took 0.013 seconds
[2024-06-18T13:01:42.435+0400] {processor.py:161} INFO - Started process (PID=52209) to work on /home/user/Desktop/airflowproj/py_env/lib/python3.10/site-packages/airflow/example_dags/plugins/listener_plugin.py
[2024-06-18T13:01:42.440+0400] {processor.py:830} INFO - Processing file /home/user/Desktop/airflowproj/py_env/lib/python3.10/site-packages/airflow/example_dags/plugins/listener_plugin.py for tasks to queue
[2024-06-18T13:01:42.443+0400] {logging_mixin.py:188} INFO - [2024-06-18T13:01:42.442+0400] {dagbag.py:545} INFO - Filling up the DagBag from /home/user/Desktop/airflowproj/py_env/lib/python3.10/site-packages/airflow/example_dags/plugins/listener_plugin.py
[2024-06-18T13:01:42.445+0400] {processor.py:842} WARNING - No viable dags retrieved from /home/user/Desktop/airflowproj/py_env/lib/python3.10/site-packages/airflow/example_dags/plugins/listener_plugin.py
[2024-06-18T13:01:42.453+0400] {processor.py:183} INFO - Processing /home/user/Desktop/airflowproj/py_env/lib/python3.10/site-packages/airflow/example_dags/plugins/listener_plugin.py took 0.025 seconds
[2024-06-18T13:02:23.005+0400] {processor.py:161} INFO - Started process (PID=52872) to work on /home/user/Desktop/airflowproj/py_env/lib/python3.10/site-packages/airflow/example_dags/plugins/listener_plugin.py
[2024-06-18T13:02:23.008+0400] {processor.py:830} INFO - Processing file /home/user/Desktop/airflowproj/py_env/lib/python3.10/site-packages/airflow/example_dags/plugins/listener_plugin.py for tasks to queue
[2024-06-18T13:02:23.009+0400] {logging_mixin.py:188} INFO - [2024-06-18T13:02:23.008+0400] {dagbag.py:545} INFO - Filling up the DagBag from /home/user/Desktop/airflowproj/py_env/lib/python3.10/site-packages/airflow/example_dags/plugins/listener_plugin.py
[2024-06-18T13:02:23.010+0400] {processor.py:842} WARNING - No viable dags retrieved from /home/user/Desktop/airflowproj/py_env/lib/python3.10/site-packages/airflow/example_dags/plugins/listener_plugin.py
[2024-06-18T13:02:23.016+0400] {processor.py:183} INFO - Processing /home/user/Desktop/airflowproj/py_env/lib/python3.10/site-packages/airflow/example_dags/plugins/listener_plugin.py took 0.015 seconds
[2024-06-18T13:03:02.660+0400] {processor.py:161} INFO - Started process (PID=53031) to work on /home/user/Desktop/airflowproj/py_env/lib/python3.10/site-packages/airflow/example_dags/plugins/listener_plugin.py
[2024-06-18T13:03:02.662+0400] {processor.py:830} INFO - Processing file /home/user/Desktop/airflowproj/py_env/lib/python3.10/site-packages/airflow/example_dags/plugins/listener_plugin.py for tasks to queue
[2024-06-18T13:03:02.664+0400] {logging_mixin.py:188} INFO - [2024-06-18T13:03:02.664+0400] {dagbag.py:545} INFO - Filling up the DagBag from /home/user/Desktop/airflowproj/py_env/lib/python3.10/site-packages/airflow/example_dags/plugins/listener_plugin.py
[2024-06-18T13:03:02.666+0400] {processor.py:842} WARNING - No viable dags retrieved from /home/user/Desktop/airflowproj/py_env/lib/python3.10/site-packages/airflow/example_dags/plugins/listener_plugin.py
[2024-06-18T13:03:02.671+0400] {processor.py:183} INFO - Processing /home/user/Desktop/airflowproj/py_env/lib/python3.10/site-packages/airflow/example_dags/plugins/listener_plugin.py took 0.016 seconds
[2024-06-18T13:03:41.112+0400] {processor.py:161} INFO - Started process (PID=53164) to work on /home/user/Desktop/airflowproj/py_env/lib/python3.10/site-packages/airflow/example_dags/plugins/listener_plugin.py
[2024-06-18T13:03:41.115+0400] {processor.py:830} INFO - Processing file /home/user/Desktop/airflowproj/py_env/lib/python3.10/site-packages/airflow/example_dags/plugins/listener_plugin.py for tasks to queue
[2024-06-18T13:03:41.116+0400] {logging_mixin.py:188} INFO - [2024-06-18T13:03:41.116+0400] {dagbag.py:545} INFO - Filling up the DagBag from /home/user/Desktop/airflowproj/py_env/lib/python3.10/site-packages/airflow/example_dags/plugins/listener_plugin.py
[2024-06-18T13:03:41.118+0400] {processor.py:842} WARNING - No viable dags retrieved from /home/user/Desktop/airflowproj/py_env/lib/python3.10/site-packages/airflow/example_dags/plugins/listener_plugin.py
[2024-06-18T13:03:41.123+0400] {processor.py:183} INFO - Processing /home/user/Desktop/airflowproj/py_env/lib/python3.10/site-packages/airflow/example_dags/plugins/listener_plugin.py took 0.017 seconds
[2024-06-18T13:04:18.765+0400] {processor.py:161} INFO - Started process (PID=53288) to work on /home/user/Desktop/airflowproj/py_env/lib/python3.10/site-packages/airflow/example_dags/plugins/listener_plugin.py
[2024-06-18T13:04:18.767+0400] {processor.py:830} INFO - Processing file /home/user/Desktop/airflowproj/py_env/lib/python3.10/site-packages/airflow/example_dags/plugins/listener_plugin.py for tasks to queue
[2024-06-18T13:04:18.769+0400] {logging_mixin.py:188} INFO - [2024-06-18T13:04:18.768+0400] {dagbag.py:545} INFO - Filling up the DagBag from /home/user/Desktop/airflowproj/py_env/lib/python3.10/site-packages/airflow/example_dags/plugins/listener_plugin.py
[2024-06-18T13:04:18.770+0400] {processor.py:842} WARNING - No viable dags retrieved from /home/user/Desktop/airflowproj/py_env/lib/python3.10/site-packages/airflow/example_dags/plugins/listener_plugin.py
[2024-06-18T13:04:18.783+0400] {processor.py:183} INFO - Processing /home/user/Desktop/airflowproj/py_env/lib/python3.10/site-packages/airflow/example_dags/plugins/listener_plugin.py took 0.024 seconds
[2024-06-18T13:04:58.555+0400] {processor.py:161} INFO - Started process (PID=53452) to work on /home/user/Desktop/airflowproj/py_env/lib/python3.10/site-packages/airflow/example_dags/plugins/listener_plugin.py
[2024-06-18T13:04:58.558+0400] {processor.py:830} INFO - Processing file /home/user/Desktop/airflowproj/py_env/lib/python3.10/site-packages/airflow/example_dags/plugins/listener_plugin.py for tasks to queue
[2024-06-18T13:04:58.559+0400] {logging_mixin.py:188} INFO - [2024-06-18T13:04:58.559+0400] {dagbag.py:545} INFO - Filling up the DagBag from /home/user/Desktop/airflowproj/py_env/lib/python3.10/site-packages/airflow/example_dags/plugins/listener_plugin.py
[2024-06-18T13:04:58.560+0400] {processor.py:842} WARNING - No viable dags retrieved from /home/user/Desktop/airflowproj/py_env/lib/python3.10/site-packages/airflow/example_dags/plugins/listener_plugin.py
[2024-06-18T13:04:58.566+0400] {processor.py:183} INFO - Processing /home/user/Desktop/airflowproj/py_env/lib/python3.10/site-packages/airflow/example_dags/plugins/listener_plugin.py took 0.016 seconds
[2024-06-18T13:05:35.591+0400] {processor.py:161} INFO - Started process (PID=53618) to work on /home/user/Desktop/airflowproj/py_env/lib/python3.10/site-packages/airflow/example_dags/plugins/listener_plugin.py
[2024-06-18T13:05:35.593+0400] {processor.py:830} INFO - Processing file /home/user/Desktop/airflowproj/py_env/lib/python3.10/site-packages/airflow/example_dags/plugins/listener_plugin.py for tasks to queue
[2024-06-18T13:05:35.594+0400] {logging_mixin.py:188} INFO - [2024-06-18T13:05:35.594+0400] {dagbag.py:545} INFO - Filling up the DagBag from /home/user/Desktop/airflowproj/py_env/lib/python3.10/site-packages/airflow/example_dags/plugins/listener_plugin.py
[2024-06-18T13:05:35.596+0400] {processor.py:842} WARNING - No viable dags retrieved from /home/user/Desktop/airflowproj/py_env/lib/python3.10/site-packages/airflow/example_dags/plugins/listener_plugin.py
[2024-06-18T13:05:35.603+0400] {processor.py:183} INFO - Processing /home/user/Desktop/airflowproj/py_env/lib/python3.10/site-packages/airflow/example_dags/plugins/listener_plugin.py took 0.017 seconds
[2024-06-18T13:06:15.073+0400] {processor.py:161} INFO - Started process (PID=53755) to work on /home/user/Desktop/airflowproj/py_env/lib/python3.10/site-packages/airflow/example_dags/plugins/listener_plugin.py
[2024-06-18T13:06:15.075+0400] {processor.py:830} INFO - Processing file /home/user/Desktop/airflowproj/py_env/lib/python3.10/site-packages/airflow/example_dags/plugins/listener_plugin.py for tasks to queue
[2024-06-18T13:06:15.076+0400] {logging_mixin.py:188} INFO - [2024-06-18T13:06:15.076+0400] {dagbag.py:545} INFO - Filling up the DagBag from /home/user/Desktop/airflowproj/py_env/lib/python3.10/site-packages/airflow/example_dags/plugins/listener_plugin.py
[2024-06-18T13:06:15.077+0400] {processor.py:842} WARNING - No viable dags retrieved from /home/user/Desktop/airflowproj/py_env/lib/python3.10/site-packages/airflow/example_dags/plugins/listener_plugin.py
[2024-06-18T13:06:15.083+0400] {processor.py:183} INFO - Processing /home/user/Desktop/airflowproj/py_env/lib/python3.10/site-packages/airflow/example_dags/plugins/listener_plugin.py took 0.013 seconds
[2024-06-18T13:06:55.049+0400] {processor.py:161} INFO - Started process (PID=53896) to work on /home/user/Desktop/airflowproj/py_env/lib/python3.10/site-packages/airflow/example_dags/plugins/listener_plugin.py
[2024-06-18T13:06:55.053+0400] {processor.py:830} INFO - Processing file /home/user/Desktop/airflowproj/py_env/lib/python3.10/site-packages/airflow/example_dags/plugins/listener_plugin.py for tasks to queue
[2024-06-18T13:06:55.054+0400] {logging_mixin.py:188} INFO - [2024-06-18T13:06:55.054+0400] {dagbag.py:545} INFO - Filling up the DagBag from /home/user/Desktop/airflowproj/py_env/lib/python3.10/site-packages/airflow/example_dags/plugins/listener_plugin.py
[2024-06-18T13:06:55.056+0400] {processor.py:842} WARNING - No viable dags retrieved from /home/user/Desktop/airflowproj/py_env/lib/python3.10/site-packages/airflow/example_dags/plugins/listener_plugin.py
[2024-06-18T13:06:55.063+0400] {processor.py:183} INFO - Processing /home/user/Desktop/airflowproj/py_env/lib/python3.10/site-packages/airflow/example_dags/plugins/listener_plugin.py took 0.019 seconds
[2024-06-18T13:07:37.149+0400] {processor.py:161} INFO - Started process (PID=54036) to work on /home/user/Desktop/airflowproj/py_env/lib/python3.10/site-packages/airflow/example_dags/plugins/listener_plugin.py
[2024-06-18T13:07:37.152+0400] {processor.py:830} INFO - Processing file /home/user/Desktop/airflowproj/py_env/lib/python3.10/site-packages/airflow/example_dags/plugins/listener_plugin.py for tasks to queue
[2024-06-18T13:07:37.153+0400] {logging_mixin.py:188} INFO - [2024-06-18T13:07:37.153+0400] {dagbag.py:545} INFO - Filling up the DagBag from /home/user/Desktop/airflowproj/py_env/lib/python3.10/site-packages/airflow/example_dags/plugins/listener_plugin.py
[2024-06-18T13:07:37.155+0400] {processor.py:842} WARNING - No viable dags retrieved from /home/user/Desktop/airflowproj/py_env/lib/python3.10/site-packages/airflow/example_dags/plugins/listener_plugin.py
[2024-06-18T13:07:37.162+0400] {processor.py:183} INFO - Processing /home/user/Desktop/airflowproj/py_env/lib/python3.10/site-packages/airflow/example_dags/plugins/listener_plugin.py took 0.017 seconds
[2024-06-18T13:08:17.672+0400] {processor.py:161} INFO - Started process (PID=54212) to work on /home/user/Desktop/airflowproj/py_env/lib/python3.10/site-packages/airflow/example_dags/plugins/listener_plugin.py
[2024-06-18T13:08:17.674+0400] {processor.py:830} INFO - Processing file /home/user/Desktop/airflowproj/py_env/lib/python3.10/site-packages/airflow/example_dags/plugins/listener_plugin.py for tasks to queue
[2024-06-18T13:08:17.675+0400] {logging_mixin.py:188} INFO - [2024-06-18T13:08:17.675+0400] {dagbag.py:545} INFO - Filling up the DagBag from /home/user/Desktop/airflowproj/py_env/lib/python3.10/site-packages/airflow/example_dags/plugins/listener_plugin.py
[2024-06-18T13:08:17.677+0400] {processor.py:842} WARNING - No viable dags retrieved from /home/user/Desktop/airflowproj/py_env/lib/python3.10/site-packages/airflow/example_dags/plugins/listener_plugin.py
[2024-06-18T13:08:17.682+0400] {processor.py:183} INFO - Processing /home/user/Desktop/airflowproj/py_env/lib/python3.10/site-packages/airflow/example_dags/plugins/listener_plugin.py took 0.015 seconds
[2024-06-18T13:08:57.320+0400] {processor.py:161} INFO - Started process (PID=54349) to work on /home/user/Desktop/airflowproj/py_env/lib/python3.10/site-packages/airflow/example_dags/plugins/listener_plugin.py
[2024-06-18T13:08:57.322+0400] {processor.py:830} INFO - Processing file /home/user/Desktop/airflowproj/py_env/lib/python3.10/site-packages/airflow/example_dags/plugins/listener_plugin.py for tasks to queue
[2024-06-18T13:08:57.323+0400] {logging_mixin.py:188} INFO - [2024-06-18T13:08:57.323+0400] {dagbag.py:545} INFO - Filling up the DagBag from /home/user/Desktop/airflowproj/py_env/lib/python3.10/site-packages/airflow/example_dags/plugins/listener_plugin.py
[2024-06-18T13:08:57.325+0400] {processor.py:842} WARNING - No viable dags retrieved from /home/user/Desktop/airflowproj/py_env/lib/python3.10/site-packages/airflow/example_dags/plugins/listener_plugin.py
[2024-06-18T13:08:57.330+0400] {processor.py:183} INFO - Processing /home/user/Desktop/airflowproj/py_env/lib/python3.10/site-packages/airflow/example_dags/plugins/listener_plugin.py took 0.015 seconds
[2024-06-18T13:09:36.646+0400] {processor.py:161} INFO - Started process (PID=54539) to work on /home/user/Desktop/airflowproj/py_env/lib/python3.10/site-packages/airflow/example_dags/plugins/listener_plugin.py
[2024-06-18T13:09:36.648+0400] {processor.py:830} INFO - Processing file /home/user/Desktop/airflowproj/py_env/lib/python3.10/site-packages/airflow/example_dags/plugins/listener_plugin.py for tasks to queue
[2024-06-18T13:09:36.650+0400] {logging_mixin.py:188} INFO - [2024-06-18T13:09:36.649+0400] {dagbag.py:545} INFO - Filling up the DagBag from /home/user/Desktop/airflowproj/py_env/lib/python3.10/site-packages/airflow/example_dags/plugins/listener_plugin.py
[2024-06-18T13:09:36.651+0400] {processor.py:842} WARNING - No viable dags retrieved from /home/user/Desktop/airflowproj/py_env/lib/python3.10/site-packages/airflow/example_dags/plugins/listener_plugin.py
[2024-06-18T13:09:36.657+0400] {processor.py:183} INFO - Processing /home/user/Desktop/airflowproj/py_env/lib/python3.10/site-packages/airflow/example_dags/plugins/listener_plugin.py took 0.014 seconds
[2024-06-18T13:10:15.552+0400] {processor.py:161} INFO - Started process (PID=54675) to work on /home/user/Desktop/airflowproj/py_env/lib/python3.10/site-packages/airflow/example_dags/plugins/listener_plugin.py
[2024-06-18T13:10:15.553+0400] {processor.py:830} INFO - Processing file /home/user/Desktop/airflowproj/py_env/lib/python3.10/site-packages/airflow/example_dags/plugins/listener_plugin.py for tasks to queue
[2024-06-18T13:10:15.555+0400] {logging_mixin.py:188} INFO - [2024-06-18T13:10:15.555+0400] {dagbag.py:545} INFO - Filling up the DagBag from /home/user/Desktop/airflowproj/py_env/lib/python3.10/site-packages/airflow/example_dags/plugins/listener_plugin.py
[2024-06-18T13:10:15.557+0400] {processor.py:842} WARNING - No viable dags retrieved from /home/user/Desktop/airflowproj/py_env/lib/python3.10/site-packages/airflow/example_dags/plugins/listener_plugin.py
[2024-06-18T13:10:15.565+0400] {processor.py:183} INFO - Processing /home/user/Desktop/airflowproj/py_env/lib/python3.10/site-packages/airflow/example_dags/plugins/listener_plugin.py took 0.018 seconds
[2024-06-18T13:10:57.796+0400] {processor.py:161} INFO - Started process (PID=54816) to work on /home/user/Desktop/airflowproj/py_env/lib/python3.10/site-packages/airflow/example_dags/plugins/listener_plugin.py
[2024-06-18T13:10:57.798+0400] {processor.py:830} INFO - Processing file /home/user/Desktop/airflowproj/py_env/lib/python3.10/site-packages/airflow/example_dags/plugins/listener_plugin.py for tasks to queue
[2024-06-18T13:10:57.799+0400] {logging_mixin.py:188} INFO - [2024-06-18T13:10:57.799+0400] {dagbag.py:545} INFO - Filling up the DagBag from /home/user/Desktop/airflowproj/py_env/lib/python3.10/site-packages/airflow/example_dags/plugins/listener_plugin.py
[2024-06-18T13:10:57.801+0400] {processor.py:842} WARNING - No viable dags retrieved from /home/user/Desktop/airflowproj/py_env/lib/python3.10/site-packages/airflow/example_dags/plugins/listener_plugin.py
[2024-06-18T13:10:57.806+0400] {processor.py:183} INFO - Processing /home/user/Desktop/airflowproj/py_env/lib/python3.10/site-packages/airflow/example_dags/plugins/listener_plugin.py took 0.013 seconds
[2024-06-18T13:11:38.291+0400] {processor.py:161} INFO - Started process (PID=54954) to work on /home/user/Desktop/airflowproj/py_env/lib/python3.10/site-packages/airflow/example_dags/plugins/listener_plugin.py
[2024-06-18T13:11:38.293+0400] {processor.py:830} INFO - Processing file /home/user/Desktop/airflowproj/py_env/lib/python3.10/site-packages/airflow/example_dags/plugins/listener_plugin.py for tasks to queue
[2024-06-18T13:11:38.294+0400] {logging_mixin.py:188} INFO - [2024-06-18T13:11:38.294+0400] {dagbag.py:545} INFO - Filling up the DagBag from /home/user/Desktop/airflowproj/py_env/lib/python3.10/site-packages/airflow/example_dags/plugins/listener_plugin.py
[2024-06-18T13:11:38.296+0400] {processor.py:842} WARNING - No viable dags retrieved from /home/user/Desktop/airflowproj/py_env/lib/python3.10/site-packages/airflow/example_dags/plugins/listener_plugin.py
[2024-06-18T13:11:38.302+0400] {processor.py:183} INFO - Processing /home/user/Desktop/airflowproj/py_env/lib/python3.10/site-packages/airflow/example_dags/plugins/listener_plugin.py took 0.016 seconds
[2024-06-18T13:12:16.058+0400] {processor.py:161} INFO - Started process (PID=55093) to work on /home/user/Desktop/airflowproj/py_env/lib/python3.10/site-packages/airflow/example_dags/plugins/listener_plugin.py
[2024-06-18T13:12:16.061+0400] {processor.py:830} INFO - Processing file /home/user/Desktop/airflowproj/py_env/lib/python3.10/site-packages/airflow/example_dags/plugins/listener_plugin.py for tasks to queue
[2024-06-18T13:12:16.061+0400] {logging_mixin.py:188} INFO - [2024-06-18T13:12:16.061+0400] {dagbag.py:545} INFO - Filling up the DagBag from /home/user/Desktop/airflowproj/py_env/lib/python3.10/site-packages/airflow/example_dags/plugins/listener_plugin.py
[2024-06-18T13:12:16.063+0400] {processor.py:842} WARNING - No viable dags retrieved from /home/user/Desktop/airflowproj/py_env/lib/python3.10/site-packages/airflow/example_dags/plugins/listener_plugin.py
[2024-06-18T13:12:16.068+0400] {processor.py:183} INFO - Processing /home/user/Desktop/airflowproj/py_env/lib/python3.10/site-packages/airflow/example_dags/plugins/listener_plugin.py took 0.013 seconds
[2024-06-18T13:12:56.276+0400] {processor.py:161} INFO - Started process (PID=55256) to work on /home/user/Desktop/airflowproj/py_env/lib/python3.10/site-packages/airflow/example_dags/plugins/listener_plugin.py
[2024-06-18T13:12:56.278+0400] {processor.py:830} INFO - Processing file /home/user/Desktop/airflowproj/py_env/lib/python3.10/site-packages/airflow/example_dags/plugins/listener_plugin.py for tasks to queue
[2024-06-18T13:12:56.280+0400] {logging_mixin.py:188} INFO - [2024-06-18T13:12:56.279+0400] {dagbag.py:545} INFO - Filling up the DagBag from /home/user/Desktop/airflowproj/py_env/lib/python3.10/site-packages/airflow/example_dags/plugins/listener_plugin.py
[2024-06-18T13:12:56.282+0400] {processor.py:842} WARNING - No viable dags retrieved from /home/user/Desktop/airflowproj/py_env/lib/python3.10/site-packages/airflow/example_dags/plugins/listener_plugin.py
[2024-06-18T13:12:56.289+0400] {processor.py:183} INFO - Processing /home/user/Desktop/airflowproj/py_env/lib/python3.10/site-packages/airflow/example_dags/plugins/listener_plugin.py took 0.019 seconds
[2024-06-18T13:13:36.040+0400] {processor.py:161} INFO - Started process (PID=55395) to work on /home/user/Desktop/airflowproj/py_env/lib/python3.10/site-packages/airflow/example_dags/plugins/listener_plugin.py
[2024-06-18T13:13:36.042+0400] {processor.py:830} INFO - Processing file /home/user/Desktop/airflowproj/py_env/lib/python3.10/site-packages/airflow/example_dags/plugins/listener_plugin.py for tasks to queue
[2024-06-18T13:13:36.043+0400] {logging_mixin.py:188} INFO - [2024-06-18T13:13:36.043+0400] {dagbag.py:545} INFO - Filling up the DagBag from /home/user/Desktop/airflowproj/py_env/lib/python3.10/site-packages/airflow/example_dags/plugins/listener_plugin.py
[2024-06-18T13:13:36.044+0400] {processor.py:842} WARNING - No viable dags retrieved from /home/user/Desktop/airflowproj/py_env/lib/python3.10/site-packages/airflow/example_dags/plugins/listener_plugin.py
[2024-06-18T13:13:36.049+0400] {processor.py:183} INFO - Processing /home/user/Desktop/airflowproj/py_env/lib/python3.10/site-packages/airflow/example_dags/plugins/listener_plugin.py took 0.012 seconds
[2024-06-18T13:14:16.009+0400] {processor.py:161} INFO - Started process (PID=55547) to work on /home/user/Desktop/airflowproj/py_env/lib/python3.10/site-packages/airflow/example_dags/plugins/listener_plugin.py
[2024-06-18T13:14:16.010+0400] {processor.py:830} INFO - Processing file /home/user/Desktop/airflowproj/py_env/lib/python3.10/site-packages/airflow/example_dags/plugins/listener_plugin.py for tasks to queue
[2024-06-18T13:14:16.011+0400] {logging_mixin.py:188} INFO - [2024-06-18T13:14:16.011+0400] {dagbag.py:545} INFO - Filling up the DagBag from /home/user/Desktop/airflowproj/py_env/lib/python3.10/site-packages/airflow/example_dags/plugins/listener_plugin.py
[2024-06-18T13:14:16.012+0400] {processor.py:842} WARNING - No viable dags retrieved from /home/user/Desktop/airflowproj/py_env/lib/python3.10/site-packages/airflow/example_dags/plugins/listener_plugin.py
[2024-06-18T13:14:16.017+0400] {processor.py:183} INFO - Processing /home/user/Desktop/airflowproj/py_env/lib/python3.10/site-packages/airflow/example_dags/plugins/listener_plugin.py took 0.010 seconds
[2024-06-18T13:14:53.840+0400] {processor.py:161} INFO - Started process (PID=55659) to work on /home/user/Desktop/airflowproj/py_env/lib/python3.10/site-packages/airflow/example_dags/plugins/listener_plugin.py
[2024-06-18T13:14:53.842+0400] {processor.py:830} INFO - Processing file /home/user/Desktop/airflowproj/py_env/lib/python3.10/site-packages/airflow/example_dags/plugins/listener_plugin.py for tasks to queue
[2024-06-18T13:14:53.843+0400] {logging_mixin.py:188} INFO - [2024-06-18T13:14:53.843+0400] {dagbag.py:545} INFO - Filling up the DagBag from /home/user/Desktop/airflowproj/py_env/lib/python3.10/site-packages/airflow/example_dags/plugins/listener_plugin.py
[2024-06-18T13:14:53.845+0400] {processor.py:842} WARNING - No viable dags retrieved from /home/user/Desktop/airflowproj/py_env/lib/python3.10/site-packages/airflow/example_dags/plugins/listener_plugin.py
[2024-06-18T13:14:53.850+0400] {processor.py:183} INFO - Processing /home/user/Desktop/airflowproj/py_env/lib/python3.10/site-packages/airflow/example_dags/plugins/listener_plugin.py took 0.014 seconds
[2024-06-18T13:15:32.016+0400] {processor.py:161} INFO - Started process (PID=55797) to work on /home/user/Desktop/airflowproj/py_env/lib/python3.10/site-packages/airflow/example_dags/plugins/listener_plugin.py
[2024-06-18T13:15:32.018+0400] {processor.py:830} INFO - Processing file /home/user/Desktop/airflowproj/py_env/lib/python3.10/site-packages/airflow/example_dags/plugins/listener_plugin.py for tasks to queue
[2024-06-18T13:15:32.019+0400] {logging_mixin.py:188} INFO - [2024-06-18T13:15:32.019+0400] {dagbag.py:545} INFO - Filling up the DagBag from /home/user/Desktop/airflowproj/py_env/lib/python3.10/site-packages/airflow/example_dags/plugins/listener_plugin.py
[2024-06-18T13:15:32.021+0400] {processor.py:842} WARNING - No viable dags retrieved from /home/user/Desktop/airflowproj/py_env/lib/python3.10/site-packages/airflow/example_dags/plugins/listener_plugin.py
[2024-06-18T13:15:32.026+0400] {processor.py:183} INFO - Processing /home/user/Desktop/airflowproj/py_env/lib/python3.10/site-packages/airflow/example_dags/plugins/listener_plugin.py took 0.015 seconds
[2024-06-18T13:16:13.125+0400] {processor.py:161} INFO - Started process (PID=55935) to work on /home/user/Desktop/airflowproj/py_env/lib/python3.10/site-packages/airflow/example_dags/plugins/listener_plugin.py
[2024-06-18T13:16:13.127+0400] {processor.py:830} INFO - Processing file /home/user/Desktop/airflowproj/py_env/lib/python3.10/site-packages/airflow/example_dags/plugins/listener_plugin.py for tasks to queue
[2024-06-18T13:16:13.128+0400] {logging_mixin.py:188} INFO - [2024-06-18T13:16:13.128+0400] {dagbag.py:545} INFO - Filling up the DagBag from /home/user/Desktop/airflowproj/py_env/lib/python3.10/site-packages/airflow/example_dags/plugins/listener_plugin.py
[2024-06-18T13:16:13.130+0400] {processor.py:842} WARNING - No viable dags retrieved from /home/user/Desktop/airflowproj/py_env/lib/python3.10/site-packages/airflow/example_dags/plugins/listener_plugin.py
[2024-06-18T13:16:13.136+0400] {processor.py:183} INFO - Processing /home/user/Desktop/airflowproj/py_env/lib/python3.10/site-packages/airflow/example_dags/plugins/listener_plugin.py took 0.015 seconds
[2024-06-18T13:16:53.725+0400] {processor.py:161} INFO - Started process (PID=56076) to work on /home/user/Desktop/airflowproj/py_env/lib/python3.10/site-packages/airflow/example_dags/plugins/listener_plugin.py
[2024-06-18T13:16:53.727+0400] {processor.py:830} INFO - Processing file /home/user/Desktop/airflowproj/py_env/lib/python3.10/site-packages/airflow/example_dags/plugins/listener_plugin.py for tasks to queue
[2024-06-18T13:16:53.729+0400] {logging_mixin.py:188} INFO - [2024-06-18T13:16:53.728+0400] {dagbag.py:545} INFO - Filling up the DagBag from /home/user/Desktop/airflowproj/py_env/lib/python3.10/site-packages/airflow/example_dags/plugins/listener_plugin.py
[2024-06-18T13:16:53.731+0400] {processor.py:842} WARNING - No viable dags retrieved from /home/user/Desktop/airflowproj/py_env/lib/python3.10/site-packages/airflow/example_dags/plugins/listener_plugin.py
[2024-06-18T13:16:53.737+0400] {processor.py:183} INFO - Processing /home/user/Desktop/airflowproj/py_env/lib/python3.10/site-packages/airflow/example_dags/plugins/listener_plugin.py took 0.016 seconds
[2024-06-18T13:17:28.838+0400] {processor.py:161} INFO - Started process (PID=56204) to work on /home/user/Desktop/airflowproj/py_env/lib/python3.10/site-packages/airflow/example_dags/plugins/listener_plugin.py
[2024-06-18T13:17:28.840+0400] {processor.py:830} INFO - Processing file /home/user/Desktop/airflowproj/py_env/lib/python3.10/site-packages/airflow/example_dags/plugins/listener_plugin.py for tasks to queue
[2024-06-18T13:17:28.841+0400] {logging_mixin.py:188} INFO - [2024-06-18T13:17:28.841+0400] {dagbag.py:545} INFO - Filling up the DagBag from /home/user/Desktop/airflowproj/py_env/lib/python3.10/site-packages/airflow/example_dags/plugins/listener_plugin.py
[2024-06-18T13:17:28.843+0400] {processor.py:842} WARNING - No viable dags retrieved from /home/user/Desktop/airflowproj/py_env/lib/python3.10/site-packages/airflow/example_dags/plugins/listener_plugin.py
[2024-06-18T13:17:28.848+0400] {processor.py:183} INFO - Processing /home/user/Desktop/airflowproj/py_env/lib/python3.10/site-packages/airflow/example_dags/plugins/listener_plugin.py took 0.015 seconds
[2024-06-18T13:18:08.542+0400] {processor.py:161} INFO - Started process (PID=56371) to work on /home/user/Desktop/airflowproj/py_env/lib/python3.10/site-packages/airflow/example_dags/plugins/listener_plugin.py
[2024-06-18T13:18:08.544+0400] {processor.py:830} INFO - Processing file /home/user/Desktop/airflowproj/py_env/lib/python3.10/site-packages/airflow/example_dags/plugins/listener_plugin.py for tasks to queue
[2024-06-18T13:18:08.546+0400] {logging_mixin.py:188} INFO - [2024-06-18T13:18:08.545+0400] {dagbag.py:545} INFO - Filling up the DagBag from /home/user/Desktop/airflowproj/py_env/lib/python3.10/site-packages/airflow/example_dags/plugins/listener_plugin.py
[2024-06-18T13:18:08.547+0400] {processor.py:842} WARNING - No viable dags retrieved from /home/user/Desktop/airflowproj/py_env/lib/python3.10/site-packages/airflow/example_dags/plugins/listener_plugin.py
[2024-06-18T13:18:08.554+0400] {processor.py:183} INFO - Processing /home/user/Desktop/airflowproj/py_env/lib/python3.10/site-packages/airflow/example_dags/plugins/listener_plugin.py took 0.018 seconds
[2024-06-18T13:18:48.483+0400] {processor.py:161} INFO - Started process (PID=56515) to work on /home/user/Desktop/airflowproj/py_env/lib/python3.10/site-packages/airflow/example_dags/plugins/listener_plugin.py
[2024-06-18T13:18:48.485+0400] {processor.py:830} INFO - Processing file /home/user/Desktop/airflowproj/py_env/lib/python3.10/site-packages/airflow/example_dags/plugins/listener_plugin.py for tasks to queue
[2024-06-18T13:18:48.486+0400] {logging_mixin.py:188} INFO - [2024-06-18T13:18:48.486+0400] {dagbag.py:545} INFO - Filling up the DagBag from /home/user/Desktop/airflowproj/py_env/lib/python3.10/site-packages/airflow/example_dags/plugins/listener_plugin.py
[2024-06-18T13:18:48.489+0400] {processor.py:842} WARNING - No viable dags retrieved from /home/user/Desktop/airflowproj/py_env/lib/python3.10/site-packages/airflow/example_dags/plugins/listener_plugin.py
[2024-06-18T13:18:48.494+0400] {processor.py:183} INFO - Processing /home/user/Desktop/airflowproj/py_env/lib/python3.10/site-packages/airflow/example_dags/plugins/listener_plugin.py took 0.014 seconds
[2024-06-18T13:19:26.159+0400] {processor.py:161} INFO - Started process (PID=56627) to work on /home/user/Desktop/airflowproj/py_env/lib/python3.10/site-packages/airflow/example_dags/plugins/listener_plugin.py
[2024-06-18T13:19:26.162+0400] {processor.py:830} INFO - Processing file /home/user/Desktop/airflowproj/py_env/lib/python3.10/site-packages/airflow/example_dags/plugins/listener_plugin.py for tasks to queue
[2024-06-18T13:19:26.164+0400] {logging_mixin.py:188} INFO - [2024-06-18T13:19:26.164+0400] {dagbag.py:545} INFO - Filling up the DagBag from /home/user/Desktop/airflowproj/py_env/lib/python3.10/site-packages/airflow/example_dags/plugins/listener_plugin.py
[2024-06-18T13:19:26.167+0400] {processor.py:842} WARNING - No viable dags retrieved from /home/user/Desktop/airflowproj/py_env/lib/python3.10/site-packages/airflow/example_dags/plugins/listener_plugin.py
[2024-06-18T13:19:26.173+0400] {processor.py:183} INFO - Processing /home/user/Desktop/airflowproj/py_env/lib/python3.10/site-packages/airflow/example_dags/plugins/listener_plugin.py took 0.019 seconds
[2024-06-18T13:20:05.656+0400] {processor.py:161} INFO - Started process (PID=56768) to work on /home/user/Desktop/airflowproj/py_env/lib/python3.10/site-packages/airflow/example_dags/plugins/listener_plugin.py
[2024-06-18T13:20:05.658+0400] {processor.py:830} INFO - Processing file /home/user/Desktop/airflowproj/py_env/lib/python3.10/site-packages/airflow/example_dags/plugins/listener_plugin.py for tasks to queue
[2024-06-18T13:20:05.659+0400] {logging_mixin.py:188} INFO - [2024-06-18T13:20:05.659+0400] {dagbag.py:545} INFO - Filling up the DagBag from /home/user/Desktop/airflowproj/py_env/lib/python3.10/site-packages/airflow/example_dags/plugins/listener_plugin.py
[2024-06-18T13:20:05.661+0400] {processor.py:842} WARNING - No viable dags retrieved from /home/user/Desktop/airflowproj/py_env/lib/python3.10/site-packages/airflow/example_dags/plugins/listener_plugin.py
[2024-06-18T13:20:05.667+0400] {processor.py:183} INFO - Processing /home/user/Desktop/airflowproj/py_env/lib/python3.10/site-packages/airflow/example_dags/plugins/listener_plugin.py took 0.016 seconds
[2024-06-18T13:20:45.483+0400] {processor.py:161} INFO - Started process (PID=56906) to work on /home/user/Desktop/airflowproj/py_env/lib/python3.10/site-packages/airflow/example_dags/plugins/listener_plugin.py
[2024-06-18T13:20:45.485+0400] {processor.py:830} INFO - Processing file /home/user/Desktop/airflowproj/py_env/lib/python3.10/site-packages/airflow/example_dags/plugins/listener_plugin.py for tasks to queue
[2024-06-18T13:20:45.486+0400] {logging_mixin.py:188} INFO - [2024-06-18T13:20:45.486+0400] {dagbag.py:545} INFO - Filling up the DagBag from /home/user/Desktop/airflowproj/py_env/lib/python3.10/site-packages/airflow/example_dags/plugins/listener_plugin.py
[2024-06-18T13:20:45.488+0400] {processor.py:842} WARNING - No viable dags retrieved from /home/user/Desktop/airflowproj/py_env/lib/python3.10/site-packages/airflow/example_dags/plugins/listener_plugin.py
[2024-06-18T13:20:45.493+0400] {processor.py:183} INFO - Processing /home/user/Desktop/airflowproj/py_env/lib/python3.10/site-packages/airflow/example_dags/plugins/listener_plugin.py took 0.014 seconds
[2024-06-18T13:21:24.010+0400] {processor.py:161} INFO - Started process (PID=57035) to work on /home/user/Desktop/airflowproj/py_env/lib/python3.10/site-packages/airflow/example_dags/plugins/listener_plugin.py
[2024-06-18T13:21:24.011+0400] {processor.py:830} INFO - Processing file /home/user/Desktop/airflowproj/py_env/lib/python3.10/site-packages/airflow/example_dags/plugins/listener_plugin.py for tasks to queue
[2024-06-18T13:21:24.012+0400] {logging_mixin.py:188} INFO - [2024-06-18T13:21:24.012+0400] {dagbag.py:545} INFO - Filling up the DagBag from /home/user/Desktop/airflowproj/py_env/lib/python3.10/site-packages/airflow/example_dags/plugins/listener_plugin.py
[2024-06-18T13:21:24.013+0400] {processor.py:842} WARNING - No viable dags retrieved from /home/user/Desktop/airflowproj/py_env/lib/python3.10/site-packages/airflow/example_dags/plugins/listener_plugin.py
[2024-06-18T13:21:24.020+0400] {processor.py:183} INFO - Processing /home/user/Desktop/airflowproj/py_env/lib/python3.10/site-packages/airflow/example_dags/plugins/listener_plugin.py took 0.014 seconds
[2024-06-18T13:22:06.256+0400] {processor.py:161} INFO - Started process (PID=57178) to work on /home/user/Desktop/airflowproj/py_env/lib/python3.10/site-packages/airflow/example_dags/plugins/listener_plugin.py
[2024-06-18T13:22:06.258+0400] {processor.py:830} INFO - Processing file /home/user/Desktop/airflowproj/py_env/lib/python3.10/site-packages/airflow/example_dags/plugins/listener_plugin.py for tasks to queue
[2024-06-18T13:22:06.259+0400] {logging_mixin.py:188} INFO - [2024-06-18T13:22:06.259+0400] {dagbag.py:545} INFO - Filling up the DagBag from /home/user/Desktop/airflowproj/py_env/lib/python3.10/site-packages/airflow/example_dags/plugins/listener_plugin.py
[2024-06-18T13:22:06.261+0400] {processor.py:842} WARNING - No viable dags retrieved from /home/user/Desktop/airflowproj/py_env/lib/python3.10/site-packages/airflow/example_dags/plugins/listener_plugin.py
[2024-06-18T13:22:06.267+0400] {processor.py:183} INFO - Processing /home/user/Desktop/airflowproj/py_env/lib/python3.10/site-packages/airflow/example_dags/plugins/listener_plugin.py took 0.015 seconds
[2024-06-18T13:22:44.359+0400] {processor.py:161} INFO - Started process (PID=57342) to work on /home/user/Desktop/airflowproj/py_env/lib/python3.10/site-packages/airflow/example_dags/plugins/listener_plugin.py
[2024-06-18T13:22:44.361+0400] {processor.py:830} INFO - Processing file /home/user/Desktop/airflowproj/py_env/lib/python3.10/site-packages/airflow/example_dags/plugins/listener_plugin.py for tasks to queue
[2024-06-18T13:22:44.362+0400] {logging_mixin.py:188} INFO - [2024-06-18T13:22:44.362+0400] {dagbag.py:545} INFO - Filling up the DagBag from /home/user/Desktop/airflowproj/py_env/lib/python3.10/site-packages/airflow/example_dags/plugins/listener_plugin.py
[2024-06-18T13:22:44.364+0400] {processor.py:842} WARNING - No viable dags retrieved from /home/user/Desktop/airflowproj/py_env/lib/python3.10/site-packages/airflow/example_dags/plugins/listener_plugin.py
[2024-06-18T13:22:44.369+0400] {processor.py:183} INFO - Processing /home/user/Desktop/airflowproj/py_env/lib/python3.10/site-packages/airflow/example_dags/plugins/listener_plugin.py took 0.015 seconds
[2024-06-18T13:23:24.597+0400] {processor.py:161} INFO - Started process (PID=57477) to work on /home/user/Desktop/airflowproj/py_env/lib/python3.10/site-packages/airflow/example_dags/plugins/listener_plugin.py
[2024-06-18T13:23:24.599+0400] {processor.py:830} INFO - Processing file /home/user/Desktop/airflowproj/py_env/lib/python3.10/site-packages/airflow/example_dags/plugins/listener_plugin.py for tasks to queue
[2024-06-18T13:23:24.601+0400] {logging_mixin.py:188} INFO - [2024-06-18T13:23:24.600+0400] {dagbag.py:545} INFO - Filling up the DagBag from /home/user/Desktop/airflowproj/py_env/lib/python3.10/site-packages/airflow/example_dags/plugins/listener_plugin.py
[2024-06-18T13:23:24.604+0400] {processor.py:842} WARNING - No viable dags retrieved from /home/user/Desktop/airflowproj/py_env/lib/python3.10/site-packages/airflow/example_dags/plugins/listener_plugin.py
[2024-06-18T13:23:24.611+0400] {processor.py:183} INFO - Processing /home/user/Desktop/airflowproj/py_env/lib/python3.10/site-packages/airflow/example_dags/plugins/listener_plugin.py took 0.019 seconds
[2024-06-18T13:24:03.446+0400] {processor.py:161} INFO - Started process (PID=57617) to work on /home/user/Desktop/airflowproj/py_env/lib/python3.10/site-packages/airflow/example_dags/plugins/listener_plugin.py
[2024-06-18T13:24:03.449+0400] {processor.py:830} INFO - Processing file /home/user/Desktop/airflowproj/py_env/lib/python3.10/site-packages/airflow/example_dags/plugins/listener_plugin.py for tasks to queue
[2024-06-18T13:24:03.450+0400] {logging_mixin.py:188} INFO - [2024-06-18T13:24:03.450+0400] {dagbag.py:545} INFO - Filling up the DagBag from /home/user/Desktop/airflowproj/py_env/lib/python3.10/site-packages/airflow/example_dags/plugins/listener_plugin.py
[2024-06-18T13:24:03.452+0400] {processor.py:842} WARNING - No viable dags retrieved from /home/user/Desktop/airflowproj/py_env/lib/python3.10/site-packages/airflow/example_dags/plugins/listener_plugin.py
[2024-06-18T13:24:03.457+0400] {processor.py:183} INFO - Processing /home/user/Desktop/airflowproj/py_env/lib/python3.10/site-packages/airflow/example_dags/plugins/listener_plugin.py took 0.015 seconds
[2024-06-18T13:24:41.260+0400] {processor.py:161} INFO - Started process (PID=57728) to work on /home/user/Desktop/airflowproj/py_env/lib/python3.10/site-packages/airflow/example_dags/plugins/listener_plugin.py
[2024-06-18T13:24:41.263+0400] {processor.py:830} INFO - Processing file /home/user/Desktop/airflowproj/py_env/lib/python3.10/site-packages/airflow/example_dags/plugins/listener_plugin.py for tasks to queue
[2024-06-18T13:24:41.264+0400] {logging_mixin.py:188} INFO - [2024-06-18T13:24:41.264+0400] {dagbag.py:545} INFO - Filling up the DagBag from /home/user/Desktop/airflowproj/py_env/lib/python3.10/site-packages/airflow/example_dags/plugins/listener_plugin.py
[2024-06-18T13:24:41.266+0400] {processor.py:842} WARNING - No viable dags retrieved from /home/user/Desktop/airflowproj/py_env/lib/python3.10/site-packages/airflow/example_dags/plugins/listener_plugin.py
[2024-06-18T13:24:41.272+0400] {processor.py:183} INFO - Processing /home/user/Desktop/airflowproj/py_env/lib/python3.10/site-packages/airflow/example_dags/plugins/listener_plugin.py took 0.015 seconds
[2024-06-18T13:25:19.433+0400] {processor.py:161} INFO - Started process (PID=57865) to work on /home/user/Desktop/airflowproj/py_env/lib/python3.10/site-packages/airflow/example_dags/plugins/listener_plugin.py
[2024-06-18T13:25:19.435+0400] {processor.py:830} INFO - Processing file /home/user/Desktop/airflowproj/py_env/lib/python3.10/site-packages/airflow/example_dags/plugins/listener_plugin.py for tasks to queue
[2024-06-18T13:25:19.437+0400] {logging_mixin.py:188} INFO - [2024-06-18T13:25:19.436+0400] {dagbag.py:545} INFO - Filling up the DagBag from /home/user/Desktop/airflowproj/py_env/lib/python3.10/site-packages/airflow/example_dags/plugins/listener_plugin.py
[2024-06-18T13:25:19.439+0400] {processor.py:842} WARNING - No viable dags retrieved from /home/user/Desktop/airflowproj/py_env/lib/python3.10/site-packages/airflow/example_dags/plugins/listener_plugin.py
[2024-06-18T13:25:19.446+0400] {processor.py:183} INFO - Processing /home/user/Desktop/airflowproj/py_env/lib/python3.10/site-packages/airflow/example_dags/plugins/listener_plugin.py took 0.018 seconds
[2024-06-18T13:25:58.890+0400] {processor.py:161} INFO - Started process (PID=57998) to work on /home/user/Desktop/airflowproj/py_env/lib/python3.10/site-packages/airflow/example_dags/plugins/listener_plugin.py
[2024-06-18T13:25:58.891+0400] {processor.py:830} INFO - Processing file /home/user/Desktop/airflowproj/py_env/lib/python3.10/site-packages/airflow/example_dags/plugins/listener_plugin.py for tasks to queue
[2024-06-18T13:25:58.891+0400] {logging_mixin.py:188} INFO - [2024-06-18T13:25:58.891+0400] {dagbag.py:545} INFO - Filling up the DagBag from /home/user/Desktop/airflowproj/py_env/lib/python3.10/site-packages/airflow/example_dags/plugins/listener_plugin.py
[2024-06-18T13:25:58.893+0400] {processor.py:842} WARNING - No viable dags retrieved from /home/user/Desktop/airflowproj/py_env/lib/python3.10/site-packages/airflow/example_dags/plugins/listener_plugin.py
[2024-06-18T13:25:58.898+0400] {processor.py:183} INFO - Processing /home/user/Desktop/airflowproj/py_env/lib/python3.10/site-packages/airflow/example_dags/plugins/listener_plugin.py took 0.012 seconds
[2024-06-18T13:26:38.891+0400] {processor.py:161} INFO - Started process (PID=58131) to work on /home/user/Desktop/airflowproj/py_env/lib/python3.10/site-packages/airflow/example_dags/plugins/listener_plugin.py
[2024-06-18T13:26:38.893+0400] {processor.py:830} INFO - Processing file /home/user/Desktop/airflowproj/py_env/lib/python3.10/site-packages/airflow/example_dags/plugins/listener_plugin.py for tasks to queue
[2024-06-18T13:26:38.894+0400] {logging_mixin.py:188} INFO - [2024-06-18T13:26:38.894+0400] {dagbag.py:545} INFO - Filling up the DagBag from /home/user/Desktop/airflowproj/py_env/lib/python3.10/site-packages/airflow/example_dags/plugins/listener_plugin.py
[2024-06-18T13:26:38.896+0400] {processor.py:842} WARNING - No viable dags retrieved from /home/user/Desktop/airflowproj/py_env/lib/python3.10/site-packages/airflow/example_dags/plugins/listener_plugin.py
[2024-06-18T13:26:38.902+0400] {processor.py:183} INFO - Processing /home/user/Desktop/airflowproj/py_env/lib/python3.10/site-packages/airflow/example_dags/plugins/listener_plugin.py took 0.016 seconds
[2024-06-18T13:27:16.579+0400] {processor.py:161} INFO - Started process (PID=58267) to work on /home/user/Desktop/airflowproj/py_env/lib/python3.10/site-packages/airflow/example_dags/plugins/listener_plugin.py
[2024-06-18T13:27:16.581+0400] {processor.py:830} INFO - Processing file /home/user/Desktop/airflowproj/py_env/lib/python3.10/site-packages/airflow/example_dags/plugins/listener_plugin.py for tasks to queue
[2024-06-18T13:27:16.582+0400] {logging_mixin.py:188} INFO - [2024-06-18T13:27:16.582+0400] {dagbag.py:545} INFO - Filling up the DagBag from /home/user/Desktop/airflowproj/py_env/lib/python3.10/site-packages/airflow/example_dags/plugins/listener_plugin.py
[2024-06-18T13:27:16.584+0400] {processor.py:842} WARNING - No viable dags retrieved from /home/user/Desktop/airflowproj/py_env/lib/python3.10/site-packages/airflow/example_dags/plugins/listener_plugin.py
[2024-06-18T13:27:16.590+0400] {processor.py:183} INFO - Processing /home/user/Desktop/airflowproj/py_env/lib/python3.10/site-packages/airflow/example_dags/plugins/listener_plugin.py took 0.016 seconds
[2024-06-18T13:27:52.607+0400] {processor.py:161} INFO - Started process (PID=58420) to work on /home/user/Desktop/airflowproj/py_env/lib/python3.10/site-packages/airflow/example_dags/plugins/listener_plugin.py
[2024-06-18T13:27:52.608+0400] {processor.py:830} INFO - Processing file /home/user/Desktop/airflowproj/py_env/lib/python3.10/site-packages/airflow/example_dags/plugins/listener_plugin.py for tasks to queue
[2024-06-18T13:27:52.609+0400] {logging_mixin.py:188} INFO - [2024-06-18T13:27:52.609+0400] {dagbag.py:545} INFO - Filling up the DagBag from /home/user/Desktop/airflowproj/py_env/lib/python3.10/site-packages/airflow/example_dags/plugins/listener_plugin.py
[2024-06-18T13:27:52.611+0400] {processor.py:842} WARNING - No viable dags retrieved from /home/user/Desktop/airflowproj/py_env/lib/python3.10/site-packages/airflow/example_dags/plugins/listener_plugin.py
[2024-06-18T13:27:52.616+0400] {processor.py:183} INFO - Processing /home/user/Desktop/airflowproj/py_env/lib/python3.10/site-packages/airflow/example_dags/plugins/listener_plugin.py took 0.013 seconds
[2024-06-18T13:28:32.092+0400] {processor.py:161} INFO - Started process (PID=58556) to work on /home/user/Desktop/airflowproj/py_env/lib/python3.10/site-packages/airflow/example_dags/plugins/listener_plugin.py
[2024-06-18T13:28:32.096+0400] {processor.py:830} INFO - Processing file /home/user/Desktop/airflowproj/py_env/lib/python3.10/site-packages/airflow/example_dags/plugins/listener_plugin.py for tasks to queue
[2024-06-18T13:28:32.097+0400] {logging_mixin.py:188} INFO - [2024-06-18T13:28:32.097+0400] {dagbag.py:545} INFO - Filling up the DagBag from /home/user/Desktop/airflowproj/py_env/lib/python3.10/site-packages/airflow/example_dags/plugins/listener_plugin.py
[2024-06-18T13:28:32.100+0400] {processor.py:842} WARNING - No viable dags retrieved from /home/user/Desktop/airflowproj/py_env/lib/python3.10/site-packages/airflow/example_dags/plugins/listener_plugin.py
[2024-06-18T13:28:32.106+0400] {processor.py:183} INFO - Processing /home/user/Desktop/airflowproj/py_env/lib/python3.10/site-packages/airflow/example_dags/plugins/listener_plugin.py took 0.018 seconds
[2024-06-18T13:29:09.616+0400] {processor.py:161} INFO - Started process (PID=58688) to work on /home/user/Desktop/airflowproj/py_env/lib/python3.10/site-packages/airflow/example_dags/plugins/listener_plugin.py
[2024-06-18T13:29:09.618+0400] {processor.py:830} INFO - Processing file /home/user/Desktop/airflowproj/py_env/lib/python3.10/site-packages/airflow/example_dags/plugins/listener_plugin.py for tasks to queue
[2024-06-18T13:29:09.619+0400] {logging_mixin.py:188} INFO - [2024-06-18T13:29:09.619+0400] {dagbag.py:545} INFO - Filling up the DagBag from /home/user/Desktop/airflowproj/py_env/lib/python3.10/site-packages/airflow/example_dags/plugins/listener_plugin.py
[2024-06-18T13:29:09.621+0400] {processor.py:842} WARNING - No viable dags retrieved from /home/user/Desktop/airflowproj/py_env/lib/python3.10/site-packages/airflow/example_dags/plugins/listener_plugin.py
[2024-06-18T13:29:09.627+0400] {processor.py:183} INFO - Processing /home/user/Desktop/airflowproj/py_env/lib/python3.10/site-packages/airflow/example_dags/plugins/listener_plugin.py took 0.015 seconds
[2024-06-18T13:29:46.800+0400] {processor.py:161} INFO - Started process (PID=58828) to work on /home/user/Desktop/airflowproj/py_env/lib/python3.10/site-packages/airflow/example_dags/plugins/listener_plugin.py
[2024-06-18T13:29:46.802+0400] {processor.py:830} INFO - Processing file /home/user/Desktop/airflowproj/py_env/lib/python3.10/site-packages/airflow/example_dags/plugins/listener_plugin.py for tasks to queue
[2024-06-18T13:29:46.803+0400] {logging_mixin.py:188} INFO - [2024-06-18T13:29:46.803+0400] {dagbag.py:545} INFO - Filling up the DagBag from /home/user/Desktop/airflowproj/py_env/lib/python3.10/site-packages/airflow/example_dags/plugins/listener_plugin.py
[2024-06-18T13:29:46.805+0400] {processor.py:842} WARNING - No viable dags retrieved from /home/user/Desktop/airflowproj/py_env/lib/python3.10/site-packages/airflow/example_dags/plugins/listener_plugin.py
[2024-06-18T13:29:46.810+0400] {processor.py:183} INFO - Processing /home/user/Desktop/airflowproj/py_env/lib/python3.10/site-packages/airflow/example_dags/plugins/listener_plugin.py took 0.015 seconds
[2024-06-18T13:30:24.441+0400] {processor.py:161} INFO - Started process (PID=59029) to work on /home/user/Desktop/airflowproj/py_env/lib/python3.10/site-packages/airflow/example_dags/plugins/listener_plugin.py
[2024-06-18T13:30:24.443+0400] {processor.py:830} INFO - Processing file /home/user/Desktop/airflowproj/py_env/lib/python3.10/site-packages/airflow/example_dags/plugins/listener_plugin.py for tasks to queue
[2024-06-18T13:30:24.444+0400] {logging_mixin.py:188} INFO - [2024-06-18T13:30:24.444+0400] {dagbag.py:545} INFO - Filling up the DagBag from /home/user/Desktop/airflowproj/py_env/lib/python3.10/site-packages/airflow/example_dags/plugins/listener_plugin.py
[2024-06-18T13:30:24.446+0400] {processor.py:842} WARNING - No viable dags retrieved from /home/user/Desktop/airflowproj/py_env/lib/python3.10/site-packages/airflow/example_dags/plugins/listener_plugin.py
[2024-06-18T13:30:24.451+0400] {processor.py:183} INFO - Processing /home/user/Desktop/airflowproj/py_env/lib/python3.10/site-packages/airflow/example_dags/plugins/listener_plugin.py took 0.015 seconds
[2024-06-18T13:31:04.998+0400] {processor.py:161} INFO - Started process (PID=59166) to work on /home/user/Desktop/airflowproj/py_env/lib/python3.10/site-packages/airflow/example_dags/plugins/listener_plugin.py
[2024-06-18T13:31:05.000+0400] {processor.py:830} INFO - Processing file /home/user/Desktop/airflowproj/py_env/lib/python3.10/site-packages/airflow/example_dags/plugins/listener_plugin.py for tasks to queue
[2024-06-18T13:31:05.001+0400] {logging_mixin.py:188} INFO - [2024-06-18T13:31:05.001+0400] {dagbag.py:545} INFO - Filling up the DagBag from /home/user/Desktop/airflowproj/py_env/lib/python3.10/site-packages/airflow/example_dags/plugins/listener_plugin.py
[2024-06-18T13:31:05.003+0400] {processor.py:842} WARNING - No viable dags retrieved from /home/user/Desktop/airflowproj/py_env/lib/python3.10/site-packages/airflow/example_dags/plugins/listener_plugin.py
[2024-06-18T13:31:05.008+0400] {processor.py:183} INFO - Processing /home/user/Desktop/airflowproj/py_env/lib/python3.10/site-packages/airflow/example_dags/plugins/listener_plugin.py took 0.014 seconds
[2024-06-18T13:31:46.688+0400] {processor.py:161} INFO - Started process (PID=59477) to work on /home/user/Desktop/airflowproj/py_env/lib/python3.10/site-packages/airflow/example_dags/plugins/listener_plugin.py
[2024-06-18T13:31:46.690+0400] {processor.py:830} INFO - Processing file /home/user/Desktop/airflowproj/py_env/lib/python3.10/site-packages/airflow/example_dags/plugins/listener_plugin.py for tasks to queue
[2024-06-18T13:31:46.690+0400] {logging_mixin.py:188} INFO - [2024-06-18T13:31:46.690+0400] {dagbag.py:545} INFO - Filling up the DagBag from /home/user/Desktop/airflowproj/py_env/lib/python3.10/site-packages/airflow/example_dags/plugins/listener_plugin.py
[2024-06-18T13:31:46.692+0400] {processor.py:842} WARNING - No viable dags retrieved from /home/user/Desktop/airflowproj/py_env/lib/python3.10/site-packages/airflow/example_dags/plugins/listener_plugin.py
[2024-06-18T13:31:46.696+0400] {processor.py:183} INFO - Processing /home/user/Desktop/airflowproj/py_env/lib/python3.10/site-packages/airflow/example_dags/plugins/listener_plugin.py took 0.012 seconds
