[2024-06-18T12:40:01.350+0400] {processor.py:161} INFO - Started process (PID=45524) to work on /home/user/Desktop/airflowproj/py_env/lib/python3.10/site-packages/airflow/example_dags/plugins/workday.py
[2024-06-18T12:40:01.350+0400] {processor.py:830} INFO - Processing file /home/user/Desktop/airflowproj/py_env/lib/python3.10/site-packages/airflow/example_dags/plugins/workday.py for tasks to queue
[2024-06-18T12:40:01.351+0400] {logging_mixin.py:188} INFO - [2024-06-18T12:40:01.351+0400] {dagbag.py:545} INFO - Filling up the DagBag from /home/user/Desktop/airflowproj/py_env/lib/python3.10/site-packages/airflow/example_dags/plugins/workday.py
[2024-06-18T12:40:01.352+0400] {logging_mixin.py:188} INFO - [2024-06-18T12:40:01.352+0400] {workday.py:41} WARNING - Could not import pandas. Holidays will not be considered.
[2024-06-18T12:40:01.353+0400] {processor.py:842} WARNING - No viable dags retrieved from /home/user/Desktop/airflowproj/py_env/lib/python3.10/site-packages/airflow/example_dags/plugins/workday.py
[2024-06-18T12:40:01.357+0400] {processor.py:183} INFO - Processing /home/user/Desktop/airflowproj/py_env/lib/python3.10/site-packages/airflow/example_dags/plugins/workday.py took 0.013 seconds
[2024-06-18T12:40:56.283+0400] {processor.py:161} INFO - Started process (PID=45832) to work on /home/user/Desktop/airflowproj/py_env/lib/python3.10/site-packages/airflow/example_dags/plugins/workday.py
[2024-06-18T12:40:56.285+0400] {processor.py:830} INFO - Processing file /home/user/Desktop/airflowproj/py_env/lib/python3.10/site-packages/airflow/example_dags/plugins/workday.py for tasks to queue
[2024-06-18T12:40:56.286+0400] {logging_mixin.py:188} INFO - [2024-06-18T12:40:56.286+0400] {dagbag.py:545} INFO - Filling up the DagBag from /home/user/Desktop/airflowproj/py_env/lib/python3.10/site-packages/airflow/example_dags/plugins/workday.py
[2024-06-18T12:40:56.288+0400] {logging_mixin.py:188} INFO - [2024-06-18T12:40:56.288+0400] {workday.py:41} WARNING - Could not import pandas. Holidays will not be considered.
[2024-06-18T12:40:56.288+0400] {processor.py:842} WARNING - No viable dags retrieved from /home/user/Desktop/airflowproj/py_env/lib/python3.10/site-packages/airflow/example_dags/plugins/workday.py
[2024-06-18T12:40:56.296+0400] {processor.py:183} INFO - Processing /home/user/Desktop/airflowproj/py_env/lib/python3.10/site-packages/airflow/example_dags/plugins/workday.py took 0.019 seconds
[2024-06-18T12:42:39.761+0400] {processor.py:161} INFO - Started process (PID=46423) to work on /home/user/Desktop/airflowproj/py_env/lib/python3.10/site-packages/airflow/example_dags/plugins/workday.py
[2024-06-18T12:42:39.763+0400] {processor.py:830} INFO - Processing file /home/user/Desktop/airflowproj/py_env/lib/python3.10/site-packages/airflow/example_dags/plugins/workday.py for tasks to queue
[2024-06-18T12:42:39.764+0400] {logging_mixin.py:188} INFO - [2024-06-18T12:42:39.764+0400] {dagbag.py:545} INFO - Filling up the DagBag from /home/user/Desktop/airflowproj/py_env/lib/python3.10/site-packages/airflow/example_dags/plugins/workday.py
[2024-06-18T12:42:39.766+0400] {logging_mixin.py:188} INFO - [2024-06-18T12:42:39.765+0400] {workday.py:41} WARNING - Could not import pandas. Holidays will not be considered.
[2024-06-18T12:42:39.766+0400] {processor.py:842} WARNING - No viable dags retrieved from /home/user/Desktop/airflowproj/py_env/lib/python3.10/site-packages/airflow/example_dags/plugins/workday.py
[2024-06-18T12:42:39.779+0400] {processor.py:183} INFO - Processing /home/user/Desktop/airflowproj/py_env/lib/python3.10/site-packages/airflow/example_dags/plugins/workday.py took 0.021 seconds
[2024-06-18T12:43:30.060+0400] {processor.py:161} INFO - Started process (PID=46702) to work on /home/user/Desktop/airflowproj/py_env/lib/python3.10/site-packages/airflow/example_dags/plugins/workday.py
[2024-06-18T12:43:30.061+0400] {processor.py:830} INFO - Processing file /home/user/Desktop/airflowproj/py_env/lib/python3.10/site-packages/airflow/example_dags/plugins/workday.py for tasks to queue
[2024-06-18T12:43:30.062+0400] {logging_mixin.py:188} INFO - [2024-06-18T12:43:30.062+0400] {dagbag.py:545} INFO - Filling up the DagBag from /home/user/Desktop/airflowproj/py_env/lib/python3.10/site-packages/airflow/example_dags/plugins/workday.py
[2024-06-18T12:43:30.065+0400] {logging_mixin.py:188} INFO - [2024-06-18T12:43:30.065+0400] {workday.py:41} WARNING - Could not import pandas. Holidays will not be considered.
[2024-06-18T12:43:30.066+0400] {processor.py:842} WARNING - No viable dags retrieved from /home/user/Desktop/airflowproj/py_env/lib/python3.10/site-packages/airflow/example_dags/plugins/workday.py
[2024-06-18T12:43:30.073+0400] {processor.py:183} INFO - Processing /home/user/Desktop/airflowproj/py_env/lib/python3.10/site-packages/airflow/example_dags/plugins/workday.py took 0.017 seconds
[2024-06-18T12:44:13.617+0400] {processor.py:161} INFO - Started process (PID=46803) to work on /home/user/Desktop/airflowproj/py_env/lib/python3.10/site-packages/airflow/example_dags/plugins/workday.py
[2024-06-18T12:44:13.619+0400] {processor.py:830} INFO - Processing file /home/user/Desktop/airflowproj/py_env/lib/python3.10/site-packages/airflow/example_dags/plugins/workday.py for tasks to queue
[2024-06-18T12:44:13.621+0400] {logging_mixin.py:188} INFO - [2024-06-18T12:44:13.620+0400] {dagbag.py:545} INFO - Filling up the DagBag from /home/user/Desktop/airflowproj/py_env/lib/python3.10/site-packages/airflow/example_dags/plugins/workday.py
[2024-06-18T12:44:13.623+0400] {logging_mixin.py:188} INFO - [2024-06-18T12:44:13.623+0400] {workday.py:41} WARNING - Could not import pandas. Holidays will not be considered.
[2024-06-18T12:44:13.623+0400] {processor.py:842} WARNING - No viable dags retrieved from /home/user/Desktop/airflowproj/py_env/lib/python3.10/site-packages/airflow/example_dags/plugins/workday.py
[2024-06-18T12:44:13.630+0400] {processor.py:183} INFO - Processing /home/user/Desktop/airflowproj/py_env/lib/python3.10/site-packages/airflow/example_dags/plugins/workday.py took 0.017 seconds
[2024-06-18T12:44:56.496+0400] {processor.py:161} INFO - Started process (PID=46933) to work on /home/user/Desktop/airflowproj/py_env/lib/python3.10/site-packages/airflow/example_dags/plugins/workday.py
[2024-06-18T12:44:56.498+0400] {processor.py:830} INFO - Processing file /home/user/Desktop/airflowproj/py_env/lib/python3.10/site-packages/airflow/example_dags/plugins/workday.py for tasks to queue
[2024-06-18T12:44:56.499+0400] {logging_mixin.py:188} INFO - [2024-06-18T12:44:56.499+0400] {dagbag.py:545} INFO - Filling up the DagBag from /home/user/Desktop/airflowproj/py_env/lib/python3.10/site-packages/airflow/example_dags/plugins/workday.py
[2024-06-18T12:44:56.501+0400] {logging_mixin.py:188} INFO - [2024-06-18T12:44:56.500+0400] {workday.py:41} WARNING - Could not import pandas. Holidays will not be considered.
[2024-06-18T12:44:56.501+0400] {processor.py:842} WARNING - No viable dags retrieved from /home/user/Desktop/airflowproj/py_env/lib/python3.10/site-packages/airflow/example_dags/plugins/workday.py
[2024-06-18T12:44:56.562+0400] {processor.py:183} INFO - Processing /home/user/Desktop/airflowproj/py_env/lib/python3.10/site-packages/airflow/example_dags/plugins/workday.py took 0.069 seconds
[2024-06-18T12:45:36.107+0400] {processor.py:161} INFO - Started process (PID=47034) to work on /home/user/Desktop/airflowproj/py_env/lib/python3.10/site-packages/airflow/example_dags/plugins/workday.py
[2024-06-18T12:45:36.110+0400] {processor.py:830} INFO - Processing file /home/user/Desktop/airflowproj/py_env/lib/python3.10/site-packages/airflow/example_dags/plugins/workday.py for tasks to queue
[2024-06-18T12:45:36.112+0400] {logging_mixin.py:188} INFO - [2024-06-18T12:45:36.111+0400] {dagbag.py:545} INFO - Filling up the DagBag from /home/user/Desktop/airflowproj/py_env/lib/python3.10/site-packages/airflow/example_dags/plugins/workday.py
[2024-06-18T12:45:36.115+0400] {logging_mixin.py:188} INFO - [2024-06-18T12:45:36.115+0400] {workday.py:41} WARNING - Could not import pandas. Holidays will not be considered.
[2024-06-18T12:45:36.115+0400] {processor.py:842} WARNING - No viable dags retrieved from /home/user/Desktop/airflowproj/py_env/lib/python3.10/site-packages/airflow/example_dags/plugins/workday.py
[2024-06-18T12:45:36.121+0400] {processor.py:183} INFO - Processing /home/user/Desktop/airflowproj/py_env/lib/python3.10/site-packages/airflow/example_dags/plugins/workday.py took 0.023 seconds
[2024-06-18T12:46:15.933+0400] {processor.py:161} INFO - Started process (PID=47133) to work on /home/user/Desktop/airflowproj/py_env/lib/python3.10/site-packages/airflow/example_dags/plugins/workday.py
[2024-06-18T12:46:15.935+0400] {processor.py:830} INFO - Processing file /home/user/Desktop/airflowproj/py_env/lib/python3.10/site-packages/airflow/example_dags/plugins/workday.py for tasks to queue
[2024-06-18T12:46:15.936+0400] {logging_mixin.py:188} INFO - [2024-06-18T12:46:15.936+0400] {dagbag.py:545} INFO - Filling up the DagBag from /home/user/Desktop/airflowproj/py_env/lib/python3.10/site-packages/airflow/example_dags/plugins/workday.py
[2024-06-18T12:46:15.938+0400] {logging_mixin.py:188} INFO - [2024-06-18T12:46:15.938+0400] {workday.py:41} WARNING - Could not import pandas. Holidays will not be considered.
[2024-06-18T12:46:15.938+0400] {processor.py:842} WARNING - No viable dags retrieved from /home/user/Desktop/airflowproj/py_env/lib/python3.10/site-packages/airflow/example_dags/plugins/workday.py
[2024-06-18T12:46:15.944+0400] {processor.py:183} INFO - Processing /home/user/Desktop/airflowproj/py_env/lib/python3.10/site-packages/airflow/example_dags/plugins/workday.py took 0.016 seconds
[2024-06-18T12:46:54.737+0400] {processor.py:161} INFO - Started process (PID=47796) to work on /home/user/Desktop/airflowproj/py_env/lib/python3.10/site-packages/airflow/example_dags/plugins/workday.py
[2024-06-18T12:46:54.739+0400] {processor.py:830} INFO - Processing file /home/user/Desktop/airflowproj/py_env/lib/python3.10/site-packages/airflow/example_dags/plugins/workday.py for tasks to queue
[2024-06-18T12:46:54.740+0400] {logging_mixin.py:188} INFO - [2024-06-18T12:46:54.740+0400] {dagbag.py:545} INFO - Filling up the DagBag from /home/user/Desktop/airflowproj/py_env/lib/python3.10/site-packages/airflow/example_dags/plugins/workday.py
[2024-06-18T12:46:54.741+0400] {logging_mixin.py:188} INFO - [2024-06-18T12:46:54.741+0400] {workday.py:41} WARNING - Could not import pandas. Holidays will not be considered.
[2024-06-18T12:46:54.741+0400] {processor.py:842} WARNING - No viable dags retrieved from /home/user/Desktop/airflowproj/py_env/lib/python3.10/site-packages/airflow/example_dags/plugins/workday.py
[2024-06-18T12:46:54.746+0400] {processor.py:183} INFO - Processing /home/user/Desktop/airflowproj/py_env/lib/python3.10/site-packages/airflow/example_dags/plugins/workday.py took 0.012 seconds
[2024-06-18T12:47:33.575+0400] {processor.py:161} INFO - Started process (PID=48008) to work on /home/user/Desktop/airflowproj/py_env/lib/python3.10/site-packages/airflow/example_dags/plugins/workday.py
[2024-06-18T12:47:33.577+0400] {processor.py:830} INFO - Processing file /home/user/Desktop/airflowproj/py_env/lib/python3.10/site-packages/airflow/example_dags/plugins/workday.py for tasks to queue
[2024-06-18T12:47:33.578+0400] {logging_mixin.py:188} INFO - [2024-06-18T12:47:33.578+0400] {dagbag.py:545} INFO - Filling up the DagBag from /home/user/Desktop/airflowproj/py_env/lib/python3.10/site-packages/airflow/example_dags/plugins/workday.py
[2024-06-18T12:47:33.579+0400] {logging_mixin.py:188} INFO - [2024-06-18T12:47:33.579+0400] {workday.py:41} WARNING - Could not import pandas. Holidays will not be considered.
[2024-06-18T12:47:33.579+0400] {processor.py:842} WARNING - No viable dags retrieved from /home/user/Desktop/airflowproj/py_env/lib/python3.10/site-packages/airflow/example_dags/plugins/workday.py
[2024-06-18T12:47:33.585+0400] {processor.py:183} INFO - Processing /home/user/Desktop/airflowproj/py_env/lib/python3.10/site-packages/airflow/example_dags/plugins/workday.py took 0.014 seconds
[2024-06-18T12:48:11.607+0400] {processor.py:161} INFO - Started process (PID=48224) to work on /home/user/Desktop/airflowproj/py_env/lib/python3.10/site-packages/airflow/example_dags/plugins/workday.py
[2024-06-18T12:48:11.609+0400] {processor.py:830} INFO - Processing file /home/user/Desktop/airflowproj/py_env/lib/python3.10/site-packages/airflow/example_dags/plugins/workday.py for tasks to queue
[2024-06-18T12:48:11.611+0400] {logging_mixin.py:188} INFO - [2024-06-18T12:48:11.610+0400] {dagbag.py:545} INFO - Filling up the DagBag from /home/user/Desktop/airflowproj/py_env/lib/python3.10/site-packages/airflow/example_dags/plugins/workday.py
[2024-06-18T12:48:11.612+0400] {logging_mixin.py:188} INFO - [2024-06-18T12:48:11.612+0400] {workday.py:41} WARNING - Could not import pandas. Holidays will not be considered.
[2024-06-18T12:48:11.613+0400] {processor.py:842} WARNING - No viable dags retrieved from /home/user/Desktop/airflowproj/py_env/lib/python3.10/site-packages/airflow/example_dags/plugins/workday.py
[2024-06-18T12:48:11.618+0400] {processor.py:183} INFO - Processing /home/user/Desktop/airflowproj/py_env/lib/python3.10/site-packages/airflow/example_dags/plugins/workday.py took 0.015 seconds
[2024-06-18T12:48:46.096+0400] {processor.py:161} INFO - Started process (PID=48353) to work on /home/user/Desktop/airflowproj/py_env/lib/python3.10/site-packages/airflow/example_dags/plugins/workday.py
[2024-06-18T12:48:46.098+0400] {processor.py:830} INFO - Processing file /home/user/Desktop/airflowproj/py_env/lib/python3.10/site-packages/airflow/example_dags/plugins/workday.py for tasks to queue
[2024-06-18T12:48:46.100+0400] {logging_mixin.py:188} INFO - [2024-06-18T12:48:46.099+0400] {dagbag.py:545} INFO - Filling up the DagBag from /home/user/Desktop/airflowproj/py_env/lib/python3.10/site-packages/airflow/example_dags/plugins/workday.py
[2024-06-18T12:48:46.102+0400] {logging_mixin.py:188} INFO - [2024-06-18T12:48:46.102+0400] {workday.py:41} WARNING - Could not import pandas. Holidays will not be considered.
[2024-06-18T12:48:46.103+0400] {processor.py:842} WARNING - No viable dags retrieved from /home/user/Desktop/airflowproj/py_env/lib/python3.10/site-packages/airflow/example_dags/plugins/workday.py
[2024-06-18T12:48:46.109+0400] {processor.py:183} INFO - Processing /home/user/Desktop/airflowproj/py_env/lib/python3.10/site-packages/airflow/example_dags/plugins/workday.py took 0.021 seconds
[2024-06-18T12:49:20.917+0400] {processor.py:161} INFO - Started process (PID=48625) to work on /home/user/Desktop/airflowproj/py_env/lib/python3.10/site-packages/airflow/example_dags/plugins/workday.py
[2024-06-18T12:49:20.918+0400] {processor.py:830} INFO - Processing file /home/user/Desktop/airflowproj/py_env/lib/python3.10/site-packages/airflow/example_dags/plugins/workday.py for tasks to queue
[2024-06-18T12:49:20.919+0400] {logging_mixin.py:188} INFO - [2024-06-18T12:49:20.919+0400] {dagbag.py:545} INFO - Filling up the DagBag from /home/user/Desktop/airflowproj/py_env/lib/python3.10/site-packages/airflow/example_dags/plugins/workday.py
[2024-06-18T12:49:20.921+0400] {logging_mixin.py:188} INFO - [2024-06-18T12:49:20.921+0400] {workday.py:41} WARNING - Could not import pandas. Holidays will not be considered.
[2024-06-18T12:49:20.921+0400] {processor.py:842} WARNING - No viable dags retrieved from /home/user/Desktop/airflowproj/py_env/lib/python3.10/site-packages/airflow/example_dags/plugins/workday.py
[2024-06-18T12:49:20.926+0400] {processor.py:183} INFO - Processing /home/user/Desktop/airflowproj/py_env/lib/python3.10/site-packages/airflow/example_dags/plugins/workday.py took 0.014 seconds
[2024-06-18T12:50:02.050+0400] {processor.py:161} INFO - Started process (PID=48756) to work on /home/user/Desktop/airflowproj/py_env/lib/python3.10/site-packages/airflow/example_dags/plugins/workday.py
[2024-06-18T12:50:02.053+0400] {processor.py:830} INFO - Processing file /home/user/Desktop/airflowproj/py_env/lib/python3.10/site-packages/airflow/example_dags/plugins/workday.py for tasks to queue
[2024-06-18T12:50:02.054+0400] {logging_mixin.py:188} INFO - [2024-06-18T12:50:02.054+0400] {dagbag.py:545} INFO - Filling up the DagBag from /home/user/Desktop/airflowproj/py_env/lib/python3.10/site-packages/airflow/example_dags/plugins/workday.py
[2024-06-18T12:50:02.056+0400] {logging_mixin.py:188} INFO - [2024-06-18T12:50:02.056+0400] {workday.py:41} WARNING - Could not import pandas. Holidays will not be considered.
[2024-06-18T12:50:02.056+0400] {processor.py:842} WARNING - No viable dags retrieved from /home/user/Desktop/airflowproj/py_env/lib/python3.10/site-packages/airflow/example_dags/plugins/workday.py
[2024-06-18T12:50:02.061+0400] {processor.py:183} INFO - Processing /home/user/Desktop/airflowproj/py_env/lib/python3.10/site-packages/airflow/example_dags/plugins/workday.py took 0.014 seconds
[2024-06-18T12:50:41.868+0400] {processor.py:161} INFO - Started process (PID=48848) to work on /home/user/Desktop/airflowproj/py_env/lib/python3.10/site-packages/airflow/example_dags/plugins/workday.py
[2024-06-18T12:50:41.870+0400] {processor.py:830} INFO - Processing file /home/user/Desktop/airflowproj/py_env/lib/python3.10/site-packages/airflow/example_dags/plugins/workday.py for tasks to queue
[2024-06-18T12:50:41.871+0400] {logging_mixin.py:188} INFO - [2024-06-18T12:50:41.871+0400] {dagbag.py:545} INFO - Filling up the DagBag from /home/user/Desktop/airflowproj/py_env/lib/python3.10/site-packages/airflow/example_dags/plugins/workday.py
[2024-06-18T12:50:41.873+0400] {logging_mixin.py:188} INFO - [2024-06-18T12:50:41.873+0400] {workday.py:41} WARNING - Could not import pandas. Holidays will not be considered.
[2024-06-18T12:50:41.873+0400] {processor.py:842} WARNING - No viable dags retrieved from /home/user/Desktop/airflowproj/py_env/lib/python3.10/site-packages/airflow/example_dags/plugins/workday.py
[2024-06-18T12:50:41.878+0400] {processor.py:183} INFO - Processing /home/user/Desktop/airflowproj/py_env/lib/python3.10/site-packages/airflow/example_dags/plugins/workday.py took 0.015 seconds
[2024-06-18T12:51:21.560+0400] {processor.py:161} INFO - Started process (PID=49011) to work on /home/user/Desktop/airflowproj/py_env/lib/python3.10/site-packages/airflow/example_dags/plugins/workday.py
[2024-06-18T12:51:21.562+0400] {processor.py:830} INFO - Processing file /home/user/Desktop/airflowproj/py_env/lib/python3.10/site-packages/airflow/example_dags/plugins/workday.py for tasks to queue
[2024-06-18T12:51:21.564+0400] {logging_mixin.py:188} INFO - [2024-06-18T12:51:21.563+0400] {dagbag.py:545} INFO - Filling up the DagBag from /home/user/Desktop/airflowproj/py_env/lib/python3.10/site-packages/airflow/example_dags/plugins/workday.py
[2024-06-18T12:51:21.566+0400] {logging_mixin.py:188} INFO - [2024-06-18T12:51:21.566+0400] {workday.py:41} WARNING - Could not import pandas. Holidays will not be considered.
[2024-06-18T12:51:21.566+0400] {processor.py:842} WARNING - No viable dags retrieved from /home/user/Desktop/airflowproj/py_env/lib/python3.10/site-packages/airflow/example_dags/plugins/workday.py
[2024-06-18T12:51:21.573+0400] {processor.py:183} INFO - Processing /home/user/Desktop/airflowproj/py_env/lib/python3.10/site-packages/airflow/example_dags/plugins/workday.py took 0.016 seconds
[2024-06-18T12:52:00.459+0400] {processor.py:161} INFO - Started process (PID=49150) to work on /home/user/Desktop/airflowproj/py_env/lib/python3.10/site-packages/airflow/example_dags/plugins/workday.py
[2024-06-18T12:52:00.461+0400] {processor.py:830} INFO - Processing file /home/user/Desktop/airflowproj/py_env/lib/python3.10/site-packages/airflow/example_dags/plugins/workday.py for tasks to queue
[2024-06-18T12:52:00.462+0400] {logging_mixin.py:188} INFO - [2024-06-18T12:52:00.461+0400] {dagbag.py:545} INFO - Filling up the DagBag from /home/user/Desktop/airflowproj/py_env/lib/python3.10/site-packages/airflow/example_dags/plugins/workday.py
[2024-06-18T12:52:00.463+0400] {logging_mixin.py:188} INFO - [2024-06-18T12:52:00.463+0400] {workday.py:41} WARNING - Could not import pandas. Holidays will not be considered.
[2024-06-18T12:52:00.463+0400] {processor.py:842} WARNING - No viable dags retrieved from /home/user/Desktop/airflowproj/py_env/lib/python3.10/site-packages/airflow/example_dags/plugins/workday.py
[2024-06-18T12:52:00.469+0400] {processor.py:183} INFO - Processing /home/user/Desktop/airflowproj/py_env/lib/python3.10/site-packages/airflow/example_dags/plugins/workday.py took 0.014 seconds
[2024-06-18T12:52:38.695+0400] {processor.py:161} INFO - Started process (PID=49259) to work on /home/user/Desktop/airflowproj/py_env/lib/python3.10/site-packages/airflow/example_dags/plugins/workday.py
[2024-06-18T12:52:38.697+0400] {processor.py:830} INFO - Processing file /home/user/Desktop/airflowproj/py_env/lib/python3.10/site-packages/airflow/example_dags/plugins/workday.py for tasks to queue
[2024-06-18T12:52:38.698+0400] {logging_mixin.py:188} INFO - [2024-06-18T12:52:38.698+0400] {dagbag.py:545} INFO - Filling up the DagBag from /home/user/Desktop/airflowproj/py_env/lib/python3.10/site-packages/airflow/example_dags/plugins/workday.py
[2024-06-18T12:52:38.700+0400] {logging_mixin.py:188} INFO - [2024-06-18T12:52:38.700+0400] {workday.py:41} WARNING - Could not import pandas. Holidays will not be considered.
[2024-06-18T12:52:38.701+0400] {processor.py:842} WARNING - No viable dags retrieved from /home/user/Desktop/airflowproj/py_env/lib/python3.10/site-packages/airflow/example_dags/plugins/workday.py
[2024-06-18T12:52:38.707+0400] {processor.py:183} INFO - Processing /home/user/Desktop/airflowproj/py_env/lib/python3.10/site-packages/airflow/example_dags/plugins/workday.py took 0.016 seconds
[2024-06-18T12:53:18.029+0400] {processor.py:161} INFO - Started process (PID=49491) to work on /home/user/Desktop/airflowproj/py_env/lib/python3.10/site-packages/airflow/example_dags/plugins/workday.py
[2024-06-18T12:53:18.031+0400] {processor.py:830} INFO - Processing file /home/user/Desktop/airflowproj/py_env/lib/python3.10/site-packages/airflow/example_dags/plugins/workday.py for tasks to queue
[2024-06-18T12:53:18.032+0400] {logging_mixin.py:188} INFO - [2024-06-18T12:53:18.032+0400] {dagbag.py:545} INFO - Filling up the DagBag from /home/user/Desktop/airflowproj/py_env/lib/python3.10/site-packages/airflow/example_dags/plugins/workday.py
[2024-06-18T12:53:18.034+0400] {logging_mixin.py:188} INFO - [2024-06-18T12:53:18.034+0400] {workday.py:41} WARNING - Could not import pandas. Holidays will not be considered.
[2024-06-18T12:53:18.034+0400] {processor.py:842} WARNING - No viable dags retrieved from /home/user/Desktop/airflowproj/py_env/lib/python3.10/site-packages/airflow/example_dags/plugins/workday.py
[2024-06-18T12:53:18.039+0400] {processor.py:183} INFO - Processing /home/user/Desktop/airflowproj/py_env/lib/python3.10/site-packages/airflow/example_dags/plugins/workday.py took 0.015 seconds
[2024-06-18T12:53:56.444+0400] {processor.py:161} INFO - Started process (PID=49619) to work on /home/user/Desktop/airflowproj/py_env/lib/python3.10/site-packages/airflow/example_dags/plugins/workday.py
[2024-06-18T12:53:56.445+0400] {processor.py:830} INFO - Processing file /home/user/Desktop/airflowproj/py_env/lib/python3.10/site-packages/airflow/example_dags/plugins/workday.py for tasks to queue
[2024-06-18T12:53:56.446+0400] {logging_mixin.py:188} INFO - [2024-06-18T12:53:56.446+0400] {dagbag.py:545} INFO - Filling up the DagBag from /home/user/Desktop/airflowproj/py_env/lib/python3.10/site-packages/airflow/example_dags/plugins/workday.py
[2024-06-18T12:53:56.447+0400] {logging_mixin.py:188} INFO - [2024-06-18T12:53:56.447+0400] {workday.py:41} WARNING - Could not import pandas. Holidays will not be considered.
[2024-06-18T12:53:56.448+0400] {processor.py:842} WARNING - No viable dags retrieved from /home/user/Desktop/airflowproj/py_env/lib/python3.10/site-packages/airflow/example_dags/plugins/workday.py
[2024-06-18T12:53:56.454+0400] {processor.py:183} INFO - Processing /home/user/Desktop/airflowproj/py_env/lib/python3.10/site-packages/airflow/example_dags/plugins/workday.py took 0.012 seconds
[2024-06-18T12:54:35.852+0400] {processor.py:161} INFO - Started process (PID=49715) to work on /home/user/Desktop/airflowproj/py_env/lib/python3.10/site-packages/airflow/example_dags/plugins/workday.py
[2024-06-18T12:54:35.854+0400] {processor.py:830} INFO - Processing file /home/user/Desktop/airflowproj/py_env/lib/python3.10/site-packages/airflow/example_dags/plugins/workday.py for tasks to queue
[2024-06-18T12:54:35.855+0400] {logging_mixin.py:188} INFO - [2024-06-18T12:54:35.855+0400] {dagbag.py:545} INFO - Filling up the DagBag from /home/user/Desktop/airflowproj/py_env/lib/python3.10/site-packages/airflow/example_dags/plugins/workday.py
[2024-06-18T12:54:35.856+0400] {logging_mixin.py:188} INFO - [2024-06-18T12:54:35.856+0400] {workday.py:41} WARNING - Could not import pandas. Holidays will not be considered.
[2024-06-18T12:54:35.856+0400] {processor.py:842} WARNING - No viable dags retrieved from /home/user/Desktop/airflowproj/py_env/lib/python3.10/site-packages/airflow/example_dags/plugins/workday.py
[2024-06-18T12:54:35.862+0400] {processor.py:183} INFO - Processing /home/user/Desktop/airflowproj/py_env/lib/python3.10/site-packages/airflow/example_dags/plugins/workday.py took 0.015 seconds
[2024-06-18T12:55:15.569+0400] {processor.py:161} INFO - Started process (PID=49900) to work on /home/user/Desktop/airflowproj/py_env/lib/python3.10/site-packages/airflow/example_dags/plugins/workday.py
[2024-06-18T12:55:15.571+0400] {processor.py:830} INFO - Processing file /home/user/Desktop/airflowproj/py_env/lib/python3.10/site-packages/airflow/example_dags/plugins/workday.py for tasks to queue
[2024-06-18T12:55:15.572+0400] {logging_mixin.py:188} INFO - [2024-06-18T12:55:15.572+0400] {dagbag.py:545} INFO - Filling up the DagBag from /home/user/Desktop/airflowproj/py_env/lib/python3.10/site-packages/airflow/example_dags/plugins/workday.py
[2024-06-18T12:55:15.574+0400] {logging_mixin.py:188} INFO - [2024-06-18T12:55:15.574+0400] {workday.py:41} WARNING - Could not import pandas. Holidays will not be considered.
[2024-06-18T12:55:15.575+0400] {processor.py:842} WARNING - No viable dags retrieved from /home/user/Desktop/airflowproj/py_env/lib/python3.10/site-packages/airflow/example_dags/plugins/workday.py
[2024-06-18T12:55:15.580+0400] {processor.py:183} INFO - Processing /home/user/Desktop/airflowproj/py_env/lib/python3.10/site-packages/airflow/example_dags/plugins/workday.py took 0.015 seconds
[2024-06-18T12:55:53.063+0400] {processor.py:161} INFO - Started process (PID=50088) to work on /home/user/Desktop/airflowproj/py_env/lib/python3.10/site-packages/airflow/example_dags/plugins/workday.py
[2024-06-18T12:55:53.063+0400] {processor.py:830} INFO - Processing file /home/user/Desktop/airflowproj/py_env/lib/python3.10/site-packages/airflow/example_dags/plugins/workday.py for tasks to queue
[2024-06-18T12:55:53.064+0400] {logging_mixin.py:188} INFO - [2024-06-18T12:55:53.064+0400] {dagbag.py:545} INFO - Filling up the DagBag from /home/user/Desktop/airflowproj/py_env/lib/python3.10/site-packages/airflow/example_dags/plugins/workday.py
[2024-06-18T12:55:53.066+0400] {logging_mixin.py:188} INFO - [2024-06-18T12:55:53.066+0400] {workday.py:41} WARNING - Could not import pandas. Holidays will not be considered.
[2024-06-18T12:55:53.066+0400] {processor.py:842} WARNING - No viable dags retrieved from /home/user/Desktop/airflowproj/py_env/lib/python3.10/site-packages/airflow/example_dags/plugins/workday.py
[2024-06-18T12:55:53.071+0400] {processor.py:183} INFO - Processing /home/user/Desktop/airflowproj/py_env/lib/python3.10/site-packages/airflow/example_dags/plugins/workday.py took 0.012 seconds
[2024-06-18T12:56:30.743+0400] {processor.py:161} INFO - Started process (PID=50246) to work on /home/user/Desktop/airflowproj/py_env/lib/python3.10/site-packages/airflow/example_dags/plugins/workday.py
[2024-06-18T12:56:30.745+0400] {processor.py:830} INFO - Processing file /home/user/Desktop/airflowproj/py_env/lib/python3.10/site-packages/airflow/example_dags/plugins/workday.py for tasks to queue
[2024-06-18T12:56:30.746+0400] {logging_mixin.py:188} INFO - [2024-06-18T12:56:30.746+0400] {dagbag.py:545} INFO - Filling up the DagBag from /home/user/Desktop/airflowproj/py_env/lib/python3.10/site-packages/airflow/example_dags/plugins/workday.py
[2024-06-18T12:56:30.747+0400] {logging_mixin.py:188} INFO - [2024-06-18T12:56:30.747+0400] {workday.py:41} WARNING - Could not import pandas. Holidays will not be considered.
[2024-06-18T12:56:30.748+0400] {processor.py:842} WARNING - No viable dags retrieved from /home/user/Desktop/airflowproj/py_env/lib/python3.10/site-packages/airflow/example_dags/plugins/workday.py
[2024-06-18T12:56:30.753+0400] {processor.py:183} INFO - Processing /home/user/Desktop/airflowproj/py_env/lib/python3.10/site-packages/airflow/example_dags/plugins/workday.py took 0.013 seconds
[2024-06-18T12:57:11.168+0400] {processor.py:161} INFO - Started process (PID=50349) to work on /home/user/Desktop/airflowproj/py_env/lib/python3.10/site-packages/airflow/example_dags/plugins/workday.py
[2024-06-18T12:57:11.171+0400] {processor.py:830} INFO - Processing file /home/user/Desktop/airflowproj/py_env/lib/python3.10/site-packages/airflow/example_dags/plugins/workday.py for tasks to queue
[2024-06-18T12:57:11.171+0400] {logging_mixin.py:188} INFO - [2024-06-18T12:57:11.171+0400] {dagbag.py:545} INFO - Filling up the DagBag from /home/user/Desktop/airflowproj/py_env/lib/python3.10/site-packages/airflow/example_dags/plugins/workday.py
[2024-06-18T12:57:11.173+0400] {logging_mixin.py:188} INFO - [2024-06-18T12:57:11.173+0400] {workday.py:41} WARNING - Could not import pandas. Holidays will not be considered.
[2024-06-18T12:57:11.173+0400] {processor.py:842} WARNING - No viable dags retrieved from /home/user/Desktop/airflowproj/py_env/lib/python3.10/site-packages/airflow/example_dags/plugins/workday.py
[2024-06-18T12:57:11.178+0400] {processor.py:183} INFO - Processing /home/user/Desktop/airflowproj/py_env/lib/python3.10/site-packages/airflow/example_dags/plugins/workday.py took 0.013 seconds
[2024-06-18T12:57:51.709+0400] {processor.py:161} INFO - Started process (PID=50591) to work on /home/user/Desktop/airflowproj/py_env/lib/python3.10/site-packages/airflow/example_dags/plugins/workday.py
[2024-06-18T12:57:51.711+0400] {processor.py:830} INFO - Processing file /home/user/Desktop/airflowproj/py_env/lib/python3.10/site-packages/airflow/example_dags/plugins/workday.py for tasks to queue
[2024-06-18T12:57:51.712+0400] {logging_mixin.py:188} INFO - [2024-06-18T12:57:51.712+0400] {dagbag.py:545} INFO - Filling up the DagBag from /home/user/Desktop/airflowproj/py_env/lib/python3.10/site-packages/airflow/example_dags/plugins/workday.py
[2024-06-18T12:57:51.714+0400] {logging_mixin.py:188} INFO - [2024-06-18T12:57:51.714+0400] {workday.py:41} WARNING - Could not import pandas. Holidays will not be considered.
[2024-06-18T12:57:51.714+0400] {processor.py:842} WARNING - No viable dags retrieved from /home/user/Desktop/airflowproj/py_env/lib/python3.10/site-packages/airflow/example_dags/plugins/workday.py
[2024-06-18T12:57:51.719+0400] {processor.py:183} INFO - Processing /home/user/Desktop/airflowproj/py_env/lib/python3.10/site-packages/airflow/example_dags/plugins/workday.py took 0.016 seconds
[2024-06-18T12:58:31.105+0400] {processor.py:161} INFO - Started process (PID=51017) to work on /home/user/Desktop/airflowproj/py_env/lib/python3.10/site-packages/airflow/example_dags/plugins/workday.py
[2024-06-18T12:58:31.107+0400] {processor.py:830} INFO - Processing file /home/user/Desktop/airflowproj/py_env/lib/python3.10/site-packages/airflow/example_dags/plugins/workday.py for tasks to queue
[2024-06-18T12:58:31.108+0400] {logging_mixin.py:188} INFO - [2024-06-18T12:58:31.107+0400] {dagbag.py:545} INFO - Filling up the DagBag from /home/user/Desktop/airflowproj/py_env/lib/python3.10/site-packages/airflow/example_dags/plugins/workday.py
[2024-06-18T12:58:31.109+0400] {logging_mixin.py:188} INFO - [2024-06-18T12:58:31.109+0400] {workday.py:41} WARNING - Could not import pandas. Holidays will not be considered.
[2024-06-18T12:58:31.110+0400] {processor.py:842} WARNING - No viable dags retrieved from /home/user/Desktop/airflowproj/py_env/lib/python3.10/site-packages/airflow/example_dags/plugins/workday.py
[2024-06-18T12:58:31.114+0400] {processor.py:183} INFO - Processing /home/user/Desktop/airflowproj/py_env/lib/python3.10/site-packages/airflow/example_dags/plugins/workday.py took 0.014 seconds
[2024-06-18T12:59:09.520+0400] {processor.py:161} INFO - Started process (PID=51254) to work on /home/user/Desktop/airflowproj/py_env/lib/python3.10/site-packages/airflow/example_dags/plugins/workday.py
[2024-06-18T12:59:09.523+0400] {processor.py:830} INFO - Processing file /home/user/Desktop/airflowproj/py_env/lib/python3.10/site-packages/airflow/example_dags/plugins/workday.py for tasks to queue
[2024-06-18T12:59:09.524+0400] {logging_mixin.py:188} INFO - [2024-06-18T12:59:09.524+0400] {dagbag.py:545} INFO - Filling up the DagBag from /home/user/Desktop/airflowproj/py_env/lib/python3.10/site-packages/airflow/example_dags/plugins/workday.py
[2024-06-18T12:59:09.526+0400] {logging_mixin.py:188} INFO - [2024-06-18T12:59:09.525+0400] {workday.py:41} WARNING - Could not import pandas. Holidays will not be considered.
[2024-06-18T12:59:09.526+0400] {processor.py:842} WARNING - No viable dags retrieved from /home/user/Desktop/airflowproj/py_env/lib/python3.10/site-packages/airflow/example_dags/plugins/workday.py
[2024-06-18T12:59:09.532+0400] {processor.py:183} INFO - Processing /home/user/Desktop/airflowproj/py_env/lib/python3.10/site-packages/airflow/example_dags/plugins/workday.py took 0.016 seconds
[2024-06-18T12:59:46.961+0400] {processor.py:161} INFO - Started process (PID=51481) to work on /home/user/Desktop/airflowproj/py_env/lib/python3.10/site-packages/airflow/example_dags/plugins/workday.py
[2024-06-18T12:59:46.963+0400] {processor.py:830} INFO - Processing file /home/user/Desktop/airflowproj/py_env/lib/python3.10/site-packages/airflow/example_dags/plugins/workday.py for tasks to queue
[2024-06-18T12:59:46.964+0400] {logging_mixin.py:188} INFO - [2024-06-18T12:59:46.964+0400] {dagbag.py:545} INFO - Filling up the DagBag from /home/user/Desktop/airflowproj/py_env/lib/python3.10/site-packages/airflow/example_dags/plugins/workday.py
[2024-06-18T12:59:46.965+0400] {logging_mixin.py:188} INFO - [2024-06-18T12:59:46.965+0400] {workday.py:41} WARNING - Could not import pandas. Holidays will not be considered.
[2024-06-18T12:59:46.965+0400] {processor.py:842} WARNING - No viable dags retrieved from /home/user/Desktop/airflowproj/py_env/lib/python3.10/site-packages/airflow/example_dags/plugins/workday.py
[2024-06-18T12:59:46.970+0400] {processor.py:183} INFO - Processing /home/user/Desktop/airflowproj/py_env/lib/python3.10/site-packages/airflow/example_dags/plugins/workday.py took 0.012 seconds
[2024-06-18T13:00:22.041+0400] {processor.py:161} INFO - Started process (PID=51729) to work on /home/user/Desktop/airflowproj/py_env/lib/python3.10/site-packages/airflow/example_dags/plugins/workday.py
[2024-06-18T13:00:22.043+0400] {processor.py:830} INFO - Processing file /home/user/Desktop/airflowproj/py_env/lib/python3.10/site-packages/airflow/example_dags/plugins/workday.py for tasks to queue
[2024-06-18T13:00:22.044+0400] {logging_mixin.py:188} INFO - [2024-06-18T13:00:22.044+0400] {dagbag.py:545} INFO - Filling up the DagBag from /home/user/Desktop/airflowproj/py_env/lib/python3.10/site-packages/airflow/example_dags/plugins/workday.py
[2024-06-18T13:00:22.047+0400] {logging_mixin.py:188} INFO - [2024-06-18T13:00:22.047+0400] {workday.py:41} WARNING - Could not import pandas. Holidays will not be considered.
[2024-06-18T13:00:22.047+0400] {processor.py:842} WARNING - No viable dags retrieved from /home/user/Desktop/airflowproj/py_env/lib/python3.10/site-packages/airflow/example_dags/plugins/workday.py
[2024-06-18T13:00:22.056+0400] {processor.py:183} INFO - Processing /home/user/Desktop/airflowproj/py_env/lib/python3.10/site-packages/airflow/example_dags/plugins/workday.py took 0.019 seconds
[2024-06-18T13:01:01.583+0400] {processor.py:161} INFO - Started process (PID=51952) to work on /home/user/Desktop/airflowproj/py_env/lib/python3.10/site-packages/airflow/example_dags/plugins/workday.py
[2024-06-18T13:01:01.585+0400] {processor.py:830} INFO - Processing file /home/user/Desktop/airflowproj/py_env/lib/python3.10/site-packages/airflow/example_dags/plugins/workday.py for tasks to queue
[2024-06-18T13:01:01.586+0400] {logging_mixin.py:188} INFO - [2024-06-18T13:01:01.586+0400] {dagbag.py:545} INFO - Filling up the DagBag from /home/user/Desktop/airflowproj/py_env/lib/python3.10/site-packages/airflow/example_dags/plugins/workday.py
[2024-06-18T13:01:01.588+0400] {logging_mixin.py:188} INFO - [2024-06-18T13:01:01.588+0400] {workday.py:41} WARNING - Could not import pandas. Holidays will not be considered.
[2024-06-18T13:01:01.589+0400] {processor.py:842} WARNING - No viable dags retrieved from /home/user/Desktop/airflowproj/py_env/lib/python3.10/site-packages/airflow/example_dags/plugins/workday.py
[2024-06-18T13:01:01.594+0400] {processor.py:183} INFO - Processing /home/user/Desktop/airflowproj/py_env/lib/python3.10/site-packages/airflow/example_dags/plugins/workday.py took 0.016 seconds
[2024-06-18T13:01:40.957+0400] {processor.py:161} INFO - Started process (PID=52206) to work on /home/user/Desktop/airflowproj/py_env/lib/python3.10/site-packages/airflow/example_dags/plugins/workday.py
[2024-06-18T13:01:40.959+0400] {processor.py:830} INFO - Processing file /home/user/Desktop/airflowproj/py_env/lib/python3.10/site-packages/airflow/example_dags/plugins/workday.py for tasks to queue
[2024-06-18T13:01:40.960+0400] {logging_mixin.py:188} INFO - [2024-06-18T13:01:40.960+0400] {dagbag.py:545} INFO - Filling up the DagBag from /home/user/Desktop/airflowproj/py_env/lib/python3.10/site-packages/airflow/example_dags/plugins/workday.py
[2024-06-18T13:01:40.962+0400] {logging_mixin.py:188} INFO - [2024-06-18T13:01:40.962+0400] {workday.py:41} WARNING - Could not import pandas. Holidays will not be considered.
[2024-06-18T13:01:40.963+0400] {processor.py:842} WARNING - No viable dags retrieved from /home/user/Desktop/airflowproj/py_env/lib/python3.10/site-packages/airflow/example_dags/plugins/workday.py
[2024-06-18T13:01:40.970+0400] {processor.py:183} INFO - Processing /home/user/Desktop/airflowproj/py_env/lib/python3.10/site-packages/airflow/example_dags/plugins/workday.py took 0.021 seconds
[2024-06-18T13:02:21.452+0400] {processor.py:161} INFO - Started process (PID=52870) to work on /home/user/Desktop/airflowproj/py_env/lib/python3.10/site-packages/airflow/example_dags/plugins/workday.py
[2024-06-18T13:02:21.454+0400] {processor.py:830} INFO - Processing file /home/user/Desktop/airflowproj/py_env/lib/python3.10/site-packages/airflow/example_dags/plugins/workday.py for tasks to queue
[2024-06-18T13:02:21.456+0400] {logging_mixin.py:188} INFO - [2024-06-18T13:02:21.455+0400] {dagbag.py:545} INFO - Filling up the DagBag from /home/user/Desktop/airflowproj/py_env/lib/python3.10/site-packages/airflow/example_dags/plugins/workday.py
[2024-06-18T13:02:21.457+0400] {logging_mixin.py:188} INFO - [2024-06-18T13:02:21.457+0400] {workday.py:41} WARNING - Could not import pandas. Holidays will not be considered.
[2024-06-18T13:02:21.457+0400] {processor.py:842} WARNING - No viable dags retrieved from /home/user/Desktop/airflowproj/py_env/lib/python3.10/site-packages/airflow/example_dags/plugins/workday.py
[2024-06-18T13:02:21.462+0400] {processor.py:183} INFO - Processing /home/user/Desktop/airflowproj/py_env/lib/python3.10/site-packages/airflow/example_dags/plugins/workday.py took 0.016 seconds
[2024-06-18T13:03:00.940+0400] {processor.py:161} INFO - Started process (PID=53028) to work on /home/user/Desktop/airflowproj/py_env/lib/python3.10/site-packages/airflow/example_dags/plugins/workday.py
[2024-06-18T13:03:00.943+0400] {processor.py:830} INFO - Processing file /home/user/Desktop/airflowproj/py_env/lib/python3.10/site-packages/airflow/example_dags/plugins/workday.py for tasks to queue
[2024-06-18T13:03:00.944+0400] {logging_mixin.py:188} INFO - [2024-06-18T13:03:00.944+0400] {dagbag.py:545} INFO - Filling up the DagBag from /home/user/Desktop/airflowproj/py_env/lib/python3.10/site-packages/airflow/example_dags/plugins/workday.py
[2024-06-18T13:03:00.946+0400] {logging_mixin.py:188} INFO - [2024-06-18T13:03:00.946+0400] {workday.py:41} WARNING - Could not import pandas. Holidays will not be considered.
[2024-06-18T13:03:00.946+0400] {processor.py:842} WARNING - No viable dags retrieved from /home/user/Desktop/airflowproj/py_env/lib/python3.10/site-packages/airflow/example_dags/plugins/workday.py
[2024-06-18T13:03:00.953+0400] {processor.py:183} INFO - Processing /home/user/Desktop/airflowproj/py_env/lib/python3.10/site-packages/airflow/example_dags/plugins/workday.py took 0.019 seconds
[2024-06-18T13:03:39.819+0400] {processor.py:161} INFO - Started process (PID=53146) to work on /home/user/Desktop/airflowproj/py_env/lib/python3.10/site-packages/airflow/example_dags/plugins/workday.py
[2024-06-18T13:03:39.821+0400] {processor.py:830} INFO - Processing file /home/user/Desktop/airflowproj/py_env/lib/python3.10/site-packages/airflow/example_dags/plugins/workday.py for tasks to queue
[2024-06-18T13:03:39.823+0400] {logging_mixin.py:188} INFO - [2024-06-18T13:03:39.822+0400] {dagbag.py:545} INFO - Filling up the DagBag from /home/user/Desktop/airflowproj/py_env/lib/python3.10/site-packages/airflow/example_dags/plugins/workday.py
[2024-06-18T13:03:39.824+0400] {logging_mixin.py:188} INFO - [2024-06-18T13:03:39.824+0400] {workday.py:41} WARNING - Could not import pandas. Holidays will not be considered.
[2024-06-18T13:03:39.825+0400] {processor.py:842} WARNING - No viable dags retrieved from /home/user/Desktop/airflowproj/py_env/lib/python3.10/site-packages/airflow/example_dags/plugins/workday.py
[2024-06-18T13:03:39.830+0400] {processor.py:183} INFO - Processing /home/user/Desktop/airflowproj/py_env/lib/python3.10/site-packages/airflow/example_dags/plugins/workday.py took 0.015 seconds
[2024-06-18T13:04:16.866+0400] {processor.py:161} INFO - Started process (PID=53280) to work on /home/user/Desktop/airflowproj/py_env/lib/python3.10/site-packages/airflow/example_dags/plugins/workday.py
[2024-06-18T13:04:16.869+0400] {processor.py:830} INFO - Processing file /home/user/Desktop/airflowproj/py_env/lib/python3.10/site-packages/airflow/example_dags/plugins/workday.py for tasks to queue
[2024-06-18T13:04:16.870+0400] {logging_mixin.py:188} INFO - [2024-06-18T13:04:16.870+0400] {dagbag.py:545} INFO - Filling up the DagBag from /home/user/Desktop/airflowproj/py_env/lib/python3.10/site-packages/airflow/example_dags/plugins/workday.py
[2024-06-18T13:04:16.872+0400] {logging_mixin.py:188} INFO - [2024-06-18T13:04:16.872+0400] {workday.py:41} WARNING - Could not import pandas. Holidays will not be considered.
[2024-06-18T13:04:16.873+0400] {processor.py:842} WARNING - No viable dags retrieved from /home/user/Desktop/airflowproj/py_env/lib/python3.10/site-packages/airflow/example_dags/plugins/workday.py
[2024-06-18T13:04:16.879+0400] {processor.py:183} INFO - Processing /home/user/Desktop/airflowproj/py_env/lib/python3.10/site-packages/airflow/example_dags/plugins/workday.py took 0.020 seconds
[2024-06-18T13:04:56.286+0400] {processor.py:161} INFO - Started process (PID=53430) to work on /home/user/Desktop/airflowproj/py_env/lib/python3.10/site-packages/airflow/example_dags/plugins/workday.py
[2024-06-18T13:04:56.287+0400] {processor.py:830} INFO - Processing file /home/user/Desktop/airflowproj/py_env/lib/python3.10/site-packages/airflow/example_dags/plugins/workday.py for tasks to queue
[2024-06-18T13:04:56.287+0400] {logging_mixin.py:188} INFO - [2024-06-18T13:04:56.287+0400] {dagbag.py:545} INFO - Filling up the DagBag from /home/user/Desktop/airflowproj/py_env/lib/python3.10/site-packages/airflow/example_dags/plugins/workday.py
[2024-06-18T13:04:56.289+0400] {logging_mixin.py:188} INFO - [2024-06-18T13:04:56.289+0400] {workday.py:41} WARNING - Could not import pandas. Holidays will not be considered.
[2024-06-18T13:04:56.289+0400] {processor.py:842} WARNING - No viable dags retrieved from /home/user/Desktop/airflowproj/py_env/lib/python3.10/site-packages/airflow/example_dags/plugins/workday.py
[2024-06-18T13:04:56.294+0400] {processor.py:183} INFO - Processing /home/user/Desktop/airflowproj/py_env/lib/python3.10/site-packages/airflow/example_dags/plugins/workday.py took 0.012 seconds
[2024-06-18T13:05:34.017+0400] {processor.py:161} INFO - Started process (PID=53610) to work on /home/user/Desktop/airflowproj/py_env/lib/python3.10/site-packages/airflow/example_dags/plugins/workday.py
[2024-06-18T13:05:34.019+0400] {processor.py:830} INFO - Processing file /home/user/Desktop/airflowproj/py_env/lib/python3.10/site-packages/airflow/example_dags/plugins/workday.py for tasks to queue
[2024-06-18T13:05:34.021+0400] {logging_mixin.py:188} INFO - [2024-06-18T13:05:34.021+0400] {dagbag.py:545} INFO - Filling up the DagBag from /home/user/Desktop/airflowproj/py_env/lib/python3.10/site-packages/airflow/example_dags/plugins/workday.py
[2024-06-18T13:05:34.023+0400] {logging_mixin.py:188} INFO - [2024-06-18T13:05:34.023+0400] {workday.py:41} WARNING - Could not import pandas. Holidays will not be considered.
[2024-06-18T13:05:34.023+0400] {processor.py:842} WARNING - No viable dags retrieved from /home/user/Desktop/airflowproj/py_env/lib/python3.10/site-packages/airflow/example_dags/plugins/workday.py
[2024-06-18T13:05:34.033+0400] {processor.py:183} INFO - Processing /home/user/Desktop/airflowproj/py_env/lib/python3.10/site-packages/airflow/example_dags/plugins/workday.py took 0.021 seconds
[2024-06-18T13:06:12.786+0400] {processor.py:161} INFO - Started process (PID=53753) to work on /home/user/Desktop/airflowproj/py_env/lib/python3.10/site-packages/airflow/example_dags/plugins/workday.py
[2024-06-18T13:06:12.788+0400] {processor.py:830} INFO - Processing file /home/user/Desktop/airflowproj/py_env/lib/python3.10/site-packages/airflow/example_dags/plugins/workday.py for tasks to queue
[2024-06-18T13:06:12.789+0400] {logging_mixin.py:188} INFO - [2024-06-18T13:06:12.789+0400] {dagbag.py:545} INFO - Filling up the DagBag from /home/user/Desktop/airflowproj/py_env/lib/python3.10/site-packages/airflow/example_dags/plugins/workday.py
[2024-06-18T13:06:12.791+0400] {logging_mixin.py:188} INFO - [2024-06-18T13:06:12.791+0400] {workday.py:41} WARNING - Could not import pandas. Holidays will not be considered.
[2024-06-18T13:06:12.791+0400] {processor.py:842} WARNING - No viable dags retrieved from /home/user/Desktop/airflowproj/py_env/lib/python3.10/site-packages/airflow/example_dags/plugins/workday.py
[2024-06-18T13:06:12.797+0400] {processor.py:183} INFO - Processing /home/user/Desktop/airflowproj/py_env/lib/python3.10/site-packages/airflow/example_dags/plugins/workday.py took 0.015 seconds
[2024-06-18T13:06:52.775+0400] {processor.py:161} INFO - Started process (PID=53894) to work on /home/user/Desktop/airflowproj/py_env/lib/python3.10/site-packages/airflow/example_dags/plugins/workday.py
[2024-06-18T13:06:52.778+0400] {processor.py:830} INFO - Processing file /home/user/Desktop/airflowproj/py_env/lib/python3.10/site-packages/airflow/example_dags/plugins/workday.py for tasks to queue
[2024-06-18T13:06:52.779+0400] {logging_mixin.py:188} INFO - [2024-06-18T13:06:52.779+0400] {dagbag.py:545} INFO - Filling up the DagBag from /home/user/Desktop/airflowproj/py_env/lib/python3.10/site-packages/airflow/example_dags/plugins/workday.py
[2024-06-18T13:06:52.781+0400] {logging_mixin.py:188} INFO - [2024-06-18T13:06:52.780+0400] {workday.py:41} WARNING - Could not import pandas. Holidays will not be considered.
[2024-06-18T13:06:52.781+0400] {processor.py:842} WARNING - No viable dags retrieved from /home/user/Desktop/airflowproj/py_env/lib/python3.10/site-packages/airflow/example_dags/plugins/workday.py
[2024-06-18T13:06:52.786+0400] {processor.py:183} INFO - Processing /home/user/Desktop/airflowproj/py_env/lib/python3.10/site-packages/airflow/example_dags/plugins/workday.py took 0.015 seconds
[2024-06-18T13:07:35.037+0400] {processor.py:161} INFO - Started process (PID=54034) to work on /home/user/Desktop/airflowproj/py_env/lib/python3.10/site-packages/airflow/example_dags/plugins/workday.py
[2024-06-18T13:07:35.039+0400] {processor.py:830} INFO - Processing file /home/user/Desktop/airflowproj/py_env/lib/python3.10/site-packages/airflow/example_dags/plugins/workday.py for tasks to queue
[2024-06-18T13:07:35.040+0400] {logging_mixin.py:188} INFO - [2024-06-18T13:07:35.040+0400] {dagbag.py:545} INFO - Filling up the DagBag from /home/user/Desktop/airflowproj/py_env/lib/python3.10/site-packages/airflow/example_dags/plugins/workday.py
[2024-06-18T13:07:35.041+0400] {logging_mixin.py:188} INFO - [2024-06-18T13:07:35.041+0400] {workday.py:41} WARNING - Could not import pandas. Holidays will not be considered.
[2024-06-18T13:07:35.041+0400] {processor.py:842} WARNING - No viable dags retrieved from /home/user/Desktop/airflowproj/py_env/lib/python3.10/site-packages/airflow/example_dags/plugins/workday.py
[2024-06-18T13:07:35.046+0400] {processor.py:183} INFO - Processing /home/user/Desktop/airflowproj/py_env/lib/python3.10/site-packages/airflow/example_dags/plugins/workday.py took 0.013 seconds
[2024-06-18T13:08:16.125+0400] {processor.py:161} INFO - Started process (PID=54204) to work on /home/user/Desktop/airflowproj/py_env/lib/python3.10/site-packages/airflow/example_dags/plugins/workday.py
[2024-06-18T13:08:16.126+0400] {processor.py:830} INFO - Processing file /home/user/Desktop/airflowproj/py_env/lib/python3.10/site-packages/airflow/example_dags/plugins/workday.py for tasks to queue
[2024-06-18T13:08:16.127+0400] {logging_mixin.py:188} INFO - [2024-06-18T13:08:16.127+0400] {dagbag.py:545} INFO - Filling up the DagBag from /home/user/Desktop/airflowproj/py_env/lib/python3.10/site-packages/airflow/example_dags/plugins/workday.py
[2024-06-18T13:08:16.128+0400] {logging_mixin.py:188} INFO - [2024-06-18T13:08:16.128+0400] {workday.py:41} WARNING - Could not import pandas. Holidays will not be considered.
[2024-06-18T13:08:16.128+0400] {processor.py:842} WARNING - No viable dags retrieved from /home/user/Desktop/airflowproj/py_env/lib/python3.10/site-packages/airflow/example_dags/plugins/workday.py
[2024-06-18T13:08:16.133+0400] {processor.py:183} INFO - Processing /home/user/Desktop/airflowproj/py_env/lib/python3.10/site-packages/airflow/example_dags/plugins/workday.py took 0.013 seconds
[2024-06-18T13:08:55.240+0400] {processor.py:161} INFO - Started process (PID=54347) to work on /home/user/Desktop/airflowproj/py_env/lib/python3.10/site-packages/airflow/example_dags/plugins/workday.py
[2024-06-18T13:08:55.243+0400] {processor.py:830} INFO - Processing file /home/user/Desktop/airflowproj/py_env/lib/python3.10/site-packages/airflow/example_dags/plugins/workday.py for tasks to queue
[2024-06-18T13:08:55.244+0400] {logging_mixin.py:188} INFO - [2024-06-18T13:08:55.244+0400] {dagbag.py:545} INFO - Filling up the DagBag from /home/user/Desktop/airflowproj/py_env/lib/python3.10/site-packages/airflow/example_dags/plugins/workday.py
[2024-06-18T13:08:55.246+0400] {logging_mixin.py:188} INFO - [2024-06-18T13:08:55.246+0400] {workday.py:41} WARNING - Could not import pandas. Holidays will not be considered.
[2024-06-18T13:08:55.246+0400] {processor.py:842} WARNING - No viable dags retrieved from /home/user/Desktop/airflowproj/py_env/lib/python3.10/site-packages/airflow/example_dags/plugins/workday.py
[2024-06-18T13:08:55.251+0400] {processor.py:183} INFO - Processing /home/user/Desktop/airflowproj/py_env/lib/python3.10/site-packages/airflow/example_dags/plugins/workday.py took 0.016 seconds
[2024-06-18T13:09:34.367+0400] {processor.py:161} INFO - Started process (PID=54537) to work on /home/user/Desktop/airflowproj/py_env/lib/python3.10/site-packages/airflow/example_dags/plugins/workday.py
[2024-06-18T13:09:34.369+0400] {processor.py:830} INFO - Processing file /home/user/Desktop/airflowproj/py_env/lib/python3.10/site-packages/airflow/example_dags/plugins/workday.py for tasks to queue
[2024-06-18T13:09:34.370+0400] {logging_mixin.py:188} INFO - [2024-06-18T13:09:34.370+0400] {dagbag.py:545} INFO - Filling up the DagBag from /home/user/Desktop/airflowproj/py_env/lib/python3.10/site-packages/airflow/example_dags/plugins/workday.py
[2024-06-18T13:09:34.371+0400] {logging_mixin.py:188} INFO - [2024-06-18T13:09:34.371+0400] {workday.py:41} WARNING - Could not import pandas. Holidays will not be considered.
[2024-06-18T13:09:34.371+0400] {processor.py:842} WARNING - No viable dags retrieved from /home/user/Desktop/airflowproj/py_env/lib/python3.10/site-packages/airflow/example_dags/plugins/workday.py
[2024-06-18T13:09:34.377+0400] {processor.py:183} INFO - Processing /home/user/Desktop/airflowproj/py_env/lib/python3.10/site-packages/airflow/example_dags/plugins/workday.py took 0.013 seconds
[2024-06-18T13:10:13.267+0400] {processor.py:161} INFO - Started process (PID=54657) to work on /home/user/Desktop/airflowproj/py_env/lib/python3.10/site-packages/airflow/example_dags/plugins/workday.py
[2024-06-18T13:10:13.268+0400] {processor.py:830} INFO - Processing file /home/user/Desktop/airflowproj/py_env/lib/python3.10/site-packages/airflow/example_dags/plugins/workday.py for tasks to queue
[2024-06-18T13:10:13.268+0400] {logging_mixin.py:188} INFO - [2024-06-18T13:10:13.268+0400] {dagbag.py:545} INFO - Filling up the DagBag from /home/user/Desktop/airflowproj/py_env/lib/python3.10/site-packages/airflow/example_dags/plugins/workday.py
[2024-06-18T13:10:13.270+0400] {logging_mixin.py:188} INFO - [2024-06-18T13:10:13.270+0400] {workday.py:41} WARNING - Could not import pandas. Holidays will not be considered.
[2024-06-18T13:10:13.270+0400] {processor.py:842} WARNING - No viable dags retrieved from /home/user/Desktop/airflowproj/py_env/lib/python3.10/site-packages/airflow/example_dags/plugins/workday.py
[2024-06-18T13:10:13.275+0400] {processor.py:183} INFO - Processing /home/user/Desktop/airflowproj/py_env/lib/python3.10/site-packages/airflow/example_dags/plugins/workday.py took 0.012 seconds
[2024-06-18T13:10:55.518+0400] {processor.py:161} INFO - Started process (PID=54814) to work on /home/user/Desktop/airflowproj/py_env/lib/python3.10/site-packages/airflow/example_dags/plugins/workday.py
[2024-06-18T13:10:55.520+0400] {processor.py:830} INFO - Processing file /home/user/Desktop/airflowproj/py_env/lib/python3.10/site-packages/airflow/example_dags/plugins/workday.py for tasks to queue
[2024-06-18T13:10:55.521+0400] {logging_mixin.py:188} INFO - [2024-06-18T13:10:55.521+0400] {dagbag.py:545} INFO - Filling up the DagBag from /home/user/Desktop/airflowproj/py_env/lib/python3.10/site-packages/airflow/example_dags/plugins/workday.py
[2024-06-18T13:10:55.522+0400] {logging_mixin.py:188} INFO - [2024-06-18T13:10:55.522+0400] {workday.py:41} WARNING - Could not import pandas. Holidays will not be considered.
[2024-06-18T13:10:55.523+0400] {processor.py:842} WARNING - No viable dags retrieved from /home/user/Desktop/airflowproj/py_env/lib/python3.10/site-packages/airflow/example_dags/plugins/workday.py
[2024-06-18T13:10:55.528+0400] {processor.py:183} INFO - Processing /home/user/Desktop/airflowproj/py_env/lib/python3.10/site-packages/airflow/example_dags/plugins/workday.py took 0.014 seconds
[2024-06-18T13:11:36.610+0400] {processor.py:161} INFO - Started process (PID=54952) to work on /home/user/Desktop/airflowproj/py_env/lib/python3.10/site-packages/airflow/example_dags/plugins/workday.py
[2024-06-18T13:11:36.613+0400] {processor.py:830} INFO - Processing file /home/user/Desktop/airflowproj/py_env/lib/python3.10/site-packages/airflow/example_dags/plugins/workday.py for tasks to queue
[2024-06-18T13:11:36.614+0400] {logging_mixin.py:188} INFO - [2024-06-18T13:11:36.614+0400] {dagbag.py:545} INFO - Filling up the DagBag from /home/user/Desktop/airflowproj/py_env/lib/python3.10/site-packages/airflow/example_dags/plugins/workday.py
[2024-06-18T13:11:36.616+0400] {logging_mixin.py:188} INFO - [2024-06-18T13:11:36.616+0400] {workday.py:41} WARNING - Could not import pandas. Holidays will not be considered.
[2024-06-18T13:11:36.617+0400] {processor.py:842} WARNING - No viable dags retrieved from /home/user/Desktop/airflowproj/py_env/lib/python3.10/site-packages/airflow/example_dags/plugins/workday.py
[2024-06-18T13:11:36.623+0400] {processor.py:183} INFO - Processing /home/user/Desktop/airflowproj/py_env/lib/python3.10/site-packages/airflow/example_dags/plugins/workday.py took 0.017 seconds
[2024-06-18T13:12:13.785+0400] {processor.py:161} INFO - Started process (PID=55068) to work on /home/user/Desktop/airflowproj/py_env/lib/python3.10/site-packages/airflow/example_dags/plugins/workday.py
[2024-06-18T13:12:13.787+0400] {processor.py:830} INFO - Processing file /home/user/Desktop/airflowproj/py_env/lib/python3.10/site-packages/airflow/example_dags/plugins/workday.py for tasks to queue
[2024-06-18T13:12:13.788+0400] {logging_mixin.py:188} INFO - [2024-06-18T13:12:13.788+0400] {dagbag.py:545} INFO - Filling up the DagBag from /home/user/Desktop/airflowproj/py_env/lib/python3.10/site-packages/airflow/example_dags/plugins/workday.py
[2024-06-18T13:12:13.789+0400] {logging_mixin.py:188} INFO - [2024-06-18T13:12:13.789+0400] {workday.py:41} WARNING - Could not import pandas. Holidays will not be considered.
[2024-06-18T13:12:13.789+0400] {processor.py:842} WARNING - No viable dags retrieved from /home/user/Desktop/airflowproj/py_env/lib/python3.10/site-packages/airflow/example_dags/plugins/workday.py
[2024-06-18T13:12:13.794+0400] {processor.py:183} INFO - Processing /home/user/Desktop/airflowproj/py_env/lib/python3.10/site-packages/airflow/example_dags/plugins/workday.py took 0.012 seconds
[2024-06-18T13:12:53.995+0400] {processor.py:161} INFO - Started process (PID=55238) to work on /home/user/Desktop/airflowproj/py_env/lib/python3.10/site-packages/airflow/example_dags/plugins/workday.py
[2024-06-18T13:12:53.995+0400] {processor.py:830} INFO - Processing file /home/user/Desktop/airflowproj/py_env/lib/python3.10/site-packages/airflow/example_dags/plugins/workday.py for tasks to queue
[2024-06-18T13:12:53.997+0400] {logging_mixin.py:188} INFO - [2024-06-18T13:12:53.996+0400] {dagbag.py:545} INFO - Filling up the DagBag from /home/user/Desktop/airflowproj/py_env/lib/python3.10/site-packages/airflow/example_dags/plugins/workday.py
[2024-06-18T13:12:53.999+0400] {logging_mixin.py:188} INFO - [2024-06-18T13:12:53.999+0400] {workday.py:41} WARNING - Could not import pandas. Holidays will not be considered.
[2024-06-18T13:12:53.999+0400] {processor.py:842} WARNING - No viable dags retrieved from /home/user/Desktop/airflowproj/py_env/lib/python3.10/site-packages/airflow/example_dags/plugins/workday.py
[2024-06-18T13:12:54.004+0400] {processor.py:183} INFO - Processing /home/user/Desktop/airflowproj/py_env/lib/python3.10/site-packages/airflow/example_dags/plugins/workday.py took 0.014 seconds
[2024-06-18T13:13:33.746+0400] {processor.py:161} INFO - Started process (PID=55377) to work on /home/user/Desktop/airflowproj/py_env/lib/python3.10/site-packages/airflow/example_dags/plugins/workday.py
[2024-06-18T13:13:33.748+0400] {processor.py:830} INFO - Processing file /home/user/Desktop/airflowproj/py_env/lib/python3.10/site-packages/airflow/example_dags/plugins/workday.py for tasks to queue
[2024-06-18T13:13:33.749+0400] {logging_mixin.py:188} INFO - [2024-06-18T13:13:33.749+0400] {dagbag.py:545} INFO - Filling up the DagBag from /home/user/Desktop/airflowproj/py_env/lib/python3.10/site-packages/airflow/example_dags/plugins/workday.py
[2024-06-18T13:13:33.751+0400] {logging_mixin.py:188} INFO - [2024-06-18T13:13:33.751+0400] {workday.py:41} WARNING - Could not import pandas. Holidays will not be considered.
[2024-06-18T13:13:33.751+0400] {processor.py:842} WARNING - No viable dags retrieved from /home/user/Desktop/airflowproj/py_env/lib/python3.10/site-packages/airflow/example_dags/plugins/workday.py
[2024-06-18T13:13:33.757+0400] {processor.py:183} INFO - Processing /home/user/Desktop/airflowproj/py_env/lib/python3.10/site-packages/airflow/example_dags/plugins/workday.py took 0.015 seconds
[2024-06-18T13:14:14.543+0400] {processor.py:161} INFO - Started process (PID=55520) to work on /home/user/Desktop/airflowproj/py_env/lib/python3.10/site-packages/airflow/example_dags/plugins/workday.py
[2024-06-18T13:14:14.545+0400] {processor.py:830} INFO - Processing file /home/user/Desktop/airflowproj/py_env/lib/python3.10/site-packages/airflow/example_dags/plugins/workday.py for tasks to queue
[2024-06-18T13:14:14.547+0400] {logging_mixin.py:188} INFO - [2024-06-18T13:14:14.546+0400] {dagbag.py:545} INFO - Filling up the DagBag from /home/user/Desktop/airflowproj/py_env/lib/python3.10/site-packages/airflow/example_dags/plugins/workday.py
[2024-06-18T13:14:14.549+0400] {logging_mixin.py:188} INFO - [2024-06-18T13:14:14.549+0400] {workday.py:41} WARNING - Could not import pandas. Holidays will not be considered.
[2024-06-18T13:14:14.549+0400] {processor.py:842} WARNING - No viable dags retrieved from /home/user/Desktop/airflowproj/py_env/lib/python3.10/site-packages/airflow/example_dags/plugins/workday.py
[2024-06-18T13:14:14.554+0400] {processor.py:183} INFO - Processing /home/user/Desktop/airflowproj/py_env/lib/python3.10/site-packages/airflow/example_dags/plugins/workday.py took 0.015 seconds
[2024-06-18T13:14:52.139+0400] {processor.py:161} INFO - Started process (PID=55657) to work on /home/user/Desktop/airflowproj/py_env/lib/python3.10/site-packages/airflow/example_dags/plugins/workday.py
[2024-06-18T13:14:52.141+0400] {processor.py:830} INFO - Processing file /home/user/Desktop/airflowproj/py_env/lib/python3.10/site-packages/airflow/example_dags/plugins/workday.py for tasks to queue
[2024-06-18T13:14:52.142+0400] {logging_mixin.py:188} INFO - [2024-06-18T13:14:52.142+0400] {dagbag.py:545} INFO - Filling up the DagBag from /home/user/Desktop/airflowproj/py_env/lib/python3.10/site-packages/airflow/example_dags/plugins/workday.py
[2024-06-18T13:14:52.144+0400] {logging_mixin.py:188} INFO - [2024-06-18T13:14:52.144+0400] {workday.py:41} WARNING - Could not import pandas. Holidays will not be considered.
[2024-06-18T13:14:52.144+0400] {processor.py:842} WARNING - No viable dags retrieved from /home/user/Desktop/airflowproj/py_env/lib/python3.10/site-packages/airflow/example_dags/plugins/workday.py
[2024-06-18T13:14:52.149+0400] {processor.py:183} INFO - Processing /home/user/Desktop/airflowproj/py_env/lib/python3.10/site-packages/airflow/example_dags/plugins/workday.py took 0.014 seconds
[2024-06-18T13:15:30.288+0400] {processor.py:161} INFO - Started process (PID=55795) to work on /home/user/Desktop/airflowproj/py_env/lib/python3.10/site-packages/airflow/example_dags/plugins/workday.py
[2024-06-18T13:15:30.290+0400] {processor.py:830} INFO - Processing file /home/user/Desktop/airflowproj/py_env/lib/python3.10/site-packages/airflow/example_dags/plugins/workday.py for tasks to queue
[2024-06-18T13:15:30.291+0400] {logging_mixin.py:188} INFO - [2024-06-18T13:15:30.291+0400] {dagbag.py:545} INFO - Filling up the DagBag from /home/user/Desktop/airflowproj/py_env/lib/python3.10/site-packages/airflow/example_dags/plugins/workday.py
[2024-06-18T13:15:30.292+0400] {logging_mixin.py:188} INFO - [2024-06-18T13:15:30.292+0400] {workday.py:41} WARNING - Could not import pandas. Holidays will not be considered.
[2024-06-18T13:15:30.292+0400] {processor.py:842} WARNING - No viable dags retrieved from /home/user/Desktop/airflowproj/py_env/lib/python3.10/site-packages/airflow/example_dags/plugins/workday.py
[2024-06-18T13:15:30.297+0400] {processor.py:183} INFO - Processing /home/user/Desktop/airflowproj/py_env/lib/python3.10/site-packages/airflow/example_dags/plugins/workday.py took 0.013 seconds
[2024-06-18T13:16:10.838+0400] {processor.py:161} INFO - Started process (PID=55930) to work on /home/user/Desktop/airflowproj/py_env/lib/python3.10/site-packages/airflow/example_dags/plugins/workday.py
[2024-06-18T13:16:10.840+0400] {processor.py:830} INFO - Processing file /home/user/Desktop/airflowproj/py_env/lib/python3.10/site-packages/airflow/example_dags/plugins/workday.py for tasks to queue
[2024-06-18T13:16:10.841+0400] {logging_mixin.py:188} INFO - [2024-06-18T13:16:10.841+0400] {dagbag.py:545} INFO - Filling up the DagBag from /home/user/Desktop/airflowproj/py_env/lib/python3.10/site-packages/airflow/example_dags/plugins/workday.py
[2024-06-18T13:16:10.843+0400] {logging_mixin.py:188} INFO - [2024-06-18T13:16:10.843+0400] {workday.py:41} WARNING - Could not import pandas. Holidays will not be considered.
[2024-06-18T13:16:10.843+0400] {processor.py:842} WARNING - No viable dags retrieved from /home/user/Desktop/airflowproj/py_env/lib/python3.10/site-packages/airflow/example_dags/plugins/workday.py
[2024-06-18T13:16:10.848+0400] {processor.py:183} INFO - Processing /home/user/Desktop/airflowproj/py_env/lib/python3.10/site-packages/airflow/example_dags/plugins/workday.py took 0.014 seconds
[2024-06-18T13:16:51.439+0400] {processor.py:161} INFO - Started process (PID=56072) to work on /home/user/Desktop/airflowproj/py_env/lib/python3.10/site-packages/airflow/example_dags/plugins/workday.py
[2024-06-18T13:16:51.441+0400] {processor.py:830} INFO - Processing file /home/user/Desktop/airflowproj/py_env/lib/python3.10/site-packages/airflow/example_dags/plugins/workday.py for tasks to queue
[2024-06-18T13:16:51.443+0400] {logging_mixin.py:188} INFO - [2024-06-18T13:16:51.442+0400] {dagbag.py:545} INFO - Filling up the DagBag from /home/user/Desktop/airflowproj/py_env/lib/python3.10/site-packages/airflow/example_dags/plugins/workday.py
[2024-06-18T13:16:51.444+0400] {logging_mixin.py:188} INFO - [2024-06-18T13:16:51.444+0400] {workday.py:41} WARNING - Could not import pandas. Holidays will not be considered.
[2024-06-18T13:16:51.445+0400] {processor.py:842} WARNING - No viable dags retrieved from /home/user/Desktop/airflowproj/py_env/lib/python3.10/site-packages/airflow/example_dags/plugins/workday.py
[2024-06-18T13:16:51.450+0400] {processor.py:183} INFO - Processing /home/user/Desktop/airflowproj/py_env/lib/python3.10/site-packages/airflow/example_dags/plugins/workday.py took 0.015 seconds
[2024-06-18T13:17:26.559+0400] {processor.py:161} INFO - Started process (PID=56184) to work on /home/user/Desktop/airflowproj/py_env/lib/python3.10/site-packages/airflow/example_dags/plugins/workday.py
[2024-06-18T13:17:26.561+0400] {processor.py:830} INFO - Processing file /home/user/Desktop/airflowproj/py_env/lib/python3.10/site-packages/airflow/example_dags/plugins/workday.py for tasks to queue
[2024-06-18T13:17:26.562+0400] {logging_mixin.py:188} INFO - [2024-06-18T13:17:26.562+0400] {dagbag.py:545} INFO - Filling up the DagBag from /home/user/Desktop/airflowproj/py_env/lib/python3.10/site-packages/airflow/example_dags/plugins/workday.py
[2024-06-18T13:17:26.564+0400] {logging_mixin.py:188} INFO - [2024-06-18T13:17:26.564+0400] {workday.py:41} WARNING - Could not import pandas. Holidays will not be considered.
[2024-06-18T13:17:26.564+0400] {processor.py:842} WARNING - No viable dags retrieved from /home/user/Desktop/airflowproj/py_env/lib/python3.10/site-packages/airflow/example_dags/plugins/workday.py
[2024-06-18T13:17:26.569+0400] {processor.py:183} INFO - Processing /home/user/Desktop/airflowproj/py_env/lib/python3.10/site-packages/airflow/example_dags/plugins/workday.py took 0.014 seconds
[2024-06-18T13:18:06.253+0400] {processor.py:161} INFO - Started process (PID=56352) to work on /home/user/Desktop/airflowproj/py_env/lib/python3.10/site-packages/airflow/example_dags/plugins/workday.py
[2024-06-18T13:18:06.255+0400] {processor.py:830} INFO - Processing file /home/user/Desktop/airflowproj/py_env/lib/python3.10/site-packages/airflow/example_dags/plugins/workday.py for tasks to queue
[2024-06-18T13:18:06.256+0400] {logging_mixin.py:188} INFO - [2024-06-18T13:18:06.256+0400] {dagbag.py:545} INFO - Filling up the DagBag from /home/user/Desktop/airflowproj/py_env/lib/python3.10/site-packages/airflow/example_dags/plugins/workday.py
[2024-06-18T13:18:06.258+0400] {logging_mixin.py:188} INFO - [2024-06-18T13:18:06.257+0400] {workday.py:41} WARNING - Could not import pandas. Holidays will not be considered.
[2024-06-18T13:18:06.258+0400] {processor.py:842} WARNING - No viable dags retrieved from /home/user/Desktop/airflowproj/py_env/lib/python3.10/site-packages/airflow/example_dags/plugins/workday.py
[2024-06-18T13:18:06.263+0400] {processor.py:183} INFO - Processing /home/user/Desktop/airflowproj/py_env/lib/python3.10/site-packages/airflow/example_dags/plugins/workday.py took 0.015 seconds
[2024-06-18T13:18:46.744+0400] {processor.py:161} INFO - Started process (PID=56497) to work on /home/user/Desktop/airflowproj/py_env/lib/python3.10/site-packages/airflow/example_dags/plugins/workday.py
[2024-06-18T13:18:46.746+0400] {processor.py:830} INFO - Processing file /home/user/Desktop/airflowproj/py_env/lib/python3.10/site-packages/airflow/example_dags/plugins/workday.py for tasks to queue
[2024-06-18T13:18:46.747+0400] {logging_mixin.py:188} INFO - [2024-06-18T13:18:46.747+0400] {dagbag.py:545} INFO - Filling up the DagBag from /home/user/Desktop/airflowproj/py_env/lib/python3.10/site-packages/airflow/example_dags/plugins/workday.py
[2024-06-18T13:18:46.748+0400] {logging_mixin.py:188} INFO - [2024-06-18T13:18:46.748+0400] {workday.py:41} WARNING - Could not import pandas. Holidays will not be considered.
[2024-06-18T13:18:46.749+0400] {processor.py:842} WARNING - No viable dags retrieved from /home/user/Desktop/airflowproj/py_env/lib/python3.10/site-packages/airflow/example_dags/plugins/workday.py
[2024-06-18T13:18:46.754+0400] {processor.py:183} INFO - Processing /home/user/Desktop/airflowproj/py_env/lib/python3.10/site-packages/airflow/example_dags/plugins/workday.py took 0.013 seconds
[2024-06-18T13:19:24.520+0400] {processor.py:161} INFO - Started process (PID=56625) to work on /home/user/Desktop/airflowproj/py_env/lib/python3.10/site-packages/airflow/example_dags/plugins/workday.py
[2024-06-18T13:19:24.522+0400] {processor.py:830} INFO - Processing file /home/user/Desktop/airflowproj/py_env/lib/python3.10/site-packages/airflow/example_dags/plugins/workday.py for tasks to queue
[2024-06-18T13:19:24.523+0400] {logging_mixin.py:188} INFO - [2024-06-18T13:19:24.523+0400] {dagbag.py:545} INFO - Filling up the DagBag from /home/user/Desktop/airflowproj/py_env/lib/python3.10/site-packages/airflow/example_dags/plugins/workday.py
[2024-06-18T13:19:24.525+0400] {logging_mixin.py:188} INFO - [2024-06-18T13:19:24.525+0400] {workday.py:41} WARNING - Could not import pandas. Holidays will not be considered.
[2024-06-18T13:19:24.525+0400] {processor.py:842} WARNING - No viable dags retrieved from /home/user/Desktop/airflowproj/py_env/lib/python3.10/site-packages/airflow/example_dags/plugins/workday.py
[2024-06-18T13:19:24.531+0400] {processor.py:183} INFO - Processing /home/user/Desktop/airflowproj/py_env/lib/python3.10/site-packages/airflow/example_dags/plugins/workday.py took 0.016 seconds
[2024-06-18T13:20:03.938+0400] {processor.py:161} INFO - Started process (PID=56766) to work on /home/user/Desktop/airflowproj/py_env/lib/python3.10/site-packages/airflow/example_dags/plugins/workday.py
[2024-06-18T13:20:03.941+0400] {processor.py:830} INFO - Processing file /home/user/Desktop/airflowproj/py_env/lib/python3.10/site-packages/airflow/example_dags/plugins/workday.py for tasks to queue
[2024-06-18T13:20:03.941+0400] {logging_mixin.py:188} INFO - [2024-06-18T13:20:03.941+0400] {dagbag.py:545} INFO - Filling up the DagBag from /home/user/Desktop/airflowproj/py_env/lib/python3.10/site-packages/airflow/example_dags/plugins/workday.py
[2024-06-18T13:20:03.943+0400] {logging_mixin.py:188} INFO - [2024-06-18T13:20:03.943+0400] {workday.py:41} WARNING - Could not import pandas. Holidays will not be considered.
[2024-06-18T13:20:03.943+0400] {processor.py:842} WARNING - No viable dags retrieved from /home/user/Desktop/airflowproj/py_env/lib/python3.10/site-packages/airflow/example_dags/plugins/workday.py
[2024-06-18T13:20:03.948+0400] {processor.py:183} INFO - Processing /home/user/Desktop/airflowproj/py_env/lib/python3.10/site-packages/airflow/example_dags/plugins/workday.py took 0.013 seconds
[2024-06-18T13:20:43.204+0400] {processor.py:161} INFO - Started process (PID=56904) to work on /home/user/Desktop/airflowproj/py_env/lib/python3.10/site-packages/airflow/example_dags/plugins/workday.py
[2024-06-18T13:20:43.206+0400] {processor.py:830} INFO - Processing file /home/user/Desktop/airflowproj/py_env/lib/python3.10/site-packages/airflow/example_dags/plugins/workday.py for tasks to queue
[2024-06-18T13:20:43.207+0400] {logging_mixin.py:188} INFO - [2024-06-18T13:20:43.207+0400] {dagbag.py:545} INFO - Filling up the DagBag from /home/user/Desktop/airflowproj/py_env/lib/python3.10/site-packages/airflow/example_dags/plugins/workday.py
[2024-06-18T13:20:43.209+0400] {logging_mixin.py:188} INFO - [2024-06-18T13:20:43.209+0400] {workday.py:41} WARNING - Could not import pandas. Holidays will not be considered.
[2024-06-18T13:20:43.209+0400] {processor.py:842} WARNING - No viable dags retrieved from /home/user/Desktop/airflowproj/py_env/lib/python3.10/site-packages/airflow/example_dags/plugins/workday.py
[2024-06-18T13:20:43.215+0400] {processor.py:183} INFO - Processing /home/user/Desktop/airflowproj/py_env/lib/python3.10/site-packages/airflow/example_dags/plugins/workday.py took 0.015 seconds
[2024-06-18T13:21:21.710+0400] {processor.py:161} INFO - Started process (PID=57033) to work on /home/user/Desktop/airflowproj/py_env/lib/python3.10/site-packages/airflow/example_dags/plugins/workday.py
[2024-06-18T13:21:21.712+0400] {processor.py:830} INFO - Processing file /home/user/Desktop/airflowproj/py_env/lib/python3.10/site-packages/airflow/example_dags/plugins/workday.py for tasks to queue
[2024-06-18T13:21:21.713+0400] {logging_mixin.py:188} INFO - [2024-06-18T13:21:21.713+0400] {dagbag.py:545} INFO - Filling up the DagBag from /home/user/Desktop/airflowproj/py_env/lib/python3.10/site-packages/airflow/example_dags/plugins/workday.py
[2024-06-18T13:21:21.715+0400] {logging_mixin.py:188} INFO - [2024-06-18T13:21:21.715+0400] {workday.py:41} WARNING - Could not import pandas. Holidays will not be considered.
[2024-06-18T13:21:21.715+0400] {processor.py:842} WARNING - No viable dags retrieved from /home/user/Desktop/airflowproj/py_env/lib/python3.10/site-packages/airflow/example_dags/plugins/workday.py
[2024-06-18T13:21:21.722+0400] {processor.py:183} INFO - Processing /home/user/Desktop/airflowproj/py_env/lib/python3.10/site-packages/airflow/example_dags/plugins/workday.py took 0.016 seconds
[2024-06-18T13:22:03.979+0400] {processor.py:161} INFO - Started process (PID=57176) to work on /home/user/Desktop/airflowproj/py_env/lib/python3.10/site-packages/airflow/example_dags/plugins/workday.py
[2024-06-18T13:22:03.981+0400] {processor.py:830} INFO - Processing file /home/user/Desktop/airflowproj/py_env/lib/python3.10/site-packages/airflow/example_dags/plugins/workday.py for tasks to queue
[2024-06-18T13:22:03.982+0400] {logging_mixin.py:188} INFO - [2024-06-18T13:22:03.982+0400] {dagbag.py:545} INFO - Filling up the DagBag from /home/user/Desktop/airflowproj/py_env/lib/python3.10/site-packages/airflow/example_dags/plugins/workday.py
[2024-06-18T13:22:03.984+0400] {logging_mixin.py:188} INFO - [2024-06-18T13:22:03.984+0400] {workday.py:41} WARNING - Could not import pandas. Holidays will not be considered.
[2024-06-18T13:22:03.985+0400] {processor.py:842} WARNING - No viable dags retrieved from /home/user/Desktop/airflowproj/py_env/lib/python3.10/site-packages/airflow/example_dags/plugins/workday.py
[2024-06-18T13:22:03.990+0400] {processor.py:183} INFO - Processing /home/user/Desktop/airflowproj/py_env/lib/python3.10/site-packages/airflow/example_dags/plugins/workday.py took 0.016 seconds
[2024-06-18T13:22:43.599+0400] {processor.py:161} INFO - Started process (PID=57340) to work on /home/user/Desktop/airflowproj/py_env/lib/python3.10/site-packages/airflow/example_dags/plugins/workday.py
[2024-06-18T13:22:43.602+0400] {processor.py:830} INFO - Processing file /home/user/Desktop/airflowproj/py_env/lib/python3.10/site-packages/airflow/example_dags/plugins/workday.py for tasks to queue
[2024-06-18T13:22:43.603+0400] {logging_mixin.py:188} INFO - [2024-06-18T13:22:43.603+0400] {dagbag.py:545} INFO - Filling up the DagBag from /home/user/Desktop/airflowproj/py_env/lib/python3.10/site-packages/airflow/example_dags/plugins/workday.py
[2024-06-18T13:22:43.605+0400] {logging_mixin.py:188} INFO - [2024-06-18T13:22:43.605+0400] {workday.py:41} WARNING - Could not import pandas. Holidays will not be considered.
[2024-06-18T13:22:43.605+0400] {processor.py:842} WARNING - No viable dags retrieved from /home/user/Desktop/airflowproj/py_env/lib/python3.10/site-packages/airflow/example_dags/plugins/workday.py
[2024-06-18T13:22:43.610+0400] {processor.py:183} INFO - Processing /home/user/Desktop/airflowproj/py_env/lib/python3.10/site-packages/airflow/example_dags/plugins/workday.py took 0.015 seconds
[2024-06-18T13:23:22.325+0400] {processor.py:161} INFO - Started process (PID=57475) to work on /home/user/Desktop/airflowproj/py_env/lib/python3.10/site-packages/airflow/example_dags/plugins/workday.py
[2024-06-18T13:23:22.327+0400] {processor.py:830} INFO - Processing file /home/user/Desktop/airflowproj/py_env/lib/python3.10/site-packages/airflow/example_dags/plugins/workday.py for tasks to queue
[2024-06-18T13:23:22.328+0400] {logging_mixin.py:188} INFO - [2024-06-18T13:23:22.328+0400] {dagbag.py:545} INFO - Filling up the DagBag from /home/user/Desktop/airflowproj/py_env/lib/python3.10/site-packages/airflow/example_dags/plugins/workday.py
[2024-06-18T13:23:22.330+0400] {logging_mixin.py:188} INFO - [2024-06-18T13:23:22.330+0400] {workday.py:41} WARNING - Could not import pandas. Holidays will not be considered.
[2024-06-18T13:23:22.330+0400] {processor.py:842} WARNING - No viable dags retrieved from /home/user/Desktop/airflowproj/py_env/lib/python3.10/site-packages/airflow/example_dags/plugins/workday.py
[2024-06-18T13:23:22.337+0400] {processor.py:183} INFO - Processing /home/user/Desktop/airflowproj/py_env/lib/python3.10/site-packages/airflow/example_dags/plugins/workday.py took 0.015 seconds
[2024-06-18T13:24:01.147+0400] {processor.py:161} INFO - Started process (PID=57598) to work on /home/user/Desktop/airflowproj/py_env/lib/python3.10/site-packages/airflow/example_dags/plugins/workday.py
[2024-06-18T13:24:01.149+0400] {processor.py:830} INFO - Processing file /home/user/Desktop/airflowproj/py_env/lib/python3.10/site-packages/airflow/example_dags/plugins/workday.py for tasks to queue
[2024-06-18T13:24:01.150+0400] {logging_mixin.py:188} INFO - [2024-06-18T13:24:01.150+0400] {dagbag.py:545} INFO - Filling up the DagBag from /home/user/Desktop/airflowproj/py_env/lib/python3.10/site-packages/airflow/example_dags/plugins/workday.py
[2024-06-18T13:24:01.152+0400] {logging_mixin.py:188} INFO - [2024-06-18T13:24:01.152+0400] {workday.py:41} WARNING - Could not import pandas. Holidays will not be considered.
[2024-06-18T13:24:01.152+0400] {processor.py:842} WARNING - No viable dags retrieved from /home/user/Desktop/airflowproj/py_env/lib/python3.10/site-packages/airflow/example_dags/plugins/workday.py
[2024-06-18T13:24:01.158+0400] {processor.py:183} INFO - Processing /home/user/Desktop/airflowproj/py_env/lib/python3.10/site-packages/airflow/example_dags/plugins/workday.py took 0.016 seconds
[2024-06-18T13:24:39.487+0400] {processor.py:161} INFO - Started process (PID=57725) to work on /home/user/Desktop/airflowproj/py_env/lib/python3.10/site-packages/airflow/example_dags/plugins/workday.py
[2024-06-18T13:24:39.489+0400] {processor.py:830} INFO - Processing file /home/user/Desktop/airflowproj/py_env/lib/python3.10/site-packages/airflow/example_dags/plugins/workday.py for tasks to queue
[2024-06-18T13:24:39.490+0400] {logging_mixin.py:188} INFO - [2024-06-18T13:24:39.490+0400] {dagbag.py:545} INFO - Filling up the DagBag from /home/user/Desktop/airflowproj/py_env/lib/python3.10/site-packages/airflow/example_dags/plugins/workday.py
[2024-06-18T13:24:39.492+0400] {logging_mixin.py:188} INFO - [2024-06-18T13:24:39.492+0400] {workday.py:41} WARNING - Could not import pandas. Holidays will not be considered.
[2024-06-18T13:24:39.492+0400] {processor.py:842} WARNING - No viable dags retrieved from /home/user/Desktop/airflowproj/py_env/lib/python3.10/site-packages/airflow/example_dags/plugins/workday.py
[2024-06-18T13:24:39.497+0400] {processor.py:183} INFO - Processing /home/user/Desktop/airflowproj/py_env/lib/python3.10/site-packages/airflow/example_dags/plugins/workday.py took 0.014 seconds
[2024-06-18T13:25:18.019+0400] {processor.py:161} INFO - Started process (PID=57863) to work on /home/user/Desktop/airflowproj/py_env/lib/python3.10/site-packages/airflow/example_dags/plugins/workday.py
[2024-06-18T13:25:18.021+0400] {processor.py:830} INFO - Processing file /home/user/Desktop/airflowproj/py_env/lib/python3.10/site-packages/airflow/example_dags/plugins/workday.py for tasks to queue
[2024-06-18T13:25:18.022+0400] {logging_mixin.py:188} INFO - [2024-06-18T13:25:18.022+0400] {dagbag.py:545} INFO - Filling up the DagBag from /home/user/Desktop/airflowproj/py_env/lib/python3.10/site-packages/airflow/example_dags/plugins/workday.py
[2024-06-18T13:25:18.024+0400] {logging_mixin.py:188} INFO - [2024-06-18T13:25:18.024+0400] {workday.py:41} WARNING - Could not import pandas. Holidays will not be considered.
[2024-06-18T13:25:18.024+0400] {processor.py:842} WARNING - No viable dags retrieved from /home/user/Desktop/airflowproj/py_env/lib/python3.10/site-packages/airflow/example_dags/plugins/workday.py
[2024-06-18T13:25:18.029+0400] {processor.py:183} INFO - Processing /home/user/Desktop/airflowproj/py_env/lib/python3.10/site-packages/airflow/example_dags/plugins/workday.py took 0.015 seconds
[2024-06-18T13:25:56.609+0400] {processor.py:161} INFO - Started process (PID=57990) to work on /home/user/Desktop/airflowproj/py_env/lib/python3.10/site-packages/airflow/example_dags/plugins/workday.py
[2024-06-18T13:25:56.611+0400] {processor.py:830} INFO - Processing file /home/user/Desktop/airflowproj/py_env/lib/python3.10/site-packages/airflow/example_dags/plugins/workday.py for tasks to queue
[2024-06-18T13:25:56.613+0400] {logging_mixin.py:188} INFO - [2024-06-18T13:25:56.612+0400] {dagbag.py:545} INFO - Filling up the DagBag from /home/user/Desktop/airflowproj/py_env/lib/python3.10/site-packages/airflow/example_dags/plugins/workday.py
[2024-06-18T13:25:56.616+0400] {logging_mixin.py:188} INFO - [2024-06-18T13:25:56.616+0400] {workday.py:41} WARNING - Could not import pandas. Holidays will not be considered.
[2024-06-18T13:25:56.616+0400] {processor.py:842} WARNING - No viable dags retrieved from /home/user/Desktop/airflowproj/py_env/lib/python3.10/site-packages/airflow/example_dags/plugins/workday.py
[2024-06-18T13:25:56.623+0400] {processor.py:183} INFO - Processing /home/user/Desktop/airflowproj/py_env/lib/python3.10/site-packages/airflow/example_dags/plugins/workday.py took 0.018 seconds
[2024-06-18T13:26:36.609+0400] {processor.py:161} INFO - Started process (PID=58128) to work on /home/user/Desktop/airflowproj/py_env/lib/python3.10/site-packages/airflow/example_dags/plugins/workday.py
[2024-06-18T13:26:36.611+0400] {processor.py:830} INFO - Processing file /home/user/Desktop/airflowproj/py_env/lib/python3.10/site-packages/airflow/example_dags/plugins/workday.py for tasks to queue
[2024-06-18T13:26:36.612+0400] {logging_mixin.py:188} INFO - [2024-06-18T13:26:36.612+0400] {dagbag.py:545} INFO - Filling up the DagBag from /home/user/Desktop/airflowproj/py_env/lib/python3.10/site-packages/airflow/example_dags/plugins/workday.py
[2024-06-18T13:26:36.614+0400] {logging_mixin.py:188} INFO - [2024-06-18T13:26:36.614+0400] {workday.py:41} WARNING - Could not import pandas. Holidays will not be considered.
[2024-06-18T13:26:36.614+0400] {processor.py:842} WARNING - No viable dags retrieved from /home/user/Desktop/airflowproj/py_env/lib/python3.10/site-packages/airflow/example_dags/plugins/workday.py
[2024-06-18T13:26:36.622+0400] {processor.py:183} INFO - Processing /home/user/Desktop/airflowproj/py_env/lib/python3.10/site-packages/airflow/example_dags/plugins/workday.py took 0.017 seconds
[2024-06-18T13:27:14.297+0400] {processor.py:161} INFO - Started process (PID=58265) to work on /home/user/Desktop/airflowproj/py_env/lib/python3.10/site-packages/airflow/example_dags/plugins/workday.py
[2024-06-18T13:27:14.299+0400] {processor.py:830} INFO - Processing file /home/user/Desktop/airflowproj/py_env/lib/python3.10/site-packages/airflow/example_dags/plugins/workday.py for tasks to queue
[2024-06-18T13:27:14.299+0400] {logging_mixin.py:188} INFO - [2024-06-18T13:27:14.299+0400] {dagbag.py:545} INFO - Filling up the DagBag from /home/user/Desktop/airflowproj/py_env/lib/python3.10/site-packages/airflow/example_dags/plugins/workday.py
[2024-06-18T13:27:14.301+0400] {logging_mixin.py:188} INFO - [2024-06-18T13:27:14.301+0400] {workday.py:41} WARNING - Could not import pandas. Holidays will not be considered.
[2024-06-18T13:27:14.301+0400] {processor.py:842} WARNING - No viable dags retrieved from /home/user/Desktop/airflowproj/py_env/lib/python3.10/site-packages/airflow/example_dags/plugins/workday.py
[2024-06-18T13:27:14.306+0400] {processor.py:183} INFO - Processing /home/user/Desktop/airflowproj/py_env/lib/python3.10/site-packages/airflow/example_dags/plugins/workday.py took 0.013 seconds
[2024-06-18T13:27:52.024+0400] {processor.py:161} INFO - Started process (PID=58418) to work on /home/user/Desktop/airflowproj/py_env/lib/python3.10/site-packages/airflow/example_dags/plugins/workday.py
[2024-06-18T13:27:52.026+0400] {processor.py:830} INFO - Processing file /home/user/Desktop/airflowproj/py_env/lib/python3.10/site-packages/airflow/example_dags/plugins/workday.py for tasks to queue
[2024-06-18T13:27:52.027+0400] {logging_mixin.py:188} INFO - [2024-06-18T13:27:52.027+0400] {dagbag.py:545} INFO - Filling up the DagBag from /home/user/Desktop/airflowproj/py_env/lib/python3.10/site-packages/airflow/example_dags/plugins/workday.py
[2024-06-18T13:27:52.029+0400] {logging_mixin.py:188} INFO - [2024-06-18T13:27:52.029+0400] {workday.py:41} WARNING - Could not import pandas. Holidays will not be considered.
[2024-06-18T13:27:52.029+0400] {processor.py:842} WARNING - No viable dags retrieved from /home/user/Desktop/airflowproj/py_env/lib/python3.10/site-packages/airflow/example_dags/plugins/workday.py
[2024-06-18T13:27:52.037+0400] {processor.py:183} INFO - Processing /home/user/Desktop/airflowproj/py_env/lib/python3.10/site-packages/airflow/example_dags/plugins/workday.py took 0.018 seconds
[2024-06-18T13:28:29.808+0400] {processor.py:161} INFO - Started process (PID=58554) to work on /home/user/Desktop/airflowproj/py_env/lib/python3.10/site-packages/airflow/example_dags/plugins/workday.py
[2024-06-18T13:28:29.810+0400] {processor.py:830} INFO - Processing file /home/user/Desktop/airflowproj/py_env/lib/python3.10/site-packages/airflow/example_dags/plugins/workday.py for tasks to queue
[2024-06-18T13:28:29.811+0400] {logging_mixin.py:188} INFO - [2024-06-18T13:28:29.811+0400] {dagbag.py:545} INFO - Filling up the DagBag from /home/user/Desktop/airflowproj/py_env/lib/python3.10/site-packages/airflow/example_dags/plugins/workday.py
[2024-06-18T13:28:29.813+0400] {logging_mixin.py:188} INFO - [2024-06-18T13:28:29.813+0400] {workday.py:41} WARNING - Could not import pandas. Holidays will not be considered.
[2024-06-18T13:28:29.813+0400] {processor.py:842} WARNING - No viable dags retrieved from /home/user/Desktop/airflowproj/py_env/lib/python3.10/site-packages/airflow/example_dags/plugins/workday.py
[2024-06-18T13:28:29.818+0400] {processor.py:183} INFO - Processing /home/user/Desktop/airflowproj/py_env/lib/python3.10/site-packages/airflow/example_dags/plugins/workday.py took 0.015 seconds
[2024-06-18T13:29:07.902+0400] {processor.py:161} INFO - Started process (PID=58686) to work on /home/user/Desktop/airflowproj/py_env/lib/python3.10/site-packages/airflow/example_dags/plugins/workday.py
[2024-06-18T13:29:07.904+0400] {processor.py:830} INFO - Processing file /home/user/Desktop/airflowproj/py_env/lib/python3.10/site-packages/airflow/example_dags/plugins/workday.py for tasks to queue
[2024-06-18T13:29:07.905+0400] {logging_mixin.py:188} INFO - [2024-06-18T13:29:07.905+0400] {dagbag.py:545} INFO - Filling up the DagBag from /home/user/Desktop/airflowproj/py_env/lib/python3.10/site-packages/airflow/example_dags/plugins/workday.py
[2024-06-18T13:29:07.907+0400] {logging_mixin.py:188} INFO - [2024-06-18T13:29:07.907+0400] {workday.py:41} WARNING - Could not import pandas. Holidays will not be considered.
[2024-06-18T13:29:07.907+0400] {processor.py:842} WARNING - No viable dags retrieved from /home/user/Desktop/airflowproj/py_env/lib/python3.10/site-packages/airflow/example_dags/plugins/workday.py
[2024-06-18T13:29:07.915+0400] {processor.py:183} INFO - Processing /home/user/Desktop/airflowproj/py_env/lib/python3.10/site-packages/airflow/example_dags/plugins/workday.py took 0.018 seconds
[2024-06-18T13:29:45.020+0400] {processor.py:161} INFO - Started process (PID=58826) to work on /home/user/Desktop/airflowproj/py_env/lib/python3.10/site-packages/airflow/example_dags/plugins/workday.py
[2024-06-18T13:29:45.022+0400] {processor.py:830} INFO - Processing file /home/user/Desktop/airflowproj/py_env/lib/python3.10/site-packages/airflow/example_dags/plugins/workday.py for tasks to queue
[2024-06-18T13:29:45.023+0400] {logging_mixin.py:188} INFO - [2024-06-18T13:29:45.023+0400] {dagbag.py:545} INFO - Filling up the DagBag from /home/user/Desktop/airflowproj/py_env/lib/python3.10/site-packages/airflow/example_dags/plugins/workday.py
[2024-06-18T13:29:45.026+0400] {logging_mixin.py:188} INFO - [2024-06-18T13:29:45.025+0400] {workday.py:41} WARNING - Could not import pandas. Holidays will not be considered.
[2024-06-18T13:29:45.026+0400] {processor.py:842} WARNING - No viable dags retrieved from /home/user/Desktop/airflowproj/py_env/lib/python3.10/site-packages/airflow/example_dags/plugins/workday.py
[2024-06-18T13:29:45.034+0400] {processor.py:183} INFO - Processing /home/user/Desktop/airflowproj/py_env/lib/python3.10/site-packages/airflow/example_dags/plugins/workday.py took 0.018 seconds
[2024-06-18T13:30:22.839+0400] {processor.py:161} INFO - Started process (PID=59018) to work on /home/user/Desktop/airflowproj/py_env/lib/python3.10/site-packages/airflow/example_dags/plugins/workday.py
[2024-06-18T13:30:22.841+0400] {processor.py:830} INFO - Processing file /home/user/Desktop/airflowproj/py_env/lib/python3.10/site-packages/airflow/example_dags/plugins/workday.py for tasks to queue
[2024-06-18T13:30:22.842+0400] {logging_mixin.py:188} INFO - [2024-06-18T13:30:22.841+0400] {dagbag.py:545} INFO - Filling up the DagBag from /home/user/Desktop/airflowproj/py_env/lib/python3.10/site-packages/airflow/example_dags/plugins/workday.py
[2024-06-18T13:30:22.843+0400] {logging_mixin.py:188} INFO - [2024-06-18T13:30:22.843+0400] {workday.py:41} WARNING - Could not import pandas. Holidays will not be considered.
[2024-06-18T13:30:22.844+0400] {processor.py:842} WARNING - No viable dags retrieved from /home/user/Desktop/airflowproj/py_env/lib/python3.10/site-packages/airflow/example_dags/plugins/workday.py
[2024-06-18T13:30:22.849+0400] {processor.py:183} INFO - Processing /home/user/Desktop/airflowproj/py_env/lib/python3.10/site-packages/airflow/example_dags/plugins/workday.py took 0.015 seconds
[2024-06-18T13:31:03.762+0400] {processor.py:161} INFO - Started process (PID=59164) to work on /home/user/Desktop/airflowproj/py_env/lib/python3.10/site-packages/airflow/example_dags/plugins/workday.py
[2024-06-18T13:31:03.763+0400] {processor.py:830} INFO - Processing file /home/user/Desktop/airflowproj/py_env/lib/python3.10/site-packages/airflow/example_dags/plugins/workday.py for tasks to queue
[2024-06-18T13:31:03.764+0400] {logging_mixin.py:188} INFO - [2024-06-18T13:31:03.764+0400] {dagbag.py:545} INFO - Filling up the DagBag from /home/user/Desktop/airflowproj/py_env/lib/python3.10/site-packages/airflow/example_dags/plugins/workday.py
[2024-06-18T13:31:03.766+0400] {logging_mixin.py:188} INFO - [2024-06-18T13:31:03.766+0400] {workday.py:41} WARNING - Could not import pandas. Holidays will not be considered.
[2024-06-18T13:31:03.766+0400] {processor.py:842} WARNING - No viable dags retrieved from /home/user/Desktop/airflowproj/py_env/lib/python3.10/site-packages/airflow/example_dags/plugins/workday.py
[2024-06-18T13:31:03.771+0400] {processor.py:183} INFO - Processing /home/user/Desktop/airflowproj/py_env/lib/python3.10/site-packages/airflow/example_dags/plugins/workday.py took 0.012 seconds
[2024-06-18T13:31:44.865+0400] {processor.py:161} INFO - Started process (PID=59431) to work on /home/user/Desktop/airflowproj/py_env/lib/python3.10/site-packages/airflow/example_dags/plugins/workday.py
[2024-06-18T13:31:44.866+0400] {processor.py:830} INFO - Processing file /home/user/Desktop/airflowproj/py_env/lib/python3.10/site-packages/airflow/example_dags/plugins/workday.py for tasks to queue
[2024-06-18T13:31:44.867+0400] {logging_mixin.py:188} INFO - [2024-06-18T13:31:44.867+0400] {dagbag.py:545} INFO - Filling up the DagBag from /home/user/Desktop/airflowproj/py_env/lib/python3.10/site-packages/airflow/example_dags/plugins/workday.py
[2024-06-18T13:31:44.869+0400] {logging_mixin.py:188} INFO - [2024-06-18T13:31:44.869+0400] {workday.py:41} WARNING - Could not import pandas. Holidays will not be considered.
[2024-06-18T13:31:44.869+0400] {processor.py:842} WARNING - No viable dags retrieved from /home/user/Desktop/airflowproj/py_env/lib/python3.10/site-packages/airflow/example_dags/plugins/workday.py
[2024-06-18T13:31:44.875+0400] {processor.py:183} INFO - Processing /home/user/Desktop/airflowproj/py_env/lib/python3.10/site-packages/airflow/example_dags/plugins/workday.py took 0.013 seconds
