[2024-06-18T12:40:50.926+0400] {processor.py:161} INFO - Started process (PID=45789) to work on /home/user/Desktop/airflowproj/py_env/lib/python3.10/site-packages/airflow/example_dags/example_branch_labels.py
[2024-06-18T12:40:50.927+0400] {processor.py:830} INFO - Processing file /home/user/Desktop/airflowproj/py_env/lib/python3.10/site-packages/airflow/example_dags/example_branch_labels.py for tasks to queue
[2024-06-18T12:40:50.929+0400] {logging_mixin.py:188} INFO - [2024-06-18T12:40:50.928+0400] {dagbag.py:545} INFO - Filling up the DagBag from /home/user/Desktop/airflowproj/py_env/lib/python3.10/site-packages/airflow/example_dags/example_branch_labels.py
[2024-06-18T12:40:50.935+0400] {processor.py:840} INFO - DAG(s) 'example_branch_labels' retrieved from /home/user/Desktop/airflowproj/py_env/lib/python3.10/site-packages/airflow/example_dags/example_branch_labels.py
[2024-06-18T12:40:51.029+0400] {logging_mixin.py:188} INFO - [2024-06-18T12:40:51.028+0400] {override.py:1829} INFO - Created Permission View: can edit on DAG:example_branch_labels
[2024-06-18T12:40:51.045+0400] {logging_mixin.py:188} INFO - [2024-06-18T12:40:51.045+0400] {override.py:1829} INFO - Created Permission View: can read on DAG:example_branch_labels
[2024-06-18T12:40:51.055+0400] {logging_mixin.py:188} INFO - [2024-06-18T12:40:51.055+0400] {override.py:1829} INFO - Created Permission View: can delete on DAG:example_branch_labels
[2024-06-18T12:40:51.055+0400] {logging_mixin.py:188} INFO - [2024-06-18T12:40:51.055+0400] {dag.py:3096} INFO - Sync 1 DAGs
[2024-06-18T12:40:51.105+0400] {logging_mixin.py:188} INFO - [2024-06-18T12:40:51.105+0400] {dag.py:3118} INFO - Creating ORM DAG for example_branch_labels
[2024-06-18T12:40:51.110+0400] {logging_mixin.py:188} INFO - [2024-06-18T12:40:51.110+0400] {dag.py:3954} INFO - Setting next_dagrun for example_branch_labels to 2024-06-17 00:00:00+00:00, run_after=2024-06-18 00:00:00+00:00
[2024-06-18T12:40:51.124+0400] {processor.py:183} INFO - Processing /home/user/Desktop/airflowproj/py_env/lib/python3.10/site-packages/airflow/example_dags/example_branch_labels.py took 0.201 seconds
[2024-06-18T12:43:24.911+0400] {processor.py:161} INFO - Started process (PID=46693) to work on /home/user/Desktop/airflowproj/py_env/lib/python3.10/site-packages/airflow/example_dags/example_branch_labels.py
[2024-06-18T12:43:24.913+0400] {processor.py:830} INFO - Processing file /home/user/Desktop/airflowproj/py_env/lib/python3.10/site-packages/airflow/example_dags/example_branch_labels.py for tasks to queue
[2024-06-18T12:43:24.914+0400] {logging_mixin.py:188} INFO - [2024-06-18T12:43:24.914+0400] {dagbag.py:545} INFO - Filling up the DagBag from /home/user/Desktop/airflowproj/py_env/lib/python3.10/site-packages/airflow/example_dags/example_branch_labels.py
[2024-06-18T12:43:24.918+0400] {processor.py:840} INFO - DAG(s) 'example_branch_labels' retrieved from /home/user/Desktop/airflowproj/py_env/lib/python3.10/site-packages/airflow/example_dags/example_branch_labels.py
[2024-06-18T12:43:24.926+0400] {logging_mixin.py:188} INFO - [2024-06-18T12:43:24.926+0400] {dag.py:3096} INFO - Sync 1 DAGs
[2024-06-18T12:43:24.935+0400] {logging_mixin.py:188} INFO - [2024-06-18T12:43:24.935+0400] {dag.py:3954} INFO - Setting next_dagrun for example_branch_labels to 2024-06-17 00:00:00+00:00, run_after=2024-06-18 00:00:00+00:00
[2024-06-18T12:43:24.949+0400] {processor.py:183} INFO - Processing /home/user/Desktop/airflowproj/py_env/lib/python3.10/site-packages/airflow/example_dags/example_branch_labels.py took 0.043 seconds
[2024-06-18T12:44:30.749+0400] {processor.py:161} INFO - Started process (PID=46877) to work on /home/user/Desktop/airflowproj/py_env/lib/python3.10/site-packages/airflow/example_dags/example_branch_labels.py
[2024-06-18T12:44:30.751+0400] {processor.py:830} INFO - Processing file /home/user/Desktop/airflowproj/py_env/lib/python3.10/site-packages/airflow/example_dags/example_branch_labels.py for tasks to queue
[2024-06-18T12:44:30.752+0400] {logging_mixin.py:188} INFO - [2024-06-18T12:44:30.752+0400] {dagbag.py:545} INFO - Filling up the DagBag from /home/user/Desktop/airflowproj/py_env/lib/python3.10/site-packages/airflow/example_dags/example_branch_labels.py
[2024-06-18T12:44:30.756+0400] {processor.py:840} INFO - DAG(s) 'example_branch_labels' retrieved from /home/user/Desktop/airflowproj/py_env/lib/python3.10/site-packages/airflow/example_dags/example_branch_labels.py
[2024-06-18T12:44:30.767+0400] {logging_mixin.py:188} INFO - [2024-06-18T12:44:30.766+0400] {dag.py:3096} INFO - Sync 1 DAGs
[2024-06-18T12:44:30.831+0400] {logging_mixin.py:188} INFO - [2024-06-18T12:44:30.831+0400] {dag.py:3954} INFO - Setting next_dagrun for example_branch_labels to 2024-06-17 00:00:00+00:00, run_after=2024-06-18 00:00:00+00:00
[2024-06-18T12:44:30.842+0400] {processor.py:183} INFO - Processing /home/user/Desktop/airflowproj/py_env/lib/python3.10/site-packages/airflow/example_dags/example_branch_labels.py took 0.096 seconds
[2024-06-18T12:45:30.693+0400] {processor.py:161} INFO - Started process (PID=47027) to work on /home/user/Desktop/airflowproj/py_env/lib/python3.10/site-packages/airflow/example_dags/example_branch_labels.py
[2024-06-18T12:45:30.695+0400] {processor.py:830} INFO - Processing file /home/user/Desktop/airflowproj/py_env/lib/python3.10/site-packages/airflow/example_dags/example_branch_labels.py for tasks to queue
[2024-06-18T12:45:30.696+0400] {logging_mixin.py:188} INFO - [2024-06-18T12:45:30.696+0400] {dagbag.py:545} INFO - Filling up the DagBag from /home/user/Desktop/airflowproj/py_env/lib/python3.10/site-packages/airflow/example_dags/example_branch_labels.py
[2024-06-18T12:45:30.700+0400] {processor.py:840} INFO - DAG(s) 'example_branch_labels' retrieved from /home/user/Desktop/airflowproj/py_env/lib/python3.10/site-packages/airflow/example_dags/example_branch_labels.py
[2024-06-18T12:45:30.708+0400] {logging_mixin.py:188} INFO - [2024-06-18T12:45:30.708+0400] {dag.py:3096} INFO - Sync 1 DAGs
[2024-06-18T12:45:30.719+0400] {logging_mixin.py:188} INFO - [2024-06-18T12:45:30.719+0400] {dag.py:3954} INFO - Setting next_dagrun for example_branch_labels to 2024-06-17 00:00:00+00:00, run_after=2024-06-18 00:00:00+00:00
[2024-06-18T12:45:30.734+0400] {processor.py:183} INFO - Processing /home/user/Desktop/airflowproj/py_env/lib/python3.10/site-packages/airflow/example_dags/example_branch_labels.py took 0.044 seconds
[2024-06-18T12:46:31.635+0400] {processor.py:161} INFO - Started process (PID=47236) to work on /home/user/Desktop/airflowproj/py_env/lib/python3.10/site-packages/airflow/example_dags/example_branch_labels.py
[2024-06-18T12:46:31.638+0400] {processor.py:830} INFO - Processing file /home/user/Desktop/airflowproj/py_env/lib/python3.10/site-packages/airflow/example_dags/example_branch_labels.py for tasks to queue
[2024-06-18T12:46:31.639+0400] {logging_mixin.py:188} INFO - [2024-06-18T12:46:31.639+0400] {dagbag.py:545} INFO - Filling up the DagBag from /home/user/Desktop/airflowproj/py_env/lib/python3.10/site-packages/airflow/example_dags/example_branch_labels.py
[2024-06-18T12:46:31.643+0400] {processor.py:840} INFO - DAG(s) 'example_branch_labels' retrieved from /home/user/Desktop/airflowproj/py_env/lib/python3.10/site-packages/airflow/example_dags/example_branch_labels.py
[2024-06-18T12:46:31.651+0400] {logging_mixin.py:188} INFO - [2024-06-18T12:46:31.651+0400] {dag.py:3096} INFO - Sync 1 DAGs
[2024-06-18T12:46:31.659+0400] {logging_mixin.py:188} INFO - [2024-06-18T12:46:31.659+0400] {dag.py:3954} INFO - Setting next_dagrun for example_branch_labels to 2024-06-17 00:00:00+00:00, run_after=2024-06-18 00:00:00+00:00
[2024-06-18T12:46:31.671+0400] {processor.py:183} INFO - Processing /home/user/Desktop/airflowproj/py_env/lib/python3.10/site-packages/airflow/example_dags/example_branch_labels.py took 0.040 seconds
[2024-06-18T12:47:29.032+0400] {processor.py:161} INFO - Started process (PID=47982) to work on /home/user/Desktop/airflowproj/py_env/lib/python3.10/site-packages/airflow/example_dags/example_branch_labels.py
[2024-06-18T12:47:29.034+0400] {processor.py:830} INFO - Processing file /home/user/Desktop/airflowproj/py_env/lib/python3.10/site-packages/airflow/example_dags/example_branch_labels.py for tasks to queue
[2024-06-18T12:47:29.035+0400] {logging_mixin.py:188} INFO - [2024-06-18T12:47:29.035+0400] {dagbag.py:545} INFO - Filling up the DagBag from /home/user/Desktop/airflowproj/py_env/lib/python3.10/site-packages/airflow/example_dags/example_branch_labels.py
[2024-06-18T12:47:29.038+0400] {processor.py:840} INFO - DAG(s) 'example_branch_labels' retrieved from /home/user/Desktop/airflowproj/py_env/lib/python3.10/site-packages/airflow/example_dags/example_branch_labels.py
[2024-06-18T12:47:29.046+0400] {logging_mixin.py:188} INFO - [2024-06-18T12:47:29.046+0400] {dag.py:3096} INFO - Sync 1 DAGs
[2024-06-18T12:47:29.055+0400] {logging_mixin.py:188} INFO - [2024-06-18T12:47:29.055+0400] {dag.py:3954} INFO - Setting next_dagrun for example_branch_labels to 2024-06-17 00:00:00+00:00, run_after=2024-06-18 00:00:00+00:00
[2024-06-18T12:47:29.068+0400] {processor.py:183} INFO - Processing /home/user/Desktop/airflowproj/py_env/lib/python3.10/site-packages/airflow/example_dags/example_branch_labels.py took 0.040 seconds
[2024-06-18T12:48:25.494+0400] {processor.py:161} INFO - Started process (PID=48286) to work on /home/user/Desktop/airflowproj/py_env/lib/python3.10/site-packages/airflow/example_dags/example_branch_labels.py
[2024-06-18T12:48:25.496+0400] {processor.py:830} INFO - Processing file /home/user/Desktop/airflowproj/py_env/lib/python3.10/site-packages/airflow/example_dags/example_branch_labels.py for tasks to queue
[2024-06-18T12:48:25.497+0400] {logging_mixin.py:188} INFO - [2024-06-18T12:48:25.497+0400] {dagbag.py:545} INFO - Filling up the DagBag from /home/user/Desktop/airflowproj/py_env/lib/python3.10/site-packages/airflow/example_dags/example_branch_labels.py
[2024-06-18T12:48:25.502+0400] {processor.py:840} INFO - DAG(s) 'example_branch_labels' retrieved from /home/user/Desktop/airflowproj/py_env/lib/python3.10/site-packages/airflow/example_dags/example_branch_labels.py
[2024-06-18T12:48:25.512+0400] {logging_mixin.py:188} INFO - [2024-06-18T12:48:25.511+0400] {dag.py:3096} INFO - Sync 1 DAGs
[2024-06-18T12:48:25.521+0400] {logging_mixin.py:188} INFO - [2024-06-18T12:48:25.521+0400] {dag.py:3954} INFO - Setting next_dagrun for example_branch_labels to 2024-06-17 00:00:00+00:00, run_after=2024-06-18 00:00:00+00:00
[2024-06-18T12:48:25.535+0400] {processor.py:183} INFO - Processing /home/user/Desktop/airflowproj/py_env/lib/python3.10/site-packages/airflow/example_dags/example_branch_labels.py took 0.045 seconds
[2024-06-18T12:49:15.779+0400] {processor.py:161} INFO - Started process (PID=48613) to work on /home/user/Desktop/airflowproj/py_env/lib/python3.10/site-packages/airflow/example_dags/example_branch_labels.py
[2024-06-18T12:49:15.781+0400] {processor.py:830} INFO - Processing file /home/user/Desktop/airflowproj/py_env/lib/python3.10/site-packages/airflow/example_dags/example_branch_labels.py for tasks to queue
[2024-06-18T12:49:15.782+0400] {logging_mixin.py:188} INFO - [2024-06-18T12:49:15.782+0400] {dagbag.py:545} INFO - Filling up the DagBag from /home/user/Desktop/airflowproj/py_env/lib/python3.10/site-packages/airflow/example_dags/example_branch_labels.py
[2024-06-18T12:49:15.786+0400] {processor.py:840} INFO - DAG(s) 'example_branch_labels' retrieved from /home/user/Desktop/airflowproj/py_env/lib/python3.10/site-packages/airflow/example_dags/example_branch_labels.py
[2024-06-18T12:49:15.795+0400] {logging_mixin.py:188} INFO - [2024-06-18T12:49:15.795+0400] {dag.py:3096} INFO - Sync 1 DAGs
[2024-06-18T12:49:15.805+0400] {logging_mixin.py:188} INFO - [2024-06-18T12:49:15.805+0400] {dag.py:3954} INFO - Setting next_dagrun for example_branch_labels to 2024-06-17 00:00:00+00:00, run_after=2024-06-18 00:00:00+00:00
[2024-06-18T12:49:15.818+0400] {processor.py:183} INFO - Processing /home/user/Desktop/airflowproj/py_env/lib/python3.10/site-packages/airflow/example_dags/example_branch_labels.py took 0.046 seconds
[2024-06-18T12:50:16.345+0400] {processor.py:161} INFO - Started process (PID=48786) to work on /home/user/Desktop/airflowproj/py_env/lib/python3.10/site-packages/airflow/example_dags/example_branch_labels.py
[2024-06-18T12:50:16.347+0400] {processor.py:830} INFO - Processing file /home/user/Desktop/airflowproj/py_env/lib/python3.10/site-packages/airflow/example_dags/example_branch_labels.py for tasks to queue
[2024-06-18T12:50:16.348+0400] {logging_mixin.py:188} INFO - [2024-06-18T12:50:16.348+0400] {dagbag.py:545} INFO - Filling up the DagBag from /home/user/Desktop/airflowproj/py_env/lib/python3.10/site-packages/airflow/example_dags/example_branch_labels.py
[2024-06-18T12:50:16.353+0400] {processor.py:840} INFO - DAG(s) 'example_branch_labels' retrieved from /home/user/Desktop/airflowproj/py_env/lib/python3.10/site-packages/airflow/example_dags/example_branch_labels.py
[2024-06-18T12:50:16.362+0400] {logging_mixin.py:188} INFO - [2024-06-18T12:50:16.362+0400] {dag.py:3096} INFO - Sync 1 DAGs
[2024-06-18T12:50:16.373+0400] {logging_mixin.py:188} INFO - [2024-06-18T12:50:16.373+0400] {dag.py:3954} INFO - Setting next_dagrun for example_branch_labels to 2024-06-17 00:00:00+00:00, run_after=2024-06-18 00:00:00+00:00
[2024-06-18T12:50:16.387+0400] {processor.py:183} INFO - Processing /home/user/Desktop/airflowproj/py_env/lib/python3.10/site-packages/airflow/example_dags/example_branch_labels.py took 0.046 seconds
[2024-06-18T12:51:16.436+0400] {processor.py:161} INFO - Started process (PID=48998) to work on /home/user/Desktop/airflowproj/py_env/lib/python3.10/site-packages/airflow/example_dags/example_branch_labels.py
[2024-06-18T12:51:16.438+0400] {processor.py:830} INFO - Processing file /home/user/Desktop/airflowproj/py_env/lib/python3.10/site-packages/airflow/example_dags/example_branch_labels.py for tasks to queue
[2024-06-18T12:51:16.439+0400] {logging_mixin.py:188} INFO - [2024-06-18T12:51:16.439+0400] {dagbag.py:545} INFO - Filling up the DagBag from /home/user/Desktop/airflowproj/py_env/lib/python3.10/site-packages/airflow/example_dags/example_branch_labels.py
[2024-06-18T12:51:16.443+0400] {processor.py:840} INFO - DAG(s) 'example_branch_labels' retrieved from /home/user/Desktop/airflowproj/py_env/lib/python3.10/site-packages/airflow/example_dags/example_branch_labels.py
[2024-06-18T12:51:16.451+0400] {logging_mixin.py:188} INFO - [2024-06-18T12:51:16.451+0400] {dag.py:3096} INFO - Sync 1 DAGs
[2024-06-18T12:51:16.460+0400] {logging_mixin.py:188} INFO - [2024-06-18T12:51:16.460+0400] {dag.py:3954} INFO - Setting next_dagrun for example_branch_labels to 2024-06-17 00:00:00+00:00, run_after=2024-06-18 00:00:00+00:00
[2024-06-18T12:51:16.474+0400] {processor.py:183} INFO - Processing /home/user/Desktop/airflowproj/py_env/lib/python3.10/site-packages/airflow/example_dags/example_branch_labels.py took 0.042 seconds
[2024-06-18T12:52:14.755+0400] {processor.py:161} INFO - Started process (PID=49179) to work on /home/user/Desktop/airflowproj/py_env/lib/python3.10/site-packages/airflow/example_dags/example_branch_labels.py
[2024-06-18T12:52:14.757+0400] {processor.py:830} INFO - Processing file /home/user/Desktop/airflowproj/py_env/lib/python3.10/site-packages/airflow/example_dags/example_branch_labels.py for tasks to queue
[2024-06-18T12:52:14.758+0400] {logging_mixin.py:188} INFO - [2024-06-18T12:52:14.758+0400] {dagbag.py:545} INFO - Filling up the DagBag from /home/user/Desktop/airflowproj/py_env/lib/python3.10/site-packages/airflow/example_dags/example_branch_labels.py
[2024-06-18T12:52:14.762+0400] {processor.py:840} INFO - DAG(s) 'example_branch_labels' retrieved from /home/user/Desktop/airflowproj/py_env/lib/python3.10/site-packages/airflow/example_dags/example_branch_labels.py
[2024-06-18T12:52:14.770+0400] {logging_mixin.py:188} INFO - [2024-06-18T12:52:14.770+0400] {dag.py:3096} INFO - Sync 1 DAGs
[2024-06-18T12:52:14.779+0400] {logging_mixin.py:188} INFO - [2024-06-18T12:52:14.779+0400] {dag.py:3954} INFO - Setting next_dagrun for example_branch_labels to 2024-06-17 00:00:00+00:00, run_after=2024-06-18 00:00:00+00:00
[2024-06-18T12:52:14.793+0400] {processor.py:183} INFO - Processing /home/user/Desktop/airflowproj/py_env/lib/python3.10/site-packages/airflow/example_dags/example_branch_labels.py took 0.042 seconds
[2024-06-18T12:53:13.269+0400] {processor.py:161} INFO - Started process (PID=49473) to work on /home/user/Desktop/airflowproj/py_env/lib/python3.10/site-packages/airflow/example_dags/example_branch_labels.py
[2024-06-18T12:53:13.271+0400] {processor.py:830} INFO - Processing file /home/user/Desktop/airflowproj/py_env/lib/python3.10/site-packages/airflow/example_dags/example_branch_labels.py for tasks to queue
[2024-06-18T12:53:13.272+0400] {logging_mixin.py:188} INFO - [2024-06-18T12:53:13.271+0400] {dagbag.py:545} INFO - Filling up the DagBag from /home/user/Desktop/airflowproj/py_env/lib/python3.10/site-packages/airflow/example_dags/example_branch_labels.py
[2024-06-18T12:53:13.276+0400] {processor.py:840} INFO - DAG(s) 'example_branch_labels' retrieved from /home/user/Desktop/airflowproj/py_env/lib/python3.10/site-packages/airflow/example_dags/example_branch_labels.py
[2024-06-18T12:53:13.284+0400] {logging_mixin.py:188} INFO - [2024-06-18T12:53:13.284+0400] {dag.py:3096} INFO - Sync 1 DAGs
[2024-06-18T12:53:13.295+0400] {logging_mixin.py:188} INFO - [2024-06-18T12:53:13.294+0400] {dag.py:3954} INFO - Setting next_dagrun for example_branch_labels to 2024-06-17 00:00:00+00:00, run_after=2024-06-18 00:00:00+00:00
[2024-06-18T12:53:13.310+0400] {processor.py:183} INFO - Processing /home/user/Desktop/airflowproj/py_env/lib/python3.10/site-packages/airflow/example_dags/example_branch_labels.py took 0.045 seconds
[2024-06-18T12:54:11.314+0400] {processor.py:161} INFO - Started process (PID=49658) to work on /home/user/Desktop/airflowproj/py_env/lib/python3.10/site-packages/airflow/example_dags/example_branch_labels.py
[2024-06-18T12:54:11.316+0400] {processor.py:830} INFO - Processing file /home/user/Desktop/airflowproj/py_env/lib/python3.10/site-packages/airflow/example_dags/example_branch_labels.py for tasks to queue
[2024-06-18T12:54:11.317+0400] {logging_mixin.py:188} INFO - [2024-06-18T12:54:11.317+0400] {dagbag.py:545} INFO - Filling up the DagBag from /home/user/Desktop/airflowproj/py_env/lib/python3.10/site-packages/airflow/example_dags/example_branch_labels.py
[2024-06-18T12:54:11.321+0400] {processor.py:840} INFO - DAG(s) 'example_branch_labels' retrieved from /home/user/Desktop/airflowproj/py_env/lib/python3.10/site-packages/airflow/example_dags/example_branch_labels.py
[2024-06-18T12:54:11.330+0400] {logging_mixin.py:188} INFO - [2024-06-18T12:54:11.330+0400] {dag.py:3096} INFO - Sync 1 DAGs
[2024-06-18T12:54:11.340+0400] {logging_mixin.py:188} INFO - [2024-06-18T12:54:11.340+0400] {dag.py:3954} INFO - Setting next_dagrun for example_branch_labels to 2024-06-17 00:00:00+00:00, run_after=2024-06-18 00:00:00+00:00
[2024-06-18T12:54:11.354+0400] {processor.py:183} INFO - Processing /home/user/Desktop/airflowproj/py_env/lib/python3.10/site-packages/airflow/example_dags/example_branch_labels.py took 0.045 seconds
[2024-06-18T12:55:10.723+0400] {processor.py:161} INFO - Started process (PID=49847) to work on /home/user/Desktop/airflowproj/py_env/lib/python3.10/site-packages/airflow/example_dags/example_branch_labels.py
[2024-06-18T12:55:10.725+0400] {processor.py:830} INFO - Processing file /home/user/Desktop/airflowproj/py_env/lib/python3.10/site-packages/airflow/example_dags/example_branch_labels.py for tasks to queue
[2024-06-18T12:55:10.726+0400] {logging_mixin.py:188} INFO - [2024-06-18T12:55:10.726+0400] {dagbag.py:545} INFO - Filling up the DagBag from /home/user/Desktop/airflowproj/py_env/lib/python3.10/site-packages/airflow/example_dags/example_branch_labels.py
[2024-06-18T12:55:10.730+0400] {processor.py:840} INFO - DAG(s) 'example_branch_labels' retrieved from /home/user/Desktop/airflowproj/py_env/lib/python3.10/site-packages/airflow/example_dags/example_branch_labels.py
[2024-06-18T12:55:10.737+0400] {logging_mixin.py:188} INFO - [2024-06-18T12:55:10.737+0400] {dag.py:3096} INFO - Sync 1 DAGs
[2024-06-18T12:55:10.746+0400] {logging_mixin.py:188} INFO - [2024-06-18T12:55:10.746+0400] {dag.py:3954} INFO - Setting next_dagrun for example_branch_labels to 2024-06-17 00:00:00+00:00, run_after=2024-06-18 00:00:00+00:00
[2024-06-18T12:55:10.759+0400] {processor.py:183} INFO - Processing /home/user/Desktop/airflowproj/py_env/lib/python3.10/site-packages/airflow/example_dags/example_branch_labels.py took 0.038 seconds
[2024-06-18T12:56:06.146+0400] {processor.py:161} INFO - Started process (PID=50129) to work on /home/user/Desktop/airflowproj/py_env/lib/python3.10/site-packages/airflow/example_dags/example_branch_labels.py
[2024-06-18T12:56:06.148+0400] {processor.py:830} INFO - Processing file /home/user/Desktop/airflowproj/py_env/lib/python3.10/site-packages/airflow/example_dags/example_branch_labels.py for tasks to queue
[2024-06-18T12:56:06.149+0400] {logging_mixin.py:188} INFO - [2024-06-18T12:56:06.149+0400] {dagbag.py:545} INFO - Filling up the DagBag from /home/user/Desktop/airflowproj/py_env/lib/python3.10/site-packages/airflow/example_dags/example_branch_labels.py
[2024-06-18T12:56:06.154+0400] {processor.py:840} INFO - DAG(s) 'example_branch_labels' retrieved from /home/user/Desktop/airflowproj/py_env/lib/python3.10/site-packages/airflow/example_dags/example_branch_labels.py
[2024-06-18T12:56:06.162+0400] {logging_mixin.py:188} INFO - [2024-06-18T12:56:06.162+0400] {dag.py:3096} INFO - Sync 1 DAGs
[2024-06-18T12:56:06.171+0400] {logging_mixin.py:188} INFO - [2024-06-18T12:56:06.171+0400] {dag.py:3954} INFO - Setting next_dagrun for example_branch_labels to 2024-06-17 00:00:00+00:00, run_after=2024-06-18 00:00:00+00:00
[2024-06-18T12:56:06.185+0400] {processor.py:183} INFO - Processing /home/user/Desktop/airflowproj/py_env/lib/python3.10/site-packages/airflow/example_dags/example_branch_labels.py took 0.042 seconds
[2024-06-18T12:57:06.122+0400] {processor.py:161} INFO - Started process (PID=50343) to work on /home/user/Desktop/airflowproj/py_env/lib/python3.10/site-packages/airflow/example_dags/example_branch_labels.py
[2024-06-18T12:57:06.124+0400] {processor.py:830} INFO - Processing file /home/user/Desktop/airflowproj/py_env/lib/python3.10/site-packages/airflow/example_dags/example_branch_labels.py for tasks to queue
[2024-06-18T12:57:06.126+0400] {logging_mixin.py:188} INFO - [2024-06-18T12:57:06.125+0400] {dagbag.py:545} INFO - Filling up the DagBag from /home/user/Desktop/airflowproj/py_env/lib/python3.10/site-packages/airflow/example_dags/example_branch_labels.py
[2024-06-18T12:57:06.133+0400] {processor.py:840} INFO - DAG(s) 'example_branch_labels' retrieved from /home/user/Desktop/airflowproj/py_env/lib/python3.10/site-packages/airflow/example_dags/example_branch_labels.py
[2024-06-18T12:57:06.141+0400] {logging_mixin.py:188} INFO - [2024-06-18T12:57:06.141+0400] {dag.py:3096} INFO - Sync 1 DAGs
[2024-06-18T12:57:06.150+0400] {logging_mixin.py:188} INFO - [2024-06-18T12:57:06.150+0400] {dag.py:3954} INFO - Setting next_dagrun for example_branch_labels to 2024-06-17 00:00:00+00:00, run_after=2024-06-18 00:00:00+00:00
[2024-06-18T12:57:06.162+0400] {processor.py:183} INFO - Processing /home/user/Desktop/airflowproj/py_env/lib/python3.10/site-packages/airflow/example_dags/example_branch_labels.py took 0.044 seconds
[2024-06-18T12:58:06.661+0400] {processor.py:161} INFO - Started process (PID=50839) to work on /home/user/Desktop/airflowproj/py_env/lib/python3.10/site-packages/airflow/example_dags/example_branch_labels.py
[2024-06-18T12:58:06.663+0400] {processor.py:830} INFO - Processing file /home/user/Desktop/airflowproj/py_env/lib/python3.10/site-packages/airflow/example_dags/example_branch_labels.py for tasks to queue
[2024-06-18T12:58:06.664+0400] {logging_mixin.py:188} INFO - [2024-06-18T12:58:06.664+0400] {dagbag.py:545} INFO - Filling up the DagBag from /home/user/Desktop/airflowproj/py_env/lib/python3.10/site-packages/airflow/example_dags/example_branch_labels.py
[2024-06-18T12:58:06.675+0400] {processor.py:840} INFO - DAG(s) 'example_branch_labels' retrieved from /home/user/Desktop/airflowproj/py_env/lib/python3.10/site-packages/airflow/example_dags/example_branch_labels.py
[2024-06-18T12:58:06.685+0400] {logging_mixin.py:188} INFO - [2024-06-18T12:58:06.685+0400] {dag.py:3096} INFO - Sync 1 DAGs
[2024-06-18T12:58:06.695+0400] {logging_mixin.py:188} INFO - [2024-06-18T12:58:06.695+0400] {dag.py:3954} INFO - Setting next_dagrun for example_branch_labels to 2024-06-17 00:00:00+00:00, run_after=2024-06-18 00:00:00+00:00
[2024-06-18T12:58:06.709+0400] {processor.py:183} INFO - Processing /home/user/Desktop/airflowproj/py_env/lib/python3.10/site-packages/airflow/example_dags/example_branch_labels.py took 0.052 seconds
[2024-06-18T12:59:03.800+0400] {processor.py:161} INFO - Started process (PID=51233) to work on /home/user/Desktop/airflowproj/py_env/lib/python3.10/site-packages/airflow/example_dags/example_branch_labels.py
[2024-06-18T12:59:03.802+0400] {processor.py:830} INFO - Processing file /home/user/Desktop/airflowproj/py_env/lib/python3.10/site-packages/airflow/example_dags/example_branch_labels.py for tasks to queue
[2024-06-18T12:59:03.803+0400] {logging_mixin.py:188} INFO - [2024-06-18T12:59:03.803+0400] {dagbag.py:545} INFO - Filling up the DagBag from /home/user/Desktop/airflowproj/py_env/lib/python3.10/site-packages/airflow/example_dags/example_branch_labels.py
[2024-06-18T12:59:03.807+0400] {processor.py:840} INFO - DAG(s) 'example_branch_labels' retrieved from /home/user/Desktop/airflowproj/py_env/lib/python3.10/site-packages/airflow/example_dags/example_branch_labels.py
[2024-06-18T12:59:03.814+0400] {logging_mixin.py:188} INFO - [2024-06-18T12:59:03.814+0400] {dag.py:3096} INFO - Sync 1 DAGs
[2024-06-18T12:59:03.823+0400] {logging_mixin.py:188} INFO - [2024-06-18T12:59:03.822+0400] {dag.py:3954} INFO - Setting next_dagrun for example_branch_labels to 2024-06-17 00:00:00+00:00, run_after=2024-06-18 00:00:00+00:00
[2024-06-18T12:59:03.836+0400] {processor.py:183} INFO - Processing /home/user/Desktop/airflowproj/py_env/lib/python3.10/site-packages/airflow/example_dags/example_branch_labels.py took 0.039 seconds
[2024-06-18T13:00:00.895+0400] {processor.py:161} INFO - Started process (PID=51552) to work on /home/user/Desktop/airflowproj/py_env/lib/python3.10/site-packages/airflow/example_dags/example_branch_labels.py
[2024-06-18T13:00:00.898+0400] {processor.py:830} INFO - Processing file /home/user/Desktop/airflowproj/py_env/lib/python3.10/site-packages/airflow/example_dags/example_branch_labels.py for tasks to queue
[2024-06-18T13:00:00.900+0400] {logging_mixin.py:188} INFO - [2024-06-18T13:00:00.899+0400] {dagbag.py:545} INFO - Filling up the DagBag from /home/user/Desktop/airflowproj/py_env/lib/python3.10/site-packages/airflow/example_dags/example_branch_labels.py
[2024-06-18T13:00:00.906+0400] {processor.py:840} INFO - DAG(s) 'example_branch_labels' retrieved from /home/user/Desktop/airflowproj/py_env/lib/python3.10/site-packages/airflow/example_dags/example_branch_labels.py
[2024-06-18T13:00:00.919+0400] {logging_mixin.py:188} INFO - [2024-06-18T13:00:00.919+0400] {dag.py:3096} INFO - Sync 1 DAGs
[2024-06-18T13:00:00.929+0400] {logging_mixin.py:188} INFO - [2024-06-18T13:00:00.929+0400] {dag.py:3954} INFO - Setting next_dagrun for example_branch_labels to 2024-06-17 00:00:00+00:00, run_after=2024-06-18 00:00:00+00:00
[2024-06-18T13:00:00.944+0400] {processor.py:183} INFO - Processing /home/user/Desktop/airflowproj/py_env/lib/python3.10/site-packages/airflow/example_dags/example_branch_labels.py took 0.056 seconds
[2024-06-18T13:00:56.442+0400] {processor.py:161} INFO - Started process (PID=51924) to work on /home/user/Desktop/airflowproj/py_env/lib/python3.10/site-packages/airflow/example_dags/example_branch_labels.py
[2024-06-18T13:00:56.444+0400] {processor.py:830} INFO - Processing file /home/user/Desktop/airflowproj/py_env/lib/python3.10/site-packages/airflow/example_dags/example_branch_labels.py for tasks to queue
[2024-06-18T13:00:56.445+0400] {logging_mixin.py:188} INFO - [2024-06-18T13:00:56.445+0400] {dagbag.py:545} INFO - Filling up the DagBag from /home/user/Desktop/airflowproj/py_env/lib/python3.10/site-packages/airflow/example_dags/example_branch_labels.py
[2024-06-18T13:00:56.449+0400] {processor.py:840} INFO - DAG(s) 'example_branch_labels' retrieved from /home/user/Desktop/airflowproj/py_env/lib/python3.10/site-packages/airflow/example_dags/example_branch_labels.py
[2024-06-18T13:00:56.457+0400] {logging_mixin.py:188} INFO - [2024-06-18T13:00:56.457+0400] {dag.py:3096} INFO - Sync 1 DAGs
[2024-06-18T13:00:56.467+0400] {logging_mixin.py:188} INFO - [2024-06-18T13:00:56.467+0400] {dag.py:3954} INFO - Setting next_dagrun for example_branch_labels to 2024-06-17 00:00:00+00:00, run_after=2024-06-18 00:00:00+00:00
[2024-06-18T13:00:56.480+0400] {processor.py:183} INFO - Processing /home/user/Desktop/airflowproj/py_env/lib/python3.10/site-packages/airflow/example_dags/example_branch_labels.py took 0.041 seconds
[2024-06-18T13:01:55.796+0400] {processor.py:161} INFO - Started process (PID=52504) to work on /home/user/Desktop/airflowproj/py_env/lib/python3.10/site-packages/airflow/example_dags/example_branch_labels.py
[2024-06-18T13:01:55.799+0400] {processor.py:830} INFO - Processing file /home/user/Desktop/airflowproj/py_env/lib/python3.10/site-packages/airflow/example_dags/example_branch_labels.py for tasks to queue
[2024-06-18T13:01:55.800+0400] {logging_mixin.py:188} INFO - [2024-06-18T13:01:55.800+0400] {dagbag.py:545} INFO - Filling up the DagBag from /home/user/Desktop/airflowproj/py_env/lib/python3.10/site-packages/airflow/example_dags/example_branch_labels.py
[2024-06-18T13:01:55.805+0400] {processor.py:840} INFO - DAG(s) 'example_branch_labels' retrieved from /home/user/Desktop/airflowproj/py_env/lib/python3.10/site-packages/airflow/example_dags/example_branch_labels.py
[2024-06-18T13:01:55.814+0400] {logging_mixin.py:188} INFO - [2024-06-18T13:01:55.814+0400] {dag.py:3096} INFO - Sync 1 DAGs
[2024-06-18T13:01:55.825+0400] {logging_mixin.py:188} INFO - [2024-06-18T13:01:55.825+0400] {dag.py:3954} INFO - Setting next_dagrun for example_branch_labels to 2024-06-17 00:00:00+00:00, run_after=2024-06-18 00:00:00+00:00
[2024-06-18T13:01:55.839+0400] {processor.py:183} INFO - Processing /home/user/Desktop/airflowproj/py_env/lib/python3.10/site-packages/airflow/example_dags/example_branch_labels.py took 0.049 seconds
[2024-06-18T13:02:55.639+0400] {processor.py:161} INFO - Started process (PID=53007) to work on /home/user/Desktop/airflowproj/py_env/lib/python3.10/site-packages/airflow/example_dags/example_branch_labels.py
[2024-06-18T13:02:55.642+0400] {processor.py:830} INFO - Processing file /home/user/Desktop/airflowproj/py_env/lib/python3.10/site-packages/airflow/example_dags/example_branch_labels.py for tasks to queue
[2024-06-18T13:02:55.643+0400] {logging_mixin.py:188} INFO - [2024-06-18T13:02:55.643+0400] {dagbag.py:545} INFO - Filling up the DagBag from /home/user/Desktop/airflowproj/py_env/lib/python3.10/site-packages/airflow/example_dags/example_branch_labels.py
[2024-06-18T13:02:55.647+0400] {processor.py:840} INFO - DAG(s) 'example_branch_labels' retrieved from /home/user/Desktop/airflowproj/py_env/lib/python3.10/site-packages/airflow/example_dags/example_branch_labels.py
[2024-06-18T13:02:55.655+0400] {logging_mixin.py:188} INFO - [2024-06-18T13:02:55.655+0400] {dag.py:3096} INFO - Sync 1 DAGs
[2024-06-18T13:02:55.664+0400] {logging_mixin.py:188} INFO - [2024-06-18T13:02:55.664+0400] {dag.py:3954} INFO - Setting next_dagrun for example_branch_labels to 2024-06-17 00:00:00+00:00, run_after=2024-06-18 00:00:00+00:00
[2024-06-18T13:02:55.679+0400] {processor.py:183} INFO - Processing /home/user/Desktop/airflowproj/py_env/lib/python3.10/site-packages/airflow/example_dags/example_branch_labels.py took 0.044 seconds
[2024-06-18T13:03:54.142+0400] {processor.py:161} INFO - Started process (PID=53207) to work on /home/user/Desktop/airflowproj/py_env/lib/python3.10/site-packages/airflow/example_dags/example_branch_labels.py
[2024-06-18T13:03:54.146+0400] {processor.py:830} INFO - Processing file /home/user/Desktop/airflowproj/py_env/lib/python3.10/site-packages/airflow/example_dags/example_branch_labels.py for tasks to queue
[2024-06-18T13:03:54.147+0400] {logging_mixin.py:188} INFO - [2024-06-18T13:03:54.147+0400] {dagbag.py:545} INFO - Filling up the DagBag from /home/user/Desktop/airflowproj/py_env/lib/python3.10/site-packages/airflow/example_dags/example_branch_labels.py
[2024-06-18T13:03:54.151+0400] {processor.py:840} INFO - DAG(s) 'example_branch_labels' retrieved from /home/user/Desktop/airflowproj/py_env/lib/python3.10/site-packages/airflow/example_dags/example_branch_labels.py
[2024-06-18T13:03:54.161+0400] {logging_mixin.py:188} INFO - [2024-06-18T13:03:54.161+0400] {dag.py:3096} INFO - Sync 1 DAGs
[2024-06-18T13:03:54.171+0400] {logging_mixin.py:188} INFO - [2024-06-18T13:03:54.171+0400] {dag.py:3954} INFO - Setting next_dagrun for example_branch_labels to 2024-06-17 00:00:00+00:00, run_after=2024-06-18 00:00:00+00:00
[2024-06-18T13:03:54.185+0400] {processor.py:183} INFO - Processing /home/user/Desktop/airflowproj/py_env/lib/python3.10/site-packages/airflow/example_dags/example_branch_labels.py took 0.047 seconds
[2024-06-18T13:04:51.843+0400] {processor.py:161} INFO - Started process (PID=53425) to work on /home/user/Desktop/airflowproj/py_env/lib/python3.10/site-packages/airflow/example_dags/example_branch_labels.py
[2024-06-18T13:04:51.845+0400] {processor.py:830} INFO - Processing file /home/user/Desktop/airflowproj/py_env/lib/python3.10/site-packages/airflow/example_dags/example_branch_labels.py for tasks to queue
[2024-06-18T13:04:51.846+0400] {logging_mixin.py:188} INFO - [2024-06-18T13:04:51.846+0400] {dagbag.py:545} INFO - Filling up the DagBag from /home/user/Desktop/airflowproj/py_env/lib/python3.10/site-packages/airflow/example_dags/example_branch_labels.py
[2024-06-18T13:04:51.850+0400] {processor.py:840} INFO - DAG(s) 'example_branch_labels' retrieved from /home/user/Desktop/airflowproj/py_env/lib/python3.10/site-packages/airflow/example_dags/example_branch_labels.py
[2024-06-18T13:04:51.858+0400] {logging_mixin.py:188} INFO - [2024-06-18T13:04:51.858+0400] {dag.py:3096} INFO - Sync 1 DAGs
[2024-06-18T13:04:51.867+0400] {logging_mixin.py:188} INFO - [2024-06-18T13:04:51.867+0400] {dag.py:3954} INFO - Setting next_dagrun for example_branch_labels to 2024-06-17 00:00:00+00:00, run_after=2024-06-18 00:00:00+00:00
[2024-06-18T13:04:51.879+0400] {processor.py:183} INFO - Processing /home/user/Desktop/airflowproj/py_env/lib/python3.10/site-packages/airflow/example_dags/example_branch_labels.py took 0.040 seconds
[2024-06-18T13:05:48.173+0400] {processor.py:161} INFO - Started process (PID=53657) to work on /home/user/Desktop/airflowproj/py_env/lib/python3.10/site-packages/airflow/example_dags/example_branch_labels.py
[2024-06-18T13:05:48.176+0400] {processor.py:830} INFO - Processing file /home/user/Desktop/airflowproj/py_env/lib/python3.10/site-packages/airflow/example_dags/example_branch_labels.py for tasks to queue
[2024-06-18T13:05:48.178+0400] {logging_mixin.py:188} INFO - [2024-06-18T13:05:48.178+0400] {dagbag.py:545} INFO - Filling up the DagBag from /home/user/Desktop/airflowproj/py_env/lib/python3.10/site-packages/airflow/example_dags/example_branch_labels.py
[2024-06-18T13:05:48.184+0400] {processor.py:840} INFO - DAG(s) 'example_branch_labels' retrieved from /home/user/Desktop/airflowproj/py_env/lib/python3.10/site-packages/airflow/example_dags/example_branch_labels.py
[2024-06-18T13:05:48.192+0400] {logging_mixin.py:188} INFO - [2024-06-18T13:05:48.192+0400] {dag.py:3096} INFO - Sync 1 DAGs
[2024-06-18T13:05:48.202+0400] {logging_mixin.py:188} INFO - [2024-06-18T13:05:48.201+0400] {dag.py:3954} INFO - Setting next_dagrun for example_branch_labels to 2024-06-17 00:00:00+00:00, run_after=2024-06-18 00:00:00+00:00
[2024-06-18T13:05:48.215+0400] {processor.py:183} INFO - Processing /home/user/Desktop/airflowproj/py_env/lib/python3.10/site-packages/airflow/example_dags/example_branch_labels.py took 0.047 seconds
[2024-06-18T13:06:47.623+0400] {processor.py:161} INFO - Started process (PID=53862) to work on /home/user/Desktop/airflowproj/py_env/lib/python3.10/site-packages/airflow/example_dags/example_branch_labels.py
[2024-06-18T13:06:47.626+0400] {processor.py:830} INFO - Processing file /home/user/Desktop/airflowproj/py_env/lib/python3.10/site-packages/airflow/example_dags/example_branch_labels.py for tasks to queue
[2024-06-18T13:06:47.627+0400] {logging_mixin.py:188} INFO - [2024-06-18T13:06:47.627+0400] {dagbag.py:545} INFO - Filling up the DagBag from /home/user/Desktop/airflowproj/py_env/lib/python3.10/site-packages/airflow/example_dags/example_branch_labels.py
[2024-06-18T13:06:47.634+0400] {processor.py:840} INFO - DAG(s) 'example_branch_labels' retrieved from /home/user/Desktop/airflowproj/py_env/lib/python3.10/site-packages/airflow/example_dags/example_branch_labels.py
[2024-06-18T13:06:47.642+0400] {logging_mixin.py:188} INFO - [2024-06-18T13:06:47.642+0400] {dag.py:3096} INFO - Sync 1 DAGs
[2024-06-18T13:06:47.651+0400] {logging_mixin.py:188} INFO - [2024-06-18T13:06:47.651+0400] {dag.py:3954} INFO - Setting next_dagrun for example_branch_labels to 2024-06-17 00:00:00+00:00, run_after=2024-06-18 00:00:00+00:00
[2024-06-18T13:06:47.665+0400] {processor.py:183} INFO - Processing /home/user/Desktop/airflowproj/py_env/lib/python3.10/site-packages/airflow/example_dags/example_branch_labels.py took 0.047 seconds
[2024-06-18T13:07:49.331+0400] {processor.py:161} INFO - Started process (PID=54104) to work on /home/user/Desktop/airflowproj/py_env/lib/python3.10/site-packages/airflow/example_dags/example_branch_labels.py
[2024-06-18T13:07:49.332+0400] {processor.py:830} INFO - Processing file /home/user/Desktop/airflowproj/py_env/lib/python3.10/site-packages/airflow/example_dags/example_branch_labels.py for tasks to queue
[2024-06-18T13:07:49.333+0400] {logging_mixin.py:188} INFO - [2024-06-18T13:07:49.333+0400] {dagbag.py:545} INFO - Filling up the DagBag from /home/user/Desktop/airflowproj/py_env/lib/python3.10/site-packages/airflow/example_dags/example_branch_labels.py
[2024-06-18T13:07:49.341+0400] {processor.py:840} INFO - DAG(s) 'example_branch_labels' retrieved from /home/user/Desktop/airflowproj/py_env/lib/python3.10/site-packages/airflow/example_dags/example_branch_labels.py
[2024-06-18T13:07:49.349+0400] {logging_mixin.py:188} INFO - [2024-06-18T13:07:49.349+0400] {dag.py:3096} INFO - Sync 1 DAGs
[2024-06-18T13:07:49.359+0400] {logging_mixin.py:188} INFO - [2024-06-18T13:07:49.359+0400] {dag.py:3954} INFO - Setting next_dagrun for example_branch_labels to 2024-06-17 00:00:00+00:00, run_after=2024-06-18 00:00:00+00:00
[2024-06-18T13:07:49.374+0400] {processor.py:183} INFO - Processing /home/user/Desktop/airflowproj/py_env/lib/python3.10/site-packages/airflow/example_dags/example_branch_labels.py took 0.047 seconds
[2024-06-18T13:08:50.385+0400] {processor.py:161} INFO - Started process (PID=54321) to work on /home/user/Desktop/airflowproj/py_env/lib/python3.10/site-packages/airflow/example_dags/example_branch_labels.py
[2024-06-18T13:08:50.387+0400] {processor.py:830} INFO - Processing file /home/user/Desktop/airflowproj/py_env/lib/python3.10/site-packages/airflow/example_dags/example_branch_labels.py for tasks to queue
[2024-06-18T13:08:50.388+0400] {logging_mixin.py:188} INFO - [2024-06-18T13:08:50.388+0400] {dagbag.py:545} INFO - Filling up the DagBag from /home/user/Desktop/airflowproj/py_env/lib/python3.10/site-packages/airflow/example_dags/example_branch_labels.py
[2024-06-18T13:08:50.392+0400] {processor.py:840} INFO - DAG(s) 'example_branch_labels' retrieved from /home/user/Desktop/airflowproj/py_env/lib/python3.10/site-packages/airflow/example_dags/example_branch_labels.py
[2024-06-18T13:08:50.400+0400] {logging_mixin.py:188} INFO - [2024-06-18T13:08:50.400+0400] {dag.py:3096} INFO - Sync 1 DAGs
[2024-06-18T13:08:50.409+0400] {logging_mixin.py:188} INFO - [2024-06-18T13:08:50.409+0400] {dag.py:3954} INFO - Setting next_dagrun for example_branch_labels to 2024-06-17 00:00:00+00:00, run_after=2024-06-18 00:00:00+00:00
[2024-06-18T13:08:50.422+0400] {processor.py:183} INFO - Processing /home/user/Desktop/airflowproj/py_env/lib/python3.10/site-packages/airflow/example_dags/example_branch_labels.py took 0.040 seconds
[2024-06-18T13:09:48.673+0400] {processor.py:161} INFO - Started process (PID=54579) to work on /home/user/Desktop/airflowproj/py_env/lib/python3.10/site-packages/airflow/example_dags/example_branch_labels.py
[2024-06-18T13:09:48.675+0400] {processor.py:830} INFO - Processing file /home/user/Desktop/airflowproj/py_env/lib/python3.10/site-packages/airflow/example_dags/example_branch_labels.py for tasks to queue
[2024-06-18T13:09:48.677+0400] {logging_mixin.py:188} INFO - [2024-06-18T13:09:48.676+0400] {dagbag.py:545} INFO - Filling up the DagBag from /home/user/Desktop/airflowproj/py_env/lib/python3.10/site-packages/airflow/example_dags/example_branch_labels.py
[2024-06-18T13:09:48.681+0400] {processor.py:840} INFO - DAG(s) 'example_branch_labels' retrieved from /home/user/Desktop/airflowproj/py_env/lib/python3.10/site-packages/airflow/example_dags/example_branch_labels.py
[2024-06-18T13:09:48.689+0400] {logging_mixin.py:188} INFO - [2024-06-18T13:09:48.689+0400] {dag.py:3096} INFO - Sync 1 DAGs
[2024-06-18T13:09:48.699+0400] {logging_mixin.py:188} INFO - [2024-06-18T13:09:48.699+0400] {dag.py:3954} INFO - Setting next_dagrun for example_branch_labels to 2024-06-17 00:00:00+00:00, run_after=2024-06-18 00:00:00+00:00
[2024-06-18T13:09:48.713+0400] {processor.py:183} INFO - Processing /home/user/Desktop/airflowproj/py_env/lib/python3.10/site-packages/airflow/example_dags/example_branch_labels.py took 0.044 seconds
[2024-06-18T13:10:50.911+0400] {processor.py:161} INFO - Started process (PID=54790) to work on /home/user/Desktop/airflowproj/py_env/lib/python3.10/site-packages/airflow/example_dags/example_branch_labels.py
[2024-06-18T13:10:50.913+0400] {processor.py:830} INFO - Processing file /home/user/Desktop/airflowproj/py_env/lib/python3.10/site-packages/airflow/example_dags/example_branch_labels.py for tasks to queue
[2024-06-18T13:10:50.914+0400] {logging_mixin.py:188} INFO - [2024-06-18T13:10:50.914+0400] {dagbag.py:545} INFO - Filling up the DagBag from /home/user/Desktop/airflowproj/py_env/lib/python3.10/site-packages/airflow/example_dags/example_branch_labels.py
[2024-06-18T13:10:50.922+0400] {processor.py:840} INFO - DAG(s) 'example_branch_labels' retrieved from /home/user/Desktop/airflowproj/py_env/lib/python3.10/site-packages/airflow/example_dags/example_branch_labels.py
[2024-06-18T13:10:50.930+0400] {logging_mixin.py:188} INFO - [2024-06-18T13:10:50.930+0400] {dag.py:3096} INFO - Sync 1 DAGs
[2024-06-18T13:10:50.939+0400] {logging_mixin.py:188} INFO - [2024-06-18T13:10:50.939+0400] {dag.py:3954} INFO - Setting next_dagrun for example_branch_labels to 2024-06-17 00:00:00+00:00, run_after=2024-06-18 00:00:00+00:00
[2024-06-18T13:10:50.953+0400] {processor.py:183} INFO - Processing /home/user/Desktop/airflowproj/py_env/lib/python3.10/site-packages/airflow/example_dags/example_branch_labels.py took 0.046 seconds
[2024-06-18T13:11:50.589+0400] {processor.py:161} INFO - Started process (PID=54996) to work on /home/user/Desktop/airflowproj/py_env/lib/python3.10/site-packages/airflow/example_dags/example_branch_labels.py
[2024-06-18T13:11:50.590+0400] {processor.py:830} INFO - Processing file /home/user/Desktop/airflowproj/py_env/lib/python3.10/site-packages/airflow/example_dags/example_branch_labels.py for tasks to queue
[2024-06-18T13:11:50.591+0400] {logging_mixin.py:188} INFO - [2024-06-18T13:11:50.590+0400] {dagbag.py:545} INFO - Filling up the DagBag from /home/user/Desktop/airflowproj/py_env/lib/python3.10/site-packages/airflow/example_dags/example_branch_labels.py
[2024-06-18T13:11:50.595+0400] {processor.py:840} INFO - DAG(s) 'example_branch_labels' retrieved from /home/user/Desktop/airflowproj/py_env/lib/python3.10/site-packages/airflow/example_dags/example_branch_labels.py
[2024-06-18T13:11:50.603+0400] {logging_mixin.py:188} INFO - [2024-06-18T13:11:50.602+0400] {dag.py:3096} INFO - Sync 1 DAGs
[2024-06-18T13:11:50.612+0400] {logging_mixin.py:188} INFO - [2024-06-18T13:11:50.612+0400] {dag.py:3954} INFO - Setting next_dagrun for example_branch_labels to 2024-06-17 00:00:00+00:00, run_after=2024-06-18 00:00:00+00:00
[2024-06-18T13:11:50.623+0400] {processor.py:183} INFO - Processing /home/user/Desktop/airflowproj/py_env/lib/python3.10/site-packages/airflow/example_dags/example_branch_labels.py took 0.038 seconds
[2024-06-18T13:12:50.842+0400] {processor.py:161} INFO - Started process (PID=55229) to work on /home/user/Desktop/airflowproj/py_env/lib/python3.10/site-packages/airflow/example_dags/example_branch_labels.py
[2024-06-18T13:12:50.844+0400] {processor.py:830} INFO - Processing file /home/user/Desktop/airflowproj/py_env/lib/python3.10/site-packages/airflow/example_dags/example_branch_labels.py for tasks to queue
[2024-06-18T13:12:50.846+0400] {logging_mixin.py:188} INFO - [2024-06-18T13:12:50.845+0400] {dagbag.py:545} INFO - Filling up the DagBag from /home/user/Desktop/airflowproj/py_env/lib/python3.10/site-packages/airflow/example_dags/example_branch_labels.py
[2024-06-18T13:12:50.850+0400] {processor.py:840} INFO - DAG(s) 'example_branch_labels' retrieved from /home/user/Desktop/airflowproj/py_env/lib/python3.10/site-packages/airflow/example_dags/example_branch_labels.py
[2024-06-18T13:12:50.858+0400] {logging_mixin.py:188} INFO - [2024-06-18T13:12:50.858+0400] {dag.py:3096} INFO - Sync 1 DAGs
[2024-06-18T13:12:50.867+0400] {logging_mixin.py:188} INFO - [2024-06-18T13:12:50.867+0400] {dag.py:3954} INFO - Setting next_dagrun for example_branch_labels to 2024-06-17 00:00:00+00:00, run_after=2024-06-18 00:00:00+00:00
[2024-06-18T13:12:50.880+0400] {processor.py:183} INFO - Processing /home/user/Desktop/airflowproj/py_env/lib/python3.10/site-packages/airflow/example_dags/example_branch_labels.py took 0.042 seconds
[2024-06-18T13:13:50.336+0400] {processor.py:161} INFO - Started process (PID=55437) to work on /home/user/Desktop/airflowproj/py_env/lib/python3.10/site-packages/airflow/example_dags/example_branch_labels.py
[2024-06-18T13:13:50.339+0400] {processor.py:830} INFO - Processing file /home/user/Desktop/airflowproj/py_env/lib/python3.10/site-packages/airflow/example_dags/example_branch_labels.py for tasks to queue
[2024-06-18T13:13:50.340+0400] {logging_mixin.py:188} INFO - [2024-06-18T13:13:50.340+0400] {dagbag.py:545} INFO - Filling up the DagBag from /home/user/Desktop/airflowproj/py_env/lib/python3.10/site-packages/airflow/example_dags/example_branch_labels.py
[2024-06-18T13:13:50.345+0400] {processor.py:840} INFO - DAG(s) 'example_branch_labels' retrieved from /home/user/Desktop/airflowproj/py_env/lib/python3.10/site-packages/airflow/example_dags/example_branch_labels.py
[2024-06-18T13:13:50.353+0400] {logging_mixin.py:188} INFO - [2024-06-18T13:13:50.353+0400] {dag.py:3096} INFO - Sync 1 DAGs
[2024-06-18T13:13:50.362+0400] {logging_mixin.py:188} INFO - [2024-06-18T13:13:50.362+0400] {dag.py:3954} INFO - Setting next_dagrun for example_branch_labels to 2024-06-17 00:00:00+00:00, run_after=2024-06-18 00:00:00+00:00
[2024-06-18T13:13:50.376+0400] {processor.py:183} INFO - Processing /home/user/Desktop/airflowproj/py_env/lib/python3.10/site-packages/airflow/example_dags/example_branch_labels.py took 0.044 seconds
[2024-06-18T13:14:46.985+0400] {processor.py:161} INFO - Started process (PID=55649) to work on /home/user/Desktop/airflowproj/py_env/lib/python3.10/site-packages/airflow/example_dags/example_branch_labels.py
[2024-06-18T13:14:46.987+0400] {processor.py:830} INFO - Processing file /home/user/Desktop/airflowproj/py_env/lib/python3.10/site-packages/airflow/example_dags/example_branch_labels.py for tasks to queue
[2024-06-18T13:14:46.988+0400] {logging_mixin.py:188} INFO - [2024-06-18T13:14:46.988+0400] {dagbag.py:545} INFO - Filling up the DagBag from /home/user/Desktop/airflowproj/py_env/lib/python3.10/site-packages/airflow/example_dags/example_branch_labels.py
[2024-06-18T13:14:46.994+0400] {processor.py:840} INFO - DAG(s) 'example_branch_labels' retrieved from /home/user/Desktop/airflowproj/py_env/lib/python3.10/site-packages/airflow/example_dags/example_branch_labels.py
[2024-06-18T13:14:47.001+0400] {logging_mixin.py:188} INFO - [2024-06-18T13:14:47.001+0400] {dag.py:3096} INFO - Sync 1 DAGs
[2024-06-18T13:14:47.009+0400] {logging_mixin.py:188} INFO - [2024-06-18T13:14:47.009+0400] {dag.py:3954} INFO - Setting next_dagrun for example_branch_labels to 2024-06-17 00:00:00+00:00, run_after=2024-06-18 00:00:00+00:00
[2024-06-18T13:14:47.023+0400] {processor.py:183} INFO - Processing /home/user/Desktop/airflowproj/py_env/lib/python3.10/site-packages/airflow/example_dags/example_branch_labels.py took 0.041 seconds
[2024-06-18T13:15:44.460+0400] {processor.py:161} INFO - Started process (PID=55836) to work on /home/user/Desktop/airflowproj/py_env/lib/python3.10/site-packages/airflow/example_dags/example_branch_labels.py
[2024-06-18T13:15:44.462+0400] {processor.py:830} INFO - Processing file /home/user/Desktop/airflowproj/py_env/lib/python3.10/site-packages/airflow/example_dags/example_branch_labels.py for tasks to queue
[2024-06-18T13:15:44.463+0400] {logging_mixin.py:188} INFO - [2024-06-18T13:15:44.463+0400] {dagbag.py:545} INFO - Filling up the DagBag from /home/user/Desktop/airflowproj/py_env/lib/python3.10/site-packages/airflow/example_dags/example_branch_labels.py
[2024-06-18T13:15:44.467+0400] {processor.py:840} INFO - DAG(s) 'example_branch_labels' retrieved from /home/user/Desktop/airflowproj/py_env/lib/python3.10/site-packages/airflow/example_dags/example_branch_labels.py
[2024-06-18T13:15:44.476+0400] {logging_mixin.py:188} INFO - [2024-06-18T13:15:44.475+0400] {dag.py:3096} INFO - Sync 1 DAGs
[2024-06-18T13:15:44.485+0400] {logging_mixin.py:188} INFO - [2024-06-18T13:15:44.485+0400] {dag.py:3954} INFO - Setting next_dagrun for example_branch_labels to 2024-06-17 00:00:00+00:00, run_after=2024-06-18 00:00:00+00:00
[2024-06-18T13:15:44.499+0400] {processor.py:183} INFO - Processing /home/user/Desktop/airflowproj/py_env/lib/python3.10/site-packages/airflow/example_dags/example_branch_labels.py took 0.043 seconds
[2024-06-18T13:16:46.437+0400] {processor.py:161} INFO - Started process (PID=56050) to work on /home/user/Desktop/airflowproj/py_env/lib/python3.10/site-packages/airflow/example_dags/example_branch_labels.py
[2024-06-18T13:16:46.439+0400] {processor.py:830} INFO - Processing file /home/user/Desktop/airflowproj/py_env/lib/python3.10/site-packages/airflow/example_dags/example_branch_labels.py for tasks to queue
[2024-06-18T13:16:46.441+0400] {logging_mixin.py:188} INFO - [2024-06-18T13:16:46.440+0400] {dagbag.py:545} INFO - Filling up the DagBag from /home/user/Desktop/airflowproj/py_env/lib/python3.10/site-packages/airflow/example_dags/example_branch_labels.py
[2024-06-18T13:16:46.446+0400] {processor.py:840} INFO - DAG(s) 'example_branch_labels' retrieved from /home/user/Desktop/airflowproj/py_env/lib/python3.10/site-packages/airflow/example_dags/example_branch_labels.py
[2024-06-18T13:16:46.453+0400] {logging_mixin.py:188} INFO - [2024-06-18T13:16:46.453+0400] {dag.py:3096} INFO - Sync 1 DAGs
[2024-06-18T13:16:46.463+0400] {logging_mixin.py:188} INFO - [2024-06-18T13:16:46.463+0400] {dag.py:3954} INFO - Setting next_dagrun for example_branch_labels to 2024-06-17 00:00:00+00:00, run_after=2024-06-18 00:00:00+00:00
[2024-06-18T13:16:46.475+0400] {processor.py:183} INFO - Processing /home/user/Desktop/airflowproj/py_env/lib/python3.10/site-packages/airflow/example_dags/example_branch_labels.py took 0.043 seconds
[2024-06-18T13:17:41.656+0400] {processor.py:161} INFO - Started process (PID=56275) to work on /home/user/Desktop/airflowproj/py_env/lib/python3.10/site-packages/airflow/example_dags/example_branch_labels.py
[2024-06-18T13:17:41.658+0400] {processor.py:830} INFO - Processing file /home/user/Desktop/airflowproj/py_env/lib/python3.10/site-packages/airflow/example_dags/example_branch_labels.py for tasks to queue
[2024-06-18T13:17:41.659+0400] {logging_mixin.py:188} INFO - [2024-06-18T13:17:41.659+0400] {dagbag.py:545} INFO - Filling up the DagBag from /home/user/Desktop/airflowproj/py_env/lib/python3.10/site-packages/airflow/example_dags/example_branch_labels.py
[2024-06-18T13:17:41.664+0400] {processor.py:840} INFO - DAG(s) 'example_branch_labels' retrieved from /home/user/Desktop/airflowproj/py_env/lib/python3.10/site-packages/airflow/example_dags/example_branch_labels.py
[2024-06-18T13:17:41.672+0400] {logging_mixin.py:188} INFO - [2024-06-18T13:17:41.672+0400] {dag.py:3096} INFO - Sync 1 DAGs
[2024-06-18T13:17:41.681+0400] {logging_mixin.py:188} INFO - [2024-06-18T13:17:41.681+0400] {dag.py:3954} INFO - Setting next_dagrun for example_branch_labels to 2024-06-17 00:00:00+00:00, run_after=2024-06-18 00:00:00+00:00
[2024-06-18T13:17:41.694+0400] {processor.py:183} INFO - Processing /home/user/Desktop/airflowproj/py_env/lib/python3.10/site-packages/airflow/example_dags/example_branch_labels.py took 0.043 seconds
[2024-06-18T13:18:42.000+0400] {processor.py:161} INFO - Started process (PID=56485) to work on /home/user/Desktop/airflowproj/py_env/lib/python3.10/site-packages/airflow/example_dags/example_branch_labels.py
[2024-06-18T13:18:42.002+0400] {processor.py:830} INFO - Processing file /home/user/Desktop/airflowproj/py_env/lib/python3.10/site-packages/airflow/example_dags/example_branch_labels.py for tasks to queue
[2024-06-18T13:18:42.003+0400] {logging_mixin.py:188} INFO - [2024-06-18T13:18:42.003+0400] {dagbag.py:545} INFO - Filling up the DagBag from /home/user/Desktop/airflowproj/py_env/lib/python3.10/site-packages/airflow/example_dags/example_branch_labels.py
[2024-06-18T13:18:42.008+0400] {processor.py:840} INFO - DAG(s) 'example_branch_labels' retrieved from /home/user/Desktop/airflowproj/py_env/lib/python3.10/site-packages/airflow/example_dags/example_branch_labels.py
[2024-06-18T13:18:42.015+0400] {logging_mixin.py:188} INFO - [2024-06-18T13:18:42.015+0400] {dag.py:3096} INFO - Sync 1 DAGs
[2024-06-18T13:18:42.024+0400] {logging_mixin.py:188} INFO - [2024-06-18T13:18:42.024+0400] {dag.py:3954} INFO - Setting next_dagrun for example_branch_labels to 2024-06-17 00:00:00+00:00, run_after=2024-06-18 00:00:00+00:00
[2024-06-18T13:18:42.037+0400] {processor.py:183} INFO - Processing /home/user/Desktop/airflowproj/py_env/lib/python3.10/site-packages/airflow/example_dags/example_branch_labels.py took 0.041 seconds
[2024-06-18T13:19:39.970+0400] {processor.py:161} INFO - Started process (PID=56689) to work on /home/user/Desktop/airflowproj/py_env/lib/python3.10/site-packages/airflow/example_dags/example_branch_labels.py
[2024-06-18T13:19:39.972+0400] {processor.py:830} INFO - Processing file /home/user/Desktop/airflowproj/py_env/lib/python3.10/site-packages/airflow/example_dags/example_branch_labels.py for tasks to queue
[2024-06-18T13:19:39.973+0400] {logging_mixin.py:188} INFO - [2024-06-18T13:19:39.973+0400] {dagbag.py:545} INFO - Filling up the DagBag from /home/user/Desktop/airflowproj/py_env/lib/python3.10/site-packages/airflow/example_dags/example_branch_labels.py
[2024-06-18T13:19:39.977+0400] {processor.py:840} INFO - DAG(s) 'example_branch_labels' retrieved from /home/user/Desktop/airflowproj/py_env/lib/python3.10/site-packages/airflow/example_dags/example_branch_labels.py
[2024-06-18T13:19:39.984+0400] {logging_mixin.py:188} INFO - [2024-06-18T13:19:39.984+0400] {dag.py:3096} INFO - Sync 1 DAGs
[2024-06-18T13:19:39.993+0400] {logging_mixin.py:188} INFO - [2024-06-18T13:19:39.993+0400] {dag.py:3954} INFO - Setting next_dagrun for example_branch_labels to 2024-06-17 00:00:00+00:00, run_after=2024-06-18 00:00:00+00:00
[2024-06-18T13:19:40.005+0400] {processor.py:183} INFO - Processing /home/user/Desktop/airflowproj/py_env/lib/python3.10/site-packages/airflow/example_dags/example_branch_labels.py took 0.040 seconds
[2024-06-18T13:20:39.358+0400] {processor.py:161} INFO - Started process (PID=56875) to work on /home/user/Desktop/airflowproj/py_env/lib/python3.10/site-packages/airflow/example_dags/example_branch_labels.py
[2024-06-18T13:20:39.360+0400] {processor.py:830} INFO - Processing file /home/user/Desktop/airflowproj/py_env/lib/python3.10/site-packages/airflow/example_dags/example_branch_labels.py for tasks to queue
[2024-06-18T13:20:39.361+0400] {logging_mixin.py:188} INFO - [2024-06-18T13:20:39.361+0400] {dagbag.py:545} INFO - Filling up the DagBag from /home/user/Desktop/airflowproj/py_env/lib/python3.10/site-packages/airflow/example_dags/example_branch_labels.py
[2024-06-18T13:20:39.365+0400] {processor.py:840} INFO - DAG(s) 'example_branch_labels' retrieved from /home/user/Desktop/airflowproj/py_env/lib/python3.10/site-packages/airflow/example_dags/example_branch_labels.py
[2024-06-18T13:20:39.373+0400] {logging_mixin.py:188} INFO - [2024-06-18T13:20:39.373+0400] {dag.py:3096} INFO - Sync 1 DAGs
[2024-06-18T13:20:39.382+0400] {logging_mixin.py:188} INFO - [2024-06-18T13:20:39.382+0400] {dag.py:3954} INFO - Setting next_dagrun for example_branch_labels to 2024-06-17 00:00:00+00:00, run_after=2024-06-18 00:00:00+00:00
[2024-06-18T13:20:39.396+0400] {processor.py:183} INFO - Processing /home/user/Desktop/airflowproj/py_env/lib/python3.10/site-packages/airflow/example_dags/example_branch_labels.py took 0.043 seconds
[2024-06-18T13:21:37.820+0400] {processor.py:161} INFO - Started process (PID=57080) to work on /home/user/Desktop/airflowproj/py_env/lib/python3.10/site-packages/airflow/example_dags/example_branch_labels.py
[2024-06-18T13:21:37.822+0400] {processor.py:830} INFO - Processing file /home/user/Desktop/airflowproj/py_env/lib/python3.10/site-packages/airflow/example_dags/example_branch_labels.py for tasks to queue
[2024-06-18T13:21:37.822+0400] {logging_mixin.py:188} INFO - [2024-06-18T13:21:37.822+0400] {dagbag.py:545} INFO - Filling up the DagBag from /home/user/Desktop/airflowproj/py_env/lib/python3.10/site-packages/airflow/example_dags/example_branch_labels.py
[2024-06-18T13:21:37.826+0400] {processor.py:840} INFO - DAG(s) 'example_branch_labels' retrieved from /home/user/Desktop/airflowproj/py_env/lib/python3.10/site-packages/airflow/example_dags/example_branch_labels.py
[2024-06-18T13:21:37.835+0400] {logging_mixin.py:188} INFO - [2024-06-18T13:21:37.834+0400] {dag.py:3096} INFO - Sync 1 DAGs
[2024-06-18T13:21:37.844+0400] {logging_mixin.py:188} INFO - [2024-06-18T13:21:37.844+0400] {dag.py:3954} INFO - Setting next_dagrun for example_branch_labels to 2024-06-17 00:00:00+00:00, run_after=2024-06-18 00:00:00+00:00
[2024-06-18T13:21:37.857+0400] {processor.py:183} INFO - Processing /home/user/Desktop/airflowproj/py_env/lib/python3.10/site-packages/airflow/example_dags/example_branch_labels.py took 0.041 seconds
[2024-06-18T13:22:38.850+0400] {processor.py:161} INFO - Started process (PID=57284) to work on /home/user/Desktop/airflowproj/py_env/lib/python3.10/site-packages/airflow/example_dags/example_branch_labels.py
[2024-06-18T13:22:38.852+0400] {processor.py:830} INFO - Processing file /home/user/Desktop/airflowproj/py_env/lib/python3.10/site-packages/airflow/example_dags/example_branch_labels.py for tasks to queue
[2024-06-18T13:22:38.853+0400] {logging_mixin.py:188} INFO - [2024-06-18T13:22:38.853+0400] {dagbag.py:545} INFO - Filling up the DagBag from /home/user/Desktop/airflowproj/py_env/lib/python3.10/site-packages/airflow/example_dags/example_branch_labels.py
[2024-06-18T13:22:38.859+0400] {processor.py:840} INFO - DAG(s) 'example_branch_labels' retrieved from /home/user/Desktop/airflowproj/py_env/lib/python3.10/site-packages/airflow/example_dags/example_branch_labels.py
[2024-06-18T13:22:38.867+0400] {logging_mixin.py:188} INFO - [2024-06-18T13:22:38.867+0400] {dag.py:3096} INFO - Sync 1 DAGs
[2024-06-18T13:22:38.876+0400] {logging_mixin.py:188} INFO - [2024-06-18T13:22:38.876+0400] {dag.py:3954} INFO - Setting next_dagrun for example_branch_labels to 2024-06-17 00:00:00+00:00, run_after=2024-06-18 00:00:00+00:00
[2024-06-18T13:22:38.890+0400] {processor.py:183} INFO - Processing /home/user/Desktop/airflowproj/py_env/lib/python3.10/site-packages/airflow/example_dags/example_branch_labels.py took 0.045 seconds
[2024-06-18T13:23:37.759+0400] {processor.py:161} INFO - Started process (PID=57520) to work on /home/user/Desktop/airflowproj/py_env/lib/python3.10/site-packages/airflow/example_dags/example_branch_labels.py
[2024-06-18T13:23:37.761+0400] {processor.py:830} INFO - Processing file /home/user/Desktop/airflowproj/py_env/lib/python3.10/site-packages/airflow/example_dags/example_branch_labels.py for tasks to queue
[2024-06-18T13:23:37.763+0400] {logging_mixin.py:188} INFO - [2024-06-18T13:23:37.762+0400] {dagbag.py:545} INFO - Filling up the DagBag from /home/user/Desktop/airflowproj/py_env/lib/python3.10/site-packages/airflow/example_dags/example_branch_labels.py
[2024-06-18T13:23:37.767+0400] {processor.py:840} INFO - DAG(s) 'example_branch_labels' retrieved from /home/user/Desktop/airflowproj/py_env/lib/python3.10/site-packages/airflow/example_dags/example_branch_labels.py
[2024-06-18T13:23:37.775+0400] {logging_mixin.py:188} INFO - [2024-06-18T13:23:37.775+0400] {dag.py:3096} INFO - Sync 1 DAGs
[2024-06-18T13:23:37.784+0400] {logging_mixin.py:188} INFO - [2024-06-18T13:23:37.784+0400] {dag.py:3954} INFO - Setting next_dagrun for example_branch_labels to 2024-06-17 00:00:00+00:00, run_after=2024-06-18 00:00:00+00:00
[2024-06-18T13:23:37.797+0400] {processor.py:183} INFO - Processing /home/user/Desktop/airflowproj/py_env/lib/python3.10/site-packages/airflow/example_dags/example_branch_labels.py took 0.043 seconds
[2024-06-18T13:24:34.327+0400] {processor.py:161} INFO - Started process (PID=57720) to work on /home/user/Desktop/airflowproj/py_env/lib/python3.10/site-packages/airflow/example_dags/example_branch_labels.py
[2024-06-18T13:24:34.329+0400] {processor.py:830} INFO - Processing file /home/user/Desktop/airflowproj/py_env/lib/python3.10/site-packages/airflow/example_dags/example_branch_labels.py for tasks to queue
[2024-06-18T13:24:34.330+0400] {logging_mixin.py:188} INFO - [2024-06-18T13:24:34.329+0400] {dagbag.py:545} INFO - Filling up the DagBag from /home/user/Desktop/airflowproj/py_env/lib/python3.10/site-packages/airflow/example_dags/example_branch_labels.py
[2024-06-18T13:24:34.334+0400] {processor.py:840} INFO - DAG(s) 'example_branch_labels' retrieved from /home/user/Desktop/airflowproj/py_env/lib/python3.10/site-packages/airflow/example_dags/example_branch_labels.py
[2024-06-18T13:24:34.341+0400] {logging_mixin.py:188} INFO - [2024-06-18T13:24:34.341+0400] {dag.py:3096} INFO - Sync 1 DAGs
[2024-06-18T13:24:34.349+0400] {logging_mixin.py:188} INFO - [2024-06-18T13:24:34.349+0400] {dag.py:3954} INFO - Setting next_dagrun for example_branch_labels to 2024-06-17 00:00:00+00:00, run_after=2024-06-18 00:00:00+00:00
[2024-06-18T13:24:34.362+0400] {processor.py:183} INFO - Processing /home/user/Desktop/airflowproj/py_env/lib/python3.10/site-packages/airflow/example_dags/example_branch_labels.py took 0.040 seconds
[2024-06-18T13:25:32.017+0400] {processor.py:161} INFO - Started process (PID=57901) to work on /home/user/Desktop/airflowproj/py_env/lib/python3.10/site-packages/airflow/example_dags/example_branch_labels.py
[2024-06-18T13:25:32.019+0400] {processor.py:830} INFO - Processing file /home/user/Desktop/airflowproj/py_env/lib/python3.10/site-packages/airflow/example_dags/example_branch_labels.py for tasks to queue
[2024-06-18T13:25:32.020+0400] {logging_mixin.py:188} INFO - [2024-06-18T13:25:32.020+0400] {dagbag.py:545} INFO - Filling up the DagBag from /home/user/Desktop/airflowproj/py_env/lib/python3.10/site-packages/airflow/example_dags/example_branch_labels.py
[2024-06-18T13:25:32.025+0400] {processor.py:840} INFO - DAG(s) 'example_branch_labels' retrieved from /home/user/Desktop/airflowproj/py_env/lib/python3.10/site-packages/airflow/example_dags/example_branch_labels.py
[2024-06-18T13:25:32.033+0400] {logging_mixin.py:188} INFO - [2024-06-18T13:25:32.032+0400] {dag.py:3096} INFO - Sync 1 DAGs
[2024-06-18T13:25:32.042+0400] {logging_mixin.py:188} INFO - [2024-06-18T13:25:32.041+0400] {dag.py:3954} INFO - Setting next_dagrun for example_branch_labels to 2024-06-17 00:00:00+00:00, run_after=2024-06-18 00:00:00+00:00
[2024-06-18T13:25:32.055+0400] {processor.py:183} INFO - Processing /home/user/Desktop/airflowproj/py_env/lib/python3.10/site-packages/airflow/example_dags/example_branch_labels.py took 0.043 seconds
[2024-06-18T13:26:31.451+0400] {processor.py:161} INFO - Started process (PID=58106) to work on /home/user/Desktop/airflowproj/py_env/lib/python3.10/site-packages/airflow/example_dags/example_branch_labels.py
[2024-06-18T13:26:31.454+0400] {processor.py:830} INFO - Processing file /home/user/Desktop/airflowproj/py_env/lib/python3.10/site-packages/airflow/example_dags/example_branch_labels.py for tasks to queue
[2024-06-18T13:26:31.454+0400] {logging_mixin.py:188} INFO - [2024-06-18T13:26:31.454+0400] {dagbag.py:545} INFO - Filling up the DagBag from /home/user/Desktop/airflowproj/py_env/lib/python3.10/site-packages/airflow/example_dags/example_branch_labels.py
[2024-06-18T13:26:31.458+0400] {processor.py:840} INFO - DAG(s) 'example_branch_labels' retrieved from /home/user/Desktop/airflowproj/py_env/lib/python3.10/site-packages/airflow/example_dags/example_branch_labels.py
[2024-06-18T13:26:31.466+0400] {logging_mixin.py:188} INFO - [2024-06-18T13:26:31.466+0400] {dag.py:3096} INFO - Sync 1 DAGs
[2024-06-18T13:26:31.476+0400] {logging_mixin.py:188} INFO - [2024-06-18T13:26:31.475+0400] {dag.py:3954} INFO - Setting next_dagrun for example_branch_labels to 2024-06-17 00:00:00+00:00, run_after=2024-06-18 00:00:00+00:00
[2024-06-18T13:26:31.488+0400] {processor.py:183} INFO - Processing /home/user/Desktop/airflowproj/py_env/lib/python3.10/site-packages/airflow/example_dags/example_branch_labels.py took 0.041 seconds
[2024-06-18T13:27:28.024+0400] {processor.py:161} INFO - Started process (PID=58308) to work on /home/user/Desktop/airflowproj/py_env/lib/python3.10/site-packages/airflow/example_dags/example_branch_labels.py
[2024-06-18T13:27:28.026+0400] {processor.py:830} INFO - Processing file /home/user/Desktop/airflowproj/py_env/lib/python3.10/site-packages/airflow/example_dags/example_branch_labels.py for tasks to queue
[2024-06-18T13:27:28.028+0400] {logging_mixin.py:188} INFO - [2024-06-18T13:27:28.027+0400] {dagbag.py:545} INFO - Filling up the DagBag from /home/user/Desktop/airflowproj/py_env/lib/python3.10/site-packages/airflow/example_dags/example_branch_labels.py
[2024-06-18T13:27:28.032+0400] {processor.py:840} INFO - DAG(s) 'example_branch_labels' retrieved from /home/user/Desktop/airflowproj/py_env/lib/python3.10/site-packages/airflow/example_dags/example_branch_labels.py
[2024-06-18T13:27:28.041+0400] {logging_mixin.py:188} INFO - [2024-06-18T13:27:28.041+0400] {dag.py:3096} INFO - Sync 1 DAGs
[2024-06-18T13:27:28.050+0400] {logging_mixin.py:188} INFO - [2024-06-18T13:27:28.050+0400] {dag.py:3954} INFO - Setting next_dagrun for example_branch_labels to 2024-06-17 00:00:00+00:00, run_after=2024-06-18 00:00:00+00:00
[2024-06-18T13:27:28.065+0400] {processor.py:183} INFO - Processing /home/user/Desktop/airflowproj/py_env/lib/python3.10/site-packages/airflow/example_dags/example_branch_labels.py took 0.045 seconds
[2024-06-18T13:28:24.659+0400] {processor.py:161} INFO - Started process (PID=58542) to work on /home/user/Desktop/airflowproj/py_env/lib/python3.10/site-packages/airflow/example_dags/example_branch_labels.py
[2024-06-18T13:28:24.661+0400] {processor.py:830} INFO - Processing file /home/user/Desktop/airflowproj/py_env/lib/python3.10/site-packages/airflow/example_dags/example_branch_labels.py for tasks to queue
[2024-06-18T13:28:24.663+0400] {logging_mixin.py:188} INFO - [2024-06-18T13:28:24.663+0400] {dagbag.py:545} INFO - Filling up the DagBag from /home/user/Desktop/airflowproj/py_env/lib/python3.10/site-packages/airflow/example_dags/example_branch_labels.py
[2024-06-18T13:28:24.670+0400] {processor.py:840} INFO - DAG(s) 'example_branch_labels' retrieved from /home/user/Desktop/airflowproj/py_env/lib/python3.10/site-packages/airflow/example_dags/example_branch_labels.py
[2024-06-18T13:28:24.677+0400] {logging_mixin.py:188} INFO - [2024-06-18T13:28:24.677+0400] {dag.py:3096} INFO - Sync 1 DAGs
[2024-06-18T13:28:24.687+0400] {logging_mixin.py:188} INFO - [2024-06-18T13:28:24.687+0400] {dag.py:3954} INFO - Setting next_dagrun for example_branch_labels to 2024-06-17 00:00:00+00:00, run_after=2024-06-18 00:00:00+00:00
[2024-06-18T13:28:24.700+0400] {processor.py:183} INFO - Processing /home/user/Desktop/airflowproj/py_env/lib/python3.10/site-packages/airflow/example_dags/example_branch_labels.py took 0.045 seconds
[2024-06-18T13:29:21.064+0400] {processor.py:161} INFO - Started process (PID=58732) to work on /home/user/Desktop/airflowproj/py_env/lib/python3.10/site-packages/airflow/example_dags/example_branch_labels.py
[2024-06-18T13:29:21.065+0400] {processor.py:830} INFO - Processing file /home/user/Desktop/airflowproj/py_env/lib/python3.10/site-packages/airflow/example_dags/example_branch_labels.py for tasks to queue
[2024-06-18T13:29:21.066+0400] {logging_mixin.py:188} INFO - [2024-06-18T13:29:21.065+0400] {dagbag.py:545} INFO - Filling up the DagBag from /home/user/Desktop/airflowproj/py_env/lib/python3.10/site-packages/airflow/example_dags/example_branch_labels.py
[2024-06-18T13:29:21.070+0400] {processor.py:840} INFO - DAG(s) 'example_branch_labels' retrieved from /home/user/Desktop/airflowproj/py_env/lib/python3.10/site-packages/airflow/example_dags/example_branch_labels.py
[2024-06-18T13:29:21.078+0400] {logging_mixin.py:188} INFO - [2024-06-18T13:29:21.077+0400] {dag.py:3096} INFO - Sync 1 DAGs
[2024-06-18T13:29:21.087+0400] {logging_mixin.py:188} INFO - [2024-06-18T13:29:21.087+0400] {dag.py:3954} INFO - Setting next_dagrun for example_branch_labels to 2024-06-17 00:00:00+00:00, run_after=2024-06-18 00:00:00+00:00
[2024-06-18T13:29:21.104+0400] {processor.py:183} INFO - Processing /home/user/Desktop/airflowproj/py_env/lib/python3.10/site-packages/airflow/example_dags/example_branch_labels.py took 0.045 seconds
[2024-06-18T13:30:17.692+0400] {processor.py:161} INFO - Started process (PID=59011) to work on /home/user/Desktop/airflowproj/py_env/lib/python3.10/site-packages/airflow/example_dags/example_branch_labels.py
[2024-06-18T13:30:17.694+0400] {processor.py:830} INFO - Processing file /home/user/Desktop/airflowproj/py_env/lib/python3.10/site-packages/airflow/example_dags/example_branch_labels.py for tasks to queue
[2024-06-18T13:30:17.695+0400] {logging_mixin.py:188} INFO - [2024-06-18T13:30:17.695+0400] {dagbag.py:545} INFO - Filling up the DagBag from /home/user/Desktop/airflowproj/py_env/lib/python3.10/site-packages/airflow/example_dags/example_branch_labels.py
[2024-06-18T13:30:17.698+0400] {processor.py:840} INFO - DAG(s) 'example_branch_labels' retrieved from /home/user/Desktop/airflowproj/py_env/lib/python3.10/site-packages/airflow/example_dags/example_branch_labels.py
[2024-06-18T13:30:17.706+0400] {logging_mixin.py:188} INFO - [2024-06-18T13:30:17.706+0400] {dag.py:3096} INFO - Sync 1 DAGs
[2024-06-18T13:30:17.714+0400] {logging_mixin.py:188} INFO - [2024-06-18T13:30:17.714+0400] {dag.py:3954} INFO - Setting next_dagrun for example_branch_labels to 2024-06-17 00:00:00+00:00, run_after=2024-06-18 00:00:00+00:00
[2024-06-18T13:30:17.727+0400] {processor.py:183} INFO - Processing /home/user/Desktop/airflowproj/py_env/lib/python3.10/site-packages/airflow/example_dags/example_branch_labels.py took 0.038 seconds
[2024-06-18T13:31:18.050+0400] {processor.py:161} INFO - Started process (PID=59223) to work on /home/user/Desktop/airflowproj/py_env/lib/python3.10/site-packages/airflow/example_dags/example_branch_labels.py
[2024-06-18T13:31:18.052+0400] {processor.py:830} INFO - Processing file /home/user/Desktop/airflowproj/py_env/lib/python3.10/site-packages/airflow/example_dags/example_branch_labels.py for tasks to queue
[2024-06-18T13:31:18.053+0400] {logging_mixin.py:188} INFO - [2024-06-18T13:31:18.053+0400] {dagbag.py:545} INFO - Filling up the DagBag from /home/user/Desktop/airflowproj/py_env/lib/python3.10/site-packages/airflow/example_dags/example_branch_labels.py
[2024-06-18T13:31:18.058+0400] {processor.py:840} INFO - DAG(s) 'example_branch_labels' retrieved from /home/user/Desktop/airflowproj/py_env/lib/python3.10/site-packages/airflow/example_dags/example_branch_labels.py
[2024-06-18T13:31:18.069+0400] {logging_mixin.py:188} INFO - [2024-06-18T13:31:18.069+0400] {dag.py:3096} INFO - Sync 1 DAGs
[2024-06-18T13:31:18.081+0400] {logging_mixin.py:188} INFO - [2024-06-18T13:31:18.080+0400] {dag.py:3954} INFO - Setting next_dagrun for example_branch_labels to 2024-06-17 00:00:00+00:00, run_after=2024-06-18 00:00:00+00:00
[2024-06-18T13:31:18.095+0400] {processor.py:183} INFO - Processing /home/user/Desktop/airflowproj/py_env/lib/python3.10/site-packages/airflow/example_dags/example_branch_labels.py took 0.048 seconds
[2024-06-18T13:32:24.276+0400] {processor.py:161} INFO - Started process (PID=59644) to work on /home/user/Desktop/airflowproj/py_env/lib/python3.10/site-packages/airflow/example_dags/example_branch_labels.py
[2024-06-18T13:32:24.278+0400] {processor.py:830} INFO - Processing file /home/user/Desktop/airflowproj/py_env/lib/python3.10/site-packages/airflow/example_dags/example_branch_labels.py for tasks to queue
[2024-06-18T13:32:24.279+0400] {logging_mixin.py:188} INFO - [2024-06-18T13:32:24.279+0400] {dagbag.py:545} INFO - Filling up the DagBag from /home/user/Desktop/airflowproj/py_env/lib/python3.10/site-packages/airflow/example_dags/example_branch_labels.py
[2024-06-18T13:32:24.285+0400] {processor.py:840} INFO - DAG(s) 'example_branch_labels' retrieved from /home/user/Desktop/airflowproj/py_env/lib/python3.10/site-packages/airflow/example_dags/example_branch_labels.py
[2024-06-18T13:32:24.294+0400] {logging_mixin.py:188} INFO - [2024-06-18T13:32:24.294+0400] {dag.py:3096} INFO - Sync 1 DAGs
[2024-06-18T13:32:24.307+0400] {logging_mixin.py:188} INFO - [2024-06-18T13:32:24.307+0400] {dag.py:3954} INFO - Setting next_dagrun for example_branch_labels to 2024-06-17 00:00:00+00:00, run_after=2024-06-18 00:00:00+00:00
[2024-06-18T13:32:24.325+0400] {processor.py:183} INFO - Processing /home/user/Desktop/airflowproj/py_env/lib/python3.10/site-packages/airflow/example_dags/example_branch_labels.py took 0.052 seconds
