[2024-06-18T12:40:51.320+0400] {processor.py:161} INFO - Started process (PID=45791) to work on /home/user/Desktop/airflowproj/py_env/lib/python3.10/site-packages/airflow/example_dags/example_bash_decorator.py
[2024-06-18T12:40:51.320+0400] {processor.py:830} INFO - Processing file /home/user/Desktop/airflowproj/py_env/lib/python3.10/site-packages/airflow/example_dags/example_bash_decorator.py for tasks to queue
[2024-06-18T12:40:51.322+0400] {logging_mixin.py:188} INFO - [2024-06-18T12:40:51.321+0400] {dagbag.py:545} INFO - Filling up the DagBag from /home/user/Desktop/airflowproj/py_env/lib/python3.10/site-packages/airflow/example_dags/example_bash_decorator.py
[2024-06-18T12:40:51.334+0400] {processor.py:840} INFO - DAG(s) 'example_bash_decorator' retrieved from /home/user/Desktop/airflowproj/py_env/lib/python3.10/site-packages/airflow/example_dags/example_bash_decorator.py
[2024-06-18T12:40:51.437+0400] {logging_mixin.py:188} INFO - [2024-06-18T12:40:51.437+0400] {override.py:1829} INFO - Created Permission View: can edit on DAG:example_bash_decorator
[2024-06-18T12:40:51.525+0400] {logging_mixin.py:188} INFO - [2024-06-18T12:40:51.525+0400] {override.py:1829} INFO - Created Permission View: can read on DAG:example_bash_decorator
[2024-06-18T12:40:51.535+0400] {logging_mixin.py:188} INFO - [2024-06-18T12:40:51.535+0400] {override.py:1829} INFO - Created Permission View: can delete on DAG:example_bash_decorator
[2024-06-18T12:40:51.536+0400] {logging_mixin.py:188} INFO - [2024-06-18T12:40:51.536+0400] {dag.py:3096} INFO - Sync 1 DAGs
[2024-06-18T12:40:51.540+0400] {logging_mixin.py:188} INFO - [2024-06-18T12:40:51.540+0400] {dag.py:3118} INFO - Creating ORM DAG for example_bash_decorator
[2024-06-18T12:40:51.541+0400] {logging_mixin.py:188} INFO - [2024-06-18T12:40:51.541+0400] {dag.py:3954} INFO - Setting next_dagrun for example_bash_decorator to None, run_after=None
[2024-06-18T12:40:51.554+0400] {processor.py:183} INFO - Processing /home/user/Desktop/airflowproj/py_env/lib/python3.10/site-packages/airflow/example_dags/example_bash_decorator.py took 0.239 seconds
[2024-06-18T12:43:26.049+0400] {processor.py:161} INFO - Started process (PID=46694) to work on /home/user/Desktop/airflowproj/py_env/lib/python3.10/site-packages/airflow/example_dags/example_bash_decorator.py
[2024-06-18T12:43:26.051+0400] {processor.py:830} INFO - Processing file /home/user/Desktop/airflowproj/py_env/lib/python3.10/site-packages/airflow/example_dags/example_bash_decorator.py for tasks to queue
[2024-06-18T12:43:26.052+0400] {logging_mixin.py:188} INFO - [2024-06-18T12:43:26.052+0400] {dagbag.py:545} INFO - Filling up the DagBag from /home/user/Desktop/airflowproj/py_env/lib/python3.10/site-packages/airflow/example_dags/example_bash_decorator.py
[2024-06-18T12:43:26.060+0400] {processor.py:840} INFO - DAG(s) 'example_bash_decorator' retrieved from /home/user/Desktop/airflowproj/py_env/lib/python3.10/site-packages/airflow/example_dags/example_bash_decorator.py
[2024-06-18T12:43:26.177+0400] {logging_mixin.py:188} INFO - [2024-06-18T12:43:26.177+0400] {dag.py:3096} INFO - Sync 1 DAGs
[2024-06-18T12:43:26.182+0400] {logging_mixin.py:188} INFO - [2024-06-18T12:43:26.182+0400] {dag.py:3954} INFO - Setting next_dagrun for example_bash_decorator to None, run_after=None
[2024-06-18T12:43:26.212+0400] {processor.py:183} INFO - Processing /home/user/Desktop/airflowproj/py_env/lib/python3.10/site-packages/airflow/example_dags/example_bash_decorator.py took 0.168 seconds
[2024-06-18T12:44:31.899+0400] {processor.py:161} INFO - Started process (PID=46878) to work on /home/user/Desktop/airflowproj/py_env/lib/python3.10/site-packages/airflow/example_dags/example_bash_decorator.py
[2024-06-18T12:44:31.902+0400] {processor.py:830} INFO - Processing file /home/user/Desktop/airflowproj/py_env/lib/python3.10/site-packages/airflow/example_dags/example_bash_decorator.py for tasks to queue
[2024-06-18T12:44:31.903+0400] {logging_mixin.py:188} INFO - [2024-06-18T12:44:31.903+0400] {dagbag.py:545} INFO - Filling up the DagBag from /home/user/Desktop/airflowproj/py_env/lib/python3.10/site-packages/airflow/example_dags/example_bash_decorator.py
[2024-06-18T12:44:31.909+0400] {processor.py:840} INFO - DAG(s) 'example_bash_decorator' retrieved from /home/user/Desktop/airflowproj/py_env/lib/python3.10/site-packages/airflow/example_dags/example_bash_decorator.py
[2024-06-18T12:44:31.919+0400] {logging_mixin.py:188} INFO - [2024-06-18T12:44:31.919+0400] {dag.py:3096} INFO - Sync 1 DAGs
[2024-06-18T12:44:31.971+0400] {logging_mixin.py:188} INFO - [2024-06-18T12:44:31.971+0400] {dag.py:3954} INFO - Setting next_dagrun for example_bash_decorator to None, run_after=None
[2024-06-18T12:44:31.984+0400] {processor.py:183} INFO - Processing /home/user/Desktop/airflowproj/py_env/lib/python3.10/site-packages/airflow/example_dags/example_bash_decorator.py took 0.091 seconds
[2024-06-18T12:45:31.833+0400] {processor.py:161} INFO - Started process (PID=47028) to work on /home/user/Desktop/airflowproj/py_env/lib/python3.10/site-packages/airflow/example_dags/example_bash_decorator.py
[2024-06-18T12:45:31.835+0400] {processor.py:830} INFO - Processing file /home/user/Desktop/airflowproj/py_env/lib/python3.10/site-packages/airflow/example_dags/example_bash_decorator.py for tasks to queue
[2024-06-18T12:45:31.836+0400] {logging_mixin.py:188} INFO - [2024-06-18T12:45:31.836+0400] {dagbag.py:545} INFO - Filling up the DagBag from /home/user/Desktop/airflowproj/py_env/lib/python3.10/site-packages/airflow/example_dags/example_bash_decorator.py
[2024-06-18T12:45:31.842+0400] {processor.py:840} INFO - DAG(s) 'example_bash_decorator' retrieved from /home/user/Desktop/airflowproj/py_env/lib/python3.10/site-packages/airflow/example_dags/example_bash_decorator.py
[2024-06-18T12:45:31.853+0400] {logging_mixin.py:188} INFO - [2024-06-18T12:45:31.852+0400] {dag.py:3096} INFO - Sync 1 DAGs
[2024-06-18T12:45:31.859+0400] {logging_mixin.py:188} INFO - [2024-06-18T12:45:31.858+0400] {dag.py:3954} INFO - Setting next_dagrun for example_bash_decorator to None, run_after=None
[2024-06-18T12:45:31.873+0400] {processor.py:183} INFO - Processing /home/user/Desktop/airflowproj/py_env/lib/python3.10/site-packages/airflow/example_dags/example_bash_decorator.py took 0.044 seconds
[2024-06-18T12:46:32.768+0400] {processor.py:161} INFO - Started process (PID=47240) to work on /home/user/Desktop/airflowproj/py_env/lib/python3.10/site-packages/airflow/example_dags/example_bash_decorator.py
[2024-06-18T12:46:32.771+0400] {processor.py:830} INFO - Processing file /home/user/Desktop/airflowproj/py_env/lib/python3.10/site-packages/airflow/example_dags/example_bash_decorator.py for tasks to queue
[2024-06-18T12:46:32.771+0400] {logging_mixin.py:188} INFO - [2024-06-18T12:46:32.771+0400] {dagbag.py:545} INFO - Filling up the DagBag from /home/user/Desktop/airflowproj/py_env/lib/python3.10/site-packages/airflow/example_dags/example_bash_decorator.py
[2024-06-18T12:46:32.777+0400] {processor.py:840} INFO - DAG(s) 'example_bash_decorator' retrieved from /home/user/Desktop/airflowproj/py_env/lib/python3.10/site-packages/airflow/example_dags/example_bash_decorator.py
[2024-06-18T12:46:32.786+0400] {logging_mixin.py:188} INFO - [2024-06-18T12:46:32.786+0400] {dag.py:3096} INFO - Sync 1 DAGs
[2024-06-18T12:46:32.790+0400] {logging_mixin.py:188} INFO - [2024-06-18T12:46:32.790+0400] {dag.py:3954} INFO - Setting next_dagrun for example_bash_decorator to None, run_after=None
[2024-06-18T12:46:32.802+0400] {processor.py:183} INFO - Processing /home/user/Desktop/airflowproj/py_env/lib/python3.10/site-packages/airflow/example_dags/example_bash_decorator.py took 0.037 seconds
[2024-06-18T12:47:30.176+0400] {processor.py:161} INFO - Started process (PID=47994) to work on /home/user/Desktop/airflowproj/py_env/lib/python3.10/site-packages/airflow/example_dags/example_bash_decorator.py
[2024-06-18T12:47:30.178+0400] {processor.py:830} INFO - Processing file /home/user/Desktop/airflowproj/py_env/lib/python3.10/site-packages/airflow/example_dags/example_bash_decorator.py for tasks to queue
[2024-06-18T12:47:30.179+0400] {logging_mixin.py:188} INFO - [2024-06-18T12:47:30.179+0400] {dagbag.py:545} INFO - Filling up the DagBag from /home/user/Desktop/airflowproj/py_env/lib/python3.10/site-packages/airflow/example_dags/example_bash_decorator.py
[2024-06-18T12:47:30.186+0400] {processor.py:840} INFO - DAG(s) 'example_bash_decorator' retrieved from /home/user/Desktop/airflowproj/py_env/lib/python3.10/site-packages/airflow/example_dags/example_bash_decorator.py
[2024-06-18T12:47:30.194+0400] {logging_mixin.py:188} INFO - [2024-06-18T12:47:30.194+0400] {dag.py:3096} INFO - Sync 1 DAGs
[2024-06-18T12:47:30.200+0400] {logging_mixin.py:188} INFO - [2024-06-18T12:47:30.200+0400] {dag.py:3954} INFO - Setting next_dagrun for example_bash_decorator to None, run_after=None
[2024-06-18T12:47:30.213+0400] {processor.py:183} INFO - Processing /home/user/Desktop/airflowproj/py_env/lib/python3.10/site-packages/airflow/example_dags/example_bash_decorator.py took 0.041 seconds
[2024-06-18T12:48:26.638+0400] {processor.py:161} INFO - Started process (PID=48288) to work on /home/user/Desktop/airflowproj/py_env/lib/python3.10/site-packages/airflow/example_dags/example_bash_decorator.py
[2024-06-18T12:48:26.638+0400] {processor.py:830} INFO - Processing file /home/user/Desktop/airflowproj/py_env/lib/python3.10/site-packages/airflow/example_dags/example_bash_decorator.py for tasks to queue
[2024-06-18T12:48:26.639+0400] {logging_mixin.py:188} INFO - [2024-06-18T12:48:26.639+0400] {dagbag.py:545} INFO - Filling up the DagBag from /home/user/Desktop/airflowproj/py_env/lib/python3.10/site-packages/airflow/example_dags/example_bash_decorator.py
[2024-06-18T12:48:26.645+0400] {processor.py:840} INFO - DAG(s) 'example_bash_decorator' retrieved from /home/user/Desktop/airflowproj/py_env/lib/python3.10/site-packages/airflow/example_dags/example_bash_decorator.py
[2024-06-18T12:48:26.655+0400] {logging_mixin.py:188} INFO - [2024-06-18T12:48:26.655+0400] {dag.py:3096} INFO - Sync 1 DAGs
[2024-06-18T12:48:26.661+0400] {logging_mixin.py:188} INFO - [2024-06-18T12:48:26.661+0400] {dag.py:3954} INFO - Setting next_dagrun for example_bash_decorator to None, run_after=None
[2024-06-18T12:48:26.675+0400] {processor.py:183} INFO - Processing /home/user/Desktop/airflowproj/py_env/lib/python3.10/site-packages/airflow/example_dags/example_bash_decorator.py took 0.041 seconds
[2024-06-18T12:49:16.900+0400] {processor.py:161} INFO - Started process (PID=48615) to work on /home/user/Desktop/airflowproj/py_env/lib/python3.10/site-packages/airflow/example_dags/example_bash_decorator.py
[2024-06-18T12:49:16.902+0400] {processor.py:830} INFO - Processing file /home/user/Desktop/airflowproj/py_env/lib/python3.10/site-packages/airflow/example_dags/example_bash_decorator.py for tasks to queue
[2024-06-18T12:49:16.903+0400] {logging_mixin.py:188} INFO - [2024-06-18T12:49:16.903+0400] {dagbag.py:545} INFO - Filling up the DagBag from /home/user/Desktop/airflowproj/py_env/lib/python3.10/site-packages/airflow/example_dags/example_bash_decorator.py
[2024-06-18T12:49:16.910+0400] {processor.py:840} INFO - DAG(s) 'example_bash_decorator' retrieved from /home/user/Desktop/airflowproj/py_env/lib/python3.10/site-packages/airflow/example_dags/example_bash_decorator.py
[2024-06-18T12:49:16.919+0400] {logging_mixin.py:188} INFO - [2024-06-18T12:49:16.919+0400] {dag.py:3096} INFO - Sync 1 DAGs
[2024-06-18T12:49:16.925+0400] {logging_mixin.py:188} INFO - [2024-06-18T12:49:16.925+0400] {dag.py:3954} INFO - Setting next_dagrun for example_bash_decorator to None, run_after=None
[2024-06-18T12:49:16.940+0400] {processor.py:183} INFO - Processing /home/user/Desktop/airflowproj/py_env/lib/python3.10/site-packages/airflow/example_dags/example_bash_decorator.py took 0.044 seconds
[2024-06-18T12:50:17.489+0400] {processor.py:161} INFO - Started process (PID=48787) to work on /home/user/Desktop/airflowproj/py_env/lib/python3.10/site-packages/airflow/example_dags/example_bash_decorator.py
[2024-06-18T12:50:17.492+0400] {processor.py:830} INFO - Processing file /home/user/Desktop/airflowproj/py_env/lib/python3.10/site-packages/airflow/example_dags/example_bash_decorator.py for tasks to queue
[2024-06-18T12:50:17.493+0400] {logging_mixin.py:188} INFO - [2024-06-18T12:50:17.492+0400] {dagbag.py:545} INFO - Filling up the DagBag from /home/user/Desktop/airflowproj/py_env/lib/python3.10/site-packages/airflow/example_dags/example_bash_decorator.py
[2024-06-18T12:50:17.501+0400] {processor.py:840} INFO - DAG(s) 'example_bash_decorator' retrieved from /home/user/Desktop/airflowproj/py_env/lib/python3.10/site-packages/airflow/example_dags/example_bash_decorator.py
[2024-06-18T12:50:17.511+0400] {logging_mixin.py:188} INFO - [2024-06-18T12:50:17.510+0400] {dag.py:3096} INFO - Sync 1 DAGs
[2024-06-18T12:50:17.517+0400] {logging_mixin.py:188} INFO - [2024-06-18T12:50:17.517+0400] {dag.py:3954} INFO - Setting next_dagrun for example_bash_decorator to None, run_after=None
[2024-06-18T12:50:17.530+0400] {processor.py:183} INFO - Processing /home/user/Desktop/airflowproj/py_env/lib/python3.10/site-packages/airflow/example_dags/example_bash_decorator.py took 0.045 seconds
[2024-06-18T12:51:17.012+0400] {processor.py:161} INFO - Started process (PID=49002) to work on /home/user/Desktop/airflowproj/py_env/lib/python3.10/site-packages/airflow/example_dags/example_bash_decorator.py
[2024-06-18T12:51:17.014+0400] {processor.py:830} INFO - Processing file /home/user/Desktop/airflowproj/py_env/lib/python3.10/site-packages/airflow/example_dags/example_bash_decorator.py for tasks to queue
[2024-06-18T12:51:17.014+0400] {logging_mixin.py:188} INFO - [2024-06-18T12:51:17.014+0400] {dagbag.py:545} INFO - Filling up the DagBag from /home/user/Desktop/airflowproj/py_env/lib/python3.10/site-packages/airflow/example_dags/example_bash_decorator.py
[2024-06-18T12:51:17.021+0400] {processor.py:840} INFO - DAG(s) 'example_bash_decorator' retrieved from /home/user/Desktop/airflowproj/py_env/lib/python3.10/site-packages/airflow/example_dags/example_bash_decorator.py
[2024-06-18T12:51:17.030+0400] {logging_mixin.py:188} INFO - [2024-06-18T12:51:17.030+0400] {dag.py:3096} INFO - Sync 1 DAGs
[2024-06-18T12:51:17.035+0400] {logging_mixin.py:188} INFO - [2024-06-18T12:51:17.035+0400] {dag.py:3954} INFO - Setting next_dagrun for example_bash_decorator to None, run_after=None
[2024-06-18T12:51:17.048+0400] {processor.py:183} INFO - Processing /home/user/Desktop/airflowproj/py_env/lib/python3.10/site-packages/airflow/example_dags/example_bash_decorator.py took 0.042 seconds
[2024-06-18T12:52:15.003+0400] {processor.py:161} INFO - Started process (PID=49180) to work on /home/user/Desktop/airflowproj/py_env/lib/python3.10/site-packages/airflow/example_dags/example_bash_decorator.py
[2024-06-18T12:52:15.005+0400] {processor.py:830} INFO - Processing file /home/user/Desktop/airflowproj/py_env/lib/python3.10/site-packages/airflow/example_dags/example_bash_decorator.py for tasks to queue
[2024-06-18T12:52:15.006+0400] {logging_mixin.py:188} INFO - [2024-06-18T12:52:15.005+0400] {dagbag.py:545} INFO - Filling up the DagBag from /home/user/Desktop/airflowproj/py_env/lib/python3.10/site-packages/airflow/example_dags/example_bash_decorator.py
[2024-06-18T12:52:15.012+0400] {processor.py:840} INFO - DAG(s) 'example_bash_decorator' retrieved from /home/user/Desktop/airflowproj/py_env/lib/python3.10/site-packages/airflow/example_dags/example_bash_decorator.py
[2024-06-18T12:52:15.021+0400] {logging_mixin.py:188} INFO - [2024-06-18T12:52:15.021+0400] {dag.py:3096} INFO - Sync 1 DAGs
[2024-06-18T12:52:15.026+0400] {logging_mixin.py:188} INFO - [2024-06-18T12:52:15.026+0400] {dag.py:3954} INFO - Setting next_dagrun for example_bash_decorator to None, run_after=None
[2024-06-18T12:52:15.040+0400] {processor.py:183} INFO - Processing /home/user/Desktop/airflowproj/py_env/lib/python3.10/site-packages/airflow/example_dags/example_bash_decorator.py took 0.041 seconds
[2024-06-18T12:53:14.422+0400] {processor.py:161} INFO - Started process (PID=49477) to work on /home/user/Desktop/airflowproj/py_env/lib/python3.10/site-packages/airflow/example_dags/example_bash_decorator.py
[2024-06-18T12:53:14.425+0400] {processor.py:830} INFO - Processing file /home/user/Desktop/airflowproj/py_env/lib/python3.10/site-packages/airflow/example_dags/example_bash_decorator.py for tasks to queue
[2024-06-18T12:53:14.425+0400] {logging_mixin.py:188} INFO - [2024-06-18T12:53:14.425+0400] {dagbag.py:545} INFO - Filling up the DagBag from /home/user/Desktop/airflowproj/py_env/lib/python3.10/site-packages/airflow/example_dags/example_bash_decorator.py
[2024-06-18T12:53:14.434+0400] {processor.py:840} INFO - DAG(s) 'example_bash_decorator' retrieved from /home/user/Desktop/airflowproj/py_env/lib/python3.10/site-packages/airflow/example_dags/example_bash_decorator.py
[2024-06-18T12:53:14.444+0400] {logging_mixin.py:188} INFO - [2024-06-18T12:53:14.444+0400] {dag.py:3096} INFO - Sync 1 DAGs
[2024-06-18T12:53:14.449+0400] {logging_mixin.py:188} INFO - [2024-06-18T12:53:14.449+0400] {dag.py:3954} INFO - Setting next_dagrun for example_bash_decorator to None, run_after=None
[2024-06-18T12:53:14.465+0400] {processor.py:183} INFO - Processing /home/user/Desktop/airflowproj/py_env/lib/python3.10/site-packages/airflow/example_dags/example_bash_decorator.py took 0.048 seconds
[2024-06-18T12:54:11.887+0400] {processor.py:161} INFO - Started process (PID=49665) to work on /home/user/Desktop/airflowproj/py_env/lib/python3.10/site-packages/airflow/example_dags/example_bash_decorator.py
[2024-06-18T12:54:11.889+0400] {processor.py:830} INFO - Processing file /home/user/Desktop/airflowproj/py_env/lib/python3.10/site-packages/airflow/example_dags/example_bash_decorator.py for tasks to queue
[2024-06-18T12:54:11.890+0400] {logging_mixin.py:188} INFO - [2024-06-18T12:54:11.890+0400] {dagbag.py:545} INFO - Filling up the DagBag from /home/user/Desktop/airflowproj/py_env/lib/python3.10/site-packages/airflow/example_dags/example_bash_decorator.py
[2024-06-18T12:54:11.897+0400] {processor.py:840} INFO - DAG(s) 'example_bash_decorator' retrieved from /home/user/Desktop/airflowproj/py_env/lib/python3.10/site-packages/airflow/example_dags/example_bash_decorator.py
[2024-06-18T12:54:11.908+0400] {logging_mixin.py:188} INFO - [2024-06-18T12:54:11.907+0400] {dag.py:3096} INFO - Sync 1 DAGs
[2024-06-18T12:54:11.913+0400] {logging_mixin.py:188} INFO - [2024-06-18T12:54:11.913+0400] {dag.py:3954} INFO - Setting next_dagrun for example_bash_decorator to None, run_after=None
[2024-06-18T12:54:11.929+0400] {processor.py:183} INFO - Processing /home/user/Desktop/airflowproj/py_env/lib/python3.10/site-packages/airflow/example_dags/example_bash_decorator.py took 0.047 seconds
[2024-06-18T12:55:11.858+0400] {processor.py:161} INFO - Started process (PID=49880) to work on /home/user/Desktop/airflowproj/py_env/lib/python3.10/site-packages/airflow/example_dags/example_bash_decorator.py
[2024-06-18T12:55:11.861+0400] {processor.py:830} INFO - Processing file /home/user/Desktop/airflowproj/py_env/lib/python3.10/site-packages/airflow/example_dags/example_bash_decorator.py for tasks to queue
[2024-06-18T12:55:11.862+0400] {logging_mixin.py:188} INFO - [2024-06-18T12:55:11.861+0400] {dagbag.py:545} INFO - Filling up the DagBag from /home/user/Desktop/airflowproj/py_env/lib/python3.10/site-packages/airflow/example_dags/example_bash_decorator.py
[2024-06-18T12:55:11.869+0400] {processor.py:840} INFO - DAG(s) 'example_bash_decorator' retrieved from /home/user/Desktop/airflowproj/py_env/lib/python3.10/site-packages/airflow/example_dags/example_bash_decorator.py
[2024-06-18T12:55:11.881+0400] {logging_mixin.py:188} INFO - [2024-06-18T12:55:11.881+0400] {dag.py:3096} INFO - Sync 1 DAGs
[2024-06-18T12:55:11.889+0400] {logging_mixin.py:188} INFO - [2024-06-18T12:55:11.888+0400] {dag.py:3954} INFO - Setting next_dagrun for example_bash_decorator to None, run_after=None
[2024-06-18T12:55:11.905+0400] {processor.py:183} INFO - Processing /home/user/Desktop/airflowproj/py_env/lib/python3.10/site-packages/airflow/example_dags/example_bash_decorator.py took 0.051 seconds
[2024-06-18T12:56:07.286+0400] {processor.py:161} INFO - Started process (PID=50132) to work on /home/user/Desktop/airflowproj/py_env/lib/python3.10/site-packages/airflow/example_dags/example_bash_decorator.py
[2024-06-18T12:56:07.288+0400] {processor.py:830} INFO - Processing file /home/user/Desktop/airflowproj/py_env/lib/python3.10/site-packages/airflow/example_dags/example_bash_decorator.py for tasks to queue
[2024-06-18T12:56:07.289+0400] {logging_mixin.py:188} INFO - [2024-06-18T12:56:07.289+0400] {dagbag.py:545} INFO - Filling up the DagBag from /home/user/Desktop/airflowproj/py_env/lib/python3.10/site-packages/airflow/example_dags/example_bash_decorator.py
[2024-06-18T12:56:07.297+0400] {processor.py:840} INFO - DAG(s) 'example_bash_decorator' retrieved from /home/user/Desktop/airflowproj/py_env/lib/python3.10/site-packages/airflow/example_dags/example_bash_decorator.py
[2024-06-18T12:56:07.307+0400] {logging_mixin.py:188} INFO - [2024-06-18T12:56:07.307+0400] {dag.py:3096} INFO - Sync 1 DAGs
[2024-06-18T12:56:07.312+0400] {logging_mixin.py:188} INFO - [2024-06-18T12:56:07.312+0400] {dag.py:3954} INFO - Setting next_dagrun for example_bash_decorator to None, run_after=None
[2024-06-18T12:56:07.326+0400] {processor.py:183} INFO - Processing /home/user/Desktop/airflowproj/py_env/lib/python3.10/site-packages/airflow/example_dags/example_bash_decorator.py took 0.044 seconds
[2024-06-18T12:57:06.712+0400] {processor.py:161} INFO - Started process (PID=50344) to work on /home/user/Desktop/airflowproj/py_env/lib/python3.10/site-packages/airflow/example_dags/example_bash_decorator.py
[2024-06-18T12:57:06.714+0400] {processor.py:830} INFO - Processing file /home/user/Desktop/airflowproj/py_env/lib/python3.10/site-packages/airflow/example_dags/example_bash_decorator.py for tasks to queue
[2024-06-18T12:57:06.715+0400] {logging_mixin.py:188} INFO - [2024-06-18T12:57:06.715+0400] {dagbag.py:545} INFO - Filling up the DagBag from /home/user/Desktop/airflowproj/py_env/lib/python3.10/site-packages/airflow/example_dags/example_bash_decorator.py
[2024-06-18T12:57:06.722+0400] {processor.py:840} INFO - DAG(s) 'example_bash_decorator' retrieved from /home/user/Desktop/airflowproj/py_env/lib/python3.10/site-packages/airflow/example_dags/example_bash_decorator.py
[2024-06-18T12:57:06.731+0400] {logging_mixin.py:188} INFO - [2024-06-18T12:57:06.731+0400] {dag.py:3096} INFO - Sync 1 DAGs
[2024-06-18T12:57:06.736+0400] {logging_mixin.py:188} INFO - [2024-06-18T12:57:06.736+0400] {dag.py:3954} INFO - Setting next_dagrun for example_bash_decorator to None, run_after=None
[2024-06-18T12:57:06.749+0400] {processor.py:183} INFO - Processing /home/user/Desktop/airflowproj/py_env/lib/python3.10/site-packages/airflow/example_dags/example_bash_decorator.py took 0.045 seconds
[2024-06-18T12:58:07.793+0400] {processor.py:161} INFO - Started process (PID=50842) to work on /home/user/Desktop/airflowproj/py_env/lib/python3.10/site-packages/airflow/example_dags/example_bash_decorator.py
[2024-06-18T12:58:07.795+0400] {processor.py:830} INFO - Processing file /home/user/Desktop/airflowproj/py_env/lib/python3.10/site-packages/airflow/example_dags/example_bash_decorator.py for tasks to queue
[2024-06-18T12:58:07.796+0400] {logging_mixin.py:188} INFO - [2024-06-18T12:58:07.796+0400] {dagbag.py:545} INFO - Filling up the DagBag from /home/user/Desktop/airflowproj/py_env/lib/python3.10/site-packages/airflow/example_dags/example_bash_decorator.py
[2024-06-18T12:58:07.802+0400] {processor.py:840} INFO - DAG(s) 'example_bash_decorator' retrieved from /home/user/Desktop/airflowproj/py_env/lib/python3.10/site-packages/airflow/example_dags/example_bash_decorator.py
[2024-06-18T12:58:07.815+0400] {logging_mixin.py:188} INFO - [2024-06-18T12:58:07.815+0400] {dag.py:3096} INFO - Sync 1 DAGs
[2024-06-18T12:58:07.825+0400] {logging_mixin.py:188} INFO - [2024-06-18T12:58:07.824+0400] {dag.py:3954} INFO - Setting next_dagrun for example_bash_decorator to None, run_after=None
[2024-06-18T12:58:07.842+0400] {processor.py:183} INFO - Processing /home/user/Desktop/airflowproj/py_env/lib/python3.10/site-packages/airflow/example_dags/example_bash_decorator.py took 0.052 seconds
[2024-06-18T12:59:04.949+0400] {processor.py:161} INFO - Started process (PID=51244) to work on /home/user/Desktop/airflowproj/py_env/lib/python3.10/site-packages/airflow/example_dags/example_bash_decorator.py
[2024-06-18T12:59:04.950+0400] {processor.py:830} INFO - Processing file /home/user/Desktop/airflowproj/py_env/lib/python3.10/site-packages/airflow/example_dags/example_bash_decorator.py for tasks to queue
[2024-06-18T12:59:04.951+0400] {logging_mixin.py:188} INFO - [2024-06-18T12:59:04.950+0400] {dagbag.py:545} INFO - Filling up the DagBag from /home/user/Desktop/airflowproj/py_env/lib/python3.10/site-packages/airflow/example_dags/example_bash_decorator.py
[2024-06-18T12:59:04.957+0400] {processor.py:840} INFO - DAG(s) 'example_bash_decorator' retrieved from /home/user/Desktop/airflowproj/py_env/lib/python3.10/site-packages/airflow/example_dags/example_bash_decorator.py
[2024-06-18T12:59:04.965+0400] {logging_mixin.py:188} INFO - [2024-06-18T12:59:04.965+0400] {dag.py:3096} INFO - Sync 1 DAGs
[2024-06-18T12:59:04.970+0400] {logging_mixin.py:188} INFO - [2024-06-18T12:59:04.970+0400] {dag.py:3954} INFO - Setting next_dagrun for example_bash_decorator to None, run_after=None
[2024-06-18T12:59:04.983+0400] {processor.py:183} INFO - Processing /home/user/Desktop/airflowproj/py_env/lib/python3.10/site-packages/airflow/example_dags/example_bash_decorator.py took 0.037 seconds
[2024-06-18T13:00:01.175+0400] {processor.py:161} INFO - Started process (PID=51553) to work on /home/user/Desktop/airflowproj/py_env/lib/python3.10/site-packages/airflow/example_dags/example_bash_decorator.py
[2024-06-18T13:00:01.177+0400] {processor.py:830} INFO - Processing file /home/user/Desktop/airflowproj/py_env/lib/python3.10/site-packages/airflow/example_dags/example_bash_decorator.py for tasks to queue
[2024-06-18T13:00:01.177+0400] {logging_mixin.py:188} INFO - [2024-06-18T13:00:01.177+0400] {dagbag.py:545} INFO - Filling up the DagBag from /home/user/Desktop/airflowproj/py_env/lib/python3.10/site-packages/airflow/example_dags/example_bash_decorator.py
[2024-06-18T13:00:01.183+0400] {processor.py:840} INFO - DAG(s) 'example_bash_decorator' retrieved from /home/user/Desktop/airflowproj/py_env/lib/python3.10/site-packages/airflow/example_dags/example_bash_decorator.py
[2024-06-18T13:00:01.192+0400] {logging_mixin.py:188} INFO - [2024-06-18T13:00:01.192+0400] {dag.py:3096} INFO - Sync 1 DAGs
[2024-06-18T13:00:01.197+0400] {logging_mixin.py:188} INFO - [2024-06-18T13:00:01.196+0400] {dag.py:3954} INFO - Setting next_dagrun for example_bash_decorator to None, run_after=None
[2024-06-18T13:00:01.209+0400] {processor.py:183} INFO - Processing /home/user/Desktop/airflowproj/py_env/lib/python3.10/site-packages/airflow/example_dags/example_bash_decorator.py took 0.038 seconds
[2024-06-18T13:00:57.589+0400] {processor.py:161} INFO - Started process (PID=51925) to work on /home/user/Desktop/airflowproj/py_env/lib/python3.10/site-packages/airflow/example_dags/example_bash_decorator.py
[2024-06-18T13:00:57.592+0400] {processor.py:830} INFO - Processing file /home/user/Desktop/airflowproj/py_env/lib/python3.10/site-packages/airflow/example_dags/example_bash_decorator.py for tasks to queue
[2024-06-18T13:00:57.593+0400] {logging_mixin.py:188} INFO - [2024-06-18T13:00:57.593+0400] {dagbag.py:545} INFO - Filling up the DagBag from /home/user/Desktop/airflowproj/py_env/lib/python3.10/site-packages/airflow/example_dags/example_bash_decorator.py
[2024-06-18T13:00:57.600+0400] {processor.py:840} INFO - DAG(s) 'example_bash_decorator' retrieved from /home/user/Desktop/airflowproj/py_env/lib/python3.10/site-packages/airflow/example_dags/example_bash_decorator.py
[2024-06-18T13:00:57.610+0400] {logging_mixin.py:188} INFO - [2024-06-18T13:00:57.610+0400] {dag.py:3096} INFO - Sync 1 DAGs
[2024-06-18T13:00:57.616+0400] {logging_mixin.py:188} INFO - [2024-06-18T13:00:57.616+0400] {dag.py:3954} INFO - Setting next_dagrun for example_bash_decorator to None, run_after=None
[2024-06-18T13:00:57.631+0400] {processor.py:183} INFO - Processing /home/user/Desktop/airflowproj/py_env/lib/python3.10/site-packages/airflow/example_dags/example_bash_decorator.py took 0.045 seconds
[2024-06-18T13:01:56.939+0400] {processor.py:161} INFO - Started process (PID=52511) to work on /home/user/Desktop/airflowproj/py_env/lib/python3.10/site-packages/airflow/example_dags/example_bash_decorator.py
[2024-06-18T13:01:56.941+0400] {processor.py:830} INFO - Processing file /home/user/Desktop/airflowproj/py_env/lib/python3.10/site-packages/airflow/example_dags/example_bash_decorator.py for tasks to queue
[2024-06-18T13:01:56.943+0400] {logging_mixin.py:188} INFO - [2024-06-18T13:01:56.943+0400] {dagbag.py:545} INFO - Filling up the DagBag from /home/user/Desktop/airflowproj/py_env/lib/python3.10/site-packages/airflow/example_dags/example_bash_decorator.py
[2024-06-18T13:01:56.950+0400] {processor.py:840} INFO - DAG(s) 'example_bash_decorator' retrieved from /home/user/Desktop/airflowproj/py_env/lib/python3.10/site-packages/airflow/example_dags/example_bash_decorator.py
[2024-06-18T13:01:56.960+0400] {logging_mixin.py:188} INFO - [2024-06-18T13:01:56.960+0400] {dag.py:3096} INFO - Sync 1 DAGs
[2024-06-18T13:01:56.966+0400] {logging_mixin.py:188} INFO - [2024-06-18T13:01:56.966+0400] {dag.py:3954} INFO - Setting next_dagrun for example_bash_decorator to None, run_after=None
[2024-06-18T13:01:56.980+0400] {processor.py:183} INFO - Processing /home/user/Desktop/airflowproj/py_env/lib/python3.10/site-packages/airflow/example_dags/example_bash_decorator.py took 0.046 seconds
[2024-06-18T13:02:56.364+0400] {processor.py:161} INFO - Started process (PID=53008) to work on /home/user/Desktop/airflowproj/py_env/lib/python3.10/site-packages/airflow/example_dags/example_bash_decorator.py
[2024-06-18T13:02:56.366+0400] {processor.py:830} INFO - Processing file /home/user/Desktop/airflowproj/py_env/lib/python3.10/site-packages/airflow/example_dags/example_bash_decorator.py for tasks to queue
[2024-06-18T13:02:56.367+0400] {logging_mixin.py:188} INFO - [2024-06-18T13:02:56.367+0400] {dagbag.py:545} INFO - Filling up the DagBag from /home/user/Desktop/airflowproj/py_env/lib/python3.10/site-packages/airflow/example_dags/example_bash_decorator.py
[2024-06-18T13:02:56.379+0400] {processor.py:840} INFO - DAG(s) 'example_bash_decorator' retrieved from /home/user/Desktop/airflowproj/py_env/lib/python3.10/site-packages/airflow/example_dags/example_bash_decorator.py
[2024-06-18T13:02:56.393+0400] {logging_mixin.py:188} INFO - [2024-06-18T13:02:56.393+0400] {dag.py:3096} INFO - Sync 1 DAGs
[2024-06-18T13:02:56.401+0400] {logging_mixin.py:188} INFO - [2024-06-18T13:02:56.401+0400] {dag.py:3954} INFO - Setting next_dagrun for example_bash_decorator to None, run_after=None
[2024-06-18T13:02:56.415+0400] {processor.py:183} INFO - Processing /home/user/Desktop/airflowproj/py_env/lib/python3.10/site-packages/airflow/example_dags/example_bash_decorator.py took 0.056 seconds
[2024-06-18T13:03:54.303+0400] {processor.py:161} INFO - Started process (PID=53208) to work on /home/user/Desktop/airflowproj/py_env/lib/python3.10/site-packages/airflow/example_dags/example_bash_decorator.py
[2024-06-18T13:03:54.304+0400] {processor.py:830} INFO - Processing file /home/user/Desktop/airflowproj/py_env/lib/python3.10/site-packages/airflow/example_dags/example_bash_decorator.py for tasks to queue
[2024-06-18T13:03:54.305+0400] {logging_mixin.py:188} INFO - [2024-06-18T13:03:54.305+0400] {dagbag.py:545} INFO - Filling up the DagBag from /home/user/Desktop/airflowproj/py_env/lib/python3.10/site-packages/airflow/example_dags/example_bash_decorator.py
[2024-06-18T13:03:54.312+0400] {processor.py:840} INFO - DAG(s) 'example_bash_decorator' retrieved from /home/user/Desktop/airflowproj/py_env/lib/python3.10/site-packages/airflow/example_dags/example_bash_decorator.py
[2024-06-18T13:03:54.322+0400] {logging_mixin.py:188} INFO - [2024-06-18T13:03:54.322+0400] {dag.py:3096} INFO - Sync 1 DAGs
[2024-06-18T13:03:54.328+0400] {logging_mixin.py:188} INFO - [2024-06-18T13:03:54.328+0400] {dag.py:3954} INFO - Setting next_dagrun for example_bash_decorator to None, run_after=None
[2024-06-18T13:03:54.340+0400] {processor.py:183} INFO - Processing /home/user/Desktop/airflowproj/py_env/lib/python3.10/site-packages/airflow/example_dags/example_bash_decorator.py took 0.040 seconds
[2024-06-18T13:04:52.984+0400] {processor.py:161} INFO - Started process (PID=53426) to work on /home/user/Desktop/airflowproj/py_env/lib/python3.10/site-packages/airflow/example_dags/example_bash_decorator.py
[2024-06-18T13:04:52.986+0400] {processor.py:830} INFO - Processing file /home/user/Desktop/airflowproj/py_env/lib/python3.10/site-packages/airflow/example_dags/example_bash_decorator.py for tasks to queue
[2024-06-18T13:04:52.987+0400] {logging_mixin.py:188} INFO - [2024-06-18T13:04:52.987+0400] {dagbag.py:545} INFO - Filling up the DagBag from /home/user/Desktop/airflowproj/py_env/lib/python3.10/site-packages/airflow/example_dags/example_bash_decorator.py
[2024-06-18T13:04:52.994+0400] {processor.py:840} INFO - DAG(s) 'example_bash_decorator' retrieved from /home/user/Desktop/airflowproj/py_env/lib/python3.10/site-packages/airflow/example_dags/example_bash_decorator.py
[2024-06-18T13:04:53.003+0400] {logging_mixin.py:188} INFO - [2024-06-18T13:04:53.003+0400] {dag.py:3096} INFO - Sync 1 DAGs
[2024-06-18T13:04:53.008+0400] {logging_mixin.py:188} INFO - [2024-06-18T13:04:53.008+0400] {dag.py:3954} INFO - Setting next_dagrun for example_bash_decorator to None, run_after=None
[2024-06-18T13:04:53.021+0400] {processor.py:183} INFO - Processing /home/user/Desktop/airflowproj/py_env/lib/python3.10/site-packages/airflow/example_dags/example_bash_decorator.py took 0.041 seconds
[2024-06-18T13:05:49.309+0400] {processor.py:161} INFO - Started process (PID=53658) to work on /home/user/Desktop/airflowproj/py_env/lib/python3.10/site-packages/airflow/example_dags/example_bash_decorator.py
[2024-06-18T13:05:49.312+0400] {processor.py:830} INFO - Processing file /home/user/Desktop/airflowproj/py_env/lib/python3.10/site-packages/airflow/example_dags/example_bash_decorator.py for tasks to queue
[2024-06-18T13:05:49.313+0400] {logging_mixin.py:188} INFO - [2024-06-18T13:05:49.313+0400] {dagbag.py:545} INFO - Filling up the DagBag from /home/user/Desktop/airflowproj/py_env/lib/python3.10/site-packages/airflow/example_dags/example_bash_decorator.py
[2024-06-18T13:05:49.320+0400] {processor.py:840} INFO - DAG(s) 'example_bash_decorator' retrieved from /home/user/Desktop/airflowproj/py_env/lib/python3.10/site-packages/airflow/example_dags/example_bash_decorator.py
[2024-06-18T13:05:49.329+0400] {logging_mixin.py:188} INFO - [2024-06-18T13:05:49.329+0400] {dag.py:3096} INFO - Sync 1 DAGs
[2024-06-18T13:05:49.334+0400] {logging_mixin.py:188} INFO - [2024-06-18T13:05:49.334+0400] {dag.py:3954} INFO - Setting next_dagrun for example_bash_decorator to None, run_after=None
[2024-06-18T13:05:49.347+0400] {processor.py:183} INFO - Processing /home/user/Desktop/airflowproj/py_env/lib/python3.10/site-packages/airflow/example_dags/example_bash_decorator.py took 0.042 seconds
[2024-06-18T13:06:48.775+0400] {processor.py:161} INFO - Started process (PID=53864) to work on /home/user/Desktop/airflowproj/py_env/lib/python3.10/site-packages/airflow/example_dags/example_bash_decorator.py
[2024-06-18T13:06:48.777+0400] {processor.py:830} INFO - Processing file /home/user/Desktop/airflowproj/py_env/lib/python3.10/site-packages/airflow/example_dags/example_bash_decorator.py for tasks to queue
[2024-06-18T13:06:48.778+0400] {logging_mixin.py:188} INFO - [2024-06-18T13:06:48.778+0400] {dagbag.py:545} INFO - Filling up the DagBag from /home/user/Desktop/airflowproj/py_env/lib/python3.10/site-packages/airflow/example_dags/example_bash_decorator.py
[2024-06-18T13:06:48.785+0400] {processor.py:840} INFO - DAG(s) 'example_bash_decorator' retrieved from /home/user/Desktop/airflowproj/py_env/lib/python3.10/site-packages/airflow/example_dags/example_bash_decorator.py
[2024-06-18T13:06:48.794+0400] {logging_mixin.py:188} INFO - [2024-06-18T13:06:48.794+0400] {dag.py:3096} INFO - Sync 1 DAGs
[2024-06-18T13:06:48.799+0400] {logging_mixin.py:188} INFO - [2024-06-18T13:06:48.799+0400] {dag.py:3954} INFO - Setting next_dagrun for example_bash_decorator to None, run_after=None
[2024-06-18T13:06:48.813+0400] {processor.py:183} INFO - Processing /home/user/Desktop/airflowproj/py_env/lib/python3.10/site-packages/airflow/example_dags/example_bash_decorator.py took 0.043 seconds
[2024-06-18T13:07:50.484+0400] {processor.py:161} INFO - Started process (PID=54106) to work on /home/user/Desktop/airflowproj/py_env/lib/python3.10/site-packages/airflow/example_dags/example_bash_decorator.py
[2024-06-18T13:07:50.485+0400] {processor.py:830} INFO - Processing file /home/user/Desktop/airflowproj/py_env/lib/python3.10/site-packages/airflow/example_dags/example_bash_decorator.py for tasks to queue
[2024-06-18T13:07:50.486+0400] {logging_mixin.py:188} INFO - [2024-06-18T13:07:50.486+0400] {dagbag.py:545} INFO - Filling up the DagBag from /home/user/Desktop/airflowproj/py_env/lib/python3.10/site-packages/airflow/example_dags/example_bash_decorator.py
[2024-06-18T13:07:50.493+0400] {processor.py:840} INFO - DAG(s) 'example_bash_decorator' retrieved from /home/user/Desktop/airflowproj/py_env/lib/python3.10/site-packages/airflow/example_dags/example_bash_decorator.py
[2024-06-18T13:07:50.502+0400] {logging_mixin.py:188} INFO - [2024-06-18T13:07:50.501+0400] {dag.py:3096} INFO - Sync 1 DAGs
[2024-06-18T13:07:50.507+0400] {logging_mixin.py:188} INFO - [2024-06-18T13:07:50.507+0400] {dag.py:3954} INFO - Setting next_dagrun for example_bash_decorator to None, run_after=None
[2024-06-18T13:07:50.520+0400] {processor.py:183} INFO - Processing /home/user/Desktop/airflowproj/py_env/lib/python3.10/site-packages/airflow/example_dags/example_bash_decorator.py took 0.038 seconds
[2024-06-18T13:08:51.022+0400] {processor.py:161} INFO - Started process (PID=54326) to work on /home/user/Desktop/airflowproj/py_env/lib/python3.10/site-packages/airflow/example_dags/example_bash_decorator.py
[2024-06-18T13:08:51.023+0400] {processor.py:830} INFO - Processing file /home/user/Desktop/airflowproj/py_env/lib/python3.10/site-packages/airflow/example_dags/example_bash_decorator.py for tasks to queue
[2024-06-18T13:08:51.023+0400] {logging_mixin.py:188} INFO - [2024-06-18T13:08:51.023+0400] {dagbag.py:545} INFO - Filling up the DagBag from /home/user/Desktop/airflowproj/py_env/lib/python3.10/site-packages/airflow/example_dags/example_bash_decorator.py
[2024-06-18T13:08:51.030+0400] {processor.py:840} INFO - DAG(s) 'example_bash_decorator' retrieved from /home/user/Desktop/airflowproj/py_env/lib/python3.10/site-packages/airflow/example_dags/example_bash_decorator.py
[2024-06-18T13:08:51.039+0400] {logging_mixin.py:188} INFO - [2024-06-18T13:08:51.039+0400] {dag.py:3096} INFO - Sync 1 DAGs
[2024-06-18T13:08:51.044+0400] {logging_mixin.py:188} INFO - [2024-06-18T13:08:51.044+0400] {dag.py:3954} INFO - Setting next_dagrun for example_bash_decorator to None, run_after=None
[2024-06-18T13:08:51.057+0400] {processor.py:183} INFO - Processing /home/user/Desktop/airflowproj/py_env/lib/python3.10/site-packages/airflow/example_dags/example_bash_decorator.py took 0.039 seconds
[2024-06-18T13:09:48.940+0400] {processor.py:161} INFO - Started process (PID=54580) to work on /home/user/Desktop/airflowproj/py_env/lib/python3.10/site-packages/airflow/example_dags/example_bash_decorator.py
[2024-06-18T13:09:48.940+0400] {processor.py:830} INFO - Processing file /home/user/Desktop/airflowproj/py_env/lib/python3.10/site-packages/airflow/example_dags/example_bash_decorator.py for tasks to queue
[2024-06-18T13:09:48.941+0400] {logging_mixin.py:188} INFO - [2024-06-18T13:09:48.941+0400] {dagbag.py:545} INFO - Filling up the DagBag from /home/user/Desktop/airflowproj/py_env/lib/python3.10/site-packages/airflow/example_dags/example_bash_decorator.py
[2024-06-18T13:09:48.949+0400] {processor.py:840} INFO - DAG(s) 'example_bash_decorator' retrieved from /home/user/Desktop/airflowproj/py_env/lib/python3.10/site-packages/airflow/example_dags/example_bash_decorator.py
[2024-06-18T13:09:48.958+0400] {logging_mixin.py:188} INFO - [2024-06-18T13:09:48.958+0400] {dag.py:3096} INFO - Sync 1 DAGs
[2024-06-18T13:09:48.963+0400] {logging_mixin.py:188} INFO - [2024-06-18T13:09:48.963+0400] {dag.py:3954} INFO - Setting next_dagrun for example_bash_decorator to None, run_after=None
[2024-06-18T13:09:48.976+0400] {processor.py:183} INFO - Processing /home/user/Desktop/airflowproj/py_env/lib/python3.10/site-packages/airflow/example_dags/example_bash_decorator.py took 0.040 seconds
[2024-06-18T13:10:52.044+0400] {processor.py:161} INFO - Started process (PID=54793) to work on /home/user/Desktop/airflowproj/py_env/lib/python3.10/site-packages/airflow/example_dags/example_bash_decorator.py
[2024-06-18T13:10:52.046+0400] {processor.py:830} INFO - Processing file /home/user/Desktop/airflowproj/py_env/lib/python3.10/site-packages/airflow/example_dags/example_bash_decorator.py for tasks to queue
[2024-06-18T13:10:52.048+0400] {logging_mixin.py:188} INFO - [2024-06-18T13:10:52.047+0400] {dagbag.py:545} INFO - Filling up the DagBag from /home/user/Desktop/airflowproj/py_env/lib/python3.10/site-packages/airflow/example_dags/example_bash_decorator.py
[2024-06-18T13:10:52.056+0400] {processor.py:840} INFO - DAG(s) 'example_bash_decorator' retrieved from /home/user/Desktop/airflowproj/py_env/lib/python3.10/site-packages/airflow/example_dags/example_bash_decorator.py
[2024-06-18T13:10:52.064+0400] {logging_mixin.py:188} INFO - [2024-06-18T13:10:52.064+0400] {dag.py:3096} INFO - Sync 1 DAGs
[2024-06-18T13:10:52.069+0400] {logging_mixin.py:188} INFO - [2024-06-18T13:10:52.069+0400] {dag.py:3954} INFO - Setting next_dagrun for example_bash_decorator to None, run_after=None
[2024-06-18T13:10:52.083+0400] {processor.py:183} INFO - Processing /home/user/Desktop/airflowproj/py_env/lib/python3.10/site-packages/airflow/example_dags/example_bash_decorator.py took 0.042 seconds
[2024-06-18T13:11:50.902+0400] {processor.py:161} INFO - Started process (PID=54997) to work on /home/user/Desktop/airflowproj/py_env/lib/python3.10/site-packages/airflow/example_dags/example_bash_decorator.py
[2024-06-18T13:11:50.904+0400] {processor.py:830} INFO - Processing file /home/user/Desktop/airflowproj/py_env/lib/python3.10/site-packages/airflow/example_dags/example_bash_decorator.py for tasks to queue
[2024-06-18T13:11:50.906+0400] {logging_mixin.py:188} INFO - [2024-06-18T13:11:50.906+0400] {dagbag.py:545} INFO - Filling up the DagBag from /home/user/Desktop/airflowproj/py_env/lib/python3.10/site-packages/airflow/example_dags/example_bash_decorator.py
[2024-06-18T13:11:50.913+0400] {processor.py:840} INFO - DAG(s) 'example_bash_decorator' retrieved from /home/user/Desktop/airflowproj/py_env/lib/python3.10/site-packages/airflow/example_dags/example_bash_decorator.py
[2024-06-18T13:11:50.921+0400] {logging_mixin.py:188} INFO - [2024-06-18T13:11:50.921+0400] {dag.py:3096} INFO - Sync 1 DAGs
[2024-06-18T13:11:50.926+0400] {logging_mixin.py:188} INFO - [2024-06-18T13:11:50.926+0400] {dag.py:3954} INFO - Setting next_dagrun for example_bash_decorator to None, run_after=None
[2024-06-18T13:11:50.938+0400] {processor.py:183} INFO - Processing /home/user/Desktop/airflowproj/py_env/lib/python3.10/site-packages/airflow/example_dags/example_bash_decorator.py took 0.040 seconds
[2024-06-18T13:12:51.284+0400] {processor.py:161} INFO - Started process (PID=55230) to work on /home/user/Desktop/airflowproj/py_env/lib/python3.10/site-packages/airflow/example_dags/example_bash_decorator.py
[2024-06-18T13:12:51.286+0400] {processor.py:830} INFO - Processing file /home/user/Desktop/airflowproj/py_env/lib/python3.10/site-packages/airflow/example_dags/example_bash_decorator.py for tasks to queue
[2024-06-18T13:12:51.287+0400] {logging_mixin.py:188} INFO - [2024-06-18T13:12:51.287+0400] {dagbag.py:545} INFO - Filling up the DagBag from /home/user/Desktop/airflowproj/py_env/lib/python3.10/site-packages/airflow/example_dags/example_bash_decorator.py
[2024-06-18T13:12:51.295+0400] {processor.py:840} INFO - DAG(s) 'example_bash_decorator' retrieved from /home/user/Desktop/airflowproj/py_env/lib/python3.10/site-packages/airflow/example_dags/example_bash_decorator.py
[2024-06-18T13:12:51.304+0400] {logging_mixin.py:188} INFO - [2024-06-18T13:12:51.304+0400] {dag.py:3096} INFO - Sync 1 DAGs
[2024-06-18T13:12:51.310+0400] {logging_mixin.py:188} INFO - [2024-06-18T13:12:51.310+0400] {dag.py:3954} INFO - Setting next_dagrun for example_bash_decorator to None, run_after=None
[2024-06-18T13:12:51.323+0400] {processor.py:183} INFO - Processing /home/user/Desktop/airflowproj/py_env/lib/python3.10/site-packages/airflow/example_dags/example_bash_decorator.py took 0.044 seconds
[2024-06-18T13:13:51.476+0400] {processor.py:161} INFO - Started process (PID=55439) to work on /home/user/Desktop/airflowproj/py_env/lib/python3.10/site-packages/airflow/example_dags/example_bash_decorator.py
[2024-06-18T13:13:51.478+0400] {processor.py:830} INFO - Processing file /home/user/Desktop/airflowproj/py_env/lib/python3.10/site-packages/airflow/example_dags/example_bash_decorator.py for tasks to queue
[2024-06-18T13:13:51.479+0400] {logging_mixin.py:188} INFO - [2024-06-18T13:13:51.479+0400] {dagbag.py:545} INFO - Filling up the DagBag from /home/user/Desktop/airflowproj/py_env/lib/python3.10/site-packages/airflow/example_dags/example_bash_decorator.py
[2024-06-18T13:13:51.485+0400] {processor.py:840} INFO - DAG(s) 'example_bash_decorator' retrieved from /home/user/Desktop/airflowproj/py_env/lib/python3.10/site-packages/airflow/example_dags/example_bash_decorator.py
[2024-06-18T13:13:51.494+0400] {logging_mixin.py:188} INFO - [2024-06-18T13:13:51.494+0400] {dag.py:3096} INFO - Sync 1 DAGs
[2024-06-18T13:13:51.499+0400] {logging_mixin.py:188} INFO - [2024-06-18T13:13:51.499+0400] {dag.py:3954} INFO - Setting next_dagrun for example_bash_decorator to None, run_after=None
[2024-06-18T13:13:51.514+0400] {processor.py:183} INFO - Processing /home/user/Desktop/airflowproj/py_env/lib/python3.10/site-packages/airflow/example_dags/example_bash_decorator.py took 0.042 seconds
[2024-06-18T13:14:48.123+0400] {processor.py:161} INFO - Started process (PID=55650) to work on /home/user/Desktop/airflowproj/py_env/lib/python3.10/site-packages/airflow/example_dags/example_bash_decorator.py
[2024-06-18T13:14:48.125+0400] {processor.py:830} INFO - Processing file /home/user/Desktop/airflowproj/py_env/lib/python3.10/site-packages/airflow/example_dags/example_bash_decorator.py for tasks to queue
[2024-06-18T13:14:48.126+0400] {logging_mixin.py:188} INFO - [2024-06-18T13:14:48.125+0400] {dagbag.py:545} INFO - Filling up the DagBag from /home/user/Desktop/airflowproj/py_env/lib/python3.10/site-packages/airflow/example_dags/example_bash_decorator.py
[2024-06-18T13:14:48.133+0400] {processor.py:840} INFO - DAG(s) 'example_bash_decorator' retrieved from /home/user/Desktop/airflowproj/py_env/lib/python3.10/site-packages/airflow/example_dags/example_bash_decorator.py
[2024-06-18T13:14:48.142+0400] {logging_mixin.py:188} INFO - [2024-06-18T13:14:48.142+0400] {dag.py:3096} INFO - Sync 1 DAGs
[2024-06-18T13:14:48.148+0400] {logging_mixin.py:188} INFO - [2024-06-18T13:14:48.148+0400] {dag.py:3954} INFO - Setting next_dagrun for example_bash_decorator to None, run_after=None
[2024-06-18T13:14:48.161+0400] {processor.py:183} INFO - Processing /home/user/Desktop/airflowproj/py_env/lib/python3.10/site-packages/airflow/example_dags/example_bash_decorator.py took 0.042 seconds
[2024-06-18T13:15:45.598+0400] {processor.py:161} INFO - Started process (PID=55837) to work on /home/user/Desktop/airflowproj/py_env/lib/python3.10/site-packages/airflow/example_dags/example_bash_decorator.py
[2024-06-18T13:15:45.601+0400] {processor.py:830} INFO - Processing file /home/user/Desktop/airflowproj/py_env/lib/python3.10/site-packages/airflow/example_dags/example_bash_decorator.py for tasks to queue
[2024-06-18T13:15:45.602+0400] {logging_mixin.py:188} INFO - [2024-06-18T13:15:45.602+0400] {dagbag.py:545} INFO - Filling up the DagBag from /home/user/Desktop/airflowproj/py_env/lib/python3.10/site-packages/airflow/example_dags/example_bash_decorator.py
[2024-06-18T13:15:45.609+0400] {processor.py:840} INFO - DAG(s) 'example_bash_decorator' retrieved from /home/user/Desktop/airflowproj/py_env/lib/python3.10/site-packages/airflow/example_dags/example_bash_decorator.py
[2024-06-18T13:15:45.618+0400] {logging_mixin.py:188} INFO - [2024-06-18T13:15:45.618+0400] {dag.py:3096} INFO - Sync 1 DAGs
[2024-06-18T13:15:45.623+0400] {logging_mixin.py:188} INFO - [2024-06-18T13:15:45.623+0400] {dag.py:3954} INFO - Setting next_dagrun for example_bash_decorator to None, run_after=None
[2024-06-18T13:15:45.638+0400] {processor.py:183} INFO - Processing /home/user/Desktop/airflowproj/py_env/lib/python3.10/site-packages/airflow/example_dags/example_bash_decorator.py took 0.044 seconds
[2024-06-18T13:16:47.581+0400] {processor.py:161} INFO - Started process (PID=56067) to work on /home/user/Desktop/airflowproj/py_env/lib/python3.10/site-packages/airflow/example_dags/example_bash_decorator.py
[2024-06-18T13:16:47.584+0400] {processor.py:830} INFO - Processing file /home/user/Desktop/airflowproj/py_env/lib/python3.10/site-packages/airflow/example_dags/example_bash_decorator.py for tasks to queue
[2024-06-18T13:16:47.585+0400] {logging_mixin.py:188} INFO - [2024-06-18T13:16:47.585+0400] {dagbag.py:545} INFO - Filling up the DagBag from /home/user/Desktop/airflowproj/py_env/lib/python3.10/site-packages/airflow/example_dags/example_bash_decorator.py
[2024-06-18T13:16:47.592+0400] {processor.py:840} INFO - DAG(s) 'example_bash_decorator' retrieved from /home/user/Desktop/airflowproj/py_env/lib/python3.10/site-packages/airflow/example_dags/example_bash_decorator.py
[2024-06-18T13:16:47.601+0400] {logging_mixin.py:188} INFO - [2024-06-18T13:16:47.601+0400] {dag.py:3096} INFO - Sync 1 DAGs
[2024-06-18T13:16:47.606+0400] {logging_mixin.py:188} INFO - [2024-06-18T13:16:47.606+0400] {dag.py:3954} INFO - Setting next_dagrun for example_bash_decorator to None, run_after=None
[2024-06-18T13:16:47.619+0400] {processor.py:183} INFO - Processing /home/user/Desktop/airflowproj/py_env/lib/python3.10/site-packages/airflow/example_dags/example_bash_decorator.py took 0.042 seconds
[2024-06-18T13:17:41.853+0400] {processor.py:161} INFO - Started process (PID=56277) to work on /home/user/Desktop/airflowproj/py_env/lib/python3.10/site-packages/airflow/example_dags/example_bash_decorator.py
[2024-06-18T13:17:41.854+0400] {processor.py:830} INFO - Processing file /home/user/Desktop/airflowproj/py_env/lib/python3.10/site-packages/airflow/example_dags/example_bash_decorator.py for tasks to queue
[2024-06-18T13:17:41.855+0400] {logging_mixin.py:188} INFO - [2024-06-18T13:17:41.854+0400] {dagbag.py:545} INFO - Filling up the DagBag from /home/user/Desktop/airflowproj/py_env/lib/python3.10/site-packages/airflow/example_dags/example_bash_decorator.py
[2024-06-18T13:17:41.861+0400] {processor.py:840} INFO - DAG(s) 'example_bash_decorator' retrieved from /home/user/Desktop/airflowproj/py_env/lib/python3.10/site-packages/airflow/example_dags/example_bash_decorator.py
[2024-06-18T13:17:41.870+0400] {logging_mixin.py:188} INFO - [2024-06-18T13:17:41.870+0400] {dag.py:3096} INFO - Sync 1 DAGs
[2024-06-18T13:17:41.876+0400] {logging_mixin.py:188} INFO - [2024-06-18T13:17:41.876+0400] {dag.py:3954} INFO - Setting next_dagrun for example_bash_decorator to None, run_after=None
[2024-06-18T13:17:41.890+0400] {processor.py:183} INFO - Processing /home/user/Desktop/airflowproj/py_env/lib/python3.10/site-packages/airflow/example_dags/example_bash_decorator.py took 0.041 seconds
[2024-06-18T13:18:42.196+0400] {processor.py:161} INFO - Started process (PID=56487) to work on /home/user/Desktop/airflowproj/py_env/lib/python3.10/site-packages/airflow/example_dags/example_bash_decorator.py
[2024-06-18T13:18:42.196+0400] {processor.py:830} INFO - Processing file /home/user/Desktop/airflowproj/py_env/lib/python3.10/site-packages/airflow/example_dags/example_bash_decorator.py for tasks to queue
[2024-06-18T13:18:42.197+0400] {logging_mixin.py:188} INFO - [2024-06-18T13:18:42.197+0400] {dagbag.py:545} INFO - Filling up the DagBag from /home/user/Desktop/airflowproj/py_env/lib/python3.10/site-packages/airflow/example_dags/example_bash_decorator.py
[2024-06-18T13:18:42.203+0400] {processor.py:840} INFO - DAG(s) 'example_bash_decorator' retrieved from /home/user/Desktop/airflowproj/py_env/lib/python3.10/site-packages/airflow/example_dags/example_bash_decorator.py
[2024-06-18T13:18:42.211+0400] {logging_mixin.py:188} INFO - [2024-06-18T13:18:42.211+0400] {dag.py:3096} INFO - Sync 1 DAGs
[2024-06-18T13:18:42.216+0400] {logging_mixin.py:188} INFO - [2024-06-18T13:18:42.216+0400] {dag.py:3954} INFO - Setting next_dagrun for example_bash_decorator to None, run_after=None
[2024-06-18T13:18:42.228+0400] {processor.py:183} INFO - Processing /home/user/Desktop/airflowproj/py_env/lib/python3.10/site-packages/airflow/example_dags/example_bash_decorator.py took 0.037 seconds
[2024-06-18T13:19:41.109+0400] {processor.py:161} INFO - Started process (PID=56691) to work on /home/user/Desktop/airflowproj/py_env/lib/python3.10/site-packages/airflow/example_dags/example_bash_decorator.py
[2024-06-18T13:19:41.111+0400] {processor.py:830} INFO - Processing file /home/user/Desktop/airflowproj/py_env/lib/python3.10/site-packages/airflow/example_dags/example_bash_decorator.py for tasks to queue
[2024-06-18T13:19:41.112+0400] {logging_mixin.py:188} INFO - [2024-06-18T13:19:41.112+0400] {dagbag.py:545} INFO - Filling up the DagBag from /home/user/Desktop/airflowproj/py_env/lib/python3.10/site-packages/airflow/example_dags/example_bash_decorator.py
[2024-06-18T13:19:41.119+0400] {processor.py:840} INFO - DAG(s) 'example_bash_decorator' retrieved from /home/user/Desktop/airflowproj/py_env/lib/python3.10/site-packages/airflow/example_dags/example_bash_decorator.py
[2024-06-18T13:19:41.128+0400] {logging_mixin.py:188} INFO - [2024-06-18T13:19:41.128+0400] {dag.py:3096} INFO - Sync 1 DAGs
[2024-06-18T13:19:41.133+0400] {logging_mixin.py:188} INFO - [2024-06-18T13:19:41.133+0400] {dag.py:3954} INFO - Setting next_dagrun for example_bash_decorator to None, run_after=None
[2024-06-18T13:19:41.146+0400] {processor.py:183} INFO - Processing /home/user/Desktop/airflowproj/py_env/lib/python3.10/site-packages/airflow/example_dags/example_bash_decorator.py took 0.044 seconds
[2024-06-18T13:20:39.932+0400] {processor.py:161} INFO - Started process (PID=56893) to work on /home/user/Desktop/airflowproj/py_env/lib/python3.10/site-packages/airflow/example_dags/example_bash_decorator.py
[2024-06-18T13:20:39.933+0400] {processor.py:830} INFO - Processing file /home/user/Desktop/airflowproj/py_env/lib/python3.10/site-packages/airflow/example_dags/example_bash_decorator.py for tasks to queue
[2024-06-18T13:20:39.933+0400] {logging_mixin.py:188} INFO - [2024-06-18T13:20:39.933+0400] {dagbag.py:545} INFO - Filling up the DagBag from /home/user/Desktop/airflowproj/py_env/lib/python3.10/site-packages/airflow/example_dags/example_bash_decorator.py
[2024-06-18T13:20:39.939+0400] {processor.py:840} INFO - DAG(s) 'example_bash_decorator' retrieved from /home/user/Desktop/airflowproj/py_env/lib/python3.10/site-packages/airflow/example_dags/example_bash_decorator.py
[2024-06-18T13:20:39.948+0400] {logging_mixin.py:188} INFO - [2024-06-18T13:20:39.947+0400] {dag.py:3096} INFO - Sync 1 DAGs
[2024-06-18T13:20:39.952+0400] {logging_mixin.py:188} INFO - [2024-06-18T13:20:39.952+0400] {dag.py:3954} INFO - Setting next_dagrun for example_bash_decorator to None, run_after=None
[2024-06-18T13:20:39.968+0400] {processor.py:183} INFO - Processing /home/user/Desktop/airflowproj/py_env/lib/python3.10/site-packages/airflow/example_dags/example_bash_decorator.py took 0.038 seconds
[2024-06-18T13:21:38.964+0400] {processor.py:161} INFO - Started process (PID=57082) to work on /home/user/Desktop/airflowproj/py_env/lib/python3.10/site-packages/airflow/example_dags/example_bash_decorator.py
[2024-06-18T13:21:38.966+0400] {processor.py:830} INFO - Processing file /home/user/Desktop/airflowproj/py_env/lib/python3.10/site-packages/airflow/example_dags/example_bash_decorator.py for tasks to queue
[2024-06-18T13:21:38.967+0400] {logging_mixin.py:188} INFO - [2024-06-18T13:21:38.967+0400] {dagbag.py:545} INFO - Filling up the DagBag from /home/user/Desktop/airflowproj/py_env/lib/python3.10/site-packages/airflow/example_dags/example_bash_decorator.py
[2024-06-18T13:21:38.975+0400] {processor.py:840} INFO - DAG(s) 'example_bash_decorator' retrieved from /home/user/Desktop/airflowproj/py_env/lib/python3.10/site-packages/airflow/example_dags/example_bash_decorator.py
[2024-06-18T13:21:38.984+0400] {logging_mixin.py:188} INFO - [2024-06-18T13:21:38.983+0400] {dag.py:3096} INFO - Sync 1 DAGs
[2024-06-18T13:21:38.989+0400] {logging_mixin.py:188} INFO - [2024-06-18T13:21:38.989+0400] {dag.py:3954} INFO - Setting next_dagrun for example_bash_decorator to None, run_after=None
[2024-06-18T13:21:39.002+0400] {processor.py:183} INFO - Processing /home/user/Desktop/airflowproj/py_env/lib/python3.10/site-packages/airflow/example_dags/example_bash_decorator.py took 0.043 seconds
[2024-06-18T13:22:39.994+0400] {processor.py:161} INFO - Started process (PID=57299) to work on /home/user/Desktop/airflowproj/py_env/lib/python3.10/site-packages/airflow/example_dags/example_bash_decorator.py
[2024-06-18T13:22:39.996+0400] {processor.py:830} INFO - Processing file /home/user/Desktop/airflowproj/py_env/lib/python3.10/site-packages/airflow/example_dags/example_bash_decorator.py for tasks to queue
[2024-06-18T13:22:39.998+0400] {logging_mixin.py:188} INFO - [2024-06-18T13:22:39.997+0400] {dagbag.py:545} INFO - Filling up the DagBag from /home/user/Desktop/airflowproj/py_env/lib/python3.10/site-packages/airflow/example_dags/example_bash_decorator.py
[2024-06-18T13:22:40.004+0400] {processor.py:840} INFO - DAG(s) 'example_bash_decorator' retrieved from /home/user/Desktop/airflowproj/py_env/lib/python3.10/site-packages/airflow/example_dags/example_bash_decorator.py
[2024-06-18T13:22:40.012+0400] {logging_mixin.py:188} INFO - [2024-06-18T13:22:40.012+0400] {dag.py:3096} INFO - Sync 1 DAGs
[2024-06-18T13:22:40.017+0400] {logging_mixin.py:188} INFO - [2024-06-18T13:22:40.017+0400] {dag.py:3954} INFO - Setting next_dagrun for example_bash_decorator to None, run_after=None
[2024-06-18T13:22:40.030+0400] {processor.py:183} INFO - Processing /home/user/Desktop/airflowproj/py_env/lib/python3.10/site-packages/airflow/example_dags/example_bash_decorator.py took 0.040 seconds
[2024-06-18T13:23:38.899+0400] {processor.py:161} INFO - Started process (PID=57521) to work on /home/user/Desktop/airflowproj/py_env/lib/python3.10/site-packages/airflow/example_dags/example_bash_decorator.py
[2024-06-18T13:23:38.902+0400] {processor.py:830} INFO - Processing file /home/user/Desktop/airflowproj/py_env/lib/python3.10/site-packages/airflow/example_dags/example_bash_decorator.py for tasks to queue
[2024-06-18T13:23:38.903+0400] {logging_mixin.py:188} INFO - [2024-06-18T13:23:38.903+0400] {dagbag.py:545} INFO - Filling up the DagBag from /home/user/Desktop/airflowproj/py_env/lib/python3.10/site-packages/airflow/example_dags/example_bash_decorator.py
[2024-06-18T13:23:38.912+0400] {processor.py:840} INFO - DAG(s) 'example_bash_decorator' retrieved from /home/user/Desktop/airflowproj/py_env/lib/python3.10/site-packages/airflow/example_dags/example_bash_decorator.py
[2024-06-18T13:23:38.921+0400] {logging_mixin.py:188} INFO - [2024-06-18T13:23:38.921+0400] {dag.py:3096} INFO - Sync 1 DAGs
[2024-06-18T13:23:38.926+0400] {logging_mixin.py:188} INFO - [2024-06-18T13:23:38.926+0400] {dag.py:3954} INFO - Setting next_dagrun for example_bash_decorator to None, run_after=None
[2024-06-18T13:23:38.939+0400] {processor.py:183} INFO - Processing /home/user/Desktop/airflowproj/py_env/lib/python3.10/site-packages/airflow/example_dags/example_bash_decorator.py took 0.044 seconds
[2024-06-18T13:24:35.469+0400] {processor.py:161} INFO - Started process (PID=57721) to work on /home/user/Desktop/airflowproj/py_env/lib/python3.10/site-packages/airflow/example_dags/example_bash_decorator.py
[2024-06-18T13:24:35.471+0400] {processor.py:830} INFO - Processing file /home/user/Desktop/airflowproj/py_env/lib/python3.10/site-packages/airflow/example_dags/example_bash_decorator.py for tasks to queue
[2024-06-18T13:24:35.472+0400] {logging_mixin.py:188} INFO - [2024-06-18T13:24:35.472+0400] {dagbag.py:545} INFO - Filling up the DagBag from /home/user/Desktop/airflowproj/py_env/lib/python3.10/site-packages/airflow/example_dags/example_bash_decorator.py
[2024-06-18T13:24:35.479+0400] {processor.py:840} INFO - DAG(s) 'example_bash_decorator' retrieved from /home/user/Desktop/airflowproj/py_env/lib/python3.10/site-packages/airflow/example_dags/example_bash_decorator.py
[2024-06-18T13:24:35.489+0400] {logging_mixin.py:188} INFO - [2024-06-18T13:24:35.489+0400] {dag.py:3096} INFO - Sync 1 DAGs
[2024-06-18T13:24:35.494+0400] {logging_mixin.py:188} INFO - [2024-06-18T13:24:35.494+0400] {dag.py:3954} INFO - Setting next_dagrun for example_bash_decorator to None, run_after=None
[2024-06-18T13:24:35.508+0400] {processor.py:183} INFO - Processing /home/user/Desktop/airflowproj/py_env/lib/python3.10/site-packages/airflow/example_dags/example_bash_decorator.py took 0.043 seconds
[2024-06-18T13:25:33.160+0400] {processor.py:161} INFO - Started process (PID=57918) to work on /home/user/Desktop/airflowproj/py_env/lib/python3.10/site-packages/airflow/example_dags/example_bash_decorator.py
[2024-06-18T13:25:33.162+0400] {processor.py:830} INFO - Processing file /home/user/Desktop/airflowproj/py_env/lib/python3.10/site-packages/airflow/example_dags/example_bash_decorator.py for tasks to queue
[2024-06-18T13:25:33.163+0400] {logging_mixin.py:188} INFO - [2024-06-18T13:25:33.163+0400] {dagbag.py:545} INFO - Filling up the DagBag from /home/user/Desktop/airflowproj/py_env/lib/python3.10/site-packages/airflow/example_dags/example_bash_decorator.py
[2024-06-18T13:25:33.170+0400] {processor.py:840} INFO - DAG(s) 'example_bash_decorator' retrieved from /home/user/Desktop/airflowproj/py_env/lib/python3.10/site-packages/airflow/example_dags/example_bash_decorator.py
[2024-06-18T13:25:33.179+0400] {logging_mixin.py:188} INFO - [2024-06-18T13:25:33.179+0400] {dag.py:3096} INFO - Sync 1 DAGs
[2024-06-18T13:25:33.184+0400] {logging_mixin.py:188} INFO - [2024-06-18T13:25:33.184+0400] {dag.py:3954} INFO - Setting next_dagrun for example_bash_decorator to None, run_after=None
[2024-06-18T13:25:33.198+0400] {processor.py:183} INFO - Processing /home/user/Desktop/airflowproj/py_env/lib/python3.10/site-packages/airflow/example_dags/example_bash_decorator.py took 0.043 seconds
[2024-06-18T13:26:32.601+0400] {processor.py:161} INFO - Started process (PID=58107) to work on /home/user/Desktop/airflowproj/py_env/lib/python3.10/site-packages/airflow/example_dags/example_bash_decorator.py
[2024-06-18T13:26:32.603+0400] {processor.py:830} INFO - Processing file /home/user/Desktop/airflowproj/py_env/lib/python3.10/site-packages/airflow/example_dags/example_bash_decorator.py for tasks to queue
[2024-06-18T13:26:32.605+0400] {logging_mixin.py:188} INFO - [2024-06-18T13:26:32.604+0400] {dagbag.py:545} INFO - Filling up the DagBag from /home/user/Desktop/airflowproj/py_env/lib/python3.10/site-packages/airflow/example_dags/example_bash_decorator.py
[2024-06-18T13:26:32.611+0400] {processor.py:840} INFO - DAG(s) 'example_bash_decorator' retrieved from /home/user/Desktop/airflowproj/py_env/lib/python3.10/site-packages/airflow/example_dags/example_bash_decorator.py
[2024-06-18T13:26:32.620+0400] {logging_mixin.py:188} INFO - [2024-06-18T13:26:32.620+0400] {dag.py:3096} INFO - Sync 1 DAGs
[2024-06-18T13:26:32.625+0400] {logging_mixin.py:188} INFO - [2024-06-18T13:26:32.625+0400] {dag.py:3954} INFO - Setting next_dagrun for example_bash_decorator to None, run_after=None
[2024-06-18T13:26:32.639+0400] {processor.py:183} INFO - Processing /home/user/Desktop/airflowproj/py_env/lib/python3.10/site-packages/airflow/example_dags/example_bash_decorator.py took 0.042 seconds
[2024-06-18T13:27:29.169+0400] {processor.py:161} INFO - Started process (PID=58309) to work on /home/user/Desktop/airflowproj/py_env/lib/python3.10/site-packages/airflow/example_dags/example_bash_decorator.py
[2024-06-18T13:27:29.171+0400] {processor.py:830} INFO - Processing file /home/user/Desktop/airflowproj/py_env/lib/python3.10/site-packages/airflow/example_dags/example_bash_decorator.py for tasks to queue
[2024-06-18T13:27:29.172+0400] {logging_mixin.py:188} INFO - [2024-06-18T13:27:29.172+0400] {dagbag.py:545} INFO - Filling up the DagBag from /home/user/Desktop/airflowproj/py_env/lib/python3.10/site-packages/airflow/example_dags/example_bash_decorator.py
[2024-06-18T13:27:29.179+0400] {processor.py:840} INFO - DAG(s) 'example_bash_decorator' retrieved from /home/user/Desktop/airflowproj/py_env/lib/python3.10/site-packages/airflow/example_dags/example_bash_decorator.py
[2024-06-18T13:27:29.188+0400] {logging_mixin.py:188} INFO - [2024-06-18T13:27:29.188+0400] {dag.py:3096} INFO - Sync 1 DAGs
[2024-06-18T13:27:29.193+0400] {logging_mixin.py:188} INFO - [2024-06-18T13:27:29.193+0400] {dag.py:3954} INFO - Setting next_dagrun for example_bash_decorator to None, run_after=None
[2024-06-18T13:27:29.207+0400] {processor.py:183} INFO - Processing /home/user/Desktop/airflowproj/py_env/lib/python3.10/site-packages/airflow/example_dags/example_bash_decorator.py took 0.043 seconds
[2024-06-18T13:28:25.799+0400] {processor.py:161} INFO - Started process (PID=58543) to work on /home/user/Desktop/airflowproj/py_env/lib/python3.10/site-packages/airflow/example_dags/example_bash_decorator.py
[2024-06-18T13:28:25.802+0400] {processor.py:830} INFO - Processing file /home/user/Desktop/airflowproj/py_env/lib/python3.10/site-packages/airflow/example_dags/example_bash_decorator.py for tasks to queue
[2024-06-18T13:28:25.803+0400] {logging_mixin.py:188} INFO - [2024-06-18T13:28:25.803+0400] {dagbag.py:545} INFO - Filling up the DagBag from /home/user/Desktop/airflowproj/py_env/lib/python3.10/site-packages/airflow/example_dags/example_bash_decorator.py
[2024-06-18T13:28:25.810+0400] {processor.py:840} INFO - DAG(s) 'example_bash_decorator' retrieved from /home/user/Desktop/airflowproj/py_env/lib/python3.10/site-packages/airflow/example_dags/example_bash_decorator.py
[2024-06-18T13:28:25.819+0400] {logging_mixin.py:188} INFO - [2024-06-18T13:28:25.819+0400] {dag.py:3096} INFO - Sync 1 DAGs
[2024-06-18T13:28:25.824+0400] {logging_mixin.py:188} INFO - [2024-06-18T13:28:25.824+0400] {dag.py:3954} INFO - Setting next_dagrun for example_bash_decorator to None, run_after=None
[2024-06-18T13:28:25.838+0400] {processor.py:183} INFO - Processing /home/user/Desktop/airflowproj/py_env/lib/python3.10/site-packages/airflow/example_dags/example_bash_decorator.py took 0.043 seconds
[2024-06-18T13:29:22.197+0400] {processor.py:161} INFO - Started process (PID=58733) to work on /home/user/Desktop/airflowproj/py_env/lib/python3.10/site-packages/airflow/example_dags/example_bash_decorator.py
[2024-06-18T13:29:22.199+0400] {processor.py:830} INFO - Processing file /home/user/Desktop/airflowproj/py_env/lib/python3.10/site-packages/airflow/example_dags/example_bash_decorator.py for tasks to queue
[2024-06-18T13:29:22.200+0400] {logging_mixin.py:188} INFO - [2024-06-18T13:29:22.199+0400] {dagbag.py:545} INFO - Filling up the DagBag from /home/user/Desktop/airflowproj/py_env/lib/python3.10/site-packages/airflow/example_dags/example_bash_decorator.py
[2024-06-18T13:29:22.206+0400] {processor.py:840} INFO - DAG(s) 'example_bash_decorator' retrieved from /home/user/Desktop/airflowproj/py_env/lib/python3.10/site-packages/airflow/example_dags/example_bash_decorator.py
[2024-06-18T13:29:22.215+0400] {logging_mixin.py:188} INFO - [2024-06-18T13:29:22.215+0400] {dag.py:3096} INFO - Sync 1 DAGs
[2024-06-18T13:29:22.220+0400] {logging_mixin.py:188} INFO - [2024-06-18T13:29:22.220+0400] {dag.py:3954} INFO - Setting next_dagrun for example_bash_decorator to None, run_after=None
[2024-06-18T13:29:22.234+0400] {processor.py:183} INFO - Processing /home/user/Desktop/airflowproj/py_env/lib/python3.10/site-packages/airflow/example_dags/example_bash_decorator.py took 0.041 seconds
[2024-06-18T13:30:18.547+0400] {processor.py:161} INFO - Started process (PID=59012) to work on /home/user/Desktop/airflowproj/py_env/lib/python3.10/site-packages/airflow/example_dags/example_bash_decorator.py
[2024-06-18T13:30:18.549+0400] {processor.py:830} INFO - Processing file /home/user/Desktop/airflowproj/py_env/lib/python3.10/site-packages/airflow/example_dags/example_bash_decorator.py for tasks to queue
[2024-06-18T13:30:18.550+0400] {logging_mixin.py:188} INFO - [2024-06-18T13:30:18.550+0400] {dagbag.py:545} INFO - Filling up the DagBag from /home/user/Desktop/airflowproj/py_env/lib/python3.10/site-packages/airflow/example_dags/example_bash_decorator.py
[2024-06-18T13:30:18.557+0400] {processor.py:840} INFO - DAG(s) 'example_bash_decorator' retrieved from /home/user/Desktop/airflowproj/py_env/lib/python3.10/site-packages/airflow/example_dags/example_bash_decorator.py
[2024-06-18T13:30:18.566+0400] {logging_mixin.py:188} INFO - [2024-06-18T13:30:18.566+0400] {dag.py:3096} INFO - Sync 1 DAGs
[2024-06-18T13:30:18.571+0400] {logging_mixin.py:188} INFO - [2024-06-18T13:30:18.571+0400] {dag.py:3954} INFO - Setting next_dagrun for example_bash_decorator to None, run_after=None
[2024-06-18T13:30:18.585+0400] {processor.py:183} INFO - Processing /home/user/Desktop/airflowproj/py_env/lib/python3.10/site-packages/airflow/example_dags/example_bash_decorator.py took 0.043 seconds
[2024-06-18T13:31:19.202+0400] {processor.py:161} INFO - Started process (PID=59230) to work on /home/user/Desktop/airflowproj/py_env/lib/python3.10/site-packages/airflow/example_dags/example_bash_decorator.py
[2024-06-18T13:31:19.205+0400] {processor.py:830} INFO - Processing file /home/user/Desktop/airflowproj/py_env/lib/python3.10/site-packages/airflow/example_dags/example_bash_decorator.py for tasks to queue
[2024-06-18T13:31:19.206+0400] {logging_mixin.py:188} INFO - [2024-06-18T13:31:19.206+0400] {dagbag.py:545} INFO - Filling up the DagBag from /home/user/Desktop/airflowproj/py_env/lib/python3.10/site-packages/airflow/example_dags/example_bash_decorator.py
[2024-06-18T13:31:19.213+0400] {processor.py:840} INFO - DAG(s) 'example_bash_decorator' retrieved from /home/user/Desktop/airflowproj/py_env/lib/python3.10/site-packages/airflow/example_dags/example_bash_decorator.py
[2024-06-18T13:31:19.221+0400] {logging_mixin.py:188} INFO - [2024-06-18T13:31:19.221+0400] {dag.py:3096} INFO - Sync 1 DAGs
[2024-06-18T13:31:19.226+0400] {logging_mixin.py:188} INFO - [2024-06-18T13:31:19.225+0400] {dag.py:3954} INFO - Setting next_dagrun for example_bash_decorator to None, run_after=None
[2024-06-18T13:31:19.240+0400] {processor.py:183} INFO - Processing /home/user/Desktop/airflowproj/py_env/lib/python3.10/site-packages/airflow/example_dags/example_bash_decorator.py took 0.043 seconds
[2024-06-18T13:32:24.846+0400] {processor.py:161} INFO - Started process (PID=59645) to work on /home/user/Desktop/airflowproj/py_env/lib/python3.10/site-packages/airflow/example_dags/example_bash_decorator.py
[2024-06-18T13:32:24.848+0400] {processor.py:830} INFO - Processing file /home/user/Desktop/airflowproj/py_env/lib/python3.10/site-packages/airflow/example_dags/example_bash_decorator.py for tasks to queue
[2024-06-18T13:32:24.849+0400] {logging_mixin.py:188} INFO - [2024-06-18T13:32:24.849+0400] {dagbag.py:545} INFO - Filling up the DagBag from /home/user/Desktop/airflowproj/py_env/lib/python3.10/site-packages/airflow/example_dags/example_bash_decorator.py
[2024-06-18T13:32:24.856+0400] {processor.py:840} INFO - DAG(s) 'example_bash_decorator' retrieved from /home/user/Desktop/airflowproj/py_env/lib/python3.10/site-packages/airflow/example_dags/example_bash_decorator.py
[2024-06-18T13:32:24.864+0400] {logging_mixin.py:188} INFO - [2024-06-18T13:32:24.864+0400] {dag.py:3096} INFO - Sync 1 DAGs
[2024-06-18T13:32:24.869+0400] {logging_mixin.py:188} INFO - [2024-06-18T13:32:24.869+0400] {dag.py:3954} INFO - Setting next_dagrun for example_bash_decorator to None, run_after=None
[2024-06-18T13:32:24.881+0400] {processor.py:183} INFO - Processing /home/user/Desktop/airflowproj/py_env/lib/python3.10/site-packages/airflow/example_dags/example_bash_decorator.py took 0.040 seconds
