[2024-06-18T12:40:24.522+0400] {processor.py:161} INFO - Started process (PID=45622) to work on /home/user/Desktop/airflowproj/py_env/lib/python3.10/site-packages/airflow/example_dags/example_skip_dag.py
[2024-06-18T12:40:24.523+0400] {processor.py:830} INFO - Processing file /home/user/Desktop/airflowproj/py_env/lib/python3.10/site-packages/airflow/example_dags/example_skip_dag.py for tasks to queue
[2024-06-18T12:40:24.524+0400] {logging_mixin.py:188} INFO - [2024-06-18T12:40:24.523+0400] {dagbag.py:545} INFO - Filling up the DagBag from /home/user/Desktop/airflowproj/py_env/lib/python3.10/site-packages/airflow/example_dags/example_skip_dag.py
[2024-06-18T12:40:24.527+0400] {processor.py:840} INFO - DAG(s) 'example_skip_dag' retrieved from /home/user/Desktop/airflowproj/py_env/lib/python3.10/site-packages/airflow/example_dags/example_skip_dag.py
[2024-06-18T12:40:24.585+0400] {logging_mixin.py:188} INFO - [2024-06-18T12:40:24.585+0400] {override.py:1829} INFO - Created Permission View: can edit on DAG:example_skip_dag
[2024-06-18T12:40:24.594+0400] {logging_mixin.py:188} INFO - [2024-06-18T12:40:24.594+0400] {override.py:1829} INFO - Created Permission View: can read on DAG:example_skip_dag
[2024-06-18T12:40:24.601+0400] {logging_mixin.py:188} INFO - [2024-06-18T12:40:24.601+0400] {override.py:1829} INFO - Created Permission View: can delete on DAG:example_skip_dag
[2024-06-18T12:40:24.601+0400] {logging_mixin.py:188} INFO - [2024-06-18T12:40:24.601+0400] {dag.py:3096} INFO - Sync 1 DAGs
[2024-06-18T12:40:24.606+0400] {logging_mixin.py:188} INFO - [2024-06-18T12:40:24.606+0400] {dag.py:3118} INFO - Creating ORM DAG for example_skip_dag
[2024-06-18T12:40:24.611+0400] {logging_mixin.py:188} INFO - [2024-06-18T12:40:24.611+0400] {dag.py:3954} INFO - Setting next_dagrun for example_skip_dag to 2024-06-17 00:00:00+00:00, run_after=2024-06-18 00:00:00+00:00
[2024-06-18T12:40:24.680+0400] {processor.py:183} INFO - Processing /home/user/Desktop/airflowproj/py_env/lib/python3.10/site-packages/airflow/example_dags/example_skip_dag.py took 0.161 seconds
[2024-06-18T12:43:00.336+0400] {processor.py:161} INFO - Started process (PID=46581) to work on /home/user/Desktop/airflowproj/py_env/lib/python3.10/site-packages/airflow/example_dags/example_skip_dag.py
[2024-06-18T12:43:00.338+0400] {processor.py:830} INFO - Processing file /home/user/Desktop/airflowproj/py_env/lib/python3.10/site-packages/airflow/example_dags/example_skip_dag.py for tasks to queue
[2024-06-18T12:43:00.339+0400] {logging_mixin.py:188} INFO - [2024-06-18T12:43:00.339+0400] {dagbag.py:545} INFO - Filling up the DagBag from /home/user/Desktop/airflowproj/py_env/lib/python3.10/site-packages/airflow/example_dags/example_skip_dag.py
[2024-06-18T12:43:00.343+0400] {processor.py:840} INFO - DAG(s) 'example_skip_dag' retrieved from /home/user/Desktop/airflowproj/py_env/lib/python3.10/site-packages/airflow/example_dags/example_skip_dag.py
[2024-06-18T12:43:00.351+0400] {logging_mixin.py:188} INFO - [2024-06-18T12:43:00.351+0400] {dag.py:3096} INFO - Sync 1 DAGs
[2024-06-18T12:43:00.360+0400] {logging_mixin.py:188} INFO - [2024-06-18T12:43:00.360+0400] {dag.py:3954} INFO - Setting next_dagrun for example_skip_dag to 2024-06-17 00:00:00+00:00, run_after=2024-06-18 00:00:00+00:00
[2024-06-18T12:43:00.374+0400] {processor.py:183} INFO - Processing /home/user/Desktop/airflowproj/py_env/lib/python3.10/site-packages/airflow/example_dags/example_skip_dag.py took 0.044 seconds
[2024-06-18T12:43:51.883+0400] {processor.py:161} INFO - Started process (PID=46757) to work on /home/user/Desktop/airflowproj/py_env/lib/python3.10/site-packages/airflow/example_dags/example_skip_dag.py
[2024-06-18T12:43:51.885+0400] {processor.py:830} INFO - Processing file /home/user/Desktop/airflowproj/py_env/lib/python3.10/site-packages/airflow/example_dags/example_skip_dag.py for tasks to queue
[2024-06-18T12:43:51.886+0400] {logging_mixin.py:188} INFO - [2024-06-18T12:43:51.886+0400] {dagbag.py:545} INFO - Filling up the DagBag from /home/user/Desktop/airflowproj/py_env/lib/python3.10/site-packages/airflow/example_dags/example_skip_dag.py
[2024-06-18T12:43:51.891+0400] {processor.py:840} INFO - DAG(s) 'example_skip_dag' retrieved from /home/user/Desktop/airflowproj/py_env/lib/python3.10/site-packages/airflow/example_dags/example_skip_dag.py
[2024-06-18T12:43:51.898+0400] {logging_mixin.py:188} INFO - [2024-06-18T12:43:51.898+0400] {dag.py:3096} INFO - Sync 1 DAGs
[2024-06-18T12:43:51.907+0400] {logging_mixin.py:188} INFO - [2024-06-18T12:43:51.907+0400] {dag.py:3954} INFO - Setting next_dagrun for example_skip_dag to 2024-06-17 00:00:00+00:00, run_after=2024-06-18 00:00:00+00:00
[2024-06-18T12:43:51.928+0400] {processor.py:183} INFO - Processing /home/user/Desktop/airflowproj/py_env/lib/python3.10/site-packages/airflow/example_dags/example_skip_dag.py took 0.048 seconds
[2024-06-18T12:44:42.245+0400] {processor.py:161} INFO - Started process (PID=46909) to work on /home/user/Desktop/airflowproj/py_env/lib/python3.10/site-packages/airflow/example_dags/example_skip_dag.py
[2024-06-18T12:44:42.247+0400] {processor.py:830} INFO - Processing file /home/user/Desktop/airflowproj/py_env/lib/python3.10/site-packages/airflow/example_dags/example_skip_dag.py for tasks to queue
[2024-06-18T12:44:42.248+0400] {logging_mixin.py:188} INFO - [2024-06-18T12:44:42.248+0400] {dagbag.py:545} INFO - Filling up the DagBag from /home/user/Desktop/airflowproj/py_env/lib/python3.10/site-packages/airflow/example_dags/example_skip_dag.py
[2024-06-18T12:44:42.252+0400] {processor.py:840} INFO - DAG(s) 'example_skip_dag' retrieved from /home/user/Desktop/airflowproj/py_env/lib/python3.10/site-packages/airflow/example_dags/example_skip_dag.py
[2024-06-18T12:44:42.261+0400] {logging_mixin.py:188} INFO - [2024-06-18T12:44:42.260+0400] {dag.py:3096} INFO - Sync 1 DAGs
[2024-06-18T12:44:42.319+0400] {logging_mixin.py:188} INFO - [2024-06-18T12:44:42.319+0400] {dag.py:3954} INFO - Setting next_dagrun for example_skip_dag to 2024-06-17 00:00:00+00:00, run_after=2024-06-18 00:00:00+00:00
[2024-06-18T12:44:42.332+0400] {processor.py:183} INFO - Processing /home/user/Desktop/airflowproj/py_env/lib/python3.10/site-packages/airflow/example_dags/example_skip_dag.py took 0.091 seconds
[2024-06-18T12:45:23.892+0400] {processor.py:161} INFO - Started process (PID=47013) to work on /home/user/Desktop/airflowproj/py_env/lib/python3.10/site-packages/airflow/example_dags/example_skip_dag.py
[2024-06-18T12:45:23.894+0400] {processor.py:830} INFO - Processing file /home/user/Desktop/airflowproj/py_env/lib/python3.10/site-packages/airflow/example_dags/example_skip_dag.py for tasks to queue
[2024-06-18T12:45:23.895+0400] {logging_mixin.py:188} INFO - [2024-06-18T12:45:23.895+0400] {dagbag.py:545} INFO - Filling up the DagBag from /home/user/Desktop/airflowproj/py_env/lib/python3.10/site-packages/airflow/example_dags/example_skip_dag.py
[2024-06-18T12:45:23.898+0400] {processor.py:840} INFO - DAG(s) 'example_skip_dag' retrieved from /home/user/Desktop/airflowproj/py_env/lib/python3.10/site-packages/airflow/example_dags/example_skip_dag.py
[2024-06-18T12:45:23.907+0400] {logging_mixin.py:188} INFO - [2024-06-18T12:45:23.906+0400] {dag.py:3096} INFO - Sync 1 DAGs
[2024-06-18T12:45:23.917+0400] {logging_mixin.py:188} INFO - [2024-06-18T12:45:23.917+0400] {dag.py:3954} INFO - Setting next_dagrun for example_skip_dag to 2024-06-17 00:00:00+00:00, run_after=2024-06-18 00:00:00+00:00
[2024-06-18T12:45:23.931+0400] {processor.py:183} INFO - Processing /home/user/Desktop/airflowproj/py_env/lib/python3.10/site-packages/airflow/example_dags/example_skip_dag.py took 0.043 seconds
[2024-06-18T12:46:23.922+0400] {processor.py:161} INFO - Started process (PID=47150) to work on /home/user/Desktop/airflowproj/py_env/lib/python3.10/site-packages/airflow/example_dags/example_skip_dag.py
[2024-06-18T12:46:23.923+0400] {processor.py:830} INFO - Processing file /home/user/Desktop/airflowproj/py_env/lib/python3.10/site-packages/airflow/example_dags/example_skip_dag.py for tasks to queue
[2024-06-18T12:46:23.924+0400] {logging_mixin.py:188} INFO - [2024-06-18T12:46:23.923+0400] {dagbag.py:545} INFO - Filling up the DagBag from /home/user/Desktop/airflowproj/py_env/lib/python3.10/site-packages/airflow/example_dags/example_skip_dag.py
[2024-06-18T12:46:23.928+0400] {processor.py:840} INFO - DAG(s) 'example_skip_dag' retrieved from /home/user/Desktop/airflowproj/py_env/lib/python3.10/site-packages/airflow/example_dags/example_skip_dag.py
[2024-06-18T12:46:23.941+0400] {logging_mixin.py:188} INFO - [2024-06-18T12:46:23.940+0400] {dag.py:3096} INFO - Sync 1 DAGs
[2024-06-18T12:46:23.954+0400] {logging_mixin.py:188} INFO - [2024-06-18T12:46:23.954+0400] {dag.py:3954} INFO - Setting next_dagrun for example_skip_dag to 2024-06-17 00:00:00+00:00, run_after=2024-06-18 00:00:00+00:00
[2024-06-18T12:46:23.969+0400] {processor.py:183} INFO - Processing /home/user/Desktop/airflowproj/py_env/lib/python3.10/site-packages/airflow/example_dags/example_skip_dag.py took 0.051 seconds
[2024-06-18T12:47:21.159+0400] {processor.py:161} INFO - Started process (PID=47946) to work on /home/user/Desktop/airflowproj/py_env/lib/python3.10/site-packages/airflow/example_dags/example_skip_dag.py
[2024-06-18T12:47:21.161+0400] {processor.py:830} INFO - Processing file /home/user/Desktop/airflowproj/py_env/lib/python3.10/site-packages/airflow/example_dags/example_skip_dag.py for tasks to queue
[2024-06-18T12:47:21.162+0400] {logging_mixin.py:188} INFO - [2024-06-18T12:47:21.162+0400] {dagbag.py:545} INFO - Filling up the DagBag from /home/user/Desktop/airflowproj/py_env/lib/python3.10/site-packages/airflow/example_dags/example_skip_dag.py
[2024-06-18T12:47:21.166+0400] {processor.py:840} INFO - DAG(s) 'example_skip_dag' retrieved from /home/user/Desktop/airflowproj/py_env/lib/python3.10/site-packages/airflow/example_dags/example_skip_dag.py
[2024-06-18T12:47:21.173+0400] {logging_mixin.py:188} INFO - [2024-06-18T12:47:21.173+0400] {dag.py:3096} INFO - Sync 1 DAGs
[2024-06-18T12:47:21.182+0400] {logging_mixin.py:188} INFO - [2024-06-18T12:47:21.182+0400] {dag.py:3954} INFO - Setting next_dagrun for example_skip_dag to 2024-06-17 00:00:00+00:00, run_after=2024-06-18 00:00:00+00:00
[2024-06-18T12:47:21.194+0400] {processor.py:183} INFO - Processing /home/user/Desktop/airflowproj/py_env/lib/python3.10/site-packages/airflow/example_dags/example_skip_dag.py took 0.040 seconds
[2024-06-18T12:48:18.074+0400] {processor.py:161} INFO - Started process (PID=48271) to work on /home/user/Desktop/airflowproj/py_env/lib/python3.10/site-packages/airflow/example_dags/example_skip_dag.py
[2024-06-18T12:48:18.076+0400] {processor.py:830} INFO - Processing file /home/user/Desktop/airflowproj/py_env/lib/python3.10/site-packages/airflow/example_dags/example_skip_dag.py for tasks to queue
[2024-06-18T12:48:18.077+0400] {logging_mixin.py:188} INFO - [2024-06-18T12:48:18.077+0400] {dagbag.py:545} INFO - Filling up the DagBag from /home/user/Desktop/airflowproj/py_env/lib/python3.10/site-packages/airflow/example_dags/example_skip_dag.py
[2024-06-18T12:48:18.081+0400] {processor.py:840} INFO - DAG(s) 'example_skip_dag' retrieved from /home/user/Desktop/airflowproj/py_env/lib/python3.10/site-packages/airflow/example_dags/example_skip_dag.py
[2024-06-18T12:48:18.089+0400] {logging_mixin.py:188} INFO - [2024-06-18T12:48:18.089+0400] {dag.py:3096} INFO - Sync 1 DAGs
[2024-06-18T12:48:18.101+0400] {logging_mixin.py:188} INFO - [2024-06-18T12:48:18.101+0400] {dag.py:3954} INFO - Setting next_dagrun for example_skip_dag to 2024-06-17 00:00:00+00:00, run_after=2024-06-18 00:00:00+00:00
[2024-06-18T12:48:18.115+0400] {processor.py:183} INFO - Processing /home/user/Desktop/airflowproj/py_env/lib/python3.10/site-packages/airflow/example_dags/example_skip_dag.py took 0.044 seconds
[2024-06-18T12:49:08.334+0400] {processor.py:161} INFO - Started process (PID=48603) to work on /home/user/Desktop/airflowproj/py_env/lib/python3.10/site-packages/airflow/example_dags/example_skip_dag.py
[2024-06-18T12:49:08.335+0400] {processor.py:830} INFO - Processing file /home/user/Desktop/airflowproj/py_env/lib/python3.10/site-packages/airflow/example_dags/example_skip_dag.py for tasks to queue
[2024-06-18T12:49:08.336+0400] {logging_mixin.py:188} INFO - [2024-06-18T12:49:08.336+0400] {dagbag.py:545} INFO - Filling up the DagBag from /home/user/Desktop/airflowproj/py_env/lib/python3.10/site-packages/airflow/example_dags/example_skip_dag.py
[2024-06-18T12:49:08.339+0400] {processor.py:840} INFO - DAG(s) 'example_skip_dag' retrieved from /home/user/Desktop/airflowproj/py_env/lib/python3.10/site-packages/airflow/example_dags/example_skip_dag.py
[2024-06-18T12:49:08.348+0400] {logging_mixin.py:188} INFO - [2024-06-18T12:49:08.348+0400] {dag.py:3096} INFO - Sync 1 DAGs
[2024-06-18T12:49:08.361+0400] {logging_mixin.py:188} INFO - [2024-06-18T12:49:08.361+0400] {dag.py:3954} INFO - Setting next_dagrun for example_skip_dag to 2024-06-17 00:00:00+00:00, run_after=2024-06-18 00:00:00+00:00
[2024-06-18T12:49:08.378+0400] {processor.py:183} INFO - Processing /home/user/Desktop/airflowproj/py_env/lib/python3.10/site-packages/airflow/example_dags/example_skip_dag.py took 0.048 seconds
[2024-06-18T12:49:51.764+0400] {processor.py:161} INFO - Started process (PID=48706) to work on /home/user/Desktop/airflowproj/py_env/lib/python3.10/site-packages/airflow/example_dags/example_skip_dag.py
[2024-06-18T12:49:51.766+0400] {processor.py:830} INFO - Processing file /home/user/Desktop/airflowproj/py_env/lib/python3.10/site-packages/airflow/example_dags/example_skip_dag.py for tasks to queue
[2024-06-18T12:49:51.767+0400] {logging_mixin.py:188} INFO - [2024-06-18T12:49:51.766+0400] {dagbag.py:545} INFO - Filling up the DagBag from /home/user/Desktop/airflowproj/py_env/lib/python3.10/site-packages/airflow/example_dags/example_skip_dag.py
[2024-06-18T12:49:51.770+0400] {processor.py:840} INFO - DAG(s) 'example_skip_dag' retrieved from /home/user/Desktop/airflowproj/py_env/lib/python3.10/site-packages/airflow/example_dags/example_skip_dag.py
[2024-06-18T12:49:51.778+0400] {logging_mixin.py:188} INFO - [2024-06-18T12:49:51.778+0400] {dag.py:3096} INFO - Sync 1 DAGs
[2024-06-18T12:49:51.787+0400] {logging_mixin.py:188} INFO - [2024-06-18T12:49:51.787+0400] {dag.py:3954} INFO - Setting next_dagrun for example_skip_dag to 2024-06-17 00:00:00+00:00, run_after=2024-06-18 00:00:00+00:00
[2024-06-18T12:49:51.800+0400] {processor.py:183} INFO - Processing /home/user/Desktop/airflowproj/py_env/lib/python3.10/site-packages/airflow/example_dags/example_skip_dag.py took 0.041 seconds
[2024-06-18T12:50:52.325+0400] {processor.py:161} INFO - Started process (PID=48871) to work on /home/user/Desktop/airflowproj/py_env/lib/python3.10/site-packages/airflow/example_dags/example_skip_dag.py
[2024-06-18T12:50:52.327+0400] {processor.py:830} INFO - Processing file /home/user/Desktop/airflowproj/py_env/lib/python3.10/site-packages/airflow/example_dags/example_skip_dag.py for tasks to queue
[2024-06-18T12:50:52.329+0400] {logging_mixin.py:188} INFO - [2024-06-18T12:50:52.328+0400] {dagbag.py:545} INFO - Filling up the DagBag from /home/user/Desktop/airflowproj/py_env/lib/python3.10/site-packages/airflow/example_dags/example_skip_dag.py
[2024-06-18T12:50:52.333+0400] {processor.py:840} INFO - DAG(s) 'example_skip_dag' retrieved from /home/user/Desktop/airflowproj/py_env/lib/python3.10/site-packages/airflow/example_dags/example_skip_dag.py
[2024-06-18T12:50:52.341+0400] {logging_mixin.py:188} INFO - [2024-06-18T12:50:52.341+0400] {dag.py:3096} INFO - Sync 1 DAGs
[2024-06-18T12:50:52.350+0400] {logging_mixin.py:188} INFO - [2024-06-18T12:50:52.349+0400] {dag.py:3954} INFO - Setting next_dagrun for example_skip_dag to 2024-06-17 00:00:00+00:00, run_after=2024-06-18 00:00:00+00:00
[2024-06-18T12:50:52.362+0400] {processor.py:183} INFO - Processing /home/user/Desktop/airflowproj/py_env/lib/python3.10/site-packages/airflow/example_dags/example_skip_dag.py took 0.043 seconds
[2024-06-18T12:51:50.155+0400] {processor.py:161} INFO - Started process (PID=49126) to work on /home/user/Desktop/airflowproj/py_env/lib/python3.10/site-packages/airflow/example_dags/example_skip_dag.py
[2024-06-18T12:51:50.157+0400] {processor.py:830} INFO - Processing file /home/user/Desktop/airflowproj/py_env/lib/python3.10/site-packages/airflow/example_dags/example_skip_dag.py for tasks to queue
[2024-06-18T12:51:50.158+0400] {logging_mixin.py:188} INFO - [2024-06-18T12:51:50.158+0400] {dagbag.py:545} INFO - Filling up the DagBag from /home/user/Desktop/airflowproj/py_env/lib/python3.10/site-packages/airflow/example_dags/example_skip_dag.py
[2024-06-18T12:51:50.162+0400] {processor.py:840} INFO - DAG(s) 'example_skip_dag' retrieved from /home/user/Desktop/airflowproj/py_env/lib/python3.10/site-packages/airflow/example_dags/example_skip_dag.py
[2024-06-18T12:51:50.173+0400] {logging_mixin.py:188} INFO - [2024-06-18T12:51:50.173+0400] {dag.py:3096} INFO - Sync 1 DAGs
[2024-06-18T12:51:50.182+0400] {logging_mixin.py:188} INFO - [2024-06-18T12:51:50.182+0400] {dag.py:3954} INFO - Setting next_dagrun for example_skip_dag to 2024-06-17 00:00:00+00:00, run_after=2024-06-18 00:00:00+00:00
[2024-06-18T12:51:50.196+0400] {processor.py:183} INFO - Processing /home/user/Desktop/airflowproj/py_env/lib/python3.10/site-packages/airflow/example_dags/example_skip_dag.py took 0.045 seconds
[2024-06-18T12:52:47.609+0400] {processor.py:161} INFO - Started process (PID=49290) to work on /home/user/Desktop/airflowproj/py_env/lib/python3.10/site-packages/airflow/example_dags/example_skip_dag.py
[2024-06-18T12:52:47.611+0400] {processor.py:830} INFO - Processing file /home/user/Desktop/airflowproj/py_env/lib/python3.10/site-packages/airflow/example_dags/example_skip_dag.py for tasks to queue
[2024-06-18T12:52:47.613+0400] {logging_mixin.py:188} INFO - [2024-06-18T12:52:47.612+0400] {dagbag.py:545} INFO - Filling up the DagBag from /home/user/Desktop/airflowproj/py_env/lib/python3.10/site-packages/airflow/example_dags/example_skip_dag.py
[2024-06-18T12:52:47.616+0400] {processor.py:840} INFO - DAG(s) 'example_skip_dag' retrieved from /home/user/Desktop/airflowproj/py_env/lib/python3.10/site-packages/airflow/example_dags/example_skip_dag.py
[2024-06-18T12:52:47.624+0400] {logging_mixin.py:188} INFO - [2024-06-18T12:52:47.624+0400] {dag.py:3096} INFO - Sync 1 DAGs
[2024-06-18T12:52:47.633+0400] {logging_mixin.py:188} INFO - [2024-06-18T12:52:47.633+0400] {dag.py:3954} INFO - Setting next_dagrun for example_skip_dag to 2024-06-17 00:00:00+00:00, run_after=2024-06-18 00:00:00+00:00
[2024-06-18T12:52:47.647+0400] {processor.py:183} INFO - Processing /home/user/Desktop/airflowproj/py_env/lib/python3.10/site-packages/airflow/example_dags/example_skip_dag.py took 0.041 seconds
[2024-06-18T12:53:46.145+0400] {processor.py:161} INFO - Started process (PID=49598) to work on /home/user/Desktop/airflowproj/py_env/lib/python3.10/site-packages/airflow/example_dags/example_skip_dag.py
[2024-06-18T12:53:46.146+0400] {processor.py:830} INFO - Processing file /home/user/Desktop/airflowproj/py_env/lib/python3.10/site-packages/airflow/example_dags/example_skip_dag.py for tasks to queue
[2024-06-18T12:53:46.147+0400] {logging_mixin.py:188} INFO - [2024-06-18T12:53:46.146+0400] {dagbag.py:545} INFO - Filling up the DagBag from /home/user/Desktop/airflowproj/py_env/lib/python3.10/site-packages/airflow/example_dags/example_skip_dag.py
[2024-06-18T12:53:46.150+0400] {processor.py:840} INFO - DAG(s) 'example_skip_dag' retrieved from /home/user/Desktop/airflowproj/py_env/lib/python3.10/site-packages/airflow/example_dags/example_skip_dag.py
[2024-06-18T12:53:46.160+0400] {logging_mixin.py:188} INFO - [2024-06-18T12:53:46.160+0400] {dag.py:3096} INFO - Sync 1 DAGs
[2024-06-18T12:53:46.171+0400] {logging_mixin.py:188} INFO - [2024-06-18T12:53:46.171+0400] {dag.py:3954} INFO - Setting next_dagrun for example_skip_dag to 2024-06-17 00:00:00+00:00, run_after=2024-06-18 00:00:00+00:00
[2024-06-18T12:53:46.187+0400] {processor.py:183} INFO - Processing /home/user/Desktop/airflowproj/py_env/lib/python3.10/site-packages/airflow/example_dags/example_skip_dag.py took 0.045 seconds
[2024-06-18T12:54:43.869+0400] {processor.py:161} INFO - Started process (PID=49734) to work on /home/user/Desktop/airflowproj/py_env/lib/python3.10/site-packages/airflow/example_dags/example_skip_dag.py
[2024-06-18T12:54:43.872+0400] {processor.py:830} INFO - Processing file /home/user/Desktop/airflowproj/py_env/lib/python3.10/site-packages/airflow/example_dags/example_skip_dag.py for tasks to queue
[2024-06-18T12:54:43.873+0400] {logging_mixin.py:188} INFO - [2024-06-18T12:54:43.873+0400] {dagbag.py:545} INFO - Filling up the DagBag from /home/user/Desktop/airflowproj/py_env/lib/python3.10/site-packages/airflow/example_dags/example_skip_dag.py
[2024-06-18T12:54:43.878+0400] {processor.py:840} INFO - DAG(s) 'example_skip_dag' retrieved from /home/user/Desktop/airflowproj/py_env/lib/python3.10/site-packages/airflow/example_dags/example_skip_dag.py
[2024-06-18T12:54:43.886+0400] {logging_mixin.py:188} INFO - [2024-06-18T12:54:43.886+0400] {dag.py:3096} INFO - Sync 1 DAGs
[2024-06-18T12:54:43.894+0400] {logging_mixin.py:188} INFO - [2024-06-18T12:54:43.894+0400] {dag.py:3954} INFO - Setting next_dagrun for example_skip_dag to 2024-06-17 00:00:00+00:00, run_after=2024-06-18 00:00:00+00:00
[2024-06-18T12:54:43.908+0400] {processor.py:183} INFO - Processing /home/user/Desktop/airflowproj/py_env/lib/python3.10/site-packages/airflow/example_dags/example_skip_dag.py took 0.044 seconds
[2024-06-18T12:55:42.775+0400] {processor.py:161} INFO - Started process (PID=50064) to work on /home/user/Desktop/airflowproj/py_env/lib/python3.10/site-packages/airflow/example_dags/example_skip_dag.py
[2024-06-18T12:55:42.777+0400] {processor.py:830} INFO - Processing file /home/user/Desktop/airflowproj/py_env/lib/python3.10/site-packages/airflow/example_dags/example_skip_dag.py for tasks to queue
[2024-06-18T12:55:42.778+0400] {logging_mixin.py:188} INFO - [2024-06-18T12:55:42.778+0400] {dagbag.py:545} INFO - Filling up the DagBag from /home/user/Desktop/airflowproj/py_env/lib/python3.10/site-packages/airflow/example_dags/example_skip_dag.py
[2024-06-18T12:55:42.782+0400] {processor.py:840} INFO - DAG(s) 'example_skip_dag' retrieved from /home/user/Desktop/airflowproj/py_env/lib/python3.10/site-packages/airflow/example_dags/example_skip_dag.py
[2024-06-18T12:55:42.790+0400] {logging_mixin.py:188} INFO - [2024-06-18T12:55:42.790+0400] {dag.py:3096} INFO - Sync 1 DAGs
[2024-06-18T12:55:42.798+0400] {logging_mixin.py:188} INFO - [2024-06-18T12:55:42.798+0400] {dag.py:3954} INFO - Setting next_dagrun for example_skip_dag to 2024-06-17 00:00:00+00:00, run_after=2024-06-18 00:00:00+00:00
[2024-06-18T12:55:42.811+0400] {processor.py:183} INFO - Processing /home/user/Desktop/airflowproj/py_env/lib/python3.10/site-packages/airflow/example_dags/example_skip_dag.py took 0.038 seconds
[2024-06-18T12:56:40.391+0400] {processor.py:161} INFO - Started process (PID=50287) to work on /home/user/Desktop/airflowproj/py_env/lib/python3.10/site-packages/airflow/example_dags/example_skip_dag.py
[2024-06-18T12:56:40.393+0400] {processor.py:830} INFO - Processing file /home/user/Desktop/airflowproj/py_env/lib/python3.10/site-packages/airflow/example_dags/example_skip_dag.py for tasks to queue
[2024-06-18T12:56:40.394+0400] {logging_mixin.py:188} INFO - [2024-06-18T12:56:40.393+0400] {dagbag.py:545} INFO - Filling up the DagBag from /home/user/Desktop/airflowproj/py_env/lib/python3.10/site-packages/airflow/example_dags/example_skip_dag.py
[2024-06-18T12:56:40.397+0400] {processor.py:840} INFO - DAG(s) 'example_skip_dag' retrieved from /home/user/Desktop/airflowproj/py_env/lib/python3.10/site-packages/airflow/example_dags/example_skip_dag.py
[2024-06-18T12:56:40.405+0400] {logging_mixin.py:188} INFO - [2024-06-18T12:56:40.404+0400] {dag.py:3096} INFO - Sync 1 DAGs
[2024-06-18T12:56:40.414+0400] {logging_mixin.py:188} INFO - [2024-06-18T12:56:40.414+0400] {dag.py:3954} INFO - Setting next_dagrun for example_skip_dag to 2024-06-17 00:00:00+00:00, run_after=2024-06-18 00:00:00+00:00
[2024-06-18T12:56:40.427+0400] {processor.py:183} INFO - Processing /home/user/Desktop/airflowproj/py_env/lib/python3.10/site-packages/airflow/example_dags/example_skip_dag.py took 0.042 seconds
[2024-06-18T12:57:40.428+0400] {processor.py:161} INFO - Started process (PID=50550) to work on /home/user/Desktop/airflowproj/py_env/lib/python3.10/site-packages/airflow/example_dags/example_skip_dag.py
[2024-06-18T12:57:40.428+0400] {processor.py:830} INFO - Processing file /home/user/Desktop/airflowproj/py_env/lib/python3.10/site-packages/airflow/example_dags/example_skip_dag.py for tasks to queue
[2024-06-18T12:57:40.429+0400] {logging_mixin.py:188} INFO - [2024-06-18T12:57:40.429+0400] {dagbag.py:545} INFO - Filling up the DagBag from /home/user/Desktop/airflowproj/py_env/lib/python3.10/site-packages/airflow/example_dags/example_skip_dag.py
[2024-06-18T12:57:40.433+0400] {processor.py:840} INFO - DAG(s) 'example_skip_dag' retrieved from /home/user/Desktop/airflowproj/py_env/lib/python3.10/site-packages/airflow/example_dags/example_skip_dag.py
[2024-06-18T12:57:40.442+0400] {logging_mixin.py:188} INFO - [2024-06-18T12:57:40.442+0400] {dag.py:3096} INFO - Sync 1 DAGs
[2024-06-18T12:57:40.450+0400] {logging_mixin.py:188} INFO - [2024-06-18T12:57:40.450+0400] {dag.py:3954} INFO - Setting next_dagrun for example_skip_dag to 2024-06-17 00:00:00+00:00, run_after=2024-06-18 00:00:00+00:00
[2024-06-18T12:57:40.464+0400] {processor.py:183} INFO - Processing /home/user/Desktop/airflowproj/py_env/lib/python3.10/site-packages/airflow/example_dags/example_skip_dag.py took 0.040 seconds
[2024-06-18T12:58:38.384+0400] {processor.py:161} INFO - Started process (PID=51057) to work on /home/user/Desktop/airflowproj/py_env/lib/python3.10/site-packages/airflow/example_dags/example_skip_dag.py
[2024-06-18T12:58:38.387+0400] {processor.py:830} INFO - Processing file /home/user/Desktop/airflowproj/py_env/lib/python3.10/site-packages/airflow/example_dags/example_skip_dag.py for tasks to queue
[2024-06-18T12:58:38.388+0400] {logging_mixin.py:188} INFO - [2024-06-18T12:58:38.388+0400] {dagbag.py:545} INFO - Filling up the DagBag from /home/user/Desktop/airflowproj/py_env/lib/python3.10/site-packages/airflow/example_dags/example_skip_dag.py
[2024-06-18T12:58:38.391+0400] {processor.py:840} INFO - DAG(s) 'example_skip_dag' retrieved from /home/user/Desktop/airflowproj/py_env/lib/python3.10/site-packages/airflow/example_dags/example_skip_dag.py
[2024-06-18T12:58:38.399+0400] {logging_mixin.py:188} INFO - [2024-06-18T12:58:38.399+0400] {dag.py:3096} INFO - Sync 1 DAGs
[2024-06-18T12:58:38.408+0400] {logging_mixin.py:188} INFO - [2024-06-18T12:58:38.407+0400] {dag.py:3954} INFO - Setting next_dagrun for example_skip_dag to 2024-06-17 00:00:00+00:00, run_after=2024-06-18 00:00:00+00:00
[2024-06-18T12:58:38.420+0400] {processor.py:183} INFO - Processing /home/user/Desktop/airflowproj/py_env/lib/python3.10/site-packages/airflow/example_dags/example_skip_dag.py took 0.039 seconds
[2024-06-18T12:59:36.889+0400] {processor.py:161} INFO - Started process (PID=51415) to work on /home/user/Desktop/airflowproj/py_env/lib/python3.10/site-packages/airflow/example_dags/example_skip_dag.py
[2024-06-18T12:59:36.891+0400] {processor.py:830} INFO - Processing file /home/user/Desktop/airflowproj/py_env/lib/python3.10/site-packages/airflow/example_dags/example_skip_dag.py for tasks to queue
[2024-06-18T12:59:36.892+0400] {logging_mixin.py:188} INFO - [2024-06-18T12:59:36.892+0400] {dagbag.py:545} INFO - Filling up the DagBag from /home/user/Desktop/airflowproj/py_env/lib/python3.10/site-packages/airflow/example_dags/example_skip_dag.py
[2024-06-18T12:59:36.899+0400] {processor.py:840} INFO - DAG(s) 'example_skip_dag' retrieved from /home/user/Desktop/airflowproj/py_env/lib/python3.10/site-packages/airflow/example_dags/example_skip_dag.py
[2024-06-18T12:59:36.913+0400] {logging_mixin.py:188} INFO - [2024-06-18T12:59:36.912+0400] {dag.py:3096} INFO - Sync 1 DAGs
[2024-06-18T12:59:36.924+0400] {logging_mixin.py:188} INFO - [2024-06-18T12:59:36.924+0400] {dag.py:3954} INFO - Setting next_dagrun for example_skip_dag to 2024-06-17 00:00:00+00:00, run_after=2024-06-18 00:00:00+00:00
[2024-06-18T12:59:36.942+0400] {processor.py:183} INFO - Processing /home/user/Desktop/airflowproj/py_env/lib/python3.10/site-packages/airflow/example_dags/example_skip_dag.py took 0.058 seconds
[2024-06-18T13:00:30.635+0400] {processor.py:161} INFO - Started process (PID=51765) to work on /home/user/Desktop/airflowproj/py_env/lib/python3.10/site-packages/airflow/example_dags/example_skip_dag.py
[2024-06-18T13:00:30.637+0400] {processor.py:830} INFO - Processing file /home/user/Desktop/airflowproj/py_env/lib/python3.10/site-packages/airflow/example_dags/example_skip_dag.py for tasks to queue
[2024-06-18T13:00:30.637+0400] {logging_mixin.py:188} INFO - [2024-06-18T13:00:30.637+0400] {dagbag.py:545} INFO - Filling up the DagBag from /home/user/Desktop/airflowproj/py_env/lib/python3.10/site-packages/airflow/example_dags/example_skip_dag.py
[2024-06-18T13:00:30.641+0400] {processor.py:840} INFO - DAG(s) 'example_skip_dag' retrieved from /home/user/Desktop/airflowproj/py_env/lib/python3.10/site-packages/airflow/example_dags/example_skip_dag.py
[2024-06-18T13:00:30.650+0400] {logging_mixin.py:188} INFO - [2024-06-18T13:00:30.649+0400] {dag.py:3096} INFO - Sync 1 DAGs
[2024-06-18T13:00:30.659+0400] {logging_mixin.py:188} INFO - [2024-06-18T13:00:30.659+0400] {dag.py:3954} INFO - Setting next_dagrun for example_skip_dag to 2024-06-17 00:00:00+00:00, run_after=2024-06-18 00:00:00+00:00
[2024-06-18T13:00:30.673+0400] {processor.py:183} INFO - Processing /home/user/Desktop/airflowproj/py_env/lib/python3.10/site-packages/airflow/example_dags/example_skip_dag.py took 0.042 seconds
[2024-06-18T13:01:30.163+0400] {processor.py:161} INFO - Started process (PID=52127) to work on /home/user/Desktop/airflowproj/py_env/lib/python3.10/site-packages/airflow/example_dags/example_skip_dag.py
[2024-06-18T13:01:30.165+0400] {processor.py:830} INFO - Processing file /home/user/Desktop/airflowproj/py_env/lib/python3.10/site-packages/airflow/example_dags/example_skip_dag.py for tasks to queue
[2024-06-18T13:01:30.166+0400] {logging_mixin.py:188} INFO - [2024-06-18T13:01:30.166+0400] {dagbag.py:545} INFO - Filling up the DagBag from /home/user/Desktop/airflowproj/py_env/lib/python3.10/site-packages/airflow/example_dags/example_skip_dag.py
[2024-06-18T13:01:30.171+0400] {processor.py:840} INFO - DAG(s) 'example_skip_dag' retrieved from /home/user/Desktop/airflowproj/py_env/lib/python3.10/site-packages/airflow/example_dags/example_skip_dag.py
[2024-06-18T13:01:30.182+0400] {logging_mixin.py:188} INFO - [2024-06-18T13:01:30.181+0400] {dag.py:3096} INFO - Sync 1 DAGs
[2024-06-18T13:01:30.198+0400] {logging_mixin.py:188} INFO - [2024-06-18T13:01:30.197+0400] {dag.py:3954} INFO - Setting next_dagrun for example_skip_dag to 2024-06-17 00:00:00+00:00, run_after=2024-06-18 00:00:00+00:00
[2024-06-18T13:01:30.217+0400] {processor.py:183} INFO - Processing /home/user/Desktop/airflowproj/py_env/lib/python3.10/site-packages/airflow/example_dags/example_skip_dag.py took 0.058 seconds
[2024-06-18T13:02:30.590+0400] {processor.py:161} INFO - Started process (PID=52904) to work on /home/user/Desktop/airflowproj/py_env/lib/python3.10/site-packages/airflow/example_dags/example_skip_dag.py
[2024-06-18T13:02:30.592+0400] {processor.py:830} INFO - Processing file /home/user/Desktop/airflowproj/py_env/lib/python3.10/site-packages/airflow/example_dags/example_skip_dag.py for tasks to queue
[2024-06-18T13:02:30.593+0400] {logging_mixin.py:188} INFO - [2024-06-18T13:02:30.593+0400] {dagbag.py:545} INFO - Filling up the DagBag from /home/user/Desktop/airflowproj/py_env/lib/python3.10/site-packages/airflow/example_dags/example_skip_dag.py
[2024-06-18T13:02:30.597+0400] {processor.py:840} INFO - DAG(s) 'example_skip_dag' retrieved from /home/user/Desktop/airflowproj/py_env/lib/python3.10/site-packages/airflow/example_dags/example_skip_dag.py
[2024-06-18T13:02:30.606+0400] {logging_mixin.py:188} INFO - [2024-06-18T13:02:30.606+0400] {dag.py:3096} INFO - Sync 1 DAGs
[2024-06-18T13:02:30.614+0400] {logging_mixin.py:188} INFO - [2024-06-18T13:02:30.614+0400] {dag.py:3954} INFO - Setting next_dagrun for example_skip_dag to 2024-06-17 00:00:00+00:00, run_after=2024-06-18 00:00:00+00:00
[2024-06-18T13:02:30.628+0400] {processor.py:183} INFO - Processing /home/user/Desktop/airflowproj/py_env/lib/python3.10/site-packages/airflow/example_dags/example_skip_dag.py took 0.042 seconds
[2024-06-18T13:03:29.515+0400] {processor.py:161} INFO - Started process (PID=53112) to work on /home/user/Desktop/airflowproj/py_env/lib/python3.10/site-packages/airflow/example_dags/example_skip_dag.py
[2024-06-18T13:03:29.517+0400] {processor.py:830} INFO - Processing file /home/user/Desktop/airflowproj/py_env/lib/python3.10/site-packages/airflow/example_dags/example_skip_dag.py for tasks to queue
[2024-06-18T13:03:29.518+0400] {logging_mixin.py:188} INFO - [2024-06-18T13:03:29.518+0400] {dagbag.py:545} INFO - Filling up the DagBag from /home/user/Desktop/airflowproj/py_env/lib/python3.10/site-packages/airflow/example_dags/example_skip_dag.py
[2024-06-18T13:03:29.522+0400] {processor.py:840} INFO - DAG(s) 'example_skip_dag' retrieved from /home/user/Desktop/airflowproj/py_env/lib/python3.10/site-packages/airflow/example_dags/example_skip_dag.py
[2024-06-18T13:03:29.531+0400] {logging_mixin.py:188} INFO - [2024-06-18T13:03:29.530+0400] {dag.py:3096} INFO - Sync 1 DAGs
[2024-06-18T13:03:29.540+0400] {logging_mixin.py:188} INFO - [2024-06-18T13:03:29.540+0400] {dag.py:3954} INFO - Setting next_dagrun for example_skip_dag to 2024-06-17 00:00:00+00:00, run_after=2024-06-18 00:00:00+00:00
[2024-06-18T13:03:29.554+0400] {processor.py:183} INFO - Processing /home/user/Desktop/airflowproj/py_env/lib/python3.10/site-packages/airflow/example_dags/example_skip_dag.py took 0.044 seconds
[2024-06-18T13:04:25.875+0400] {processor.py:161} INFO - Started process (PID=53314) to work on /home/user/Desktop/airflowproj/py_env/lib/python3.10/site-packages/airflow/example_dags/example_skip_dag.py
[2024-06-18T13:04:25.878+0400] {processor.py:830} INFO - Processing file /home/user/Desktop/airflowproj/py_env/lib/python3.10/site-packages/airflow/example_dags/example_skip_dag.py for tasks to queue
[2024-06-18T13:04:25.880+0400] {logging_mixin.py:188} INFO - [2024-06-18T13:04:25.880+0400] {dagbag.py:545} INFO - Filling up the DagBag from /home/user/Desktop/airflowproj/py_env/lib/python3.10/site-packages/airflow/example_dags/example_skip_dag.py
[2024-06-18T13:04:25.886+0400] {processor.py:840} INFO - DAG(s) 'example_skip_dag' retrieved from /home/user/Desktop/airflowproj/py_env/lib/python3.10/site-packages/airflow/example_dags/example_skip_dag.py
[2024-06-18T13:04:25.895+0400] {logging_mixin.py:188} INFO - [2024-06-18T13:04:25.894+0400] {dag.py:3096} INFO - Sync 1 DAGs
[2024-06-18T13:04:25.904+0400] {logging_mixin.py:188} INFO - [2024-06-18T13:04:25.904+0400] {dag.py:3954} INFO - Setting next_dagrun for example_skip_dag to 2024-06-17 00:00:00+00:00, run_after=2024-06-18 00:00:00+00:00
[2024-06-18T13:04:25.918+0400] {processor.py:183} INFO - Processing /home/user/Desktop/airflowproj/py_env/lib/python3.10/site-packages/airflow/example_dags/example_skip_dag.py took 0.050 seconds
[2024-06-18T13:05:22.735+0400] {processor.py:161} INFO - Started process (PID=53573) to work on /home/user/Desktop/airflowproj/py_env/lib/python3.10/site-packages/airflow/example_dags/example_skip_dag.py
[2024-06-18T13:05:22.737+0400] {processor.py:830} INFO - Processing file /home/user/Desktop/airflowproj/py_env/lib/python3.10/site-packages/airflow/example_dags/example_skip_dag.py for tasks to queue
[2024-06-18T13:05:22.738+0400] {logging_mixin.py:188} INFO - [2024-06-18T13:05:22.738+0400] {dagbag.py:545} INFO - Filling up the DagBag from /home/user/Desktop/airflowproj/py_env/lib/python3.10/site-packages/airflow/example_dags/example_skip_dag.py
[2024-06-18T13:05:22.742+0400] {processor.py:840} INFO - DAG(s) 'example_skip_dag' retrieved from /home/user/Desktop/airflowproj/py_env/lib/python3.10/site-packages/airflow/example_dags/example_skip_dag.py
[2024-06-18T13:05:22.750+0400] {logging_mixin.py:188} INFO - [2024-06-18T13:05:22.750+0400] {dag.py:3096} INFO - Sync 1 DAGs
[2024-06-18T13:05:22.759+0400] {logging_mixin.py:188} INFO - [2024-06-18T13:05:22.759+0400] {dag.py:3954} INFO - Setting next_dagrun for example_skip_dag to 2024-06-17 00:00:00+00:00, run_after=2024-06-18 00:00:00+00:00
[2024-06-18T13:05:22.773+0400] {processor.py:183} INFO - Processing /home/user/Desktop/airflowproj/py_env/lib/python3.10/site-packages/airflow/example_dags/example_skip_dag.py took 0.042 seconds
[2024-06-18T13:06:21.541+0400] {processor.py:161} INFO - Started process (PID=53785) to work on /home/user/Desktop/airflowproj/py_env/lib/python3.10/site-packages/airflow/example_dags/example_skip_dag.py
[2024-06-18T13:06:21.543+0400] {processor.py:830} INFO - Processing file /home/user/Desktop/airflowproj/py_env/lib/python3.10/site-packages/airflow/example_dags/example_skip_dag.py for tasks to queue
[2024-06-18T13:06:21.544+0400] {logging_mixin.py:188} INFO - [2024-06-18T13:06:21.544+0400] {dagbag.py:545} INFO - Filling up the DagBag from /home/user/Desktop/airflowproj/py_env/lib/python3.10/site-packages/airflow/example_dags/example_skip_dag.py
[2024-06-18T13:06:21.547+0400] {processor.py:840} INFO - DAG(s) 'example_skip_dag' retrieved from /home/user/Desktop/airflowproj/py_env/lib/python3.10/site-packages/airflow/example_dags/example_skip_dag.py
[2024-06-18T13:06:21.556+0400] {logging_mixin.py:188} INFO - [2024-06-18T13:06:21.555+0400] {dag.py:3096} INFO - Sync 1 DAGs
[2024-06-18T13:06:21.565+0400] {logging_mixin.py:188} INFO - [2024-06-18T13:06:21.564+0400] {dag.py:3954} INFO - Setting next_dagrun for example_skip_dag to 2024-06-17 00:00:00+00:00, run_after=2024-06-18 00:00:00+00:00
[2024-06-18T13:06:21.579+0400] {processor.py:183} INFO - Processing /home/user/Desktop/airflowproj/py_env/lib/python3.10/site-packages/airflow/example_dags/example_skip_dag.py took 0.041 seconds
[2024-06-18T13:07:22.107+0400] {processor.py:161} INFO - Started process (PID=53989) to work on /home/user/Desktop/airflowproj/py_env/lib/python3.10/site-packages/airflow/example_dags/example_skip_dag.py
[2024-06-18T13:07:22.109+0400] {processor.py:830} INFO - Processing file /home/user/Desktop/airflowproj/py_env/lib/python3.10/site-packages/airflow/example_dags/example_skip_dag.py for tasks to queue
[2024-06-18T13:07:22.110+0400] {logging_mixin.py:188} INFO - [2024-06-18T13:07:22.110+0400] {dagbag.py:545} INFO - Filling up the DagBag from /home/user/Desktop/airflowproj/py_env/lib/python3.10/site-packages/airflow/example_dags/example_skip_dag.py
[2024-06-18T13:07:22.114+0400] {processor.py:840} INFO - DAG(s) 'example_skip_dag' retrieved from /home/user/Desktop/airflowproj/py_env/lib/python3.10/site-packages/airflow/example_dags/example_skip_dag.py
[2024-06-18T13:07:22.122+0400] {logging_mixin.py:188} INFO - [2024-06-18T13:07:22.122+0400] {dag.py:3096} INFO - Sync 1 DAGs
[2024-06-18T13:07:22.131+0400] {logging_mixin.py:188} INFO - [2024-06-18T13:07:22.130+0400] {dag.py:3954} INFO - Setting next_dagrun for example_skip_dag to 2024-06-17 00:00:00+00:00, run_after=2024-06-18 00:00:00+00:00
[2024-06-18T13:07:22.144+0400] {processor.py:183} INFO - Processing /home/user/Desktop/airflowproj/py_env/lib/python3.10/site-packages/airflow/example_dags/example_skip_dag.py took 0.041 seconds
[2024-06-18T13:08:04.297+0400] {processor.py:161} INFO - Started process (PID=54162) to work on /home/user/Desktop/airflowproj/py_env/lib/python3.10/site-packages/airflow/example_dags/example_skip_dag.py
[2024-06-18T13:08:04.299+0400] {processor.py:830} INFO - Processing file /home/user/Desktop/airflowproj/py_env/lib/python3.10/site-packages/airflow/example_dags/example_skip_dag.py for tasks to queue
[2024-06-18T13:08:04.300+0400] {logging_mixin.py:188} INFO - [2024-06-18T13:08:04.300+0400] {dagbag.py:545} INFO - Filling up the DagBag from /home/user/Desktop/airflowproj/py_env/lib/python3.10/site-packages/airflow/example_dags/example_skip_dag.py
[2024-06-18T13:08:04.305+0400] {processor.py:840} INFO - DAG(s) 'example_skip_dag' retrieved from /home/user/Desktop/airflowproj/py_env/lib/python3.10/site-packages/airflow/example_dags/example_skip_dag.py
[2024-06-18T13:08:04.313+0400] {logging_mixin.py:188} INFO - [2024-06-18T13:08:04.313+0400] {dag.py:3096} INFO - Sync 1 DAGs
[2024-06-18T13:08:04.322+0400] {logging_mixin.py:188} INFO - [2024-06-18T13:08:04.321+0400] {dag.py:3954} INFO - Setting next_dagrun for example_skip_dag to 2024-06-17 00:00:00+00:00, run_after=2024-06-18 00:00:00+00:00
[2024-06-18T13:08:04.337+0400] {processor.py:183} INFO - Processing /home/user/Desktop/airflowproj/py_env/lib/python3.10/site-packages/airflow/example_dags/example_skip_dag.py took 0.045 seconds
[2024-06-18T13:08:44.245+0400] {processor.py:161} INFO - Started process (PID=54307) to work on /home/user/Desktop/airflowproj/py_env/lib/python3.10/site-packages/airflow/example_dags/example_skip_dag.py
[2024-06-18T13:08:44.249+0400] {processor.py:830} INFO - Processing file /home/user/Desktop/airflowproj/py_env/lib/python3.10/site-packages/airflow/example_dags/example_skip_dag.py for tasks to queue
[2024-06-18T13:08:44.250+0400] {logging_mixin.py:188} INFO - [2024-06-18T13:08:44.250+0400] {dagbag.py:545} INFO - Filling up the DagBag from /home/user/Desktop/airflowproj/py_env/lib/python3.10/site-packages/airflow/example_dags/example_skip_dag.py
[2024-06-18T13:08:44.254+0400] {processor.py:840} INFO - DAG(s) 'example_skip_dag' retrieved from /home/user/Desktop/airflowproj/py_env/lib/python3.10/site-packages/airflow/example_dags/example_skip_dag.py
[2024-06-18T13:08:44.262+0400] {logging_mixin.py:188} INFO - [2024-06-18T13:08:44.262+0400] {dag.py:3096} INFO - Sync 1 DAGs
[2024-06-18T13:08:44.270+0400] {logging_mixin.py:188} INFO - [2024-06-18T13:08:44.270+0400] {dag.py:3954} INFO - Setting next_dagrun for example_skip_dag to 2024-06-17 00:00:00+00:00, run_after=2024-06-18 00:00:00+00:00
[2024-06-18T13:08:44.283+0400] {processor.py:183} INFO - Processing /home/user/Desktop/airflowproj/py_env/lib/python3.10/site-packages/airflow/example_dags/example_skip_dag.py took 0.042 seconds
[2024-06-18T13:09:42.376+0400] {processor.py:161} INFO - Started process (PID=54549) to work on /home/user/Desktop/airflowproj/py_env/lib/python3.10/site-packages/airflow/example_dags/example_skip_dag.py
[2024-06-18T13:09:42.378+0400] {processor.py:830} INFO - Processing file /home/user/Desktop/airflowproj/py_env/lib/python3.10/site-packages/airflow/example_dags/example_skip_dag.py for tasks to queue
[2024-06-18T13:09:42.379+0400] {logging_mixin.py:188} INFO - [2024-06-18T13:09:42.379+0400] {dagbag.py:545} INFO - Filling up the DagBag from /home/user/Desktop/airflowproj/py_env/lib/python3.10/site-packages/airflow/example_dags/example_skip_dag.py
[2024-06-18T13:09:42.382+0400] {processor.py:840} INFO - DAG(s) 'example_skip_dag' retrieved from /home/user/Desktop/airflowproj/py_env/lib/python3.10/site-packages/airflow/example_dags/example_skip_dag.py
[2024-06-18T13:09:42.390+0400] {logging_mixin.py:188} INFO - [2024-06-18T13:09:42.390+0400] {dag.py:3096} INFO - Sync 1 DAGs
[2024-06-18T13:09:42.398+0400] {logging_mixin.py:188} INFO - [2024-06-18T13:09:42.398+0400] {dag.py:3954} INFO - Setting next_dagrun for example_skip_dag to 2024-06-17 00:00:00+00:00, run_after=2024-06-18 00:00:00+00:00
[2024-06-18T13:09:42.411+0400] {processor.py:183} INFO - Processing /home/user/Desktop/airflowproj/py_env/lib/python3.10/site-packages/airflow/example_dags/example_skip_dag.py took 0.039 seconds
[2024-06-18T13:10:45.221+0400] {processor.py:161} INFO - Started process (PID=54776) to work on /home/user/Desktop/airflowproj/py_env/lib/python3.10/site-packages/airflow/example_dags/example_skip_dag.py
[2024-06-18T13:10:45.224+0400] {processor.py:830} INFO - Processing file /home/user/Desktop/airflowproj/py_env/lib/python3.10/site-packages/airflow/example_dags/example_skip_dag.py for tasks to queue
[2024-06-18T13:10:45.225+0400] {logging_mixin.py:188} INFO - [2024-06-18T13:10:45.225+0400] {dagbag.py:545} INFO - Filling up the DagBag from /home/user/Desktop/airflowproj/py_env/lib/python3.10/site-packages/airflow/example_dags/example_skip_dag.py
[2024-06-18T13:10:45.229+0400] {processor.py:840} INFO - DAG(s) 'example_skip_dag' retrieved from /home/user/Desktop/airflowproj/py_env/lib/python3.10/site-packages/airflow/example_dags/example_skip_dag.py
[2024-06-18T13:10:45.238+0400] {logging_mixin.py:188} INFO - [2024-06-18T13:10:45.237+0400] {dag.py:3096} INFO - Sync 1 DAGs
[2024-06-18T13:10:45.246+0400] {logging_mixin.py:188} INFO - [2024-06-18T13:10:45.246+0400] {dag.py:3954} INFO - Setting next_dagrun for example_skip_dag to 2024-06-17 00:00:00+00:00, run_after=2024-06-18 00:00:00+00:00
[2024-06-18T13:10:45.259+0400] {processor.py:183} INFO - Processing /home/user/Desktop/airflowproj/py_env/lib/python3.10/site-packages/airflow/example_dags/example_skip_dag.py took 0.042 seconds
[2024-06-18T13:11:44.418+0400] {processor.py:161} INFO - Started process (PID=54968) to work on /home/user/Desktop/airflowproj/py_env/lib/python3.10/site-packages/airflow/example_dags/example_skip_dag.py
[2024-06-18T13:11:44.421+0400] {processor.py:830} INFO - Processing file /home/user/Desktop/airflowproj/py_env/lib/python3.10/site-packages/airflow/example_dags/example_skip_dag.py for tasks to queue
[2024-06-18T13:11:44.423+0400] {logging_mixin.py:188} INFO - [2024-06-18T13:11:44.422+0400] {dagbag.py:545} INFO - Filling up the DagBag from /home/user/Desktop/airflowproj/py_env/lib/python3.10/site-packages/airflow/example_dags/example_skip_dag.py
[2024-06-18T13:11:44.428+0400] {processor.py:840} INFO - DAG(s) 'example_skip_dag' retrieved from /home/user/Desktop/airflowproj/py_env/lib/python3.10/site-packages/airflow/example_dags/example_skip_dag.py
[2024-06-18T13:11:44.436+0400] {logging_mixin.py:188} INFO - [2024-06-18T13:11:44.435+0400] {dag.py:3096} INFO - Sync 1 DAGs
[2024-06-18T13:11:44.444+0400] {logging_mixin.py:188} INFO - [2024-06-18T13:11:44.444+0400] {dag.py:3954} INFO - Setting next_dagrun for example_skip_dag to 2024-06-17 00:00:00+00:00, run_after=2024-06-18 00:00:00+00:00
[2024-06-18T13:11:44.457+0400] {processor.py:183} INFO - Processing /home/user/Desktop/airflowproj/py_env/lib/python3.10/site-packages/airflow/example_dags/example_skip_dag.py took 0.045 seconds
[2024-06-18T13:12:43.423+0400] {processor.py:161} INFO - Started process (PID=55199) to work on /home/user/Desktop/airflowproj/py_env/lib/python3.10/site-packages/airflow/example_dags/example_skip_dag.py
[2024-06-18T13:12:43.425+0400] {processor.py:830} INFO - Processing file /home/user/Desktop/airflowproj/py_env/lib/python3.10/site-packages/airflow/example_dags/example_skip_dag.py for tasks to queue
[2024-06-18T13:12:43.426+0400] {logging_mixin.py:188} INFO - [2024-06-18T13:12:43.426+0400] {dagbag.py:545} INFO - Filling up the DagBag from /home/user/Desktop/airflowproj/py_env/lib/python3.10/site-packages/airflow/example_dags/example_skip_dag.py
[2024-06-18T13:12:43.430+0400] {processor.py:840} INFO - DAG(s) 'example_skip_dag' retrieved from /home/user/Desktop/airflowproj/py_env/lib/python3.10/site-packages/airflow/example_dags/example_skip_dag.py
[2024-06-18T13:12:43.438+0400] {logging_mixin.py:188} INFO - [2024-06-18T13:12:43.438+0400] {dag.py:3096} INFO - Sync 1 DAGs
[2024-06-18T13:12:43.447+0400] {logging_mixin.py:188} INFO - [2024-06-18T13:12:43.447+0400] {dag.py:3954} INFO - Setting next_dagrun for example_skip_dag to 2024-06-17 00:00:00+00:00, run_after=2024-06-18 00:00:00+00:00
[2024-06-18T13:12:43.460+0400] {processor.py:183} INFO - Processing /home/user/Desktop/airflowproj/py_env/lib/python3.10/site-packages/airflow/example_dags/example_skip_dag.py took 0.040 seconds
[2024-06-18T13:13:42.979+0400] {processor.py:161} INFO - Started process (PID=55412) to work on /home/user/Desktop/airflowproj/py_env/lib/python3.10/site-packages/airflow/example_dags/example_skip_dag.py
[2024-06-18T13:13:42.981+0400] {processor.py:830} INFO - Processing file /home/user/Desktop/airflowproj/py_env/lib/python3.10/site-packages/airflow/example_dags/example_skip_dag.py for tasks to queue
[2024-06-18T13:13:42.982+0400] {logging_mixin.py:188} INFO - [2024-06-18T13:13:42.982+0400] {dagbag.py:545} INFO - Filling up the DagBag from /home/user/Desktop/airflowproj/py_env/lib/python3.10/site-packages/airflow/example_dags/example_skip_dag.py
[2024-06-18T13:13:42.986+0400] {processor.py:840} INFO - DAG(s) 'example_skip_dag' retrieved from /home/user/Desktop/airflowproj/py_env/lib/python3.10/site-packages/airflow/example_dags/example_skip_dag.py
[2024-06-18T13:13:42.994+0400] {logging_mixin.py:188} INFO - [2024-06-18T13:13:42.994+0400] {dag.py:3096} INFO - Sync 1 DAGs
[2024-06-18T13:13:43.003+0400] {logging_mixin.py:188} INFO - [2024-06-18T13:13:43.003+0400] {dag.py:3954} INFO - Setting next_dagrun for example_skip_dag to 2024-06-17 00:00:00+00:00, run_after=2024-06-18 00:00:00+00:00
[2024-06-18T13:13:43.016+0400] {processor.py:183} INFO - Processing /home/user/Desktop/airflowproj/py_env/lib/python3.10/site-packages/airflow/example_dags/example_skip_dag.py took 0.042 seconds
[2024-06-18T13:14:40.012+0400] {processor.py:161} INFO - Started process (PID=55618) to work on /home/user/Desktop/airflowproj/py_env/lib/python3.10/site-packages/airflow/example_dags/example_skip_dag.py
[2024-06-18T13:14:40.013+0400] {processor.py:830} INFO - Processing file /home/user/Desktop/airflowproj/py_env/lib/python3.10/site-packages/airflow/example_dags/example_skip_dag.py for tasks to queue
[2024-06-18T13:14:40.014+0400] {logging_mixin.py:188} INFO - [2024-06-18T13:14:40.014+0400] {dagbag.py:545} INFO - Filling up the DagBag from /home/user/Desktop/airflowproj/py_env/lib/python3.10/site-packages/airflow/example_dags/example_skip_dag.py
[2024-06-18T13:14:40.018+0400] {processor.py:840} INFO - DAG(s) 'example_skip_dag' retrieved from /home/user/Desktop/airflowproj/py_env/lib/python3.10/site-packages/airflow/example_dags/example_skip_dag.py
[2024-06-18T13:14:40.026+0400] {logging_mixin.py:188} INFO - [2024-06-18T13:14:40.026+0400] {dag.py:3096} INFO - Sync 1 DAGs
[2024-06-18T13:14:40.035+0400] {logging_mixin.py:188} INFO - [2024-06-18T13:14:40.035+0400] {dag.py:3954} INFO - Setting next_dagrun for example_skip_dag to 2024-06-17 00:00:00+00:00, run_after=2024-06-18 00:00:00+00:00
[2024-06-18T13:14:40.048+0400] {processor.py:183} INFO - Processing /home/user/Desktop/airflowproj/py_env/lib/python3.10/site-packages/airflow/example_dags/example_skip_dag.py took 0.041 seconds
[2024-06-18T13:15:37.165+0400] {processor.py:161} INFO - Started process (PID=55820) to work on /home/user/Desktop/airflowproj/py_env/lib/python3.10/site-packages/airflow/example_dags/example_skip_dag.py
[2024-06-18T13:15:37.167+0400] {processor.py:830} INFO - Processing file /home/user/Desktop/airflowproj/py_env/lib/python3.10/site-packages/airflow/example_dags/example_skip_dag.py for tasks to queue
[2024-06-18T13:15:37.169+0400] {logging_mixin.py:188} INFO - [2024-06-18T13:15:37.168+0400] {dagbag.py:545} INFO - Filling up the DagBag from /home/user/Desktop/airflowproj/py_env/lib/python3.10/site-packages/airflow/example_dags/example_skip_dag.py
[2024-06-18T13:15:37.175+0400] {processor.py:840} INFO - DAG(s) 'example_skip_dag' retrieved from /home/user/Desktop/airflowproj/py_env/lib/python3.10/site-packages/airflow/example_dags/example_skip_dag.py
[2024-06-18T13:15:37.183+0400] {logging_mixin.py:188} INFO - [2024-06-18T13:15:37.183+0400] {dag.py:3096} INFO - Sync 1 DAGs
[2024-06-18T13:15:37.191+0400] {logging_mixin.py:188} INFO - [2024-06-18T13:15:37.191+0400] {dag.py:3954} INFO - Setting next_dagrun for example_skip_dag to 2024-06-17 00:00:00+00:00, run_after=2024-06-18 00:00:00+00:00
[2024-06-18T13:15:37.203+0400] {processor.py:183} INFO - Processing /home/user/Desktop/airflowproj/py_env/lib/python3.10/site-packages/airflow/example_dags/example_skip_dag.py took 0.043 seconds
[2024-06-18T13:16:21.704+0400] {processor.py:161} INFO - Started process (PID=55967) to work on /home/user/Desktop/airflowproj/py_env/lib/python3.10/site-packages/airflow/example_dags/example_skip_dag.py
[2024-06-18T13:16:21.706+0400] {processor.py:830} INFO - Processing file /home/user/Desktop/airflowproj/py_env/lib/python3.10/site-packages/airflow/example_dags/example_skip_dag.py for tasks to queue
[2024-06-18T13:16:21.707+0400] {logging_mixin.py:188} INFO - [2024-06-18T13:16:21.707+0400] {dagbag.py:545} INFO - Filling up the DagBag from /home/user/Desktop/airflowproj/py_env/lib/python3.10/site-packages/airflow/example_dags/example_skip_dag.py
[2024-06-18T13:16:21.711+0400] {processor.py:840} INFO - DAG(s) 'example_skip_dag' retrieved from /home/user/Desktop/airflowproj/py_env/lib/python3.10/site-packages/airflow/example_dags/example_skip_dag.py
[2024-06-18T13:16:21.719+0400] {logging_mixin.py:188} INFO - [2024-06-18T13:16:21.719+0400] {dag.py:3096} INFO - Sync 1 DAGs
[2024-06-18T13:16:21.728+0400] {logging_mixin.py:188} INFO - [2024-06-18T13:16:21.728+0400] {dag.py:3954} INFO - Setting next_dagrun for example_skip_dag to 2024-06-17 00:00:00+00:00, run_after=2024-06-18 00:00:00+00:00
[2024-06-18T13:16:21.744+0400] {processor.py:183} INFO - Processing /home/user/Desktop/airflowproj/py_env/lib/python3.10/site-packages/airflow/example_dags/example_skip_dag.py took 0.043 seconds
[2024-06-18T13:17:14.885+0400] {processor.py:161} INFO - Started process (PID=56149) to work on /home/user/Desktop/airflowproj/py_env/lib/python3.10/site-packages/airflow/example_dags/example_skip_dag.py
[2024-06-18T13:17:14.887+0400] {processor.py:830} INFO - Processing file /home/user/Desktop/airflowproj/py_env/lib/python3.10/site-packages/airflow/example_dags/example_skip_dag.py for tasks to queue
[2024-06-18T13:17:14.889+0400] {logging_mixin.py:188} INFO - [2024-06-18T13:17:14.888+0400] {dagbag.py:545} INFO - Filling up the DagBag from /home/user/Desktop/airflowproj/py_env/lib/python3.10/site-packages/airflow/example_dags/example_skip_dag.py
[2024-06-18T13:17:14.893+0400] {processor.py:840} INFO - DAG(s) 'example_skip_dag' retrieved from /home/user/Desktop/airflowproj/py_env/lib/python3.10/site-packages/airflow/example_dags/example_skip_dag.py
[2024-06-18T13:17:14.900+0400] {logging_mixin.py:188} INFO - [2024-06-18T13:17:14.900+0400] {dag.py:3096} INFO - Sync 1 DAGs
[2024-06-18T13:17:14.909+0400] {logging_mixin.py:188} INFO - [2024-06-18T13:17:14.909+0400] {dag.py:3954} INFO - Setting next_dagrun for example_skip_dag to 2024-06-17 00:00:00+00:00, run_after=2024-06-18 00:00:00+00:00
[2024-06-18T13:17:14.922+0400] {processor.py:183} INFO - Processing /home/user/Desktop/airflowproj/py_env/lib/python3.10/site-packages/airflow/example_dags/example_skip_dag.py took 0.044 seconds
[2024-06-18T13:18:15.319+0400] {processor.py:161} INFO - Started process (PID=56387) to work on /home/user/Desktop/airflowproj/py_env/lib/python3.10/site-packages/airflow/example_dags/example_skip_dag.py
[2024-06-18T13:18:15.320+0400] {processor.py:830} INFO - Processing file /home/user/Desktop/airflowproj/py_env/lib/python3.10/site-packages/airflow/example_dags/example_skip_dag.py for tasks to queue
[2024-06-18T13:18:15.322+0400] {logging_mixin.py:188} INFO - [2024-06-18T13:18:15.321+0400] {dagbag.py:545} INFO - Filling up the DagBag from /home/user/Desktop/airflowproj/py_env/lib/python3.10/site-packages/airflow/example_dags/example_skip_dag.py
[2024-06-18T13:18:15.328+0400] {processor.py:840} INFO - DAG(s) 'example_skip_dag' retrieved from /home/user/Desktop/airflowproj/py_env/lib/python3.10/site-packages/airflow/example_dags/example_skip_dag.py
[2024-06-18T13:18:15.336+0400] {logging_mixin.py:188} INFO - [2024-06-18T13:18:15.336+0400] {dag.py:3096} INFO - Sync 1 DAGs
[2024-06-18T13:18:15.345+0400] {logging_mixin.py:188} INFO - [2024-06-18T13:18:15.345+0400] {dag.py:3954} INFO - Setting next_dagrun for example_skip_dag to 2024-06-17 00:00:00+00:00, run_after=2024-06-18 00:00:00+00:00
[2024-06-18T13:18:15.358+0400] {processor.py:183} INFO - Processing /home/user/Desktop/airflowproj/py_env/lib/python3.10/site-packages/airflow/example_dags/example_skip_dag.py took 0.044 seconds
[2024-06-18T13:19:12.489+0400] {processor.py:161} INFO - Started process (PID=56588) to work on /home/user/Desktop/airflowproj/py_env/lib/python3.10/site-packages/airflow/example_dags/example_skip_dag.py
[2024-06-18T13:19:12.491+0400] {processor.py:830} INFO - Processing file /home/user/Desktop/airflowproj/py_env/lib/python3.10/site-packages/airflow/example_dags/example_skip_dag.py for tasks to queue
[2024-06-18T13:19:12.493+0400] {logging_mixin.py:188} INFO - [2024-06-18T13:19:12.492+0400] {dagbag.py:545} INFO - Filling up the DagBag from /home/user/Desktop/airflowproj/py_env/lib/python3.10/site-packages/airflow/example_dags/example_skip_dag.py
[2024-06-18T13:19:12.497+0400] {processor.py:840} INFO - DAG(s) 'example_skip_dag' retrieved from /home/user/Desktop/airflowproj/py_env/lib/python3.10/site-packages/airflow/example_dags/example_skip_dag.py
[2024-06-18T13:19:12.505+0400] {logging_mixin.py:188} INFO - [2024-06-18T13:19:12.504+0400] {dag.py:3096} INFO - Sync 1 DAGs
[2024-06-18T13:19:12.513+0400] {logging_mixin.py:188} INFO - [2024-06-18T13:19:12.513+0400] {dag.py:3954} INFO - Setting next_dagrun for example_skip_dag to 2024-06-17 00:00:00+00:00, run_after=2024-06-18 00:00:00+00:00
[2024-06-18T13:19:12.527+0400] {processor.py:183} INFO - Processing /home/user/Desktop/airflowproj/py_env/lib/python3.10/site-packages/airflow/example_dags/example_skip_dag.py took 0.042 seconds
[2024-06-18T13:19:53.631+0400] {processor.py:161} INFO - Started process (PID=56732) to work on /home/user/Desktop/airflowproj/py_env/lib/python3.10/site-packages/airflow/example_dags/example_skip_dag.py
[2024-06-18T13:19:53.633+0400] {processor.py:830} INFO - Processing file /home/user/Desktop/airflowproj/py_env/lib/python3.10/site-packages/airflow/example_dags/example_skip_dag.py for tasks to queue
[2024-06-18T13:19:53.634+0400] {logging_mixin.py:188} INFO - [2024-06-18T13:19:53.634+0400] {dagbag.py:545} INFO - Filling up the DagBag from /home/user/Desktop/airflowproj/py_env/lib/python3.10/site-packages/airflow/example_dags/example_skip_dag.py
[2024-06-18T13:19:53.638+0400] {processor.py:840} INFO - DAG(s) 'example_skip_dag' retrieved from /home/user/Desktop/airflowproj/py_env/lib/python3.10/site-packages/airflow/example_dags/example_skip_dag.py
[2024-06-18T13:19:53.646+0400] {logging_mixin.py:188} INFO - [2024-06-18T13:19:53.646+0400] {dag.py:3096} INFO - Sync 1 DAGs
[2024-06-18T13:19:53.655+0400] {logging_mixin.py:188} INFO - [2024-06-18T13:19:53.655+0400] {dag.py:3954} INFO - Setting next_dagrun for example_skip_dag to 2024-06-17 00:00:00+00:00, run_after=2024-06-18 00:00:00+00:00
[2024-06-18T13:19:53.668+0400] {processor.py:183} INFO - Processing /home/user/Desktop/airflowproj/py_env/lib/python3.10/site-packages/airflow/example_dags/example_skip_dag.py took 0.041 seconds
[2024-06-18T13:20:51.967+0400] {processor.py:161} INFO - Started process (PID=56934) to work on /home/user/Desktop/airflowproj/py_env/lib/python3.10/site-packages/airflow/example_dags/example_skip_dag.py
[2024-06-18T13:20:51.970+0400] {processor.py:830} INFO - Processing file /home/user/Desktop/airflowproj/py_env/lib/python3.10/site-packages/airflow/example_dags/example_skip_dag.py for tasks to queue
[2024-06-18T13:20:51.971+0400] {logging_mixin.py:188} INFO - [2024-06-18T13:20:51.971+0400] {dagbag.py:545} INFO - Filling up the DagBag from /home/user/Desktop/airflowproj/py_env/lib/python3.10/site-packages/airflow/example_dags/example_skip_dag.py
[2024-06-18T13:20:51.975+0400] {processor.py:840} INFO - DAG(s) 'example_skip_dag' retrieved from /home/user/Desktop/airflowproj/py_env/lib/python3.10/site-packages/airflow/example_dags/example_skip_dag.py
[2024-06-18T13:20:51.983+0400] {logging_mixin.py:188} INFO - [2024-06-18T13:20:51.983+0400] {dag.py:3096} INFO - Sync 1 DAGs
[2024-06-18T13:20:51.992+0400] {logging_mixin.py:188} INFO - [2024-06-18T13:20:51.992+0400] {dag.py:3954} INFO - Setting next_dagrun for example_skip_dag to 2024-06-17 00:00:00+00:00, run_after=2024-06-18 00:00:00+00:00
[2024-06-18T13:20:52.005+0400] {processor.py:183} INFO - Processing /home/user/Desktop/airflowproj/py_env/lib/python3.10/site-packages/airflow/example_dags/example_skip_dag.py took 0.042 seconds
[2024-06-18T13:21:52.522+0400] {processor.py:161} INFO - Started process (PID=57142) to work on /home/user/Desktop/airflowproj/py_env/lib/python3.10/site-packages/airflow/example_dags/example_skip_dag.py
[2024-06-18T13:21:52.524+0400] {processor.py:830} INFO - Processing file /home/user/Desktop/airflowproj/py_env/lib/python3.10/site-packages/airflow/example_dags/example_skip_dag.py for tasks to queue
[2024-06-18T13:21:52.526+0400] {logging_mixin.py:188} INFO - [2024-06-18T13:21:52.525+0400] {dagbag.py:545} INFO - Filling up the DagBag from /home/user/Desktop/airflowproj/py_env/lib/python3.10/site-packages/airflow/example_dags/example_skip_dag.py
[2024-06-18T13:21:52.531+0400] {processor.py:840} INFO - DAG(s) 'example_skip_dag' retrieved from /home/user/Desktop/airflowproj/py_env/lib/python3.10/site-packages/airflow/example_dags/example_skip_dag.py
[2024-06-18T13:21:52.539+0400] {logging_mixin.py:188} INFO - [2024-06-18T13:21:52.539+0400] {dag.py:3096} INFO - Sync 1 DAGs
[2024-06-18T13:21:52.547+0400] {logging_mixin.py:188} INFO - [2024-06-18T13:21:52.547+0400] {dag.py:3954} INFO - Setting next_dagrun for example_skip_dag to 2024-06-17 00:00:00+00:00, run_after=2024-06-18 00:00:00+00:00
[2024-06-18T13:21:52.561+0400] {processor.py:183} INFO - Processing /home/user/Desktop/airflowproj/py_env/lib/python3.10/site-packages/airflow/example_dags/example_skip_dag.py took 0.043 seconds
[2024-06-18T13:22:33.705+0400] {processor.py:161} INFO - Started process (PID=57277) to work on /home/user/Desktop/airflowproj/py_env/lib/python3.10/site-packages/airflow/example_dags/example_skip_dag.py
[2024-06-18T13:22:33.707+0400] {processor.py:830} INFO - Processing file /home/user/Desktop/airflowproj/py_env/lib/python3.10/site-packages/airflow/example_dags/example_skip_dag.py for tasks to queue
[2024-06-18T13:22:33.708+0400] {logging_mixin.py:188} INFO - [2024-06-18T13:22:33.708+0400] {dagbag.py:545} INFO - Filling up the DagBag from /home/user/Desktop/airflowproj/py_env/lib/python3.10/site-packages/airflow/example_dags/example_skip_dag.py
[2024-06-18T13:22:33.712+0400] {processor.py:840} INFO - DAG(s) 'example_skip_dag' retrieved from /home/user/Desktop/airflowproj/py_env/lib/python3.10/site-packages/airflow/example_dags/example_skip_dag.py
[2024-06-18T13:22:33.720+0400] {logging_mixin.py:188} INFO - [2024-06-18T13:22:33.720+0400] {dag.py:3096} INFO - Sync 1 DAGs
[2024-06-18T13:22:33.729+0400] {logging_mixin.py:188} INFO - [2024-06-18T13:22:33.729+0400] {dag.py:3954} INFO - Setting next_dagrun for example_skip_dag to 2024-06-17 00:00:00+00:00, run_after=2024-06-18 00:00:00+00:00
[2024-06-18T13:22:33.744+0400] {processor.py:183} INFO - Processing /home/user/Desktop/airflowproj/py_env/lib/python3.10/site-packages/airflow/example_dags/example_skip_dag.py took 0.044 seconds
[2024-06-18T13:23:31.472+0400] {processor.py:161} INFO - Started process (PID=57507) to work on /home/user/Desktop/airflowproj/py_env/lib/python3.10/site-packages/airflow/example_dags/example_skip_dag.py
[2024-06-18T13:23:31.474+0400] {processor.py:830} INFO - Processing file /home/user/Desktop/airflowproj/py_env/lib/python3.10/site-packages/airflow/example_dags/example_skip_dag.py for tasks to queue
[2024-06-18T13:23:31.475+0400] {logging_mixin.py:188} INFO - [2024-06-18T13:23:31.475+0400] {dagbag.py:545} INFO - Filling up the DagBag from /home/user/Desktop/airflowproj/py_env/lib/python3.10/site-packages/airflow/example_dags/example_skip_dag.py
[2024-06-18T13:23:31.479+0400] {processor.py:840} INFO - DAG(s) 'example_skip_dag' retrieved from /home/user/Desktop/airflowproj/py_env/lib/python3.10/site-packages/airflow/example_dags/example_skip_dag.py
[2024-06-18T13:23:31.487+0400] {logging_mixin.py:188} INFO - [2024-06-18T13:23:31.487+0400] {dag.py:3096} INFO - Sync 1 DAGs
[2024-06-18T13:23:31.495+0400] {logging_mixin.py:188} INFO - [2024-06-18T13:23:31.495+0400] {dag.py:3954} INFO - Setting next_dagrun for example_skip_dag to 2024-06-17 00:00:00+00:00, run_after=2024-06-18 00:00:00+00:00
[2024-06-18T13:23:31.507+0400] {processor.py:183} INFO - Processing /home/user/Desktop/airflowproj/py_env/lib/python3.10/site-packages/airflow/example_dags/example_skip_dag.py took 0.039 seconds
[2024-06-18T13:24:29.172+0400] {processor.py:161} INFO - Started process (PID=57689) to work on /home/user/Desktop/airflowproj/py_env/lib/python3.10/site-packages/airflow/example_dags/example_skip_dag.py
[2024-06-18T13:24:29.174+0400] {processor.py:830} INFO - Processing file /home/user/Desktop/airflowproj/py_env/lib/python3.10/site-packages/airflow/example_dags/example_skip_dag.py for tasks to queue
[2024-06-18T13:24:29.175+0400] {logging_mixin.py:188} INFO - [2024-06-18T13:24:29.175+0400] {dagbag.py:545} INFO - Filling up the DagBag from /home/user/Desktop/airflowproj/py_env/lib/python3.10/site-packages/airflow/example_dags/example_skip_dag.py
[2024-06-18T13:24:29.179+0400] {processor.py:840} INFO - DAG(s) 'example_skip_dag' retrieved from /home/user/Desktop/airflowproj/py_env/lib/python3.10/site-packages/airflow/example_dags/example_skip_dag.py
[2024-06-18T13:24:29.187+0400] {logging_mixin.py:188} INFO - [2024-06-18T13:24:29.187+0400] {dag.py:3096} INFO - Sync 1 DAGs
[2024-06-18T13:24:29.196+0400] {logging_mixin.py:188} INFO - [2024-06-18T13:24:29.196+0400] {dag.py:3954} INFO - Setting next_dagrun for example_skip_dag to 2024-06-17 00:00:00+00:00, run_after=2024-06-18 00:00:00+00:00
[2024-06-18T13:24:29.209+0400] {processor.py:183} INFO - Processing /home/user/Desktop/airflowproj/py_env/lib/python3.10/site-packages/airflow/example_dags/example_skip_dag.py took 0.041 seconds
[2024-06-18T13:25:26.853+0400] {processor.py:161} INFO - Started process (PID=57894) to work on /home/user/Desktop/airflowproj/py_env/lib/python3.10/site-packages/airflow/example_dags/example_skip_dag.py
[2024-06-18T13:25:26.856+0400] {processor.py:830} INFO - Processing file /home/user/Desktop/airflowproj/py_env/lib/python3.10/site-packages/airflow/example_dags/example_skip_dag.py for tasks to queue
[2024-06-18T13:25:26.857+0400] {logging_mixin.py:188} INFO - [2024-06-18T13:25:26.857+0400] {dagbag.py:545} INFO - Filling up the DagBag from /home/user/Desktop/airflowproj/py_env/lib/python3.10/site-packages/airflow/example_dags/example_skip_dag.py
[2024-06-18T13:25:26.863+0400] {processor.py:840} INFO - DAG(s) 'example_skip_dag' retrieved from /home/user/Desktop/airflowproj/py_env/lib/python3.10/site-packages/airflow/example_dags/example_skip_dag.py
[2024-06-18T13:25:26.872+0400] {logging_mixin.py:188} INFO - [2024-06-18T13:25:26.872+0400] {dag.py:3096} INFO - Sync 1 DAGs
[2024-06-18T13:25:26.881+0400] {logging_mixin.py:188} INFO - [2024-06-18T13:25:26.881+0400] {dag.py:3954} INFO - Setting next_dagrun for example_skip_dag to 2024-06-17 00:00:00+00:00, run_after=2024-06-18 00:00:00+00:00
[2024-06-18T13:25:26.896+0400] {processor.py:183} INFO - Processing /home/user/Desktop/airflowproj/py_env/lib/python3.10/site-packages/airflow/example_dags/example_skip_dag.py took 0.047 seconds
[2024-06-18T13:26:25.176+0400] {processor.py:161} INFO - Started process (PID=58093) to work on /home/user/Desktop/airflowproj/py_env/lib/python3.10/site-packages/airflow/example_dags/example_skip_dag.py
[2024-06-18T13:26:25.178+0400] {processor.py:830} INFO - Processing file /home/user/Desktop/airflowproj/py_env/lib/python3.10/site-packages/airflow/example_dags/example_skip_dag.py for tasks to queue
[2024-06-18T13:26:25.180+0400] {logging_mixin.py:188} INFO - [2024-06-18T13:26:25.179+0400] {dagbag.py:545} INFO - Filling up the DagBag from /home/user/Desktop/airflowproj/py_env/lib/python3.10/site-packages/airflow/example_dags/example_skip_dag.py
[2024-06-18T13:26:25.186+0400] {processor.py:840} INFO - DAG(s) 'example_skip_dag' retrieved from /home/user/Desktop/airflowproj/py_env/lib/python3.10/site-packages/airflow/example_dags/example_skip_dag.py
[2024-06-18T13:26:25.194+0400] {logging_mixin.py:188} INFO - [2024-06-18T13:26:25.194+0400] {dag.py:3096} INFO - Sync 1 DAGs
[2024-06-18T13:26:25.205+0400] {logging_mixin.py:188} INFO - [2024-06-18T13:26:25.205+0400] {dag.py:3954} INFO - Setting next_dagrun for example_skip_dag to 2024-06-17 00:00:00+00:00, run_after=2024-06-18 00:00:00+00:00
[2024-06-18T13:26:25.218+0400] {processor.py:183} INFO - Processing /home/user/Desktop/airflowproj/py_env/lib/python3.10/site-packages/airflow/example_dags/example_skip_dag.py took 0.046 seconds
[2024-06-18T13:27:22.165+0400] {processor.py:161} INFO - Started process (PID=58284) to work on /home/user/Desktop/airflowproj/py_env/lib/python3.10/site-packages/airflow/example_dags/example_skip_dag.py
[2024-06-18T13:27:22.167+0400] {processor.py:830} INFO - Processing file /home/user/Desktop/airflowproj/py_env/lib/python3.10/site-packages/airflow/example_dags/example_skip_dag.py for tasks to queue
[2024-06-18T13:27:22.169+0400] {logging_mixin.py:188} INFO - [2024-06-18T13:27:22.168+0400] {dagbag.py:545} INFO - Filling up the DagBag from /home/user/Desktop/airflowproj/py_env/lib/python3.10/site-packages/airflow/example_dags/example_skip_dag.py
[2024-06-18T13:27:22.174+0400] {processor.py:840} INFO - DAG(s) 'example_skip_dag' retrieved from /home/user/Desktop/airflowproj/py_env/lib/python3.10/site-packages/airflow/example_dags/example_skip_dag.py
[2024-06-18T13:27:22.182+0400] {logging_mixin.py:188} INFO - [2024-06-18T13:27:22.182+0400] {dag.py:3096} INFO - Sync 1 DAGs
[2024-06-18T13:27:22.191+0400] {logging_mixin.py:188} INFO - [2024-06-18T13:27:22.191+0400] {dag.py:3954} INFO - Setting next_dagrun for example_skip_dag to 2024-06-17 00:00:00+00:00, run_after=2024-06-18 00:00:00+00:00
[2024-06-18T13:27:22.206+0400] {processor.py:183} INFO - Processing /home/user/Desktop/airflowproj/py_env/lib/python3.10/site-packages/airflow/example_dags/example_skip_dag.py took 0.044 seconds
[2024-06-18T13:28:18.363+0400] {processor.py:161} INFO - Started process (PID=58518) to work on /home/user/Desktop/airflowproj/py_env/lib/python3.10/site-packages/airflow/example_dags/example_skip_dag.py
[2024-06-18T13:28:18.365+0400] {processor.py:830} INFO - Processing file /home/user/Desktop/airflowproj/py_env/lib/python3.10/site-packages/airflow/example_dags/example_skip_dag.py for tasks to queue
[2024-06-18T13:28:18.366+0400] {logging_mixin.py:188} INFO - [2024-06-18T13:28:18.366+0400] {dagbag.py:545} INFO - Filling up the DagBag from /home/user/Desktop/airflowproj/py_env/lib/python3.10/site-packages/airflow/example_dags/example_skip_dag.py
[2024-06-18T13:28:18.369+0400] {processor.py:840} INFO - DAG(s) 'example_skip_dag' retrieved from /home/user/Desktop/airflowproj/py_env/lib/python3.10/site-packages/airflow/example_dags/example_skip_dag.py
[2024-06-18T13:28:18.377+0400] {logging_mixin.py:188} INFO - [2024-06-18T13:28:18.377+0400] {dag.py:3096} INFO - Sync 1 DAGs
[2024-06-18T13:28:18.387+0400] {logging_mixin.py:188} INFO - [2024-06-18T13:28:18.387+0400] {dag.py:3954} INFO - Setting next_dagrun for example_skip_dag to 2024-06-17 00:00:00+00:00, run_after=2024-06-18 00:00:00+00:00
[2024-06-18T13:28:18.399+0400] {processor.py:183} INFO - Processing /home/user/Desktop/airflowproj/py_env/lib/python3.10/site-packages/airflow/example_dags/example_skip_dag.py took 0.040 seconds
[2024-06-18T13:29:14.766+0400] {processor.py:161} INFO - Started process (PID=58719) to work on /home/user/Desktop/airflowproj/py_env/lib/python3.10/site-packages/airflow/example_dags/example_skip_dag.py
[2024-06-18T13:29:14.766+0400] {processor.py:830} INFO - Processing file /home/user/Desktop/airflowproj/py_env/lib/python3.10/site-packages/airflow/example_dags/example_skip_dag.py for tasks to queue
[2024-06-18T13:29:14.767+0400] {logging_mixin.py:188} INFO - [2024-06-18T13:29:14.767+0400] {dagbag.py:545} INFO - Filling up the DagBag from /home/user/Desktop/airflowproj/py_env/lib/python3.10/site-packages/airflow/example_dags/example_skip_dag.py
[2024-06-18T13:29:14.771+0400] {processor.py:840} INFO - DAG(s) 'example_skip_dag' retrieved from /home/user/Desktop/airflowproj/py_env/lib/python3.10/site-packages/airflow/example_dags/example_skip_dag.py
[2024-06-18T13:29:14.778+0400] {logging_mixin.py:188} INFO - [2024-06-18T13:29:14.778+0400] {dag.py:3096} INFO - Sync 1 DAGs
[2024-06-18T13:29:14.786+0400] {logging_mixin.py:188} INFO - [2024-06-18T13:29:14.786+0400] {dag.py:3954} INFO - Setting next_dagrun for example_skip_dag to 2024-06-17 00:00:00+00:00, run_after=2024-06-18 00:00:00+00:00
[2024-06-18T13:29:14.798+0400] {processor.py:183} INFO - Processing /home/user/Desktop/airflowproj/py_env/lib/python3.10/site-packages/airflow/example_dags/example_skip_dag.py took 0.037 seconds
[2024-06-18T13:30:11.397+0400] {processor.py:161} INFO - Started process (PID=58929) to work on /home/user/Desktop/airflowproj/py_env/lib/python3.10/site-packages/airflow/example_dags/example_skip_dag.py
[2024-06-18T13:30:11.399+0400] {processor.py:830} INFO - Processing file /home/user/Desktop/airflowproj/py_env/lib/python3.10/site-packages/airflow/example_dags/example_skip_dag.py for tasks to queue
[2024-06-18T13:30:11.400+0400] {logging_mixin.py:188} INFO - [2024-06-18T13:30:11.400+0400] {dagbag.py:545} INFO - Filling up the DagBag from /home/user/Desktop/airflowproj/py_env/lib/python3.10/site-packages/airflow/example_dags/example_skip_dag.py
[2024-06-18T13:30:11.404+0400] {processor.py:840} INFO - DAG(s) 'example_skip_dag' retrieved from /home/user/Desktop/airflowproj/py_env/lib/python3.10/site-packages/airflow/example_dags/example_skip_dag.py
[2024-06-18T13:30:11.413+0400] {logging_mixin.py:188} INFO - [2024-06-18T13:30:11.412+0400] {dag.py:3096} INFO - Sync 1 DAGs
[2024-06-18T13:30:11.422+0400] {logging_mixin.py:188} INFO - [2024-06-18T13:30:11.422+0400] {dag.py:3954} INFO - Setting next_dagrun for example_skip_dag to 2024-06-17 00:00:00+00:00, run_after=2024-06-18 00:00:00+00:00
[2024-06-18T13:30:11.436+0400] {processor.py:183} INFO - Processing /home/user/Desktop/airflowproj/py_env/lib/python3.10/site-packages/airflow/example_dags/example_skip_dag.py took 0.043 seconds
[2024-06-18T13:30:52.320+0400] {processor.py:161} INFO - Started process (PID=59129) to work on /home/user/Desktop/airflowproj/py_env/lib/python3.10/site-packages/airflow/example_dags/example_skip_dag.py
[2024-06-18T13:30:52.321+0400] {processor.py:830} INFO - Processing file /home/user/Desktop/airflowproj/py_env/lib/python3.10/site-packages/airflow/example_dags/example_skip_dag.py for tasks to queue
[2024-06-18T13:30:52.322+0400] {logging_mixin.py:188} INFO - [2024-06-18T13:30:52.322+0400] {dagbag.py:545} INFO - Filling up the DagBag from /home/user/Desktop/airflowproj/py_env/lib/python3.10/site-packages/airflow/example_dags/example_skip_dag.py
[2024-06-18T13:30:52.326+0400] {processor.py:840} INFO - DAG(s) 'example_skip_dag' retrieved from /home/user/Desktop/airflowproj/py_env/lib/python3.10/site-packages/airflow/example_dags/example_skip_dag.py
[2024-06-18T13:30:52.334+0400] {logging_mixin.py:188} INFO - [2024-06-18T13:30:52.334+0400] {dag.py:3096} INFO - Sync 1 DAGs
[2024-06-18T13:30:52.343+0400] {logging_mixin.py:188} INFO - [2024-06-18T13:30:52.343+0400] {dag.py:3954} INFO - Setting next_dagrun for example_skip_dag to 2024-06-17 00:00:00+00:00, run_after=2024-06-18 00:00:00+00:00
[2024-06-18T13:30:52.356+0400] {processor.py:183} INFO - Processing /home/user/Desktop/airflowproj/py_env/lib/python3.10/site-packages/airflow/example_dags/example_skip_dag.py took 0.040 seconds
[2024-06-18T13:31:55.167+0400] {processor.py:161} INFO - Started process (PID=59516) to work on /home/user/Desktop/airflowproj/py_env/lib/python3.10/site-packages/airflow/example_dags/example_skip_dag.py
[2024-06-18T13:31:55.169+0400] {processor.py:830} INFO - Processing file /home/user/Desktop/airflowproj/py_env/lib/python3.10/site-packages/airflow/example_dags/example_skip_dag.py for tasks to queue
[2024-06-18T13:31:55.170+0400] {logging_mixin.py:188} INFO - [2024-06-18T13:31:55.170+0400] {dagbag.py:545} INFO - Filling up the DagBag from /home/user/Desktop/airflowproj/py_env/lib/python3.10/site-packages/airflow/example_dags/example_skip_dag.py
[2024-06-18T13:31:55.175+0400] {processor.py:840} INFO - DAG(s) 'example_skip_dag' retrieved from /home/user/Desktop/airflowproj/py_env/lib/python3.10/site-packages/airflow/example_dags/example_skip_dag.py
[2024-06-18T13:31:55.184+0400] {logging_mixin.py:188} INFO - [2024-06-18T13:31:55.184+0400] {dag.py:3096} INFO - Sync 1 DAGs
[2024-06-18T13:31:55.193+0400] {logging_mixin.py:188} INFO - [2024-06-18T13:31:55.193+0400] {dag.py:3954} INFO - Setting next_dagrun for example_skip_dag to 2024-06-17 00:00:00+00:00, run_after=2024-06-18 00:00:00+00:00
[2024-06-18T13:31:55.208+0400] {processor.py:183} INFO - Processing /home/user/Desktop/airflowproj/py_env/lib/python3.10/site-packages/airflow/example_dags/example_skip_dag.py took 0.045 seconds
