[2024-06-18T12:40:19.665+0400] {processor.py:161} INFO - Started process (PID=45608) to work on /home/user/Desktop/airflowproj/py_env/lib/python3.10/site-packages/airflow/example_dags/example_branch_python_dop_operator_3.py
[2024-06-18T12:40:19.666+0400] {processor.py:830} INFO - Processing file /home/user/Desktop/airflowproj/py_env/lib/python3.10/site-packages/airflow/example_dags/example_branch_python_dop_operator_3.py for tasks to queue
[2024-06-18T12:40:19.667+0400] {logging_mixin.py:188} INFO - [2024-06-18T12:40:19.666+0400] {dagbag.py:545} INFO - Filling up the DagBag from /home/user/Desktop/airflowproj/py_env/lib/python3.10/site-packages/airflow/example_dags/example_branch_python_dop_operator_3.py
[2024-06-18T12:40:19.672+0400] {processor.py:840} INFO - DAG(s) 'example_branch_dop_operator_v3' retrieved from /home/user/Desktop/airflowproj/py_env/lib/python3.10/site-packages/airflow/example_dags/example_branch_python_dop_operator_3.py
[2024-06-18T12:40:19.732+0400] {logging_mixin.py:188} INFO - [2024-06-18T12:40:19.732+0400] {override.py:1829} INFO - Created Permission View: can edit on DAG:example_branch_dop_operator_v3
[2024-06-18T12:40:19.741+0400] {logging_mixin.py:188} INFO - [2024-06-18T12:40:19.741+0400] {override.py:1829} INFO - Created Permission View: can read on DAG:example_branch_dop_operator_v3
[2024-06-18T12:40:19.748+0400] {logging_mixin.py:188} INFO - [2024-06-18T12:40:19.748+0400] {override.py:1829} INFO - Created Permission View: can delete on DAG:example_branch_dop_operator_v3
[2024-06-18T12:40:19.748+0400] {logging_mixin.py:188} INFO - [2024-06-18T12:40:19.748+0400] {dag.py:3096} INFO - Sync 1 DAGs
[2024-06-18T12:40:19.753+0400] {logging_mixin.py:188} INFO - [2024-06-18T12:40:19.753+0400] {dag.py:3118} INFO - Creating ORM DAG for example_branch_dop_operator_v3
[2024-06-18T12:40:19.759+0400] {logging_mixin.py:188} INFO - [2024-06-18T12:40:19.759+0400] {dag.py:3954} INFO - Setting next_dagrun for example_branch_dop_operator_v3 to 2024-06-18 08:39:00+00:00, run_after=2024-06-18 08:40:00+00:00
[2024-06-18T12:40:19.773+0400] {processor.py:183} INFO - Processing /home/user/Desktop/airflowproj/py_env/lib/python3.10/site-packages/airflow/example_dags/example_branch_python_dop_operator_3.py took 0.110 seconds
[2024-06-18T12:42:56.316+0400] {processor.py:161} INFO - Started process (PID=46570) to work on /home/user/Desktop/airflowproj/py_env/lib/python3.10/site-packages/airflow/example_dags/example_branch_python_dop_operator_3.py
[2024-06-18T12:42:56.318+0400] {processor.py:830} INFO - Processing file /home/user/Desktop/airflowproj/py_env/lib/python3.10/site-packages/airflow/example_dags/example_branch_python_dop_operator_3.py for tasks to queue
[2024-06-18T12:42:56.319+0400] {logging_mixin.py:188} INFO - [2024-06-18T12:42:56.319+0400] {dagbag.py:545} INFO - Filling up the DagBag from /home/user/Desktop/airflowproj/py_env/lib/python3.10/site-packages/airflow/example_dags/example_branch_python_dop_operator_3.py
[2024-06-18T12:42:56.325+0400] {processor.py:840} INFO - DAG(s) 'example_branch_dop_operator_v3' retrieved from /home/user/Desktop/airflowproj/py_env/lib/python3.10/site-packages/airflow/example_dags/example_branch_python_dop_operator_3.py
[2024-06-18T12:42:56.332+0400] {logging_mixin.py:188} INFO - [2024-06-18T12:42:56.332+0400] {dag.py:3096} INFO - Sync 1 DAGs
[2024-06-18T12:42:56.343+0400] {logging_mixin.py:188} INFO - [2024-06-18T12:42:56.343+0400] {dag.py:3954} INFO - Setting next_dagrun for example_branch_dop_operator_v3 to 2024-06-18 08:41:00+00:00, run_after=2024-06-18 08:42:00+00:00
[2024-06-18T12:42:56.357+0400] {processor.py:183} INFO - Processing /home/user/Desktop/airflowproj/py_env/lib/python3.10/site-packages/airflow/example_dags/example_branch_python_dop_operator_3.py took 0.046 seconds
[2024-06-18T12:43:47.929+0400] {processor.py:161} INFO - Started process (PID=46748) to work on /home/user/Desktop/airflowproj/py_env/lib/python3.10/site-packages/airflow/example_dags/example_branch_python_dop_operator_3.py
[2024-06-18T12:43:47.931+0400] {processor.py:830} INFO - Processing file /home/user/Desktop/airflowproj/py_env/lib/python3.10/site-packages/airflow/example_dags/example_branch_python_dop_operator_3.py for tasks to queue
[2024-06-18T12:43:47.933+0400] {logging_mixin.py:188} INFO - [2024-06-18T12:43:47.932+0400] {dagbag.py:545} INFO - Filling up the DagBag from /home/user/Desktop/airflowproj/py_env/lib/python3.10/site-packages/airflow/example_dags/example_branch_python_dop_operator_3.py
[2024-06-18T12:43:47.937+0400] {processor.py:840} INFO - DAG(s) 'example_branch_dop_operator_v3' retrieved from /home/user/Desktop/airflowproj/py_env/lib/python3.10/site-packages/airflow/example_dags/example_branch_python_dop_operator_3.py
[2024-06-18T12:43:47.945+0400] {logging_mixin.py:188} INFO - [2024-06-18T12:43:47.945+0400] {dag.py:3096} INFO - Sync 1 DAGs
[2024-06-18T12:43:47.959+0400] {logging_mixin.py:188} INFO - [2024-06-18T12:43:47.959+0400] {dag.py:3954} INFO - Setting next_dagrun for example_branch_dop_operator_v3 to 2024-06-18 08:42:00+00:00, run_after=2024-06-18 08:43:00+00:00
[2024-06-18T12:43:47.975+0400] {processor.py:183} INFO - Processing /home/user/Desktop/airflowproj/py_env/lib/python3.10/site-packages/airflow/example_dags/example_branch_python_dop_operator_3.py took 0.052 seconds
[2024-06-18T12:44:38.477+0400] {processor.py:161} INFO - Started process (PID=46893) to work on /home/user/Desktop/airflowproj/py_env/lib/python3.10/site-packages/airflow/example_dags/example_branch_python_dop_operator_3.py
[2024-06-18T12:44:38.478+0400] {processor.py:830} INFO - Processing file /home/user/Desktop/airflowproj/py_env/lib/python3.10/site-packages/airflow/example_dags/example_branch_python_dop_operator_3.py for tasks to queue
[2024-06-18T12:44:38.479+0400] {logging_mixin.py:188} INFO - [2024-06-18T12:44:38.479+0400] {dagbag.py:545} INFO - Filling up the DagBag from /home/user/Desktop/airflowproj/py_env/lib/python3.10/site-packages/airflow/example_dags/example_branch_python_dop_operator_3.py
[2024-06-18T12:44:38.484+0400] {processor.py:840} INFO - DAG(s) 'example_branch_dop_operator_v3' retrieved from /home/user/Desktop/airflowproj/py_env/lib/python3.10/site-packages/airflow/example_dags/example_branch_python_dop_operator_3.py
[2024-06-18T12:44:38.493+0400] {logging_mixin.py:188} INFO - [2024-06-18T12:44:38.493+0400] {dag.py:3096} INFO - Sync 1 DAGs
[2024-06-18T12:44:38.560+0400] {logging_mixin.py:188} INFO - [2024-06-18T12:44:38.560+0400] {dag.py:3954} INFO - Setting next_dagrun for example_branch_dop_operator_v3 to 2024-06-18 08:43:00+00:00, run_after=2024-06-18 08:44:00+00:00
[2024-06-18T12:44:38.573+0400] {processor.py:183} INFO - Processing /home/user/Desktop/airflowproj/py_env/lib/python3.10/site-packages/airflow/example_dags/example_branch_python_dop_operator_3.py took 0.100 seconds
[2024-06-18T12:45:20.539+0400] {processor.py:161} INFO - Started process (PID=47009) to work on /home/user/Desktop/airflowproj/py_env/lib/python3.10/site-packages/airflow/example_dags/example_branch_python_dop_operator_3.py
[2024-06-18T12:45:20.541+0400] {processor.py:830} INFO - Processing file /home/user/Desktop/airflowproj/py_env/lib/python3.10/site-packages/airflow/example_dags/example_branch_python_dop_operator_3.py for tasks to queue
[2024-06-18T12:45:20.542+0400] {logging_mixin.py:188} INFO - [2024-06-18T12:45:20.542+0400] {dagbag.py:545} INFO - Filling up the DagBag from /home/user/Desktop/airflowproj/py_env/lib/python3.10/site-packages/airflow/example_dags/example_branch_python_dop_operator_3.py
[2024-06-18T12:45:20.547+0400] {processor.py:840} INFO - DAG(s) 'example_branch_dop_operator_v3' retrieved from /home/user/Desktop/airflowproj/py_env/lib/python3.10/site-packages/airflow/example_dags/example_branch_python_dop_operator_3.py
[2024-06-18T12:45:20.555+0400] {logging_mixin.py:188} INFO - [2024-06-18T12:45:20.555+0400] {dag.py:3096} INFO - Sync 1 DAGs
[2024-06-18T12:45:20.566+0400] {logging_mixin.py:188} INFO - [2024-06-18T12:45:20.566+0400] {dag.py:3954} INFO - Setting next_dagrun for example_branch_dop_operator_v3 to 2024-06-18 08:44:00+00:00, run_after=2024-06-18 08:45:00+00:00
[2024-06-18T12:45:20.580+0400] {processor.py:183} INFO - Processing /home/user/Desktop/airflowproj/py_env/lib/python3.10/site-packages/airflow/example_dags/example_branch_python_dop_operator_3.py took 0.045 seconds
[2024-06-18T12:46:03.441+0400] {processor.py:161} INFO - Started process (PID=47103) to work on /home/user/Desktop/airflowproj/py_env/lib/python3.10/site-packages/airflow/example_dags/example_branch_python_dop_operator_3.py
[2024-06-18T12:46:03.443+0400] {processor.py:830} INFO - Processing file /home/user/Desktop/airflowproj/py_env/lib/python3.10/site-packages/airflow/example_dags/example_branch_python_dop_operator_3.py for tasks to queue
[2024-06-18T12:46:03.444+0400] {logging_mixin.py:188} INFO - [2024-06-18T12:46:03.444+0400] {dagbag.py:545} INFO - Filling up the DagBag from /home/user/Desktop/airflowproj/py_env/lib/python3.10/site-packages/airflow/example_dags/example_branch_python_dop_operator_3.py
[2024-06-18T12:46:03.449+0400] {processor.py:840} INFO - DAG(s) 'example_branch_dop_operator_v3' retrieved from /home/user/Desktop/airflowproj/py_env/lib/python3.10/site-packages/airflow/example_dags/example_branch_python_dop_operator_3.py
[2024-06-18T12:46:03.457+0400] {logging_mixin.py:188} INFO - [2024-06-18T12:46:03.457+0400] {dag.py:3096} INFO - Sync 1 DAGs
[2024-06-18T12:46:03.468+0400] {logging_mixin.py:188} INFO - [2024-06-18T12:46:03.468+0400] {dag.py:3954} INFO - Setting next_dagrun for example_branch_dop_operator_v3 to 2024-06-18 08:45:00+00:00, run_after=2024-06-18 08:46:00+00:00
[2024-06-18T12:46:03.482+0400] {processor.py:183} INFO - Processing /home/user/Desktop/airflowproj/py_env/lib/python3.10/site-packages/airflow/example_dags/example_branch_python_dop_operator_3.py took 0.045 seconds
[2024-06-18T12:46:42.907+0400] {processor.py:161} INFO - Started process (PID=47300) to work on /home/user/Desktop/airflowproj/py_env/lib/python3.10/site-packages/airflow/example_dags/example_branch_python_dop_operator_3.py
[2024-06-18T12:46:42.910+0400] {processor.py:830} INFO - Processing file /home/user/Desktop/airflowproj/py_env/lib/python3.10/site-packages/airflow/example_dags/example_branch_python_dop_operator_3.py for tasks to queue
[2024-06-18T12:46:42.913+0400] {logging_mixin.py:188} INFO - [2024-06-18T12:46:42.912+0400] {dagbag.py:545} INFO - Filling up the DagBag from /home/user/Desktop/airflowproj/py_env/lib/python3.10/site-packages/airflow/example_dags/example_branch_python_dop_operator_3.py
[2024-06-18T12:46:42.921+0400] {processor.py:840} INFO - DAG(s) 'example_branch_dop_operator_v3' retrieved from /home/user/Desktop/airflowproj/py_env/lib/python3.10/site-packages/airflow/example_dags/example_branch_python_dop_operator_3.py
[2024-06-18T12:46:42.937+0400] {logging_mixin.py:188} INFO - [2024-06-18T12:46:42.937+0400] {dag.py:3096} INFO - Sync 1 DAGs
[2024-06-18T12:46:42.949+0400] {logging_mixin.py:188} INFO - [2024-06-18T12:46:42.949+0400] {dag.py:3954} INFO - Setting next_dagrun for example_branch_dop_operator_v3 to 2024-06-18 08:45:00+00:00, run_after=2024-06-18 08:46:00+00:00
[2024-06-18T12:46:42.961+0400] {processor.py:183} INFO - Processing /home/user/Desktop/airflowproj/py_env/lib/python3.10/site-packages/airflow/example_dags/example_branch_python_dop_operator_3.py took 0.059 seconds
[2024-06-18T12:47:40.982+0400] {processor.py:161} INFO - Started process (PID=48084) to work on /home/user/Desktop/airflowproj/py_env/lib/python3.10/site-packages/airflow/example_dags/example_branch_python_dop_operator_3.py
[2024-06-18T12:47:40.984+0400] {processor.py:830} INFO - Processing file /home/user/Desktop/airflowproj/py_env/lib/python3.10/site-packages/airflow/example_dags/example_branch_python_dop_operator_3.py for tasks to queue
[2024-06-18T12:47:40.985+0400] {logging_mixin.py:188} INFO - [2024-06-18T12:47:40.985+0400] {dagbag.py:545} INFO - Filling up the DagBag from /home/user/Desktop/airflowproj/py_env/lib/python3.10/site-packages/airflow/example_dags/example_branch_python_dop_operator_3.py
[2024-06-18T12:47:40.990+0400] {processor.py:840} INFO - DAG(s) 'example_branch_dop_operator_v3' retrieved from /home/user/Desktop/airflowproj/py_env/lib/python3.10/site-packages/airflow/example_dags/example_branch_python_dop_operator_3.py
[2024-06-18T12:47:40.997+0400] {logging_mixin.py:188} INFO - [2024-06-18T12:47:40.997+0400] {dag.py:3096} INFO - Sync 1 DAGs
[2024-06-18T12:47:41.007+0400] {logging_mixin.py:188} INFO - [2024-06-18T12:47:41.007+0400] {dag.py:3954} INFO - Setting next_dagrun for example_branch_dop_operator_v3 to 2024-06-18 08:46:00+00:00, run_after=2024-06-18 08:47:00+00:00
[2024-06-18T12:47:41.019+0400] {processor.py:183} INFO - Processing /home/user/Desktop/airflowproj/py_env/lib/python3.10/site-packages/airflow/example_dags/example_branch_python_dop_operator_3.py took 0.043 seconds
[2024-06-18T12:48:36.949+0400] {processor.py:161} INFO - Started process (PID=48306) to work on /home/user/Desktop/airflowproj/py_env/lib/python3.10/site-packages/airflow/example_dags/example_branch_python_dop_operator_3.py
[2024-06-18T12:48:36.951+0400] {processor.py:830} INFO - Processing file /home/user/Desktop/airflowproj/py_env/lib/python3.10/site-packages/airflow/example_dags/example_branch_python_dop_operator_3.py for tasks to queue
[2024-06-18T12:48:36.952+0400] {logging_mixin.py:188} INFO - [2024-06-18T12:48:36.951+0400] {dagbag.py:545} INFO - Filling up the DagBag from /home/user/Desktop/airflowproj/py_env/lib/python3.10/site-packages/airflow/example_dags/example_branch_python_dop_operator_3.py
[2024-06-18T12:48:36.957+0400] {processor.py:840} INFO - DAG(s) 'example_branch_dop_operator_v3' retrieved from /home/user/Desktop/airflowproj/py_env/lib/python3.10/site-packages/airflow/example_dags/example_branch_python_dop_operator_3.py
[2024-06-18T12:48:36.965+0400] {logging_mixin.py:188} INFO - [2024-06-18T12:48:36.965+0400] {dag.py:3096} INFO - Sync 1 DAGs
[2024-06-18T12:48:36.976+0400] {logging_mixin.py:188} INFO - [2024-06-18T12:48:36.975+0400] {dag.py:3954} INFO - Setting next_dagrun for example_branch_dop_operator_v3 to 2024-06-18 08:47:00+00:00, run_after=2024-06-18 08:48:00+00:00
[2024-06-18T12:48:36.991+0400] {processor.py:183} INFO - Processing /home/user/Desktop/airflowproj/py_env/lib/python3.10/site-packages/airflow/example_dags/example_branch_python_dop_operator_3.py took 0.047 seconds
[2024-06-18T12:49:30.073+0400] {processor.py:161} INFO - Started process (PID=48656) to work on /home/user/Desktop/airflowproj/py_env/lib/python3.10/site-packages/airflow/example_dags/example_branch_python_dop_operator_3.py
[2024-06-18T12:49:30.075+0400] {processor.py:830} INFO - Processing file /home/user/Desktop/airflowproj/py_env/lib/python3.10/site-packages/airflow/example_dags/example_branch_python_dop_operator_3.py for tasks to queue
[2024-06-18T12:49:30.077+0400] {logging_mixin.py:188} INFO - [2024-06-18T12:49:30.076+0400] {dagbag.py:545} INFO - Filling up the DagBag from /home/user/Desktop/airflowproj/py_env/lib/python3.10/site-packages/airflow/example_dags/example_branch_python_dop_operator_3.py
[2024-06-18T12:49:30.083+0400] {processor.py:840} INFO - DAG(s) 'example_branch_dop_operator_v3' retrieved from /home/user/Desktop/airflowproj/py_env/lib/python3.10/site-packages/airflow/example_dags/example_branch_python_dop_operator_3.py
[2024-06-18T12:49:30.090+0400] {logging_mixin.py:188} INFO - [2024-06-18T12:49:30.090+0400] {dag.py:3096} INFO - Sync 1 DAGs
[2024-06-18T12:49:30.101+0400] {logging_mixin.py:188} INFO - [2024-06-18T12:49:30.100+0400] {dag.py:3954} INFO - Setting next_dagrun for example_branch_dop_operator_v3 to 2024-06-18 08:48:00+00:00, run_after=2024-06-18 08:49:00+00:00
[2024-06-18T12:49:30.114+0400] {processor.py:183} INFO - Processing /home/user/Desktop/airflowproj/py_env/lib/python3.10/site-packages/airflow/example_dags/example_branch_python_dop_operator_3.py took 0.044 seconds
[2024-06-18T12:50:29.006+0400] {processor.py:161} INFO - Started process (PID=48822) to work on /home/user/Desktop/airflowproj/py_env/lib/python3.10/site-packages/airflow/example_dags/example_branch_python_dop_operator_3.py
[2024-06-18T12:50:29.008+0400] {processor.py:830} INFO - Processing file /home/user/Desktop/airflowproj/py_env/lib/python3.10/site-packages/airflow/example_dags/example_branch_python_dop_operator_3.py for tasks to queue
[2024-06-18T12:50:29.010+0400] {logging_mixin.py:188} INFO - [2024-06-18T12:50:29.010+0400] {dagbag.py:545} INFO - Filling up the DagBag from /home/user/Desktop/airflowproj/py_env/lib/python3.10/site-packages/airflow/example_dags/example_branch_python_dop_operator_3.py
[2024-06-18T12:50:29.015+0400] {processor.py:840} INFO - DAG(s) 'example_branch_dop_operator_v3' retrieved from /home/user/Desktop/airflowproj/py_env/lib/python3.10/site-packages/airflow/example_dags/example_branch_python_dop_operator_3.py
[2024-06-18T12:50:29.028+0400] {logging_mixin.py:188} INFO - [2024-06-18T12:50:29.028+0400] {dag.py:3096} INFO - Sync 1 DAGs
[2024-06-18T12:50:29.041+0400] {logging_mixin.py:188} INFO - [2024-06-18T12:50:29.041+0400] {dag.py:3954} INFO - Setting next_dagrun for example_branch_dop_operator_v3 to 2024-06-18 08:49:00+00:00, run_after=2024-06-18 08:50:00+00:00
[2024-06-18T12:50:29.055+0400] {processor.py:183} INFO - Processing /home/user/Desktop/airflowproj/py_env/lib/python3.10/site-packages/airflow/example_dags/example_branch_python_dop_operator_3.py took 0.054 seconds
[2024-06-18T12:51:08.993+0400] {processor.py:161} INFO - Started process (PID=48917) to work on /home/user/Desktop/airflowproj/py_env/lib/python3.10/site-packages/airflow/example_dags/example_branch_python_dop_operator_3.py
[2024-06-18T12:51:08.996+0400] {processor.py:830} INFO - Processing file /home/user/Desktop/airflowproj/py_env/lib/python3.10/site-packages/airflow/example_dags/example_branch_python_dop_operator_3.py for tasks to queue
[2024-06-18T12:51:08.997+0400] {logging_mixin.py:188} INFO - [2024-06-18T12:51:08.997+0400] {dagbag.py:545} INFO - Filling up the DagBag from /home/user/Desktop/airflowproj/py_env/lib/python3.10/site-packages/airflow/example_dags/example_branch_python_dop_operator_3.py
[2024-06-18T12:51:09.002+0400] {processor.py:840} INFO - DAG(s) 'example_branch_dop_operator_v3' retrieved from /home/user/Desktop/airflowproj/py_env/lib/python3.10/site-packages/airflow/example_dags/example_branch_python_dop_operator_3.py
[2024-06-18T12:51:09.012+0400] {logging_mixin.py:188} INFO - [2024-06-18T12:51:09.012+0400] {dag.py:3096} INFO - Sync 1 DAGs
[2024-06-18T12:51:09.028+0400] {logging_mixin.py:188} INFO - [2024-06-18T12:51:09.027+0400] {dag.py:3954} INFO - Setting next_dagrun for example_branch_dop_operator_v3 to 2024-06-18 08:50:00+00:00, run_after=2024-06-18 08:51:00+00:00
[2024-06-18T12:51:09.045+0400] {processor.py:183} INFO - Processing /home/user/Desktop/airflowproj/py_env/lib/python3.10/site-packages/airflow/example_dags/example_branch_python_dop_operator_3.py took 0.059 seconds
[2024-06-18T12:52:07.142+0400] {processor.py:161} INFO - Started process (PID=49163) to work on /home/user/Desktop/airflowproj/py_env/lib/python3.10/site-packages/airflow/example_dags/example_branch_python_dop_operator_3.py
[2024-06-18T12:52:07.144+0400] {processor.py:830} INFO - Processing file /home/user/Desktop/airflowproj/py_env/lib/python3.10/site-packages/airflow/example_dags/example_branch_python_dop_operator_3.py for tasks to queue
[2024-06-18T12:52:07.145+0400] {logging_mixin.py:188} INFO - [2024-06-18T12:52:07.145+0400] {dagbag.py:545} INFO - Filling up the DagBag from /home/user/Desktop/airflowproj/py_env/lib/python3.10/site-packages/airflow/example_dags/example_branch_python_dop_operator_3.py
[2024-06-18T12:52:07.150+0400] {processor.py:840} INFO - DAG(s) 'example_branch_dop_operator_v3' retrieved from /home/user/Desktop/airflowproj/py_env/lib/python3.10/site-packages/airflow/example_dags/example_branch_python_dop_operator_3.py
[2024-06-18T12:52:07.158+0400] {logging_mixin.py:188} INFO - [2024-06-18T12:52:07.158+0400] {dag.py:3096} INFO - Sync 1 DAGs
[2024-06-18T12:52:07.168+0400] {logging_mixin.py:188} INFO - [2024-06-18T12:52:07.168+0400] {dag.py:3954} INFO - Setting next_dagrun for example_branch_dop_operator_v3 to 2024-06-18 08:51:00+00:00, run_after=2024-06-18 08:52:00+00:00
[2024-06-18T12:52:07.182+0400] {processor.py:183} INFO - Processing /home/user/Desktop/airflowproj/py_env/lib/python3.10/site-packages/airflow/example_dags/example_branch_python_dop_operator_3.py took 0.045 seconds
[2024-06-18T12:52:45.325+0400] {processor.py:161} INFO - Started process (PID=49288) to work on /home/user/Desktop/airflowproj/py_env/lib/python3.10/site-packages/airflow/example_dags/example_branch_python_dop_operator_3.py
[2024-06-18T12:52:45.327+0400] {processor.py:830} INFO - Processing file /home/user/Desktop/airflowproj/py_env/lib/python3.10/site-packages/airflow/example_dags/example_branch_python_dop_operator_3.py for tasks to queue
[2024-06-18T12:52:45.328+0400] {logging_mixin.py:188} INFO - [2024-06-18T12:52:45.328+0400] {dagbag.py:545} INFO - Filling up the DagBag from /home/user/Desktop/airflowproj/py_env/lib/python3.10/site-packages/airflow/example_dags/example_branch_python_dop_operator_3.py
[2024-06-18T12:52:45.334+0400] {processor.py:840} INFO - DAG(s) 'example_branch_dop_operator_v3' retrieved from /home/user/Desktop/airflowproj/py_env/lib/python3.10/site-packages/airflow/example_dags/example_branch_python_dop_operator_3.py
[2024-06-18T12:52:45.343+0400] {logging_mixin.py:188} INFO - [2024-06-18T12:52:45.342+0400] {dag.py:3096} INFO - Sync 1 DAGs
[2024-06-18T12:52:45.353+0400] {logging_mixin.py:188} INFO - [2024-06-18T12:52:45.353+0400] {dag.py:3954} INFO - Setting next_dagrun for example_branch_dop_operator_v3 to 2024-06-18 08:51:00+00:00, run_after=2024-06-18 08:52:00+00:00
[2024-06-18T12:52:45.367+0400] {processor.py:183} INFO - Processing /home/user/Desktop/airflowproj/py_env/lib/python3.10/site-packages/airflow/example_dags/example_branch_python_dop_operator_3.py took 0.046 seconds
[2024-06-18T12:53:25.609+0400] {processor.py:161} INFO - Started process (PID=49499) to work on /home/user/Desktop/airflowproj/py_env/lib/python3.10/site-packages/airflow/example_dags/example_branch_python_dop_operator_3.py
[2024-06-18T12:53:25.610+0400] {processor.py:830} INFO - Processing file /home/user/Desktop/airflowproj/py_env/lib/python3.10/site-packages/airflow/example_dags/example_branch_python_dop_operator_3.py for tasks to queue
[2024-06-18T12:53:25.611+0400] {logging_mixin.py:188} INFO - [2024-06-18T12:53:25.610+0400] {dagbag.py:545} INFO - Filling up the DagBag from /home/user/Desktop/airflowproj/py_env/lib/python3.10/site-packages/airflow/example_dags/example_branch_python_dop_operator_3.py
[2024-06-18T12:53:25.616+0400] {processor.py:840} INFO - DAG(s) 'example_branch_dop_operator_v3' retrieved from /home/user/Desktop/airflowproj/py_env/lib/python3.10/site-packages/airflow/example_dags/example_branch_python_dop_operator_3.py
[2024-06-18T12:53:25.624+0400] {logging_mixin.py:188} INFO - [2024-06-18T12:53:25.624+0400] {dag.py:3096} INFO - Sync 1 DAGs
[2024-06-18T12:53:25.635+0400] {logging_mixin.py:188} INFO - [2024-06-18T12:53:25.635+0400] {dag.py:3954} INFO - Setting next_dagrun for example_branch_dop_operator_v3 to 2024-06-18 08:52:00+00:00, run_after=2024-06-18 08:53:00+00:00
[2024-06-18T12:53:25.649+0400] {processor.py:183} INFO - Processing /home/user/Desktop/airflowproj/py_env/lib/python3.10/site-packages/airflow/example_dags/example_branch_python_dop_operator_3.py took 0.045 seconds
[2024-06-18T12:54:05.018+0400] {processor.py:161} INFO - Started process (PID=49648) to work on /home/user/Desktop/airflowproj/py_env/lib/python3.10/site-packages/airflow/example_dags/example_branch_python_dop_operator_3.py
[2024-06-18T12:54:05.019+0400] {processor.py:830} INFO - Processing file /home/user/Desktop/airflowproj/py_env/lib/python3.10/site-packages/airflow/example_dags/example_branch_python_dop_operator_3.py for tasks to queue
[2024-06-18T12:54:05.021+0400] {logging_mixin.py:188} INFO - [2024-06-18T12:54:05.020+0400] {dagbag.py:545} INFO - Filling up the DagBag from /home/user/Desktop/airflowproj/py_env/lib/python3.10/site-packages/airflow/example_dags/example_branch_python_dop_operator_3.py
[2024-06-18T12:54:05.026+0400] {processor.py:840} INFO - DAG(s) 'example_branch_dop_operator_v3' retrieved from /home/user/Desktop/airflowproj/py_env/lib/python3.10/site-packages/airflow/example_dags/example_branch_python_dop_operator_3.py
[2024-06-18T12:54:05.036+0400] {logging_mixin.py:188} INFO - [2024-06-18T12:54:05.036+0400] {dag.py:3096} INFO - Sync 1 DAGs
[2024-06-18T12:54:05.048+0400] {logging_mixin.py:188} INFO - [2024-06-18T12:54:05.048+0400] {dag.py:3954} INFO - Setting next_dagrun for example_branch_dop_operator_v3 to 2024-06-18 08:53:00+00:00, run_after=2024-06-18 08:54:00+00:00
[2024-06-18T12:54:05.063+0400] {processor.py:183} INFO - Processing /home/user/Desktop/airflowproj/py_env/lib/python3.10/site-packages/airflow/example_dags/example_branch_python_dop_operator_3.py took 0.051 seconds
[2024-06-18T12:55:03.312+0400] {processor.py:161} INFO - Started process (PID=49765) to work on /home/user/Desktop/airflowproj/py_env/lib/python3.10/site-packages/airflow/example_dags/example_branch_python_dop_operator_3.py
[2024-06-18T12:55:03.314+0400] {processor.py:830} INFO - Processing file /home/user/Desktop/airflowproj/py_env/lib/python3.10/site-packages/airflow/example_dags/example_branch_python_dop_operator_3.py for tasks to queue
[2024-06-18T12:55:03.315+0400] {logging_mixin.py:188} INFO - [2024-06-18T12:55:03.315+0400] {dagbag.py:545} INFO - Filling up the DagBag from /home/user/Desktop/airflowproj/py_env/lib/python3.10/site-packages/airflow/example_dags/example_branch_python_dop_operator_3.py
[2024-06-18T12:55:03.320+0400] {processor.py:840} INFO - DAG(s) 'example_branch_dop_operator_v3' retrieved from /home/user/Desktop/airflowproj/py_env/lib/python3.10/site-packages/airflow/example_dags/example_branch_python_dop_operator_3.py
[2024-06-18T12:55:03.328+0400] {logging_mixin.py:188} INFO - [2024-06-18T12:55:03.328+0400] {dag.py:3096} INFO - Sync 1 DAGs
[2024-06-18T12:55:03.340+0400] {logging_mixin.py:188} INFO - [2024-06-18T12:55:03.339+0400] {dag.py:3954} INFO - Setting next_dagrun for example_branch_dop_operator_v3 to 2024-06-18 08:54:00+00:00, run_after=2024-06-18 08:55:00+00:00
[2024-06-18T12:55:03.354+0400] {processor.py:183} INFO - Processing /home/user/Desktop/airflowproj/py_env/lib/python3.10/site-packages/airflow/example_dags/example_branch_python_dop_operator_3.py took 0.048 seconds
[2024-06-18T12:55:59.129+0400] {processor.py:161} INFO - Started process (PID=50096) to work on /home/user/Desktop/airflowproj/py_env/lib/python3.10/site-packages/airflow/example_dags/example_branch_python_dop_operator_3.py
[2024-06-18T12:55:59.131+0400] {processor.py:830} INFO - Processing file /home/user/Desktop/airflowproj/py_env/lib/python3.10/site-packages/airflow/example_dags/example_branch_python_dop_operator_3.py for tasks to queue
[2024-06-18T12:55:59.132+0400] {logging_mixin.py:188} INFO - [2024-06-18T12:55:59.132+0400] {dagbag.py:545} INFO - Filling up the DagBag from /home/user/Desktop/airflowproj/py_env/lib/python3.10/site-packages/airflow/example_dags/example_branch_python_dop_operator_3.py
[2024-06-18T12:55:59.137+0400] {processor.py:840} INFO - DAG(s) 'example_branch_dop_operator_v3' retrieved from /home/user/Desktop/airflowproj/py_env/lib/python3.10/site-packages/airflow/example_dags/example_branch_python_dop_operator_3.py
[2024-06-18T12:55:59.145+0400] {logging_mixin.py:188} INFO - [2024-06-18T12:55:59.145+0400] {dag.py:3096} INFO - Sync 1 DAGs
[2024-06-18T12:55:59.155+0400] {logging_mixin.py:188} INFO - [2024-06-18T12:55:59.155+0400] {dag.py:3954} INFO - Setting next_dagrun for example_branch_dop_operator_v3 to 2024-06-18 08:54:00+00:00, run_after=2024-06-18 08:55:00+00:00
[2024-06-18T12:55:59.169+0400] {processor.py:183} INFO - Processing /home/user/Desktop/airflowproj/py_env/lib/python3.10/site-packages/airflow/example_dags/example_branch_python_dop_operator_3.py took 0.044 seconds
[2024-06-18T12:56:39.248+0400] {processor.py:161} INFO - Started process (PID=50286) to work on /home/user/Desktop/airflowproj/py_env/lib/python3.10/site-packages/airflow/example_dags/example_branch_python_dop_operator_3.py
[2024-06-18T12:56:39.250+0400] {processor.py:830} INFO - Processing file /home/user/Desktop/airflowproj/py_env/lib/python3.10/site-packages/airflow/example_dags/example_branch_python_dop_operator_3.py for tasks to queue
[2024-06-18T12:56:39.252+0400] {logging_mixin.py:188} INFO - [2024-06-18T12:56:39.251+0400] {dagbag.py:545} INFO - Filling up the DagBag from /home/user/Desktop/airflowproj/py_env/lib/python3.10/site-packages/airflow/example_dags/example_branch_python_dop_operator_3.py
[2024-06-18T12:56:39.257+0400] {processor.py:840} INFO - DAG(s) 'example_branch_dop_operator_v3' retrieved from /home/user/Desktop/airflowproj/py_env/lib/python3.10/site-packages/airflow/example_dags/example_branch_python_dop_operator_3.py
[2024-06-18T12:56:39.265+0400] {logging_mixin.py:188} INFO - [2024-06-18T12:56:39.264+0400] {dag.py:3096} INFO - Sync 1 DAGs
[2024-06-18T12:56:39.276+0400] {logging_mixin.py:188} INFO - [2024-06-18T12:56:39.276+0400] {dag.py:3954} INFO - Setting next_dagrun for example_branch_dop_operator_v3 to 2024-06-18 08:55:00+00:00, run_after=2024-06-18 08:56:00+00:00
[2024-06-18T12:56:39.289+0400] {processor.py:183} INFO - Processing /home/user/Desktop/airflowproj/py_env/lib/python3.10/site-packages/airflow/example_dags/example_branch_python_dop_operator_3.py took 0.046 seconds
[2024-06-18T12:57:37.597+0400] {processor.py:161} INFO - Started process (PID=50506) to work on /home/user/Desktop/airflowproj/py_env/lib/python3.10/site-packages/airflow/example_dags/example_branch_python_dop_operator_3.py
[2024-06-18T12:57:37.599+0400] {processor.py:830} INFO - Processing file /home/user/Desktop/airflowproj/py_env/lib/python3.10/site-packages/airflow/example_dags/example_branch_python_dop_operator_3.py for tasks to queue
[2024-06-18T12:57:37.600+0400] {logging_mixin.py:188} INFO - [2024-06-18T12:57:37.599+0400] {dagbag.py:545} INFO - Filling up the DagBag from /home/user/Desktop/airflowproj/py_env/lib/python3.10/site-packages/airflow/example_dags/example_branch_python_dop_operator_3.py
[2024-06-18T12:57:37.604+0400] {processor.py:840} INFO - DAG(s) 'example_branch_dop_operator_v3' retrieved from /home/user/Desktop/airflowproj/py_env/lib/python3.10/site-packages/airflow/example_dags/example_branch_python_dop_operator_3.py
[2024-06-18T12:57:37.612+0400] {logging_mixin.py:188} INFO - [2024-06-18T12:57:37.611+0400] {dag.py:3096} INFO - Sync 1 DAGs
[2024-06-18T12:57:37.622+0400] {logging_mixin.py:188} INFO - [2024-06-18T12:57:37.622+0400] {dag.py:3954} INFO - Setting next_dagrun for example_branch_dop_operator_v3 to 2024-06-18 08:56:00+00:00, run_after=2024-06-18 08:57:00+00:00
[2024-06-18T12:57:37.637+0400] {processor.py:183} INFO - Processing /home/user/Desktop/airflowproj/py_env/lib/python3.10/site-packages/airflow/example_dags/example_branch_python_dop_operator_3.py took 0.043 seconds
[2024-06-18T12:58:17.262+0400] {processor.py:161} INFO - Started process (PID=50896) to work on /home/user/Desktop/airflowproj/py_env/lib/python3.10/site-packages/airflow/example_dags/example_branch_python_dop_operator_3.py
[2024-06-18T12:58:17.264+0400] {processor.py:830} INFO - Processing file /home/user/Desktop/airflowproj/py_env/lib/python3.10/site-packages/airflow/example_dags/example_branch_python_dop_operator_3.py for tasks to queue
[2024-06-18T12:58:17.266+0400] {logging_mixin.py:188} INFO - [2024-06-18T12:58:17.265+0400] {dagbag.py:545} INFO - Filling up the DagBag from /home/user/Desktop/airflowproj/py_env/lib/python3.10/site-packages/airflow/example_dags/example_branch_python_dop_operator_3.py
[2024-06-18T12:58:17.271+0400] {processor.py:840} INFO - DAG(s) 'example_branch_dop_operator_v3' retrieved from /home/user/Desktop/airflowproj/py_env/lib/python3.10/site-packages/airflow/example_dags/example_branch_python_dop_operator_3.py
[2024-06-18T12:58:17.278+0400] {logging_mixin.py:188} INFO - [2024-06-18T12:58:17.278+0400] {dag.py:3096} INFO - Sync 1 DAGs
[2024-06-18T12:58:17.288+0400] {logging_mixin.py:188} INFO - [2024-06-18T12:58:17.288+0400] {dag.py:3954} INFO - Setting next_dagrun for example_branch_dop_operator_v3 to 2024-06-18 08:57:00+00:00, run_after=2024-06-18 08:58:00+00:00
[2024-06-18T12:58:17.303+0400] {processor.py:183} INFO - Processing /home/user/Desktop/airflowproj/py_env/lib/python3.10/site-packages/airflow/example_dags/example_branch_python_dop_operator_3.py took 0.045 seconds
[2024-06-18T12:59:16.323+0400] {processor.py:161} INFO - Started process (PID=51299) to work on /home/user/Desktop/airflowproj/py_env/lib/python3.10/site-packages/airflow/example_dags/example_branch_python_dop_operator_3.py
[2024-06-18T12:59:16.325+0400] {processor.py:830} INFO - Processing file /home/user/Desktop/airflowproj/py_env/lib/python3.10/site-packages/airflow/example_dags/example_branch_python_dop_operator_3.py for tasks to queue
[2024-06-18T12:59:16.326+0400] {logging_mixin.py:188} INFO - [2024-06-18T12:59:16.326+0400] {dagbag.py:545} INFO - Filling up the DagBag from /home/user/Desktop/airflowproj/py_env/lib/python3.10/site-packages/airflow/example_dags/example_branch_python_dop_operator_3.py
[2024-06-18T12:59:16.331+0400] {processor.py:840} INFO - DAG(s) 'example_branch_dop_operator_v3' retrieved from /home/user/Desktop/airflowproj/py_env/lib/python3.10/site-packages/airflow/example_dags/example_branch_python_dop_operator_3.py
[2024-06-18T12:59:16.345+0400] {logging_mixin.py:188} INFO - [2024-06-18T12:59:16.345+0400] {dag.py:3096} INFO - Sync 1 DAGs
[2024-06-18T12:59:16.357+0400] {logging_mixin.py:188} INFO - [2024-06-18T12:59:16.357+0400] {dag.py:3954} INFO - Setting next_dagrun for example_branch_dop_operator_v3 to 2024-06-18 08:58:00+00:00, run_after=2024-06-18 08:59:00+00:00
[2024-06-18T12:59:16.373+0400] {processor.py:183} INFO - Processing /home/user/Desktop/airflowproj/py_env/lib/python3.10/site-packages/airflow/example_dags/example_branch_python_dop_operator_3.py took 0.055 seconds
[2024-06-18T13:00:10.027+0400] {processor.py:161} INFO - Started process (PID=51649) to work on /home/user/Desktop/airflowproj/py_env/lib/python3.10/site-packages/airflow/example_dags/example_branch_python_dop_operator_3.py
[2024-06-18T13:00:10.029+0400] {processor.py:830} INFO - Processing file /home/user/Desktop/airflowproj/py_env/lib/python3.10/site-packages/airflow/example_dags/example_branch_python_dop_operator_3.py for tasks to queue
[2024-06-18T13:00:10.031+0400] {logging_mixin.py:188} INFO - [2024-06-18T13:00:10.030+0400] {dagbag.py:545} INFO - Filling up the DagBag from /home/user/Desktop/airflowproj/py_env/lib/python3.10/site-packages/airflow/example_dags/example_branch_python_dop_operator_3.py
[2024-06-18T13:00:10.035+0400] {processor.py:840} INFO - DAG(s) 'example_branch_dop_operator_v3' retrieved from /home/user/Desktop/airflowproj/py_env/lib/python3.10/site-packages/airflow/example_dags/example_branch_python_dop_operator_3.py
[2024-06-18T13:00:10.043+0400] {logging_mixin.py:188} INFO - [2024-06-18T13:00:10.043+0400] {dag.py:3096} INFO - Sync 1 DAGs
[2024-06-18T13:00:10.055+0400] {logging_mixin.py:188} INFO - [2024-06-18T13:00:10.054+0400] {dag.py:3954} INFO - Setting next_dagrun for example_branch_dop_operator_v3 to 2024-06-18 08:59:00+00:00, run_after=2024-06-18 09:00:00+00:00
[2024-06-18T13:00:10.073+0400] {processor.py:183} INFO - Processing /home/user/Desktop/airflowproj/py_env/lib/python3.10/site-packages/airflow/example_dags/example_branch_python_dop_operator_3.py took 0.049 seconds
[2024-06-18T13:01:07.862+0400] {processor.py:161} INFO - Started process (PID=51981) to work on /home/user/Desktop/airflowproj/py_env/lib/python3.10/site-packages/airflow/example_dags/example_branch_python_dop_operator_3.py
[2024-06-18T13:01:07.864+0400] {processor.py:830} INFO - Processing file /home/user/Desktop/airflowproj/py_env/lib/python3.10/site-packages/airflow/example_dags/example_branch_python_dop_operator_3.py for tasks to queue
[2024-06-18T13:01:07.865+0400] {logging_mixin.py:188} INFO - [2024-06-18T13:01:07.865+0400] {dagbag.py:545} INFO - Filling up the DagBag from /home/user/Desktop/airflowproj/py_env/lib/python3.10/site-packages/airflow/example_dags/example_branch_python_dop_operator_3.py
[2024-06-18T13:01:07.869+0400] {processor.py:840} INFO - DAG(s) 'example_branch_dop_operator_v3' retrieved from /home/user/Desktop/airflowproj/py_env/lib/python3.10/site-packages/airflow/example_dags/example_branch_python_dop_operator_3.py
[2024-06-18T13:01:07.877+0400] {logging_mixin.py:188} INFO - [2024-06-18T13:01:07.877+0400] {dag.py:3096} INFO - Sync 1 DAGs
[2024-06-18T13:01:07.888+0400] {logging_mixin.py:188} INFO - [2024-06-18T13:01:07.888+0400] {dag.py:3954} INFO - Setting next_dagrun for example_branch_dop_operator_v3 to 2024-06-18 09:00:00+00:00, run_after=2024-06-18 09:01:00+00:00
[2024-06-18T13:01:07.901+0400] {processor.py:183} INFO - Processing /home/user/Desktop/airflowproj/py_env/lib/python3.10/site-packages/airflow/example_dags/example_branch_python_dop_operator_3.py took 0.043 seconds
[2024-06-18T13:01:47.752+0400] {processor.py:161} INFO - Started process (PID=52236) to work on /home/user/Desktop/airflowproj/py_env/lib/python3.10/site-packages/airflow/example_dags/example_branch_python_dop_operator_3.py
[2024-06-18T13:01:47.754+0400] {processor.py:830} INFO - Processing file /home/user/Desktop/airflowproj/py_env/lib/python3.10/site-packages/airflow/example_dags/example_branch_python_dop_operator_3.py for tasks to queue
[2024-06-18T13:01:47.755+0400] {logging_mixin.py:188} INFO - [2024-06-18T13:01:47.755+0400] {dagbag.py:545} INFO - Filling up the DagBag from /home/user/Desktop/airflowproj/py_env/lib/python3.10/site-packages/airflow/example_dags/example_branch_python_dop_operator_3.py
[2024-06-18T13:01:47.762+0400] {processor.py:840} INFO - DAG(s) 'example_branch_dop_operator_v3' retrieved from /home/user/Desktop/airflowproj/py_env/lib/python3.10/site-packages/airflow/example_dags/example_branch_python_dop_operator_3.py
[2024-06-18T13:01:47.772+0400] {logging_mixin.py:188} INFO - [2024-06-18T13:01:47.772+0400] {dag.py:3096} INFO - Sync 1 DAGs
[2024-06-18T13:01:47.786+0400] {logging_mixin.py:188} INFO - [2024-06-18T13:01:47.786+0400] {dag.py:3954} INFO - Setting next_dagrun for example_branch_dop_operator_v3 to 2024-06-18 09:00:00+00:00, run_after=2024-06-18 09:01:00+00:00
[2024-06-18T13:01:47.813+0400] {processor.py:183} INFO - Processing /home/user/Desktop/airflowproj/py_env/lib/python3.10/site-packages/airflow/example_dags/example_branch_python_dop_operator_3.py took 0.067 seconds
[2024-06-18T13:02:27.737+0400] {processor.py:161} INFO - Started process (PID=52878) to work on /home/user/Desktop/airflowproj/py_env/lib/python3.10/site-packages/airflow/example_dags/example_branch_python_dop_operator_3.py
[2024-06-18T13:02:27.740+0400] {processor.py:830} INFO - Processing file /home/user/Desktop/airflowproj/py_env/lib/python3.10/site-packages/airflow/example_dags/example_branch_python_dop_operator_3.py for tasks to queue
[2024-06-18T13:02:27.741+0400] {logging_mixin.py:188} INFO - [2024-06-18T13:02:27.740+0400] {dagbag.py:545} INFO - Filling up the DagBag from /home/user/Desktop/airflowproj/py_env/lib/python3.10/site-packages/airflow/example_dags/example_branch_python_dop_operator_3.py
[2024-06-18T13:02:27.746+0400] {processor.py:840} INFO - DAG(s) 'example_branch_dop_operator_v3' retrieved from /home/user/Desktop/airflowproj/py_env/lib/python3.10/site-packages/airflow/example_dags/example_branch_python_dop_operator_3.py
[2024-06-18T13:02:27.754+0400] {logging_mixin.py:188} INFO - [2024-06-18T13:02:27.754+0400] {dag.py:3096} INFO - Sync 1 DAGs
[2024-06-18T13:02:27.764+0400] {logging_mixin.py:188} INFO - [2024-06-18T13:02:27.764+0400] {dag.py:3954} INFO - Setting next_dagrun for example_branch_dop_operator_v3 to 2024-06-18 09:01:00+00:00, run_after=2024-06-18 09:02:00+00:00
[2024-06-18T13:02:27.780+0400] {processor.py:183} INFO - Processing /home/user/Desktop/airflowproj/py_env/lib/python3.10/site-packages/airflow/example_dags/example_branch_python_dop_operator_3.py took 0.047 seconds
[2024-06-18T13:03:06.662+0400] {processor.py:161} INFO - Started process (PID=53041) to work on /home/user/Desktop/airflowproj/py_env/lib/python3.10/site-packages/airflow/example_dags/example_branch_python_dop_operator_3.py
[2024-06-18T13:03:06.664+0400] {processor.py:830} INFO - Processing file /home/user/Desktop/airflowproj/py_env/lib/python3.10/site-packages/airflow/example_dags/example_branch_python_dop_operator_3.py for tasks to queue
[2024-06-18T13:03:06.665+0400] {logging_mixin.py:188} INFO - [2024-06-18T13:03:06.665+0400] {dagbag.py:545} INFO - Filling up the DagBag from /home/user/Desktop/airflowproj/py_env/lib/python3.10/site-packages/airflow/example_dags/example_branch_python_dop_operator_3.py
[2024-06-18T13:03:06.670+0400] {processor.py:840} INFO - DAG(s) 'example_branch_dop_operator_v3' retrieved from /home/user/Desktop/airflowproj/py_env/lib/python3.10/site-packages/airflow/example_dags/example_branch_python_dop_operator_3.py
[2024-06-18T13:03:06.678+0400] {logging_mixin.py:188} INFO - [2024-06-18T13:03:06.678+0400] {dag.py:3096} INFO - Sync 1 DAGs
[2024-06-18T13:03:06.690+0400] {logging_mixin.py:188} INFO - [2024-06-18T13:03:06.689+0400] {dag.py:3954} INFO - Setting next_dagrun for example_branch_dop_operator_v3 to 2024-06-18 09:02:00+00:00, run_after=2024-06-18 09:03:00+00:00
[2024-06-18T13:03:06.704+0400] {processor.py:183} INFO - Processing /home/user/Desktop/airflowproj/py_env/lib/python3.10/site-packages/airflow/example_dags/example_branch_python_dop_operator_3.py took 0.047 seconds
[2024-06-18T13:03:47.591+0400] {processor.py:161} INFO - Started process (PID=53178) to work on /home/user/Desktop/airflowproj/py_env/lib/python3.10/site-packages/airflow/example_dags/example_branch_python_dop_operator_3.py
[2024-06-18T13:03:47.594+0400] {processor.py:830} INFO - Processing file /home/user/Desktop/airflowproj/py_env/lib/python3.10/site-packages/airflow/example_dags/example_branch_python_dop_operator_3.py for tasks to queue
[2024-06-18T13:03:47.595+0400] {logging_mixin.py:188} INFO - [2024-06-18T13:03:47.595+0400] {dagbag.py:545} INFO - Filling up the DagBag from /home/user/Desktop/airflowproj/py_env/lib/python3.10/site-packages/airflow/example_dags/example_branch_python_dop_operator_3.py
[2024-06-18T13:03:47.600+0400] {processor.py:840} INFO - DAG(s) 'example_branch_dop_operator_v3' retrieved from /home/user/Desktop/airflowproj/py_env/lib/python3.10/site-packages/airflow/example_dags/example_branch_python_dop_operator_3.py
[2024-06-18T13:03:47.608+0400] {logging_mixin.py:188} INFO - [2024-06-18T13:03:47.607+0400] {dag.py:3096} INFO - Sync 1 DAGs
[2024-06-18T13:03:47.619+0400] {logging_mixin.py:188} INFO - [2024-06-18T13:03:47.619+0400] {dag.py:3954} INFO - Setting next_dagrun for example_branch_dop_operator_v3 to 2024-06-18 09:02:00+00:00, run_after=2024-06-18 09:03:00+00:00
[2024-06-18T13:03:47.634+0400] {processor.py:183} INFO - Processing /home/user/Desktop/airflowproj/py_env/lib/python3.10/site-packages/airflow/example_dags/example_branch_python_dop_operator_3.py took 0.048 seconds
[2024-06-18T13:04:44.519+0400] {processor.py:161} INFO - Started process (PID=53391) to work on /home/user/Desktop/airflowproj/py_env/lib/python3.10/site-packages/airflow/example_dags/example_branch_python_dop_operator_3.py
[2024-06-18T13:04:44.520+0400] {processor.py:830} INFO - Processing file /home/user/Desktop/airflowproj/py_env/lib/python3.10/site-packages/airflow/example_dags/example_branch_python_dop_operator_3.py for tasks to queue
[2024-06-18T13:04:44.521+0400] {logging_mixin.py:188} INFO - [2024-06-18T13:04:44.520+0400] {dagbag.py:545} INFO - Filling up the DagBag from /home/user/Desktop/airflowproj/py_env/lib/python3.10/site-packages/airflow/example_dags/example_branch_python_dop_operator_3.py
[2024-06-18T13:04:44.525+0400] {processor.py:840} INFO - DAG(s) 'example_branch_dop_operator_v3' retrieved from /home/user/Desktop/airflowproj/py_env/lib/python3.10/site-packages/airflow/example_dags/example_branch_python_dop_operator_3.py
[2024-06-18T13:04:44.532+0400] {logging_mixin.py:188} INFO - [2024-06-18T13:04:44.532+0400] {dag.py:3096} INFO - Sync 1 DAGs
[2024-06-18T13:04:44.543+0400] {logging_mixin.py:188} INFO - [2024-06-18T13:04:44.543+0400] {dag.py:3954} INFO - Setting next_dagrun for example_branch_dop_operator_v3 to 2024-06-18 09:03:00+00:00, run_after=2024-06-18 09:04:00+00:00
[2024-06-18T13:04:44.557+0400] {processor.py:183} INFO - Processing /home/user/Desktop/airflowproj/py_env/lib/python3.10/site-packages/airflow/example_dags/example_branch_python_dop_operator_3.py took 0.043 seconds
[2024-06-18T13:05:41.892+0400] {processor.py:161} INFO - Started process (PID=53641) to work on /home/user/Desktop/airflowproj/py_env/lib/python3.10/site-packages/airflow/example_dags/example_branch_python_dop_operator_3.py
[2024-06-18T13:05:41.893+0400] {processor.py:830} INFO - Processing file /home/user/Desktop/airflowproj/py_env/lib/python3.10/site-packages/airflow/example_dags/example_branch_python_dop_operator_3.py for tasks to queue
[2024-06-18T13:05:41.895+0400] {logging_mixin.py:188} INFO - [2024-06-18T13:05:41.894+0400] {dagbag.py:545} INFO - Filling up the DagBag from /home/user/Desktop/airflowproj/py_env/lib/python3.10/site-packages/airflow/example_dags/example_branch_python_dop_operator_3.py
[2024-06-18T13:05:41.900+0400] {processor.py:840} INFO - DAG(s) 'example_branch_dop_operator_v3' retrieved from /home/user/Desktop/airflowproj/py_env/lib/python3.10/site-packages/airflow/example_dags/example_branch_python_dop_operator_3.py
[2024-06-18T13:05:41.909+0400] {logging_mixin.py:188} INFO - [2024-06-18T13:05:41.909+0400] {dag.py:3096} INFO - Sync 1 DAGs
[2024-06-18T13:05:41.919+0400] {logging_mixin.py:188} INFO - [2024-06-18T13:05:41.919+0400] {dag.py:3954} INFO - Setting next_dagrun for example_branch_dop_operator_v3 to 2024-06-18 09:04:00+00:00, run_after=2024-06-18 09:05:00+00:00
[2024-06-18T13:05:41.932+0400] {processor.py:183} INFO - Processing /home/user/Desktop/airflowproj/py_env/lib/python3.10/site-packages/airflow/example_dags/example_branch_python_dop_operator_3.py took 0.045 seconds
[2024-06-18T13:06:40.192+0400] {processor.py:161} INFO - Started process (PID=53833) to work on /home/user/Desktop/airflowproj/py_env/lib/python3.10/site-packages/airflow/example_dags/example_branch_python_dop_operator_3.py
[2024-06-18T13:06:40.194+0400] {processor.py:830} INFO - Processing file /home/user/Desktop/airflowproj/py_env/lib/python3.10/site-packages/airflow/example_dags/example_branch_python_dop_operator_3.py for tasks to queue
[2024-06-18T13:06:40.196+0400] {logging_mixin.py:188} INFO - [2024-06-18T13:06:40.195+0400] {dagbag.py:545} INFO - Filling up the DagBag from /home/user/Desktop/airflowproj/py_env/lib/python3.10/site-packages/airflow/example_dags/example_branch_python_dop_operator_3.py
[2024-06-18T13:06:40.201+0400] {processor.py:840} INFO - DAG(s) 'example_branch_dop_operator_v3' retrieved from /home/user/Desktop/airflowproj/py_env/lib/python3.10/site-packages/airflow/example_dags/example_branch_python_dop_operator_3.py
[2024-06-18T13:06:40.207+0400] {logging_mixin.py:188} INFO - [2024-06-18T13:06:40.207+0400] {dag.py:3096} INFO - Sync 1 DAGs
[2024-06-18T13:06:40.217+0400] {logging_mixin.py:188} INFO - [2024-06-18T13:06:40.217+0400] {dag.py:3954} INFO - Setting next_dagrun for example_branch_dop_operator_v3 to 2024-06-18 09:05:00+00:00, run_after=2024-06-18 09:06:00+00:00
[2024-06-18T13:06:40.231+0400] {processor.py:183} INFO - Processing /home/user/Desktop/airflowproj/py_env/lib/python3.10/site-packages/airflow/example_dags/example_branch_python_dop_operator_3.py took 0.045 seconds
[2024-06-18T13:07:20.968+0400] {processor.py:161} INFO - Started process (PID=53973) to work on /home/user/Desktop/airflowproj/py_env/lib/python3.10/site-packages/airflow/example_dags/example_branch_python_dop_operator_3.py
[2024-06-18T13:07:20.969+0400] {processor.py:830} INFO - Processing file /home/user/Desktop/airflowproj/py_env/lib/python3.10/site-packages/airflow/example_dags/example_branch_python_dop_operator_3.py for tasks to queue
[2024-06-18T13:07:20.970+0400] {logging_mixin.py:188} INFO - [2024-06-18T13:07:20.970+0400] {dagbag.py:545} INFO - Filling up the DagBag from /home/user/Desktop/airflowproj/py_env/lib/python3.10/site-packages/airflow/example_dags/example_branch_python_dop_operator_3.py
[2024-06-18T13:07:20.975+0400] {processor.py:840} INFO - DAG(s) 'example_branch_dop_operator_v3' retrieved from /home/user/Desktop/airflowproj/py_env/lib/python3.10/site-packages/airflow/example_dags/example_branch_python_dop_operator_3.py
[2024-06-18T13:07:20.982+0400] {logging_mixin.py:188} INFO - [2024-06-18T13:07:20.982+0400] {dag.py:3096} INFO - Sync 1 DAGs
[2024-06-18T13:07:20.992+0400] {logging_mixin.py:188} INFO - [2024-06-18T13:07:20.991+0400] {dag.py:3954} INFO - Setting next_dagrun for example_branch_dop_operator_v3 to 2024-06-18 09:06:00+00:00, run_after=2024-06-18 09:07:00+00:00
[2024-06-18T13:07:21.004+0400] {processor.py:183} INFO - Processing /home/user/Desktop/airflowproj/py_env/lib/python3.10/site-packages/airflow/example_dags/example_branch_python_dop_operator_3.py took 0.040 seconds
[2024-06-18T13:08:03.156+0400] {processor.py:161} INFO - Started process (PID=54161) to work on /home/user/Desktop/airflowproj/py_env/lib/python3.10/site-packages/airflow/example_dags/example_branch_python_dop_operator_3.py
[2024-06-18T13:08:03.158+0400] {processor.py:830} INFO - Processing file /home/user/Desktop/airflowproj/py_env/lib/python3.10/site-packages/airflow/example_dags/example_branch_python_dop_operator_3.py for tasks to queue
[2024-06-18T13:08:03.160+0400] {logging_mixin.py:188} INFO - [2024-06-18T13:08:03.160+0400] {dagbag.py:545} INFO - Filling up the DagBag from /home/user/Desktop/airflowproj/py_env/lib/python3.10/site-packages/airflow/example_dags/example_branch_python_dop_operator_3.py
[2024-06-18T13:08:03.165+0400] {processor.py:840} INFO - DAG(s) 'example_branch_dop_operator_v3' retrieved from /home/user/Desktop/airflowproj/py_env/lib/python3.10/site-packages/airflow/example_dags/example_branch_python_dop_operator_3.py
[2024-06-18T13:08:03.172+0400] {logging_mixin.py:188} INFO - [2024-06-18T13:08:03.172+0400] {dag.py:3096} INFO - Sync 1 DAGs
[2024-06-18T13:08:03.183+0400] {logging_mixin.py:188} INFO - [2024-06-18T13:08:03.183+0400] {dag.py:3954} INFO - Setting next_dagrun for example_branch_dop_operator_v3 to 2024-06-18 09:07:00+00:00, run_after=2024-06-18 09:08:00+00:00
[2024-06-18T13:08:03.196+0400] {processor.py:183} INFO - Processing /home/user/Desktop/airflowproj/py_env/lib/python3.10/site-packages/airflow/example_dags/example_branch_python_dop_operator_3.py took 0.045 seconds
[2024-06-18T13:08:43.106+0400] {processor.py:161} INFO - Started process (PID=54306) to work on /home/user/Desktop/airflowproj/py_env/lib/python3.10/site-packages/airflow/example_dags/example_branch_python_dop_operator_3.py
[2024-06-18T13:08:43.106+0400] {processor.py:830} INFO - Processing file /home/user/Desktop/airflowproj/py_env/lib/python3.10/site-packages/airflow/example_dags/example_branch_python_dop_operator_3.py for tasks to queue
[2024-06-18T13:08:43.107+0400] {logging_mixin.py:188} INFO - [2024-06-18T13:08:43.107+0400] {dagbag.py:545} INFO - Filling up the DagBag from /home/user/Desktop/airflowproj/py_env/lib/python3.10/site-packages/airflow/example_dags/example_branch_python_dop_operator_3.py
[2024-06-18T13:08:43.111+0400] {processor.py:840} INFO - DAG(s) 'example_branch_dop_operator_v3' retrieved from /home/user/Desktop/airflowproj/py_env/lib/python3.10/site-packages/airflow/example_dags/example_branch_python_dop_operator_3.py
[2024-06-18T13:08:43.118+0400] {logging_mixin.py:188} INFO - [2024-06-18T13:08:43.118+0400] {dag.py:3096} INFO - Sync 1 DAGs
[2024-06-18T13:08:43.128+0400] {logging_mixin.py:188} INFO - [2024-06-18T13:08:43.128+0400] {dag.py:3954} INFO - Setting next_dagrun for example_branch_dop_operator_v3 to 2024-06-18 09:07:00+00:00, run_after=2024-06-18 09:08:00+00:00
[2024-06-18T13:08:43.140+0400] {processor.py:183} INFO - Processing /home/user/Desktop/airflowproj/py_env/lib/python3.10/site-packages/airflow/example_dags/example_branch_python_dop_operator_3.py took 0.037 seconds
[2024-06-18T13:09:41.755+0400] {processor.py:161} INFO - Started process (PID=54548) to work on /home/user/Desktop/airflowproj/py_env/lib/python3.10/site-packages/airflow/example_dags/example_branch_python_dop_operator_3.py
[2024-06-18T13:09:41.757+0400] {processor.py:830} INFO - Processing file /home/user/Desktop/airflowproj/py_env/lib/python3.10/site-packages/airflow/example_dags/example_branch_python_dop_operator_3.py for tasks to queue
[2024-06-18T13:09:41.758+0400] {logging_mixin.py:188} INFO - [2024-06-18T13:09:41.758+0400] {dagbag.py:545} INFO - Filling up the DagBag from /home/user/Desktop/airflowproj/py_env/lib/python3.10/site-packages/airflow/example_dags/example_branch_python_dop_operator_3.py
[2024-06-18T13:09:41.767+0400] {processor.py:840} INFO - DAG(s) 'example_branch_dop_operator_v3' retrieved from /home/user/Desktop/airflowproj/py_env/lib/python3.10/site-packages/airflow/example_dags/example_branch_python_dop_operator_3.py
[2024-06-18T13:09:41.776+0400] {logging_mixin.py:188} INFO - [2024-06-18T13:09:41.776+0400] {dag.py:3096} INFO - Sync 1 DAGs
[2024-06-18T13:09:41.788+0400] {logging_mixin.py:188} INFO - [2024-06-18T13:09:41.788+0400] {dag.py:3954} INFO - Setting next_dagrun for example_branch_dop_operator_v3 to 2024-06-18 09:08:00+00:00, run_after=2024-06-18 09:09:00+00:00
[2024-06-18T13:09:41.804+0400] {processor.py:183} INFO - Processing /home/user/Desktop/airflowproj/py_env/lib/python3.10/site-packages/airflow/example_dags/example_branch_python_dop_operator_3.py took 0.054 seconds
[2024-06-18T13:10:41.905+0400] {processor.py:161} INFO - Started process (PID=54758) to work on /home/user/Desktop/airflowproj/py_env/lib/python3.10/site-packages/airflow/example_dags/example_branch_python_dop_operator_3.py
[2024-06-18T13:10:41.908+0400] {processor.py:830} INFO - Processing file /home/user/Desktop/airflowproj/py_env/lib/python3.10/site-packages/airflow/example_dags/example_branch_python_dop_operator_3.py for tasks to queue
[2024-06-18T13:10:41.910+0400] {logging_mixin.py:188} INFO - [2024-06-18T13:10:41.909+0400] {dagbag.py:545} INFO - Filling up the DagBag from /home/user/Desktop/airflowproj/py_env/lib/python3.10/site-packages/airflow/example_dags/example_branch_python_dop_operator_3.py
[2024-06-18T13:10:41.918+0400] {processor.py:840} INFO - DAG(s) 'example_branch_dop_operator_v3' retrieved from /home/user/Desktop/airflowproj/py_env/lib/python3.10/site-packages/airflow/example_dags/example_branch_python_dop_operator_3.py
[2024-06-18T13:10:41.926+0400] {logging_mixin.py:188} INFO - [2024-06-18T13:10:41.926+0400] {dag.py:3096} INFO - Sync 1 DAGs
[2024-06-18T13:10:41.936+0400] {logging_mixin.py:188} INFO - [2024-06-18T13:10:41.936+0400] {dag.py:3954} INFO - Setting next_dagrun for example_branch_dop_operator_v3 to 2024-06-18 09:09:00+00:00, run_after=2024-06-18 09:10:00+00:00
[2024-06-18T13:10:41.950+0400] {processor.py:183} INFO - Processing /home/user/Desktop/airflowproj/py_env/lib/python3.10/site-packages/airflow/example_dags/example_branch_python_dop_operator_3.py took 0.049 seconds
[2024-06-18T13:11:23.141+0400] {processor.py:161} INFO - Started process (PID=54898) to work on /home/user/Desktop/airflowproj/py_env/lib/python3.10/site-packages/airflow/example_dags/example_branch_python_dop_operator_3.py
[2024-06-18T13:11:23.143+0400] {processor.py:830} INFO - Processing file /home/user/Desktop/airflowproj/py_env/lib/python3.10/site-packages/airflow/example_dags/example_branch_python_dop_operator_3.py for tasks to queue
[2024-06-18T13:11:23.144+0400] {logging_mixin.py:188} INFO - [2024-06-18T13:11:23.143+0400] {dagbag.py:545} INFO - Filling up the DagBag from /home/user/Desktop/airflowproj/py_env/lib/python3.10/site-packages/airflow/example_dags/example_branch_python_dop_operator_3.py
[2024-06-18T13:11:23.148+0400] {processor.py:840} INFO - DAG(s) 'example_branch_dop_operator_v3' retrieved from /home/user/Desktop/airflowproj/py_env/lib/python3.10/site-packages/airflow/example_dags/example_branch_python_dop_operator_3.py
[2024-06-18T13:11:23.155+0400] {logging_mixin.py:188} INFO - [2024-06-18T13:11:23.155+0400] {dag.py:3096} INFO - Sync 1 DAGs
[2024-06-18T13:11:23.166+0400] {logging_mixin.py:188} INFO - [2024-06-18T13:11:23.166+0400] {dag.py:3954} INFO - Setting next_dagrun for example_branch_dop_operator_v3 to 2024-06-18 09:10:00+00:00, run_after=2024-06-18 09:11:00+00:00
[2024-06-18T13:11:23.180+0400] {processor.py:183} INFO - Processing /home/user/Desktop/airflowproj/py_env/lib/python3.10/site-packages/airflow/example_dags/example_branch_python_dop_operator_3.py took 0.042 seconds
[2024-06-18T13:12:20.888+0400] {processor.py:161} INFO - Started process (PID=55100) to work on /home/user/Desktop/airflowproj/py_env/lib/python3.10/site-packages/airflow/example_dags/example_branch_python_dop_operator_3.py
[2024-06-18T13:12:20.890+0400] {processor.py:830} INFO - Processing file /home/user/Desktop/airflowproj/py_env/lib/python3.10/site-packages/airflow/example_dags/example_branch_python_dop_operator_3.py for tasks to queue
[2024-06-18T13:12:20.891+0400] {logging_mixin.py:188} INFO - [2024-06-18T13:12:20.891+0400] {dagbag.py:545} INFO - Filling up the DagBag from /home/user/Desktop/airflowproj/py_env/lib/python3.10/site-packages/airflow/example_dags/example_branch_python_dop_operator_3.py
[2024-06-18T13:12:20.896+0400] {processor.py:840} INFO - DAG(s) 'example_branch_dop_operator_v3' retrieved from /home/user/Desktop/airflowproj/py_env/lib/python3.10/site-packages/airflow/example_dags/example_branch_python_dop_operator_3.py
[2024-06-18T13:12:20.904+0400] {logging_mixin.py:188} INFO - [2024-06-18T13:12:20.903+0400] {dag.py:3096} INFO - Sync 1 DAGs
[2024-06-18T13:12:20.914+0400] {logging_mixin.py:188} INFO - [2024-06-18T13:12:20.914+0400] {dag.py:3954} INFO - Setting next_dagrun for example_branch_dop_operator_v3 to 2024-06-18 09:11:00+00:00, run_after=2024-06-18 09:12:00+00:00
[2024-06-18T13:12:20.928+0400] {processor.py:183} INFO - Processing /home/user/Desktop/airflowproj/py_env/lib/python3.10/site-packages/airflow/example_dags/example_branch_python_dop_operator_3.py took 0.044 seconds
[2024-06-18T13:13:01.236+0400] {processor.py:161} INFO - Started process (PID=55270) to work on /home/user/Desktop/airflowproj/py_env/lib/python3.10/site-packages/airflow/example_dags/example_branch_python_dop_operator_3.py
[2024-06-18T13:13:01.238+0400] {processor.py:830} INFO - Processing file /home/user/Desktop/airflowproj/py_env/lib/python3.10/site-packages/airflow/example_dags/example_branch_python_dop_operator_3.py for tasks to queue
[2024-06-18T13:13:01.239+0400] {logging_mixin.py:188} INFO - [2024-06-18T13:13:01.239+0400] {dagbag.py:545} INFO - Filling up the DagBag from /home/user/Desktop/airflowproj/py_env/lib/python3.10/site-packages/airflow/example_dags/example_branch_python_dop_operator_3.py
[2024-06-18T13:13:01.244+0400] {processor.py:840} INFO - DAG(s) 'example_branch_dop_operator_v3' retrieved from /home/user/Desktop/airflowproj/py_env/lib/python3.10/site-packages/airflow/example_dags/example_branch_python_dop_operator_3.py
[2024-06-18T13:13:01.250+0400] {logging_mixin.py:188} INFO - [2024-06-18T13:13:01.250+0400] {dag.py:3096} INFO - Sync 1 DAGs
[2024-06-18T13:13:01.260+0400] {logging_mixin.py:188} INFO - [2024-06-18T13:13:01.260+0400] {dag.py:3954} INFO - Setting next_dagrun for example_branch_dop_operator_v3 to 2024-06-18 09:12:00+00:00, run_after=2024-06-18 09:13:00+00:00
[2024-06-18T13:13:01.274+0400] {processor.py:183} INFO - Processing /home/user/Desktop/airflowproj/py_env/lib/python3.10/site-packages/airflow/example_dags/example_branch_python_dop_operator_3.py took 0.043 seconds
[2024-06-18T13:13:40.668+0400] {processor.py:161} INFO - Started process (PID=55402) to work on /home/user/Desktop/airflowproj/py_env/lib/python3.10/site-packages/airflow/example_dags/example_branch_python_dop_operator_3.py
[2024-06-18T13:13:40.670+0400] {processor.py:830} INFO - Processing file /home/user/Desktop/airflowproj/py_env/lib/python3.10/site-packages/airflow/example_dags/example_branch_python_dop_operator_3.py for tasks to queue
[2024-06-18T13:13:40.672+0400] {logging_mixin.py:188} INFO - [2024-06-18T13:13:40.671+0400] {dagbag.py:545} INFO - Filling up the DagBag from /home/user/Desktop/airflowproj/py_env/lib/python3.10/site-packages/airflow/example_dags/example_branch_python_dop_operator_3.py
[2024-06-18T13:13:40.677+0400] {processor.py:840} INFO - DAG(s) 'example_branch_dop_operator_v3' retrieved from /home/user/Desktop/airflowproj/py_env/lib/python3.10/site-packages/airflow/example_dags/example_branch_python_dop_operator_3.py
[2024-06-18T13:13:40.684+0400] {logging_mixin.py:188} INFO - [2024-06-18T13:13:40.683+0400] {dag.py:3096} INFO - Sync 1 DAGs
[2024-06-18T13:13:40.693+0400] {logging_mixin.py:188} INFO - [2024-06-18T13:13:40.693+0400] {dag.py:3954} INFO - Setting next_dagrun for example_branch_dop_operator_v3 to 2024-06-18 09:12:00+00:00, run_after=2024-06-18 09:13:00+00:00
[2024-06-18T13:13:40.706+0400] {processor.py:183} INFO - Processing /home/user/Desktop/airflowproj/py_env/lib/python3.10/site-packages/airflow/example_dags/example_branch_python_dop_operator_3.py took 0.042 seconds
[2024-06-18T13:14:21.268+0400] {processor.py:161} INFO - Started process (PID=55553) to work on /home/user/Desktop/airflowproj/py_env/lib/python3.10/site-packages/airflow/example_dags/example_branch_python_dop_operator_3.py
[2024-06-18T13:14:21.270+0400] {processor.py:830} INFO - Processing file /home/user/Desktop/airflowproj/py_env/lib/python3.10/site-packages/airflow/example_dags/example_branch_python_dop_operator_3.py for tasks to queue
[2024-06-18T13:14:21.271+0400] {logging_mixin.py:188} INFO - [2024-06-18T13:14:21.271+0400] {dagbag.py:545} INFO - Filling up the DagBag from /home/user/Desktop/airflowproj/py_env/lib/python3.10/site-packages/airflow/example_dags/example_branch_python_dop_operator_3.py
[2024-06-18T13:14:21.276+0400] {processor.py:840} INFO - DAG(s) 'example_branch_dop_operator_v3' retrieved from /home/user/Desktop/airflowproj/py_env/lib/python3.10/site-packages/airflow/example_dags/example_branch_python_dop_operator_3.py
[2024-06-18T13:14:21.283+0400] {logging_mixin.py:188} INFO - [2024-06-18T13:14:21.283+0400] {dag.py:3096} INFO - Sync 1 DAGs
[2024-06-18T13:14:21.292+0400] {logging_mixin.py:188} INFO - [2024-06-18T13:14:21.292+0400] {dag.py:3954} INFO - Setting next_dagrun for example_branch_dop_operator_v3 to 2024-06-18 09:13:00+00:00, run_after=2024-06-18 09:14:00+00:00
[2024-06-18T13:14:21.305+0400] {processor.py:183} INFO - Processing /home/user/Desktop/airflowproj/py_env/lib/python3.10/site-packages/airflow/example_dags/example_branch_python_dop_operator_3.py took 0.043 seconds
[2024-06-18T13:15:17.716+0400] {processor.py:161} INFO - Started process (PID=55752) to work on /home/user/Desktop/airflowproj/py_env/lib/python3.10/site-packages/airflow/example_dags/example_branch_python_dop_operator_3.py
[2024-06-18T13:15:17.718+0400] {processor.py:830} INFO - Processing file /home/user/Desktop/airflowproj/py_env/lib/python3.10/site-packages/airflow/example_dags/example_branch_python_dop_operator_3.py for tasks to queue
[2024-06-18T13:15:17.719+0400] {logging_mixin.py:188} INFO - [2024-06-18T13:15:17.719+0400] {dagbag.py:545} INFO - Filling up the DagBag from /home/user/Desktop/airflowproj/py_env/lib/python3.10/site-packages/airflow/example_dags/example_branch_python_dop_operator_3.py
[2024-06-18T13:15:17.723+0400] {processor.py:840} INFO - DAG(s) 'example_branch_dop_operator_v3' retrieved from /home/user/Desktop/airflowproj/py_env/lib/python3.10/site-packages/airflow/example_dags/example_branch_python_dop_operator_3.py
[2024-06-18T13:15:17.730+0400] {logging_mixin.py:188} INFO - [2024-06-18T13:15:17.730+0400] {dag.py:3096} INFO - Sync 1 DAGs
[2024-06-18T13:15:17.740+0400] {logging_mixin.py:188} INFO - [2024-06-18T13:15:17.740+0400] {dag.py:3954} INFO - Setting next_dagrun for example_branch_dop_operator_v3 to 2024-06-18 09:14:00+00:00, run_after=2024-06-18 09:15:00+00:00
[2024-06-18T13:15:17.753+0400] {processor.py:183} INFO - Processing /home/user/Desktop/airflowproj/py_env/lib/python3.10/site-packages/airflow/example_dags/example_branch_python_dop_operator_3.py took 0.041 seconds
[2024-06-18T13:16:18.275+0400] {processor.py:161} INFO - Started process (PID=55963) to work on /home/user/Desktop/airflowproj/py_env/lib/python3.10/site-packages/airflow/example_dags/example_branch_python_dop_operator_3.py
[2024-06-18T13:16:18.276+0400] {processor.py:830} INFO - Processing file /home/user/Desktop/airflowproj/py_env/lib/python3.10/site-packages/airflow/example_dags/example_branch_python_dop_operator_3.py for tasks to queue
[2024-06-18T13:16:18.277+0400] {logging_mixin.py:188} INFO - [2024-06-18T13:16:18.277+0400] {dagbag.py:545} INFO - Filling up the DagBag from /home/user/Desktop/airflowproj/py_env/lib/python3.10/site-packages/airflow/example_dags/example_branch_python_dop_operator_3.py
[2024-06-18T13:16:18.281+0400] {processor.py:840} INFO - DAG(s) 'example_branch_dop_operator_v3' retrieved from /home/user/Desktop/airflowproj/py_env/lib/python3.10/site-packages/airflow/example_dags/example_branch_python_dop_operator_3.py
[2024-06-18T13:16:18.289+0400] {logging_mixin.py:188} INFO - [2024-06-18T13:16:18.289+0400] {dag.py:3096} INFO - Sync 1 DAGs
[2024-06-18T13:16:18.299+0400] {logging_mixin.py:188} INFO - [2024-06-18T13:16:18.299+0400] {dag.py:3954} INFO - Setting next_dagrun for example_branch_dop_operator_v3 to 2024-06-18 09:15:00+00:00, run_after=2024-06-18 09:16:00+00:00
[2024-06-18T13:16:18.313+0400] {processor.py:183} INFO - Processing /home/user/Desktop/airflowproj/py_env/lib/python3.10/site-packages/airflow/example_dags/example_branch_python_dop_operator_3.py took 0.043 seconds
[2024-06-18T13:16:58.551+0400] {processor.py:161} INFO - Started process (PID=56104) to work on /home/user/Desktop/airflowproj/py_env/lib/python3.10/site-packages/airflow/example_dags/example_branch_python_dop_operator_3.py
[2024-06-18T13:16:58.553+0400] {processor.py:830} INFO - Processing file /home/user/Desktop/airflowproj/py_env/lib/python3.10/site-packages/airflow/example_dags/example_branch_python_dop_operator_3.py for tasks to queue
[2024-06-18T13:16:58.554+0400] {logging_mixin.py:188} INFO - [2024-06-18T13:16:58.554+0400] {dagbag.py:545} INFO - Filling up the DagBag from /home/user/Desktop/airflowproj/py_env/lib/python3.10/site-packages/airflow/example_dags/example_branch_python_dop_operator_3.py
[2024-06-18T13:16:58.559+0400] {processor.py:840} INFO - DAG(s) 'example_branch_dop_operator_v3' retrieved from /home/user/Desktop/airflowproj/py_env/lib/python3.10/site-packages/airflow/example_dags/example_branch_python_dop_operator_3.py
[2024-06-18T13:16:58.566+0400] {logging_mixin.py:188} INFO - [2024-06-18T13:16:58.566+0400] {dag.py:3096} INFO - Sync 1 DAGs
[2024-06-18T13:16:58.577+0400] {logging_mixin.py:188} INFO - [2024-06-18T13:16:58.577+0400] {dag.py:3954} INFO - Setting next_dagrun for example_branch_dop_operator_v3 to 2024-06-18 09:15:00+00:00, run_after=2024-06-18 09:16:00+00:00
[2024-06-18T13:16:58.590+0400] {processor.py:183} INFO - Processing /home/user/Desktop/airflowproj/py_env/lib/python3.10/site-packages/airflow/example_dags/example_branch_python_dop_operator_3.py took 0.044 seconds
[2024-06-18T13:17:54.339+0400] {processor.py:161} INFO - Started process (PID=56318) to work on /home/user/Desktop/airflowproj/py_env/lib/python3.10/site-packages/airflow/example_dags/example_branch_python_dop_operator_3.py
[2024-06-18T13:17:54.342+0400] {processor.py:830} INFO - Processing file /home/user/Desktop/airflowproj/py_env/lib/python3.10/site-packages/airflow/example_dags/example_branch_python_dop_operator_3.py for tasks to queue
[2024-06-18T13:17:54.343+0400] {logging_mixin.py:188} INFO - [2024-06-18T13:17:54.343+0400] {dagbag.py:545} INFO - Filling up the DagBag from /home/user/Desktop/airflowproj/py_env/lib/python3.10/site-packages/airflow/example_dags/example_branch_python_dop_operator_3.py
[2024-06-18T13:17:54.348+0400] {processor.py:840} INFO - DAG(s) 'example_branch_dop_operator_v3' retrieved from /home/user/Desktop/airflowproj/py_env/lib/python3.10/site-packages/airflow/example_dags/example_branch_python_dop_operator_3.py
[2024-06-18T13:17:54.356+0400] {logging_mixin.py:188} INFO - [2024-06-18T13:17:54.356+0400] {dag.py:3096} INFO - Sync 1 DAGs
[2024-06-18T13:17:54.366+0400] {logging_mixin.py:188} INFO - [2024-06-18T13:17:54.366+0400] {dag.py:3954} INFO - Setting next_dagrun for example_branch_dop_operator_v3 to 2024-06-18 09:16:00+00:00, run_after=2024-06-18 09:17:00+00:00
[2024-06-18T13:17:54.381+0400] {processor.py:183} INFO - Processing /home/user/Desktop/airflowproj/py_env/lib/python3.10/site-packages/airflow/example_dags/example_branch_python_dop_operator_3.py took 0.045 seconds
[2024-06-18T13:18:34.186+0400] {processor.py:161} INFO - Started process (PID=56451) to work on /home/user/Desktop/airflowproj/py_env/lib/python3.10/site-packages/airflow/example_dags/example_branch_python_dop_operator_3.py
[2024-06-18T13:18:34.188+0400] {processor.py:830} INFO - Processing file /home/user/Desktop/airflowproj/py_env/lib/python3.10/site-packages/airflow/example_dags/example_branch_python_dop_operator_3.py for tasks to queue
[2024-06-18T13:18:34.189+0400] {logging_mixin.py:188} INFO - [2024-06-18T13:18:34.189+0400] {dagbag.py:545} INFO - Filling up the DagBag from /home/user/Desktop/airflowproj/py_env/lib/python3.10/site-packages/airflow/example_dags/example_branch_python_dop_operator_3.py
[2024-06-18T13:18:34.194+0400] {processor.py:840} INFO - DAG(s) 'example_branch_dop_operator_v3' retrieved from /home/user/Desktop/airflowproj/py_env/lib/python3.10/site-packages/airflow/example_dags/example_branch_python_dop_operator_3.py
[2024-06-18T13:18:34.202+0400] {logging_mixin.py:188} INFO - [2024-06-18T13:18:34.202+0400] {dag.py:3096} INFO - Sync 1 DAGs
[2024-06-18T13:18:34.213+0400] {logging_mixin.py:188} INFO - [2024-06-18T13:18:34.213+0400] {dag.py:3954} INFO - Setting next_dagrun for example_branch_dop_operator_v3 to 2024-06-18 09:17:00+00:00, run_after=2024-06-18 09:18:00+00:00
[2024-06-18T13:18:34.226+0400] {processor.py:183} INFO - Processing /home/user/Desktop/airflowproj/py_env/lib/python3.10/site-packages/airflow/example_dags/example_branch_python_dop_operator_3.py took 0.047 seconds
[2024-06-18T13:19:32.051+0400] {processor.py:161} INFO - Started process (PID=56657) to work on /home/user/Desktop/airflowproj/py_env/lib/python3.10/site-packages/airflow/example_dags/example_branch_python_dop_operator_3.py
[2024-06-18T13:19:32.052+0400] {processor.py:830} INFO - Processing file /home/user/Desktop/airflowproj/py_env/lib/python3.10/site-packages/airflow/example_dags/example_branch_python_dop_operator_3.py for tasks to queue
[2024-06-18T13:19:32.053+0400] {logging_mixin.py:188} INFO - [2024-06-18T13:19:32.052+0400] {dagbag.py:545} INFO - Filling up the DagBag from /home/user/Desktop/airflowproj/py_env/lib/python3.10/site-packages/airflow/example_dags/example_branch_python_dop_operator_3.py
[2024-06-18T13:19:32.058+0400] {processor.py:840} INFO - DAG(s) 'example_branch_dop_operator_v3' retrieved from /home/user/Desktop/airflowproj/py_env/lib/python3.10/site-packages/airflow/example_dags/example_branch_python_dop_operator_3.py
[2024-06-18T13:19:32.066+0400] {logging_mixin.py:188} INFO - [2024-06-18T13:19:32.065+0400] {dag.py:3096} INFO - Sync 1 DAGs
[2024-06-18T13:19:32.077+0400] {logging_mixin.py:188} INFO - [2024-06-18T13:19:32.077+0400] {dag.py:3954} INFO - Setting next_dagrun for example_branch_dop_operator_v3 to 2024-06-18 09:18:00+00:00, run_after=2024-06-18 09:19:00+00:00
[2024-06-18T13:19:32.091+0400] {processor.py:183} INFO - Processing /home/user/Desktop/airflowproj/py_env/lib/python3.10/site-packages/airflow/example_dags/example_branch_python_dop_operator_3.py took 0.045 seconds
[2024-06-18T13:20:30.231+0400] {processor.py:161} INFO - Started process (PID=56858) to work on /home/user/Desktop/airflowproj/py_env/lib/python3.10/site-packages/airflow/example_dags/example_branch_python_dop_operator_3.py
[2024-06-18T13:20:30.232+0400] {processor.py:830} INFO - Processing file /home/user/Desktop/airflowproj/py_env/lib/python3.10/site-packages/airflow/example_dags/example_branch_python_dop_operator_3.py for tasks to queue
[2024-06-18T13:20:30.233+0400] {logging_mixin.py:188} INFO - [2024-06-18T13:20:30.233+0400] {dagbag.py:545} INFO - Filling up the DagBag from /home/user/Desktop/airflowproj/py_env/lib/python3.10/site-packages/airflow/example_dags/example_branch_python_dop_operator_3.py
[2024-06-18T13:20:30.237+0400] {processor.py:840} INFO - DAG(s) 'example_branch_dop_operator_v3' retrieved from /home/user/Desktop/airflowproj/py_env/lib/python3.10/site-packages/airflow/example_dags/example_branch_python_dop_operator_3.py
[2024-06-18T13:20:30.245+0400] {logging_mixin.py:188} INFO - [2024-06-18T13:20:30.245+0400] {dag.py:3096} INFO - Sync 1 DAGs
[2024-06-18T13:20:30.255+0400] {logging_mixin.py:188} INFO - [2024-06-18T13:20:30.255+0400] {dag.py:3954} INFO - Setting next_dagrun for example_branch_dop_operator_v3 to 2024-06-18 09:19:00+00:00, run_after=2024-06-18 09:20:00+00:00
[2024-06-18T13:20:30.268+0400] {processor.py:183} INFO - Processing /home/user/Desktop/airflowproj/py_env/lib/python3.10/site-packages/airflow/example_dags/example_branch_python_dop_operator_3.py took 0.040 seconds
[2024-06-18T13:21:09.689+0400] {processor.py:161} INFO - Started process (PID=56981) to work on /home/user/Desktop/airflowproj/py_env/lib/python3.10/site-packages/airflow/example_dags/example_branch_python_dop_operator_3.py
[2024-06-18T13:21:09.691+0400] {processor.py:830} INFO - Processing file /home/user/Desktop/airflowproj/py_env/lib/python3.10/site-packages/airflow/example_dags/example_branch_python_dop_operator_3.py for tasks to queue
[2024-06-18T13:21:09.693+0400] {logging_mixin.py:188} INFO - [2024-06-18T13:21:09.692+0400] {dagbag.py:545} INFO - Filling up the DagBag from /home/user/Desktop/airflowproj/py_env/lib/python3.10/site-packages/airflow/example_dags/example_branch_python_dop_operator_3.py
[2024-06-18T13:21:09.698+0400] {processor.py:840} INFO - DAG(s) 'example_branch_dop_operator_v3' retrieved from /home/user/Desktop/airflowproj/py_env/lib/python3.10/site-packages/airflow/example_dags/example_branch_python_dop_operator_3.py
[2024-06-18T13:21:09.706+0400] {logging_mixin.py:188} INFO - [2024-06-18T13:21:09.706+0400] {dag.py:3096} INFO - Sync 1 DAGs
[2024-06-18T13:21:09.716+0400] {logging_mixin.py:188} INFO - [2024-06-18T13:21:09.716+0400] {dag.py:3954} INFO - Setting next_dagrun for example_branch_dop_operator_v3 to 2024-06-18 09:20:00+00:00, run_after=2024-06-18 09:21:00+00:00
[2024-06-18T13:21:09.729+0400] {processor.py:183} INFO - Processing /home/user/Desktop/airflowproj/py_env/lib/python3.10/site-packages/airflow/example_dags/example_branch_python_dop_operator_3.py took 0.044 seconds
[2024-06-18T13:21:50.241+0400] {processor.py:161} INFO - Started process (PID=57137) to work on /home/user/Desktop/airflowproj/py_env/lib/python3.10/site-packages/airflow/example_dags/example_branch_python_dop_operator_3.py
[2024-06-18T13:21:50.241+0400] {processor.py:830} INFO - Processing file /home/user/Desktop/airflowproj/py_env/lib/python3.10/site-packages/airflow/example_dags/example_branch_python_dop_operator_3.py for tasks to queue
[2024-06-18T13:21:50.242+0400] {logging_mixin.py:188} INFO - [2024-06-18T13:21:50.242+0400] {dagbag.py:545} INFO - Filling up the DagBag from /home/user/Desktop/airflowproj/py_env/lib/python3.10/site-packages/airflow/example_dags/example_branch_python_dop_operator_3.py
[2024-06-18T13:21:50.246+0400] {processor.py:840} INFO - DAG(s) 'example_branch_dop_operator_v3' retrieved from /home/user/Desktop/airflowproj/py_env/lib/python3.10/site-packages/airflow/example_dags/example_branch_python_dop_operator_3.py
[2024-06-18T13:21:50.254+0400] {logging_mixin.py:188} INFO - [2024-06-18T13:21:50.254+0400] {dag.py:3096} INFO - Sync 1 DAGs
[2024-06-18T13:21:50.264+0400] {logging_mixin.py:188} INFO - [2024-06-18T13:21:50.264+0400] {dag.py:3954} INFO - Setting next_dagrun for example_branch_dop_operator_v3 to 2024-06-18 09:20:00+00:00, run_after=2024-06-18 09:21:00+00:00
[2024-06-18T13:21:50.276+0400] {processor.py:183} INFO - Processing /home/user/Desktop/airflowproj/py_env/lib/python3.10/site-packages/airflow/example_dags/example_branch_python_dop_operator_3.py took 0.038 seconds
[2024-06-18T13:22:31.496+0400] {processor.py:161} INFO - Started process (PID=57275) to work on /home/user/Desktop/airflowproj/py_env/lib/python3.10/site-packages/airflow/example_dags/example_branch_python_dop_operator_3.py
[2024-06-18T13:22:31.499+0400] {processor.py:830} INFO - Processing file /home/user/Desktop/airflowproj/py_env/lib/python3.10/site-packages/airflow/example_dags/example_branch_python_dop_operator_3.py for tasks to queue
[2024-06-18T13:22:31.501+0400] {logging_mixin.py:188} INFO - [2024-06-18T13:22:31.500+0400] {dagbag.py:545} INFO - Filling up the DagBag from /home/user/Desktop/airflowproj/py_env/lib/python3.10/site-packages/airflow/example_dags/example_branch_python_dop_operator_3.py
[2024-06-18T13:22:31.508+0400] {processor.py:840} INFO - DAG(s) 'example_branch_dop_operator_v3' retrieved from /home/user/Desktop/airflowproj/py_env/lib/python3.10/site-packages/airflow/example_dags/example_branch_python_dop_operator_3.py
[2024-06-18T13:22:31.515+0400] {logging_mixin.py:188} INFO - [2024-06-18T13:22:31.515+0400] {dag.py:3096} INFO - Sync 1 DAGs
[2024-06-18T13:22:31.524+0400] {logging_mixin.py:188} INFO - [2024-06-18T13:22:31.524+0400] {dag.py:3954} INFO - Setting next_dagrun for example_branch_dop_operator_v3 to 2024-06-18 09:21:00+00:00, run_after=2024-06-18 09:22:00+00:00
[2024-06-18T13:22:31.537+0400] {processor.py:183} INFO - Processing /home/user/Desktop/airflowproj/py_env/lib/python3.10/site-packages/airflow/example_dags/example_branch_python_dop_operator_3.py took 0.046 seconds
[2024-06-18T13:23:29.723+0400] {processor.py:161} INFO - Started process (PID=57489) to work on /home/user/Desktop/airflowproj/py_env/lib/python3.10/site-packages/airflow/example_dags/example_branch_python_dop_operator_3.py
[2024-06-18T13:23:29.725+0400] {processor.py:830} INFO - Processing file /home/user/Desktop/airflowproj/py_env/lib/python3.10/site-packages/airflow/example_dags/example_branch_python_dop_operator_3.py for tasks to queue
[2024-06-18T13:23:29.726+0400] {logging_mixin.py:188} INFO - [2024-06-18T13:23:29.726+0400] {dagbag.py:545} INFO - Filling up the DagBag from /home/user/Desktop/airflowproj/py_env/lib/python3.10/site-packages/airflow/example_dags/example_branch_python_dop_operator_3.py
[2024-06-18T13:23:29.731+0400] {processor.py:840} INFO - DAG(s) 'example_branch_dop_operator_v3' retrieved from /home/user/Desktop/airflowproj/py_env/lib/python3.10/site-packages/airflow/example_dags/example_branch_python_dop_operator_3.py
[2024-06-18T13:23:29.738+0400] {logging_mixin.py:188} INFO - [2024-06-18T13:23:29.738+0400] {dag.py:3096} INFO - Sync 1 DAGs
[2024-06-18T13:23:29.749+0400] {logging_mixin.py:188} INFO - [2024-06-18T13:23:29.749+0400] {dag.py:3954} INFO - Setting next_dagrun for example_branch_dop_operator_v3 to 2024-06-18 09:22:00+00:00, run_after=2024-06-18 09:23:00+00:00
[2024-06-18T13:23:29.763+0400] {processor.py:183} INFO - Processing /home/user/Desktop/airflowproj/py_env/lib/python3.10/site-packages/airflow/example_dags/example_branch_python_dop_operator_3.py took 0.043 seconds
[2024-06-18T13:24:26.886+0400] {processor.py:161} INFO - Started process (PID=57687) to work on /home/user/Desktop/airflowproj/py_env/lib/python3.10/site-packages/airflow/example_dags/example_branch_python_dop_operator_3.py
[2024-06-18T13:24:26.888+0400] {processor.py:830} INFO - Processing file /home/user/Desktop/airflowproj/py_env/lib/python3.10/site-packages/airflow/example_dags/example_branch_python_dop_operator_3.py for tasks to queue
[2024-06-18T13:24:26.889+0400] {logging_mixin.py:188} INFO - [2024-06-18T13:24:26.889+0400] {dagbag.py:545} INFO - Filling up the DagBag from /home/user/Desktop/airflowproj/py_env/lib/python3.10/site-packages/airflow/example_dags/example_branch_python_dop_operator_3.py
[2024-06-18T13:24:26.897+0400] {processor.py:840} INFO - DAG(s) 'example_branch_dop_operator_v3' retrieved from /home/user/Desktop/airflowproj/py_env/lib/python3.10/site-packages/airflow/example_dags/example_branch_python_dop_operator_3.py
[2024-06-18T13:24:26.905+0400] {logging_mixin.py:188} INFO - [2024-06-18T13:24:26.905+0400] {dag.py:3096} INFO - Sync 1 DAGs
[2024-06-18T13:24:26.915+0400] {logging_mixin.py:188} INFO - [2024-06-18T13:24:26.915+0400] {dag.py:3954} INFO - Setting next_dagrun for example_branch_dop_operator_v3 to 2024-06-18 09:23:00+00:00, run_after=2024-06-18 09:24:00+00:00
[2024-06-18T13:24:26.929+0400] {processor.py:183} INFO - Processing /home/user/Desktop/airflowproj/py_env/lib/python3.10/site-packages/airflow/example_dags/example_branch_python_dop_operator_3.py took 0.048 seconds
[2024-06-18T13:25:06.374+0400] {processor.py:161} INFO - Started process (PID=57826) to work on /home/user/Desktop/airflowproj/py_env/lib/python3.10/site-packages/airflow/example_dags/example_branch_python_dop_operator_3.py
[2024-06-18T13:25:06.376+0400] {processor.py:830} INFO - Processing file /home/user/Desktop/airflowproj/py_env/lib/python3.10/site-packages/airflow/example_dags/example_branch_python_dop_operator_3.py for tasks to queue
[2024-06-18T13:25:06.378+0400] {logging_mixin.py:188} INFO - [2024-06-18T13:25:06.377+0400] {dagbag.py:545} INFO - Filling up the DagBag from /home/user/Desktop/airflowproj/py_env/lib/python3.10/site-packages/airflow/example_dags/example_branch_python_dop_operator_3.py
[2024-06-18T13:25:06.384+0400] {processor.py:840} INFO - DAG(s) 'example_branch_dop_operator_v3' retrieved from /home/user/Desktop/airflowproj/py_env/lib/python3.10/site-packages/airflow/example_dags/example_branch_python_dop_operator_3.py
[2024-06-18T13:25:06.393+0400] {logging_mixin.py:188} INFO - [2024-06-18T13:25:06.392+0400] {dag.py:3096} INFO - Sync 1 DAGs
[2024-06-18T13:25:06.403+0400] {logging_mixin.py:188} INFO - [2024-06-18T13:25:06.402+0400] {dag.py:3954} INFO - Setting next_dagrun for example_branch_dop_operator_v3 to 2024-06-18 09:24:00+00:00, run_after=2024-06-18 09:25:00+00:00
[2024-06-18T13:25:06.416+0400] {processor.py:183} INFO - Processing /home/user/Desktop/airflowproj/py_env/lib/python3.10/site-packages/airflow/example_dags/example_branch_python_dop_operator_3.py took 0.046 seconds
[2024-06-18T13:26:04.584+0400] {processor.py:161} INFO - Started process (PID=58022) to work on /home/user/Desktop/airflowproj/py_env/lib/python3.10/site-packages/airflow/example_dags/example_branch_python_dop_operator_3.py
[2024-06-18T13:26:04.586+0400] {processor.py:830} INFO - Processing file /home/user/Desktop/airflowproj/py_env/lib/python3.10/site-packages/airflow/example_dags/example_branch_python_dop_operator_3.py for tasks to queue
[2024-06-18T13:26:04.588+0400] {logging_mixin.py:188} INFO - [2024-06-18T13:26:04.587+0400] {dagbag.py:545} INFO - Filling up the DagBag from /home/user/Desktop/airflowproj/py_env/lib/python3.10/site-packages/airflow/example_dags/example_branch_python_dop_operator_3.py
[2024-06-18T13:26:04.594+0400] {processor.py:840} INFO - DAG(s) 'example_branch_dop_operator_v3' retrieved from /home/user/Desktop/airflowproj/py_env/lib/python3.10/site-packages/airflow/example_dags/example_branch_python_dop_operator_3.py
[2024-06-18T13:26:04.602+0400] {logging_mixin.py:188} INFO - [2024-06-18T13:26:04.602+0400] {dag.py:3096} INFO - Sync 1 DAGs
[2024-06-18T13:26:04.612+0400] {logging_mixin.py:188} INFO - [2024-06-18T13:26:04.612+0400] {dag.py:3954} INFO - Setting next_dagrun for example_branch_dop_operator_v3 to 2024-06-18 09:25:00+00:00, run_after=2024-06-18 09:26:00+00:00
[2024-06-18T13:26:04.624+0400] {processor.py:183} INFO - Processing /home/user/Desktop/airflowproj/py_env/lib/python3.10/site-packages/airflow/example_dags/example_branch_python_dop_operator_3.py took 0.045 seconds
[2024-06-18T13:26:43.006+0400] {processor.py:161} INFO - Started process (PID=58160) to work on /home/user/Desktop/airflowproj/py_env/lib/python3.10/site-packages/airflow/example_dags/example_branch_python_dop_operator_3.py
[2024-06-18T13:26:43.008+0400] {processor.py:830} INFO - Processing file /home/user/Desktop/airflowproj/py_env/lib/python3.10/site-packages/airflow/example_dags/example_branch_python_dop_operator_3.py for tasks to queue
[2024-06-18T13:26:43.009+0400] {logging_mixin.py:188} INFO - [2024-06-18T13:26:43.009+0400] {dagbag.py:545} INFO - Filling up the DagBag from /home/user/Desktop/airflowproj/py_env/lib/python3.10/site-packages/airflow/example_dags/example_branch_python_dop_operator_3.py
[2024-06-18T13:26:43.013+0400] {processor.py:840} INFO - DAG(s) 'example_branch_dop_operator_v3' retrieved from /home/user/Desktop/airflowproj/py_env/lib/python3.10/site-packages/airflow/example_dags/example_branch_python_dop_operator_3.py
[2024-06-18T13:26:43.021+0400] {logging_mixin.py:188} INFO - [2024-06-18T13:26:43.021+0400] {dag.py:3096} INFO - Sync 1 DAGs
[2024-06-18T13:26:43.031+0400] {logging_mixin.py:188} INFO - [2024-06-18T13:26:43.031+0400] {dag.py:3954} INFO - Setting next_dagrun for example_branch_dop_operator_v3 to 2024-06-18 09:25:00+00:00, run_after=2024-06-18 09:26:00+00:00
[2024-06-18T13:26:43.045+0400] {processor.py:183} INFO - Processing /home/user/Desktop/airflowproj/py_env/lib/python3.10/site-packages/airflow/example_dags/example_branch_python_dop_operator_3.py took 0.042 seconds
[2024-06-18T13:27:40.597+0400] {processor.py:161} INFO - Started process (PID=58376) to work on /home/user/Desktop/airflowproj/py_env/lib/python3.10/site-packages/airflow/example_dags/example_branch_python_dop_operator_3.py
[2024-06-18T13:27:40.599+0400] {processor.py:830} INFO - Processing file /home/user/Desktop/airflowproj/py_env/lib/python3.10/site-packages/airflow/example_dags/example_branch_python_dop_operator_3.py for tasks to queue
[2024-06-18T13:27:40.600+0400] {logging_mixin.py:188} INFO - [2024-06-18T13:27:40.600+0400] {dagbag.py:545} INFO - Filling up the DagBag from /home/user/Desktop/airflowproj/py_env/lib/python3.10/site-packages/airflow/example_dags/example_branch_python_dop_operator_3.py
[2024-06-18T13:27:40.605+0400] {processor.py:840} INFO - DAG(s) 'example_branch_dop_operator_v3' retrieved from /home/user/Desktop/airflowproj/py_env/lib/python3.10/site-packages/airflow/example_dags/example_branch_python_dop_operator_3.py
[2024-06-18T13:27:40.613+0400] {logging_mixin.py:188} INFO - [2024-06-18T13:27:40.613+0400] {dag.py:3096} INFO - Sync 1 DAGs
[2024-06-18T13:27:40.623+0400] {logging_mixin.py:188} INFO - [2024-06-18T13:27:40.623+0400] {dag.py:3954} INFO - Setting next_dagrun for example_branch_dop_operator_v3 to 2024-06-18 09:26:00+00:00, run_after=2024-06-18 09:27:00+00:00
[2024-06-18T13:27:40.637+0400] {processor.py:183} INFO - Processing /home/user/Desktop/airflowproj/py_env/lib/python3.10/site-packages/airflow/example_dags/example_branch_python_dop_operator_3.py took 0.044 seconds
[2024-06-18T13:28:38.487+0400] {processor.py:161} INFO - Started process (PID=58581) to work on /home/user/Desktop/airflowproj/py_env/lib/python3.10/site-packages/airflow/example_dags/example_branch_python_dop_operator_3.py
[2024-06-18T13:28:38.489+0400] {processor.py:830} INFO - Processing file /home/user/Desktop/airflowproj/py_env/lib/python3.10/site-packages/airflow/example_dags/example_branch_python_dop_operator_3.py for tasks to queue
[2024-06-18T13:28:38.490+0400] {logging_mixin.py:188} INFO - [2024-06-18T13:28:38.489+0400] {dagbag.py:545} INFO - Filling up the DagBag from /home/user/Desktop/airflowproj/py_env/lib/python3.10/site-packages/airflow/example_dags/example_branch_python_dop_operator_3.py
[2024-06-18T13:28:38.495+0400] {processor.py:840} INFO - DAG(s) 'example_branch_dop_operator_v3' retrieved from /home/user/Desktop/airflowproj/py_env/lib/python3.10/site-packages/airflow/example_dags/example_branch_python_dop_operator_3.py
[2024-06-18T13:28:38.503+0400] {logging_mixin.py:188} INFO - [2024-06-18T13:28:38.503+0400] {dag.py:3096} INFO - Sync 1 DAGs
[2024-06-18T13:28:38.513+0400] {logging_mixin.py:188} INFO - [2024-06-18T13:28:38.513+0400] {dag.py:3954} INFO - Setting next_dagrun for example_branch_dop_operator_v3 to 2024-06-18 09:27:00+00:00, run_after=2024-06-18 09:28:00+00:00
[2024-06-18T13:28:38.527+0400] {processor.py:183} INFO - Processing /home/user/Desktop/airflowproj/py_env/lib/python3.10/site-packages/airflow/example_dags/example_branch_python_dop_operator_3.py took 0.045 seconds
[2024-06-18T13:29:33.141+0400] {processor.py:161} INFO - Started process (PID=58771) to work on /home/user/Desktop/airflowproj/py_env/lib/python3.10/site-packages/airflow/example_dags/example_branch_python_dop_operator_3.py
[2024-06-18T13:29:33.143+0400] {processor.py:830} INFO - Processing file /home/user/Desktop/airflowproj/py_env/lib/python3.10/site-packages/airflow/example_dags/example_branch_python_dop_operator_3.py for tasks to queue
[2024-06-18T13:29:33.145+0400] {logging_mixin.py:188} INFO - [2024-06-18T13:29:33.145+0400] {dagbag.py:545} INFO - Filling up the DagBag from /home/user/Desktop/airflowproj/py_env/lib/python3.10/site-packages/airflow/example_dags/example_branch_python_dop_operator_3.py
[2024-06-18T13:29:33.153+0400] {processor.py:840} INFO - DAG(s) 'example_branch_dop_operator_v3' retrieved from /home/user/Desktop/airflowproj/py_env/lib/python3.10/site-packages/airflow/example_dags/example_branch_python_dop_operator_3.py
[2024-06-18T13:29:33.161+0400] {logging_mixin.py:188} INFO - [2024-06-18T13:29:33.160+0400] {dag.py:3096} INFO - Sync 1 DAGs
[2024-06-18T13:29:33.171+0400] {logging_mixin.py:188} INFO - [2024-06-18T13:29:33.171+0400] {dag.py:3954} INFO - Setting next_dagrun for example_branch_dop_operator_v3 to 2024-06-18 09:28:00+00:00, run_after=2024-06-18 09:29:00+00:00
[2024-06-18T13:29:33.186+0400] {processor.py:183} INFO - Processing /home/user/Desktop/airflowproj/py_env/lib/python3.10/site-packages/airflow/example_dags/example_branch_python_dop_operator_3.py took 0.048 seconds
[2024-06-18T13:30:31.865+0400] {processor.py:161} INFO - Started process (PID=59054) to work on /home/user/Desktop/airflowproj/py_env/lib/python3.10/site-packages/airflow/example_dags/example_branch_python_dop_operator_3.py
[2024-06-18T13:30:31.867+0400] {processor.py:830} INFO - Processing file /home/user/Desktop/airflowproj/py_env/lib/python3.10/site-packages/airflow/example_dags/example_branch_python_dop_operator_3.py for tasks to queue
[2024-06-18T13:30:31.868+0400] {logging_mixin.py:188} INFO - [2024-06-18T13:30:31.868+0400] {dagbag.py:545} INFO - Filling up the DagBag from /home/user/Desktop/airflowproj/py_env/lib/python3.10/site-packages/airflow/example_dags/example_branch_python_dop_operator_3.py
[2024-06-18T13:30:31.873+0400] {processor.py:840} INFO - DAG(s) 'example_branch_dop_operator_v3' retrieved from /home/user/Desktop/airflowproj/py_env/lib/python3.10/site-packages/airflow/example_dags/example_branch_python_dop_operator_3.py
[2024-06-18T13:30:31.880+0400] {logging_mixin.py:188} INFO - [2024-06-18T13:30:31.880+0400] {dag.py:3096} INFO - Sync 1 DAGs
[2024-06-18T13:30:31.890+0400] {logging_mixin.py:188} INFO - [2024-06-18T13:30:31.890+0400] {dag.py:3954} INFO - Setting next_dagrun for example_branch_dop_operator_v3 to 2024-06-18 09:29:00+00:00, run_after=2024-06-18 09:30:00+00:00
[2024-06-18T13:30:31.904+0400] {processor.py:183} INFO - Processing /home/user/Desktop/airflowproj/py_env/lib/python3.10/site-packages/airflow/example_dags/example_branch_python_dop_operator_3.py took 0.044 seconds
[2024-06-18T13:31:12.311+0400] {processor.py:161} INFO - Started process (PID=59199) to work on /home/user/Desktop/airflowproj/py_env/lib/python3.10/site-packages/airflow/example_dags/example_branch_python_dop_operator_3.py
[2024-06-18T13:31:12.313+0400] {processor.py:830} INFO - Processing file /home/user/Desktop/airflowproj/py_env/lib/python3.10/site-packages/airflow/example_dags/example_branch_python_dop_operator_3.py for tasks to queue
[2024-06-18T13:31:12.314+0400] {logging_mixin.py:188} INFO - [2024-06-18T13:31:12.314+0400] {dagbag.py:545} INFO - Filling up the DagBag from /home/user/Desktop/airflowproj/py_env/lib/python3.10/site-packages/airflow/example_dags/example_branch_python_dop_operator_3.py
[2024-06-18T13:31:12.318+0400] {processor.py:840} INFO - DAG(s) 'example_branch_dop_operator_v3' retrieved from /home/user/Desktop/airflowproj/py_env/lib/python3.10/site-packages/airflow/example_dags/example_branch_python_dop_operator_3.py
[2024-06-18T13:31:12.325+0400] {logging_mixin.py:188} INFO - [2024-06-18T13:31:12.325+0400] {dag.py:3096} INFO - Sync 1 DAGs
[2024-06-18T13:31:12.335+0400] {logging_mixin.py:188} INFO - [2024-06-18T13:31:12.335+0400] {dag.py:3954} INFO - Setting next_dagrun for example_branch_dop_operator_v3 to 2024-06-18 09:30:00+00:00, run_after=2024-06-18 09:31:00+00:00
[2024-06-18T13:31:12.348+0400] {processor.py:183} INFO - Processing /home/user/Desktop/airflowproj/py_env/lib/python3.10/site-packages/airflow/example_dags/example_branch_python_dop_operator_3.py took 0.041 seconds
[2024-06-18T13:31:54.016+0400] {processor.py:161} INFO - Started process (PID=59514) to work on /home/user/Desktop/airflowproj/py_env/lib/python3.10/site-packages/airflow/example_dags/example_branch_python_dop_operator_3.py
[2024-06-18T13:31:54.017+0400] {processor.py:830} INFO - Processing file /home/user/Desktop/airflowproj/py_env/lib/python3.10/site-packages/airflow/example_dags/example_branch_python_dop_operator_3.py for tasks to queue
[2024-06-18T13:31:54.017+0400] {logging_mixin.py:188} INFO - [2024-06-18T13:31:54.017+0400] {dagbag.py:545} INFO - Filling up the DagBag from /home/user/Desktop/airflowproj/py_env/lib/python3.10/site-packages/airflow/example_dags/example_branch_python_dop_operator_3.py
[2024-06-18T13:31:54.022+0400] {processor.py:840} INFO - DAG(s) 'example_branch_dop_operator_v3' retrieved from /home/user/Desktop/airflowproj/py_env/lib/python3.10/site-packages/airflow/example_dags/example_branch_python_dop_operator_3.py
[2024-06-18T13:31:54.029+0400] {logging_mixin.py:188} INFO - [2024-06-18T13:31:54.029+0400] {dag.py:3096} INFO - Sync 1 DAGs
[2024-06-18T13:31:54.040+0400] {logging_mixin.py:188} INFO - [2024-06-18T13:31:54.040+0400] {dag.py:3954} INFO - Setting next_dagrun for example_branch_dop_operator_v3 to 2024-06-18 09:30:00+00:00, run_after=2024-06-18 09:31:00+00:00
[2024-06-18T13:31:54.053+0400] {processor.py:183} INFO - Processing /home/user/Desktop/airflowproj/py_env/lib/python3.10/site-packages/airflow/example_dags/example_branch_python_dop_operator_3.py took 0.041 seconds
