[2024-06-18T12:40:39.194+0400] {processor.py:161} INFO - Started process (PID=45722) to work on /home/user/Desktop/airflowproj/py_env/lib/python3.10/site-packages/airflow/example_dags/example_params_ui_tutorial.py
[2024-06-18T12:40:39.194+0400] {processor.py:830} INFO - Processing file /home/user/Desktop/airflowproj/py_env/lib/python3.10/site-packages/airflow/example_dags/example_params_ui_tutorial.py for tasks to queue
[2024-06-18T12:40:39.195+0400] {logging_mixin.py:188} INFO - [2024-06-18T12:40:39.195+0400] {dagbag.py:545} INFO - Filling up the DagBag from /home/user/Desktop/airflowproj/py_env/lib/python3.10/site-packages/airflow/example_dags/example_params_ui_tutorial.py
[2024-06-18T12:40:39.201+0400] {processor.py:840} INFO - DAG(s) 'example_params_ui_tutorial' retrieved from /home/user/Desktop/airflowproj/py_env/lib/python3.10/site-packages/airflow/example_dags/example_params_ui_tutorial.py
[2024-06-18T12:40:39.272+0400] {logging_mixin.py:188} INFO - [2024-06-18T12:40:39.272+0400] {override.py:1829} INFO - Created Permission View: can edit on DAG:example_params_ui_tutorial
[2024-06-18T12:40:39.281+0400] {logging_mixin.py:188} INFO - [2024-06-18T12:40:39.281+0400] {override.py:1829} INFO - Created Permission View: can read on DAG:example_params_ui_tutorial
[2024-06-18T12:40:39.288+0400] {logging_mixin.py:188} INFO - [2024-06-18T12:40:39.288+0400] {override.py:1829} INFO - Created Permission View: can delete on DAG:example_params_ui_tutorial
[2024-06-18T12:40:39.288+0400] {logging_mixin.py:188} INFO - [2024-06-18T12:40:39.288+0400] {dag.py:3096} INFO - Sync 1 DAGs
[2024-06-18T12:40:39.340+0400] {logging_mixin.py:188} INFO - [2024-06-18T12:40:39.339+0400] {dag.py:3118} INFO - Creating ORM DAG for example_params_ui_tutorial
[2024-06-18T12:40:39.340+0400] {logging_mixin.py:188} INFO - [2024-06-18T12:40:39.340+0400] {dag.py:3954} INFO - Setting next_dagrun for example_params_ui_tutorial to None, run_after=None
[2024-06-18T12:40:39.356+0400] {processor.py:183} INFO - Processing /home/user/Desktop/airflowproj/py_env/lib/python3.10/site-packages/airflow/example_dags/example_params_ui_tutorial.py took 0.166 seconds
[2024-06-18T12:43:13.471+0400] {processor.py:161} INFO - Started process (PID=46639) to work on /home/user/Desktop/airflowproj/py_env/lib/python3.10/site-packages/airflow/example_dags/example_params_ui_tutorial.py
[2024-06-18T12:43:13.473+0400] {processor.py:830} INFO - Processing file /home/user/Desktop/airflowproj/py_env/lib/python3.10/site-packages/airflow/example_dags/example_params_ui_tutorial.py for tasks to queue
[2024-06-18T12:43:13.475+0400] {logging_mixin.py:188} INFO - [2024-06-18T12:43:13.474+0400] {dagbag.py:545} INFO - Filling up the DagBag from /home/user/Desktop/airflowproj/py_env/lib/python3.10/site-packages/airflow/example_dags/example_params_ui_tutorial.py
[2024-06-18T12:43:13.481+0400] {processor.py:840} INFO - DAG(s) 'example_params_ui_tutorial' retrieved from /home/user/Desktop/airflowproj/py_env/lib/python3.10/site-packages/airflow/example_dags/example_params_ui_tutorial.py
[2024-06-18T12:43:13.502+0400] {logging_mixin.py:188} INFO - [2024-06-18T12:43:13.502+0400] {dag.py:3096} INFO - Sync 1 DAGs
[2024-06-18T12:43:13.507+0400] {logging_mixin.py:188} INFO - [2024-06-18T12:43:13.507+0400] {dag.py:3954} INFO - Setting next_dagrun for example_params_ui_tutorial to None, run_after=None
[2024-06-18T12:43:13.521+0400] {processor.py:183} INFO - Processing /home/user/Desktop/airflowproj/py_env/lib/python3.10/site-packages/airflow/example_dags/example_params_ui_tutorial.py took 0.056 seconds
[2024-06-18T12:44:05.037+0400] {processor.py:161} INFO - Started process (PID=46783) to work on /home/user/Desktop/airflowproj/py_env/lib/python3.10/site-packages/airflow/example_dags/example_params_ui_tutorial.py
[2024-06-18T12:44:05.039+0400] {processor.py:830} INFO - Processing file /home/user/Desktop/airflowproj/py_env/lib/python3.10/site-packages/airflow/example_dags/example_params_ui_tutorial.py for tasks to queue
[2024-06-18T12:44:05.041+0400] {logging_mixin.py:188} INFO - [2024-06-18T12:44:05.040+0400] {dagbag.py:545} INFO - Filling up the DagBag from /home/user/Desktop/airflowproj/py_env/lib/python3.10/site-packages/airflow/example_dags/example_params_ui_tutorial.py
[2024-06-18T12:44:05.050+0400] {processor.py:840} INFO - DAG(s) 'example_params_ui_tutorial' retrieved from /home/user/Desktop/airflowproj/py_env/lib/python3.10/site-packages/airflow/example_dags/example_params_ui_tutorial.py
[2024-06-18T12:44:05.070+0400] {logging_mixin.py:188} INFO - [2024-06-18T12:44:05.070+0400] {dag.py:3096} INFO - Sync 1 DAGs
[2024-06-18T12:44:05.075+0400] {logging_mixin.py:188} INFO - [2024-06-18T12:44:05.075+0400] {dag.py:3954} INFO - Setting next_dagrun for example_params_ui_tutorial to None, run_after=None
[2024-06-18T12:44:05.089+0400] {processor.py:183} INFO - Processing /home/user/Desktop/airflowproj/py_env/lib/python3.10/site-packages/airflow/example_dags/example_params_ui_tutorial.py took 0.056 seconds
[2024-06-18T12:45:08.760+0400] {processor.py:161} INFO - Started process (PID=46963) to work on /home/user/Desktop/airflowproj/py_env/lib/python3.10/site-packages/airflow/example_dags/example_params_ui_tutorial.py
[2024-06-18T12:45:08.762+0400] {processor.py:830} INFO - Processing file /home/user/Desktop/airflowproj/py_env/lib/python3.10/site-packages/airflow/example_dags/example_params_ui_tutorial.py for tasks to queue
[2024-06-18T12:45:08.763+0400] {logging_mixin.py:188} INFO - [2024-06-18T12:45:08.763+0400] {dagbag.py:545} INFO - Filling up the DagBag from /home/user/Desktop/airflowproj/py_env/lib/python3.10/site-packages/airflow/example_dags/example_params_ui_tutorial.py
[2024-06-18T12:45:08.768+0400] {processor.py:840} INFO - DAG(s) 'example_params_ui_tutorial' retrieved from /home/user/Desktop/airflowproj/py_env/lib/python3.10/site-packages/airflow/example_dags/example_params_ui_tutorial.py
[2024-06-18T12:45:08.789+0400] {logging_mixin.py:188} INFO - [2024-06-18T12:45:08.789+0400] {dag.py:3096} INFO - Sync 1 DAGs
[2024-06-18T12:45:08.796+0400] {logging_mixin.py:188} INFO - [2024-06-18T12:45:08.796+0400] {dag.py:3954} INFO - Setting next_dagrun for example_params_ui_tutorial to None, run_after=None
[2024-06-18T12:45:08.809+0400] {processor.py:183} INFO - Processing /home/user/Desktop/airflowproj/py_env/lib/python3.10/site-packages/airflow/example_dags/example_params_ui_tutorial.py took 0.052 seconds
[2024-06-18T12:46:08.034+0400] {processor.py:161} INFO - Started process (PID=47108) to work on /home/user/Desktop/airflowproj/py_env/lib/python3.10/site-packages/airflow/example_dags/example_params_ui_tutorial.py
[2024-06-18T12:46:08.036+0400] {processor.py:830} INFO - Processing file /home/user/Desktop/airflowproj/py_env/lib/python3.10/site-packages/airflow/example_dags/example_params_ui_tutorial.py for tasks to queue
[2024-06-18T12:46:08.037+0400] {logging_mixin.py:188} INFO - [2024-06-18T12:46:08.037+0400] {dagbag.py:545} INFO - Filling up the DagBag from /home/user/Desktop/airflowproj/py_env/lib/python3.10/site-packages/airflow/example_dags/example_params_ui_tutorial.py
[2024-06-18T12:46:08.044+0400] {processor.py:840} INFO - DAG(s) 'example_params_ui_tutorial' retrieved from /home/user/Desktop/airflowproj/py_env/lib/python3.10/site-packages/airflow/example_dags/example_params_ui_tutorial.py
[2024-06-18T12:46:08.068+0400] {logging_mixin.py:188} INFO - [2024-06-18T12:46:08.067+0400] {dag.py:3096} INFO - Sync 1 DAGs
[2024-06-18T12:46:08.073+0400] {logging_mixin.py:188} INFO - [2024-06-18T12:46:08.073+0400] {dag.py:3954} INFO - Setting next_dagrun for example_params_ui_tutorial to None, run_after=None
[2024-06-18T12:46:08.086+0400] {processor.py:183} INFO - Processing /home/user/Desktop/airflowproj/py_env/lib/python3.10/site-packages/airflow/example_dags/example_params_ui_tutorial.py took 0.057 seconds
[2024-06-18T12:47:06.192+0400] {processor.py:161} INFO - Started process (PID=47870) to work on /home/user/Desktop/airflowproj/py_env/lib/python3.10/site-packages/airflow/example_dags/example_params_ui_tutorial.py
[2024-06-18T12:47:06.194+0400] {processor.py:830} INFO - Processing file /home/user/Desktop/airflowproj/py_env/lib/python3.10/site-packages/airflow/example_dags/example_params_ui_tutorial.py for tasks to queue
[2024-06-18T12:47:06.195+0400] {logging_mixin.py:188} INFO - [2024-06-18T12:47:06.194+0400] {dagbag.py:545} INFO - Filling up the DagBag from /home/user/Desktop/airflowproj/py_env/lib/python3.10/site-packages/airflow/example_dags/example_params_ui_tutorial.py
[2024-06-18T12:47:06.201+0400] {processor.py:840} INFO - DAG(s) 'example_params_ui_tutorial' retrieved from /home/user/Desktop/airflowproj/py_env/lib/python3.10/site-packages/airflow/example_dags/example_params_ui_tutorial.py
[2024-06-18T12:47:06.226+0400] {logging_mixin.py:188} INFO - [2024-06-18T12:47:06.225+0400] {dag.py:3096} INFO - Sync 1 DAGs
[2024-06-18T12:47:06.231+0400] {logging_mixin.py:188} INFO - [2024-06-18T12:47:06.231+0400] {dag.py:3954} INFO - Setting next_dagrun for example_params_ui_tutorial to None, run_after=None
[2024-06-18T12:47:06.248+0400] {processor.py:183} INFO - Processing /home/user/Desktop/airflowproj/py_env/lib/python3.10/site-packages/airflow/example_dags/example_params_ui_tutorial.py took 0.062 seconds
[2024-06-18T12:48:03.991+0400] {processor.py:161} INFO - Started process (PID=48196) to work on /home/user/Desktop/airflowproj/py_env/lib/python3.10/site-packages/airflow/example_dags/example_params_ui_tutorial.py
[2024-06-18T12:48:03.993+0400] {processor.py:830} INFO - Processing file /home/user/Desktop/airflowproj/py_env/lib/python3.10/site-packages/airflow/example_dags/example_params_ui_tutorial.py for tasks to queue
[2024-06-18T12:48:03.994+0400] {logging_mixin.py:188} INFO - [2024-06-18T12:48:03.993+0400] {dagbag.py:545} INFO - Filling up the DagBag from /home/user/Desktop/airflowproj/py_env/lib/python3.10/site-packages/airflow/example_dags/example_params_ui_tutorial.py
[2024-06-18T12:48:04.000+0400] {processor.py:840} INFO - DAG(s) 'example_params_ui_tutorial' retrieved from /home/user/Desktop/airflowproj/py_env/lib/python3.10/site-packages/airflow/example_dags/example_params_ui_tutorial.py
[2024-06-18T12:48:04.023+0400] {logging_mixin.py:188} INFO - [2024-06-18T12:48:04.023+0400] {dag.py:3096} INFO - Sync 1 DAGs
[2024-06-18T12:48:04.029+0400] {logging_mixin.py:188} INFO - [2024-06-18T12:48:04.029+0400] {dag.py:3954} INFO - Setting next_dagrun for example_params_ui_tutorial to None, run_after=None
[2024-06-18T12:48:04.044+0400] {processor.py:183} INFO - Processing /home/user/Desktop/airflowproj/py_env/lib/python3.10/site-packages/airflow/example_dags/example_params_ui_tutorial.py took 0.056 seconds
[2024-06-18T12:48:55.236+0400] {processor.py:161} INFO - Started process (PID=48451) to work on /home/user/Desktop/airflowproj/py_env/lib/python3.10/site-packages/airflow/example_dags/example_params_ui_tutorial.py
[2024-06-18T12:48:55.238+0400] {processor.py:830} INFO - Processing file /home/user/Desktop/airflowproj/py_env/lib/python3.10/site-packages/airflow/example_dags/example_params_ui_tutorial.py for tasks to queue
[2024-06-18T12:48:55.240+0400] {logging_mixin.py:188} INFO - [2024-06-18T12:48:55.239+0400] {dagbag.py:545} INFO - Filling up the DagBag from /home/user/Desktop/airflowproj/py_env/lib/python3.10/site-packages/airflow/example_dags/example_params_ui_tutorial.py
[2024-06-18T12:48:55.246+0400] {processor.py:840} INFO - DAG(s) 'example_params_ui_tutorial' retrieved from /home/user/Desktop/airflowproj/py_env/lib/python3.10/site-packages/airflow/example_dags/example_params_ui_tutorial.py
[2024-06-18T12:48:55.266+0400] {logging_mixin.py:188} INFO - [2024-06-18T12:48:55.266+0400] {dag.py:3096} INFO - Sync 1 DAGs
[2024-06-18T12:48:55.271+0400] {logging_mixin.py:188} INFO - [2024-06-18T12:48:55.271+0400] {dag.py:3954} INFO - Setting next_dagrun for example_params_ui_tutorial to None, run_after=None
[2024-06-18T12:48:55.285+0400] {processor.py:183} INFO - Processing /home/user/Desktop/airflowproj/py_env/lib/python3.10/site-packages/airflow/example_dags/example_params_ui_tutorial.py took 0.053 seconds
[2024-06-18T12:49:54.314+0400] {processor.py:161} INFO - Started process (PID=48713) to work on /home/user/Desktop/airflowproj/py_env/lib/python3.10/site-packages/airflow/example_dags/example_params_ui_tutorial.py
[2024-06-18T12:49:54.317+0400] {processor.py:830} INFO - Processing file /home/user/Desktop/airflowproj/py_env/lib/python3.10/site-packages/airflow/example_dags/example_params_ui_tutorial.py for tasks to queue
[2024-06-18T12:49:54.318+0400] {logging_mixin.py:188} INFO - [2024-06-18T12:49:54.317+0400] {dagbag.py:545} INFO - Filling up the DagBag from /home/user/Desktop/airflowproj/py_env/lib/python3.10/site-packages/airflow/example_dags/example_params_ui_tutorial.py
[2024-06-18T12:49:54.324+0400] {processor.py:840} INFO - DAG(s) 'example_params_ui_tutorial' retrieved from /home/user/Desktop/airflowproj/py_env/lib/python3.10/site-packages/airflow/example_dags/example_params_ui_tutorial.py
[2024-06-18T12:49:54.348+0400] {logging_mixin.py:188} INFO - [2024-06-18T12:49:54.347+0400] {dag.py:3096} INFO - Sync 1 DAGs
[2024-06-18T12:49:54.353+0400] {logging_mixin.py:188} INFO - [2024-06-18T12:49:54.353+0400] {dag.py:3954} INFO - Setting next_dagrun for example_params_ui_tutorial to None, run_after=None
[2024-06-18T12:49:54.366+0400] {processor.py:183} INFO - Processing /home/user/Desktop/airflowproj/py_env/lib/python3.10/site-packages/airflow/example_dags/example_params_ui_tutorial.py took 0.056 seconds
[2024-06-18T12:50:55.030+0400] {processor.py:161} INFO - Started process (PID=48875) to work on /home/user/Desktop/airflowproj/py_env/lib/python3.10/site-packages/airflow/example_dags/example_params_ui_tutorial.py
[2024-06-18T12:50:55.032+0400] {processor.py:830} INFO - Processing file /home/user/Desktop/airflowproj/py_env/lib/python3.10/site-packages/airflow/example_dags/example_params_ui_tutorial.py for tasks to queue
[2024-06-18T12:50:55.033+0400] {logging_mixin.py:188} INFO - [2024-06-18T12:50:55.032+0400] {dagbag.py:545} INFO - Filling up the DagBag from /home/user/Desktop/airflowproj/py_env/lib/python3.10/site-packages/airflow/example_dags/example_params_ui_tutorial.py
[2024-06-18T12:50:55.039+0400] {processor.py:840} INFO - DAG(s) 'example_params_ui_tutorial' retrieved from /home/user/Desktop/airflowproj/py_env/lib/python3.10/site-packages/airflow/example_dags/example_params_ui_tutorial.py
[2024-06-18T12:50:55.061+0400] {logging_mixin.py:188} INFO - [2024-06-18T12:50:55.061+0400] {dag.py:3096} INFO - Sync 1 DAGs
[2024-06-18T12:50:55.066+0400] {logging_mixin.py:188} INFO - [2024-06-18T12:50:55.066+0400] {dag.py:3954} INFO - Setting next_dagrun for example_params_ui_tutorial to None, run_after=None
[2024-06-18T12:50:55.080+0400] {processor.py:183} INFO - Processing /home/user/Desktop/airflowproj/py_env/lib/python3.10/site-packages/airflow/example_dags/example_params_ui_tutorial.py took 0.054 seconds
[2024-06-18T12:51:53.023+0400] {processor.py:161} INFO - Started process (PID=49131) to work on /home/user/Desktop/airflowproj/py_env/lib/python3.10/site-packages/airflow/example_dags/example_params_ui_tutorial.py
[2024-06-18T12:51:53.025+0400] {processor.py:830} INFO - Processing file /home/user/Desktop/airflowproj/py_env/lib/python3.10/site-packages/airflow/example_dags/example_params_ui_tutorial.py for tasks to queue
[2024-06-18T12:51:53.026+0400] {logging_mixin.py:188} INFO - [2024-06-18T12:51:53.026+0400] {dagbag.py:545} INFO - Filling up the DagBag from /home/user/Desktop/airflowproj/py_env/lib/python3.10/site-packages/airflow/example_dags/example_params_ui_tutorial.py
[2024-06-18T12:51:53.032+0400] {processor.py:840} INFO - DAG(s) 'example_params_ui_tutorial' retrieved from /home/user/Desktop/airflowproj/py_env/lib/python3.10/site-packages/airflow/example_dags/example_params_ui_tutorial.py
[2024-06-18T12:51:53.056+0400] {logging_mixin.py:188} INFO - [2024-06-18T12:51:53.056+0400] {dag.py:3096} INFO - Sync 1 DAGs
[2024-06-18T12:51:53.062+0400] {logging_mixin.py:188} INFO - [2024-06-18T12:51:53.061+0400] {dag.py:3954} INFO - Setting next_dagrun for example_params_ui_tutorial to None, run_after=None
[2024-06-18T12:51:53.075+0400] {processor.py:183} INFO - Processing /home/user/Desktop/airflowproj/py_env/lib/python3.10/site-packages/airflow/example_dags/example_params_ui_tutorial.py took 0.056 seconds
[2024-06-18T12:52:50.763+0400] {processor.py:161} INFO - Started process (PID=49293) to work on /home/user/Desktop/airflowproj/py_env/lib/python3.10/site-packages/airflow/example_dags/example_params_ui_tutorial.py
[2024-06-18T12:52:50.766+0400] {processor.py:830} INFO - Processing file /home/user/Desktop/airflowproj/py_env/lib/python3.10/site-packages/airflow/example_dags/example_params_ui_tutorial.py for tasks to queue
[2024-06-18T12:52:50.767+0400] {logging_mixin.py:188} INFO - [2024-06-18T12:52:50.766+0400] {dagbag.py:545} INFO - Filling up the DagBag from /home/user/Desktop/airflowproj/py_env/lib/python3.10/site-packages/airflow/example_dags/example_params_ui_tutorial.py
[2024-06-18T12:52:50.772+0400] {processor.py:840} INFO - DAG(s) 'example_params_ui_tutorial' retrieved from /home/user/Desktop/airflowproj/py_env/lib/python3.10/site-packages/airflow/example_dags/example_params_ui_tutorial.py
[2024-06-18T12:52:50.792+0400] {logging_mixin.py:188} INFO - [2024-06-18T12:52:50.792+0400] {dag.py:3096} INFO - Sync 1 DAGs
[2024-06-18T12:52:50.797+0400] {logging_mixin.py:188} INFO - [2024-06-18T12:52:50.797+0400] {dag.py:3954} INFO - Setting next_dagrun for example_params_ui_tutorial to None, run_after=None
[2024-06-18T12:52:50.810+0400] {processor.py:183} INFO - Processing /home/user/Desktop/airflowproj/py_env/lib/python3.10/site-packages/airflow/example_dags/example_params_ui_tutorial.py took 0.052 seconds
[2024-06-18T12:53:49.572+0400] {processor.py:161} INFO - Started process (PID=49605) to work on /home/user/Desktop/airflowproj/py_env/lib/python3.10/site-packages/airflow/example_dags/example_params_ui_tutorial.py
[2024-06-18T12:53:49.574+0400] {processor.py:830} INFO - Processing file /home/user/Desktop/airflowproj/py_env/lib/python3.10/site-packages/airflow/example_dags/example_params_ui_tutorial.py for tasks to queue
[2024-06-18T12:53:49.575+0400] {logging_mixin.py:188} INFO - [2024-06-18T12:53:49.575+0400] {dagbag.py:545} INFO - Filling up the DagBag from /home/user/Desktop/airflowproj/py_env/lib/python3.10/site-packages/airflow/example_dags/example_params_ui_tutorial.py
[2024-06-18T12:53:49.581+0400] {processor.py:840} INFO - DAG(s) 'example_params_ui_tutorial' retrieved from /home/user/Desktop/airflowproj/py_env/lib/python3.10/site-packages/airflow/example_dags/example_params_ui_tutorial.py
[2024-06-18T12:53:49.603+0400] {logging_mixin.py:188} INFO - [2024-06-18T12:53:49.603+0400] {dag.py:3096} INFO - Sync 1 DAGs
[2024-06-18T12:53:49.609+0400] {logging_mixin.py:188} INFO - [2024-06-18T12:53:49.609+0400] {dag.py:3954} INFO - Setting next_dagrun for example_params_ui_tutorial to None, run_after=None
[2024-06-18T12:53:49.623+0400] {processor.py:183} INFO - Processing /home/user/Desktop/airflowproj/py_env/lib/python3.10/site-packages/airflow/example_dags/example_params_ui_tutorial.py took 0.054 seconds
[2024-06-18T12:54:46.435+0400] {processor.py:161} INFO - Started process (PID=49739) to work on /home/user/Desktop/airflowproj/py_env/lib/python3.10/site-packages/airflow/example_dags/example_params_ui_tutorial.py
[2024-06-18T12:54:46.437+0400] {processor.py:830} INFO - Processing file /home/user/Desktop/airflowproj/py_env/lib/python3.10/site-packages/airflow/example_dags/example_params_ui_tutorial.py for tasks to queue
[2024-06-18T12:54:46.438+0400] {logging_mixin.py:188} INFO - [2024-06-18T12:54:46.438+0400] {dagbag.py:545} INFO - Filling up the DagBag from /home/user/Desktop/airflowproj/py_env/lib/python3.10/site-packages/airflow/example_dags/example_params_ui_tutorial.py
[2024-06-18T12:54:46.445+0400] {processor.py:840} INFO - DAG(s) 'example_params_ui_tutorial' retrieved from /home/user/Desktop/airflowproj/py_env/lib/python3.10/site-packages/airflow/example_dags/example_params_ui_tutorial.py
[2024-06-18T12:54:46.468+0400] {logging_mixin.py:188} INFO - [2024-06-18T12:54:46.468+0400] {dag.py:3096} INFO - Sync 1 DAGs
[2024-06-18T12:54:46.474+0400] {logging_mixin.py:188} INFO - [2024-06-18T12:54:46.474+0400] {dag.py:3954} INFO - Setting next_dagrun for example_params_ui_tutorial to None, run_after=None
[2024-06-18T12:54:46.488+0400] {processor.py:183} INFO - Processing /home/user/Desktop/airflowproj/py_env/lib/python3.10/site-packages/airflow/example_dags/example_params_ui_tutorial.py took 0.058 seconds
[2024-06-18T12:55:44.703+0400] {processor.py:161} INFO - Started process (PID=50070) to work on /home/user/Desktop/airflowproj/py_env/lib/python3.10/site-packages/airflow/example_dags/example_params_ui_tutorial.py
[2024-06-18T12:55:44.703+0400] {processor.py:830} INFO - Processing file /home/user/Desktop/airflowproj/py_env/lib/python3.10/site-packages/airflow/example_dags/example_params_ui_tutorial.py for tasks to queue
[2024-06-18T12:55:44.704+0400] {logging_mixin.py:188} INFO - [2024-06-18T12:55:44.704+0400] {dagbag.py:545} INFO - Filling up the DagBag from /home/user/Desktop/airflowproj/py_env/lib/python3.10/site-packages/airflow/example_dags/example_params_ui_tutorial.py
[2024-06-18T12:55:44.710+0400] {processor.py:840} INFO - DAG(s) 'example_params_ui_tutorial' retrieved from /home/user/Desktop/airflowproj/py_env/lib/python3.10/site-packages/airflow/example_dags/example_params_ui_tutorial.py
[2024-06-18T12:55:44.730+0400] {logging_mixin.py:188} INFO - [2024-06-18T12:55:44.730+0400] {dag.py:3096} INFO - Sync 1 DAGs
[2024-06-18T12:55:44.736+0400] {logging_mixin.py:188} INFO - [2024-06-18T12:55:44.736+0400] {dag.py:3954} INFO - Setting next_dagrun for example_params_ui_tutorial to None, run_after=None
[2024-06-18T12:55:44.748+0400] {processor.py:183} INFO - Processing /home/user/Desktop/airflowproj/py_env/lib/python3.10/site-packages/airflow/example_dags/example_params_ui_tutorial.py took 0.051 seconds
[2024-06-18T12:56:43.324+0400] {processor.py:161} INFO - Started process (PID=50299) to work on /home/user/Desktop/airflowproj/py_env/lib/python3.10/site-packages/airflow/example_dags/example_params_ui_tutorial.py
[2024-06-18T12:56:43.326+0400] {processor.py:830} INFO - Processing file /home/user/Desktop/airflowproj/py_env/lib/python3.10/site-packages/airflow/example_dags/example_params_ui_tutorial.py for tasks to queue
[2024-06-18T12:56:43.327+0400] {logging_mixin.py:188} INFO - [2024-06-18T12:56:43.327+0400] {dagbag.py:545} INFO - Filling up the DagBag from /home/user/Desktop/airflowproj/py_env/lib/python3.10/site-packages/airflow/example_dags/example_params_ui_tutorial.py
[2024-06-18T12:56:43.333+0400] {processor.py:840} INFO - DAG(s) 'example_params_ui_tutorial' retrieved from /home/user/Desktop/airflowproj/py_env/lib/python3.10/site-packages/airflow/example_dags/example_params_ui_tutorial.py
[2024-06-18T12:56:43.361+0400] {logging_mixin.py:188} INFO - [2024-06-18T12:56:43.361+0400] {dag.py:3096} INFO - Sync 1 DAGs
[2024-06-18T12:56:43.367+0400] {logging_mixin.py:188} INFO - [2024-06-18T12:56:43.367+0400] {dag.py:3954} INFO - Setting next_dagrun for example_params_ui_tutorial to None, run_after=None
[2024-06-18T12:56:43.381+0400] {processor.py:183} INFO - Processing /home/user/Desktop/airflowproj/py_env/lib/python3.10/site-packages/airflow/example_dags/example_params_ui_tutorial.py took 0.061 seconds
[2024-06-18T12:57:43.855+0400] {processor.py:161} INFO - Started process (PID=50555) to work on /home/user/Desktop/airflowproj/py_env/lib/python3.10/site-packages/airflow/example_dags/example_params_ui_tutorial.py
[2024-06-18T12:57:43.857+0400] {processor.py:830} INFO - Processing file /home/user/Desktop/airflowproj/py_env/lib/python3.10/site-packages/airflow/example_dags/example_params_ui_tutorial.py for tasks to queue
[2024-06-18T12:57:43.858+0400] {logging_mixin.py:188} INFO - [2024-06-18T12:57:43.858+0400] {dagbag.py:545} INFO - Filling up the DagBag from /home/user/Desktop/airflowproj/py_env/lib/python3.10/site-packages/airflow/example_dags/example_params_ui_tutorial.py
[2024-06-18T12:57:43.864+0400] {processor.py:840} INFO - DAG(s) 'example_params_ui_tutorial' retrieved from /home/user/Desktop/airflowproj/py_env/lib/python3.10/site-packages/airflow/example_dags/example_params_ui_tutorial.py
[2024-06-18T12:57:43.885+0400] {logging_mixin.py:188} INFO - [2024-06-18T12:57:43.885+0400] {dag.py:3096} INFO - Sync 1 DAGs
[2024-06-18T12:57:43.890+0400] {logging_mixin.py:188} INFO - [2024-06-18T12:57:43.890+0400] {dag.py:3954} INFO - Setting next_dagrun for example_params_ui_tutorial to None, run_after=None
[2024-06-18T12:57:43.903+0400] {processor.py:183} INFO - Processing /home/user/Desktop/airflowproj/py_env/lib/python3.10/site-packages/airflow/example_dags/example_params_ui_tutorial.py took 0.052 seconds
[2024-06-18T12:58:40.105+0400] {processor.py:161} INFO - Started process (PID=51070) to work on /home/user/Desktop/airflowproj/py_env/lib/python3.10/site-packages/airflow/example_dags/example_params_ui_tutorial.py
[2024-06-18T12:58:40.107+0400] {processor.py:830} INFO - Processing file /home/user/Desktop/airflowproj/py_env/lib/python3.10/site-packages/airflow/example_dags/example_params_ui_tutorial.py for tasks to queue
[2024-06-18T12:58:40.107+0400] {logging_mixin.py:188} INFO - [2024-06-18T12:58:40.107+0400] {dagbag.py:545} INFO - Filling up the DagBag from /home/user/Desktop/airflowproj/py_env/lib/python3.10/site-packages/airflow/example_dags/example_params_ui_tutorial.py
[2024-06-18T12:58:40.112+0400] {processor.py:840} INFO - DAG(s) 'example_params_ui_tutorial' retrieved from /home/user/Desktop/airflowproj/py_env/lib/python3.10/site-packages/airflow/example_dags/example_params_ui_tutorial.py
[2024-06-18T12:58:40.132+0400] {logging_mixin.py:188} INFO - [2024-06-18T12:58:40.132+0400] {dag.py:3096} INFO - Sync 1 DAGs
[2024-06-18T12:58:40.137+0400] {logging_mixin.py:188} INFO - [2024-06-18T12:58:40.137+0400] {dag.py:3954} INFO - Setting next_dagrun for example_params_ui_tutorial to None, run_after=None
[2024-06-18T12:58:40.150+0400] {processor.py:183} INFO - Processing /home/user/Desktop/airflowproj/py_env/lib/python3.10/site-packages/airflow/example_dags/example_params_ui_tutorial.py took 0.048 seconds
[2024-06-18T12:59:39.558+0400] {processor.py:161} INFO - Started process (PID=51434) to work on /home/user/Desktop/airflowproj/py_env/lib/python3.10/site-packages/airflow/example_dags/example_params_ui_tutorial.py
[2024-06-18T12:59:39.560+0400] {processor.py:830} INFO - Processing file /home/user/Desktop/airflowproj/py_env/lib/python3.10/site-packages/airflow/example_dags/example_params_ui_tutorial.py for tasks to queue
[2024-06-18T12:59:39.561+0400] {logging_mixin.py:188} INFO - [2024-06-18T12:59:39.561+0400] {dagbag.py:545} INFO - Filling up the DagBag from /home/user/Desktop/airflowproj/py_env/lib/python3.10/site-packages/airflow/example_dags/example_params_ui_tutorial.py
[2024-06-18T12:59:39.566+0400] {processor.py:840} INFO - DAG(s) 'example_params_ui_tutorial' retrieved from /home/user/Desktop/airflowproj/py_env/lib/python3.10/site-packages/airflow/example_dags/example_params_ui_tutorial.py
[2024-06-18T12:59:39.586+0400] {logging_mixin.py:188} INFO - [2024-06-18T12:59:39.586+0400] {dag.py:3096} INFO - Sync 1 DAGs
[2024-06-18T12:59:39.591+0400] {logging_mixin.py:188} INFO - [2024-06-18T12:59:39.590+0400] {dag.py:3954} INFO - Setting next_dagrun for example_params_ui_tutorial to None, run_after=None
[2024-06-18T12:59:39.604+0400] {processor.py:183} INFO - Processing /home/user/Desktop/airflowproj/py_env/lib/python3.10/site-packages/airflow/example_dags/example_params_ui_tutorial.py took 0.049 seconds
[2024-06-18T13:00:33.503+0400] {processor.py:161} INFO - Started process (PID=51800) to work on /home/user/Desktop/airflowproj/py_env/lib/python3.10/site-packages/airflow/example_dags/example_params_ui_tutorial.py
[2024-06-18T13:00:33.505+0400] {processor.py:830} INFO - Processing file /home/user/Desktop/airflowproj/py_env/lib/python3.10/site-packages/airflow/example_dags/example_params_ui_tutorial.py for tasks to queue
[2024-06-18T13:00:33.506+0400] {logging_mixin.py:188} INFO - [2024-06-18T13:00:33.506+0400] {dagbag.py:545} INFO - Filling up the DagBag from /home/user/Desktop/airflowproj/py_env/lib/python3.10/site-packages/airflow/example_dags/example_params_ui_tutorial.py
[2024-06-18T13:00:33.513+0400] {processor.py:840} INFO - DAG(s) 'example_params_ui_tutorial' retrieved from /home/user/Desktop/airflowproj/py_env/lib/python3.10/site-packages/airflow/example_dags/example_params_ui_tutorial.py
[2024-06-18T13:00:33.550+0400] {logging_mixin.py:188} INFO - [2024-06-18T13:00:33.550+0400] {dag.py:3096} INFO - Sync 1 DAGs
[2024-06-18T13:00:33.560+0400] {logging_mixin.py:188} INFO - [2024-06-18T13:00:33.559+0400] {dag.py:3954} INFO - Setting next_dagrun for example_params_ui_tutorial to None, run_after=None
[2024-06-18T13:00:33.584+0400] {processor.py:183} INFO - Processing /home/user/Desktop/airflowproj/py_env/lib/python3.10/site-packages/airflow/example_dags/example_params_ui_tutorial.py took 0.085 seconds
[2024-06-18T13:01:32.917+0400] {processor.py:161} INFO - Started process (PID=52138) to work on /home/user/Desktop/airflowproj/py_env/lib/python3.10/site-packages/airflow/example_dags/example_params_ui_tutorial.py
[2024-06-18T13:01:32.919+0400] {processor.py:830} INFO - Processing file /home/user/Desktop/airflowproj/py_env/lib/python3.10/site-packages/airflow/example_dags/example_params_ui_tutorial.py for tasks to queue
[2024-06-18T13:01:32.920+0400] {logging_mixin.py:188} INFO - [2024-06-18T13:01:32.920+0400] {dagbag.py:545} INFO - Filling up the DagBag from /home/user/Desktop/airflowproj/py_env/lib/python3.10/site-packages/airflow/example_dags/example_params_ui_tutorial.py
[2024-06-18T13:01:32.927+0400] {processor.py:840} INFO - DAG(s) 'example_params_ui_tutorial' retrieved from /home/user/Desktop/airflowproj/py_env/lib/python3.10/site-packages/airflow/example_dags/example_params_ui_tutorial.py
[2024-06-18T13:01:32.963+0400] {logging_mixin.py:188} INFO - [2024-06-18T13:01:32.963+0400] {dag.py:3096} INFO - Sync 1 DAGs
[2024-06-18T13:01:32.973+0400] {logging_mixin.py:188} INFO - [2024-06-18T13:01:32.973+0400] {dag.py:3954} INFO - Setting next_dagrun for example_params_ui_tutorial to None, run_after=None
[2024-06-18T13:01:32.990+0400] {processor.py:183} INFO - Processing /home/user/Desktop/airflowproj/py_env/lib/python3.10/site-packages/airflow/example_dags/example_params_ui_tutorial.py took 0.078 seconds
[2024-06-18T13:02:33.160+0400] {processor.py:161} INFO - Started process (PID=52908) to work on /home/user/Desktop/airflowproj/py_env/lib/python3.10/site-packages/airflow/example_dags/example_params_ui_tutorial.py
[2024-06-18T13:02:33.163+0400] {processor.py:830} INFO - Processing file /home/user/Desktop/airflowproj/py_env/lib/python3.10/site-packages/airflow/example_dags/example_params_ui_tutorial.py for tasks to queue
[2024-06-18T13:02:33.165+0400] {logging_mixin.py:188} INFO - [2024-06-18T13:02:33.164+0400] {dagbag.py:545} INFO - Filling up the DagBag from /home/user/Desktop/airflowproj/py_env/lib/python3.10/site-packages/airflow/example_dags/example_params_ui_tutorial.py
[2024-06-18T13:02:33.173+0400] {processor.py:840} INFO - DAG(s) 'example_params_ui_tutorial' retrieved from /home/user/Desktop/airflowproj/py_env/lib/python3.10/site-packages/airflow/example_dags/example_params_ui_tutorial.py
[2024-06-18T13:02:33.195+0400] {logging_mixin.py:188} INFO - [2024-06-18T13:02:33.195+0400] {dag.py:3096} INFO - Sync 1 DAGs
[2024-06-18T13:02:33.202+0400] {logging_mixin.py:188} INFO - [2024-06-18T13:02:33.202+0400] {dag.py:3954} INFO - Setting next_dagrun for example_params_ui_tutorial to None, run_after=None
[2024-06-18T13:02:33.215+0400] {processor.py:183} INFO - Processing /home/user/Desktop/airflowproj/py_env/lib/python3.10/site-packages/airflow/example_dags/example_params_ui_tutorial.py took 0.062 seconds
[2024-06-18T13:03:32.365+0400] {processor.py:161} INFO - Started process (PID=53131) to work on /home/user/Desktop/airflowproj/py_env/lib/python3.10/site-packages/airflow/example_dags/example_params_ui_tutorial.py
[2024-06-18T13:03:32.366+0400] {processor.py:830} INFO - Processing file /home/user/Desktop/airflowproj/py_env/lib/python3.10/site-packages/airflow/example_dags/example_params_ui_tutorial.py for tasks to queue
[2024-06-18T13:03:32.367+0400] {logging_mixin.py:188} INFO - [2024-06-18T13:03:32.367+0400] {dagbag.py:545} INFO - Filling up the DagBag from /home/user/Desktop/airflowproj/py_env/lib/python3.10/site-packages/airflow/example_dags/example_params_ui_tutorial.py
[2024-06-18T13:03:32.373+0400] {processor.py:840} INFO - DAG(s) 'example_params_ui_tutorial' retrieved from /home/user/Desktop/airflowproj/py_env/lib/python3.10/site-packages/airflow/example_dags/example_params_ui_tutorial.py
[2024-06-18T13:03:32.395+0400] {logging_mixin.py:188} INFO - [2024-06-18T13:03:32.395+0400] {dag.py:3096} INFO - Sync 1 DAGs
[2024-06-18T13:03:32.401+0400] {logging_mixin.py:188} INFO - [2024-06-18T13:03:32.401+0400] {dag.py:3954} INFO - Setting next_dagrun for example_params_ui_tutorial to None, run_after=None
[2024-06-18T13:03:32.416+0400] {processor.py:183} INFO - Processing /home/user/Desktop/airflowproj/py_env/lib/python3.10/site-packages/airflow/example_dags/example_params_ui_tutorial.py took 0.054 seconds
[2024-06-18T13:04:29.066+0400] {processor.py:161} INFO - Started process (PID=53318) to work on /home/user/Desktop/airflowproj/py_env/lib/python3.10/site-packages/airflow/example_dags/example_params_ui_tutorial.py
[2024-06-18T13:04:29.069+0400] {processor.py:830} INFO - Processing file /home/user/Desktop/airflowproj/py_env/lib/python3.10/site-packages/airflow/example_dags/example_params_ui_tutorial.py for tasks to queue
[2024-06-18T13:04:29.070+0400] {logging_mixin.py:188} INFO - [2024-06-18T13:04:29.069+0400] {dagbag.py:545} INFO - Filling up the DagBag from /home/user/Desktop/airflowproj/py_env/lib/python3.10/site-packages/airflow/example_dags/example_params_ui_tutorial.py
[2024-06-18T13:04:29.079+0400] {processor.py:840} INFO - DAG(s) 'example_params_ui_tutorial' retrieved from /home/user/Desktop/airflowproj/py_env/lib/python3.10/site-packages/airflow/example_dags/example_params_ui_tutorial.py
[2024-06-18T13:04:29.100+0400] {logging_mixin.py:188} INFO - [2024-06-18T13:04:29.100+0400] {dag.py:3096} INFO - Sync 1 DAGs
[2024-06-18T13:04:29.106+0400] {logging_mixin.py:188} INFO - [2024-06-18T13:04:29.106+0400] {dag.py:3954} INFO - Setting next_dagrun for example_params_ui_tutorial to None, run_after=None
[2024-06-18T13:04:29.120+0400] {processor.py:183} INFO - Processing /home/user/Desktop/airflowproj/py_env/lib/python3.10/site-packages/airflow/example_dags/example_params_ui_tutorial.py took 0.059 seconds
[2024-06-18T13:05:25.443+0400] {processor.py:161} INFO - Started process (PID=53584) to work on /home/user/Desktop/airflowproj/py_env/lib/python3.10/site-packages/airflow/example_dags/example_params_ui_tutorial.py
[2024-06-18T13:05:25.446+0400] {processor.py:830} INFO - Processing file /home/user/Desktop/airflowproj/py_env/lib/python3.10/site-packages/airflow/example_dags/example_params_ui_tutorial.py for tasks to queue
[2024-06-18T13:05:25.447+0400] {logging_mixin.py:188} INFO - [2024-06-18T13:05:25.446+0400] {dagbag.py:545} INFO - Filling up the DagBag from /home/user/Desktop/airflowproj/py_env/lib/python3.10/site-packages/airflow/example_dags/example_params_ui_tutorial.py
[2024-06-18T13:05:25.453+0400] {processor.py:840} INFO - DAG(s) 'example_params_ui_tutorial' retrieved from /home/user/Desktop/airflowproj/py_env/lib/python3.10/site-packages/airflow/example_dags/example_params_ui_tutorial.py
[2024-06-18T13:05:25.474+0400] {logging_mixin.py:188} INFO - [2024-06-18T13:05:25.474+0400] {dag.py:3096} INFO - Sync 1 DAGs
[2024-06-18T13:05:25.480+0400] {logging_mixin.py:188} INFO - [2024-06-18T13:05:25.479+0400] {dag.py:3954} INFO - Setting next_dagrun for example_params_ui_tutorial to None, run_after=None
[2024-06-18T13:05:25.495+0400] {processor.py:183} INFO - Processing /home/user/Desktop/airflowproj/py_env/lib/python3.10/site-packages/airflow/example_dags/example_params_ui_tutorial.py took 0.055 seconds
[2024-06-18T13:06:24.218+0400] {processor.py:161} INFO - Started process (PID=53790) to work on /home/user/Desktop/airflowproj/py_env/lib/python3.10/site-packages/airflow/example_dags/example_params_ui_tutorial.py
[2024-06-18T13:06:24.221+0400] {processor.py:830} INFO - Processing file /home/user/Desktop/airflowproj/py_env/lib/python3.10/site-packages/airflow/example_dags/example_params_ui_tutorial.py for tasks to queue
[2024-06-18T13:06:24.222+0400] {logging_mixin.py:188} INFO - [2024-06-18T13:06:24.222+0400] {dagbag.py:545} INFO - Filling up the DagBag from /home/user/Desktop/airflowproj/py_env/lib/python3.10/site-packages/airflow/example_dags/example_params_ui_tutorial.py
[2024-06-18T13:06:24.228+0400] {processor.py:840} INFO - DAG(s) 'example_params_ui_tutorial' retrieved from /home/user/Desktop/airflowproj/py_env/lib/python3.10/site-packages/airflow/example_dags/example_params_ui_tutorial.py
[2024-06-18T13:06:24.249+0400] {logging_mixin.py:188} INFO - [2024-06-18T13:06:24.249+0400] {dag.py:3096} INFO - Sync 1 DAGs
[2024-06-18T13:06:24.254+0400] {logging_mixin.py:188} INFO - [2024-06-18T13:06:24.254+0400] {dag.py:3954} INFO - Setting next_dagrun for example_params_ui_tutorial to None, run_after=None
[2024-06-18T13:06:24.270+0400] {processor.py:183} INFO - Processing /home/user/Desktop/airflowproj/py_env/lib/python3.10/site-packages/airflow/example_dags/example_params_ui_tutorial.py took 0.058 seconds
[2024-06-18T13:07:25.867+0400] {processor.py:161} INFO - Started process (PID=54000) to work on /home/user/Desktop/airflowproj/py_env/lib/python3.10/site-packages/airflow/example_dags/example_params_ui_tutorial.py
[2024-06-18T13:07:25.869+0400] {processor.py:830} INFO - Processing file /home/user/Desktop/airflowproj/py_env/lib/python3.10/site-packages/airflow/example_dags/example_params_ui_tutorial.py for tasks to queue
[2024-06-18T13:07:25.870+0400] {logging_mixin.py:188} INFO - [2024-06-18T13:07:25.869+0400] {dagbag.py:545} INFO - Filling up the DagBag from /home/user/Desktop/airflowproj/py_env/lib/python3.10/site-packages/airflow/example_dags/example_params_ui_tutorial.py
[2024-06-18T13:07:25.875+0400] {processor.py:840} INFO - DAG(s) 'example_params_ui_tutorial' retrieved from /home/user/Desktop/airflowproj/py_env/lib/python3.10/site-packages/airflow/example_dags/example_params_ui_tutorial.py
[2024-06-18T13:07:25.894+0400] {logging_mixin.py:188} INFO - [2024-06-18T13:07:25.894+0400] {dag.py:3096} INFO - Sync 1 DAGs
[2024-06-18T13:07:25.899+0400] {logging_mixin.py:188} INFO - [2024-06-18T13:07:25.899+0400] {dag.py:3954} INFO - Setting next_dagrun for example_params_ui_tutorial to None, run_after=None
[2024-06-18T13:07:25.911+0400] {processor.py:183} INFO - Processing /home/user/Desktop/airflowproj/py_env/lib/python3.10/site-packages/airflow/example_dags/example_params_ui_tutorial.py took 0.049 seconds
[2024-06-18T13:08:27.823+0400] {processor.py:161} INFO - Started process (PID=54249) to work on /home/user/Desktop/airflowproj/py_env/lib/python3.10/site-packages/airflow/example_dags/example_params_ui_tutorial.py
[2024-06-18T13:08:27.825+0400] {processor.py:830} INFO - Processing file /home/user/Desktop/airflowproj/py_env/lib/python3.10/site-packages/airflow/example_dags/example_params_ui_tutorial.py for tasks to queue
[2024-06-18T13:08:27.826+0400] {logging_mixin.py:188} INFO - [2024-06-18T13:08:27.826+0400] {dagbag.py:545} INFO - Filling up the DagBag from /home/user/Desktop/airflowproj/py_env/lib/python3.10/site-packages/airflow/example_dags/example_params_ui_tutorial.py
[2024-06-18T13:08:27.832+0400] {processor.py:840} INFO - DAG(s) 'example_params_ui_tutorial' retrieved from /home/user/Desktop/airflowproj/py_env/lib/python3.10/site-packages/airflow/example_dags/example_params_ui_tutorial.py
[2024-06-18T13:08:27.853+0400] {logging_mixin.py:188} INFO - [2024-06-18T13:08:27.853+0400] {dag.py:3096} INFO - Sync 1 DAGs
[2024-06-18T13:08:27.858+0400] {logging_mixin.py:188} INFO - [2024-06-18T13:08:27.858+0400] {dag.py:3954} INFO - Setting next_dagrun for example_params_ui_tutorial to None, run_after=None
[2024-06-18T13:08:27.870+0400] {processor.py:183} INFO - Processing /home/user/Desktop/airflowproj/py_env/lib/python3.10/site-packages/airflow/example_dags/example_params_ui_tutorial.py took 0.051 seconds
[2024-06-18T13:09:25.525+0400] {processor.py:161} INFO - Started process (PID=54505) to work on /home/user/Desktop/airflowproj/py_env/lib/python3.10/site-packages/airflow/example_dags/example_params_ui_tutorial.py
[2024-06-18T13:09:25.527+0400] {processor.py:830} INFO - Processing file /home/user/Desktop/airflowproj/py_env/lib/python3.10/site-packages/airflow/example_dags/example_params_ui_tutorial.py for tasks to queue
[2024-06-18T13:09:25.529+0400] {logging_mixin.py:188} INFO - [2024-06-18T13:09:25.528+0400] {dagbag.py:545} INFO - Filling up the DagBag from /home/user/Desktop/airflowproj/py_env/lib/python3.10/site-packages/airflow/example_dags/example_params_ui_tutorial.py
[2024-06-18T13:09:25.535+0400] {processor.py:840} INFO - DAG(s) 'example_params_ui_tutorial' retrieved from /home/user/Desktop/airflowproj/py_env/lib/python3.10/site-packages/airflow/example_dags/example_params_ui_tutorial.py
[2024-06-18T13:09:25.556+0400] {logging_mixin.py:188} INFO - [2024-06-18T13:09:25.556+0400] {dag.py:3096} INFO - Sync 1 DAGs
[2024-06-18T13:09:25.561+0400] {logging_mixin.py:188} INFO - [2024-06-18T13:09:25.561+0400] {dag.py:3954} INFO - Setting next_dagrun for example_params_ui_tutorial to None, run_after=None
[2024-06-18T13:09:25.573+0400] {processor.py:183} INFO - Processing /home/user/Desktop/airflowproj/py_env/lib/python3.10/site-packages/airflow/example_dags/example_params_ui_tutorial.py took 0.052 seconds
[2024-06-18T13:10:25.847+0400] {processor.py:161} INFO - Started process (PID=54713) to work on /home/user/Desktop/airflowproj/py_env/lib/python3.10/site-packages/airflow/example_dags/example_params_ui_tutorial.py
[2024-06-18T13:10:25.849+0400] {processor.py:830} INFO - Processing file /home/user/Desktop/airflowproj/py_env/lib/python3.10/site-packages/airflow/example_dags/example_params_ui_tutorial.py for tasks to queue
[2024-06-18T13:10:25.850+0400] {logging_mixin.py:188} INFO - [2024-06-18T13:10:25.850+0400] {dagbag.py:545} INFO - Filling up the DagBag from /home/user/Desktop/airflowproj/py_env/lib/python3.10/site-packages/airflow/example_dags/example_params_ui_tutorial.py
[2024-06-18T13:10:25.856+0400] {processor.py:840} INFO - DAG(s) 'example_params_ui_tutorial' retrieved from /home/user/Desktop/airflowproj/py_env/lib/python3.10/site-packages/airflow/example_dags/example_params_ui_tutorial.py
[2024-06-18T13:10:25.877+0400] {logging_mixin.py:188} INFO - [2024-06-18T13:10:25.877+0400] {dag.py:3096} INFO - Sync 1 DAGs
[2024-06-18T13:10:25.882+0400] {logging_mixin.py:188} INFO - [2024-06-18T13:10:25.882+0400] {dag.py:3954} INFO - Setting next_dagrun for example_params_ui_tutorial to None, run_after=None
[2024-06-18T13:10:25.896+0400] {processor.py:183} INFO - Processing /home/user/Desktop/airflowproj/py_env/lib/python3.10/site-packages/airflow/example_dags/example_params_ui_tutorial.py took 0.053 seconds
[2024-06-18T13:11:27.441+0400] {processor.py:161} INFO - Started process (PID=54920) to work on /home/user/Desktop/airflowproj/py_env/lib/python3.10/site-packages/airflow/example_dags/example_params_ui_tutorial.py
[2024-06-18T13:11:27.443+0400] {processor.py:830} INFO - Processing file /home/user/Desktop/airflowproj/py_env/lib/python3.10/site-packages/airflow/example_dags/example_params_ui_tutorial.py for tasks to queue
[2024-06-18T13:11:27.444+0400] {logging_mixin.py:188} INFO - [2024-06-18T13:11:27.444+0400] {dagbag.py:545} INFO - Filling up the DagBag from /home/user/Desktop/airflowproj/py_env/lib/python3.10/site-packages/airflow/example_dags/example_params_ui_tutorial.py
[2024-06-18T13:11:27.451+0400] {processor.py:840} INFO - DAG(s) 'example_params_ui_tutorial' retrieved from /home/user/Desktop/airflowproj/py_env/lib/python3.10/site-packages/airflow/example_dags/example_params_ui_tutorial.py
[2024-06-18T13:11:27.471+0400] {logging_mixin.py:188} INFO - [2024-06-18T13:11:27.471+0400] {dag.py:3096} INFO - Sync 1 DAGs
[2024-06-18T13:11:27.477+0400] {logging_mixin.py:188} INFO - [2024-06-18T13:11:27.476+0400] {dag.py:3954} INFO - Setting next_dagrun for example_params_ui_tutorial to None, run_after=None
[2024-06-18T13:11:27.490+0400] {processor.py:183} INFO - Processing /home/user/Desktop/airflowproj/py_env/lib/python3.10/site-packages/airflow/example_dags/example_params_ui_tutorial.py took 0.054 seconds
[2024-06-18T13:12:24.856+0400] {processor.py:161} INFO - Started process (PID=55120) to work on /home/user/Desktop/airflowproj/py_env/lib/python3.10/site-packages/airflow/example_dags/example_params_ui_tutorial.py
[2024-06-18T13:12:24.858+0400] {processor.py:830} INFO - Processing file /home/user/Desktop/airflowproj/py_env/lib/python3.10/site-packages/airflow/example_dags/example_params_ui_tutorial.py for tasks to queue
[2024-06-18T13:12:24.859+0400] {logging_mixin.py:188} INFO - [2024-06-18T13:12:24.859+0400] {dagbag.py:545} INFO - Filling up the DagBag from /home/user/Desktop/airflowproj/py_env/lib/python3.10/site-packages/airflow/example_dags/example_params_ui_tutorial.py
[2024-06-18T13:12:24.865+0400] {processor.py:840} INFO - DAG(s) 'example_params_ui_tutorial' retrieved from /home/user/Desktop/airflowproj/py_env/lib/python3.10/site-packages/airflow/example_dags/example_params_ui_tutorial.py
[2024-06-18T13:12:24.887+0400] {logging_mixin.py:188} INFO - [2024-06-18T13:12:24.887+0400] {dag.py:3096} INFO - Sync 1 DAGs
[2024-06-18T13:12:24.893+0400] {logging_mixin.py:188} INFO - [2024-06-18T13:12:24.893+0400] {dag.py:3954} INFO - Setting next_dagrun for example_params_ui_tutorial to None, run_after=None
[2024-06-18T13:12:24.906+0400] {processor.py:183} INFO - Processing /home/user/Desktop/airflowproj/py_env/lib/python3.10/site-packages/airflow/example_dags/example_params_ui_tutorial.py took 0.053 seconds
[2024-06-18T13:13:24.283+0400] {processor.py:161} INFO - Started process (PID=55344) to work on /home/user/Desktop/airflowproj/py_env/lib/python3.10/site-packages/airflow/example_dags/example_params_ui_tutorial.py
[2024-06-18T13:13:24.285+0400] {processor.py:830} INFO - Processing file /home/user/Desktop/airflowproj/py_env/lib/python3.10/site-packages/airflow/example_dags/example_params_ui_tutorial.py for tasks to queue
[2024-06-18T13:13:24.286+0400] {logging_mixin.py:188} INFO - [2024-06-18T13:13:24.286+0400] {dagbag.py:545} INFO - Filling up the DagBag from /home/user/Desktop/airflowproj/py_env/lib/python3.10/site-packages/airflow/example_dags/example_params_ui_tutorial.py
[2024-06-18T13:13:24.292+0400] {processor.py:840} INFO - DAG(s) 'example_params_ui_tutorial' retrieved from /home/user/Desktop/airflowproj/py_env/lib/python3.10/site-packages/airflow/example_dags/example_params_ui_tutorial.py
[2024-06-18T13:13:24.313+0400] {logging_mixin.py:188} INFO - [2024-06-18T13:13:24.313+0400] {dag.py:3096} INFO - Sync 1 DAGs
[2024-06-18T13:13:24.318+0400] {logging_mixin.py:188} INFO - [2024-06-18T13:13:24.318+0400] {dag.py:3954} INFO - Setting next_dagrun for example_params_ui_tutorial to None, run_after=None
[2024-06-18T13:13:24.331+0400] {processor.py:183} INFO - Processing /home/user/Desktop/airflowproj/py_env/lib/python3.10/site-packages/airflow/example_dags/example_params_ui_tutorial.py took 0.051 seconds
[2024-06-18T13:14:24.863+0400] {processor.py:161} INFO - Started process (PID=55563) to work on /home/user/Desktop/airflowproj/py_env/lib/python3.10/site-packages/airflow/example_dags/example_params_ui_tutorial.py
[2024-06-18T13:14:24.863+0400] {processor.py:830} INFO - Processing file /home/user/Desktop/airflowproj/py_env/lib/python3.10/site-packages/airflow/example_dags/example_params_ui_tutorial.py for tasks to queue
[2024-06-18T13:14:24.864+0400] {logging_mixin.py:188} INFO - [2024-06-18T13:14:24.864+0400] {dagbag.py:545} INFO - Filling up the DagBag from /home/user/Desktop/airflowproj/py_env/lib/python3.10/site-packages/airflow/example_dags/example_params_ui_tutorial.py
[2024-06-18T13:14:24.870+0400] {processor.py:840} INFO - DAG(s) 'example_params_ui_tutorial' retrieved from /home/user/Desktop/airflowproj/py_env/lib/python3.10/site-packages/airflow/example_dags/example_params_ui_tutorial.py
[2024-06-18T13:14:24.895+0400] {logging_mixin.py:188} INFO - [2024-06-18T13:14:24.895+0400] {dag.py:3096} INFO - Sync 1 DAGs
[2024-06-18T13:14:24.900+0400] {logging_mixin.py:188} INFO - [2024-06-18T13:14:24.900+0400] {dag.py:3954} INFO - Setting next_dagrun for example_params_ui_tutorial to None, run_after=None
[2024-06-18T13:14:24.912+0400] {processor.py:183} INFO - Processing /home/user/Desktop/airflowproj/py_env/lib/python3.10/site-packages/airflow/example_dags/example_params_ui_tutorial.py took 0.053 seconds
[2024-06-18T13:15:21.721+0400] {processor.py:161} INFO - Started process (PID=55762) to work on /home/user/Desktop/airflowproj/py_env/lib/python3.10/site-packages/airflow/example_dags/example_params_ui_tutorial.py
[2024-06-18T13:15:21.723+0400] {processor.py:830} INFO - Processing file /home/user/Desktop/airflowproj/py_env/lib/python3.10/site-packages/airflow/example_dags/example_params_ui_tutorial.py for tasks to queue
[2024-06-18T13:15:21.724+0400] {logging_mixin.py:188} INFO - [2024-06-18T13:15:21.724+0400] {dagbag.py:545} INFO - Filling up the DagBag from /home/user/Desktop/airflowproj/py_env/lib/python3.10/site-packages/airflow/example_dags/example_params_ui_tutorial.py
[2024-06-18T13:15:21.730+0400] {processor.py:840} INFO - DAG(s) 'example_params_ui_tutorial' retrieved from /home/user/Desktop/airflowproj/py_env/lib/python3.10/site-packages/airflow/example_dags/example_params_ui_tutorial.py
[2024-06-18T13:15:21.751+0400] {logging_mixin.py:188} INFO - [2024-06-18T13:15:21.751+0400] {dag.py:3096} INFO - Sync 1 DAGs
[2024-06-18T13:15:21.756+0400] {logging_mixin.py:188} INFO - [2024-06-18T13:15:21.756+0400] {dag.py:3954} INFO - Setting next_dagrun for example_params_ui_tutorial to None, run_after=None
[2024-06-18T13:15:21.769+0400] {processor.py:183} INFO - Processing /home/user/Desktop/airflowproj/py_env/lib/python3.10/site-packages/airflow/example_dags/example_params_ui_tutorial.py took 0.053 seconds
[2024-06-18T13:16:23.880+0400] {processor.py:161} INFO - Started process (PID=55977) to work on /home/user/Desktop/airflowproj/py_env/lib/python3.10/site-packages/airflow/example_dags/example_params_ui_tutorial.py
[2024-06-18T13:16:23.882+0400] {processor.py:830} INFO - Processing file /home/user/Desktop/airflowproj/py_env/lib/python3.10/site-packages/airflow/example_dags/example_params_ui_tutorial.py for tasks to queue
[2024-06-18T13:16:23.883+0400] {logging_mixin.py:188} INFO - [2024-06-18T13:16:23.883+0400] {dagbag.py:545} INFO - Filling up the DagBag from /home/user/Desktop/airflowproj/py_env/lib/python3.10/site-packages/airflow/example_dags/example_params_ui_tutorial.py
[2024-06-18T13:16:23.890+0400] {processor.py:840} INFO - DAG(s) 'example_params_ui_tutorial' retrieved from /home/user/Desktop/airflowproj/py_env/lib/python3.10/site-packages/airflow/example_dags/example_params_ui_tutorial.py
[2024-06-18T13:16:23.911+0400] {logging_mixin.py:188} INFO - [2024-06-18T13:16:23.910+0400] {dag.py:3096} INFO - Sync 1 DAGs
[2024-06-18T13:16:23.915+0400] {logging_mixin.py:188} INFO - [2024-06-18T13:16:23.915+0400] {dag.py:3954} INFO - Setting next_dagrun for example_params_ui_tutorial to None, run_after=None
[2024-06-18T13:16:23.928+0400] {processor.py:183} INFO - Processing /home/user/Desktop/airflowproj/py_env/lib/python3.10/site-packages/airflow/example_dags/example_params_ui_tutorial.py took 0.053 seconds
[2024-06-18T13:17:18.303+0400] {processor.py:161} INFO - Started process (PID=56169) to work on /home/user/Desktop/airflowproj/py_env/lib/python3.10/site-packages/airflow/example_dags/example_params_ui_tutorial.py
[2024-06-18T13:17:18.305+0400] {processor.py:830} INFO - Processing file /home/user/Desktop/airflowproj/py_env/lib/python3.10/site-packages/airflow/example_dags/example_params_ui_tutorial.py for tasks to queue
[2024-06-18T13:17:18.306+0400] {logging_mixin.py:188} INFO - [2024-06-18T13:17:18.305+0400] {dagbag.py:545} INFO - Filling up the DagBag from /home/user/Desktop/airflowproj/py_env/lib/python3.10/site-packages/airflow/example_dags/example_params_ui_tutorial.py
[2024-06-18T13:17:18.312+0400] {processor.py:840} INFO - DAG(s) 'example_params_ui_tutorial' retrieved from /home/user/Desktop/airflowproj/py_env/lib/python3.10/site-packages/airflow/example_dags/example_params_ui_tutorial.py
[2024-06-18T13:17:18.332+0400] {logging_mixin.py:188} INFO - [2024-06-18T13:17:18.332+0400] {dag.py:3096} INFO - Sync 1 DAGs
[2024-06-18T13:17:18.337+0400] {logging_mixin.py:188} INFO - [2024-06-18T13:17:18.337+0400] {dag.py:3954} INFO - Setting next_dagrun for example_params_ui_tutorial to None, run_after=None
[2024-06-18T13:17:18.351+0400] {processor.py:183} INFO - Processing /home/user/Desktop/airflowproj/py_env/lib/python3.10/site-packages/airflow/example_dags/example_params_ui_tutorial.py took 0.052 seconds
[2024-06-18T13:18:18.741+0400] {processor.py:161} INFO - Started process (PID=56409) to work on /home/user/Desktop/airflowproj/py_env/lib/python3.10/site-packages/airflow/example_dags/example_params_ui_tutorial.py
[2024-06-18T13:18:18.743+0400] {processor.py:830} INFO - Processing file /home/user/Desktop/airflowproj/py_env/lib/python3.10/site-packages/airflow/example_dags/example_params_ui_tutorial.py for tasks to queue
[2024-06-18T13:18:18.744+0400] {logging_mixin.py:188} INFO - [2024-06-18T13:18:18.743+0400] {dagbag.py:545} INFO - Filling up the DagBag from /home/user/Desktop/airflowproj/py_env/lib/python3.10/site-packages/airflow/example_dags/example_params_ui_tutorial.py
[2024-06-18T13:18:18.749+0400] {processor.py:840} INFO - DAG(s) 'example_params_ui_tutorial' retrieved from /home/user/Desktop/airflowproj/py_env/lib/python3.10/site-packages/airflow/example_dags/example_params_ui_tutorial.py
[2024-06-18T13:18:18.770+0400] {logging_mixin.py:188} INFO - [2024-06-18T13:18:18.770+0400] {dag.py:3096} INFO - Sync 1 DAGs
[2024-06-18T13:18:18.775+0400] {logging_mixin.py:188} INFO - [2024-06-18T13:18:18.775+0400] {dag.py:3954} INFO - Setting next_dagrun for example_params_ui_tutorial to None, run_after=None
[2024-06-18T13:18:18.788+0400] {processor.py:183} INFO - Processing /home/user/Desktop/airflowproj/py_env/lib/python3.10/site-packages/airflow/example_dags/example_params_ui_tutorial.py took 0.051 seconds
[2024-06-18T13:19:15.358+0400] {processor.py:161} INFO - Started process (PID=56591) to work on /home/user/Desktop/airflowproj/py_env/lib/python3.10/site-packages/airflow/example_dags/example_params_ui_tutorial.py
[2024-06-18T13:19:15.361+0400] {processor.py:830} INFO - Processing file /home/user/Desktop/airflowproj/py_env/lib/python3.10/site-packages/airflow/example_dags/example_params_ui_tutorial.py for tasks to queue
[2024-06-18T13:19:15.362+0400] {logging_mixin.py:188} INFO - [2024-06-18T13:19:15.362+0400] {dagbag.py:545} INFO - Filling up the DagBag from /home/user/Desktop/airflowproj/py_env/lib/python3.10/site-packages/airflow/example_dags/example_params_ui_tutorial.py
[2024-06-18T13:19:15.369+0400] {processor.py:840} INFO - DAG(s) 'example_params_ui_tutorial' retrieved from /home/user/Desktop/airflowproj/py_env/lib/python3.10/site-packages/airflow/example_dags/example_params_ui_tutorial.py
[2024-06-18T13:19:15.390+0400] {logging_mixin.py:188} INFO - [2024-06-18T13:19:15.389+0400] {dag.py:3096} INFO - Sync 1 DAGs
[2024-06-18T13:19:15.394+0400] {logging_mixin.py:188} INFO - [2024-06-18T13:19:15.394+0400] {dag.py:3954} INFO - Setting next_dagrun for example_params_ui_tutorial to None, run_after=None
[2024-06-18T13:19:15.407+0400] {processor.py:183} INFO - Processing /home/user/Desktop/airflowproj/py_env/lib/python3.10/site-packages/airflow/example_dags/example_params_ui_tutorial.py took 0.053 seconds
[2024-06-18T13:20:14.187+0400] {processor.py:161} INFO - Started process (PID=56801) to work on /home/user/Desktop/airflowproj/py_env/lib/python3.10/site-packages/airflow/example_dags/example_params_ui_tutorial.py
[2024-06-18T13:20:14.190+0400] {processor.py:830} INFO - Processing file /home/user/Desktop/airflowproj/py_env/lib/python3.10/site-packages/airflow/example_dags/example_params_ui_tutorial.py for tasks to queue
[2024-06-18T13:20:14.191+0400] {logging_mixin.py:188} INFO - [2024-06-18T13:20:14.191+0400] {dagbag.py:545} INFO - Filling up the DagBag from /home/user/Desktop/airflowproj/py_env/lib/python3.10/site-packages/airflow/example_dags/example_params_ui_tutorial.py
[2024-06-18T13:20:14.198+0400] {processor.py:840} INFO - DAG(s) 'example_params_ui_tutorial' retrieved from /home/user/Desktop/airflowproj/py_env/lib/python3.10/site-packages/airflow/example_dags/example_params_ui_tutorial.py
[2024-06-18T13:20:14.218+0400] {logging_mixin.py:188} INFO - [2024-06-18T13:20:14.218+0400] {dag.py:3096} INFO - Sync 1 DAGs
[2024-06-18T13:20:14.223+0400] {logging_mixin.py:188} INFO - [2024-06-18T13:20:14.223+0400] {dag.py:3954} INFO - Setting next_dagrun for example_params_ui_tutorial to None, run_after=None
[2024-06-18T13:20:14.237+0400] {processor.py:183} INFO - Processing /home/user/Desktop/airflowproj/py_env/lib/python3.10/site-packages/airflow/example_dags/example_params_ui_tutorial.py took 0.056 seconds
[2024-06-18T13:21:12.560+0400] {processor.py:161} INFO - Started process (PID=57001) to work on /home/user/Desktop/airflowproj/py_env/lib/python3.10/site-packages/airflow/example_dags/example_params_ui_tutorial.py
[2024-06-18T13:21:12.563+0400] {processor.py:830} INFO - Processing file /home/user/Desktop/airflowproj/py_env/lib/python3.10/site-packages/airflow/example_dags/example_params_ui_tutorial.py for tasks to queue
[2024-06-18T13:21:12.564+0400] {logging_mixin.py:188} INFO - [2024-06-18T13:21:12.564+0400] {dagbag.py:545} INFO - Filling up the DagBag from /home/user/Desktop/airflowproj/py_env/lib/python3.10/site-packages/airflow/example_dags/example_params_ui_tutorial.py
[2024-06-18T13:21:12.571+0400] {processor.py:840} INFO - DAG(s) 'example_params_ui_tutorial' retrieved from /home/user/Desktop/airflowproj/py_env/lib/python3.10/site-packages/airflow/example_dags/example_params_ui_tutorial.py
[2024-06-18T13:21:12.592+0400] {logging_mixin.py:188} INFO - [2024-06-18T13:21:12.592+0400] {dag.py:3096} INFO - Sync 1 DAGs
[2024-06-18T13:21:12.597+0400] {logging_mixin.py:188} INFO - [2024-06-18T13:21:12.597+0400] {dag.py:3954} INFO - Setting next_dagrun for example_params_ui_tutorial to None, run_after=None
[2024-06-18T13:21:12.610+0400] {processor.py:183} INFO - Processing /home/user/Desktop/airflowproj/py_env/lib/python3.10/site-packages/airflow/example_dags/example_params_ui_tutorial.py took 0.054 seconds
[2024-06-18T13:22:15.217+0400] {processor.py:161} INFO - Started process (PID=57211) to work on /home/user/Desktop/airflowproj/py_env/lib/python3.10/site-packages/airflow/example_dags/example_params_ui_tutorial.py
[2024-06-18T13:22:15.219+0400] {processor.py:830} INFO - Processing file /home/user/Desktop/airflowproj/py_env/lib/python3.10/site-packages/airflow/example_dags/example_params_ui_tutorial.py for tasks to queue
[2024-06-18T13:22:15.220+0400] {logging_mixin.py:188} INFO - [2024-06-18T13:22:15.220+0400] {dagbag.py:545} INFO - Filling up the DagBag from /home/user/Desktop/airflowproj/py_env/lib/python3.10/site-packages/airflow/example_dags/example_params_ui_tutorial.py
[2024-06-18T13:22:15.226+0400] {processor.py:840} INFO - DAG(s) 'example_params_ui_tutorial' retrieved from /home/user/Desktop/airflowproj/py_env/lib/python3.10/site-packages/airflow/example_dags/example_params_ui_tutorial.py
[2024-06-18T13:22:15.247+0400] {logging_mixin.py:188} INFO - [2024-06-18T13:22:15.246+0400] {dag.py:3096} INFO - Sync 1 DAGs
[2024-06-18T13:22:15.252+0400] {logging_mixin.py:188} INFO - [2024-06-18T13:22:15.252+0400] {dag.py:3954} INFO - Setting next_dagrun for example_params_ui_tutorial to None, run_after=None
[2024-06-18T13:22:15.265+0400] {processor.py:183} INFO - Processing /home/user/Desktop/airflowproj/py_env/lib/python3.10/site-packages/airflow/example_dags/example_params_ui_tutorial.py took 0.053 seconds
[2024-06-18T13:23:14.301+0400] {processor.py:161} INFO - Started process (PID=57440) to work on /home/user/Desktop/airflowproj/py_env/lib/python3.10/site-packages/airflow/example_dags/example_params_ui_tutorial.py
[2024-06-18T13:23:14.304+0400] {processor.py:830} INFO - Processing file /home/user/Desktop/airflowproj/py_env/lib/python3.10/site-packages/airflow/example_dags/example_params_ui_tutorial.py for tasks to queue
[2024-06-18T13:23:14.305+0400] {logging_mixin.py:188} INFO - [2024-06-18T13:23:14.305+0400] {dagbag.py:545} INFO - Filling up the DagBag from /home/user/Desktop/airflowproj/py_env/lib/python3.10/site-packages/airflow/example_dags/example_params_ui_tutorial.py
[2024-06-18T13:23:14.317+0400] {processor.py:840} INFO - DAG(s) 'example_params_ui_tutorial' retrieved from /home/user/Desktop/airflowproj/py_env/lib/python3.10/site-packages/airflow/example_dags/example_params_ui_tutorial.py
[2024-06-18T13:23:14.337+0400] {logging_mixin.py:188} INFO - [2024-06-18T13:23:14.337+0400] {dag.py:3096} INFO - Sync 1 DAGs
[2024-06-18T13:23:14.342+0400] {logging_mixin.py:188} INFO - [2024-06-18T13:23:14.342+0400] {dag.py:3954} INFO - Setting next_dagrun for example_params_ui_tutorial to None, run_after=None
[2024-06-18T13:23:14.355+0400] {processor.py:183} INFO - Processing /home/user/Desktop/airflowproj/py_env/lib/python3.10/site-packages/airflow/example_dags/example_params_ui_tutorial.py took 0.059 seconds
[2024-06-18T13:24:12.593+0400] {processor.py:161} INFO - Started process (PID=57648) to work on /home/user/Desktop/airflowproj/py_env/lib/python3.10/site-packages/airflow/example_dags/example_params_ui_tutorial.py
[2024-06-18T13:24:12.595+0400] {processor.py:830} INFO - Processing file /home/user/Desktop/airflowproj/py_env/lib/python3.10/site-packages/airflow/example_dags/example_params_ui_tutorial.py for tasks to queue
[2024-06-18T13:24:12.596+0400] {logging_mixin.py:188} INFO - [2024-06-18T13:24:12.596+0400] {dagbag.py:545} INFO - Filling up the DagBag from /home/user/Desktop/airflowproj/py_env/lib/python3.10/site-packages/airflow/example_dags/example_params_ui_tutorial.py
[2024-06-18T13:24:12.605+0400] {processor.py:840} INFO - DAG(s) 'example_params_ui_tutorial' retrieved from /home/user/Desktop/airflowproj/py_env/lib/python3.10/site-packages/airflow/example_dags/example_params_ui_tutorial.py
[2024-06-18T13:24:12.626+0400] {logging_mixin.py:188} INFO - [2024-06-18T13:24:12.626+0400] {dag.py:3096} INFO - Sync 1 DAGs
[2024-06-18T13:24:12.631+0400] {logging_mixin.py:188} INFO - [2024-06-18T13:24:12.631+0400] {dag.py:3954} INFO - Setting next_dagrun for example_params_ui_tutorial to None, run_after=None
[2024-06-18T13:24:12.644+0400] {processor.py:183} INFO - Processing /home/user/Desktop/airflowproj/py_env/lib/python3.10/site-packages/airflow/example_dags/example_params_ui_tutorial.py took 0.055 seconds
[2024-06-18T13:25:10.280+0400] {processor.py:161} INFO - Started process (PID=57830) to work on /home/user/Desktop/airflowproj/py_env/lib/python3.10/site-packages/airflow/example_dags/example_params_ui_tutorial.py
[2024-06-18T13:25:10.282+0400] {processor.py:830} INFO - Processing file /home/user/Desktop/airflowproj/py_env/lib/python3.10/site-packages/airflow/example_dags/example_params_ui_tutorial.py for tasks to queue
[2024-06-18T13:25:10.284+0400] {logging_mixin.py:188} INFO - [2024-06-18T13:25:10.283+0400] {dagbag.py:545} INFO - Filling up the DagBag from /home/user/Desktop/airflowproj/py_env/lib/python3.10/site-packages/airflow/example_dags/example_params_ui_tutorial.py
[2024-06-18T13:25:10.290+0400] {processor.py:840} INFO - DAG(s) 'example_params_ui_tutorial' retrieved from /home/user/Desktop/airflowproj/py_env/lib/python3.10/site-packages/airflow/example_dags/example_params_ui_tutorial.py
[2024-06-18T13:25:10.310+0400] {logging_mixin.py:188} INFO - [2024-06-18T13:25:10.310+0400] {dag.py:3096} INFO - Sync 1 DAGs
[2024-06-18T13:25:10.315+0400] {logging_mixin.py:188} INFO - [2024-06-18T13:25:10.315+0400] {dag.py:3954} INFO - Setting next_dagrun for example_params_ui_tutorial to None, run_after=None
[2024-06-18T13:25:10.330+0400] {processor.py:183} INFO - Processing /home/user/Desktop/airflowproj/py_env/lib/python3.10/site-packages/airflow/example_dags/example_params_ui_tutorial.py took 0.054 seconds
[2024-06-18T13:26:09.145+0400] {processor.py:161} INFO - Started process (PID=58032) to work on /home/user/Desktop/airflowproj/py_env/lib/python3.10/site-packages/airflow/example_dags/example_params_ui_tutorial.py
[2024-06-18T13:26:09.147+0400] {processor.py:830} INFO - Processing file /home/user/Desktop/airflowproj/py_env/lib/python3.10/site-packages/airflow/example_dags/example_params_ui_tutorial.py for tasks to queue
[2024-06-18T13:26:09.148+0400] {logging_mixin.py:188} INFO - [2024-06-18T13:26:09.148+0400] {dagbag.py:545} INFO - Filling up the DagBag from /home/user/Desktop/airflowproj/py_env/lib/python3.10/site-packages/airflow/example_dags/example_params_ui_tutorial.py
[2024-06-18T13:26:09.155+0400] {processor.py:840} INFO - DAG(s) 'example_params_ui_tutorial' retrieved from /home/user/Desktop/airflowproj/py_env/lib/python3.10/site-packages/airflow/example_dags/example_params_ui_tutorial.py
[2024-06-18T13:26:09.175+0400] {logging_mixin.py:188} INFO - [2024-06-18T13:26:09.175+0400] {dag.py:3096} INFO - Sync 1 DAGs
[2024-06-18T13:26:09.180+0400] {logging_mixin.py:188} INFO - [2024-06-18T13:26:09.180+0400] {dag.py:3954} INFO - Setting next_dagrun for example_params_ui_tutorial to None, run_after=None
[2024-06-18T13:26:09.193+0400] {processor.py:183} INFO - Processing /home/user/Desktop/airflowproj/py_env/lib/python3.10/site-packages/airflow/example_dags/example_params_ui_tutorial.py took 0.053 seconds
[2024-06-18T13:27:05.292+0400] {processor.py:161} INFO - Started process (PID=58233) to work on /home/user/Desktop/airflowproj/py_env/lib/python3.10/site-packages/airflow/example_dags/example_params_ui_tutorial.py
[2024-06-18T13:27:05.294+0400] {processor.py:830} INFO - Processing file /home/user/Desktop/airflowproj/py_env/lib/python3.10/site-packages/airflow/example_dags/example_params_ui_tutorial.py for tasks to queue
[2024-06-18T13:27:05.295+0400] {logging_mixin.py:188} INFO - [2024-06-18T13:27:05.295+0400] {dagbag.py:545} INFO - Filling up the DagBag from /home/user/Desktop/airflowproj/py_env/lib/python3.10/site-packages/airflow/example_dags/example_params_ui_tutorial.py
[2024-06-18T13:27:05.301+0400] {processor.py:840} INFO - DAG(s) 'example_params_ui_tutorial' retrieved from /home/user/Desktop/airflowproj/py_env/lib/python3.10/site-packages/airflow/example_dags/example_params_ui_tutorial.py
[2024-06-18T13:27:05.322+0400] {logging_mixin.py:188} INFO - [2024-06-18T13:27:05.322+0400] {dag.py:3096} INFO - Sync 1 DAGs
[2024-06-18T13:27:05.326+0400] {logging_mixin.py:188} INFO - [2024-06-18T13:27:05.326+0400] {dag.py:3954} INFO - Setting next_dagrun for example_params_ui_tutorial to None, run_after=None
[2024-06-18T13:27:05.343+0400] {processor.py:183} INFO - Processing /home/user/Desktop/airflowproj/py_env/lib/python3.10/site-packages/airflow/example_dags/example_params_ui_tutorial.py took 0.055 seconds
[2024-06-18T13:28:01.182+0400] {processor.py:161} INFO - Started process (PID=58451) to work on /home/user/Desktop/airflowproj/py_env/lib/python3.10/site-packages/airflow/example_dags/example_params_ui_tutorial.py
[2024-06-18T13:28:01.185+0400] {processor.py:830} INFO - Processing file /home/user/Desktop/airflowproj/py_env/lib/python3.10/site-packages/airflow/example_dags/example_params_ui_tutorial.py for tasks to queue
[2024-06-18T13:28:01.186+0400] {logging_mixin.py:188} INFO - [2024-06-18T13:28:01.186+0400] {dagbag.py:545} INFO - Filling up the DagBag from /home/user/Desktop/airflowproj/py_env/lib/python3.10/site-packages/airflow/example_dags/example_params_ui_tutorial.py
[2024-06-18T13:28:01.192+0400] {processor.py:840} INFO - DAG(s) 'example_params_ui_tutorial' retrieved from /home/user/Desktop/airflowproj/py_env/lib/python3.10/site-packages/airflow/example_dags/example_params_ui_tutorial.py
[2024-06-18T13:28:01.213+0400] {logging_mixin.py:188} INFO - [2024-06-18T13:28:01.213+0400] {dag.py:3096} INFO - Sync 1 DAGs
[2024-06-18T13:28:01.218+0400] {logging_mixin.py:188} INFO - [2024-06-18T13:28:01.218+0400] {dag.py:3954} INFO - Setting next_dagrun for example_params_ui_tutorial to None, run_after=None
[2024-06-18T13:28:01.232+0400] {processor.py:183} INFO - Processing /home/user/Desktop/airflowproj/py_env/lib/python3.10/site-packages/airflow/example_dags/example_params_ui_tutorial.py took 0.053 seconds
[2024-06-18T13:28:58.895+0400] {processor.py:161} INFO - Started process (PID=58655) to work on /home/user/Desktop/airflowproj/py_env/lib/python3.10/site-packages/airflow/example_dags/example_params_ui_tutorial.py
[2024-06-18T13:28:58.897+0400] {processor.py:830} INFO - Processing file /home/user/Desktop/airflowproj/py_env/lib/python3.10/site-packages/airflow/example_dags/example_params_ui_tutorial.py for tasks to queue
[2024-06-18T13:28:58.898+0400] {logging_mixin.py:188} INFO - [2024-06-18T13:28:58.898+0400] {dagbag.py:545} INFO - Filling up the DagBag from /home/user/Desktop/airflowproj/py_env/lib/python3.10/site-packages/airflow/example_dags/example_params_ui_tutorial.py
[2024-06-18T13:28:58.905+0400] {processor.py:840} INFO - DAG(s) 'example_params_ui_tutorial' retrieved from /home/user/Desktop/airflowproj/py_env/lib/python3.10/site-packages/airflow/example_dags/example_params_ui_tutorial.py
[2024-06-18T13:28:58.927+0400] {logging_mixin.py:188} INFO - [2024-06-18T13:28:58.927+0400] {dag.py:3096} INFO - Sync 1 DAGs
[2024-06-18T13:28:58.932+0400] {logging_mixin.py:188} INFO - [2024-06-18T13:28:58.932+0400] {dag.py:3954} INFO - Setting next_dagrun for example_params_ui_tutorial to None, run_after=None
[2024-06-18T13:28:58.947+0400] {processor.py:183} INFO - Processing /home/user/Desktop/airflowproj/py_env/lib/python3.10/site-packages/airflow/example_dags/example_params_ui_tutorial.py took 0.057 seconds
[2024-06-18T13:29:54.022+0400] {processor.py:161} INFO - Started process (PID=58848) to work on /home/user/Desktop/airflowproj/py_env/lib/python3.10/site-packages/airflow/example_dags/example_params_ui_tutorial.py
[2024-06-18T13:29:54.025+0400] {processor.py:830} INFO - Processing file /home/user/Desktop/airflowproj/py_env/lib/python3.10/site-packages/airflow/example_dags/example_params_ui_tutorial.py for tasks to queue
[2024-06-18T13:29:54.026+0400] {logging_mixin.py:188} INFO - [2024-06-18T13:29:54.026+0400] {dagbag.py:545} INFO - Filling up the DagBag from /home/user/Desktop/airflowproj/py_env/lib/python3.10/site-packages/airflow/example_dags/example_params_ui_tutorial.py
[2024-06-18T13:29:54.032+0400] {processor.py:840} INFO - DAG(s) 'example_params_ui_tutorial' retrieved from /home/user/Desktop/airflowproj/py_env/lib/python3.10/site-packages/airflow/example_dags/example_params_ui_tutorial.py
[2024-06-18T13:29:54.053+0400] {logging_mixin.py:188} INFO - [2024-06-18T13:29:54.053+0400] {dag.py:3096} INFO - Sync 1 DAGs
[2024-06-18T13:29:54.058+0400] {logging_mixin.py:188} INFO - [2024-06-18T13:29:54.058+0400] {dag.py:3954} INFO - Setting next_dagrun for example_params_ui_tutorial to None, run_after=None
[2024-06-18T13:29:54.071+0400] {processor.py:183} INFO - Processing /home/user/Desktop/airflowproj/py_env/lib/python3.10/site-packages/airflow/example_dags/example_params_ui_tutorial.py took 0.053 seconds
[2024-06-18T13:30:54.856+0400] {processor.py:161} INFO - Started process (PID=59132) to work on /home/user/Desktop/airflowproj/py_env/lib/python3.10/site-packages/airflow/example_dags/example_params_ui_tutorial.py
[2024-06-18T13:30:54.858+0400] {processor.py:830} INFO - Processing file /home/user/Desktop/airflowproj/py_env/lib/python3.10/site-packages/airflow/example_dags/example_params_ui_tutorial.py for tasks to queue
[2024-06-18T13:30:54.859+0400] {logging_mixin.py:188} INFO - [2024-06-18T13:30:54.859+0400] {dagbag.py:545} INFO - Filling up the DagBag from /home/user/Desktop/airflowproj/py_env/lib/python3.10/site-packages/airflow/example_dags/example_params_ui_tutorial.py
[2024-06-18T13:30:54.865+0400] {processor.py:840} INFO - DAG(s) 'example_params_ui_tutorial' retrieved from /home/user/Desktop/airflowproj/py_env/lib/python3.10/site-packages/airflow/example_dags/example_params_ui_tutorial.py
[2024-06-18T13:30:54.885+0400] {logging_mixin.py:188} INFO - [2024-06-18T13:30:54.885+0400] {dag.py:3096} INFO - Sync 1 DAGs
[2024-06-18T13:30:54.890+0400] {logging_mixin.py:188} INFO - [2024-06-18T13:30:54.890+0400] {dag.py:3954} INFO - Setting next_dagrun for example_params_ui_tutorial to None, run_after=None
[2024-06-18T13:30:54.903+0400] {processor.py:183} INFO - Processing /home/user/Desktop/airflowproj/py_env/lib/python3.10/site-packages/airflow/example_dags/example_params_ui_tutorial.py took 0.051 seconds
[2024-06-18T13:31:59.098+0400] {processor.py:161} INFO - Started process (PID=59556) to work on /home/user/Desktop/airflowproj/py_env/lib/python3.10/site-packages/airflow/example_dags/example_params_ui_tutorial.py
[2024-06-18T13:31:59.099+0400] {processor.py:830} INFO - Processing file /home/user/Desktop/airflowproj/py_env/lib/python3.10/site-packages/airflow/example_dags/example_params_ui_tutorial.py for tasks to queue
[2024-06-18T13:31:59.100+0400] {logging_mixin.py:188} INFO - [2024-06-18T13:31:59.099+0400] {dagbag.py:545} INFO - Filling up the DagBag from /home/user/Desktop/airflowproj/py_env/lib/python3.10/site-packages/airflow/example_dags/example_params_ui_tutorial.py
[2024-06-18T13:31:59.106+0400] {processor.py:840} INFO - DAG(s) 'example_params_ui_tutorial' retrieved from /home/user/Desktop/airflowproj/py_env/lib/python3.10/site-packages/airflow/example_dags/example_params_ui_tutorial.py
[2024-06-18T13:31:59.131+0400] {logging_mixin.py:188} INFO - [2024-06-18T13:31:59.131+0400] {dag.py:3096} INFO - Sync 1 DAGs
[2024-06-18T13:31:59.137+0400] {logging_mixin.py:188} INFO - [2024-06-18T13:31:59.137+0400] {dag.py:3954} INFO - Setting next_dagrun for example_params_ui_tutorial to None, run_after=None
[2024-06-18T13:31:59.154+0400] {processor.py:183} INFO - Processing /home/user/Desktop/airflowproj/py_env/lib/python3.10/site-packages/airflow/example_dags/example_params_ui_tutorial.py took 0.059 seconds
