[2024-06-18T12:40:33.013+0400] {processor.py:161} INFO - Started process (PID=45704) to work on /home/user/Desktop/airflowproj/py_env/lib/python3.10/site-packages/airflow/example_dags/example_task_group.py
[2024-06-18T12:40:33.013+0400] {processor.py:830} INFO - Processing file /home/user/Desktop/airflowproj/py_env/lib/python3.10/site-packages/airflow/example_dags/example_task_group.py for tasks to queue
[2024-06-18T12:40:33.014+0400] {logging_mixin.py:188} INFO - [2024-06-18T12:40:33.014+0400] {dagbag.py:545} INFO - Filling up the DagBag from /home/user/Desktop/airflowproj/py_env/lib/python3.10/site-packages/airflow/example_dags/example_task_group.py
[2024-06-18T12:40:33.018+0400] {processor.py:840} INFO - DAG(s) 'example_task_group' retrieved from /home/user/Desktop/airflowproj/py_env/lib/python3.10/site-packages/airflow/example_dags/example_task_group.py
[2024-06-18T12:40:33.076+0400] {logging_mixin.py:188} INFO - [2024-06-18T12:40:33.075+0400] {override.py:1829} INFO - Created Permission View: can edit on DAG:example_task_group
[2024-06-18T12:40:33.084+0400] {logging_mixin.py:188} INFO - [2024-06-18T12:40:33.084+0400] {override.py:1829} INFO - Created Permission View: can read on DAG:example_task_group
[2024-06-18T12:40:33.091+0400] {logging_mixin.py:188} INFO - [2024-06-18T12:40:33.091+0400] {override.py:1829} INFO - Created Permission View: can delete on DAG:example_task_group
[2024-06-18T12:40:33.091+0400] {logging_mixin.py:188} INFO - [2024-06-18T12:40:33.091+0400] {dag.py:3096} INFO - Sync 1 DAGs
[2024-06-18T12:40:33.096+0400] {logging_mixin.py:188} INFO - [2024-06-18T12:40:33.096+0400] {dag.py:3118} INFO - Creating ORM DAG for example_task_group
[2024-06-18T12:40:33.152+0400] {logging_mixin.py:188} INFO - [2024-06-18T12:40:33.152+0400] {dag.py:3954} INFO - Setting next_dagrun for example_task_group to 2024-06-17 00:00:00+00:00, run_after=2024-06-18 00:00:00+00:00
[2024-06-18T12:40:33.166+0400] {processor.py:183} INFO - Processing /home/user/Desktop/airflowproj/py_env/lib/python3.10/site-packages/airflow/example_dags/example_task_group.py took 0.156 seconds
[2024-06-18T12:43:08.324+0400] {processor.py:161} INFO - Started process (PID=46592) to work on /home/user/Desktop/airflowproj/py_env/lib/python3.10/site-packages/airflow/example_dags/example_task_group.py
[2024-06-18T12:43:08.326+0400] {processor.py:830} INFO - Processing file /home/user/Desktop/airflowproj/py_env/lib/python3.10/site-packages/airflow/example_dags/example_task_group.py for tasks to queue
[2024-06-18T12:43:08.327+0400] {logging_mixin.py:188} INFO - [2024-06-18T12:43:08.327+0400] {dagbag.py:545} INFO - Filling up the DagBag from /home/user/Desktop/airflowproj/py_env/lib/python3.10/site-packages/airflow/example_dags/example_task_group.py
[2024-06-18T12:43:08.332+0400] {processor.py:840} INFO - DAG(s) 'example_task_group' retrieved from /home/user/Desktop/airflowproj/py_env/lib/python3.10/site-packages/airflow/example_dags/example_task_group.py
[2024-06-18T12:43:08.345+0400] {logging_mixin.py:188} INFO - [2024-06-18T12:43:08.345+0400] {dag.py:3096} INFO - Sync 1 DAGs
[2024-06-18T12:43:08.361+0400] {logging_mixin.py:188} INFO - [2024-06-18T12:43:08.361+0400] {dag.py:3954} INFO - Setting next_dagrun for example_task_group to 2024-06-17 00:00:00+00:00, run_after=2024-06-18 00:00:00+00:00
[2024-06-18T12:43:08.382+0400] {processor.py:183} INFO - Processing /home/user/Desktop/airflowproj/py_env/lib/python3.10/site-packages/airflow/example_dags/example_task_group.py took 0.063 seconds
[2024-06-18T12:43:59.888+0400] {processor.py:161} INFO - Started process (PID=46772) to work on /home/user/Desktop/airflowproj/py_env/lib/python3.10/site-packages/airflow/example_dags/example_task_group.py
[2024-06-18T12:43:59.889+0400] {processor.py:830} INFO - Processing file /home/user/Desktop/airflowproj/py_env/lib/python3.10/site-packages/airflow/example_dags/example_task_group.py for tasks to queue
[2024-06-18T12:43:59.890+0400] {logging_mixin.py:188} INFO - [2024-06-18T12:43:59.890+0400] {dagbag.py:545} INFO - Filling up the DagBag from /home/user/Desktop/airflowproj/py_env/lib/python3.10/site-packages/airflow/example_dags/example_task_group.py
[2024-06-18T12:43:59.896+0400] {processor.py:840} INFO - DAG(s) 'example_task_group' retrieved from /home/user/Desktop/airflowproj/py_env/lib/python3.10/site-packages/airflow/example_dags/example_task_group.py
[2024-06-18T12:43:59.903+0400] {logging_mixin.py:188} INFO - [2024-06-18T12:43:59.903+0400] {dag.py:3096} INFO - Sync 1 DAGs
[2024-06-18T12:43:59.912+0400] {logging_mixin.py:188} INFO - [2024-06-18T12:43:59.912+0400] {dag.py:3954} INFO - Setting next_dagrun for example_task_group to 2024-06-17 00:00:00+00:00, run_after=2024-06-18 00:00:00+00:00
[2024-06-18T12:43:59.925+0400] {processor.py:183} INFO - Processing /home/user/Desktop/airflowproj/py_env/lib/python3.10/site-packages/airflow/example_dags/example_task_group.py took 0.041 seconds
[2024-06-18T12:44:50.105+0400] {processor.py:161} INFO - Started process (PID=46925) to work on /home/user/Desktop/airflowproj/py_env/lib/python3.10/site-packages/airflow/example_dags/example_task_group.py
[2024-06-18T12:44:50.108+0400] {processor.py:830} INFO - Processing file /home/user/Desktop/airflowproj/py_env/lib/python3.10/site-packages/airflow/example_dags/example_task_group.py for tasks to queue
[2024-06-18T12:44:50.109+0400] {logging_mixin.py:188} INFO - [2024-06-18T12:44:50.109+0400] {dagbag.py:545} INFO - Filling up the DagBag from /home/user/Desktop/airflowproj/py_env/lib/python3.10/site-packages/airflow/example_dags/example_task_group.py
[2024-06-18T12:44:50.114+0400] {processor.py:840} INFO - DAG(s) 'example_task_group' retrieved from /home/user/Desktop/airflowproj/py_env/lib/python3.10/site-packages/airflow/example_dags/example_task_group.py
[2024-06-18T12:44:50.179+0400] {logging_mixin.py:188} INFO - [2024-06-18T12:44:50.179+0400] {dag.py:3096} INFO - Sync 1 DAGs
[2024-06-18T12:44:50.187+0400] {logging_mixin.py:188} INFO - [2024-06-18T12:44:50.187+0400] {dag.py:3954} INFO - Setting next_dagrun for example_task_group to 2024-06-17 00:00:00+00:00, run_after=2024-06-18 00:00:00+00:00
[2024-06-18T12:44:50.201+0400] {processor.py:183} INFO - Processing /home/user/Desktop/airflowproj/py_env/lib/python3.10/site-packages/airflow/example_dags/example_task_group.py took 0.099 seconds
[2024-06-18T12:45:49.136+0400] {processor.py:161} INFO - Started process (PID=47069) to work on /home/user/Desktop/airflowproj/py_env/lib/python3.10/site-packages/airflow/example_dags/example_task_group.py
[2024-06-18T12:45:49.138+0400] {processor.py:830} INFO - Processing file /home/user/Desktop/airflowproj/py_env/lib/python3.10/site-packages/airflow/example_dags/example_task_group.py for tasks to queue
[2024-06-18T12:45:49.139+0400] {logging_mixin.py:188} INFO - [2024-06-18T12:45:49.138+0400] {dagbag.py:545} INFO - Filling up the DagBag from /home/user/Desktop/airflowproj/py_env/lib/python3.10/site-packages/airflow/example_dags/example_task_group.py
[2024-06-18T12:45:49.143+0400] {processor.py:840} INFO - DAG(s) 'example_task_group' retrieved from /home/user/Desktop/airflowproj/py_env/lib/python3.10/site-packages/airflow/example_dags/example_task_group.py
[2024-06-18T12:45:49.152+0400] {logging_mixin.py:188} INFO - [2024-06-18T12:45:49.152+0400] {dag.py:3096} INFO - Sync 1 DAGs
[2024-06-18T12:45:49.163+0400] {logging_mixin.py:188} INFO - [2024-06-18T12:45:49.162+0400] {dag.py:3954} INFO - Setting next_dagrun for example_task_group to 2024-06-17 00:00:00+00:00, run_after=2024-06-18 00:00:00+00:00
[2024-06-18T12:45:49.178+0400] {processor.py:183} INFO - Processing /home/user/Desktop/airflowproj/py_env/lib/python3.10/site-packages/airflow/example_dags/example_task_group.py took 0.046 seconds
[2024-06-18T12:46:49.005+0400] {processor.py:161} INFO - Started process (PID=47483) to work on /home/user/Desktop/airflowproj/py_env/lib/python3.10/site-packages/airflow/example_dags/example_task_group.py
[2024-06-18T12:46:49.006+0400] {processor.py:830} INFO - Processing file /home/user/Desktop/airflowproj/py_env/lib/python3.10/site-packages/airflow/example_dags/example_task_group.py for tasks to queue
[2024-06-18T12:46:49.008+0400] {logging_mixin.py:188} INFO - [2024-06-18T12:46:49.007+0400] {dagbag.py:545} INFO - Filling up the DagBag from /home/user/Desktop/airflowproj/py_env/lib/python3.10/site-packages/airflow/example_dags/example_task_group.py
[2024-06-18T12:46:49.013+0400] {processor.py:840} INFO - DAG(s) 'example_task_group' retrieved from /home/user/Desktop/airflowproj/py_env/lib/python3.10/site-packages/airflow/example_dags/example_task_group.py
[2024-06-18T12:46:49.032+0400] {logging_mixin.py:188} INFO - [2024-06-18T12:46:49.032+0400] {dag.py:3096} INFO - Sync 1 DAGs
[2024-06-18T12:46:49.054+0400] {logging_mixin.py:188} INFO - [2024-06-18T12:46:49.054+0400] {dag.py:3954} INFO - Setting next_dagrun for example_task_group to 2024-06-17 00:00:00+00:00, run_after=2024-06-18 00:00:00+00:00
[2024-06-18T12:46:49.075+0400] {processor.py:183} INFO - Processing /home/user/Desktop/airflowproj/py_env/lib/python3.10/site-packages/airflow/example_dags/example_task_group.py took 0.076 seconds
[2024-06-18T12:47:47.137+0400] {processor.py:161} INFO - Started process (PID=48122) to work on /home/user/Desktop/airflowproj/py_env/lib/python3.10/site-packages/airflow/example_dags/example_task_group.py
[2024-06-18T12:47:47.139+0400] {processor.py:830} INFO - Processing file /home/user/Desktop/airflowproj/py_env/lib/python3.10/site-packages/airflow/example_dags/example_task_group.py for tasks to queue
[2024-06-18T12:47:47.140+0400] {logging_mixin.py:188} INFO - [2024-06-18T12:47:47.140+0400] {dagbag.py:545} INFO - Filling up the DagBag from /home/user/Desktop/airflowproj/py_env/lib/python3.10/site-packages/airflow/example_dags/example_task_group.py
[2024-06-18T12:47:47.145+0400] {processor.py:840} INFO - DAG(s) 'example_task_group' retrieved from /home/user/Desktop/airflowproj/py_env/lib/python3.10/site-packages/airflow/example_dags/example_task_group.py
[2024-06-18T12:47:47.159+0400] {logging_mixin.py:188} INFO - [2024-06-18T12:47:47.159+0400] {dag.py:3096} INFO - Sync 1 DAGs
[2024-06-18T12:47:47.174+0400] {logging_mixin.py:188} INFO - [2024-06-18T12:47:47.174+0400] {dag.py:3954} INFO - Setting next_dagrun for example_task_group to 2024-06-17 00:00:00+00:00, run_after=2024-06-18 00:00:00+00:00
[2024-06-18T12:47:47.195+0400] {processor.py:183} INFO - Processing /home/user/Desktop/airflowproj/py_env/lib/python3.10/site-packages/airflow/example_dags/example_task_group.py took 0.062 seconds
[2024-06-18T12:48:40.639+0400] {processor.py:161} INFO - Started process (PID=48321) to work on /home/user/Desktop/airflowproj/py_env/lib/python3.10/site-packages/airflow/example_dags/example_task_group.py
[2024-06-18T12:48:40.641+0400] {processor.py:830} INFO - Processing file /home/user/Desktop/airflowproj/py_env/lib/python3.10/site-packages/airflow/example_dags/example_task_group.py for tasks to queue
[2024-06-18T12:48:40.643+0400] {logging_mixin.py:188} INFO - [2024-06-18T12:48:40.642+0400] {dagbag.py:545} INFO - Filling up the DagBag from /home/user/Desktop/airflowproj/py_env/lib/python3.10/site-packages/airflow/example_dags/example_task_group.py
[2024-06-18T12:48:40.647+0400] {processor.py:840} INFO - DAG(s) 'example_task_group' retrieved from /home/user/Desktop/airflowproj/py_env/lib/python3.10/site-packages/airflow/example_dags/example_task_group.py
[2024-06-18T12:48:40.658+0400] {logging_mixin.py:188} INFO - [2024-06-18T12:48:40.658+0400] {dag.py:3096} INFO - Sync 1 DAGs
[2024-06-18T12:48:40.670+0400] {logging_mixin.py:188} INFO - [2024-06-18T12:48:40.670+0400] {dag.py:3954} INFO - Setting next_dagrun for example_task_group to 2024-06-17 00:00:00+00:00, run_after=2024-06-18 00:00:00+00:00
[2024-06-18T12:48:40.684+0400] {processor.py:183} INFO - Processing /home/user/Desktop/airflowproj/py_env/lib/python3.10/site-packages/airflow/example_dags/example_task_group.py took 0.050 seconds
[2024-06-18T12:49:36.338+0400] {processor.py:161} INFO - Started process (PID=48664) to work on /home/user/Desktop/airflowproj/py_env/lib/python3.10/site-packages/airflow/example_dags/example_task_group.py
[2024-06-18T12:49:36.341+0400] {processor.py:830} INFO - Processing file /home/user/Desktop/airflowproj/py_env/lib/python3.10/site-packages/airflow/example_dags/example_task_group.py for tasks to queue
[2024-06-18T12:49:36.341+0400] {logging_mixin.py:188} INFO - [2024-06-18T12:49:36.341+0400] {dagbag.py:545} INFO - Filling up the DagBag from /home/user/Desktop/airflowproj/py_env/lib/python3.10/site-packages/airflow/example_dags/example_task_group.py
[2024-06-18T12:49:36.345+0400] {processor.py:840} INFO - DAG(s) 'example_task_group' retrieved from /home/user/Desktop/airflowproj/py_env/lib/python3.10/site-packages/airflow/example_dags/example_task_group.py
[2024-06-18T12:49:36.357+0400] {logging_mixin.py:188} INFO - [2024-06-18T12:49:36.357+0400] {dag.py:3096} INFO - Sync 1 DAGs
[2024-06-18T12:49:36.368+0400] {logging_mixin.py:188} INFO - [2024-06-18T12:49:36.367+0400] {dag.py:3954} INFO - Setting next_dagrun for example_task_group to 2024-06-17 00:00:00+00:00, run_after=2024-06-18 00:00:00+00:00
[2024-06-18T12:49:36.382+0400] {processor.py:183} INFO - Processing /home/user/Desktop/airflowproj/py_env/lib/python3.10/site-packages/airflow/example_dags/example_task_group.py took 0.048 seconds
[2024-06-18T12:50:36.944+0400] {processor.py:161} INFO - Started process (PID=48840) to work on /home/user/Desktop/airflowproj/py_env/lib/python3.10/site-packages/airflow/example_dags/example_task_group.py
[2024-06-18T12:50:36.946+0400] {processor.py:830} INFO - Processing file /home/user/Desktop/airflowproj/py_env/lib/python3.10/site-packages/airflow/example_dags/example_task_group.py for tasks to queue
[2024-06-18T12:50:36.948+0400] {logging_mixin.py:188} INFO - [2024-06-18T12:50:36.947+0400] {dagbag.py:545} INFO - Filling up the DagBag from /home/user/Desktop/airflowproj/py_env/lib/python3.10/site-packages/airflow/example_dags/example_task_group.py
[2024-06-18T12:50:36.951+0400] {processor.py:840} INFO - DAG(s) 'example_task_group' retrieved from /home/user/Desktop/airflowproj/py_env/lib/python3.10/site-packages/airflow/example_dags/example_task_group.py
[2024-06-18T12:50:36.960+0400] {logging_mixin.py:188} INFO - [2024-06-18T12:50:36.960+0400] {dag.py:3096} INFO - Sync 1 DAGs
[2024-06-18T12:50:36.970+0400] {logging_mixin.py:188} INFO - [2024-06-18T12:50:36.970+0400] {dag.py:3954} INFO - Setting next_dagrun for example_task_group to 2024-06-17 00:00:00+00:00, run_after=2024-06-18 00:00:00+00:00
[2024-06-18T12:50:36.987+0400] {processor.py:183} INFO - Processing /home/user/Desktop/airflowproj/py_env/lib/python3.10/site-packages/airflow/example_dags/example_task_group.py took 0.047 seconds
[2024-06-18T12:51:34.442+0400] {processor.py:161} INFO - Started process (PID=49063) to work on /home/user/Desktop/airflowproj/py_env/lib/python3.10/site-packages/airflow/example_dags/example_task_group.py
[2024-06-18T12:51:34.445+0400] {processor.py:830} INFO - Processing file /home/user/Desktop/airflowproj/py_env/lib/python3.10/site-packages/airflow/example_dags/example_task_group.py for tasks to queue
[2024-06-18T12:51:34.446+0400] {logging_mixin.py:188} INFO - [2024-06-18T12:51:34.445+0400] {dagbag.py:545} INFO - Filling up the DagBag from /home/user/Desktop/airflowproj/py_env/lib/python3.10/site-packages/airflow/example_dags/example_task_group.py
[2024-06-18T12:51:34.449+0400] {processor.py:840} INFO - DAG(s) 'example_task_group' retrieved from /home/user/Desktop/airflowproj/py_env/lib/python3.10/site-packages/airflow/example_dags/example_task_group.py
[2024-06-18T12:51:34.457+0400] {logging_mixin.py:188} INFO - [2024-06-18T12:51:34.457+0400] {dag.py:3096} INFO - Sync 1 DAGs
[2024-06-18T12:51:34.465+0400] {logging_mixin.py:188} INFO - [2024-06-18T12:51:34.465+0400] {dag.py:3954} INFO - Setting next_dagrun for example_task_group to 2024-06-17 00:00:00+00:00, run_after=2024-06-18 00:00:00+00:00
[2024-06-18T12:51:34.478+0400] {processor.py:183} INFO - Processing /home/user/Desktop/airflowproj/py_env/lib/python3.10/site-packages/airflow/example_dags/example_task_group.py took 0.041 seconds
[2024-06-18T12:52:33.564+0400] {processor.py:161} INFO - Started process (PID=49233) to work on /home/user/Desktop/airflowproj/py_env/lib/python3.10/site-packages/airflow/example_dags/example_task_group.py
[2024-06-18T12:52:33.566+0400] {processor.py:830} INFO - Processing file /home/user/Desktop/airflowproj/py_env/lib/python3.10/site-packages/airflow/example_dags/example_task_group.py for tasks to queue
[2024-06-18T12:52:33.567+0400] {logging_mixin.py:188} INFO - [2024-06-18T12:52:33.567+0400] {dagbag.py:545} INFO - Filling up the DagBag from /home/user/Desktop/airflowproj/py_env/lib/python3.10/site-packages/airflow/example_dags/example_task_group.py
[2024-06-18T12:52:33.571+0400] {processor.py:840} INFO - DAG(s) 'example_task_group' retrieved from /home/user/Desktop/airflowproj/py_env/lib/python3.10/site-packages/airflow/example_dags/example_task_group.py
[2024-06-18T12:52:33.580+0400] {logging_mixin.py:188} INFO - [2024-06-18T12:52:33.579+0400] {dag.py:3096} INFO - Sync 1 DAGs
[2024-06-18T12:52:33.589+0400] {logging_mixin.py:188} INFO - [2024-06-18T12:52:33.589+0400] {dag.py:3954} INFO - Setting next_dagrun for example_task_group to 2024-06-17 00:00:00+00:00, run_after=2024-06-18 00:00:00+00:00
[2024-06-18T12:52:33.603+0400] {processor.py:183} INFO - Processing /home/user/Desktop/airflowproj/py_env/lib/python3.10/site-packages/airflow/example_dags/example_task_group.py took 0.042 seconds
[2024-06-18T12:53:31.843+0400] {processor.py:161} INFO - Started process (PID=49523) to work on /home/user/Desktop/airflowproj/py_env/lib/python3.10/site-packages/airflow/example_dags/example_task_group.py
[2024-06-18T12:53:31.845+0400] {processor.py:830} INFO - Processing file /home/user/Desktop/airflowproj/py_env/lib/python3.10/site-packages/airflow/example_dags/example_task_group.py for tasks to queue
[2024-06-18T12:53:31.847+0400] {logging_mixin.py:188} INFO - [2024-06-18T12:53:31.847+0400] {dagbag.py:545} INFO - Filling up the DagBag from /home/user/Desktop/airflowproj/py_env/lib/python3.10/site-packages/airflow/example_dags/example_task_group.py
[2024-06-18T12:53:31.852+0400] {processor.py:840} INFO - DAG(s) 'example_task_group' retrieved from /home/user/Desktop/airflowproj/py_env/lib/python3.10/site-packages/airflow/example_dags/example_task_group.py
[2024-06-18T12:53:31.859+0400] {logging_mixin.py:188} INFO - [2024-06-18T12:53:31.859+0400] {dag.py:3096} INFO - Sync 1 DAGs
[2024-06-18T12:53:31.868+0400] {logging_mixin.py:188} INFO - [2024-06-18T12:53:31.868+0400] {dag.py:3954} INFO - Setting next_dagrun for example_task_group to 2024-06-17 00:00:00+00:00, run_after=2024-06-18 00:00:00+00:00
[2024-06-18T12:53:31.881+0400] {processor.py:183} INFO - Processing /home/user/Desktop/airflowproj/py_env/lib/python3.10/site-packages/airflow/example_dags/example_task_group.py took 0.043 seconds
[2024-06-18T12:54:29.012+0400] {processor.py:161} INFO - Started process (PID=49691) to work on /home/user/Desktop/airflowproj/py_env/lib/python3.10/site-packages/airflow/example_dags/example_task_group.py
[2024-06-18T12:54:29.013+0400] {processor.py:830} INFO - Processing file /home/user/Desktop/airflowproj/py_env/lib/python3.10/site-packages/airflow/example_dags/example_task_group.py for tasks to queue
[2024-06-18T12:54:29.015+0400] {logging_mixin.py:188} INFO - [2024-06-18T12:54:29.014+0400] {dagbag.py:545} INFO - Filling up the DagBag from /home/user/Desktop/airflowproj/py_env/lib/python3.10/site-packages/airflow/example_dags/example_task_group.py
[2024-06-18T12:54:29.019+0400] {processor.py:840} INFO - DAG(s) 'example_task_group' retrieved from /home/user/Desktop/airflowproj/py_env/lib/python3.10/site-packages/airflow/example_dags/example_task_group.py
[2024-06-18T12:54:29.028+0400] {logging_mixin.py:188} INFO - [2024-06-18T12:54:29.027+0400] {dag.py:3096} INFO - Sync 1 DAGs
[2024-06-18T12:54:29.037+0400] {logging_mixin.py:188} INFO - [2024-06-18T12:54:29.037+0400] {dag.py:3954} INFO - Setting next_dagrun for example_task_group to 2024-06-17 00:00:00+00:00, run_after=2024-06-18 00:00:00+00:00
[2024-06-18T12:54:29.055+0400] {processor.py:183} INFO - Processing /home/user/Desktop/airflowproj/py_env/lib/python3.10/site-packages/airflow/example_dags/example_task_group.py took 0.047 seconds
[2024-06-18T12:55:29.017+0400] {processor.py:161} INFO - Started process (PID=49996) to work on /home/user/Desktop/airflowproj/py_env/lib/python3.10/site-packages/airflow/example_dags/example_task_group.py
[2024-06-18T12:55:29.018+0400] {processor.py:830} INFO - Processing file /home/user/Desktop/airflowproj/py_env/lib/python3.10/site-packages/airflow/example_dags/example_task_group.py for tasks to queue
[2024-06-18T12:55:29.019+0400] {logging_mixin.py:188} INFO - [2024-06-18T12:55:29.019+0400] {dagbag.py:545} INFO - Filling up the DagBag from /home/user/Desktop/airflowproj/py_env/lib/python3.10/site-packages/airflow/example_dags/example_task_group.py
[2024-06-18T12:55:29.023+0400] {processor.py:840} INFO - DAG(s) 'example_task_group' retrieved from /home/user/Desktop/airflowproj/py_env/lib/python3.10/site-packages/airflow/example_dags/example_task_group.py
[2024-06-18T12:55:29.033+0400] {logging_mixin.py:188} INFO - [2024-06-18T12:55:29.033+0400] {dag.py:3096} INFO - Sync 1 DAGs
[2024-06-18T12:55:29.044+0400] {logging_mixin.py:188} INFO - [2024-06-18T12:55:29.044+0400] {dag.py:3954} INFO - Setting next_dagrun for example_task_group to 2024-06-17 00:00:00+00:00, run_after=2024-06-18 00:00:00+00:00
[2024-06-18T12:55:29.057+0400] {processor.py:183} INFO - Processing /home/user/Desktop/airflowproj/py_env/lib/python3.10/site-packages/airflow/example_dags/example_task_group.py took 0.044 seconds
[2024-06-18T12:56:25.596+0400] {processor.py:161} INFO - Started process (PID=50236) to work on /home/user/Desktop/airflowproj/py_env/lib/python3.10/site-packages/airflow/example_dags/example_task_group.py
[2024-06-18T12:56:25.598+0400] {processor.py:830} INFO - Processing file /home/user/Desktop/airflowproj/py_env/lib/python3.10/site-packages/airflow/example_dags/example_task_group.py for tasks to queue
[2024-06-18T12:56:25.600+0400] {logging_mixin.py:188} INFO - [2024-06-18T12:56:25.599+0400] {dagbag.py:545} INFO - Filling up the DagBag from /home/user/Desktop/airflowproj/py_env/lib/python3.10/site-packages/airflow/example_dags/example_task_group.py
[2024-06-18T12:56:25.604+0400] {processor.py:840} INFO - DAG(s) 'example_task_group' retrieved from /home/user/Desktop/airflowproj/py_env/lib/python3.10/site-packages/airflow/example_dags/example_task_group.py
[2024-06-18T12:56:25.613+0400] {logging_mixin.py:188} INFO - [2024-06-18T12:56:25.613+0400] {dag.py:3096} INFO - Sync 1 DAGs
[2024-06-18T12:56:25.622+0400] {logging_mixin.py:188} INFO - [2024-06-18T12:56:25.622+0400] {dag.py:3954} INFO - Setting next_dagrun for example_task_group to 2024-06-17 00:00:00+00:00, run_after=2024-06-18 00:00:00+00:00
[2024-06-18T12:56:25.637+0400] {processor.py:183} INFO - Processing /home/user/Desktop/airflowproj/py_env/lib/python3.10/site-packages/airflow/example_dags/example_task_group.py took 0.047 seconds
[2024-06-18T12:57:25.567+0400] {processor.py:161} INFO - Started process (PID=50423) to work on /home/user/Desktop/airflowproj/py_env/lib/python3.10/site-packages/airflow/example_dags/example_task_group.py
[2024-06-18T12:57:25.569+0400] {processor.py:830} INFO - Processing file /home/user/Desktop/airflowproj/py_env/lib/python3.10/site-packages/airflow/example_dags/example_task_group.py for tasks to queue
[2024-06-18T12:57:25.571+0400] {logging_mixin.py:188} INFO - [2024-06-18T12:57:25.570+0400] {dagbag.py:545} INFO - Filling up the DagBag from /home/user/Desktop/airflowproj/py_env/lib/python3.10/site-packages/airflow/example_dags/example_task_group.py
[2024-06-18T12:57:25.575+0400] {processor.py:840} INFO - DAG(s) 'example_task_group' retrieved from /home/user/Desktop/airflowproj/py_env/lib/python3.10/site-packages/airflow/example_dags/example_task_group.py
[2024-06-18T12:57:25.583+0400] {logging_mixin.py:188} INFO - [2024-06-18T12:57:25.583+0400] {dag.py:3096} INFO - Sync 1 DAGs
[2024-06-18T12:57:25.591+0400] {logging_mixin.py:188} INFO - [2024-06-18T12:57:25.591+0400] {dag.py:3954} INFO - Setting next_dagrun for example_task_group to 2024-06-17 00:00:00+00:00, run_after=2024-06-18 00:00:00+00:00
[2024-06-18T12:57:25.605+0400] {processor.py:183} INFO - Processing /home/user/Desktop/airflowproj/py_env/lib/python3.10/site-packages/airflow/example_dags/example_task_group.py took 0.042 seconds
[2024-06-18T12:58:24.975+0400] {processor.py:161} INFO - Started process (PID=50937) to work on /home/user/Desktop/airflowproj/py_env/lib/python3.10/site-packages/airflow/example_dags/example_task_group.py
[2024-06-18T12:58:24.977+0400] {processor.py:830} INFO - Processing file /home/user/Desktop/airflowproj/py_env/lib/python3.10/site-packages/airflow/example_dags/example_task_group.py for tasks to queue
[2024-06-18T12:58:24.978+0400] {logging_mixin.py:188} INFO - [2024-06-18T12:58:24.978+0400] {dagbag.py:545} INFO - Filling up the DagBag from /home/user/Desktop/airflowproj/py_env/lib/python3.10/site-packages/airflow/example_dags/example_task_group.py
[2024-06-18T12:58:24.983+0400] {processor.py:840} INFO - DAG(s) 'example_task_group' retrieved from /home/user/Desktop/airflowproj/py_env/lib/python3.10/site-packages/airflow/example_dags/example_task_group.py
[2024-06-18T12:58:24.993+0400] {logging_mixin.py:188} INFO - [2024-06-18T12:58:24.993+0400] {dag.py:3096} INFO - Sync 1 DAGs
[2024-06-18T12:58:25.007+0400] {logging_mixin.py:188} INFO - [2024-06-18T12:58:25.007+0400] {dag.py:3954} INFO - Setting next_dagrun for example_task_group to 2024-06-17 00:00:00+00:00, run_after=2024-06-18 00:00:00+00:00
[2024-06-18T12:58:25.024+0400] {processor.py:183} INFO - Processing /home/user/Desktop/airflowproj/py_env/lib/python3.10/site-packages/airflow/example_dags/example_task_group.py took 0.053 seconds
[2024-06-18T12:59:22.924+0400] {processor.py:161} INFO - Started process (PID=51323) to work on /home/user/Desktop/airflowproj/py_env/lib/python3.10/site-packages/airflow/example_dags/example_task_group.py
[2024-06-18T12:59:22.926+0400] {processor.py:830} INFO - Processing file /home/user/Desktop/airflowproj/py_env/lib/python3.10/site-packages/airflow/example_dags/example_task_group.py for tasks to queue
[2024-06-18T12:59:22.927+0400] {logging_mixin.py:188} INFO - [2024-06-18T12:59:22.927+0400] {dagbag.py:545} INFO - Filling up the DagBag from /home/user/Desktop/airflowproj/py_env/lib/python3.10/site-packages/airflow/example_dags/example_task_group.py
[2024-06-18T12:59:22.931+0400] {processor.py:840} INFO - DAG(s) 'example_task_group' retrieved from /home/user/Desktop/airflowproj/py_env/lib/python3.10/site-packages/airflow/example_dags/example_task_group.py
[2024-06-18T12:59:22.940+0400] {logging_mixin.py:188} INFO - [2024-06-18T12:59:22.940+0400] {dag.py:3096} INFO - Sync 1 DAGs
[2024-06-18T12:59:22.952+0400] {logging_mixin.py:188} INFO - [2024-06-18T12:59:22.952+0400] {dag.py:3954} INFO - Setting next_dagrun for example_task_group to 2024-06-17 00:00:00+00:00, run_after=2024-06-18 00:00:00+00:00
[2024-06-18T12:59:22.968+0400] {processor.py:183} INFO - Processing /home/user/Desktop/airflowproj/py_env/lib/python3.10/site-packages/airflow/example_dags/example_task_group.py took 0.053 seconds
[2024-06-18T13:00:16.904+0400] {processor.py:161} INFO - Started process (PID=51696) to work on /home/user/Desktop/airflowproj/py_env/lib/python3.10/site-packages/airflow/example_dags/example_task_group.py
[2024-06-18T13:00:16.906+0400] {processor.py:830} INFO - Processing file /home/user/Desktop/airflowproj/py_env/lib/python3.10/site-packages/airflow/example_dags/example_task_group.py for tasks to queue
[2024-06-18T13:00:16.908+0400] {logging_mixin.py:188} INFO - [2024-06-18T13:00:16.908+0400] {dagbag.py:545} INFO - Filling up the DagBag from /home/user/Desktop/airflowproj/py_env/lib/python3.10/site-packages/airflow/example_dags/example_task_group.py
[2024-06-18T13:00:16.912+0400] {processor.py:840} INFO - DAG(s) 'example_task_group' retrieved from /home/user/Desktop/airflowproj/py_env/lib/python3.10/site-packages/airflow/example_dags/example_task_group.py
[2024-06-18T13:00:16.921+0400] {logging_mixin.py:188} INFO - [2024-06-18T13:00:16.921+0400] {dag.py:3096} INFO - Sync 1 DAGs
[2024-06-18T13:00:16.930+0400] {logging_mixin.py:188} INFO - [2024-06-18T13:00:16.930+0400] {dag.py:3954} INFO - Setting next_dagrun for example_task_group to 2024-06-17 00:00:00+00:00, run_after=2024-06-18 00:00:00+00:00
[2024-06-18T13:00:16.946+0400] {processor.py:183} INFO - Processing /home/user/Desktop/airflowproj/py_env/lib/python3.10/site-packages/airflow/example_dags/example_task_group.py took 0.046 seconds
[2024-06-18T13:01:14.722+0400] {processor.py:161} INFO - Started process (PID=52030) to work on /home/user/Desktop/airflowproj/py_env/lib/python3.10/site-packages/airflow/example_dags/example_task_group.py
[2024-06-18T13:01:14.724+0400] {processor.py:830} INFO - Processing file /home/user/Desktop/airflowproj/py_env/lib/python3.10/site-packages/airflow/example_dags/example_task_group.py for tasks to queue
[2024-06-18T13:01:14.725+0400] {logging_mixin.py:188} INFO - [2024-06-18T13:01:14.724+0400] {dagbag.py:545} INFO - Filling up the DagBag from /home/user/Desktop/airflowproj/py_env/lib/python3.10/site-packages/airflow/example_dags/example_task_group.py
[2024-06-18T13:01:14.730+0400] {processor.py:840} INFO - DAG(s) 'example_task_group' retrieved from /home/user/Desktop/airflowproj/py_env/lib/python3.10/site-packages/airflow/example_dags/example_task_group.py
[2024-06-18T13:01:14.739+0400] {logging_mixin.py:188} INFO - [2024-06-18T13:01:14.739+0400] {dag.py:3096} INFO - Sync 1 DAGs
[2024-06-18T13:01:14.749+0400] {logging_mixin.py:188} INFO - [2024-06-18T13:01:14.749+0400] {dag.py:3954} INFO - Setting next_dagrun for example_task_group to 2024-06-17 00:00:00+00:00, run_after=2024-06-18 00:00:00+00:00
[2024-06-18T13:01:14.767+0400] {processor.py:183} INFO - Processing /home/user/Desktop/airflowproj/py_env/lib/python3.10/site-packages/airflow/example_dags/example_task_group.py took 0.050 seconds
[2024-06-18T13:02:15.139+0400] {processor.py:161} INFO - Started process (PID=52830) to work on /home/user/Desktop/airflowproj/py_env/lib/python3.10/site-packages/airflow/example_dags/example_task_group.py
[2024-06-18T13:02:15.142+0400] {processor.py:830} INFO - Processing file /home/user/Desktop/airflowproj/py_env/lib/python3.10/site-packages/airflow/example_dags/example_task_group.py for tasks to queue
[2024-06-18T13:02:15.143+0400] {logging_mixin.py:188} INFO - [2024-06-18T13:02:15.142+0400] {dagbag.py:545} INFO - Filling up the DagBag from /home/user/Desktop/airflowproj/py_env/lib/python3.10/site-packages/airflow/example_dags/example_task_group.py
[2024-06-18T13:02:15.148+0400] {processor.py:840} INFO - DAG(s) 'example_task_group' retrieved from /home/user/Desktop/airflowproj/py_env/lib/python3.10/site-packages/airflow/example_dags/example_task_group.py
[2024-06-18T13:02:15.161+0400] {logging_mixin.py:188} INFO - [2024-06-18T13:02:15.161+0400] {dag.py:3096} INFO - Sync 1 DAGs
[2024-06-18T13:02:15.171+0400] {logging_mixin.py:188} INFO - [2024-06-18T13:02:15.171+0400] {dag.py:3954} INFO - Setting next_dagrun for example_task_group to 2024-06-17 00:00:00+00:00, run_after=2024-06-18 00:00:00+00:00
[2024-06-18T13:02:15.185+0400] {processor.py:183} INFO - Processing /home/user/Desktop/airflowproj/py_env/lib/python3.10/site-packages/airflow/example_dags/example_task_group.py took 0.049 seconds
[2024-06-18T13:03:13.641+0400] {processor.py:161} INFO - Started process (PID=53066) to work on /home/user/Desktop/airflowproj/py_env/lib/python3.10/site-packages/airflow/example_dags/example_task_group.py
[2024-06-18T13:03:13.644+0400] {processor.py:830} INFO - Processing file /home/user/Desktop/airflowproj/py_env/lib/python3.10/site-packages/airflow/example_dags/example_task_group.py for tasks to queue
[2024-06-18T13:03:13.646+0400] {logging_mixin.py:188} INFO - [2024-06-18T13:03:13.645+0400] {dagbag.py:545} INFO - Filling up the DagBag from /home/user/Desktop/airflowproj/py_env/lib/python3.10/site-packages/airflow/example_dags/example_task_group.py
[2024-06-18T13:03:13.651+0400] {processor.py:840} INFO - DAG(s) 'example_task_group' retrieved from /home/user/Desktop/airflowproj/py_env/lib/python3.10/site-packages/airflow/example_dags/example_task_group.py
[2024-06-18T13:03:13.664+0400] {logging_mixin.py:188} INFO - [2024-06-18T13:03:13.664+0400] {dag.py:3096} INFO - Sync 1 DAGs
[2024-06-18T13:03:13.673+0400] {logging_mixin.py:188} INFO - [2024-06-18T13:03:13.673+0400] {dag.py:3954} INFO - Setting next_dagrun for example_task_group to 2024-06-17 00:00:00+00:00, run_after=2024-06-18 00:00:00+00:00
[2024-06-18T13:03:13.687+0400] {processor.py:183} INFO - Processing /home/user/Desktop/airflowproj/py_env/lib/python3.10/site-packages/airflow/example_dags/example_task_group.py took 0.049 seconds
[2024-06-18T13:04:10.744+0400] {processor.py:161} INFO - Started process (PID=53273) to work on /home/user/Desktop/airflowproj/py_env/lib/python3.10/site-packages/airflow/example_dags/example_task_group.py
[2024-06-18T13:04:10.747+0400] {processor.py:830} INFO - Processing file /home/user/Desktop/airflowproj/py_env/lib/python3.10/site-packages/airflow/example_dags/example_task_group.py for tasks to queue
[2024-06-18T13:04:10.748+0400] {logging_mixin.py:188} INFO - [2024-06-18T13:04:10.748+0400] {dagbag.py:545} INFO - Filling up the DagBag from /home/user/Desktop/airflowproj/py_env/lib/python3.10/site-packages/airflow/example_dags/example_task_group.py
[2024-06-18T13:04:10.752+0400] {processor.py:840} INFO - DAG(s) 'example_task_group' retrieved from /home/user/Desktop/airflowproj/py_env/lib/python3.10/site-packages/airflow/example_dags/example_task_group.py
[2024-06-18T13:04:10.761+0400] {logging_mixin.py:188} INFO - [2024-06-18T13:04:10.761+0400] {dag.py:3096} INFO - Sync 1 DAGs
[2024-06-18T13:04:10.770+0400] {logging_mixin.py:188} INFO - [2024-06-18T13:04:10.770+0400] {dag.py:3954} INFO - Setting next_dagrun for example_task_group to 2024-06-17 00:00:00+00:00, run_after=2024-06-18 00:00:00+00:00
[2024-06-18T13:04:10.783+0400] {processor.py:183} INFO - Processing /home/user/Desktop/airflowproj/py_env/lib/python3.10/site-packages/airflow/example_dags/example_task_group.py took 0.043 seconds
[2024-06-18T13:05:08.683+0400] {processor.py:161} INFO - Started process (PID=53488) to work on /home/user/Desktop/airflowproj/py_env/lib/python3.10/site-packages/airflow/example_dags/example_task_group.py
[2024-06-18T13:05:08.686+0400] {processor.py:830} INFO - Processing file /home/user/Desktop/airflowproj/py_env/lib/python3.10/site-packages/airflow/example_dags/example_task_group.py for tasks to queue
[2024-06-18T13:05:08.688+0400] {logging_mixin.py:188} INFO - [2024-06-18T13:05:08.687+0400] {dagbag.py:545} INFO - Filling up the DagBag from /home/user/Desktop/airflowproj/py_env/lib/python3.10/site-packages/airflow/example_dags/example_task_group.py
[2024-06-18T13:05:08.693+0400] {processor.py:840} INFO - DAG(s) 'example_task_group' retrieved from /home/user/Desktop/airflowproj/py_env/lib/python3.10/site-packages/airflow/example_dags/example_task_group.py
[2024-06-18T13:05:08.705+0400] {logging_mixin.py:188} INFO - [2024-06-18T13:05:08.704+0400] {dag.py:3096} INFO - Sync 1 DAGs
[2024-06-18T13:05:08.715+0400] {logging_mixin.py:188} INFO - [2024-06-18T13:05:08.715+0400] {dag.py:3954} INFO - Setting next_dagrun for example_task_group to 2024-06-17 00:00:00+00:00, run_after=2024-06-18 00:00:00+00:00
[2024-06-18T13:05:08.732+0400] {processor.py:183} INFO - Processing /home/user/Desktop/airflowproj/py_env/lib/python3.10/site-packages/airflow/example_dags/example_task_group.py took 0.052 seconds
[2024-06-18T13:06:06.479+0400] {processor.py:161} INFO - Started process (PID=53723) to work on /home/user/Desktop/airflowproj/py_env/lib/python3.10/site-packages/airflow/example_dags/example_task_group.py
[2024-06-18T13:06:06.481+0400] {processor.py:830} INFO - Processing file /home/user/Desktop/airflowproj/py_env/lib/python3.10/site-packages/airflow/example_dags/example_task_group.py for tasks to queue
[2024-06-18T13:06:06.482+0400] {logging_mixin.py:188} INFO - [2024-06-18T13:06:06.482+0400] {dagbag.py:545} INFO - Filling up the DagBag from /home/user/Desktop/airflowproj/py_env/lib/python3.10/site-packages/airflow/example_dags/example_task_group.py
[2024-06-18T13:06:06.486+0400] {processor.py:840} INFO - DAG(s) 'example_task_group' retrieved from /home/user/Desktop/airflowproj/py_env/lib/python3.10/site-packages/airflow/example_dags/example_task_group.py
[2024-06-18T13:06:06.494+0400] {logging_mixin.py:188} INFO - [2024-06-18T13:06:06.494+0400] {dag.py:3096} INFO - Sync 1 DAGs
[2024-06-18T13:06:06.503+0400] {logging_mixin.py:188} INFO - [2024-06-18T13:06:06.503+0400] {dag.py:3954} INFO - Setting next_dagrun for example_task_group to 2024-06-17 00:00:00+00:00, run_after=2024-06-18 00:00:00+00:00
[2024-06-18T13:06:06.516+0400] {processor.py:183} INFO - Processing /home/user/Desktop/airflowproj/py_env/lib/python3.10/site-packages/airflow/example_dags/example_task_group.py took 0.042 seconds
[2024-06-18T13:07:08.137+0400] {processor.py:161} INFO - Started process (PID=53933) to work on /home/user/Desktop/airflowproj/py_env/lib/python3.10/site-packages/airflow/example_dags/example_task_group.py
[2024-06-18T13:07:08.138+0400] {processor.py:830} INFO - Processing file /home/user/Desktop/airflowproj/py_env/lib/python3.10/site-packages/airflow/example_dags/example_task_group.py for tasks to queue
[2024-06-18T13:07:08.139+0400] {logging_mixin.py:188} INFO - [2024-06-18T13:07:08.139+0400] {dagbag.py:545} INFO - Filling up the DagBag from /home/user/Desktop/airflowproj/py_env/lib/python3.10/site-packages/airflow/example_dags/example_task_group.py
[2024-06-18T13:07:08.143+0400] {processor.py:840} INFO - DAG(s) 'example_task_group' retrieved from /home/user/Desktop/airflowproj/py_env/lib/python3.10/site-packages/airflow/example_dags/example_task_group.py
[2024-06-18T13:07:08.151+0400] {logging_mixin.py:188} INFO - [2024-06-18T13:07:08.151+0400] {dag.py:3096} INFO - Sync 1 DAGs
[2024-06-18T13:07:08.160+0400] {logging_mixin.py:188} INFO - [2024-06-18T13:07:08.160+0400] {dag.py:3954} INFO - Setting next_dagrun for example_task_group to 2024-06-17 00:00:00+00:00, run_after=2024-06-18 00:00:00+00:00
[2024-06-18T13:07:08.173+0400] {processor.py:183} INFO - Processing /home/user/Desktop/airflowproj/py_env/lib/python3.10/site-packages/airflow/example_dags/example_task_group.py took 0.040 seconds
[2024-06-18T13:08:09.820+0400] {processor.py:161} INFO - Started process (PID=54176) to work on /home/user/Desktop/airflowproj/py_env/lib/python3.10/site-packages/airflow/example_dags/example_task_group.py
[2024-06-18T13:08:09.821+0400] {processor.py:830} INFO - Processing file /home/user/Desktop/airflowproj/py_env/lib/python3.10/site-packages/airflow/example_dags/example_task_group.py for tasks to queue
[2024-06-18T13:08:09.822+0400] {logging_mixin.py:188} INFO - [2024-06-18T13:08:09.821+0400] {dagbag.py:545} INFO - Filling up the DagBag from /home/user/Desktop/airflowproj/py_env/lib/python3.10/site-packages/airflow/example_dags/example_task_group.py
[2024-06-18T13:08:09.825+0400] {processor.py:840} INFO - DAG(s) 'example_task_group' retrieved from /home/user/Desktop/airflowproj/py_env/lib/python3.10/site-packages/airflow/example_dags/example_task_group.py
[2024-06-18T13:08:09.833+0400] {logging_mixin.py:188} INFO - [2024-06-18T13:08:09.833+0400] {dag.py:3096} INFO - Sync 1 DAGs
[2024-06-18T13:08:09.842+0400] {logging_mixin.py:188} INFO - [2024-06-18T13:08:09.842+0400] {dag.py:3954} INFO - Setting next_dagrun for example_task_group to 2024-06-17 00:00:00+00:00, run_after=2024-06-18 00:00:00+00:00
[2024-06-18T13:08:09.855+0400] {processor.py:183} INFO - Processing /home/user/Desktop/airflowproj/py_env/lib/python3.10/site-packages/airflow/example_dags/example_task_group.py took 0.039 seconds
[2024-06-18T13:09:08.106+0400] {processor.py:161} INFO - Started process (PID=54441) to work on /home/user/Desktop/airflowproj/py_env/lib/python3.10/site-packages/airflow/example_dags/example_task_group.py
[2024-06-18T13:09:08.109+0400] {processor.py:830} INFO - Processing file /home/user/Desktop/airflowproj/py_env/lib/python3.10/site-packages/airflow/example_dags/example_task_group.py for tasks to queue
[2024-06-18T13:09:08.110+0400] {logging_mixin.py:188} INFO - [2024-06-18T13:09:08.110+0400] {dagbag.py:545} INFO - Filling up the DagBag from /home/user/Desktop/airflowproj/py_env/lib/python3.10/site-packages/airflow/example_dags/example_task_group.py
[2024-06-18T13:09:08.115+0400] {processor.py:840} INFO - DAG(s) 'example_task_group' retrieved from /home/user/Desktop/airflowproj/py_env/lib/python3.10/site-packages/airflow/example_dags/example_task_group.py
[2024-06-18T13:09:08.123+0400] {logging_mixin.py:188} INFO - [2024-06-18T13:09:08.123+0400] {dag.py:3096} INFO - Sync 1 DAGs
[2024-06-18T13:09:08.132+0400] {logging_mixin.py:188} INFO - [2024-06-18T13:09:08.132+0400] {dag.py:3954} INFO - Setting next_dagrun for example_task_group to 2024-06-17 00:00:00+00:00, run_after=2024-06-18 00:00:00+00:00
[2024-06-18T13:09:08.146+0400] {processor.py:183} INFO - Processing /home/user/Desktop/airflowproj/py_env/lib/python3.10/site-packages/airflow/example_dags/example_task_group.py took 0.046 seconds
[2024-06-18T13:10:07.502+0400] {processor.py:161} INFO - Started process (PID=54650) to work on /home/user/Desktop/airflowproj/py_env/lib/python3.10/site-packages/airflow/example_dags/example_task_group.py
[2024-06-18T13:10:07.504+0400] {processor.py:830} INFO - Processing file /home/user/Desktop/airflowproj/py_env/lib/python3.10/site-packages/airflow/example_dags/example_task_group.py for tasks to queue
[2024-06-18T13:10:07.505+0400] {logging_mixin.py:188} INFO - [2024-06-18T13:10:07.505+0400] {dagbag.py:545} INFO - Filling up the DagBag from /home/user/Desktop/airflowproj/py_env/lib/python3.10/site-packages/airflow/example_dags/example_task_group.py
[2024-06-18T13:10:07.511+0400] {processor.py:840} INFO - DAG(s) 'example_task_group' retrieved from /home/user/Desktop/airflowproj/py_env/lib/python3.10/site-packages/airflow/example_dags/example_task_group.py
[2024-06-18T13:10:07.519+0400] {logging_mixin.py:188} INFO - [2024-06-18T13:10:07.519+0400] {dag.py:3096} INFO - Sync 1 DAGs
[2024-06-18T13:10:07.528+0400] {logging_mixin.py:188} INFO - [2024-06-18T13:10:07.528+0400] {dag.py:3954} INFO - Setting next_dagrun for example_task_group to 2024-06-17 00:00:00+00:00, run_after=2024-06-18 00:00:00+00:00
[2024-06-18T13:10:07.542+0400] {processor.py:183} INFO - Processing /home/user/Desktop/airflowproj/py_env/lib/python3.10/site-packages/airflow/example_dags/example_task_group.py took 0.045 seconds
[2024-06-18T13:11:10.052+0400] {processor.py:161} INFO - Started process (PID=54858) to work on /home/user/Desktop/airflowproj/py_env/lib/python3.10/site-packages/airflow/example_dags/example_task_group.py
[2024-06-18T13:11:10.052+0400] {processor.py:830} INFO - Processing file /home/user/Desktop/airflowproj/py_env/lib/python3.10/site-packages/airflow/example_dags/example_task_group.py for tasks to queue
[2024-06-18T13:11:10.053+0400] {logging_mixin.py:188} INFO - [2024-06-18T13:11:10.053+0400] {dagbag.py:545} INFO - Filling up the DagBag from /home/user/Desktop/airflowproj/py_env/lib/python3.10/site-packages/airflow/example_dags/example_task_group.py
[2024-06-18T13:11:10.056+0400] {processor.py:840} INFO - DAG(s) 'example_task_group' retrieved from /home/user/Desktop/airflowproj/py_env/lib/python3.10/site-packages/airflow/example_dags/example_task_group.py
[2024-06-18T13:11:10.064+0400] {logging_mixin.py:188} INFO - [2024-06-18T13:11:10.064+0400] {dag.py:3096} INFO - Sync 1 DAGs
[2024-06-18T13:11:10.072+0400] {logging_mixin.py:188} INFO - [2024-06-18T13:11:10.072+0400] {dag.py:3954} INFO - Setting next_dagrun for example_task_group to 2024-06-17 00:00:00+00:00, run_after=2024-06-18 00:00:00+00:00
[2024-06-18T13:11:10.086+0400] {processor.py:183} INFO - Processing /home/user/Desktop/airflowproj/py_env/lib/python3.10/site-packages/airflow/example_dags/example_task_group.py took 0.037 seconds
[2024-06-18T13:12:07.495+0400] {processor.py:161} INFO - Started process (PID=55061) to work on /home/user/Desktop/airflowproj/py_env/lib/python3.10/site-packages/airflow/example_dags/example_task_group.py
[2024-06-18T13:12:07.498+0400] {processor.py:830} INFO - Processing file /home/user/Desktop/airflowproj/py_env/lib/python3.10/site-packages/airflow/example_dags/example_task_group.py for tasks to queue
[2024-06-18T13:12:07.499+0400] {logging_mixin.py:188} INFO - [2024-06-18T13:12:07.498+0400] {dagbag.py:545} INFO - Filling up the DagBag from /home/user/Desktop/airflowproj/py_env/lib/python3.10/site-packages/airflow/example_dags/example_task_group.py
[2024-06-18T13:12:07.506+0400] {processor.py:840} INFO - DAG(s) 'example_task_group' retrieved from /home/user/Desktop/airflowproj/py_env/lib/python3.10/site-packages/airflow/example_dags/example_task_group.py
[2024-06-18T13:12:07.516+0400] {logging_mixin.py:188} INFO - [2024-06-18T13:12:07.516+0400] {dag.py:3096} INFO - Sync 1 DAGs
[2024-06-18T13:12:07.526+0400] {logging_mixin.py:188} INFO - [2024-06-18T13:12:07.526+0400] {dag.py:3954} INFO - Setting next_dagrun for example_task_group to 2024-06-17 00:00:00+00:00, run_after=2024-06-18 00:00:00+00:00
[2024-06-18T13:12:07.540+0400] {processor.py:183} INFO - Processing /home/user/Desktop/airflowproj/py_env/lib/python3.10/site-packages/airflow/example_dags/example_task_group.py took 0.049 seconds
[2024-06-18T13:13:07.421+0400] {processor.py:161} INFO - Started process (PID=55293) to work on /home/user/Desktop/airflowproj/py_env/lib/python3.10/site-packages/airflow/example_dags/example_task_group.py
[2024-06-18T13:13:07.423+0400] {processor.py:830} INFO - Processing file /home/user/Desktop/airflowproj/py_env/lib/python3.10/site-packages/airflow/example_dags/example_task_group.py for tasks to queue
[2024-06-18T13:13:07.425+0400] {logging_mixin.py:188} INFO - [2024-06-18T13:13:07.425+0400] {dagbag.py:545} INFO - Filling up the DagBag from /home/user/Desktop/airflowproj/py_env/lib/python3.10/site-packages/airflow/example_dags/example_task_group.py
[2024-06-18T13:13:07.431+0400] {processor.py:840} INFO - DAG(s) 'example_task_group' retrieved from /home/user/Desktop/airflowproj/py_env/lib/python3.10/site-packages/airflow/example_dags/example_task_group.py
[2024-06-18T13:13:07.439+0400] {logging_mixin.py:188} INFO - [2024-06-18T13:13:07.439+0400] {dag.py:3096} INFO - Sync 1 DAGs
[2024-06-18T13:13:07.448+0400] {logging_mixin.py:188} INFO - [2024-06-18T13:13:07.448+0400] {dag.py:3954} INFO - Setting next_dagrun for example_task_group to 2024-06-17 00:00:00+00:00, run_after=2024-06-18 00:00:00+00:00
[2024-06-18T13:13:07.462+0400] {processor.py:183} INFO - Processing /home/user/Desktop/airflowproj/py_env/lib/python3.10/site-packages/airflow/example_dags/example_task_group.py took 0.045 seconds
[2024-06-18T13:14:09.140+0400] {processor.py:161} INFO - Started process (PID=55511) to work on /home/user/Desktop/airflowproj/py_env/lib/python3.10/site-packages/airflow/example_dags/example_task_group.py
[2024-06-18T13:14:09.143+0400] {processor.py:830} INFO - Processing file /home/user/Desktop/airflowproj/py_env/lib/python3.10/site-packages/airflow/example_dags/example_task_group.py for tasks to queue
[2024-06-18T13:14:09.145+0400] {logging_mixin.py:188} INFO - [2024-06-18T13:14:09.144+0400] {dagbag.py:545} INFO - Filling up the DagBag from /home/user/Desktop/airflowproj/py_env/lib/python3.10/site-packages/airflow/example_dags/example_task_group.py
[2024-06-18T13:14:09.150+0400] {processor.py:840} INFO - DAG(s) 'example_task_group' retrieved from /home/user/Desktop/airflowproj/py_env/lib/python3.10/site-packages/airflow/example_dags/example_task_group.py
[2024-06-18T13:14:09.158+0400] {logging_mixin.py:188} INFO - [2024-06-18T13:14:09.158+0400] {dag.py:3096} INFO - Sync 1 DAGs
[2024-06-18T13:14:09.167+0400] {logging_mixin.py:188} INFO - [2024-06-18T13:14:09.167+0400] {dag.py:3954} INFO - Setting next_dagrun for example_task_group to 2024-06-17 00:00:00+00:00, run_after=2024-06-18 00:00:00+00:00
[2024-06-18T13:14:09.181+0400] {processor.py:183} INFO - Processing /home/user/Desktop/airflowproj/py_env/lib/python3.10/site-packages/airflow/example_dags/example_task_group.py took 0.045 seconds
[2024-06-18T13:15:06.268+0400] {processor.py:161} INFO - Started process (PID=55697) to work on /home/user/Desktop/airflowproj/py_env/lib/python3.10/site-packages/airflow/example_dags/example_task_group.py
[2024-06-18T13:15:06.271+0400] {processor.py:830} INFO - Processing file /home/user/Desktop/airflowproj/py_env/lib/python3.10/site-packages/airflow/example_dags/example_task_group.py for tasks to queue
[2024-06-18T13:15:06.272+0400] {logging_mixin.py:188} INFO - [2024-06-18T13:15:06.272+0400] {dagbag.py:545} INFO - Filling up the DagBag from /home/user/Desktop/airflowproj/py_env/lib/python3.10/site-packages/airflow/example_dags/example_task_group.py
[2024-06-18T13:15:06.278+0400] {processor.py:840} INFO - DAG(s) 'example_task_group' retrieved from /home/user/Desktop/airflowproj/py_env/lib/python3.10/site-packages/airflow/example_dags/example_task_group.py
[2024-06-18T13:15:06.286+0400] {logging_mixin.py:188} INFO - [2024-06-18T13:15:06.286+0400] {dag.py:3096} INFO - Sync 1 DAGs
[2024-06-18T13:15:06.295+0400] {logging_mixin.py:188} INFO - [2024-06-18T13:15:06.295+0400] {dag.py:3954} INFO - Setting next_dagrun for example_task_group to 2024-06-17 00:00:00+00:00, run_after=2024-06-18 00:00:00+00:00
[2024-06-18T13:15:06.308+0400] {processor.py:183} INFO - Processing /home/user/Desktop/airflowproj/py_env/lib/python3.10/site-packages/airflow/example_dags/example_task_group.py took 0.044 seconds
[2024-06-18T13:16:04.735+0400] {processor.py:161} INFO - Started process (PID=55908) to work on /home/user/Desktop/airflowproj/py_env/lib/python3.10/site-packages/airflow/example_dags/example_task_group.py
[2024-06-18T13:16:04.737+0400] {processor.py:830} INFO - Processing file /home/user/Desktop/airflowproj/py_env/lib/python3.10/site-packages/airflow/example_dags/example_task_group.py for tasks to queue
[2024-06-18T13:16:04.739+0400] {logging_mixin.py:188} INFO - [2024-06-18T13:16:04.738+0400] {dagbag.py:545} INFO - Filling up the DagBag from /home/user/Desktop/airflowproj/py_env/lib/python3.10/site-packages/airflow/example_dags/example_task_group.py
[2024-06-18T13:16:04.743+0400] {processor.py:840} INFO - DAG(s) 'example_task_group' retrieved from /home/user/Desktop/airflowproj/py_env/lib/python3.10/site-packages/airflow/example_dags/example_task_group.py
[2024-06-18T13:16:04.751+0400] {logging_mixin.py:188} INFO - [2024-06-18T13:16:04.751+0400] {dag.py:3096} INFO - Sync 1 DAGs
[2024-06-18T13:16:04.760+0400] {logging_mixin.py:188} INFO - [2024-06-18T13:16:04.760+0400] {dag.py:3954} INFO - Setting next_dagrun for example_task_group to 2024-06-17 00:00:00+00:00, run_after=2024-06-18 00:00:00+00:00
[2024-06-18T13:16:04.773+0400] {processor.py:183} INFO - Processing /home/user/Desktop/airflowproj/py_env/lib/python3.10/site-packages/airflow/example_dags/example_task_group.py took 0.043 seconds
[2024-06-18T13:17:04.008+0400] {processor.py:161} INFO - Started process (PID=56112) to work on /home/user/Desktop/airflowproj/py_env/lib/python3.10/site-packages/airflow/example_dags/example_task_group.py
[2024-06-18T13:17:04.010+0400] {processor.py:830} INFO - Processing file /home/user/Desktop/airflowproj/py_env/lib/python3.10/site-packages/airflow/example_dags/example_task_group.py for tasks to queue
[2024-06-18T13:17:04.011+0400] {logging_mixin.py:188} INFO - [2024-06-18T13:17:04.011+0400] {dagbag.py:545} INFO - Filling up the DagBag from /home/user/Desktop/airflowproj/py_env/lib/python3.10/site-packages/airflow/example_dags/example_task_group.py
[2024-06-18T13:17:04.015+0400] {processor.py:840} INFO - DAG(s) 'example_task_group' retrieved from /home/user/Desktop/airflowproj/py_env/lib/python3.10/site-packages/airflow/example_dags/example_task_group.py
[2024-06-18T13:17:04.024+0400] {logging_mixin.py:188} INFO - [2024-06-18T13:17:04.023+0400] {dag.py:3096} INFO - Sync 1 DAGs
[2024-06-18T13:17:04.032+0400] {logging_mixin.py:188} INFO - [2024-06-18T13:17:04.032+0400] {dag.py:3954} INFO - Setting next_dagrun for example_task_group to 2024-06-17 00:00:00+00:00, run_after=2024-06-18 00:00:00+00:00
[2024-06-18T13:17:04.045+0400] {processor.py:183} INFO - Processing /home/user/Desktop/airflowproj/py_env/lib/python3.10/site-packages/airflow/example_dags/example_task_group.py took 0.042 seconds
[2024-06-18T13:18:00.207+0400] {processor.py:161} INFO - Started process (PID=56340) to work on /home/user/Desktop/airflowproj/py_env/lib/python3.10/site-packages/airflow/example_dags/example_task_group.py
[2024-06-18T13:18:00.209+0400] {processor.py:830} INFO - Processing file /home/user/Desktop/airflowproj/py_env/lib/python3.10/site-packages/airflow/example_dags/example_task_group.py for tasks to queue
[2024-06-18T13:18:00.211+0400] {logging_mixin.py:188} INFO - [2024-06-18T13:18:00.210+0400] {dagbag.py:545} INFO - Filling up the DagBag from /home/user/Desktop/airflowproj/py_env/lib/python3.10/site-packages/airflow/example_dags/example_task_group.py
[2024-06-18T13:18:00.216+0400] {processor.py:840} INFO - DAG(s) 'example_task_group' retrieved from /home/user/Desktop/airflowproj/py_env/lib/python3.10/site-packages/airflow/example_dags/example_task_group.py
[2024-06-18T13:18:00.226+0400] {logging_mixin.py:188} INFO - [2024-06-18T13:18:00.226+0400] {dag.py:3096} INFO - Sync 1 DAGs
[2024-06-18T13:18:00.235+0400] {logging_mixin.py:188} INFO - [2024-06-18T13:18:00.235+0400] {dag.py:3954} INFO - Setting next_dagrun for example_task_group to 2024-06-17 00:00:00+00:00, run_after=2024-06-18 00:00:00+00:00
[2024-06-18T13:18:00.248+0400] {processor.py:183} INFO - Processing /home/user/Desktop/airflowproj/py_env/lib/python3.10/site-packages/airflow/example_dags/example_task_group.py took 0.045 seconds
[2024-06-18T13:18:58.776+0400] {processor.py:161} INFO - Started process (PID=56552) to work on /home/user/Desktop/airflowproj/py_env/lib/python3.10/site-packages/airflow/example_dags/example_task_group.py
[2024-06-18T13:18:58.778+0400] {processor.py:830} INFO - Processing file /home/user/Desktop/airflowproj/py_env/lib/python3.10/site-packages/airflow/example_dags/example_task_group.py for tasks to queue
[2024-06-18T13:18:58.780+0400] {logging_mixin.py:188} INFO - [2024-06-18T13:18:58.779+0400] {dagbag.py:545} INFO - Filling up the DagBag from /home/user/Desktop/airflowproj/py_env/lib/python3.10/site-packages/airflow/example_dags/example_task_group.py
[2024-06-18T13:18:58.785+0400] {processor.py:840} INFO - DAG(s) 'example_task_group' retrieved from /home/user/Desktop/airflowproj/py_env/lib/python3.10/site-packages/airflow/example_dags/example_task_group.py
[2024-06-18T13:18:58.793+0400] {logging_mixin.py:188} INFO - [2024-06-18T13:18:58.793+0400] {dag.py:3096} INFO - Sync 1 DAGs
[2024-06-18T13:18:58.801+0400] {logging_mixin.py:188} INFO - [2024-06-18T13:18:58.801+0400] {dag.py:3954} INFO - Setting next_dagrun for example_task_group to 2024-06-17 00:00:00+00:00, run_after=2024-06-18 00:00:00+00:00
[2024-06-18T13:18:58.815+0400] {processor.py:183} INFO - Processing /home/user/Desktop/airflowproj/py_env/lib/python3.10/site-packages/airflow/example_dags/example_task_group.py took 0.043 seconds
[2024-06-18T13:19:57.915+0400] {processor.py:161} INFO - Started process (PID=56739) to work on /home/user/Desktop/airflowproj/py_env/lib/python3.10/site-packages/airflow/example_dags/example_task_group.py
[2024-06-18T13:19:57.917+0400] {processor.py:830} INFO - Processing file /home/user/Desktop/airflowproj/py_env/lib/python3.10/site-packages/airflow/example_dags/example_task_group.py for tasks to queue
[2024-06-18T13:19:57.919+0400] {logging_mixin.py:188} INFO - [2024-06-18T13:19:57.919+0400] {dagbag.py:545} INFO - Filling up the DagBag from /home/user/Desktop/airflowproj/py_env/lib/python3.10/site-packages/airflow/example_dags/example_task_group.py
[2024-06-18T13:19:57.927+0400] {processor.py:840} INFO - DAG(s) 'example_task_group' retrieved from /home/user/Desktop/airflowproj/py_env/lib/python3.10/site-packages/airflow/example_dags/example_task_group.py
[2024-06-18T13:19:57.935+0400] {logging_mixin.py:188} INFO - [2024-06-18T13:19:57.935+0400] {dag.py:3096} INFO - Sync 1 DAGs
[2024-06-18T13:19:57.945+0400] {logging_mixin.py:188} INFO - [2024-06-18T13:19:57.945+0400] {dag.py:3954} INFO - Setting next_dagrun for example_task_group to 2024-06-17 00:00:00+00:00, run_after=2024-06-18 00:00:00+00:00
[2024-06-18T13:19:57.958+0400] {processor.py:183} INFO - Processing /home/user/Desktop/airflowproj/py_env/lib/python3.10/site-packages/airflow/example_dags/example_task_group.py took 0.049 seconds
[2024-06-18T13:20:57.112+0400] {processor.py:161} INFO - Started process (PID=56944) to work on /home/user/Desktop/airflowproj/py_env/lib/python3.10/site-packages/airflow/example_dags/example_task_group.py
[2024-06-18T13:20:57.114+0400] {processor.py:830} INFO - Processing file /home/user/Desktop/airflowproj/py_env/lib/python3.10/site-packages/airflow/example_dags/example_task_group.py for tasks to queue
[2024-06-18T13:20:57.115+0400] {logging_mixin.py:188} INFO - [2024-06-18T13:20:57.115+0400] {dagbag.py:545} INFO - Filling up the DagBag from /home/user/Desktop/airflowproj/py_env/lib/python3.10/site-packages/airflow/example_dags/example_task_group.py
[2024-06-18T13:20:57.119+0400] {processor.py:840} INFO - DAG(s) 'example_task_group' retrieved from /home/user/Desktop/airflowproj/py_env/lib/python3.10/site-packages/airflow/example_dags/example_task_group.py
[2024-06-18T13:20:57.128+0400] {logging_mixin.py:188} INFO - [2024-06-18T13:20:57.128+0400] {dag.py:3096} INFO - Sync 1 DAGs
[2024-06-18T13:20:57.137+0400] {logging_mixin.py:188} INFO - [2024-06-18T13:20:57.137+0400] {dag.py:3954} INFO - Setting next_dagrun for example_task_group to 2024-06-17 00:00:00+00:00, run_after=2024-06-18 00:00:00+00:00
[2024-06-18T13:20:57.150+0400] {processor.py:183} INFO - Processing /home/user/Desktop/airflowproj/py_env/lib/python3.10/site-packages/airflow/example_dags/example_task_group.py took 0.043 seconds
[2024-06-18T13:21:58.105+0400] {processor.py:161} INFO - Started process (PID=57154) to work on /home/user/Desktop/airflowproj/py_env/lib/python3.10/site-packages/airflow/example_dags/example_task_group.py
[2024-06-18T13:21:58.107+0400] {processor.py:830} INFO - Processing file /home/user/Desktop/airflowproj/py_env/lib/python3.10/site-packages/airflow/example_dags/example_task_group.py for tasks to queue
[2024-06-18T13:21:58.108+0400] {logging_mixin.py:188} INFO - [2024-06-18T13:21:58.108+0400] {dagbag.py:545} INFO - Filling up the DagBag from /home/user/Desktop/airflowproj/py_env/lib/python3.10/site-packages/airflow/example_dags/example_task_group.py
[2024-06-18T13:21:58.112+0400] {processor.py:840} INFO - DAG(s) 'example_task_group' retrieved from /home/user/Desktop/airflowproj/py_env/lib/python3.10/site-packages/airflow/example_dags/example_task_group.py
[2024-06-18T13:21:58.120+0400] {logging_mixin.py:188} INFO - [2024-06-18T13:21:58.120+0400] {dag.py:3096} INFO - Sync 1 DAGs
[2024-06-18T13:21:58.128+0400] {logging_mixin.py:188} INFO - [2024-06-18T13:21:58.128+0400] {dag.py:3954} INFO - Setting next_dagrun for example_task_group to 2024-06-17 00:00:00+00:00, run_after=2024-06-18 00:00:00+00:00
[2024-06-18T13:21:58.142+0400] {processor.py:183} INFO - Processing /home/user/Desktop/airflowproj/py_env/lib/python3.10/site-packages/airflow/example_dags/example_task_group.py took 0.042 seconds
[2024-06-18T13:22:56.575+0400] {processor.py:161} INFO - Started process (PID=57381) to work on /home/user/Desktop/airflowproj/py_env/lib/python3.10/site-packages/airflow/example_dags/example_task_group.py
[2024-06-18T13:22:56.578+0400] {processor.py:830} INFO - Processing file /home/user/Desktop/airflowproj/py_env/lib/python3.10/site-packages/airflow/example_dags/example_task_group.py for tasks to queue
[2024-06-18T13:22:56.579+0400] {logging_mixin.py:188} INFO - [2024-06-18T13:22:56.579+0400] {dagbag.py:545} INFO - Filling up the DagBag from /home/user/Desktop/airflowproj/py_env/lib/python3.10/site-packages/airflow/example_dags/example_task_group.py
[2024-06-18T13:22:56.582+0400] {processor.py:840} INFO - DAG(s) 'example_task_group' retrieved from /home/user/Desktop/airflowproj/py_env/lib/python3.10/site-packages/airflow/example_dags/example_task_group.py
[2024-06-18T13:22:56.590+0400] {logging_mixin.py:188} INFO - [2024-06-18T13:22:56.590+0400] {dag.py:3096} INFO - Sync 1 DAGs
[2024-06-18T13:22:56.600+0400] {logging_mixin.py:188} INFO - [2024-06-18T13:22:56.600+0400] {dag.py:3954} INFO - Setting next_dagrun for example_task_group to 2024-06-17 00:00:00+00:00, run_after=2024-06-18 00:00:00+00:00
[2024-06-18T13:22:56.613+0400] {processor.py:183} INFO - Processing /home/user/Desktop/airflowproj/py_env/lib/python3.10/site-packages/airflow/example_dags/example_task_group.py took 0.041 seconds
[2024-06-18T13:23:56.015+0400] {processor.py:161} INFO - Started process (PID=57586) to work on /home/user/Desktop/airflowproj/py_env/lib/python3.10/site-packages/airflow/example_dags/example_task_group.py
[2024-06-18T13:23:56.017+0400] {processor.py:830} INFO - Processing file /home/user/Desktop/airflowproj/py_env/lib/python3.10/site-packages/airflow/example_dags/example_task_group.py for tasks to queue
[2024-06-18T13:23:56.018+0400] {logging_mixin.py:188} INFO - [2024-06-18T13:23:56.018+0400] {dagbag.py:545} INFO - Filling up the DagBag from /home/user/Desktop/airflowproj/py_env/lib/python3.10/site-packages/airflow/example_dags/example_task_group.py
[2024-06-18T13:23:56.022+0400] {processor.py:840} INFO - DAG(s) 'example_task_group' retrieved from /home/user/Desktop/airflowproj/py_env/lib/python3.10/site-packages/airflow/example_dags/example_task_group.py
[2024-06-18T13:23:56.030+0400] {logging_mixin.py:188} INFO - [2024-06-18T13:23:56.030+0400] {dag.py:3096} INFO - Sync 1 DAGs
[2024-06-18T13:23:56.039+0400] {logging_mixin.py:188} INFO - [2024-06-18T13:23:56.039+0400] {dag.py:3954} INFO - Setting next_dagrun for example_task_group to 2024-06-17 00:00:00+00:00, run_after=2024-06-18 00:00:00+00:00
[2024-06-18T13:23:56.052+0400] {processor.py:183} INFO - Processing /home/user/Desktop/airflowproj/py_env/lib/python3.10/site-packages/airflow/example_dags/example_task_group.py took 0.042 seconds
[2024-06-18T13:24:52.538+0400] {processor.py:161} INFO - Started process (PID=57783) to work on /home/user/Desktop/airflowproj/py_env/lib/python3.10/site-packages/airflow/example_dags/example_task_group.py
[2024-06-18T13:24:52.540+0400] {processor.py:830} INFO - Processing file /home/user/Desktop/airflowproj/py_env/lib/python3.10/site-packages/airflow/example_dags/example_task_group.py for tasks to queue
[2024-06-18T13:24:52.541+0400] {logging_mixin.py:188} INFO - [2024-06-18T13:24:52.541+0400] {dagbag.py:545} INFO - Filling up the DagBag from /home/user/Desktop/airflowproj/py_env/lib/python3.10/site-packages/airflow/example_dags/example_task_group.py
[2024-06-18T13:24:52.545+0400] {processor.py:840} INFO - DAG(s) 'example_task_group' retrieved from /home/user/Desktop/airflowproj/py_env/lib/python3.10/site-packages/airflow/example_dags/example_task_group.py
[2024-06-18T13:24:52.554+0400] {logging_mixin.py:188} INFO - [2024-06-18T13:24:52.554+0400] {dag.py:3096} INFO - Sync 1 DAGs
[2024-06-18T13:24:52.563+0400] {logging_mixin.py:188} INFO - [2024-06-18T13:24:52.563+0400] {dag.py:3954} INFO - Setting next_dagrun for example_task_group to 2024-06-17 00:00:00+00:00, run_after=2024-06-18 00:00:00+00:00
[2024-06-18T13:24:52.576+0400] {processor.py:183} INFO - Processing /home/user/Desktop/airflowproj/py_env/lib/python3.10/site-packages/airflow/example_dags/example_task_group.py took 0.043 seconds
[2024-06-18T13:25:50.318+0400] {processor.py:161} INFO - Started process (PID=57965) to work on /home/user/Desktop/airflowproj/py_env/lib/python3.10/site-packages/airflow/example_dags/example_task_group.py
[2024-06-18T13:25:50.320+0400] {processor.py:830} INFO - Processing file /home/user/Desktop/airflowproj/py_env/lib/python3.10/site-packages/airflow/example_dags/example_task_group.py for tasks to queue
[2024-06-18T13:25:50.321+0400] {logging_mixin.py:188} INFO - [2024-06-18T13:25:50.321+0400] {dagbag.py:545} INFO - Filling up the DagBag from /home/user/Desktop/airflowproj/py_env/lib/python3.10/site-packages/airflow/example_dags/example_task_group.py
[2024-06-18T13:25:50.325+0400] {processor.py:840} INFO - DAG(s) 'example_task_group' retrieved from /home/user/Desktop/airflowproj/py_env/lib/python3.10/site-packages/airflow/example_dags/example_task_group.py
[2024-06-18T13:25:50.334+0400] {logging_mixin.py:188} INFO - [2024-06-18T13:25:50.333+0400] {dag.py:3096} INFO - Sync 1 DAGs
[2024-06-18T13:25:50.342+0400] {logging_mixin.py:188} INFO - [2024-06-18T13:25:50.342+0400] {dag.py:3954} INFO - Setting next_dagrun for example_task_group to 2024-06-17 00:00:00+00:00, run_after=2024-06-18 00:00:00+00:00
[2024-06-18T13:25:50.355+0400] {processor.py:183} INFO - Processing /home/user/Desktop/airflowproj/py_env/lib/python3.10/site-packages/airflow/example_dags/example_task_group.py took 0.042 seconds
[2024-06-18T13:26:48.861+0400] {processor.py:161} INFO - Started process (PID=58168) to work on /home/user/Desktop/airflowproj/py_env/lib/python3.10/site-packages/airflow/example_dags/example_task_group.py
[2024-06-18T13:26:48.862+0400] {processor.py:830} INFO - Processing file /home/user/Desktop/airflowproj/py_env/lib/python3.10/site-packages/airflow/example_dags/example_task_group.py for tasks to queue
[2024-06-18T13:26:48.863+0400] {logging_mixin.py:188} INFO - [2024-06-18T13:26:48.862+0400] {dagbag.py:545} INFO - Filling up the DagBag from /home/user/Desktop/airflowproj/py_env/lib/python3.10/site-packages/airflow/example_dags/example_task_group.py
[2024-06-18T13:26:48.866+0400] {processor.py:840} INFO - DAG(s) 'example_task_group' retrieved from /home/user/Desktop/airflowproj/py_env/lib/python3.10/site-packages/airflow/example_dags/example_task_group.py
[2024-06-18T13:26:48.874+0400] {logging_mixin.py:188} INFO - [2024-06-18T13:26:48.874+0400] {dag.py:3096} INFO - Sync 1 DAGs
[2024-06-18T13:26:48.883+0400] {logging_mixin.py:188} INFO - [2024-06-18T13:26:48.883+0400] {dag.py:3954} INFO - Setting next_dagrun for example_task_group to 2024-06-17 00:00:00+00:00, run_after=2024-06-18 00:00:00+00:00
[2024-06-18T13:26:48.896+0400] {processor.py:183} INFO - Processing /home/user/Desktop/airflowproj/py_env/lib/python3.10/site-packages/airflow/example_dags/example_task_group.py took 0.041 seconds
[2024-06-18T13:27:46.578+0400] {processor.py:161} INFO - Started process (PID=58408) to work on /home/user/Desktop/airflowproj/py_env/lib/python3.10/site-packages/airflow/example_dags/example_task_group.py
[2024-06-18T13:27:46.578+0400] {processor.py:830} INFO - Processing file /home/user/Desktop/airflowproj/py_env/lib/python3.10/site-packages/airflow/example_dags/example_task_group.py for tasks to queue
[2024-06-18T13:27:46.579+0400] {logging_mixin.py:188} INFO - [2024-06-18T13:27:46.579+0400] {dagbag.py:545} INFO - Filling up the DagBag from /home/user/Desktop/airflowproj/py_env/lib/python3.10/site-packages/airflow/example_dags/example_task_group.py
[2024-06-18T13:27:46.583+0400] {processor.py:840} INFO - DAG(s) 'example_task_group' retrieved from /home/user/Desktop/airflowproj/py_env/lib/python3.10/site-packages/airflow/example_dags/example_task_group.py
[2024-06-18T13:27:46.591+0400] {logging_mixin.py:188} INFO - [2024-06-18T13:27:46.591+0400] {dag.py:3096} INFO - Sync 1 DAGs
[2024-06-18T13:27:46.599+0400] {logging_mixin.py:188} INFO - [2024-06-18T13:27:46.599+0400] {dag.py:3954} INFO - Setting next_dagrun for example_task_group to 2024-06-17 00:00:00+00:00, run_after=2024-06-18 00:00:00+00:00
[2024-06-18T13:27:46.614+0400] {processor.py:183} INFO - Processing /home/user/Desktop/airflowproj/py_env/lib/python3.10/site-packages/airflow/example_dags/example_task_group.py took 0.041 seconds
[2024-06-18T13:28:43.295+0400] {processor.py:161} INFO - Started process (PID=58594) to work on /home/user/Desktop/airflowproj/py_env/lib/python3.10/site-packages/airflow/example_dags/example_task_group.py
[2024-06-18T13:28:43.297+0400] {processor.py:830} INFO - Processing file /home/user/Desktop/airflowproj/py_env/lib/python3.10/site-packages/airflow/example_dags/example_task_group.py for tasks to queue
[2024-06-18T13:28:43.298+0400] {logging_mixin.py:188} INFO - [2024-06-18T13:28:43.298+0400] {dagbag.py:545} INFO - Filling up the DagBag from /home/user/Desktop/airflowproj/py_env/lib/python3.10/site-packages/airflow/example_dags/example_task_group.py
[2024-06-18T13:28:43.302+0400] {processor.py:840} INFO - DAG(s) 'example_task_group' retrieved from /home/user/Desktop/airflowproj/py_env/lib/python3.10/site-packages/airflow/example_dags/example_task_group.py
[2024-06-18T13:28:43.309+0400] {logging_mixin.py:188} INFO - [2024-06-18T13:28:43.309+0400] {dag.py:3096} INFO - Sync 1 DAGs
[2024-06-18T13:28:43.317+0400] {logging_mixin.py:188} INFO - [2024-06-18T13:28:43.317+0400] {dag.py:3954} INFO - Setting next_dagrun for example_task_group to 2024-06-17 00:00:00+00:00, run_after=2024-06-18 00:00:00+00:00
[2024-06-18T13:28:43.330+0400] {processor.py:183} INFO - Processing /home/user/Desktop/airflowproj/py_env/lib/python3.10/site-packages/airflow/example_dags/example_task_group.py took 0.040 seconds
[2024-06-18T13:29:39.925+0400] {processor.py:161} INFO - Started process (PID=58797) to work on /home/user/Desktop/airflowproj/py_env/lib/python3.10/site-packages/airflow/example_dags/example_task_group.py
[2024-06-18T13:29:39.927+0400] {processor.py:830} INFO - Processing file /home/user/Desktop/airflowproj/py_env/lib/python3.10/site-packages/airflow/example_dags/example_task_group.py for tasks to queue
[2024-06-18T13:29:39.928+0400] {logging_mixin.py:188} INFO - [2024-06-18T13:29:39.928+0400] {dagbag.py:545} INFO - Filling up the DagBag from /home/user/Desktop/airflowproj/py_env/lib/python3.10/site-packages/airflow/example_dags/example_task_group.py
[2024-06-18T13:29:39.934+0400] {processor.py:840} INFO - DAG(s) 'example_task_group' retrieved from /home/user/Desktop/airflowproj/py_env/lib/python3.10/site-packages/airflow/example_dags/example_task_group.py
[2024-06-18T13:29:39.941+0400] {logging_mixin.py:188} INFO - [2024-06-18T13:29:39.941+0400] {dag.py:3096} INFO - Sync 1 DAGs
[2024-06-18T13:29:39.950+0400] {logging_mixin.py:188} INFO - [2024-06-18T13:29:39.950+0400] {dag.py:3954} INFO - Setting next_dagrun for example_task_group to 2024-06-17 00:00:00+00:00, run_after=2024-06-18 00:00:00+00:00
[2024-06-18T13:29:39.962+0400] {processor.py:183} INFO - Processing /home/user/Desktop/airflowproj/py_env/lib/python3.10/site-packages/airflow/example_dags/example_task_group.py took 0.042 seconds
[2024-06-18T13:30:39.166+0400] {processor.py:161} INFO - Started process (PID=59084) to work on /home/user/Desktop/airflowproj/py_env/lib/python3.10/site-packages/airflow/example_dags/example_task_group.py
[2024-06-18T13:30:39.169+0400] {processor.py:830} INFO - Processing file /home/user/Desktop/airflowproj/py_env/lib/python3.10/site-packages/airflow/example_dags/example_task_group.py for tasks to queue
[2024-06-18T13:30:39.170+0400] {logging_mixin.py:188} INFO - [2024-06-18T13:30:39.170+0400] {dagbag.py:545} INFO - Filling up the DagBag from /home/user/Desktop/airflowproj/py_env/lib/python3.10/site-packages/airflow/example_dags/example_task_group.py
[2024-06-18T13:30:39.174+0400] {processor.py:840} INFO - DAG(s) 'example_task_group' retrieved from /home/user/Desktop/airflowproj/py_env/lib/python3.10/site-packages/airflow/example_dags/example_task_group.py
[2024-06-18T13:30:39.183+0400] {logging_mixin.py:188} INFO - [2024-06-18T13:30:39.183+0400] {dag.py:3096} INFO - Sync 1 DAGs
[2024-06-18T13:30:39.192+0400] {logging_mixin.py:188} INFO - [2024-06-18T13:30:39.192+0400] {dag.py:3954} INFO - Setting next_dagrun for example_task_group to 2024-06-17 00:00:00+00:00, run_after=2024-06-18 00:00:00+00:00
[2024-06-18T13:30:39.204+0400] {processor.py:183} INFO - Processing /home/user/Desktop/airflowproj/py_env/lib/python3.10/site-packages/airflow/example_dags/example_task_group.py took 0.042 seconds
[2024-06-18T13:31:38.634+0400] {processor.py:161} INFO - Started process (PID=59338) to work on /home/user/Desktop/airflowproj/py_env/lib/python3.10/site-packages/airflow/example_dags/example_task_group.py
[2024-06-18T13:31:38.636+0400] {processor.py:830} INFO - Processing file /home/user/Desktop/airflowproj/py_env/lib/python3.10/site-packages/airflow/example_dags/example_task_group.py for tasks to queue
[2024-06-18T13:31:38.638+0400] {logging_mixin.py:188} INFO - [2024-06-18T13:31:38.638+0400] {dagbag.py:545} INFO - Filling up the DagBag from /home/user/Desktop/airflowproj/py_env/lib/python3.10/site-packages/airflow/example_dags/example_task_group.py
[2024-06-18T13:31:38.642+0400] {processor.py:840} INFO - DAG(s) 'example_task_group' retrieved from /home/user/Desktop/airflowproj/py_env/lib/python3.10/site-packages/airflow/example_dags/example_task_group.py
[2024-06-18T13:31:38.656+0400] {logging_mixin.py:188} INFO - [2024-06-18T13:31:38.656+0400] {dag.py:3096} INFO - Sync 1 DAGs
[2024-06-18T13:31:38.671+0400] {logging_mixin.py:188} INFO - [2024-06-18T13:31:38.670+0400] {dag.py:3954} INFO - Setting next_dagrun for example_task_group to 2024-06-17 00:00:00+00:00, run_after=2024-06-18 00:00:00+00:00
[2024-06-18T13:31:38.688+0400] {processor.py:183} INFO - Processing /home/user/Desktop/airflowproj/py_env/lib/python3.10/site-packages/airflow/example_dags/example_task_group.py took 0.059 seconds
