[2024-06-18T12:40:27.812+0400] {processor.py:161} INFO - Started process (PID=45630) to work on /home/user/Desktop/airflowproj/py_env/lib/python3.10/site-packages/airflow/example_dags/example_task_group_decorator.py
[2024-06-18T12:40:27.813+0400] {processor.py:830} INFO - Processing file /home/user/Desktop/airflowproj/py_env/lib/python3.10/site-packages/airflow/example_dags/example_task_group_decorator.py for tasks to queue
[2024-06-18T12:40:27.814+0400] {logging_mixin.py:188} INFO - [2024-06-18T12:40:27.814+0400] {dagbag.py:545} INFO - Filling up the DagBag from /home/user/Desktop/airflowproj/py_env/lib/python3.10/site-packages/airflow/example_dags/example_task_group_decorator.py
[2024-06-18T12:40:27.823+0400] {processor.py:840} INFO - DAG(s) 'example_task_group_decorator' retrieved from /home/user/Desktop/airflowproj/py_env/lib/python3.10/site-packages/airflow/example_dags/example_task_group_decorator.py
[2024-06-18T12:40:27.875+0400] {logging_mixin.py:188} INFO - [2024-06-18T12:40:27.875+0400] {override.py:1829} INFO - Created Permission View: can edit on DAG:example_task_group_decorator
[2024-06-18T12:40:27.883+0400] {logging_mixin.py:188} INFO - [2024-06-18T12:40:27.883+0400] {override.py:1829} INFO - Created Permission View: can read on DAG:example_task_group_decorator
[2024-06-18T12:40:27.891+0400] {logging_mixin.py:188} INFO - [2024-06-18T12:40:27.891+0400] {override.py:1829} INFO - Created Permission View: can delete on DAG:example_task_group_decorator
[2024-06-18T12:40:27.891+0400] {logging_mixin.py:188} INFO - [2024-06-18T12:40:27.891+0400] {dag.py:3096} INFO - Sync 1 DAGs
[2024-06-18T12:40:27.896+0400] {logging_mixin.py:188} INFO - [2024-06-18T12:40:27.896+0400] {dag.py:3118} INFO - Creating ORM DAG for example_task_group_decorator
[2024-06-18T12:40:27.950+0400] {logging_mixin.py:188} INFO - [2024-06-18T12:40:27.950+0400] {dag.py:3954} INFO - Setting next_dagrun for example_task_group_decorator to 2024-06-17 00:00:00+00:00, run_after=2024-06-18 00:00:00+00:00
[2024-06-18T12:40:27.965+0400] {processor.py:183} INFO - Processing /home/user/Desktop/airflowproj/py_env/lib/python3.10/site-packages/airflow/example_dags/example_task_group_decorator.py took 0.156 seconds
[2024-06-18T12:43:03.180+0400] {processor.py:161} INFO - Started process (PID=46585) to work on /home/user/Desktop/airflowproj/py_env/lib/python3.10/site-packages/airflow/example_dags/example_task_group_decorator.py
[2024-06-18T12:43:03.182+0400] {processor.py:830} INFO - Processing file /home/user/Desktop/airflowproj/py_env/lib/python3.10/site-packages/airflow/example_dags/example_task_group_decorator.py for tasks to queue
[2024-06-18T12:43:03.183+0400] {logging_mixin.py:188} INFO - [2024-06-18T12:43:03.183+0400] {dagbag.py:545} INFO - Filling up the DagBag from /home/user/Desktop/airflowproj/py_env/lib/python3.10/site-packages/airflow/example_dags/example_task_group_decorator.py
[2024-06-18T12:43:03.190+0400] {processor.py:840} INFO - DAG(s) 'example_task_group_decorator' retrieved from /home/user/Desktop/airflowproj/py_env/lib/python3.10/site-packages/airflow/example_dags/example_task_group_decorator.py
[2024-06-18T12:43:03.200+0400] {logging_mixin.py:188} INFO - [2024-06-18T12:43:03.200+0400] {dag.py:3096} INFO - Sync 1 DAGs
[2024-06-18T12:43:03.209+0400] {logging_mixin.py:188} INFO - [2024-06-18T12:43:03.209+0400] {dag.py:3954} INFO - Setting next_dagrun for example_task_group_decorator to 2024-06-17 00:00:00+00:00, run_after=2024-06-18 00:00:00+00:00
[2024-06-18T12:43:03.223+0400] {processor.py:183} INFO - Processing /home/user/Desktop/airflowproj/py_env/lib/python3.10/site-packages/airflow/example_dags/example_task_group_decorator.py took 0.046 seconds
[2024-06-18T12:43:54.743+0400] {processor.py:161} INFO - Started process (PID=46766) to work on /home/user/Desktop/airflowproj/py_env/lib/python3.10/site-packages/airflow/example_dags/example_task_group_decorator.py
[2024-06-18T12:43:54.743+0400] {processor.py:830} INFO - Processing file /home/user/Desktop/airflowproj/py_env/lib/python3.10/site-packages/airflow/example_dags/example_task_group_decorator.py for tasks to queue
[2024-06-18T12:43:54.744+0400] {logging_mixin.py:188} INFO - [2024-06-18T12:43:54.744+0400] {dagbag.py:545} INFO - Filling up the DagBag from /home/user/Desktop/airflowproj/py_env/lib/python3.10/site-packages/airflow/example_dags/example_task_group_decorator.py
[2024-06-18T12:43:54.751+0400] {processor.py:840} INFO - DAG(s) 'example_task_group_decorator' retrieved from /home/user/Desktop/airflowproj/py_env/lib/python3.10/site-packages/airflow/example_dags/example_task_group_decorator.py
[2024-06-18T12:43:54.760+0400] {logging_mixin.py:188} INFO - [2024-06-18T12:43:54.760+0400] {dag.py:3096} INFO - Sync 1 DAGs
[2024-06-18T12:43:54.769+0400] {logging_mixin.py:188} INFO - [2024-06-18T12:43:54.769+0400] {dag.py:3954} INFO - Setting next_dagrun for example_task_group_decorator to 2024-06-17 00:00:00+00:00, run_after=2024-06-18 00:00:00+00:00
[2024-06-18T12:43:54.782+0400] {processor.py:183} INFO - Processing /home/user/Desktop/airflowproj/py_env/lib/python3.10/site-packages/airflow/example_dags/example_task_group_decorator.py took 0.044 seconds
[2024-06-18T12:44:45.750+0400] {processor.py:161} INFO - Started process (PID=46913) to work on /home/user/Desktop/airflowproj/py_env/lib/python3.10/site-packages/airflow/example_dags/example_task_group_decorator.py
[2024-06-18T12:44:45.754+0400] {processor.py:830} INFO - Processing file /home/user/Desktop/airflowproj/py_env/lib/python3.10/site-packages/airflow/example_dags/example_task_group_decorator.py for tasks to queue
[2024-06-18T12:44:45.755+0400] {logging_mixin.py:188} INFO - [2024-06-18T12:44:45.755+0400] {dagbag.py:545} INFO - Filling up the DagBag from /home/user/Desktop/airflowproj/py_env/lib/python3.10/site-packages/airflow/example_dags/example_task_group_decorator.py
[2024-06-18T12:44:45.763+0400] {processor.py:840} INFO - DAG(s) 'example_task_group_decorator' retrieved from /home/user/Desktop/airflowproj/py_env/lib/python3.10/site-packages/airflow/example_dags/example_task_group_decorator.py
[2024-06-18T12:44:45.829+0400] {logging_mixin.py:188} INFO - [2024-06-18T12:44:45.829+0400] {dag.py:3096} INFO - Sync 1 DAGs
[2024-06-18T12:44:45.837+0400] {logging_mixin.py:188} INFO - [2024-06-18T12:44:45.836+0400] {dag.py:3954} INFO - Setting next_dagrun for example_task_group_decorator to 2024-06-17 00:00:00+00:00, run_after=2024-06-18 00:00:00+00:00
[2024-06-18T12:44:45.852+0400] {processor.py:183} INFO - Processing /home/user/Desktop/airflowproj/py_env/lib/python3.10/site-packages/airflow/example_dags/example_task_group_decorator.py took 0.105 seconds
[2024-06-18T12:45:43.988+0400] {processor.py:161} INFO - Started process (PID=47063) to work on /home/user/Desktop/airflowproj/py_env/lib/python3.10/site-packages/airflow/example_dags/example_task_group_decorator.py
[2024-06-18T12:45:43.990+0400] {processor.py:830} INFO - Processing file /home/user/Desktop/airflowproj/py_env/lib/python3.10/site-packages/airflow/example_dags/example_task_group_decorator.py for tasks to queue
[2024-06-18T12:45:43.992+0400] {logging_mixin.py:188} INFO - [2024-06-18T12:45:43.991+0400] {dagbag.py:545} INFO - Filling up the DagBag from /home/user/Desktop/airflowproj/py_env/lib/python3.10/site-packages/airflow/example_dags/example_task_group_decorator.py
[2024-06-18T12:45:44.003+0400] {processor.py:840} INFO - DAG(s) 'example_task_group_decorator' retrieved from /home/user/Desktop/airflowproj/py_env/lib/python3.10/site-packages/airflow/example_dags/example_task_group_decorator.py
[2024-06-18T12:45:44.014+0400] {logging_mixin.py:188} INFO - [2024-06-18T12:45:44.013+0400] {dag.py:3096} INFO - Sync 1 DAGs
[2024-06-18T12:45:44.023+0400] {logging_mixin.py:188} INFO - [2024-06-18T12:45:44.023+0400] {dag.py:3954} INFO - Setting next_dagrun for example_task_group_decorator to 2024-06-17 00:00:00+00:00, run_after=2024-06-18 00:00:00+00:00
[2024-06-18T12:45:44.037+0400] {processor.py:183} INFO - Processing /home/user/Desktop/airflowproj/py_env/lib/python3.10/site-packages/airflow/example_dags/example_task_group_decorator.py took 0.054 seconds
[2024-06-18T12:46:44.047+0400] {processor.py:161} INFO - Started process (PID=47303) to work on /home/user/Desktop/airflowproj/py_env/lib/python3.10/site-packages/airflow/example_dags/example_task_group_decorator.py
[2024-06-18T12:46:44.050+0400] {processor.py:830} INFO - Processing file /home/user/Desktop/airflowproj/py_env/lib/python3.10/site-packages/airflow/example_dags/example_task_group_decorator.py for tasks to queue
[2024-06-18T12:46:44.051+0400] {logging_mixin.py:188} INFO - [2024-06-18T12:46:44.050+0400] {dagbag.py:545} INFO - Filling up the DagBag from /home/user/Desktop/airflowproj/py_env/lib/python3.10/site-packages/airflow/example_dags/example_task_group_decorator.py
[2024-06-18T12:46:44.058+0400] {processor.py:840} INFO - DAG(s) 'example_task_group_decorator' retrieved from /home/user/Desktop/airflowproj/py_env/lib/python3.10/site-packages/airflow/example_dags/example_task_group_decorator.py
[2024-06-18T12:46:44.067+0400] {logging_mixin.py:188} INFO - [2024-06-18T12:46:44.066+0400] {dag.py:3096} INFO - Sync 1 DAGs
[2024-06-18T12:46:44.075+0400] {logging_mixin.py:188} INFO - [2024-06-18T12:46:44.074+0400] {dag.py:3954} INFO - Setting next_dagrun for example_task_group_decorator to 2024-06-17 00:00:00+00:00, run_after=2024-06-18 00:00:00+00:00
[2024-06-18T12:46:44.087+0400] {processor.py:183} INFO - Processing /home/user/Desktop/airflowproj/py_env/lib/python3.10/site-packages/airflow/example_dags/example_task_group_decorator.py took 0.045 seconds
[2024-06-18T12:47:41.437+0400] {processor.py:161} INFO - Started process (PID=48096) to work on /home/user/Desktop/airflowproj/py_env/lib/python3.10/site-packages/airflow/example_dags/example_task_group_decorator.py
[2024-06-18T12:47:41.438+0400] {processor.py:830} INFO - Processing file /home/user/Desktop/airflowproj/py_env/lib/python3.10/site-packages/airflow/example_dags/example_task_group_decorator.py for tasks to queue
[2024-06-18T12:47:41.438+0400] {logging_mixin.py:188} INFO - [2024-06-18T12:47:41.438+0400] {dagbag.py:545} INFO - Filling up the DagBag from /home/user/Desktop/airflowproj/py_env/lib/python3.10/site-packages/airflow/example_dags/example_task_group_decorator.py
[2024-06-18T12:47:41.446+0400] {processor.py:840} INFO - DAG(s) 'example_task_group_decorator' retrieved from /home/user/Desktop/airflowproj/py_env/lib/python3.10/site-packages/airflow/example_dags/example_task_group_decorator.py
[2024-06-18T12:47:41.456+0400] {logging_mixin.py:188} INFO - [2024-06-18T12:47:41.456+0400] {dag.py:3096} INFO - Sync 1 DAGs
[2024-06-18T12:47:41.467+0400] {logging_mixin.py:188} INFO - [2024-06-18T12:47:41.467+0400] {dag.py:3954} INFO - Setting next_dagrun for example_task_group_decorator to 2024-06-17 00:00:00+00:00, run_after=2024-06-18 00:00:00+00:00
[2024-06-18T12:47:41.481+0400] {processor.py:183} INFO - Processing /home/user/Desktop/airflowproj/py_env/lib/python3.10/site-packages/airflow/example_dags/example_task_group_decorator.py took 0.048 seconds
[2024-06-18T12:48:37.515+0400] {processor.py:161} INFO - Started process (PID=48315) to work on /home/user/Desktop/airflowproj/py_env/lib/python3.10/site-packages/airflow/example_dags/example_task_group_decorator.py
[2024-06-18T12:48:37.517+0400] {processor.py:830} INFO - Processing file /home/user/Desktop/airflowproj/py_env/lib/python3.10/site-packages/airflow/example_dags/example_task_group_decorator.py for tasks to queue
[2024-06-18T12:48:37.518+0400] {logging_mixin.py:188} INFO - [2024-06-18T12:48:37.517+0400] {dagbag.py:545} INFO - Filling up the DagBag from /home/user/Desktop/airflowproj/py_env/lib/python3.10/site-packages/airflow/example_dags/example_task_group_decorator.py
[2024-06-18T12:48:37.524+0400] {processor.py:840} INFO - DAG(s) 'example_task_group_decorator' retrieved from /home/user/Desktop/airflowproj/py_env/lib/python3.10/site-packages/airflow/example_dags/example_task_group_decorator.py
[2024-06-18T12:48:37.534+0400] {logging_mixin.py:188} INFO - [2024-06-18T12:48:37.534+0400] {dag.py:3096} INFO - Sync 1 DAGs
[2024-06-18T12:48:37.543+0400] {logging_mixin.py:188} INFO - [2024-06-18T12:48:37.543+0400] {dag.py:3954} INFO - Setting next_dagrun for example_task_group_decorator to 2024-06-17 00:00:00+00:00, run_after=2024-06-18 00:00:00+00:00
[2024-06-18T12:48:37.556+0400] {processor.py:183} INFO - Processing /home/user/Desktop/airflowproj/py_env/lib/python3.10/site-packages/airflow/example_dags/example_task_group_decorator.py took 0.045 seconds
[2024-06-18T12:49:31.204+0400] {processor.py:161} INFO - Started process (PID=48657) to work on /home/user/Desktop/airflowproj/py_env/lib/python3.10/site-packages/airflow/example_dags/example_task_group_decorator.py
[2024-06-18T12:49:31.206+0400] {processor.py:830} INFO - Processing file /home/user/Desktop/airflowproj/py_env/lib/python3.10/site-packages/airflow/example_dags/example_task_group_decorator.py for tasks to queue
[2024-06-18T12:49:31.207+0400] {logging_mixin.py:188} INFO - [2024-06-18T12:49:31.207+0400] {dagbag.py:545} INFO - Filling up the DagBag from /home/user/Desktop/airflowproj/py_env/lib/python3.10/site-packages/airflow/example_dags/example_task_group_decorator.py
[2024-06-18T12:49:31.214+0400] {processor.py:840} INFO - DAG(s) 'example_task_group_decorator' retrieved from /home/user/Desktop/airflowproj/py_env/lib/python3.10/site-packages/airflow/example_dags/example_task_group_decorator.py
[2024-06-18T12:49:31.223+0400] {logging_mixin.py:188} INFO - [2024-06-18T12:49:31.223+0400] {dag.py:3096} INFO - Sync 1 DAGs
[2024-06-18T12:49:31.232+0400] {logging_mixin.py:188} INFO - [2024-06-18T12:49:31.231+0400] {dag.py:3954} INFO - Setting next_dagrun for example_task_group_decorator to 2024-06-17 00:00:00+00:00, run_after=2024-06-18 00:00:00+00:00
[2024-06-18T12:49:31.244+0400] {processor.py:183} INFO - Processing /home/user/Desktop/airflowproj/py_env/lib/python3.10/site-packages/airflow/example_dags/example_task_group_decorator.py took 0.043 seconds
[2024-06-18T12:50:31.788+0400] {processor.py:161} INFO - Started process (PID=48827) to work on /home/user/Desktop/airflowproj/py_env/lib/python3.10/site-packages/airflow/example_dags/example_task_group_decorator.py
[2024-06-18T12:50:31.790+0400] {processor.py:830} INFO - Processing file /home/user/Desktop/airflowproj/py_env/lib/python3.10/site-packages/airflow/example_dags/example_task_group_decorator.py for tasks to queue
[2024-06-18T12:50:31.791+0400] {logging_mixin.py:188} INFO - [2024-06-18T12:50:31.791+0400] {dagbag.py:545} INFO - Filling up the DagBag from /home/user/Desktop/airflowproj/py_env/lib/python3.10/site-packages/airflow/example_dags/example_task_group_decorator.py
[2024-06-18T12:50:31.798+0400] {processor.py:840} INFO - DAG(s) 'example_task_group_decorator' retrieved from /home/user/Desktop/airflowproj/py_env/lib/python3.10/site-packages/airflow/example_dags/example_task_group_decorator.py
[2024-06-18T12:50:31.809+0400] {logging_mixin.py:188} INFO - [2024-06-18T12:50:31.808+0400] {dag.py:3096} INFO - Sync 1 DAGs
[2024-06-18T12:50:31.818+0400] {logging_mixin.py:188} INFO - [2024-06-18T12:50:31.818+0400] {dag.py:3954} INFO - Setting next_dagrun for example_task_group_decorator to 2024-06-17 00:00:00+00:00, run_after=2024-06-18 00:00:00+00:00
[2024-06-18T12:50:31.831+0400] {processor.py:183} INFO - Processing /home/user/Desktop/airflowproj/py_env/lib/python3.10/site-packages/airflow/example_dags/example_task_group_decorator.py took 0.045 seconds
[2024-06-18T12:51:29.578+0400] {processor.py:161} INFO - Started process (PID=49056) to work on /home/user/Desktop/airflowproj/py_env/lib/python3.10/site-packages/airflow/example_dags/example_task_group_decorator.py
[2024-06-18T12:51:29.581+0400] {processor.py:830} INFO - Processing file /home/user/Desktop/airflowproj/py_env/lib/python3.10/site-packages/airflow/example_dags/example_task_group_decorator.py for tasks to queue
[2024-06-18T12:51:29.582+0400] {logging_mixin.py:188} INFO - [2024-06-18T12:51:29.582+0400] {dagbag.py:545} INFO - Filling up the DagBag from /home/user/Desktop/airflowproj/py_env/lib/python3.10/site-packages/airflow/example_dags/example_task_group_decorator.py
[2024-06-18T12:51:29.589+0400] {processor.py:840} INFO - DAG(s) 'example_task_group_decorator' retrieved from /home/user/Desktop/airflowproj/py_env/lib/python3.10/site-packages/airflow/example_dags/example_task_group_decorator.py
[2024-06-18T12:51:29.601+0400] {logging_mixin.py:188} INFO - [2024-06-18T12:51:29.600+0400] {dag.py:3096} INFO - Sync 1 DAGs
[2024-06-18T12:51:29.611+0400] {logging_mixin.py:188} INFO - [2024-06-18T12:51:29.611+0400] {dag.py:3954} INFO - Setting next_dagrun for example_task_group_decorator to 2024-06-17 00:00:00+00:00, run_after=2024-06-18 00:00:00+00:00
[2024-06-18T12:51:29.625+0400] {processor.py:183} INFO - Processing /home/user/Desktop/airflowproj/py_env/lib/python3.10/site-packages/airflow/example_dags/example_task_group_decorator.py took 0.051 seconds
[2024-06-18T12:52:27.861+0400] {processor.py:161} INFO - Started process (PID=49216) to work on /home/user/Desktop/airflowproj/py_env/lib/python3.10/site-packages/airflow/example_dags/example_task_group_decorator.py
[2024-06-18T12:52:27.863+0400] {processor.py:830} INFO - Processing file /home/user/Desktop/airflowproj/py_env/lib/python3.10/site-packages/airflow/example_dags/example_task_group_decorator.py for tasks to queue
[2024-06-18T12:52:27.864+0400] {logging_mixin.py:188} INFO - [2024-06-18T12:52:27.864+0400] {dagbag.py:545} INFO - Filling up the DagBag from /home/user/Desktop/airflowproj/py_env/lib/python3.10/site-packages/airflow/example_dags/example_task_group_decorator.py
[2024-06-18T12:52:27.871+0400] {processor.py:840} INFO - DAG(s) 'example_task_group_decorator' retrieved from /home/user/Desktop/airflowproj/py_env/lib/python3.10/site-packages/airflow/example_dags/example_task_group_decorator.py
[2024-06-18T12:52:27.881+0400] {logging_mixin.py:188} INFO - [2024-06-18T12:52:27.881+0400] {dag.py:3096} INFO - Sync 1 DAGs
[2024-06-18T12:52:27.890+0400] {logging_mixin.py:188} INFO - [2024-06-18T12:52:27.890+0400] {dag.py:3954} INFO - Setting next_dagrun for example_task_group_decorator to 2024-06-17 00:00:00+00:00, run_after=2024-06-18 00:00:00+00:00
[2024-06-18T12:52:27.904+0400] {processor.py:183} INFO - Processing /home/user/Desktop/airflowproj/py_env/lib/python3.10/site-packages/airflow/example_dags/example_task_group_decorator.py took 0.047 seconds
[2024-06-18T12:53:27.036+0400] {processor.py:161} INFO - Started process (PID=49502) to work on /home/user/Desktop/airflowproj/py_env/lib/python3.10/site-packages/airflow/example_dags/example_task_group_decorator.py
[2024-06-18T12:53:27.038+0400] {processor.py:830} INFO - Processing file /home/user/Desktop/airflowproj/py_env/lib/python3.10/site-packages/airflow/example_dags/example_task_group_decorator.py for tasks to queue
[2024-06-18T12:53:27.039+0400] {logging_mixin.py:188} INFO - [2024-06-18T12:53:27.039+0400] {dagbag.py:545} INFO - Filling up the DagBag from /home/user/Desktop/airflowproj/py_env/lib/python3.10/site-packages/airflow/example_dags/example_task_group_decorator.py
[2024-06-18T12:53:27.046+0400] {processor.py:840} INFO - DAG(s) 'example_task_group_decorator' retrieved from /home/user/Desktop/airflowproj/py_env/lib/python3.10/site-packages/airflow/example_dags/example_task_group_decorator.py
[2024-06-18T12:53:27.056+0400] {logging_mixin.py:188} INFO - [2024-06-18T12:53:27.056+0400] {dag.py:3096} INFO - Sync 1 DAGs
[2024-06-18T12:53:27.064+0400] {logging_mixin.py:188} INFO - [2024-06-18T12:53:27.064+0400] {dag.py:3954} INFO - Setting next_dagrun for example_task_group_decorator to 2024-06-17 00:00:00+00:00, run_after=2024-06-18 00:00:00+00:00
[2024-06-18T12:53:27.078+0400] {processor.py:183} INFO - Processing /home/user/Desktop/airflowproj/py_env/lib/python3.10/site-packages/airflow/example_dags/example_task_group_decorator.py took 0.046 seconds
[2024-06-18T12:54:24.474+0400] {processor.py:161} INFO - Started process (PID=49686) to work on /home/user/Desktop/airflowproj/py_env/lib/python3.10/site-packages/airflow/example_dags/example_task_group_decorator.py
[2024-06-18T12:54:24.476+0400] {processor.py:830} INFO - Processing file /home/user/Desktop/airflowproj/py_env/lib/python3.10/site-packages/airflow/example_dags/example_task_group_decorator.py for tasks to queue
[2024-06-18T12:54:24.477+0400] {logging_mixin.py:188} INFO - [2024-06-18T12:54:24.477+0400] {dagbag.py:545} INFO - Filling up the DagBag from /home/user/Desktop/airflowproj/py_env/lib/python3.10/site-packages/airflow/example_dags/example_task_group_decorator.py
[2024-06-18T12:54:24.486+0400] {processor.py:840} INFO - DAG(s) 'example_task_group_decorator' retrieved from /home/user/Desktop/airflowproj/py_env/lib/python3.10/site-packages/airflow/example_dags/example_task_group_decorator.py
[2024-06-18T12:54:24.497+0400] {logging_mixin.py:188} INFO - [2024-06-18T12:54:24.497+0400] {dag.py:3096} INFO - Sync 1 DAGs
[2024-06-18T12:54:24.507+0400] {logging_mixin.py:188} INFO - [2024-06-18T12:54:24.507+0400] {dag.py:3954} INFO - Setting next_dagrun for example_task_group_decorator to 2024-06-17 00:00:00+00:00, run_after=2024-06-18 00:00:00+00:00
[2024-06-18T12:54:24.523+0400] {processor.py:183} INFO - Processing /home/user/Desktop/airflowproj/py_env/lib/python3.10/site-packages/airflow/example_dags/example_task_group_decorator.py took 0.053 seconds
[2024-06-18T12:55:25.020+0400] {processor.py:161} INFO - Started process (PID=49965) to work on /home/user/Desktop/airflowproj/py_env/lib/python3.10/site-packages/airflow/example_dags/example_task_group_decorator.py
[2024-06-18T12:55:25.023+0400] {processor.py:830} INFO - Processing file /home/user/Desktop/airflowproj/py_env/lib/python3.10/site-packages/airflow/example_dags/example_task_group_decorator.py for tasks to queue
[2024-06-18T12:55:25.024+0400] {logging_mixin.py:188} INFO - [2024-06-18T12:55:25.023+0400] {dagbag.py:545} INFO - Filling up the DagBag from /home/user/Desktop/airflowproj/py_env/lib/python3.10/site-packages/airflow/example_dags/example_task_group_decorator.py
[2024-06-18T12:55:25.031+0400] {processor.py:840} INFO - DAG(s) 'example_task_group_decorator' retrieved from /home/user/Desktop/airflowproj/py_env/lib/python3.10/site-packages/airflow/example_dags/example_task_group_decorator.py
[2024-06-18T12:55:25.040+0400] {logging_mixin.py:188} INFO - [2024-06-18T12:55:25.040+0400] {dag.py:3096} INFO - Sync 1 DAGs
[2024-06-18T12:55:25.048+0400] {logging_mixin.py:188} INFO - [2024-06-18T12:55:25.048+0400] {dag.py:3954} INFO - Setting next_dagrun for example_task_group_decorator to 2024-06-17 00:00:00+00:00, run_after=2024-06-18 00:00:00+00:00
[2024-06-18T12:55:25.061+0400] {processor.py:183} INFO - Processing /home/user/Desktop/airflowproj/py_env/lib/python3.10/site-packages/airflow/example_dags/example_task_group_decorator.py took 0.045 seconds
[2024-06-18T12:56:20.444+0400] {processor.py:161} INFO - Started process (PID=50188) to work on /home/user/Desktop/airflowproj/py_env/lib/python3.10/site-packages/airflow/example_dags/example_task_group_decorator.py
[2024-06-18T12:56:20.444+0400] {processor.py:830} INFO - Processing file /home/user/Desktop/airflowproj/py_env/lib/python3.10/site-packages/airflow/example_dags/example_task_group_decorator.py for tasks to queue
[2024-06-18T12:56:20.445+0400] {logging_mixin.py:188} INFO - [2024-06-18T12:56:20.445+0400] {dagbag.py:545} INFO - Filling up the DagBag from /home/user/Desktop/airflowproj/py_env/lib/python3.10/site-packages/airflow/example_dags/example_task_group_decorator.py
[2024-06-18T12:56:20.451+0400] {processor.py:840} INFO - DAG(s) 'example_task_group_decorator' retrieved from /home/user/Desktop/airflowproj/py_env/lib/python3.10/site-packages/airflow/example_dags/example_task_group_decorator.py
[2024-06-18T12:56:20.461+0400] {logging_mixin.py:188} INFO - [2024-06-18T12:56:20.461+0400] {dag.py:3096} INFO - Sync 1 DAGs
[2024-06-18T12:56:20.469+0400] {logging_mixin.py:188} INFO - [2024-06-18T12:56:20.469+0400] {dag.py:3954} INFO - Setting next_dagrun for example_task_group_decorator to 2024-06-17 00:00:00+00:00, run_after=2024-06-18 00:00:00+00:00
[2024-06-18T12:56:20.482+0400] {processor.py:183} INFO - Processing /home/user/Desktop/airflowproj/py_env/lib/python3.10/site-packages/airflow/example_dags/example_task_group_decorator.py took 0.041 seconds
[2024-06-18T12:57:20.156+0400] {processor.py:161} INFO - Started process (PID=50396) to work on /home/user/Desktop/airflowproj/py_env/lib/python3.10/site-packages/airflow/example_dags/example_task_group_decorator.py
[2024-06-18T12:57:20.159+0400] {processor.py:830} INFO - Processing file /home/user/Desktop/airflowproj/py_env/lib/python3.10/site-packages/airflow/example_dags/example_task_group_decorator.py for tasks to queue
[2024-06-18T12:57:20.160+0400] {logging_mixin.py:188} INFO - [2024-06-18T12:57:20.160+0400] {dagbag.py:545} INFO - Filling up the DagBag from /home/user/Desktop/airflowproj/py_env/lib/python3.10/site-packages/airflow/example_dags/example_task_group_decorator.py
[2024-06-18T12:57:20.167+0400] {processor.py:840} INFO - DAG(s) 'example_task_group_decorator' retrieved from /home/user/Desktop/airflowproj/py_env/lib/python3.10/site-packages/airflow/example_dags/example_task_group_decorator.py
[2024-06-18T12:57:20.176+0400] {logging_mixin.py:188} INFO - [2024-06-18T12:57:20.176+0400] {dag.py:3096} INFO - Sync 1 DAGs
[2024-06-18T12:57:20.184+0400] {logging_mixin.py:188} INFO - [2024-06-18T12:57:20.184+0400] {dag.py:3954} INFO - Setting next_dagrun for example_task_group_decorator to 2024-06-17 00:00:00+00:00, run_after=2024-06-18 00:00:00+00:00
[2024-06-18T12:57:20.197+0400] {processor.py:183} INFO - Processing /home/user/Desktop/airflowproj/py_env/lib/python3.10/site-packages/airflow/example_dags/example_task_group_decorator.py took 0.046 seconds
[2024-06-18T12:58:19.829+0400] {processor.py:161} INFO - Started process (PID=50915) to work on /home/user/Desktop/airflowproj/py_env/lib/python3.10/site-packages/airflow/example_dags/example_task_group_decorator.py
[2024-06-18T12:58:19.831+0400] {processor.py:830} INFO - Processing file /home/user/Desktop/airflowproj/py_env/lib/python3.10/site-packages/airflow/example_dags/example_task_group_decorator.py for tasks to queue
[2024-06-18T12:58:19.832+0400] {logging_mixin.py:188} INFO - [2024-06-18T12:58:19.832+0400] {dagbag.py:545} INFO - Filling up the DagBag from /home/user/Desktop/airflowproj/py_env/lib/python3.10/site-packages/airflow/example_dags/example_task_group_decorator.py
[2024-06-18T12:58:19.839+0400] {processor.py:840} INFO - DAG(s) 'example_task_group_decorator' retrieved from /home/user/Desktop/airflowproj/py_env/lib/python3.10/site-packages/airflow/example_dags/example_task_group_decorator.py
[2024-06-18T12:58:19.848+0400] {logging_mixin.py:188} INFO - [2024-06-18T12:58:19.848+0400] {dag.py:3096} INFO - Sync 1 DAGs
[2024-06-18T12:58:19.857+0400] {logging_mixin.py:188} INFO - [2024-06-18T12:58:19.857+0400] {dag.py:3954} INFO - Setting next_dagrun for example_task_group_decorator to 2024-06-17 00:00:00+00:00, run_after=2024-06-18 00:00:00+00:00
[2024-06-18T12:58:19.872+0400] {processor.py:183} INFO - Processing /home/user/Desktop/airflowproj/py_env/lib/python3.10/site-packages/airflow/example_dags/example_task_group_decorator.py took 0.045 seconds
[2024-06-18T12:59:18.955+0400] {processor.py:161} INFO - Started process (PID=51302) to work on /home/user/Desktop/airflowproj/py_env/lib/python3.10/site-packages/airflow/example_dags/example_task_group_decorator.py
[2024-06-18T12:59:18.957+0400] {processor.py:830} INFO - Processing file /home/user/Desktop/airflowproj/py_env/lib/python3.10/site-packages/airflow/example_dags/example_task_group_decorator.py for tasks to queue
[2024-06-18T12:59:18.958+0400] {logging_mixin.py:188} INFO - [2024-06-18T12:59:18.957+0400] {dagbag.py:545} INFO - Filling up the DagBag from /home/user/Desktop/airflowproj/py_env/lib/python3.10/site-packages/airflow/example_dags/example_task_group_decorator.py
[2024-06-18T12:59:18.974+0400] {processor.py:840} INFO - DAG(s) 'example_task_group_decorator' retrieved from /home/user/Desktop/airflowproj/py_env/lib/python3.10/site-packages/airflow/example_dags/example_task_group_decorator.py
[2024-06-18T12:59:18.985+0400] {logging_mixin.py:188} INFO - [2024-06-18T12:59:18.984+0400] {dag.py:3096} INFO - Sync 1 DAGs
[2024-06-18T12:59:18.994+0400] {logging_mixin.py:188} INFO - [2024-06-18T12:59:18.994+0400] {dag.py:3954} INFO - Setting next_dagrun for example_task_group_decorator to 2024-06-17 00:00:00+00:00, run_after=2024-06-18 00:00:00+00:00
[2024-06-18T12:59:19.007+0400] {processor.py:183} INFO - Processing /home/user/Desktop/airflowproj/py_env/lib/python3.10/site-packages/airflow/example_dags/example_task_group_decorator.py took 0.055 seconds
[2024-06-18T13:00:11.758+0400] {processor.py:161} INFO - Started process (PID=51673) to work on /home/user/Desktop/airflowproj/py_env/lib/python3.10/site-packages/airflow/example_dags/example_task_group_decorator.py
[2024-06-18T13:00:11.760+0400] {processor.py:830} INFO - Processing file /home/user/Desktop/airflowproj/py_env/lib/python3.10/site-packages/airflow/example_dags/example_task_group_decorator.py for tasks to queue
[2024-06-18T13:00:11.762+0400] {logging_mixin.py:188} INFO - [2024-06-18T13:00:11.761+0400] {dagbag.py:545} INFO - Filling up the DagBag from /home/user/Desktop/airflowproj/py_env/lib/python3.10/site-packages/airflow/example_dags/example_task_group_decorator.py
[2024-06-18T13:00:11.772+0400] {processor.py:840} INFO - DAG(s) 'example_task_group_decorator' retrieved from /home/user/Desktop/airflowproj/py_env/lib/python3.10/site-packages/airflow/example_dags/example_task_group_decorator.py
[2024-06-18T13:00:11.789+0400] {logging_mixin.py:188} INFO - [2024-06-18T13:00:11.788+0400] {dag.py:3096} INFO - Sync 1 DAGs
[2024-06-18T13:00:11.807+0400] {logging_mixin.py:188} INFO - [2024-06-18T13:00:11.807+0400] {dag.py:3954} INFO - Setting next_dagrun for example_task_group_decorator to 2024-06-17 00:00:00+00:00, run_after=2024-06-18 00:00:00+00:00
[2024-06-18T13:00:11.834+0400] {processor.py:183} INFO - Processing /home/user/Desktop/airflowproj/py_env/lib/python3.10/site-packages/airflow/example_dags/example_task_group_decorator.py took 0.082 seconds
[2024-06-18T13:01:10.716+0400] {processor.py:161} INFO - Started process (PID=51994) to work on /home/user/Desktop/airflowproj/py_env/lib/python3.10/site-packages/airflow/example_dags/example_task_group_decorator.py
[2024-06-18T13:01:10.718+0400] {processor.py:830} INFO - Processing file /home/user/Desktop/airflowproj/py_env/lib/python3.10/site-packages/airflow/example_dags/example_task_group_decorator.py for tasks to queue
[2024-06-18T13:01:10.719+0400] {logging_mixin.py:188} INFO - [2024-06-18T13:01:10.719+0400] {dagbag.py:545} INFO - Filling up the DagBag from /home/user/Desktop/airflowproj/py_env/lib/python3.10/site-packages/airflow/example_dags/example_task_group_decorator.py
[2024-06-18T13:01:10.725+0400] {processor.py:840} INFO - DAG(s) 'example_task_group_decorator' retrieved from /home/user/Desktop/airflowproj/py_env/lib/python3.10/site-packages/airflow/example_dags/example_task_group_decorator.py
[2024-06-18T13:01:10.735+0400] {logging_mixin.py:188} INFO - [2024-06-18T13:01:10.735+0400] {dag.py:3096} INFO - Sync 1 DAGs
[2024-06-18T13:01:10.746+0400] {logging_mixin.py:188} INFO - [2024-06-18T13:01:10.746+0400] {dag.py:3954} INFO - Setting next_dagrun for example_task_group_decorator to 2024-06-17 00:00:00+00:00, run_after=2024-06-18 00:00:00+00:00
[2024-06-18T13:01:10.759+0400] {processor.py:183} INFO - Processing /home/user/Desktop/airflowproj/py_env/lib/python3.10/site-packages/airflow/example_dags/example_task_group_decorator.py took 0.046 seconds
[2024-06-18T13:02:10.058+0400] {processor.py:161} INFO - Started process (PID=52770) to work on /home/user/Desktop/airflowproj/py_env/lib/python3.10/site-packages/airflow/example_dags/example_task_group_decorator.py
[2024-06-18T13:02:10.058+0400] {processor.py:830} INFO - Processing file /home/user/Desktop/airflowproj/py_env/lib/python3.10/site-packages/airflow/example_dags/example_task_group_decorator.py for tasks to queue
[2024-06-18T13:02:10.059+0400] {logging_mixin.py:188} INFO - [2024-06-18T13:02:10.059+0400] {dagbag.py:545} INFO - Filling up the DagBag from /home/user/Desktop/airflowproj/py_env/lib/python3.10/site-packages/airflow/example_dags/example_task_group_decorator.py
[2024-06-18T13:02:10.067+0400] {processor.py:840} INFO - DAG(s) 'example_task_group_decorator' retrieved from /home/user/Desktop/airflowproj/py_env/lib/python3.10/site-packages/airflow/example_dags/example_task_group_decorator.py
[2024-06-18T13:02:10.080+0400] {logging_mixin.py:188} INFO - [2024-06-18T13:02:10.080+0400] {dag.py:3096} INFO - Sync 1 DAGs
[2024-06-18T13:02:10.092+0400] {logging_mixin.py:188} INFO - [2024-06-18T13:02:10.092+0400] {dag.py:3954} INFO - Setting next_dagrun for example_task_group_decorator to 2024-06-17 00:00:00+00:00, run_after=2024-06-18 00:00:00+00:00
[2024-06-18T13:02:10.108+0400] {processor.py:183} INFO - Processing /home/user/Desktop/airflowproj/py_env/lib/python3.10/site-packages/airflow/example_dags/example_task_group_decorator.py took 0.053 seconds
[2024-06-18T13:03:08.954+0400] {processor.py:161} INFO - Started process (PID=53043) to work on /home/user/Desktop/airflowproj/py_env/lib/python3.10/site-packages/airflow/example_dags/example_task_group_decorator.py
[2024-06-18T13:03:08.956+0400] {processor.py:830} INFO - Processing file /home/user/Desktop/airflowproj/py_env/lib/python3.10/site-packages/airflow/example_dags/example_task_group_decorator.py for tasks to queue
[2024-06-18T13:03:08.957+0400] {logging_mixin.py:188} INFO - [2024-06-18T13:03:08.957+0400] {dagbag.py:545} INFO - Filling up the DagBag from /home/user/Desktop/airflowproj/py_env/lib/python3.10/site-packages/airflow/example_dags/example_task_group_decorator.py
[2024-06-18T13:03:08.964+0400] {processor.py:840} INFO - DAG(s) 'example_task_group_decorator' retrieved from /home/user/Desktop/airflowproj/py_env/lib/python3.10/site-packages/airflow/example_dags/example_task_group_decorator.py
[2024-06-18T13:03:08.973+0400] {logging_mixin.py:188} INFO - [2024-06-18T13:03:08.973+0400] {dag.py:3096} INFO - Sync 1 DAGs
[2024-06-18T13:03:08.982+0400] {logging_mixin.py:188} INFO - [2024-06-18T13:03:08.982+0400] {dag.py:3954} INFO - Setting next_dagrun for example_task_group_decorator to 2024-06-17 00:00:00+00:00, run_after=2024-06-18 00:00:00+00:00
[2024-06-18T13:03:08.996+0400] {processor.py:183} INFO - Processing /home/user/Desktop/airflowproj/py_env/lib/python3.10/site-packages/airflow/example_dags/example_task_group_decorator.py took 0.047 seconds
[2024-06-18T13:04:05.581+0400] {processor.py:161} INFO - Started process (PID=53244) to work on /home/user/Desktop/airflowproj/py_env/lib/python3.10/site-packages/airflow/example_dags/example_task_group_decorator.py
[2024-06-18T13:04:05.583+0400] {processor.py:830} INFO - Processing file /home/user/Desktop/airflowproj/py_env/lib/python3.10/site-packages/airflow/example_dags/example_task_group_decorator.py for tasks to queue
[2024-06-18T13:04:05.584+0400] {logging_mixin.py:188} INFO - [2024-06-18T13:04:05.583+0400] {dagbag.py:545} INFO - Filling up the DagBag from /home/user/Desktop/airflowproj/py_env/lib/python3.10/site-packages/airflow/example_dags/example_task_group_decorator.py
[2024-06-18T13:04:05.592+0400] {processor.py:840} INFO - DAG(s) 'example_task_group_decorator' retrieved from /home/user/Desktop/airflowproj/py_env/lib/python3.10/site-packages/airflow/example_dags/example_task_group_decorator.py
[2024-06-18T13:04:05.603+0400] {logging_mixin.py:188} INFO - [2024-06-18T13:04:05.603+0400] {dag.py:3096} INFO - Sync 1 DAGs
[2024-06-18T13:04:05.615+0400] {logging_mixin.py:188} INFO - [2024-06-18T13:04:05.615+0400] {dag.py:3954} INFO - Setting next_dagrun for example_task_group_decorator to 2024-06-17 00:00:00+00:00, run_after=2024-06-18 00:00:00+00:00
[2024-06-18T13:04:05.628+0400] {processor.py:183} INFO - Processing /home/user/Desktop/airflowproj/py_env/lib/python3.10/site-packages/airflow/example_dags/example_task_group_decorator.py took 0.050 seconds
[2024-06-18T13:05:04.703+0400] {processor.py:161} INFO - Started process (PID=53483) to work on /home/user/Desktop/airflowproj/py_env/lib/python3.10/site-packages/airflow/example_dags/example_task_group_decorator.py
[2024-06-18T13:05:04.705+0400] {processor.py:830} INFO - Processing file /home/user/Desktop/airflowproj/py_env/lib/python3.10/site-packages/airflow/example_dags/example_task_group_decorator.py for tasks to queue
[2024-06-18T13:05:04.706+0400] {logging_mixin.py:188} INFO - [2024-06-18T13:05:04.706+0400] {dagbag.py:545} INFO - Filling up the DagBag from /home/user/Desktop/airflowproj/py_env/lib/python3.10/site-packages/airflow/example_dags/example_task_group_decorator.py
[2024-06-18T13:05:04.714+0400] {processor.py:840} INFO - DAG(s) 'example_task_group_decorator' retrieved from /home/user/Desktop/airflowproj/py_env/lib/python3.10/site-packages/airflow/example_dags/example_task_group_decorator.py
[2024-06-18T13:05:04.724+0400] {logging_mixin.py:188} INFO - [2024-06-18T13:05:04.724+0400] {dag.py:3096} INFO - Sync 1 DAGs
[2024-06-18T13:05:04.733+0400] {logging_mixin.py:188} INFO - [2024-06-18T13:05:04.733+0400] {dag.py:3954} INFO - Setting next_dagrun for example_task_group_decorator to 2024-06-17 00:00:00+00:00, run_after=2024-06-18 00:00:00+00:00
[2024-06-18T13:05:04.747+0400] {processor.py:183} INFO - Processing /home/user/Desktop/airflowproj/py_env/lib/python3.10/site-packages/airflow/example_dags/example_task_group_decorator.py took 0.049 seconds
[2024-06-18T13:06:02.479+0400] {processor.py:161} INFO - Started process (PID=53718) to work on /home/user/Desktop/airflowproj/py_env/lib/python3.10/site-packages/airflow/example_dags/example_task_group_decorator.py
[2024-06-18T13:06:02.481+0400] {processor.py:830} INFO - Processing file /home/user/Desktop/airflowproj/py_env/lib/python3.10/site-packages/airflow/example_dags/example_task_group_decorator.py for tasks to queue
[2024-06-18T13:06:02.483+0400] {logging_mixin.py:188} INFO - [2024-06-18T13:06:02.482+0400] {dagbag.py:545} INFO - Filling up the DagBag from /home/user/Desktop/airflowproj/py_env/lib/python3.10/site-packages/airflow/example_dags/example_task_group_decorator.py
[2024-06-18T13:06:02.496+0400] {processor.py:840} INFO - DAG(s) 'example_task_group_decorator' retrieved from /home/user/Desktop/airflowproj/py_env/lib/python3.10/site-packages/airflow/example_dags/example_task_group_decorator.py
[2024-06-18T13:06:02.506+0400] {logging_mixin.py:188} INFO - [2024-06-18T13:06:02.506+0400] {dag.py:3096} INFO - Sync 1 DAGs
[2024-06-18T13:06:02.515+0400] {logging_mixin.py:188} INFO - [2024-06-18T13:06:02.515+0400] {dag.py:3954} INFO - Setting next_dagrun for example_task_group_decorator to 2024-06-17 00:00:00+00:00, run_after=2024-06-18 00:00:00+00:00
[2024-06-18T13:06:02.532+0400] {processor.py:183} INFO - Processing /home/user/Desktop/airflowproj/py_env/lib/python3.10/site-packages/airflow/example_dags/example_task_group_decorator.py took 0.057 seconds
[2024-06-18T13:07:04.132+0400] {processor.py:161} INFO - Started process (PID=53928) to work on /home/user/Desktop/airflowproj/py_env/lib/python3.10/site-packages/airflow/example_dags/example_task_group_decorator.py
[2024-06-18T13:07:04.134+0400] {processor.py:830} INFO - Processing file /home/user/Desktop/airflowproj/py_env/lib/python3.10/site-packages/airflow/example_dags/example_task_group_decorator.py for tasks to queue
[2024-06-18T13:07:04.136+0400] {logging_mixin.py:188} INFO - [2024-06-18T13:07:04.135+0400] {dagbag.py:545} INFO - Filling up the DagBag from /home/user/Desktop/airflowproj/py_env/lib/python3.10/site-packages/airflow/example_dags/example_task_group_decorator.py
[2024-06-18T13:07:04.144+0400] {processor.py:840} INFO - DAG(s) 'example_task_group_decorator' retrieved from /home/user/Desktop/airflowproj/py_env/lib/python3.10/site-packages/airflow/example_dags/example_task_group_decorator.py
[2024-06-18T13:07:04.154+0400] {logging_mixin.py:188} INFO - [2024-06-18T13:07:04.154+0400] {dag.py:3096} INFO - Sync 1 DAGs
[2024-06-18T13:07:04.162+0400] {logging_mixin.py:188} INFO - [2024-06-18T13:07:04.162+0400] {dag.py:3954} INFO - Setting next_dagrun for example_task_group_decorator to 2024-06-17 00:00:00+00:00, run_after=2024-06-18 00:00:00+00:00
[2024-06-18T13:07:04.176+0400] {processor.py:183} INFO - Processing /home/user/Desktop/airflowproj/py_env/lib/python3.10/site-packages/airflow/example_dags/example_task_group_decorator.py took 0.047 seconds
[2024-06-18T13:08:04.775+0400] {processor.py:161} INFO - Started process (PID=54164) to work on /home/user/Desktop/airflowproj/py_env/lib/python3.10/site-packages/airflow/example_dags/example_task_group_decorator.py
[2024-06-18T13:08:04.776+0400] {processor.py:830} INFO - Processing file /home/user/Desktop/airflowproj/py_env/lib/python3.10/site-packages/airflow/example_dags/example_task_group_decorator.py for tasks to queue
[2024-06-18T13:08:04.777+0400] {logging_mixin.py:188} INFO - [2024-06-18T13:08:04.777+0400] {dagbag.py:545} INFO - Filling up the DagBag from /home/user/Desktop/airflowproj/py_env/lib/python3.10/site-packages/airflow/example_dags/example_task_group_decorator.py
[2024-06-18T13:08:04.784+0400] {processor.py:840} INFO - DAG(s) 'example_task_group_decorator' retrieved from /home/user/Desktop/airflowproj/py_env/lib/python3.10/site-packages/airflow/example_dags/example_task_group_decorator.py
[2024-06-18T13:08:04.793+0400] {logging_mixin.py:188} INFO - [2024-06-18T13:08:04.793+0400] {dag.py:3096} INFO - Sync 1 DAGs
[2024-06-18T13:08:04.802+0400] {logging_mixin.py:188} INFO - [2024-06-18T13:08:04.802+0400] {dag.py:3954} INFO - Setting next_dagrun for example_task_group_decorator to 2024-06-17 00:00:00+00:00, run_after=2024-06-18 00:00:00+00:00
[2024-06-18T13:08:04.816+0400] {processor.py:183} INFO - Processing /home/user/Desktop/airflowproj/py_env/lib/python3.10/site-packages/airflow/example_dags/example_task_group_decorator.py took 0.045 seconds
[2024-06-18T13:08:45.389+0400] {processor.py:161} INFO - Started process (PID=54308) to work on /home/user/Desktop/airflowproj/py_env/lib/python3.10/site-packages/airflow/example_dags/example_task_group_decorator.py
[2024-06-18T13:08:45.391+0400] {processor.py:830} INFO - Processing file /home/user/Desktop/airflowproj/py_env/lib/python3.10/site-packages/airflow/example_dags/example_task_group_decorator.py for tasks to queue
[2024-06-18T13:08:45.392+0400] {logging_mixin.py:188} INFO - [2024-06-18T13:08:45.392+0400] {dagbag.py:545} INFO - Filling up the DagBag from /home/user/Desktop/airflowproj/py_env/lib/python3.10/site-packages/airflow/example_dags/example_task_group_decorator.py
[2024-06-18T13:08:45.400+0400] {processor.py:840} INFO - DAG(s) 'example_task_group_decorator' retrieved from /home/user/Desktop/airflowproj/py_env/lib/python3.10/site-packages/airflow/example_dags/example_task_group_decorator.py
[2024-06-18T13:08:45.410+0400] {logging_mixin.py:188} INFO - [2024-06-18T13:08:45.410+0400] {dag.py:3096} INFO - Sync 1 DAGs
[2024-06-18T13:08:45.419+0400] {logging_mixin.py:188} INFO - [2024-06-18T13:08:45.418+0400] {dag.py:3954} INFO - Setting next_dagrun for example_task_group_decorator to 2024-06-17 00:00:00+00:00, run_after=2024-06-18 00:00:00+00:00
[2024-06-18T13:08:45.432+0400] {processor.py:183} INFO - Processing /home/user/Desktop/airflowproj/py_env/lib/python3.10/site-packages/airflow/example_dags/example_task_group_decorator.py took 0.047 seconds
[2024-06-18T13:09:43.519+0400] {processor.py:161} INFO - Started process (PID=54568) to work on /home/user/Desktop/airflowproj/py_env/lib/python3.10/site-packages/airflow/example_dags/example_task_group_decorator.py
[2024-06-18T13:09:43.520+0400] {processor.py:830} INFO - Processing file /home/user/Desktop/airflowproj/py_env/lib/python3.10/site-packages/airflow/example_dags/example_task_group_decorator.py for tasks to queue
[2024-06-18T13:09:43.521+0400] {logging_mixin.py:188} INFO - [2024-06-18T13:09:43.521+0400] {dagbag.py:545} INFO - Filling up the DagBag from /home/user/Desktop/airflowproj/py_env/lib/python3.10/site-packages/airflow/example_dags/example_task_group_decorator.py
[2024-06-18T13:09:43.528+0400] {processor.py:840} INFO - DAG(s) 'example_task_group_decorator' retrieved from /home/user/Desktop/airflowproj/py_env/lib/python3.10/site-packages/airflow/example_dags/example_task_group_decorator.py
[2024-06-18T13:09:43.537+0400] {logging_mixin.py:188} INFO - [2024-06-18T13:09:43.537+0400] {dag.py:3096} INFO - Sync 1 DAGs
[2024-06-18T13:09:43.545+0400] {logging_mixin.py:188} INFO - [2024-06-18T13:09:43.545+0400] {dag.py:3954} INFO - Setting next_dagrun for example_task_group_decorator to 2024-06-17 00:00:00+00:00, run_after=2024-06-18 00:00:00+00:00
[2024-06-18T13:09:43.557+0400] {processor.py:183} INFO - Processing /home/user/Desktop/airflowproj/py_env/lib/python3.10/site-packages/airflow/example_dags/example_task_group_decorator.py took 0.041 seconds
[2024-06-18T13:10:46.359+0400] {processor.py:161} INFO - Started process (PID=54777) to work on /home/user/Desktop/airflowproj/py_env/lib/python3.10/site-packages/airflow/example_dags/example_task_group_decorator.py
[2024-06-18T13:10:46.361+0400] {processor.py:830} INFO - Processing file /home/user/Desktop/airflowproj/py_env/lib/python3.10/site-packages/airflow/example_dags/example_task_group_decorator.py for tasks to queue
[2024-06-18T13:10:46.362+0400] {logging_mixin.py:188} INFO - [2024-06-18T13:10:46.362+0400] {dagbag.py:545} INFO - Filling up the DagBag from /home/user/Desktop/airflowproj/py_env/lib/python3.10/site-packages/airflow/example_dags/example_task_group_decorator.py
[2024-06-18T13:10:46.369+0400] {processor.py:840} INFO - DAG(s) 'example_task_group_decorator' retrieved from /home/user/Desktop/airflowproj/py_env/lib/python3.10/site-packages/airflow/example_dags/example_task_group_decorator.py
[2024-06-18T13:10:46.379+0400] {logging_mixin.py:188} INFO - [2024-06-18T13:10:46.379+0400] {dag.py:3096} INFO - Sync 1 DAGs
[2024-06-18T13:10:46.387+0400] {logging_mixin.py:188} INFO - [2024-06-18T13:10:46.387+0400] {dag.py:3954} INFO - Setting next_dagrun for example_task_group_decorator to 2024-06-17 00:00:00+00:00, run_after=2024-06-18 00:00:00+00:00
[2024-06-18T13:10:46.401+0400] {processor.py:183} INFO - Processing /home/user/Desktop/airflowproj/py_env/lib/python3.10/site-packages/airflow/example_dags/example_task_group_decorator.py took 0.046 seconds
[2024-06-18T13:11:45.753+0400] {processor.py:161} INFO - Started process (PID=54986) to work on /home/user/Desktop/airflowproj/py_env/lib/python3.10/site-packages/airflow/example_dags/example_task_group_decorator.py
[2024-06-18T13:11:45.754+0400] {processor.py:830} INFO - Processing file /home/user/Desktop/airflowproj/py_env/lib/python3.10/site-packages/airflow/example_dags/example_task_group_decorator.py for tasks to queue
[2024-06-18T13:11:45.755+0400] {logging_mixin.py:188} INFO - [2024-06-18T13:11:45.755+0400] {dagbag.py:545} INFO - Filling up the DagBag from /home/user/Desktop/airflowproj/py_env/lib/python3.10/site-packages/airflow/example_dags/example_task_group_decorator.py
[2024-06-18T13:11:45.763+0400] {processor.py:840} INFO - DAG(s) 'example_task_group_decorator' retrieved from /home/user/Desktop/airflowproj/py_env/lib/python3.10/site-packages/airflow/example_dags/example_task_group_decorator.py
[2024-06-18T13:11:45.773+0400] {logging_mixin.py:188} INFO - [2024-06-18T13:11:45.773+0400] {dag.py:3096} INFO - Sync 1 DAGs
[2024-06-18T13:11:45.782+0400] {logging_mixin.py:188} INFO - [2024-06-18T13:11:45.782+0400] {dag.py:3954} INFO - Setting next_dagrun for example_task_group_decorator to 2024-06-17 00:00:00+00:00, run_after=2024-06-18 00:00:00+00:00
[2024-06-18T13:11:45.794+0400] {processor.py:183} INFO - Processing /home/user/Desktop/airflowproj/py_env/lib/python3.10/site-packages/airflow/example_dags/example_task_group_decorator.py took 0.046 seconds
[2024-06-18T13:12:45.699+0400] {processor.py:161} INFO - Started process (PID=55217) to work on /home/user/Desktop/airflowproj/py_env/lib/python3.10/site-packages/airflow/example_dags/example_task_group_decorator.py
[2024-06-18T13:12:45.702+0400] {processor.py:830} INFO - Processing file /home/user/Desktop/airflowproj/py_env/lib/python3.10/site-packages/airflow/example_dags/example_task_group_decorator.py for tasks to queue
[2024-06-18T13:12:45.703+0400] {logging_mixin.py:188} INFO - [2024-06-18T13:12:45.703+0400] {dagbag.py:545} INFO - Filling up the DagBag from /home/user/Desktop/airflowproj/py_env/lib/python3.10/site-packages/airflow/example_dags/example_task_group_decorator.py
[2024-06-18T13:12:45.710+0400] {processor.py:840} INFO - DAG(s) 'example_task_group_decorator' retrieved from /home/user/Desktop/airflowproj/py_env/lib/python3.10/site-packages/airflow/example_dags/example_task_group_decorator.py
[2024-06-18T13:12:45.720+0400] {logging_mixin.py:188} INFO - [2024-06-18T13:12:45.720+0400] {dag.py:3096} INFO - Sync 1 DAGs
[2024-06-18T13:12:45.729+0400] {logging_mixin.py:188} INFO - [2024-06-18T13:12:45.729+0400] {dag.py:3954} INFO - Setting next_dagrun for example_task_group_decorator to 2024-06-17 00:00:00+00:00, run_after=2024-06-18 00:00:00+00:00
[2024-06-18T13:12:45.744+0400] {processor.py:183} INFO - Processing /home/user/Desktop/airflowproj/py_env/lib/python3.10/site-packages/airflow/example_dags/example_task_group_decorator.py took 0.050 seconds
[2024-06-18T13:13:45.192+0400] {processor.py:161} INFO - Started process (PID=55414) to work on /home/user/Desktop/airflowproj/py_env/lib/python3.10/site-packages/airflow/example_dags/example_task_group_decorator.py
[2024-06-18T13:13:45.194+0400] {processor.py:830} INFO - Processing file /home/user/Desktop/airflowproj/py_env/lib/python3.10/site-packages/airflow/example_dags/example_task_group_decorator.py for tasks to queue
[2024-06-18T13:13:45.196+0400] {logging_mixin.py:188} INFO - [2024-06-18T13:13:45.195+0400] {dagbag.py:545} INFO - Filling up the DagBag from /home/user/Desktop/airflowproj/py_env/lib/python3.10/site-packages/airflow/example_dags/example_task_group_decorator.py
[2024-06-18T13:13:45.203+0400] {processor.py:840} INFO - DAG(s) 'example_task_group_decorator' retrieved from /home/user/Desktop/airflowproj/py_env/lib/python3.10/site-packages/airflow/example_dags/example_task_group_decorator.py
[2024-06-18T13:13:45.213+0400] {logging_mixin.py:188} INFO - [2024-06-18T13:13:45.212+0400] {dag.py:3096} INFO - Sync 1 DAGs
[2024-06-18T13:13:45.221+0400] {logging_mixin.py:188} INFO - [2024-06-18T13:13:45.221+0400] {dag.py:3954} INFO - Setting next_dagrun for example_task_group_decorator to 2024-06-17 00:00:00+00:00, run_after=2024-06-18 00:00:00+00:00
[2024-06-18T13:13:45.236+0400] {processor.py:183} INFO - Processing /home/user/Desktop/airflowproj/py_env/lib/python3.10/site-packages/airflow/example_dags/example_task_group_decorator.py took 0.048 seconds
[2024-06-18T13:14:41.426+0400] {processor.py:161} INFO - Started process (PID=55621) to work on /home/user/Desktop/airflowproj/py_env/lib/python3.10/site-packages/airflow/example_dags/example_task_group_decorator.py
[2024-06-18T13:14:41.429+0400] {processor.py:830} INFO - Processing file /home/user/Desktop/airflowproj/py_env/lib/python3.10/site-packages/airflow/example_dags/example_task_group_decorator.py for tasks to queue
[2024-06-18T13:14:41.431+0400] {logging_mixin.py:188} INFO - [2024-06-18T13:14:41.430+0400] {dagbag.py:545} INFO - Filling up the DagBag from /home/user/Desktop/airflowproj/py_env/lib/python3.10/site-packages/airflow/example_dags/example_task_group_decorator.py
[2024-06-18T13:14:41.441+0400] {processor.py:840} INFO - DAG(s) 'example_task_group_decorator' retrieved from /home/user/Desktop/airflowproj/py_env/lib/python3.10/site-packages/airflow/example_dags/example_task_group_decorator.py
[2024-06-18T13:14:41.451+0400] {logging_mixin.py:188} INFO - [2024-06-18T13:14:41.451+0400] {dag.py:3096} INFO - Sync 1 DAGs
[2024-06-18T13:14:41.459+0400] {logging_mixin.py:188} INFO - [2024-06-18T13:14:41.459+0400] {dag.py:3954} INFO - Setting next_dagrun for example_task_group_decorator to 2024-06-17 00:00:00+00:00, run_after=2024-06-18 00:00:00+00:00
[2024-06-18T13:14:41.473+0400] {processor.py:183} INFO - Processing /home/user/Desktop/airflowproj/py_env/lib/python3.10/site-packages/airflow/example_dags/example_task_group_decorator.py took 0.052 seconds
[2024-06-18T13:15:39.456+0400] {processor.py:161} INFO - Started process (PID=55822) to work on /home/user/Desktop/airflowproj/py_env/lib/python3.10/site-packages/airflow/example_dags/example_task_group_decorator.py
[2024-06-18T13:15:39.458+0400] {processor.py:830} INFO - Processing file /home/user/Desktop/airflowproj/py_env/lib/python3.10/site-packages/airflow/example_dags/example_task_group_decorator.py for tasks to queue
[2024-06-18T13:15:39.459+0400] {logging_mixin.py:188} INFO - [2024-06-18T13:15:39.459+0400] {dagbag.py:545} INFO - Filling up the DagBag from /home/user/Desktop/airflowproj/py_env/lib/python3.10/site-packages/airflow/example_dags/example_task_group_decorator.py
[2024-06-18T13:15:39.467+0400] {processor.py:840} INFO - DAG(s) 'example_task_group_decorator' retrieved from /home/user/Desktop/airflowproj/py_env/lib/python3.10/site-packages/airflow/example_dags/example_task_group_decorator.py
[2024-06-18T13:15:39.476+0400] {logging_mixin.py:188} INFO - [2024-06-18T13:15:39.476+0400] {dag.py:3096} INFO - Sync 1 DAGs
[2024-06-18T13:15:39.485+0400] {logging_mixin.py:188} INFO - [2024-06-18T13:15:39.485+0400] {dag.py:3954} INFO - Setting next_dagrun for example_task_group_decorator to 2024-06-17 00:00:00+00:00, run_after=2024-06-18 00:00:00+00:00
[2024-06-18T13:15:39.498+0400] {processor.py:183} INFO - Processing /home/user/Desktop/airflowproj/py_env/lib/python3.10/site-packages/airflow/example_dags/example_task_group_decorator.py took 0.047 seconds
[2024-06-18T13:16:41.706+0400] {processor.py:161} INFO - Started process (PID=56037) to work on /home/user/Desktop/airflowproj/py_env/lib/python3.10/site-packages/airflow/example_dags/example_task_group_decorator.py
[2024-06-18T13:16:41.708+0400] {processor.py:830} INFO - Processing file /home/user/Desktop/airflowproj/py_env/lib/python3.10/site-packages/airflow/example_dags/example_task_group_decorator.py for tasks to queue
[2024-06-18T13:16:41.709+0400] {logging_mixin.py:188} INFO - [2024-06-18T13:16:41.709+0400] {dagbag.py:545} INFO - Filling up the DagBag from /home/user/Desktop/airflowproj/py_env/lib/python3.10/site-packages/airflow/example_dags/example_task_group_decorator.py
[2024-06-18T13:16:41.715+0400] {processor.py:840} INFO - DAG(s) 'example_task_group_decorator' retrieved from /home/user/Desktop/airflowproj/py_env/lib/python3.10/site-packages/airflow/example_dags/example_task_group_decorator.py
[2024-06-18T13:16:41.724+0400] {logging_mixin.py:188} INFO - [2024-06-18T13:16:41.724+0400] {dag.py:3096} INFO - Sync 1 DAGs
[2024-06-18T13:16:41.733+0400] {logging_mixin.py:188} INFO - [2024-06-18T13:16:41.733+0400] {dag.py:3954} INFO - Setting next_dagrun for example_task_group_decorator to 2024-06-17 00:00:00+00:00, run_after=2024-06-18 00:00:00+00:00
[2024-06-18T13:16:41.747+0400] {processor.py:183} INFO - Processing /home/user/Desktop/airflowproj/py_env/lib/python3.10/site-packages/airflow/example_dags/example_task_group_decorator.py took 0.043 seconds
[2024-06-18T13:17:36.635+0400] {processor.py:161} INFO - Started process (PID=56217) to work on /home/user/Desktop/airflowproj/py_env/lib/python3.10/site-packages/airflow/example_dags/example_task_group_decorator.py
[2024-06-18T13:17:36.637+0400] {processor.py:830} INFO - Processing file /home/user/Desktop/airflowproj/py_env/lib/python3.10/site-packages/airflow/example_dags/example_task_group_decorator.py for tasks to queue
[2024-06-18T13:17:36.638+0400] {logging_mixin.py:188} INFO - [2024-06-18T13:17:36.638+0400] {dagbag.py:545} INFO - Filling up the DagBag from /home/user/Desktop/airflowproj/py_env/lib/python3.10/site-packages/airflow/example_dags/example_task_group_decorator.py
[2024-06-18T13:17:36.646+0400] {processor.py:840} INFO - DAG(s) 'example_task_group_decorator' retrieved from /home/user/Desktop/airflowproj/py_env/lib/python3.10/site-packages/airflow/example_dags/example_task_group_decorator.py
[2024-06-18T13:17:36.655+0400] {logging_mixin.py:188} INFO - [2024-06-18T13:17:36.655+0400] {dag.py:3096} INFO - Sync 1 DAGs
[2024-06-18T13:17:36.663+0400] {logging_mixin.py:188} INFO - [2024-06-18T13:17:36.663+0400] {dag.py:3954} INFO - Setting next_dagrun for example_task_group_decorator to 2024-06-17 00:00:00+00:00, run_after=2024-06-18 00:00:00+00:00
[2024-06-18T13:17:36.678+0400] {processor.py:183} INFO - Processing /home/user/Desktop/airflowproj/py_env/lib/python3.10/site-packages/airflow/example_dags/example_task_group_decorator.py took 0.048 seconds
[2024-06-18T13:18:37.047+0400] {processor.py:161} INFO - Started process (PID=56462) to work on /home/user/Desktop/airflowproj/py_env/lib/python3.10/site-packages/airflow/example_dags/example_task_group_decorator.py
[2024-06-18T13:18:37.049+0400] {processor.py:830} INFO - Processing file /home/user/Desktop/airflowproj/py_env/lib/python3.10/site-packages/airflow/example_dags/example_task_group_decorator.py for tasks to queue
[2024-06-18T13:18:37.050+0400] {logging_mixin.py:188} INFO - [2024-06-18T13:18:37.050+0400] {dagbag.py:545} INFO - Filling up the DagBag from /home/user/Desktop/airflowproj/py_env/lib/python3.10/site-packages/airflow/example_dags/example_task_group_decorator.py
[2024-06-18T13:18:37.057+0400] {processor.py:840} INFO - DAG(s) 'example_task_group_decorator' retrieved from /home/user/Desktop/airflowproj/py_env/lib/python3.10/site-packages/airflow/example_dags/example_task_group_decorator.py
[2024-06-18T13:18:37.066+0400] {logging_mixin.py:188} INFO - [2024-06-18T13:18:37.066+0400] {dag.py:3096} INFO - Sync 1 DAGs
[2024-06-18T13:18:37.075+0400] {logging_mixin.py:188} INFO - [2024-06-18T13:18:37.075+0400] {dag.py:3954} INFO - Setting next_dagrun for example_task_group_decorator to 2024-06-17 00:00:00+00:00, run_after=2024-06-18 00:00:00+00:00
[2024-06-18T13:18:37.088+0400] {processor.py:183} INFO - Processing /home/user/Desktop/airflowproj/py_env/lib/python3.10/site-packages/airflow/example_dags/example_task_group_decorator.py took 0.045 seconds
[2024-06-18T13:19:35.960+0400] {processor.py:161} INFO - Started process (PID=56661) to work on /home/user/Desktop/airflowproj/py_env/lib/python3.10/site-packages/airflow/example_dags/example_task_group_decorator.py
[2024-06-18T13:19:35.963+0400] {processor.py:830} INFO - Processing file /home/user/Desktop/airflowproj/py_env/lib/python3.10/site-packages/airflow/example_dags/example_task_group_decorator.py for tasks to queue
[2024-06-18T13:19:35.964+0400] {logging_mixin.py:188} INFO - [2024-06-18T13:19:35.964+0400] {dagbag.py:545} INFO - Filling up the DagBag from /home/user/Desktop/airflowproj/py_env/lib/python3.10/site-packages/airflow/example_dags/example_task_group_decorator.py
[2024-06-18T13:19:35.971+0400] {processor.py:840} INFO - DAG(s) 'example_task_group_decorator' retrieved from /home/user/Desktop/airflowproj/py_env/lib/python3.10/site-packages/airflow/example_dags/example_task_group_decorator.py
[2024-06-18T13:19:35.980+0400] {logging_mixin.py:188} INFO - [2024-06-18T13:19:35.980+0400] {dag.py:3096} INFO - Sync 1 DAGs
[2024-06-18T13:19:35.989+0400] {logging_mixin.py:188} INFO - [2024-06-18T13:19:35.989+0400] {dag.py:3954} INFO - Setting next_dagrun for example_task_group_decorator to 2024-06-17 00:00:00+00:00, run_after=2024-06-18 00:00:00+00:00
[2024-06-18T13:19:36.002+0400] {processor.py:183} INFO - Processing /home/user/Desktop/airflowproj/py_env/lib/python3.10/site-packages/airflow/example_dags/example_task_group_decorator.py took 0.047 seconds
[2024-06-18T13:20:34.795+0400] {processor.py:161} INFO - Started process (PID=56868) to work on /home/user/Desktop/airflowproj/py_env/lib/python3.10/site-packages/airflow/example_dags/example_task_group_decorator.py
[2024-06-18T13:20:34.795+0400] {processor.py:830} INFO - Processing file /home/user/Desktop/airflowproj/py_env/lib/python3.10/site-packages/airflow/example_dags/example_task_group_decorator.py for tasks to queue
[2024-06-18T13:20:34.796+0400] {logging_mixin.py:188} INFO - [2024-06-18T13:20:34.796+0400] {dagbag.py:545} INFO - Filling up the DagBag from /home/user/Desktop/airflowproj/py_env/lib/python3.10/site-packages/airflow/example_dags/example_task_group_decorator.py
[2024-06-18T13:20:34.803+0400] {processor.py:840} INFO - DAG(s) 'example_task_group_decorator' retrieved from /home/user/Desktop/airflowproj/py_env/lib/python3.10/site-packages/airflow/example_dags/example_task_group_decorator.py
[2024-06-18T13:20:34.813+0400] {logging_mixin.py:188} INFO - [2024-06-18T13:20:34.813+0400] {dag.py:3096} INFO - Sync 1 DAGs
[2024-06-18T13:20:34.822+0400] {logging_mixin.py:188} INFO - [2024-06-18T13:20:34.822+0400] {dag.py:3954} INFO - Setting next_dagrun for example_task_group_decorator to 2024-06-17 00:00:00+00:00, run_after=2024-06-18 00:00:00+00:00
[2024-06-18T13:20:34.835+0400] {processor.py:183} INFO - Processing /home/user/Desktop/airflowproj/py_env/lib/python3.10/site-packages/airflow/example_dags/example_task_group_decorator.py took 0.045 seconds
[2024-06-18T13:21:33.164+0400] {processor.py:161} INFO - Started process (PID=57068) to work on /home/user/Desktop/airflowproj/py_env/lib/python3.10/site-packages/airflow/example_dags/example_task_group_decorator.py
[2024-06-18T13:21:33.167+0400] {processor.py:830} INFO - Processing file /home/user/Desktop/airflowproj/py_env/lib/python3.10/site-packages/airflow/example_dags/example_task_group_decorator.py for tasks to queue
[2024-06-18T13:21:33.168+0400] {logging_mixin.py:188} INFO - [2024-06-18T13:21:33.168+0400] {dagbag.py:545} INFO - Filling up the DagBag from /home/user/Desktop/airflowproj/py_env/lib/python3.10/site-packages/airflow/example_dags/example_task_group_decorator.py
[2024-06-18T13:21:33.176+0400] {processor.py:840} INFO - DAG(s) 'example_task_group_decorator' retrieved from /home/user/Desktop/airflowproj/py_env/lib/python3.10/site-packages/airflow/example_dags/example_task_group_decorator.py
[2024-06-18T13:21:33.185+0400] {logging_mixin.py:188} INFO - [2024-06-18T13:21:33.185+0400] {dag.py:3096} INFO - Sync 1 DAGs
[2024-06-18T13:21:33.194+0400] {logging_mixin.py:188} INFO - [2024-06-18T13:21:33.194+0400] {dag.py:3954} INFO - Setting next_dagrun for example_task_group_decorator to 2024-06-17 00:00:00+00:00, run_after=2024-06-18 00:00:00+00:00
[2024-06-18T13:21:33.206+0400] {processor.py:183} INFO - Processing /home/user/Desktop/airflowproj/py_env/lib/python3.10/site-packages/airflow/example_dags/example_task_group_decorator.py took 0.047 seconds
[2024-06-18T13:22:34.850+0400] {processor.py:161} INFO - Started process (PID=57279) to work on /home/user/Desktop/airflowproj/py_env/lib/python3.10/site-packages/airflow/example_dags/example_task_group_decorator.py
[2024-06-18T13:22:34.852+0400] {processor.py:830} INFO - Processing file /home/user/Desktop/airflowproj/py_env/lib/python3.10/site-packages/airflow/example_dags/example_task_group_decorator.py for tasks to queue
[2024-06-18T13:22:34.853+0400] {logging_mixin.py:188} INFO - [2024-06-18T13:22:34.853+0400] {dagbag.py:545} INFO - Filling up the DagBag from /home/user/Desktop/airflowproj/py_env/lib/python3.10/site-packages/airflow/example_dags/example_task_group_decorator.py
[2024-06-18T13:22:34.859+0400] {processor.py:840} INFO - DAG(s) 'example_task_group_decorator' retrieved from /home/user/Desktop/airflowproj/py_env/lib/python3.10/site-packages/airflow/example_dags/example_task_group_decorator.py
[2024-06-18T13:22:34.868+0400] {logging_mixin.py:188} INFO - [2024-06-18T13:22:34.868+0400] {dag.py:3096} INFO - Sync 1 DAGs
[2024-06-18T13:22:34.876+0400] {logging_mixin.py:188} INFO - [2024-06-18T13:22:34.876+0400] {dag.py:3954} INFO - Setting next_dagrun for example_task_group_decorator to 2024-06-17 00:00:00+00:00, run_after=2024-06-18 00:00:00+00:00
[2024-06-18T13:22:34.889+0400] {processor.py:183} INFO - Processing /home/user/Desktop/airflowproj/py_env/lib/python3.10/site-packages/airflow/example_dags/example_task_group_decorator.py took 0.044 seconds
[2024-06-18T13:23:32.616+0400] {processor.py:161} INFO - Started process (PID=57508) to work on /home/user/Desktop/airflowproj/py_env/lib/python3.10/site-packages/airflow/example_dags/example_task_group_decorator.py
[2024-06-18T13:23:32.620+0400] {processor.py:830} INFO - Processing file /home/user/Desktop/airflowproj/py_env/lib/python3.10/site-packages/airflow/example_dags/example_task_group_decorator.py for tasks to queue
[2024-06-18T13:23:32.621+0400] {logging_mixin.py:188} INFO - [2024-06-18T13:23:32.621+0400] {dagbag.py:545} INFO - Filling up the DagBag from /home/user/Desktop/airflowproj/py_env/lib/python3.10/site-packages/airflow/example_dags/example_task_group_decorator.py
[2024-06-18T13:23:32.628+0400] {processor.py:840} INFO - DAG(s) 'example_task_group_decorator' retrieved from /home/user/Desktop/airflowproj/py_env/lib/python3.10/site-packages/airflow/example_dags/example_task_group_decorator.py
[2024-06-18T13:23:32.638+0400] {logging_mixin.py:188} INFO - [2024-06-18T13:23:32.638+0400] {dag.py:3096} INFO - Sync 1 DAGs
[2024-06-18T13:23:32.647+0400] {logging_mixin.py:188} INFO - [2024-06-18T13:23:32.647+0400] {dag.py:3954} INFO - Setting next_dagrun for example_task_group_decorator to 2024-06-17 00:00:00+00:00, run_after=2024-06-18 00:00:00+00:00
[2024-06-18T13:23:32.660+0400] {processor.py:183} INFO - Processing /home/user/Desktop/airflowproj/py_env/lib/python3.10/site-packages/airflow/example_dags/example_task_group_decorator.py took 0.048 seconds
[2024-06-18T13:24:29.987+0400] {processor.py:161} INFO - Started process (PID=57692) to work on /home/user/Desktop/airflowproj/py_env/lib/python3.10/site-packages/airflow/example_dags/example_task_group_decorator.py
[2024-06-18T13:24:29.990+0400] {processor.py:830} INFO - Processing file /home/user/Desktop/airflowproj/py_env/lib/python3.10/site-packages/airflow/example_dags/example_task_group_decorator.py for tasks to queue
[2024-06-18T13:24:29.990+0400] {logging_mixin.py:188} INFO - [2024-06-18T13:24:29.990+0400] {dagbag.py:545} INFO - Filling up the DagBag from /home/user/Desktop/airflowproj/py_env/lib/python3.10/site-packages/airflow/example_dags/example_task_group_decorator.py
[2024-06-18T13:24:29.998+0400] {processor.py:840} INFO - DAG(s) 'example_task_group_decorator' retrieved from /home/user/Desktop/airflowproj/py_env/lib/python3.10/site-packages/airflow/example_dags/example_task_group_decorator.py
[2024-06-18T13:24:30.007+0400] {logging_mixin.py:188} INFO - [2024-06-18T13:24:30.007+0400] {dag.py:3096} INFO - Sync 1 DAGs
[2024-06-18T13:24:30.016+0400] {logging_mixin.py:188} INFO - [2024-06-18T13:24:30.016+0400] {dag.py:3954} INFO - Setting next_dagrun for example_task_group_decorator to 2024-06-17 00:00:00+00:00, run_after=2024-06-18 00:00:00+00:00
[2024-06-18T13:24:30.031+0400] {processor.py:183} INFO - Processing /home/user/Desktop/airflowproj/py_env/lib/python3.10/site-packages/airflow/example_dags/example_task_group_decorator.py took 0.048 seconds
[2024-06-18T13:25:27.990+0400] {processor.py:161} INFO - Started process (PID=57895) to work on /home/user/Desktop/airflowproj/py_env/lib/python3.10/site-packages/airflow/example_dags/example_task_group_decorator.py
[2024-06-18T13:25:27.992+0400] {processor.py:830} INFO - Processing file /home/user/Desktop/airflowproj/py_env/lib/python3.10/site-packages/airflow/example_dags/example_task_group_decorator.py for tasks to queue
[2024-06-18T13:25:27.993+0400] {logging_mixin.py:188} INFO - [2024-06-18T13:25:27.993+0400] {dagbag.py:545} INFO - Filling up the DagBag from /home/user/Desktop/airflowproj/py_env/lib/python3.10/site-packages/airflow/example_dags/example_task_group_decorator.py
[2024-06-18T13:25:28.001+0400] {processor.py:840} INFO - DAG(s) 'example_task_group_decorator' retrieved from /home/user/Desktop/airflowproj/py_env/lib/python3.10/site-packages/airflow/example_dags/example_task_group_decorator.py
[2024-06-18T13:25:28.010+0400] {logging_mixin.py:188} INFO - [2024-06-18T13:25:28.010+0400] {dag.py:3096} INFO - Sync 1 DAGs
[2024-06-18T13:25:28.019+0400] {logging_mixin.py:188} INFO - [2024-06-18T13:25:28.019+0400] {dag.py:3954} INFO - Setting next_dagrun for example_task_group_decorator to 2024-06-17 00:00:00+00:00, run_after=2024-06-18 00:00:00+00:00
[2024-06-18T13:25:28.033+0400] {processor.py:183} INFO - Processing /home/user/Desktop/airflowproj/py_env/lib/python3.10/site-packages/airflow/example_dags/example_task_group_decorator.py took 0.048 seconds
[2024-06-18T13:26:26.322+0400] {processor.py:161} INFO - Started process (PID=58094) to work on /home/user/Desktop/airflowproj/py_env/lib/python3.10/site-packages/airflow/example_dags/example_task_group_decorator.py
[2024-06-18T13:26:26.324+0400] {processor.py:830} INFO - Processing file /home/user/Desktop/airflowproj/py_env/lib/python3.10/site-packages/airflow/example_dags/example_task_group_decorator.py for tasks to queue
[2024-06-18T13:26:26.326+0400] {logging_mixin.py:188} INFO - [2024-06-18T13:26:26.325+0400] {dagbag.py:545} INFO - Filling up the DagBag from /home/user/Desktop/airflowproj/py_env/lib/python3.10/site-packages/airflow/example_dags/example_task_group_decorator.py
[2024-06-18T13:26:26.336+0400] {processor.py:840} INFO - DAG(s) 'example_task_group_decorator' retrieved from /home/user/Desktop/airflowproj/py_env/lib/python3.10/site-packages/airflow/example_dags/example_task_group_decorator.py
[2024-06-18T13:26:26.345+0400] {logging_mixin.py:188} INFO - [2024-06-18T13:26:26.345+0400] {dag.py:3096} INFO - Sync 1 DAGs
[2024-06-18T13:26:26.355+0400] {logging_mixin.py:188} INFO - [2024-06-18T13:26:26.355+0400] {dag.py:3954} INFO - Setting next_dagrun for example_task_group_decorator to 2024-06-17 00:00:00+00:00, run_after=2024-06-18 00:00:00+00:00
[2024-06-18T13:26:26.367+0400] {processor.py:183} INFO - Processing /home/user/Desktop/airflowproj/py_env/lib/python3.10/site-packages/airflow/example_dags/example_task_group_decorator.py took 0.051 seconds
[2024-06-18T13:27:23.309+0400] {processor.py:161} INFO - Started process (PID=58285) to work on /home/user/Desktop/airflowproj/py_env/lib/python3.10/site-packages/airflow/example_dags/example_task_group_decorator.py
[2024-06-18T13:27:23.311+0400] {processor.py:830} INFO - Processing file /home/user/Desktop/airflowproj/py_env/lib/python3.10/site-packages/airflow/example_dags/example_task_group_decorator.py for tasks to queue
[2024-06-18T13:27:23.312+0400] {logging_mixin.py:188} INFO - [2024-06-18T13:27:23.312+0400] {dagbag.py:545} INFO - Filling up the DagBag from /home/user/Desktop/airflowproj/py_env/lib/python3.10/site-packages/airflow/example_dags/example_task_group_decorator.py
[2024-06-18T13:27:23.319+0400] {processor.py:840} INFO - DAG(s) 'example_task_group_decorator' retrieved from /home/user/Desktop/airflowproj/py_env/lib/python3.10/site-packages/airflow/example_dags/example_task_group_decorator.py
[2024-06-18T13:27:23.328+0400] {logging_mixin.py:188} INFO - [2024-06-18T13:27:23.328+0400] {dag.py:3096} INFO - Sync 1 DAGs
[2024-06-18T13:27:23.339+0400] {logging_mixin.py:188} INFO - [2024-06-18T13:27:23.339+0400] {dag.py:3954} INFO - Setting next_dagrun for example_task_group_decorator to 2024-06-17 00:00:00+00:00, run_after=2024-06-18 00:00:00+00:00
[2024-06-18T13:27:23.352+0400] {processor.py:183} INFO - Processing /home/user/Desktop/airflowproj/py_env/lib/python3.10/site-packages/airflow/example_dags/example_task_group_decorator.py took 0.049 seconds
[2024-06-18T13:28:19.506+0400] {processor.py:161} INFO - Started process (PID=58519) to work on /home/user/Desktop/airflowproj/py_env/lib/python3.10/site-packages/airflow/example_dags/example_task_group_decorator.py
[2024-06-18T13:28:19.509+0400] {processor.py:830} INFO - Processing file /home/user/Desktop/airflowproj/py_env/lib/python3.10/site-packages/airflow/example_dags/example_task_group_decorator.py for tasks to queue
[2024-06-18T13:28:19.510+0400] {logging_mixin.py:188} INFO - [2024-06-18T13:28:19.510+0400] {dagbag.py:545} INFO - Filling up the DagBag from /home/user/Desktop/airflowproj/py_env/lib/python3.10/site-packages/airflow/example_dags/example_task_group_decorator.py
[2024-06-18T13:28:19.517+0400] {processor.py:840} INFO - DAG(s) 'example_task_group_decorator' retrieved from /home/user/Desktop/airflowproj/py_env/lib/python3.10/site-packages/airflow/example_dags/example_task_group_decorator.py
[2024-06-18T13:28:19.527+0400] {logging_mixin.py:188} INFO - [2024-06-18T13:28:19.526+0400] {dag.py:3096} INFO - Sync 1 DAGs
[2024-06-18T13:28:19.535+0400] {logging_mixin.py:188} INFO - [2024-06-18T13:28:19.535+0400] {dag.py:3954} INFO - Setting next_dagrun for example_task_group_decorator to 2024-06-17 00:00:00+00:00, run_after=2024-06-18 00:00:00+00:00
[2024-06-18T13:28:19.549+0400] {processor.py:183} INFO - Processing /home/user/Desktop/airflowproj/py_env/lib/python3.10/site-packages/airflow/example_dags/example_task_group_decorator.py took 0.046 seconds
[2024-06-18T13:29:15.912+0400] {processor.py:161} INFO - Started process (PID=58720) to work on /home/user/Desktop/airflowproj/py_env/lib/python3.10/site-packages/airflow/example_dags/example_task_group_decorator.py
[2024-06-18T13:29:15.914+0400] {processor.py:830} INFO - Processing file /home/user/Desktop/airflowproj/py_env/lib/python3.10/site-packages/airflow/example_dags/example_task_group_decorator.py for tasks to queue
[2024-06-18T13:29:15.915+0400] {logging_mixin.py:188} INFO - [2024-06-18T13:29:15.915+0400] {dagbag.py:545} INFO - Filling up the DagBag from /home/user/Desktop/airflowproj/py_env/lib/python3.10/site-packages/airflow/example_dags/example_task_group_decorator.py
[2024-06-18T13:29:15.927+0400] {processor.py:840} INFO - DAG(s) 'example_task_group_decorator' retrieved from /home/user/Desktop/airflowproj/py_env/lib/python3.10/site-packages/airflow/example_dags/example_task_group_decorator.py
[2024-06-18T13:29:15.937+0400] {logging_mixin.py:188} INFO - [2024-06-18T13:29:15.937+0400] {dag.py:3096} INFO - Sync 1 DAGs
[2024-06-18T13:29:15.947+0400] {logging_mixin.py:188} INFO - [2024-06-18T13:29:15.947+0400] {dag.py:3954} INFO - Setting next_dagrun for example_task_group_decorator to 2024-06-17 00:00:00+00:00, run_after=2024-06-18 00:00:00+00:00
[2024-06-18T13:29:15.961+0400] {processor.py:183} INFO - Processing /home/user/Desktop/airflowproj/py_env/lib/python3.10/site-packages/airflow/example_dags/example_task_group_decorator.py took 0.054 seconds
[2024-06-18T13:30:12.547+0400] {processor.py:161} INFO - Started process (PID=58931) to work on /home/user/Desktop/airflowproj/py_env/lib/python3.10/site-packages/airflow/example_dags/example_task_group_decorator.py
[2024-06-18T13:30:12.550+0400] {processor.py:830} INFO - Processing file /home/user/Desktop/airflowproj/py_env/lib/python3.10/site-packages/airflow/example_dags/example_task_group_decorator.py for tasks to queue
[2024-06-18T13:30:12.551+0400] {logging_mixin.py:188} INFO - [2024-06-18T13:30:12.551+0400] {dagbag.py:545} INFO - Filling up the DagBag from /home/user/Desktop/airflowproj/py_env/lib/python3.10/site-packages/airflow/example_dags/example_task_group_decorator.py
[2024-06-18T13:30:12.558+0400] {processor.py:840} INFO - DAG(s) 'example_task_group_decorator' retrieved from /home/user/Desktop/airflowproj/py_env/lib/python3.10/site-packages/airflow/example_dags/example_task_group_decorator.py
[2024-06-18T13:30:12.568+0400] {logging_mixin.py:188} INFO - [2024-06-18T13:30:12.568+0400] {dag.py:3096} INFO - Sync 1 DAGs
[2024-06-18T13:30:12.577+0400] {logging_mixin.py:188} INFO - [2024-06-18T13:30:12.577+0400] {dag.py:3954} INFO - Setting next_dagrun for example_task_group_decorator to 2024-06-17 00:00:00+00:00, run_after=2024-06-18 00:00:00+00:00
[2024-06-18T13:30:12.590+0400] {processor.py:183} INFO - Processing /home/user/Desktop/airflowproj/py_env/lib/python3.10/site-packages/airflow/example_dags/example_task_group_decorator.py took 0.047 seconds
[2024-06-18T13:31:12.904+0400] {processor.py:161} INFO - Started process (PID=59200) to work on /home/user/Desktop/airflowproj/py_env/lib/python3.10/site-packages/airflow/example_dags/example_task_group_decorator.py
[2024-06-18T13:31:12.906+0400] {processor.py:830} INFO - Processing file /home/user/Desktop/airflowproj/py_env/lib/python3.10/site-packages/airflow/example_dags/example_task_group_decorator.py for tasks to queue
[2024-06-18T13:31:12.907+0400] {logging_mixin.py:188} INFO - [2024-06-18T13:31:12.906+0400] {dagbag.py:545} INFO - Filling up the DagBag from /home/user/Desktop/airflowproj/py_env/lib/python3.10/site-packages/airflow/example_dags/example_task_group_decorator.py
[2024-06-18T13:31:12.913+0400] {processor.py:840} INFO - DAG(s) 'example_task_group_decorator' retrieved from /home/user/Desktop/airflowproj/py_env/lib/python3.10/site-packages/airflow/example_dags/example_task_group_decorator.py
[2024-06-18T13:31:12.927+0400] {logging_mixin.py:188} INFO - [2024-06-18T13:31:12.926+0400] {dag.py:3096} INFO - Sync 1 DAGs
[2024-06-18T13:31:12.936+0400] {logging_mixin.py:188} INFO - [2024-06-18T13:31:12.936+0400] {dag.py:3954} INFO - Setting next_dagrun for example_task_group_decorator to 2024-06-17 00:00:00+00:00, run_after=2024-06-18 00:00:00+00:00
[2024-06-18T13:31:12.950+0400] {processor.py:183} INFO - Processing /home/user/Desktop/airflowproj/py_env/lib/python3.10/site-packages/airflow/example_dags/example_task_group_decorator.py took 0.050 seconds
[2024-06-18T13:31:56.827+0400] {processor.py:161} INFO - Started process (PID=59535) to work on /home/user/Desktop/airflowproj/py_env/lib/python3.10/site-packages/airflow/example_dags/example_task_group_decorator.py
[2024-06-18T13:31:56.828+0400] {processor.py:830} INFO - Processing file /home/user/Desktop/airflowproj/py_env/lib/python3.10/site-packages/airflow/example_dags/example_task_group_decorator.py for tasks to queue
[2024-06-18T13:31:56.828+0400] {logging_mixin.py:188} INFO - [2024-06-18T13:31:56.828+0400] {dagbag.py:545} INFO - Filling up the DagBag from /home/user/Desktop/airflowproj/py_env/lib/python3.10/site-packages/airflow/example_dags/example_task_group_decorator.py
[2024-06-18T13:31:56.836+0400] {processor.py:840} INFO - DAG(s) 'example_task_group_decorator' retrieved from /home/user/Desktop/airflowproj/py_env/lib/python3.10/site-packages/airflow/example_dags/example_task_group_decorator.py
[2024-06-18T13:31:56.846+0400] {logging_mixin.py:188} INFO - [2024-06-18T13:31:56.846+0400] {dag.py:3096} INFO - Sync 1 DAGs
[2024-06-18T13:31:56.856+0400] {logging_mixin.py:188} INFO - [2024-06-18T13:31:56.856+0400] {dag.py:3954} INFO - Setting next_dagrun for example_task_group_decorator to 2024-06-17 00:00:00+00:00, run_after=2024-06-18 00:00:00+00:00
[2024-06-18T13:31:56.871+0400] {processor.py:183} INFO - Processing /home/user/Desktop/airflowproj/py_env/lib/python3.10/site-packages/airflow/example_dags/example_task_group_decorator.py took 0.047 seconds
