[2024-06-18T12:40:16.918+0400] {processor.py:161} INFO - Started process (PID=45602) to work on /home/user/Desktop/airflowproj/py_env/lib/python3.10/site-packages/airflow/example_dags/example_dag_decorator.py
[2024-06-18T12:40:16.918+0400] {processor.py:830} INFO - Processing file /home/user/Desktop/airflowproj/py_env/lib/python3.10/site-packages/airflow/example_dags/example_dag_decorator.py for tasks to queue
[2024-06-18T12:40:16.920+0400] {logging_mixin.py:188} INFO - [2024-06-18T12:40:16.919+0400] {dagbag.py:545} INFO - Filling up the DagBag from /home/user/Desktop/airflowproj/py_env/lib/python3.10/site-packages/airflow/example_dags/example_dag_decorator.py
[2024-06-18T12:40:16.965+0400] {processor.py:840} INFO - DAG(s) 'example_dag_decorator' retrieved from /home/user/Desktop/airflowproj/py_env/lib/python3.10/site-packages/airflow/example_dags/example_dag_decorator.py
[2024-06-18T12:40:17.088+0400] {logging_mixin.py:188} INFO - [2024-06-18T12:40:17.087+0400] {override.py:1829} INFO - Created Permission View: can edit on DAG:example_dag_decorator
[2024-06-18T12:40:17.097+0400] {logging_mixin.py:188} INFO - [2024-06-18T12:40:17.097+0400] {override.py:1829} INFO - Created Permission View: can read on DAG:example_dag_decorator
[2024-06-18T12:40:17.104+0400] {logging_mixin.py:188} INFO - [2024-06-18T12:40:17.104+0400] {override.py:1829} INFO - Created Permission View: can delete on DAG:example_dag_decorator
[2024-06-18T12:40:17.105+0400] {logging_mixin.py:188} INFO - [2024-06-18T12:40:17.105+0400] {dag.py:3096} INFO - Sync 1 DAGs
[2024-06-18T12:40:17.109+0400] {logging_mixin.py:188} INFO - [2024-06-18T12:40:17.109+0400] {dag.py:3118} INFO - Creating ORM DAG for example_dag_decorator
[2024-06-18T12:40:17.110+0400] {logging_mixin.py:188} INFO - [2024-06-18T12:40:17.110+0400] {dag.py:3954} INFO - Setting next_dagrun for example_dag_decorator to None, run_after=None
[2024-06-18T12:40:17.125+0400] {processor.py:183} INFO - Processing /home/user/Desktop/airflowproj/py_env/lib/python3.10/site-packages/airflow/example_dags/example_dag_decorator.py took 0.214 seconds
[2024-06-18T12:42:52.690+0400] {processor.py:161} INFO - Started process (PID=46564) to work on /home/user/Desktop/airflowproj/py_env/lib/python3.10/site-packages/airflow/example_dags/example_dag_decorator.py
[2024-06-18T12:42:52.691+0400] {processor.py:830} INFO - Processing file /home/user/Desktop/airflowproj/py_env/lib/python3.10/site-packages/airflow/example_dags/example_dag_decorator.py for tasks to queue
[2024-06-18T12:42:52.692+0400] {logging_mixin.py:188} INFO - [2024-06-18T12:42:52.692+0400] {dagbag.py:545} INFO - Filling up the DagBag from /home/user/Desktop/airflowproj/py_env/lib/python3.10/site-packages/airflow/example_dags/example_dag_decorator.py
[2024-06-18T12:42:52.755+0400] {processor.py:840} INFO - DAG(s) 'example_dag_decorator' retrieved from /home/user/Desktop/airflowproj/py_env/lib/python3.10/site-packages/airflow/example_dags/example_dag_decorator.py
[2024-06-18T12:42:52.892+0400] {logging_mixin.py:188} INFO - [2024-06-18T12:42:52.892+0400] {dag.py:3096} INFO - Sync 1 DAGs
[2024-06-18T12:42:52.898+0400] {logging_mixin.py:188} INFO - [2024-06-18T12:42:52.898+0400] {dag.py:3954} INFO - Setting next_dagrun for example_dag_decorator to None, run_after=None
[2024-06-18T12:42:52.919+0400] {processor.py:183} INFO - Processing /home/user/Desktop/airflowproj/py_env/lib/python3.10/site-packages/airflow/example_dags/example_dag_decorator.py took 0.232 seconds
[2024-06-18T12:43:44.356+0400] {processor.py:161} INFO - Started process (PID=46743) to work on /home/user/Desktop/airflowproj/py_env/lib/python3.10/site-packages/airflow/example_dags/example_dag_decorator.py
[2024-06-18T12:43:44.358+0400] {processor.py:830} INFO - Processing file /home/user/Desktop/airflowproj/py_env/lib/python3.10/site-packages/airflow/example_dags/example_dag_decorator.py for tasks to queue
[2024-06-18T12:43:44.360+0400] {logging_mixin.py:188} INFO - [2024-06-18T12:43:44.359+0400] {dagbag.py:545} INFO - Filling up the DagBag from /home/user/Desktop/airflowproj/py_env/lib/python3.10/site-packages/airflow/example_dags/example_dag_decorator.py
[2024-06-18T12:43:44.446+0400] {processor.py:840} INFO - DAG(s) 'example_dag_decorator' retrieved from /home/user/Desktop/airflowproj/py_env/lib/python3.10/site-packages/airflow/example_dags/example_dag_decorator.py
[2024-06-18T12:43:44.486+0400] {logging_mixin.py:188} INFO - [2024-06-18T12:43:44.486+0400] {dag.py:3096} INFO - Sync 1 DAGs
[2024-06-18T12:43:44.490+0400] {logging_mixin.py:188} INFO - [2024-06-18T12:43:44.490+0400] {dag.py:3954} INFO - Setting next_dagrun for example_dag_decorator to None, run_after=None
[2024-06-18T12:43:44.502+0400] {processor.py:183} INFO - Processing /home/user/Desktop/airflowproj/py_env/lib/python3.10/site-packages/airflow/example_dags/example_dag_decorator.py took 0.150 seconds
[2024-06-18T12:44:37.040+0400] {processor.py:161} INFO - Started process (PID=46889) to work on /home/user/Desktop/airflowproj/py_env/lib/python3.10/site-packages/airflow/example_dags/example_dag_decorator.py
[2024-06-18T12:44:37.042+0400] {processor.py:830} INFO - Processing file /home/user/Desktop/airflowproj/py_env/lib/python3.10/site-packages/airflow/example_dags/example_dag_decorator.py for tasks to queue
[2024-06-18T12:44:37.043+0400] {logging_mixin.py:188} INFO - [2024-06-18T12:44:37.042+0400] {dagbag.py:545} INFO - Filling up the DagBag from /home/user/Desktop/airflowproj/py_env/lib/python3.10/site-packages/airflow/example_dags/example_dag_decorator.py
[2024-06-18T12:44:37.138+0400] {processor.py:840} INFO - DAG(s) 'example_dag_decorator' retrieved from /home/user/Desktop/airflowproj/py_env/lib/python3.10/site-packages/airflow/example_dags/example_dag_decorator.py
[2024-06-18T12:44:37.181+0400] {logging_mixin.py:188} INFO - [2024-06-18T12:44:37.181+0400] {dag.py:3096} INFO - Sync 1 DAGs
[2024-06-18T12:44:37.185+0400] {logging_mixin.py:188} INFO - [2024-06-18T12:44:37.185+0400] {dag.py:3954} INFO - Setting next_dagrun for example_dag_decorator to None, run_after=None
[2024-06-18T12:44:37.199+0400] {processor.py:183} INFO - Processing /home/user/Desktop/airflowproj/py_env/lib/python3.10/site-packages/airflow/example_dags/example_dag_decorator.py took 0.163 seconds
[2024-06-18T12:45:17.093+0400] {processor.py:161} INFO - Started process (PID=47000) to work on /home/user/Desktop/airflowproj/py_env/lib/python3.10/site-packages/airflow/example_dags/example_dag_decorator.py
[2024-06-18T12:45:17.095+0400] {processor.py:830} INFO - Processing file /home/user/Desktop/airflowproj/py_env/lib/python3.10/site-packages/airflow/example_dags/example_dag_decorator.py for tasks to queue
[2024-06-18T12:45:17.096+0400] {logging_mixin.py:188} INFO - [2024-06-18T12:45:17.096+0400] {dagbag.py:545} INFO - Filling up the DagBag from /home/user/Desktop/airflowproj/py_env/lib/python3.10/site-packages/airflow/example_dags/example_dag_decorator.py
[2024-06-18T12:45:17.140+0400] {processor.py:840} INFO - DAG(s) 'example_dag_decorator' retrieved from /home/user/Desktop/airflowproj/py_env/lib/python3.10/site-packages/airflow/example_dags/example_dag_decorator.py
[2024-06-18T12:45:17.189+0400] {logging_mixin.py:188} INFO - [2024-06-18T12:45:17.189+0400] {dag.py:3096} INFO - Sync 1 DAGs
[2024-06-18T12:45:17.194+0400] {logging_mixin.py:188} INFO - [2024-06-18T12:45:17.194+0400] {dag.py:3954} INFO - Setting next_dagrun for example_dag_decorator to None, run_after=None
[2024-06-18T12:45:17.208+0400] {processor.py:183} INFO - Processing /home/user/Desktop/airflowproj/py_env/lib/python3.10/site-packages/airflow/example_dags/example_dag_decorator.py took 0.120 seconds
[2024-06-18T12:45:59.983+0400] {processor.py:161} INFO - Started process (PID=47094) to work on /home/user/Desktop/airflowproj/py_env/lib/python3.10/site-packages/airflow/example_dags/example_dag_decorator.py
[2024-06-18T12:45:59.985+0400] {processor.py:830} INFO - Processing file /home/user/Desktop/airflowproj/py_env/lib/python3.10/site-packages/airflow/example_dags/example_dag_decorator.py for tasks to queue
[2024-06-18T12:45:59.986+0400] {logging_mixin.py:188} INFO - [2024-06-18T12:45:59.986+0400] {dagbag.py:545} INFO - Filling up the DagBag from /home/user/Desktop/airflowproj/py_env/lib/python3.10/site-packages/airflow/example_dags/example_dag_decorator.py
[2024-06-18T12:46:00.029+0400] {processor.py:840} INFO - DAG(s) 'example_dag_decorator' retrieved from /home/user/Desktop/airflowproj/py_env/lib/python3.10/site-packages/airflow/example_dags/example_dag_decorator.py
[2024-06-18T12:46:00.073+0400] {logging_mixin.py:188} INFO - [2024-06-18T12:46:00.073+0400] {dag.py:3096} INFO - Sync 1 DAGs
[2024-06-18T12:46:00.077+0400] {logging_mixin.py:188} INFO - [2024-06-18T12:46:00.077+0400] {dag.py:3954} INFO - Setting next_dagrun for example_dag_decorator to None, run_after=None
[2024-06-18T12:46:00.097+0400] {processor.py:183} INFO - Processing /home/user/Desktop/airflowproj/py_env/lib/python3.10/site-packages/airflow/example_dags/example_dag_decorator.py took 0.121 seconds
[2024-06-18T12:46:39.594+0400] {processor.py:161} INFO - Started process (PID=47286) to work on /home/user/Desktop/airflowproj/py_env/lib/python3.10/site-packages/airflow/example_dags/example_dag_decorator.py
[2024-06-18T12:46:39.595+0400] {processor.py:830} INFO - Processing file /home/user/Desktop/airflowproj/py_env/lib/python3.10/site-packages/airflow/example_dags/example_dag_decorator.py for tasks to queue
[2024-06-18T12:46:39.596+0400] {logging_mixin.py:188} INFO - [2024-06-18T12:46:39.596+0400] {dagbag.py:545} INFO - Filling up the DagBag from /home/user/Desktop/airflowproj/py_env/lib/python3.10/site-packages/airflow/example_dags/example_dag_decorator.py
[2024-06-18T12:46:39.633+0400] {processor.py:840} INFO - DAG(s) 'example_dag_decorator' retrieved from /home/user/Desktop/airflowproj/py_env/lib/python3.10/site-packages/airflow/example_dags/example_dag_decorator.py
[2024-06-18T12:46:39.642+0400] {logging_mixin.py:188} INFO - [2024-06-18T12:46:39.642+0400] {dag.py:3096} INFO - Sync 1 DAGs
[2024-06-18T12:46:39.647+0400] {logging_mixin.py:188} INFO - [2024-06-18T12:46:39.647+0400] {dag.py:3954} INFO - Setting next_dagrun for example_dag_decorator to None, run_after=None
[2024-06-18T12:46:39.660+0400] {processor.py:183} INFO - Processing /home/user/Desktop/airflowproj/py_env/lib/python3.10/site-packages/airflow/example_dags/example_dag_decorator.py took 0.069 seconds
[2024-06-18T12:47:18.752+0400] {processor.py:161} INFO - Started process (PID=47943) to work on /home/user/Desktop/airflowproj/py_env/lib/python3.10/site-packages/airflow/example_dags/example_dag_decorator.py
[2024-06-18T12:47:18.754+0400] {processor.py:830} INFO - Processing file /home/user/Desktop/airflowproj/py_env/lib/python3.10/site-packages/airflow/example_dags/example_dag_decorator.py for tasks to queue
[2024-06-18T12:47:18.755+0400] {logging_mixin.py:188} INFO - [2024-06-18T12:47:18.755+0400] {dagbag.py:545} INFO - Filling up the DagBag from /home/user/Desktop/airflowproj/py_env/lib/python3.10/site-packages/airflow/example_dags/example_dag_decorator.py
[2024-06-18T12:47:18.792+0400] {processor.py:840} INFO - DAG(s) 'example_dag_decorator' retrieved from /home/user/Desktop/airflowproj/py_env/lib/python3.10/site-packages/airflow/example_dags/example_dag_decorator.py
[2024-06-18T12:47:18.839+0400] {logging_mixin.py:188} INFO - [2024-06-18T12:47:18.839+0400] {dag.py:3096} INFO - Sync 1 DAGs
[2024-06-18T12:47:18.846+0400] {logging_mixin.py:188} INFO - [2024-06-18T12:47:18.846+0400] {dag.py:3954} INFO - Setting next_dagrun for example_dag_decorator to None, run_after=None
[2024-06-18T12:47:18.862+0400] {processor.py:183} INFO - Processing /home/user/Desktop/airflowproj/py_env/lib/python3.10/site-packages/airflow/example_dags/example_dag_decorator.py took 0.113 seconds
[2024-06-18T12:47:58.593+0400] {processor.py:161} INFO - Started process (PID=48175) to work on /home/user/Desktop/airflowproj/py_env/lib/python3.10/site-packages/airflow/example_dags/example_dag_decorator.py
[2024-06-18T12:47:58.595+0400] {processor.py:830} INFO - Processing file /home/user/Desktop/airflowproj/py_env/lib/python3.10/site-packages/airflow/example_dags/example_dag_decorator.py for tasks to queue
[2024-06-18T12:47:58.596+0400] {logging_mixin.py:188} INFO - [2024-06-18T12:47:58.596+0400] {dagbag.py:545} INFO - Filling up the DagBag from /home/user/Desktop/airflowproj/py_env/lib/python3.10/site-packages/airflow/example_dags/example_dag_decorator.py
[2024-06-18T12:47:58.639+0400] {processor.py:840} INFO - DAG(s) 'example_dag_decorator' retrieved from /home/user/Desktop/airflowproj/py_env/lib/python3.10/site-packages/airflow/example_dags/example_dag_decorator.py
[2024-06-18T12:47:58.690+0400] {logging_mixin.py:188} INFO - [2024-06-18T12:47:58.689+0400] {dag.py:3096} INFO - Sync 1 DAGs
[2024-06-18T12:47:58.696+0400] {logging_mixin.py:188} INFO - [2024-06-18T12:47:58.695+0400] {dag.py:3954} INFO - Setting next_dagrun for example_dag_decorator to None, run_after=None
[2024-06-18T12:47:58.712+0400] {processor.py:183} INFO - Processing /home/user/Desktop/airflowproj/py_env/lib/python3.10/site-packages/airflow/example_dags/example_dag_decorator.py took 0.124 seconds
[2024-06-18T12:48:48.957+0400] {processor.py:161} INFO - Started process (PID=48440) to work on /home/user/Desktop/airflowproj/py_env/lib/python3.10/site-packages/airflow/example_dags/example_dag_decorator.py
[2024-06-18T12:48:48.959+0400] {processor.py:830} INFO - Processing file /home/user/Desktop/airflowproj/py_env/lib/python3.10/site-packages/airflow/example_dags/example_dag_decorator.py for tasks to queue
[2024-06-18T12:48:48.961+0400] {logging_mixin.py:188} INFO - [2024-06-18T12:48:48.960+0400] {dagbag.py:545} INFO - Filling up the DagBag from /home/user/Desktop/airflowproj/py_env/lib/python3.10/site-packages/airflow/example_dags/example_dag_decorator.py
[2024-06-18T12:48:49.001+0400] {processor.py:840} INFO - DAG(s) 'example_dag_decorator' retrieved from /home/user/Desktop/airflowproj/py_env/lib/python3.10/site-packages/airflow/example_dags/example_dag_decorator.py
[2024-06-18T12:48:49.043+0400] {logging_mixin.py:188} INFO - [2024-06-18T12:48:49.043+0400] {dag.py:3096} INFO - Sync 1 DAGs
[2024-06-18T12:48:49.047+0400] {logging_mixin.py:188} INFO - [2024-06-18T12:48:49.047+0400] {dag.py:3954} INFO - Setting next_dagrun for example_dag_decorator to None, run_after=None
[2024-06-18T12:48:49.061+0400] {processor.py:183} INFO - Processing /home/user/Desktop/airflowproj/py_env/lib/python3.10/site-packages/airflow/example_dags/example_dag_decorator.py took 0.108 seconds
[2024-06-18T12:49:46.618+0400] {processor.py:161} INFO - Started process (PID=48692) to work on /home/user/Desktop/airflowproj/py_env/lib/python3.10/site-packages/airflow/example_dags/example_dag_decorator.py
[2024-06-18T12:49:46.620+0400] {processor.py:830} INFO - Processing file /home/user/Desktop/airflowproj/py_env/lib/python3.10/site-packages/airflow/example_dags/example_dag_decorator.py for tasks to queue
[2024-06-18T12:49:46.621+0400] {logging_mixin.py:188} INFO - [2024-06-18T12:49:46.621+0400] {dagbag.py:545} INFO - Filling up the DagBag from /home/user/Desktop/airflowproj/py_env/lib/python3.10/site-packages/airflow/example_dags/example_dag_decorator.py
[2024-06-18T12:49:46.664+0400] {processor.py:840} INFO - DAG(s) 'example_dag_decorator' retrieved from /home/user/Desktop/airflowproj/py_env/lib/python3.10/site-packages/airflow/example_dags/example_dag_decorator.py
[2024-06-18T12:49:46.673+0400] {logging_mixin.py:188} INFO - [2024-06-18T12:49:46.673+0400] {dag.py:3096} INFO - Sync 1 DAGs
[2024-06-18T12:49:46.679+0400] {logging_mixin.py:188} INFO - [2024-06-18T12:49:46.678+0400] {dag.py:3954} INFO - Setting next_dagrun for example_dag_decorator to None, run_after=None
[2024-06-18T12:49:46.691+0400] {processor.py:183} INFO - Processing /home/user/Desktop/airflowproj/py_env/lib/python3.10/site-packages/airflow/example_dags/example_dag_decorator.py took 0.077 seconds
[2024-06-18T12:50:26.634+0400] {processor.py:161} INFO - Started process (PID=48810) to work on /home/user/Desktop/airflowproj/py_env/lib/python3.10/site-packages/airflow/example_dags/example_dag_decorator.py
[2024-06-18T12:50:26.636+0400] {processor.py:830} INFO - Processing file /home/user/Desktop/airflowproj/py_env/lib/python3.10/site-packages/airflow/example_dags/example_dag_decorator.py for tasks to queue
[2024-06-18T12:50:26.638+0400] {logging_mixin.py:188} INFO - [2024-06-18T12:50:26.637+0400] {dagbag.py:545} INFO - Filling up the DagBag from /home/user/Desktop/airflowproj/py_env/lib/python3.10/site-packages/airflow/example_dags/example_dag_decorator.py
[2024-06-18T12:50:26.686+0400] {processor.py:840} INFO - DAG(s) 'example_dag_decorator' retrieved from /home/user/Desktop/airflowproj/py_env/lib/python3.10/site-packages/airflow/example_dags/example_dag_decorator.py
[2024-06-18T12:50:26.741+0400] {logging_mixin.py:188} INFO - [2024-06-18T12:50:26.741+0400] {dag.py:3096} INFO - Sync 1 DAGs
[2024-06-18T12:50:26.746+0400] {logging_mixin.py:188} INFO - [2024-06-18T12:50:26.746+0400] {dag.py:3954} INFO - Setting next_dagrun for example_dag_decorator to None, run_after=None
[2024-06-18T12:50:26.763+0400] {processor.py:183} INFO - Processing /home/user/Desktop/airflowproj/py_env/lib/python3.10/site-packages/airflow/example_dags/example_dag_decorator.py took 0.137 seconds
[2024-06-18T12:51:06.617+0400] {processor.py:161} INFO - Started process (PID=48912) to work on /home/user/Desktop/airflowproj/py_env/lib/python3.10/site-packages/airflow/example_dags/example_dag_decorator.py
[2024-06-18T12:51:06.619+0400] {processor.py:830} INFO - Processing file /home/user/Desktop/airflowproj/py_env/lib/python3.10/site-packages/airflow/example_dags/example_dag_decorator.py for tasks to queue
[2024-06-18T12:51:06.621+0400] {logging_mixin.py:188} INFO - [2024-06-18T12:51:06.620+0400] {dagbag.py:545} INFO - Filling up the DagBag from /home/user/Desktop/airflowproj/py_env/lib/python3.10/site-packages/airflow/example_dags/example_dag_decorator.py
[2024-06-18T12:51:06.658+0400] {processor.py:840} INFO - DAG(s) 'example_dag_decorator' retrieved from /home/user/Desktop/airflowproj/py_env/lib/python3.10/site-packages/airflow/example_dags/example_dag_decorator.py
[2024-06-18T12:51:06.703+0400] {logging_mixin.py:188} INFO - [2024-06-18T12:51:06.703+0400] {dag.py:3096} INFO - Sync 1 DAGs
[2024-06-18T12:51:06.707+0400] {logging_mixin.py:188} INFO - [2024-06-18T12:51:06.707+0400] {dag.py:3954} INFO - Setting next_dagrun for example_dag_decorator to None, run_after=None
[2024-06-18T12:51:06.720+0400] {processor.py:183} INFO - Processing /home/user/Desktop/airflowproj/py_env/lib/python3.10/site-packages/airflow/example_dags/example_dag_decorator.py took 0.107 seconds
[2024-06-18T12:51:45.721+0400] {processor.py:161} INFO - Started process (PID=49087) to work on /home/user/Desktop/airflowproj/py_env/lib/python3.10/site-packages/airflow/example_dags/example_dag_decorator.py
[2024-06-18T12:51:45.722+0400] {processor.py:830} INFO - Processing file /home/user/Desktop/airflowproj/py_env/lib/python3.10/site-packages/airflow/example_dags/example_dag_decorator.py for tasks to queue
[2024-06-18T12:51:45.723+0400] {logging_mixin.py:188} INFO - [2024-06-18T12:51:45.723+0400] {dagbag.py:545} INFO - Filling up the DagBag from /home/user/Desktop/airflowproj/py_env/lib/python3.10/site-packages/airflow/example_dags/example_dag_decorator.py
[2024-06-18T12:51:45.783+0400] {processor.py:840} INFO - DAG(s) 'example_dag_decorator' retrieved from /home/user/Desktop/airflowproj/py_env/lib/python3.10/site-packages/airflow/example_dags/example_dag_decorator.py
[2024-06-18T12:51:45.793+0400] {logging_mixin.py:188} INFO - [2024-06-18T12:51:45.793+0400] {dag.py:3096} INFO - Sync 1 DAGs
[2024-06-18T12:51:45.801+0400] {logging_mixin.py:188} INFO - [2024-06-18T12:51:45.801+0400] {dag.py:3954} INFO - Setting next_dagrun for example_dag_decorator to None, run_after=None
[2024-06-18T12:51:45.818+0400] {processor.py:183} INFO - Processing /home/user/Desktop/airflowproj/py_env/lib/python3.10/site-packages/airflow/example_dags/example_dag_decorator.py took 0.100 seconds
[2024-06-18T12:52:25.048+0400] {processor.py:161} INFO - Started process (PID=49212) to work on /home/user/Desktop/airflowproj/py_env/lib/python3.10/site-packages/airflow/example_dags/example_dag_decorator.py
[2024-06-18T12:52:25.050+0400] {processor.py:830} INFO - Processing file /home/user/Desktop/airflowproj/py_env/lib/python3.10/site-packages/airflow/example_dags/example_dag_decorator.py for tasks to queue
[2024-06-18T12:52:25.051+0400] {logging_mixin.py:188} INFO - [2024-06-18T12:52:25.051+0400] {dagbag.py:545} INFO - Filling up the DagBag from /home/user/Desktop/airflowproj/py_env/lib/python3.10/site-packages/airflow/example_dags/example_dag_decorator.py
[2024-06-18T12:52:25.096+0400] {processor.py:840} INFO - DAG(s) 'example_dag_decorator' retrieved from /home/user/Desktop/airflowproj/py_env/lib/python3.10/site-packages/airflow/example_dags/example_dag_decorator.py
[2024-06-18T12:52:25.106+0400] {logging_mixin.py:188} INFO - [2024-06-18T12:52:25.106+0400] {dag.py:3096} INFO - Sync 1 DAGs
[2024-06-18T12:52:25.113+0400] {logging_mixin.py:188} INFO - [2024-06-18T12:52:25.113+0400] {dag.py:3954} INFO - Setting next_dagrun for example_dag_decorator to None, run_after=None
[2024-06-18T12:52:25.128+0400] {processor.py:183} INFO - Processing /home/user/Desktop/airflowproj/py_env/lib/python3.10/site-packages/airflow/example_dags/example_dag_decorator.py took 0.085 seconds
[2024-06-18T12:53:04.461+0400] {processor.py:161} INFO - Started process (PID=49455) to work on /home/user/Desktop/airflowproj/py_env/lib/python3.10/site-packages/airflow/example_dags/example_dag_decorator.py
[2024-06-18T12:53:04.463+0400] {processor.py:830} INFO - Processing file /home/user/Desktop/airflowproj/py_env/lib/python3.10/site-packages/airflow/example_dags/example_dag_decorator.py for tasks to queue
[2024-06-18T12:53:04.464+0400] {logging_mixin.py:188} INFO - [2024-06-18T12:53:04.464+0400] {dagbag.py:545} INFO - Filling up the DagBag from /home/user/Desktop/airflowproj/py_env/lib/python3.10/site-packages/airflow/example_dags/example_dag_decorator.py
[2024-06-18T12:53:04.515+0400] {processor.py:840} INFO - DAG(s) 'example_dag_decorator' retrieved from /home/user/Desktop/airflowproj/py_env/lib/python3.10/site-packages/airflow/example_dags/example_dag_decorator.py
[2024-06-18T12:53:04.525+0400] {logging_mixin.py:188} INFO - [2024-06-18T12:53:04.525+0400] {dag.py:3096} INFO - Sync 1 DAGs
[2024-06-18T12:53:04.531+0400] {logging_mixin.py:188} INFO - [2024-06-18T12:53:04.531+0400] {dag.py:3954} INFO - Setting next_dagrun for example_dag_decorator to None, run_after=None
[2024-06-18T12:53:04.547+0400] {processor.py:183} INFO - Processing /home/user/Desktop/airflowproj/py_env/lib/python3.10/site-packages/airflow/example_dags/example_dag_decorator.py took 0.089 seconds
[2024-06-18T12:53:43.294+0400] {processor.py:161} INFO - Started process (PID=49594) to work on /home/user/Desktop/airflowproj/py_env/lib/python3.10/site-packages/airflow/example_dags/example_dag_decorator.py
[2024-06-18T12:53:43.297+0400] {processor.py:830} INFO - Processing file /home/user/Desktop/airflowproj/py_env/lib/python3.10/site-packages/airflow/example_dags/example_dag_decorator.py for tasks to queue
[2024-06-18T12:53:43.298+0400] {logging_mixin.py:188} INFO - [2024-06-18T12:53:43.298+0400] {dagbag.py:545} INFO - Filling up the DagBag from /home/user/Desktop/airflowproj/py_env/lib/python3.10/site-packages/airflow/example_dags/example_dag_decorator.py
[2024-06-18T12:53:43.341+0400] {processor.py:840} INFO - DAG(s) 'example_dag_decorator' retrieved from /home/user/Desktop/airflowproj/py_env/lib/python3.10/site-packages/airflow/example_dags/example_dag_decorator.py
[2024-06-18T12:53:43.394+0400] {logging_mixin.py:188} INFO - [2024-06-18T12:53:43.394+0400] {dag.py:3096} INFO - Sync 1 DAGs
[2024-06-18T12:53:43.398+0400] {logging_mixin.py:188} INFO - [2024-06-18T12:53:43.398+0400] {dag.py:3954} INFO - Setting next_dagrun for example_dag_decorator to None, run_after=None
[2024-06-18T12:53:43.413+0400] {processor.py:183} INFO - Processing /home/user/Desktop/airflowproj/py_env/lib/python3.10/site-packages/airflow/example_dags/example_dag_decorator.py took 0.124 seconds
[2024-06-18T12:54:21.604+0400] {processor.py:161} INFO - Started process (PID=49677) to work on /home/user/Desktop/airflowproj/py_env/lib/python3.10/site-packages/airflow/example_dags/example_dag_decorator.py
[2024-06-18T12:54:21.606+0400] {processor.py:830} INFO - Processing file /home/user/Desktop/airflowproj/py_env/lib/python3.10/site-packages/airflow/example_dags/example_dag_decorator.py for tasks to queue
[2024-06-18T12:54:21.607+0400] {logging_mixin.py:188} INFO - [2024-06-18T12:54:21.607+0400] {dagbag.py:545} INFO - Filling up the DagBag from /home/user/Desktop/airflowproj/py_env/lib/python3.10/site-packages/airflow/example_dags/example_dag_decorator.py
[2024-06-18T12:54:21.650+0400] {processor.py:840} INFO - DAG(s) 'example_dag_decorator' retrieved from /home/user/Desktop/airflowproj/py_env/lib/python3.10/site-packages/airflow/example_dags/example_dag_decorator.py
[2024-06-18T12:54:21.696+0400] {logging_mixin.py:188} INFO - [2024-06-18T12:54:21.696+0400] {dag.py:3096} INFO - Sync 1 DAGs
[2024-06-18T12:54:21.701+0400] {logging_mixin.py:188} INFO - [2024-06-18T12:54:21.701+0400] {dag.py:3954} INFO - Setting next_dagrun for example_dag_decorator to None, run_after=None
[2024-06-18T12:54:21.717+0400] {processor.py:183} INFO - Processing /home/user/Desktop/airflowproj/py_env/lib/python3.10/site-packages/airflow/example_dags/example_dag_decorator.py took 0.116 seconds
[2024-06-18T12:55:00.422+0400] {processor.py:161} INFO - Started process (PID=49762) to work on /home/user/Desktop/airflowproj/py_env/lib/python3.10/site-packages/airflow/example_dags/example_dag_decorator.py
[2024-06-18T12:55:00.424+0400] {processor.py:830} INFO - Processing file /home/user/Desktop/airflowproj/py_env/lib/python3.10/site-packages/airflow/example_dags/example_dag_decorator.py for tasks to queue
[2024-06-18T12:55:00.425+0400] {logging_mixin.py:188} INFO - [2024-06-18T12:55:00.425+0400] {dagbag.py:545} INFO - Filling up the DagBag from /home/user/Desktop/airflowproj/py_env/lib/python3.10/site-packages/airflow/example_dags/example_dag_decorator.py
[2024-06-18T12:55:00.464+0400] {processor.py:840} INFO - DAG(s) 'example_dag_decorator' retrieved from /home/user/Desktop/airflowproj/py_env/lib/python3.10/site-packages/airflow/example_dags/example_dag_decorator.py
[2024-06-18T12:55:00.472+0400] {logging_mixin.py:188} INFO - [2024-06-18T12:55:00.472+0400] {dag.py:3096} INFO - Sync 1 DAGs
[2024-06-18T12:55:00.478+0400] {logging_mixin.py:188} INFO - [2024-06-18T12:55:00.478+0400] {dag.py:3954} INFO - Setting next_dagrun for example_dag_decorator to None, run_after=None
[2024-06-18T12:55:00.491+0400] {processor.py:183} INFO - Processing /home/user/Desktop/airflowproj/py_env/lib/python3.10/site-packages/airflow/example_dags/example_dag_decorator.py took 0.073 seconds
[2024-06-18T12:55:39.254+0400] {processor.py:161} INFO - Started process (PID=50037) to work on /home/user/Desktop/airflowproj/py_env/lib/python3.10/site-packages/airflow/example_dags/example_dag_decorator.py
[2024-06-18T12:55:39.255+0400] {processor.py:830} INFO - Processing file /home/user/Desktop/airflowproj/py_env/lib/python3.10/site-packages/airflow/example_dags/example_dag_decorator.py for tasks to queue
[2024-06-18T12:55:39.257+0400] {logging_mixin.py:188} INFO - [2024-06-18T12:55:39.256+0400] {dagbag.py:545} INFO - Filling up the DagBag from /home/user/Desktop/airflowproj/py_env/lib/python3.10/site-packages/airflow/example_dags/example_dag_decorator.py
[2024-06-18T12:55:39.311+0400] {processor.py:840} INFO - DAG(s) 'example_dag_decorator' retrieved from /home/user/Desktop/airflowproj/py_env/lib/python3.10/site-packages/airflow/example_dags/example_dag_decorator.py
[2024-06-18T12:55:39.364+0400] {logging_mixin.py:188} INFO - [2024-06-18T12:55:39.364+0400] {dag.py:3096} INFO - Sync 1 DAGs
[2024-06-18T12:55:39.369+0400] {logging_mixin.py:188} INFO - [2024-06-18T12:55:39.369+0400] {dag.py:3954} INFO - Setting next_dagrun for example_dag_decorator to None, run_after=None
[2024-06-18T12:55:39.384+0400] {processor.py:183} INFO - Processing /home/user/Desktop/airflowproj/py_env/lib/python3.10/site-packages/airflow/example_dags/example_dag_decorator.py took 0.135 seconds
[2024-06-18T12:56:37.032+0400] {processor.py:161} INFO - Started process (PID=50266) to work on /home/user/Desktop/airflowproj/py_env/lib/python3.10/site-packages/airflow/example_dags/example_dag_decorator.py
[2024-06-18T12:56:37.035+0400] {processor.py:830} INFO - Processing file /home/user/Desktop/airflowproj/py_env/lib/python3.10/site-packages/airflow/example_dags/example_dag_decorator.py for tasks to queue
[2024-06-18T12:56:37.036+0400] {logging_mixin.py:188} INFO - [2024-06-18T12:56:37.035+0400] {dagbag.py:545} INFO - Filling up the DagBag from /home/user/Desktop/airflowproj/py_env/lib/python3.10/site-packages/airflow/example_dags/example_dag_decorator.py
[2024-06-18T12:56:37.077+0400] {processor.py:840} INFO - DAG(s) 'example_dag_decorator' retrieved from /home/user/Desktop/airflowproj/py_env/lib/python3.10/site-packages/airflow/example_dags/example_dag_decorator.py
[2024-06-18T12:56:37.124+0400] {logging_mixin.py:188} INFO - [2024-06-18T12:56:37.124+0400] {dag.py:3096} INFO - Sync 1 DAGs
[2024-06-18T12:56:37.129+0400] {logging_mixin.py:188} INFO - [2024-06-18T12:56:37.129+0400] {dag.py:3954} INFO - Setting next_dagrun for example_dag_decorator to None, run_after=None
[2024-06-18T12:56:37.144+0400] {processor.py:183} INFO - Processing /home/user/Desktop/airflowproj/py_env/lib/python3.10/site-packages/airflow/example_dags/example_dag_decorator.py took 0.116 seconds
[2024-06-18T12:57:16.691+0400] {processor.py:161} INFO - Started process (PID=50380) to work on /home/user/Desktop/airflowproj/py_env/lib/python3.10/site-packages/airflow/example_dags/example_dag_decorator.py
[2024-06-18T12:57:16.693+0400] {processor.py:830} INFO - Processing file /home/user/Desktop/airflowproj/py_env/lib/python3.10/site-packages/airflow/example_dags/example_dag_decorator.py for tasks to queue
[2024-06-18T12:57:16.694+0400] {logging_mixin.py:188} INFO - [2024-06-18T12:57:16.693+0400] {dagbag.py:545} INFO - Filling up the DagBag from /home/user/Desktop/airflowproj/py_env/lib/python3.10/site-packages/airflow/example_dags/example_dag_decorator.py
[2024-06-18T12:57:16.733+0400] {processor.py:840} INFO - DAG(s) 'example_dag_decorator' retrieved from /home/user/Desktop/airflowproj/py_env/lib/python3.10/site-packages/airflow/example_dags/example_dag_decorator.py
[2024-06-18T12:57:16.776+0400] {logging_mixin.py:188} INFO - [2024-06-18T12:57:16.776+0400] {dag.py:3096} INFO - Sync 1 DAGs
[2024-06-18T12:57:16.781+0400] {logging_mixin.py:188} INFO - [2024-06-18T12:57:16.781+0400] {dag.py:3954} INFO - Setting next_dagrun for example_dag_decorator to None, run_after=None
[2024-06-18T12:57:16.795+0400] {processor.py:183} INFO - Processing /home/user/Desktop/airflowproj/py_env/lib/python3.10/site-packages/airflow/example_dags/example_dag_decorator.py took 0.108 seconds
[2024-06-18T12:57:57.543+0400] {processor.py:161} INFO - Started process (PID=50612) to work on /home/user/Desktop/airflowproj/py_env/lib/python3.10/site-packages/airflow/example_dags/example_dag_decorator.py
[2024-06-18T12:57:57.545+0400] {processor.py:830} INFO - Processing file /home/user/Desktop/airflowproj/py_env/lib/python3.10/site-packages/airflow/example_dags/example_dag_decorator.py for tasks to queue
[2024-06-18T12:57:57.547+0400] {logging_mixin.py:188} INFO - [2024-06-18T12:57:57.547+0400] {dagbag.py:545} INFO - Filling up the DagBag from /home/user/Desktop/airflowproj/py_env/lib/python3.10/site-packages/airflow/example_dags/example_dag_decorator.py
[2024-06-18T12:57:57.589+0400] {processor.py:840} INFO - DAG(s) 'example_dag_decorator' retrieved from /home/user/Desktop/airflowproj/py_env/lib/python3.10/site-packages/airflow/example_dags/example_dag_decorator.py
[2024-06-18T12:57:57.640+0400] {logging_mixin.py:188} INFO - [2024-06-18T12:57:57.639+0400] {dag.py:3096} INFO - Sync 1 DAGs
[2024-06-18T12:57:57.644+0400] {logging_mixin.py:188} INFO - [2024-06-18T12:57:57.643+0400] {dag.py:3954} INFO - Setting next_dagrun for example_dag_decorator to None, run_after=None
[2024-06-18T12:57:57.658+0400] {processor.py:183} INFO - Processing /home/user/Desktop/airflowproj/py_env/lib/python3.10/site-packages/airflow/example_dags/example_dag_decorator.py took 0.121 seconds
[2024-06-18T12:58:36.406+0400] {processor.py:161} INFO - Started process (PID=51040) to work on /home/user/Desktop/airflowproj/py_env/lib/python3.10/site-packages/airflow/example_dags/example_dag_decorator.py
[2024-06-18T12:58:36.408+0400] {processor.py:830} INFO - Processing file /home/user/Desktop/airflowproj/py_env/lib/python3.10/site-packages/airflow/example_dags/example_dag_decorator.py for tasks to queue
[2024-06-18T12:58:36.409+0400] {logging_mixin.py:188} INFO - [2024-06-18T12:58:36.409+0400] {dagbag.py:545} INFO - Filling up the DagBag from /home/user/Desktop/airflowproj/py_env/lib/python3.10/site-packages/airflow/example_dags/example_dag_decorator.py
[2024-06-18T12:58:36.459+0400] {processor.py:840} INFO - DAG(s) 'example_dag_decorator' retrieved from /home/user/Desktop/airflowproj/py_env/lib/python3.10/site-packages/airflow/example_dags/example_dag_decorator.py
[2024-06-18T12:58:36.505+0400] {logging_mixin.py:188} INFO - [2024-06-18T12:58:36.505+0400] {dag.py:3096} INFO - Sync 1 DAGs
[2024-06-18T12:58:36.512+0400] {logging_mixin.py:188} INFO - [2024-06-18T12:58:36.512+0400] {dag.py:3954} INFO - Setting next_dagrun for example_dag_decorator to None, run_after=None
[2024-06-18T12:58:36.530+0400] {processor.py:183} INFO - Processing /home/user/Desktop/airflowproj/py_env/lib/python3.10/site-packages/airflow/example_dags/example_dag_decorator.py took 0.129 seconds
[2024-06-18T12:59:15.054+0400] {processor.py:161} INFO - Started process (PID=51292) to work on /home/user/Desktop/airflowproj/py_env/lib/python3.10/site-packages/airflow/example_dags/example_dag_decorator.py
[2024-06-18T12:59:15.056+0400] {processor.py:830} INFO - Processing file /home/user/Desktop/airflowproj/py_env/lib/python3.10/site-packages/airflow/example_dags/example_dag_decorator.py for tasks to queue
[2024-06-18T12:59:15.057+0400] {logging_mixin.py:188} INFO - [2024-06-18T12:59:15.057+0400] {dagbag.py:545} INFO - Filling up the DagBag from /home/user/Desktop/airflowproj/py_env/lib/python3.10/site-packages/airflow/example_dags/example_dag_decorator.py
[2024-06-18T12:59:15.095+0400] {processor.py:840} INFO - DAG(s) 'example_dag_decorator' retrieved from /home/user/Desktop/airflowproj/py_env/lib/python3.10/site-packages/airflow/example_dags/example_dag_decorator.py
[2024-06-18T12:59:15.146+0400] {logging_mixin.py:188} INFO - [2024-06-18T12:59:15.146+0400] {dag.py:3096} INFO - Sync 1 DAGs
[2024-06-18T12:59:15.151+0400] {logging_mixin.py:188} INFO - [2024-06-18T12:59:15.151+0400] {dag.py:3954} INFO - Setting next_dagrun for example_dag_decorator to None, run_after=None
[2024-06-18T12:59:15.171+0400] {processor.py:183} INFO - Processing /home/user/Desktop/airflowproj/py_env/lib/python3.10/site-packages/airflow/example_dags/example_dag_decorator.py took 0.120 seconds
[2024-06-18T12:59:52.330+0400] {processor.py:161} INFO - Started process (PID=51507) to work on /home/user/Desktop/airflowproj/py_env/lib/python3.10/site-packages/airflow/example_dags/example_dag_decorator.py
[2024-06-18T12:59:52.332+0400] {processor.py:830} INFO - Processing file /home/user/Desktop/airflowproj/py_env/lib/python3.10/site-packages/airflow/example_dags/example_dag_decorator.py for tasks to queue
[2024-06-18T12:59:52.333+0400] {logging_mixin.py:188} INFO - [2024-06-18T12:59:52.333+0400] {dagbag.py:545} INFO - Filling up the DagBag from /home/user/Desktop/airflowproj/py_env/lib/python3.10/site-packages/airflow/example_dags/example_dag_decorator.py
[2024-06-18T12:59:52.380+0400] {processor.py:840} INFO - DAG(s) 'example_dag_decorator' retrieved from /home/user/Desktop/airflowproj/py_env/lib/python3.10/site-packages/airflow/example_dags/example_dag_decorator.py
[2024-06-18T12:59:52.425+0400] {logging_mixin.py:188} INFO - [2024-06-18T12:59:52.425+0400] {dag.py:3096} INFO - Sync 1 DAGs
[2024-06-18T12:59:52.429+0400] {logging_mixin.py:188} INFO - [2024-06-18T12:59:52.429+0400] {dag.py:3954} INFO - Setting next_dagrun for example_dag_decorator to None, run_after=None
[2024-06-18T12:59:52.444+0400] {processor.py:183} INFO - Processing /home/user/Desktop/airflowproj/py_env/lib/python3.10/site-packages/airflow/example_dags/example_dag_decorator.py took 0.118 seconds
[2024-06-18T13:00:47.809+0400] {processor.py:161} INFO - Started process (PID=51876) to work on /home/user/Desktop/airflowproj/py_env/lib/python3.10/site-packages/airflow/example_dags/example_dag_decorator.py
[2024-06-18T13:00:47.811+0400] {processor.py:830} INFO - Processing file /home/user/Desktop/airflowproj/py_env/lib/python3.10/site-packages/airflow/example_dags/example_dag_decorator.py for tasks to queue
[2024-06-18T13:00:47.812+0400] {logging_mixin.py:188} INFO - [2024-06-18T13:00:47.811+0400] {dagbag.py:545} INFO - Filling up the DagBag from /home/user/Desktop/airflowproj/py_env/lib/python3.10/site-packages/airflow/example_dags/example_dag_decorator.py
[2024-06-18T13:00:47.855+0400] {processor.py:840} INFO - DAG(s) 'example_dag_decorator' retrieved from /home/user/Desktop/airflowproj/py_env/lib/python3.10/site-packages/airflow/example_dags/example_dag_decorator.py
[2024-06-18T13:00:47.909+0400] {logging_mixin.py:188} INFO - [2024-06-18T13:00:47.908+0400] {dag.py:3096} INFO - Sync 1 DAGs
[2024-06-18T13:00:47.916+0400] {logging_mixin.py:188} INFO - [2024-06-18T13:00:47.915+0400] {dag.py:3954} INFO - Setting next_dagrun for example_dag_decorator to None, run_after=None
[2024-06-18T13:00:47.933+0400] {processor.py:183} INFO - Processing /home/user/Desktop/airflowproj/py_env/lib/python3.10/site-packages/airflow/example_dags/example_dag_decorator.py took 0.128 seconds
[2024-06-18T13:01:28.432+0400] {processor.py:161} INFO - Started process (PID=52115) to work on /home/user/Desktop/airflowproj/py_env/lib/python3.10/site-packages/airflow/example_dags/example_dag_decorator.py
[2024-06-18T13:01:28.432+0400] {processor.py:830} INFO - Processing file /home/user/Desktop/airflowproj/py_env/lib/python3.10/site-packages/airflow/example_dags/example_dag_decorator.py for tasks to queue
[2024-06-18T13:01:28.434+0400] {logging_mixin.py:188} INFO - [2024-06-18T13:01:28.433+0400] {dagbag.py:545} INFO - Filling up the DagBag from /home/user/Desktop/airflowproj/py_env/lib/python3.10/site-packages/airflow/example_dags/example_dag_decorator.py
[2024-06-18T13:01:28.472+0400] {processor.py:840} INFO - DAG(s) 'example_dag_decorator' retrieved from /home/user/Desktop/airflowproj/py_env/lib/python3.10/site-packages/airflow/example_dags/example_dag_decorator.py
[2024-06-18T13:01:28.516+0400] {logging_mixin.py:188} INFO - [2024-06-18T13:01:28.516+0400] {dag.py:3096} INFO - Sync 1 DAGs
[2024-06-18T13:01:28.520+0400] {logging_mixin.py:188} INFO - [2024-06-18T13:01:28.520+0400] {dag.py:3954} INFO - Setting next_dagrun for example_dag_decorator to None, run_after=None
[2024-06-18T13:01:28.536+0400] {processor.py:183} INFO - Processing /home/user/Desktop/airflowproj/py_env/lib/python3.10/site-packages/airflow/example_dags/example_dag_decorator.py took 0.109 seconds
[2024-06-18T13:02:07.190+0400] {processor.py:161} INFO - Started process (PID=52724) to work on /home/user/Desktop/airflowproj/py_env/lib/python3.10/site-packages/airflow/example_dags/example_dag_decorator.py
[2024-06-18T13:02:07.192+0400] {processor.py:830} INFO - Processing file /home/user/Desktop/airflowproj/py_env/lib/python3.10/site-packages/airflow/example_dags/example_dag_decorator.py for tasks to queue
[2024-06-18T13:02:07.193+0400] {logging_mixin.py:188} INFO - [2024-06-18T13:02:07.193+0400] {dagbag.py:545} INFO - Filling up the DagBag from /home/user/Desktop/airflowproj/py_env/lib/python3.10/site-packages/airflow/example_dags/example_dag_decorator.py
[2024-06-18T13:02:07.241+0400] {processor.py:840} INFO - DAG(s) 'example_dag_decorator' retrieved from /home/user/Desktop/airflowproj/py_env/lib/python3.10/site-packages/airflow/example_dags/example_dag_decorator.py
[2024-06-18T13:02:07.290+0400] {logging_mixin.py:188} INFO - [2024-06-18T13:02:07.289+0400] {dag.py:3096} INFO - Sync 1 DAGs
[2024-06-18T13:02:07.294+0400] {logging_mixin.py:188} INFO - [2024-06-18T13:02:07.294+0400] {dag.py:3954} INFO - Setting next_dagrun for example_dag_decorator to None, run_after=None
[2024-06-18T13:02:07.310+0400] {processor.py:183} INFO - Processing /home/user/Desktop/airflowproj/py_env/lib/python3.10/site-packages/airflow/example_dags/example_dag_decorator.py took 0.124 seconds
[2024-06-18T13:02:48.353+0400] {processor.py:161} INFO - Started process (PID=52975) to work on /home/user/Desktop/airflowproj/py_env/lib/python3.10/site-packages/airflow/example_dags/example_dag_decorator.py
[2024-06-18T13:02:48.354+0400] {processor.py:830} INFO - Processing file /home/user/Desktop/airflowproj/py_env/lib/python3.10/site-packages/airflow/example_dags/example_dag_decorator.py for tasks to queue
[2024-06-18T13:02:48.356+0400] {logging_mixin.py:188} INFO - [2024-06-18T13:02:48.355+0400] {dagbag.py:545} INFO - Filling up the DagBag from /home/user/Desktop/airflowproj/py_env/lib/python3.10/site-packages/airflow/example_dags/example_dag_decorator.py
[2024-06-18T13:02:48.396+0400] {processor.py:840} INFO - DAG(s) 'example_dag_decorator' retrieved from /home/user/Desktop/airflowproj/py_env/lib/python3.10/site-packages/airflow/example_dags/example_dag_decorator.py
[2024-06-18T13:02:48.444+0400] {logging_mixin.py:188} INFO - [2024-06-18T13:02:48.444+0400] {dag.py:3096} INFO - Sync 1 DAGs
[2024-06-18T13:02:48.448+0400] {logging_mixin.py:188} INFO - [2024-06-18T13:02:48.448+0400] {dag.py:3954} INFO - Setting next_dagrun for example_dag_decorator to None, run_after=None
[2024-06-18T13:02:48.464+0400] {processor.py:183} INFO - Processing /home/user/Desktop/airflowproj/py_env/lib/python3.10/site-packages/airflow/example_dags/example_dag_decorator.py took 0.115 seconds
[2024-06-18T13:03:44.062+0400] {processor.py:161} INFO - Started process (PID=53169) to work on /home/user/Desktop/airflowproj/py_env/lib/python3.10/site-packages/airflow/example_dags/example_dag_decorator.py
[2024-06-18T13:03:44.064+0400] {processor.py:830} INFO - Processing file /home/user/Desktop/airflowproj/py_env/lib/python3.10/site-packages/airflow/example_dags/example_dag_decorator.py for tasks to queue
[2024-06-18T13:03:44.065+0400] {logging_mixin.py:188} INFO - [2024-06-18T13:03:44.065+0400] {dagbag.py:545} INFO - Filling up the DagBag from /home/user/Desktop/airflowproj/py_env/lib/python3.10/site-packages/airflow/example_dags/example_dag_decorator.py
[2024-06-18T13:03:44.105+0400] {processor.py:840} INFO - DAG(s) 'example_dag_decorator' retrieved from /home/user/Desktop/airflowproj/py_env/lib/python3.10/site-packages/airflow/example_dags/example_dag_decorator.py
[2024-06-18T13:03:44.153+0400] {logging_mixin.py:188} INFO - [2024-06-18T13:03:44.153+0400] {dag.py:3096} INFO - Sync 1 DAGs
[2024-06-18T13:03:44.159+0400] {logging_mixin.py:188} INFO - [2024-06-18T13:03:44.158+0400] {dag.py:3954} INFO - Setting next_dagrun for example_dag_decorator to None, run_after=None
[2024-06-18T13:03:44.172+0400] {processor.py:183} INFO - Processing /home/user/Desktop/airflowproj/py_env/lib/python3.10/site-packages/airflow/example_dags/example_dag_decorator.py took 0.113 seconds
[2024-06-18T13:04:22.697+0400] {processor.py:161} INFO - Started process (PID=53311) to work on /home/user/Desktop/airflowproj/py_env/lib/python3.10/site-packages/airflow/example_dags/example_dag_decorator.py
[2024-06-18T13:04:22.700+0400] {processor.py:830} INFO - Processing file /home/user/Desktop/airflowproj/py_env/lib/python3.10/site-packages/airflow/example_dags/example_dag_decorator.py for tasks to queue
[2024-06-18T13:04:22.701+0400] {logging_mixin.py:188} INFO - [2024-06-18T13:04:22.701+0400] {dagbag.py:545} INFO - Filling up the DagBag from /home/user/Desktop/airflowproj/py_env/lib/python3.10/site-packages/airflow/example_dags/example_dag_decorator.py
[2024-06-18T13:04:22.748+0400] {processor.py:840} INFO - DAG(s) 'example_dag_decorator' retrieved from /home/user/Desktop/airflowproj/py_env/lib/python3.10/site-packages/airflow/example_dags/example_dag_decorator.py
[2024-06-18T13:04:22.795+0400] {logging_mixin.py:188} INFO - [2024-06-18T13:04:22.795+0400] {dag.py:3096} INFO - Sync 1 DAGs
[2024-06-18T13:04:22.800+0400] {logging_mixin.py:188} INFO - [2024-06-18T13:04:22.799+0400] {dag.py:3954} INFO - Setting next_dagrun for example_dag_decorator to None, run_after=None
[2024-06-18T13:04:22.816+0400] {processor.py:183} INFO - Processing /home/user/Desktop/airflowproj/py_env/lib/python3.10/site-packages/airflow/example_dags/example_dag_decorator.py took 0.123 seconds
[2024-06-18T13:05:02.137+0400] {processor.py:161} INFO - Started process (PID=53473) to work on /home/user/Desktop/airflowproj/py_env/lib/python3.10/site-packages/airflow/example_dags/example_dag_decorator.py
[2024-06-18T13:05:02.139+0400] {processor.py:830} INFO - Processing file /home/user/Desktop/airflowproj/py_env/lib/python3.10/site-packages/airflow/example_dags/example_dag_decorator.py for tasks to queue
[2024-06-18T13:05:02.140+0400] {logging_mixin.py:188} INFO - [2024-06-18T13:05:02.139+0400] {dagbag.py:545} INFO - Filling up the DagBag from /home/user/Desktop/airflowproj/py_env/lib/python3.10/site-packages/airflow/example_dags/example_dag_decorator.py
[2024-06-18T13:05:02.183+0400] {processor.py:840} INFO - DAG(s) 'example_dag_decorator' retrieved from /home/user/Desktop/airflowproj/py_env/lib/python3.10/site-packages/airflow/example_dags/example_dag_decorator.py
[2024-06-18T13:05:02.231+0400] {logging_mixin.py:188} INFO - [2024-06-18T13:05:02.231+0400] {dag.py:3096} INFO - Sync 1 DAGs
[2024-06-18T13:05:02.238+0400] {logging_mixin.py:188} INFO - [2024-06-18T13:05:02.237+0400] {dag.py:3954} INFO - Setting next_dagrun for example_dag_decorator to None, run_after=None
[2024-06-18T13:05:02.257+0400] {processor.py:183} INFO - Processing /home/user/Desktop/airflowproj/py_env/lib/python3.10/site-packages/airflow/example_dags/example_dag_decorator.py took 0.126 seconds
[2024-06-18T13:05:59.611+0400] {processor.py:161} INFO - Started process (PID=53697) to work on /home/user/Desktop/airflowproj/py_env/lib/python3.10/site-packages/airflow/example_dags/example_dag_decorator.py
[2024-06-18T13:05:59.613+0400] {processor.py:830} INFO - Processing file /home/user/Desktop/airflowproj/py_env/lib/python3.10/site-packages/airflow/example_dags/example_dag_decorator.py for tasks to queue
[2024-06-18T13:05:59.614+0400] {logging_mixin.py:188} INFO - [2024-06-18T13:05:59.614+0400] {dagbag.py:545} INFO - Filling up the DagBag from /home/user/Desktop/airflowproj/py_env/lib/python3.10/site-packages/airflow/example_dags/example_dag_decorator.py
[2024-06-18T13:05:59.659+0400] {processor.py:840} INFO - DAG(s) 'example_dag_decorator' retrieved from /home/user/Desktop/airflowproj/py_env/lib/python3.10/site-packages/airflow/example_dags/example_dag_decorator.py
[2024-06-18T13:05:59.709+0400] {logging_mixin.py:188} INFO - [2024-06-18T13:05:59.709+0400] {dag.py:3096} INFO - Sync 1 DAGs
[2024-06-18T13:05:59.714+0400] {logging_mixin.py:188} INFO - [2024-06-18T13:05:59.714+0400] {dag.py:3954} INFO - Setting next_dagrun for example_dag_decorator to None, run_after=None
[2024-06-18T13:05:59.729+0400] {processor.py:183} INFO - Processing /home/user/Desktop/airflowproj/py_env/lib/python3.10/site-packages/airflow/example_dags/example_dag_decorator.py took 0.122 seconds
[2024-06-18T13:06:38.952+0400] {processor.py:161} INFO - Started process (PID=53831) to work on /home/user/Desktop/airflowproj/py_env/lib/python3.10/site-packages/airflow/example_dags/example_dag_decorator.py
[2024-06-18T13:06:38.954+0400] {processor.py:830} INFO - Processing file /home/user/Desktop/airflowproj/py_env/lib/python3.10/site-packages/airflow/example_dags/example_dag_decorator.py for tasks to queue
[2024-06-18T13:06:38.955+0400] {logging_mixin.py:188} INFO - [2024-06-18T13:06:38.955+0400] {dagbag.py:545} INFO - Filling up the DagBag from /home/user/Desktop/airflowproj/py_env/lib/python3.10/site-packages/airflow/example_dags/example_dag_decorator.py
[2024-06-18T13:06:38.992+0400] {processor.py:840} INFO - DAG(s) 'example_dag_decorator' retrieved from /home/user/Desktop/airflowproj/py_env/lib/python3.10/site-packages/airflow/example_dags/example_dag_decorator.py
[2024-06-18T13:06:39.035+0400] {logging_mixin.py:188} INFO - [2024-06-18T13:06:39.035+0400] {dag.py:3096} INFO - Sync 1 DAGs
[2024-06-18T13:06:39.039+0400] {logging_mixin.py:188} INFO - [2024-06-18T13:06:39.039+0400] {dag.py:3954} INFO - Setting next_dagrun for example_dag_decorator to None, run_after=None
[2024-06-18T13:06:39.052+0400] {processor.py:183} INFO - Processing /home/user/Desktop/airflowproj/py_env/lib/python3.10/site-packages/airflow/example_dags/example_dag_decorator.py took 0.106 seconds
[2024-06-18T13:07:20.711+0400] {processor.py:161} INFO - Started process (PID=53972) to work on /home/user/Desktop/airflowproj/py_env/lib/python3.10/site-packages/airflow/example_dags/example_dag_decorator.py
[2024-06-18T13:07:20.713+0400] {processor.py:830} INFO - Processing file /home/user/Desktop/airflowproj/py_env/lib/python3.10/site-packages/airflow/example_dags/example_dag_decorator.py for tasks to queue
[2024-06-18T13:07:20.714+0400] {logging_mixin.py:188} INFO - [2024-06-18T13:07:20.714+0400] {dagbag.py:545} INFO - Filling up the DagBag from /home/user/Desktop/airflowproj/py_env/lib/python3.10/site-packages/airflow/example_dags/example_dag_decorator.py
[2024-06-18T13:07:20.753+0400] {processor.py:840} INFO - DAG(s) 'example_dag_decorator' retrieved from /home/user/Desktop/airflowproj/py_env/lib/python3.10/site-packages/airflow/example_dags/example_dag_decorator.py
[2024-06-18T13:07:20.795+0400] {logging_mixin.py:188} INFO - [2024-06-18T13:07:20.794+0400] {dag.py:3096} INFO - Sync 1 DAGs
[2024-06-18T13:07:20.799+0400] {logging_mixin.py:188} INFO - [2024-06-18T13:07:20.799+0400] {dag.py:3954} INFO - Setting next_dagrun for example_dag_decorator to None, run_after=None
[2024-06-18T13:07:20.815+0400] {processor.py:183} INFO - Processing /home/user/Desktop/airflowproj/py_env/lib/python3.10/site-packages/airflow/example_dags/example_dag_decorator.py took 0.107 seconds
[2024-06-18T13:08:01.917+0400] {processor.py:161} INFO - Started process (PID=54144) to work on /home/user/Desktop/airflowproj/py_env/lib/python3.10/site-packages/airflow/example_dags/example_dag_decorator.py
[2024-06-18T13:08:01.919+0400] {processor.py:830} INFO - Processing file /home/user/Desktop/airflowproj/py_env/lib/python3.10/site-packages/airflow/example_dags/example_dag_decorator.py for tasks to queue
[2024-06-18T13:08:01.920+0400] {logging_mixin.py:188} INFO - [2024-06-18T13:08:01.920+0400] {dagbag.py:545} INFO - Filling up the DagBag from /home/user/Desktop/airflowproj/py_env/lib/python3.10/site-packages/airflow/example_dags/example_dag_decorator.py
[2024-06-18T13:08:01.958+0400] {processor.py:840} INFO - DAG(s) 'example_dag_decorator' retrieved from /home/user/Desktop/airflowproj/py_env/lib/python3.10/site-packages/airflow/example_dags/example_dag_decorator.py
[2024-06-18T13:08:02.007+0400] {logging_mixin.py:188} INFO - [2024-06-18T13:08:02.007+0400] {dag.py:3096} INFO - Sync 1 DAGs
[2024-06-18T13:08:02.011+0400] {logging_mixin.py:188} INFO - [2024-06-18T13:08:02.011+0400] {dag.py:3954} INFO - Setting next_dagrun for example_dag_decorator to None, run_after=None
[2024-06-18T13:08:02.026+0400] {processor.py:183} INFO - Processing /home/user/Desktop/airflowproj/py_env/lib/python3.10/site-packages/airflow/example_dags/example_dag_decorator.py took 0.113 seconds
[2024-06-18T13:08:41.876+0400] {processor.py:161} INFO - Started process (PID=54289) to work on /home/user/Desktop/airflowproj/py_env/lib/python3.10/site-packages/airflow/example_dags/example_dag_decorator.py
[2024-06-18T13:08:41.878+0400] {processor.py:830} INFO - Processing file /home/user/Desktop/airflowproj/py_env/lib/python3.10/site-packages/airflow/example_dags/example_dag_decorator.py for tasks to queue
[2024-06-18T13:08:41.879+0400] {logging_mixin.py:188} INFO - [2024-06-18T13:08:41.878+0400] {dagbag.py:545} INFO - Filling up the DagBag from /home/user/Desktop/airflowproj/py_env/lib/python3.10/site-packages/airflow/example_dags/example_dag_decorator.py
[2024-06-18T13:08:41.915+0400] {processor.py:840} INFO - DAG(s) 'example_dag_decorator' retrieved from /home/user/Desktop/airflowproj/py_env/lib/python3.10/site-packages/airflow/example_dags/example_dag_decorator.py
[2024-06-18T13:08:41.958+0400] {logging_mixin.py:188} INFO - [2024-06-18T13:08:41.958+0400] {dag.py:3096} INFO - Sync 1 DAGs
[2024-06-18T13:08:41.962+0400] {logging_mixin.py:188} INFO - [2024-06-18T13:08:41.962+0400] {dag.py:3954} INFO - Setting next_dagrun for example_dag_decorator to None, run_after=None
[2024-06-18T13:08:41.975+0400] {processor.py:183} INFO - Processing /home/user/Desktop/airflowproj/py_env/lib/python3.10/site-packages/airflow/example_dags/example_dag_decorator.py took 0.103 seconds
[2024-06-18T13:09:39.940+0400] {processor.py:161} INFO - Started process (PID=54543) to work on /home/user/Desktop/airflowproj/py_env/lib/python3.10/site-packages/airflow/example_dags/example_dag_decorator.py
[2024-06-18T13:09:39.942+0400] {processor.py:830} INFO - Processing file /home/user/Desktop/airflowproj/py_env/lib/python3.10/site-packages/airflow/example_dags/example_dag_decorator.py for tasks to queue
[2024-06-18T13:09:39.943+0400] {logging_mixin.py:188} INFO - [2024-06-18T13:09:39.942+0400] {dagbag.py:545} INFO - Filling up the DagBag from /home/user/Desktop/airflowproj/py_env/lib/python3.10/site-packages/airflow/example_dags/example_dag_decorator.py
[2024-06-18T13:09:39.983+0400] {processor.py:840} INFO - DAG(s) 'example_dag_decorator' retrieved from /home/user/Desktop/airflowproj/py_env/lib/python3.10/site-packages/airflow/example_dags/example_dag_decorator.py
[2024-06-18T13:09:40.024+0400] {logging_mixin.py:188} INFO - [2024-06-18T13:09:40.024+0400] {dag.py:3096} INFO - Sync 1 DAGs
[2024-06-18T13:09:40.028+0400] {logging_mixin.py:188} INFO - [2024-06-18T13:09:40.028+0400] {dag.py:3954} INFO - Setting next_dagrun for example_dag_decorator to None, run_after=None
[2024-06-18T13:09:40.042+0400] {processor.py:183} INFO - Processing /home/user/Desktop/airflowproj/py_env/lib/python3.10/site-packages/airflow/example_dags/example_dag_decorator.py took 0.106 seconds
[2024-06-18T13:10:19.245+0400] {processor.py:161} INFO - Started process (PID=54685) to work on /home/user/Desktop/airflowproj/py_env/lib/python3.10/site-packages/airflow/example_dags/example_dag_decorator.py
[2024-06-18T13:10:19.247+0400] {processor.py:830} INFO - Processing file /home/user/Desktop/airflowproj/py_env/lib/python3.10/site-packages/airflow/example_dags/example_dag_decorator.py for tasks to queue
[2024-06-18T13:10:19.248+0400] {logging_mixin.py:188} INFO - [2024-06-18T13:10:19.248+0400] {dagbag.py:545} INFO - Filling up the DagBag from /home/user/Desktop/airflowproj/py_env/lib/python3.10/site-packages/airflow/example_dags/example_dag_decorator.py
[2024-06-18T13:10:19.287+0400] {processor.py:840} INFO - DAG(s) 'example_dag_decorator' retrieved from /home/user/Desktop/airflowproj/py_env/lib/python3.10/site-packages/airflow/example_dags/example_dag_decorator.py
[2024-06-18T13:10:19.328+0400] {logging_mixin.py:188} INFO - [2024-06-18T13:10:19.327+0400] {dag.py:3096} INFO - Sync 1 DAGs
[2024-06-18T13:10:19.332+0400] {logging_mixin.py:188} INFO - [2024-06-18T13:10:19.332+0400] {dag.py:3954} INFO - Setting next_dagrun for example_dag_decorator to None, run_after=None
[2024-06-18T13:10:19.347+0400] {processor.py:183} INFO - Processing /home/user/Desktop/airflowproj/py_env/lib/python3.10/site-packages/airflow/example_dags/example_dag_decorator.py took 0.107 seconds
[2024-06-18T13:11:01.053+0400] {processor.py:161} INFO - Started process (PID=54826) to work on /home/user/Desktop/airflowproj/py_env/lib/python3.10/site-packages/airflow/example_dags/example_dag_decorator.py
[2024-06-18T13:11:01.055+0400] {processor.py:830} INFO - Processing file /home/user/Desktop/airflowproj/py_env/lib/python3.10/site-packages/airflow/example_dags/example_dag_decorator.py for tasks to queue
[2024-06-18T13:11:01.056+0400] {logging_mixin.py:188} INFO - [2024-06-18T13:11:01.056+0400] {dagbag.py:545} INFO - Filling up the DagBag from /home/user/Desktop/airflowproj/py_env/lib/python3.10/site-packages/airflow/example_dags/example_dag_decorator.py
[2024-06-18T13:11:01.094+0400] {processor.py:840} INFO - DAG(s) 'example_dag_decorator' retrieved from /home/user/Desktop/airflowproj/py_env/lib/python3.10/site-packages/airflow/example_dags/example_dag_decorator.py
[2024-06-18T13:11:01.136+0400] {logging_mixin.py:188} INFO - [2024-06-18T13:11:01.136+0400] {dag.py:3096} INFO - Sync 1 DAGs
[2024-06-18T13:11:01.140+0400] {logging_mixin.py:188} INFO - [2024-06-18T13:11:01.140+0400] {dag.py:3954} INFO - Setting next_dagrun for example_dag_decorator to None, run_after=None
[2024-06-18T13:11:01.153+0400] {processor.py:183} INFO - Processing /home/user/Desktop/airflowproj/py_env/lib/python3.10/site-packages/airflow/example_dags/example_dag_decorator.py took 0.104 seconds
[2024-06-18T13:11:40.899+0400] {processor.py:161} INFO - Started process (PID=54958) to work on /home/user/Desktop/airflowproj/py_env/lib/python3.10/site-packages/airflow/example_dags/example_dag_decorator.py
[2024-06-18T13:11:40.900+0400] {processor.py:830} INFO - Processing file /home/user/Desktop/airflowproj/py_env/lib/python3.10/site-packages/airflow/example_dags/example_dag_decorator.py for tasks to queue
[2024-06-18T13:11:40.901+0400] {logging_mixin.py:188} INFO - [2024-06-18T13:11:40.900+0400] {dagbag.py:545} INFO - Filling up the DagBag from /home/user/Desktop/airflowproj/py_env/lib/python3.10/site-packages/airflow/example_dags/example_dag_decorator.py
[2024-06-18T13:11:40.941+0400] {processor.py:840} INFO - DAG(s) 'example_dag_decorator' retrieved from /home/user/Desktop/airflowproj/py_env/lib/python3.10/site-packages/airflow/example_dags/example_dag_decorator.py
[2024-06-18T13:11:40.981+0400] {logging_mixin.py:188} INFO - [2024-06-18T13:11:40.981+0400] {dag.py:3096} INFO - Sync 1 DAGs
[2024-06-18T13:11:40.985+0400] {logging_mixin.py:188} INFO - [2024-06-18T13:11:40.985+0400] {dag.py:3954} INFO - Setting next_dagrun for example_dag_decorator to None, run_after=None
[2024-06-18T13:11:40.998+0400] {processor.py:183} INFO - Processing /home/user/Desktop/airflowproj/py_env/lib/python3.10/site-packages/airflow/example_dags/example_dag_decorator.py took 0.102 seconds
[2024-06-18T13:12:20.080+0400] {processor.py:161} INFO - Started process (PID=55098) to work on /home/user/Desktop/airflowproj/py_env/lib/python3.10/site-packages/airflow/example_dags/example_dag_decorator.py
[2024-06-18T13:12:20.082+0400] {processor.py:830} INFO - Processing file /home/user/Desktop/airflowproj/py_env/lib/python3.10/site-packages/airflow/example_dags/example_dag_decorator.py for tasks to queue
[2024-06-18T13:12:20.083+0400] {logging_mixin.py:188} INFO - [2024-06-18T13:12:20.083+0400] {dagbag.py:545} INFO - Filling up the DagBag from /home/user/Desktop/airflowproj/py_env/lib/python3.10/site-packages/airflow/example_dags/example_dag_decorator.py
[2024-06-18T13:12:20.121+0400] {processor.py:840} INFO - DAG(s) 'example_dag_decorator' retrieved from /home/user/Desktop/airflowproj/py_env/lib/python3.10/site-packages/airflow/example_dags/example_dag_decorator.py
[2024-06-18T13:12:20.172+0400] {logging_mixin.py:188} INFO - [2024-06-18T13:12:20.172+0400] {dag.py:3096} INFO - Sync 1 DAGs
[2024-06-18T13:12:20.177+0400] {logging_mixin.py:188} INFO - [2024-06-18T13:12:20.177+0400] {dag.py:3954} INFO - Setting next_dagrun for example_dag_decorator to None, run_after=None
[2024-06-18T13:12:20.193+0400] {processor.py:183} INFO - Processing /home/user/Desktop/airflowproj/py_env/lib/python3.10/site-packages/airflow/example_dags/example_dag_decorator.py took 0.117 seconds
[2024-06-18T13:12:59.997+0400] {processor.py:161} INFO - Started process (PID=55268) to work on /home/user/Desktop/airflowproj/py_env/lib/python3.10/site-packages/airflow/example_dags/example_dag_decorator.py
[2024-06-18T13:12:59.998+0400] {processor.py:830} INFO - Processing file /home/user/Desktop/airflowproj/py_env/lib/python3.10/site-packages/airflow/example_dags/example_dag_decorator.py for tasks to queue
[2024-06-18T13:12:59.999+0400] {logging_mixin.py:188} INFO - [2024-06-18T13:12:59.999+0400] {dagbag.py:545} INFO - Filling up the DagBag from /home/user/Desktop/airflowproj/py_env/lib/python3.10/site-packages/airflow/example_dags/example_dag_decorator.py
[2024-06-18T13:13:00.039+0400] {processor.py:840} INFO - DAG(s) 'example_dag_decorator' retrieved from /home/user/Desktop/airflowproj/py_env/lib/python3.10/site-packages/airflow/example_dags/example_dag_decorator.py
[2024-06-18T13:13:00.080+0400] {logging_mixin.py:188} INFO - [2024-06-18T13:13:00.080+0400] {dag.py:3096} INFO - Sync 1 DAGs
[2024-06-18T13:13:00.085+0400] {logging_mixin.py:188} INFO - [2024-06-18T13:13:00.084+0400] {dag.py:3954} INFO - Setting next_dagrun for example_dag_decorator to None, run_after=None
[2024-06-18T13:13:00.097+0400] {processor.py:183} INFO - Processing /home/user/Desktop/airflowproj/py_env/lib/python3.10/site-packages/airflow/example_dags/example_dag_decorator.py took 0.105 seconds
[2024-06-18T13:13:39.430+0400] {processor.py:161} INFO - Started process (PID=55399) to work on /home/user/Desktop/airflowproj/py_env/lib/python3.10/site-packages/airflow/example_dags/example_dag_decorator.py
[2024-06-18T13:13:39.432+0400] {processor.py:830} INFO - Processing file /home/user/Desktop/airflowproj/py_env/lib/python3.10/site-packages/airflow/example_dags/example_dag_decorator.py for tasks to queue
[2024-06-18T13:13:39.433+0400] {logging_mixin.py:188} INFO - [2024-06-18T13:13:39.433+0400] {dagbag.py:545} INFO - Filling up the DagBag from /home/user/Desktop/airflowproj/py_env/lib/python3.10/site-packages/airflow/example_dags/example_dag_decorator.py
[2024-06-18T13:13:39.472+0400] {processor.py:840} INFO - DAG(s) 'example_dag_decorator' retrieved from /home/user/Desktop/airflowproj/py_env/lib/python3.10/site-packages/airflow/example_dags/example_dag_decorator.py
[2024-06-18T13:13:39.515+0400] {logging_mixin.py:188} INFO - [2024-06-18T13:13:39.515+0400] {dag.py:3096} INFO - Sync 1 DAGs
[2024-06-18T13:13:39.519+0400] {logging_mixin.py:188} INFO - [2024-06-18T13:13:39.519+0400] {dag.py:3954} INFO - Setting next_dagrun for example_dag_decorator to None, run_after=None
[2024-06-18T13:13:39.533+0400] {processor.py:183} INFO - Processing /home/user/Desktop/airflowproj/py_env/lib/python3.10/site-packages/airflow/example_dags/example_dag_decorator.py took 0.108 seconds
[2024-06-18T13:14:20.017+0400] {processor.py:161} INFO - Started process (PID=55551) to work on /home/user/Desktop/airflowproj/py_env/lib/python3.10/site-packages/airflow/example_dags/example_dag_decorator.py
[2024-06-18T13:14:20.018+0400] {processor.py:830} INFO - Processing file /home/user/Desktop/airflowproj/py_env/lib/python3.10/site-packages/airflow/example_dags/example_dag_decorator.py for tasks to queue
[2024-06-18T13:14:20.019+0400] {logging_mixin.py:188} INFO - [2024-06-18T13:14:20.018+0400] {dagbag.py:545} INFO - Filling up the DagBag from /home/user/Desktop/airflowproj/py_env/lib/python3.10/site-packages/airflow/example_dags/example_dag_decorator.py
[2024-06-18T13:14:20.063+0400] {processor.py:840} INFO - DAG(s) 'example_dag_decorator' retrieved from /home/user/Desktop/airflowproj/py_env/lib/python3.10/site-packages/airflow/example_dags/example_dag_decorator.py
[2024-06-18T13:14:20.105+0400] {logging_mixin.py:188} INFO - [2024-06-18T13:14:20.104+0400] {dag.py:3096} INFO - Sync 1 DAGs
[2024-06-18T13:14:20.109+0400] {logging_mixin.py:188} INFO - [2024-06-18T13:14:20.109+0400] {dag.py:3954} INFO - Setting next_dagrun for example_dag_decorator to None, run_after=None
[2024-06-18T13:14:20.122+0400] {processor.py:183} INFO - Processing /home/user/Desktop/airflowproj/py_env/lib/python3.10/site-packages/airflow/example_dags/example_dag_decorator.py took 0.109 seconds
[2024-06-18T13:14:57.277+0400] {processor.py:161} INFO - Started process (PID=55686) to work on /home/user/Desktop/airflowproj/py_env/lib/python3.10/site-packages/airflow/example_dags/example_dag_decorator.py
[2024-06-18T13:14:57.279+0400] {processor.py:830} INFO - Processing file /home/user/Desktop/airflowproj/py_env/lib/python3.10/site-packages/airflow/example_dags/example_dag_decorator.py for tasks to queue
[2024-06-18T13:14:57.280+0400] {logging_mixin.py:188} INFO - [2024-06-18T13:14:57.280+0400] {dagbag.py:545} INFO - Filling up the DagBag from /home/user/Desktop/airflowproj/py_env/lib/python3.10/site-packages/airflow/example_dags/example_dag_decorator.py
[2024-06-18T13:14:57.326+0400] {processor.py:840} INFO - DAG(s) 'example_dag_decorator' retrieved from /home/user/Desktop/airflowproj/py_env/lib/python3.10/site-packages/airflow/example_dags/example_dag_decorator.py
[2024-06-18T13:14:57.373+0400] {logging_mixin.py:188} INFO - [2024-06-18T13:14:57.373+0400] {dag.py:3096} INFO - Sync 1 DAGs
[2024-06-18T13:14:57.378+0400] {logging_mixin.py:188} INFO - [2024-06-18T13:14:57.378+0400] {dag.py:3954} INFO - Setting next_dagrun for example_dag_decorator to None, run_after=None
[2024-06-18T13:14:57.392+0400] {processor.py:183} INFO - Processing /home/user/Desktop/airflowproj/py_env/lib/python3.10/site-packages/airflow/example_dags/example_dag_decorator.py took 0.120 seconds
[2024-06-18T13:15:36.592+0400] {processor.py:161} INFO - Started process (PID=55801) to work on /home/user/Desktop/airflowproj/py_env/lib/python3.10/site-packages/airflow/example_dags/example_dag_decorator.py
[2024-06-18T13:15:36.593+0400] {processor.py:830} INFO - Processing file /home/user/Desktop/airflowproj/py_env/lib/python3.10/site-packages/airflow/example_dags/example_dag_decorator.py for tasks to queue
[2024-06-18T13:15:36.595+0400] {logging_mixin.py:188} INFO - [2024-06-18T13:15:36.594+0400] {dagbag.py:545} INFO - Filling up the DagBag from /home/user/Desktop/airflowproj/py_env/lib/python3.10/site-packages/airflow/example_dags/example_dag_decorator.py
[2024-06-18T13:15:36.634+0400] {processor.py:840} INFO - DAG(s) 'example_dag_decorator' retrieved from /home/user/Desktop/airflowproj/py_env/lib/python3.10/site-packages/airflow/example_dags/example_dag_decorator.py
[2024-06-18T13:15:36.677+0400] {logging_mixin.py:188} INFO - [2024-06-18T13:15:36.677+0400] {dag.py:3096} INFO - Sync 1 DAGs
[2024-06-18T13:15:36.681+0400] {logging_mixin.py:188} INFO - [2024-06-18T13:15:36.681+0400] {dag.py:3954} INFO - Setting next_dagrun for example_dag_decorator to None, run_after=None
[2024-06-18T13:15:36.695+0400] {processor.py:183} INFO - Processing /home/user/Desktop/airflowproj/py_env/lib/python3.10/site-packages/airflow/example_dags/example_dag_decorator.py took 0.107 seconds
[2024-06-18T13:16:17.155+0400] {processor.py:161} INFO - Started process (PID=55962) to work on /home/user/Desktop/airflowproj/py_env/lib/python3.10/site-packages/airflow/example_dags/example_dag_decorator.py
[2024-06-18T13:16:17.155+0400] {processor.py:830} INFO - Processing file /home/user/Desktop/airflowproj/py_env/lib/python3.10/site-packages/airflow/example_dags/example_dag_decorator.py for tasks to queue
[2024-06-18T13:16:17.156+0400] {logging_mixin.py:188} INFO - [2024-06-18T13:16:17.156+0400] {dagbag.py:545} INFO - Filling up the DagBag from /home/user/Desktop/airflowproj/py_env/lib/python3.10/site-packages/airflow/example_dags/example_dag_decorator.py
[2024-06-18T13:16:17.194+0400] {processor.py:840} INFO - DAG(s) 'example_dag_decorator' retrieved from /home/user/Desktop/airflowproj/py_env/lib/python3.10/site-packages/airflow/example_dags/example_dag_decorator.py
[2024-06-18T13:16:17.204+0400] {logging_mixin.py:188} INFO - [2024-06-18T13:16:17.204+0400] {dag.py:3096} INFO - Sync 1 DAGs
[2024-06-18T13:16:17.209+0400] {logging_mixin.py:188} INFO - [2024-06-18T13:16:17.209+0400] {dag.py:3954} INFO - Setting next_dagrun for example_dag_decorator to None, run_after=None
[2024-06-18T13:16:17.222+0400] {processor.py:183} INFO - Processing /home/user/Desktop/airflowproj/py_env/lib/python3.10/site-packages/airflow/example_dags/example_dag_decorator.py took 0.071 seconds
[2024-06-18T13:16:57.412+0400] {processor.py:161} INFO - Started process (PID=56102) to work on /home/user/Desktop/airflowproj/py_env/lib/python3.10/site-packages/airflow/example_dags/example_dag_decorator.py
[2024-06-18T13:16:57.416+0400] {processor.py:830} INFO - Processing file /home/user/Desktop/airflowproj/py_env/lib/python3.10/site-packages/airflow/example_dags/example_dag_decorator.py for tasks to queue
[2024-06-18T13:16:57.416+0400] {logging_mixin.py:188} INFO - [2024-06-18T13:16:57.416+0400] {dagbag.py:545} INFO - Filling up the DagBag from /home/user/Desktop/airflowproj/py_env/lib/python3.10/site-packages/airflow/example_dags/example_dag_decorator.py
[2024-06-18T13:16:57.459+0400] {processor.py:840} INFO - DAG(s) 'example_dag_decorator' retrieved from /home/user/Desktop/airflowproj/py_env/lib/python3.10/site-packages/airflow/example_dags/example_dag_decorator.py
[2024-06-18T13:16:57.468+0400] {logging_mixin.py:188} INFO - [2024-06-18T13:16:57.467+0400] {dag.py:3096} INFO - Sync 1 DAGs
[2024-06-18T13:16:57.473+0400] {logging_mixin.py:188} INFO - [2024-06-18T13:16:57.473+0400] {dag.py:3954} INFO - Setting next_dagrun for example_dag_decorator to None, run_after=None
[2024-06-18T13:16:57.486+0400] {processor.py:183} INFO - Processing /home/user/Desktop/airflowproj/py_env/lib/python3.10/site-packages/airflow/example_dags/example_dag_decorator.py took 0.077 seconds
[2024-06-18T13:17:53.097+0400] {processor.py:161} INFO - Started process (PID=56316) to work on /home/user/Desktop/airflowproj/py_env/lib/python3.10/site-packages/airflow/example_dags/example_dag_decorator.py
[2024-06-18T13:17:53.100+0400] {processor.py:830} INFO - Processing file /home/user/Desktop/airflowproj/py_env/lib/python3.10/site-packages/airflow/example_dags/example_dag_decorator.py for tasks to queue
[2024-06-18T13:17:53.101+0400] {logging_mixin.py:188} INFO - [2024-06-18T13:17:53.101+0400] {dagbag.py:545} INFO - Filling up the DagBag from /home/user/Desktop/airflowproj/py_env/lib/python3.10/site-packages/airflow/example_dags/example_dag_decorator.py
[2024-06-18T13:17:53.141+0400] {processor.py:840} INFO - DAG(s) 'example_dag_decorator' retrieved from /home/user/Desktop/airflowproj/py_env/lib/python3.10/site-packages/airflow/example_dags/example_dag_decorator.py
[2024-06-18T13:17:53.183+0400] {logging_mixin.py:188} INFO - [2024-06-18T13:17:53.183+0400] {dag.py:3096} INFO - Sync 1 DAGs
[2024-06-18T13:17:53.187+0400] {logging_mixin.py:188} INFO - [2024-06-18T13:17:53.187+0400] {dag.py:3954} INFO - Setting next_dagrun for example_dag_decorator to None, run_after=None
[2024-06-18T13:17:53.200+0400] {processor.py:183} INFO - Processing /home/user/Desktop/airflowproj/py_env/lib/python3.10/site-packages/airflow/example_dags/example_dag_decorator.py took 0.106 seconds
[2024-06-18T13:18:33.049+0400] {processor.py:161} INFO - Started process (PID=56450) to work on /home/user/Desktop/airflowproj/py_env/lib/python3.10/site-packages/airflow/example_dags/example_dag_decorator.py
[2024-06-18T13:18:33.052+0400] {processor.py:830} INFO - Processing file /home/user/Desktop/airflowproj/py_env/lib/python3.10/site-packages/airflow/example_dags/example_dag_decorator.py for tasks to queue
[2024-06-18T13:18:33.053+0400] {logging_mixin.py:188} INFO - [2024-06-18T13:18:33.052+0400] {dagbag.py:545} INFO - Filling up the DagBag from /home/user/Desktop/airflowproj/py_env/lib/python3.10/site-packages/airflow/example_dags/example_dag_decorator.py
[2024-06-18T13:18:33.096+0400] {processor.py:840} INFO - DAG(s) 'example_dag_decorator' retrieved from /home/user/Desktop/airflowproj/py_env/lib/python3.10/site-packages/airflow/example_dags/example_dag_decorator.py
[2024-06-18T13:18:33.105+0400] {logging_mixin.py:188} INFO - [2024-06-18T13:18:33.104+0400] {dag.py:3096} INFO - Sync 1 DAGs
[2024-06-18T13:18:33.111+0400] {logging_mixin.py:188} INFO - [2024-06-18T13:18:33.111+0400] {dag.py:3954} INFO - Setting next_dagrun for example_dag_decorator to None, run_after=None
[2024-06-18T13:18:33.124+0400] {processor.py:183} INFO - Processing /home/user/Desktop/airflowproj/py_env/lib/python3.10/site-packages/airflow/example_dags/example_dag_decorator.py took 0.080 seconds
[2024-06-18T13:19:29.661+0400] {processor.py:161} INFO - Started process (PID=56654) to work on /home/user/Desktop/airflowproj/py_env/lib/python3.10/site-packages/airflow/example_dags/example_dag_decorator.py
[2024-06-18T13:19:29.663+0400] {processor.py:830} INFO - Processing file /home/user/Desktop/airflowproj/py_env/lib/python3.10/site-packages/airflow/example_dags/example_dag_decorator.py for tasks to queue
[2024-06-18T13:19:29.664+0400] {logging_mixin.py:188} INFO - [2024-06-18T13:19:29.664+0400] {dagbag.py:545} INFO - Filling up the DagBag from /home/user/Desktop/airflowproj/py_env/lib/python3.10/site-packages/airflow/example_dags/example_dag_decorator.py
[2024-06-18T13:19:29.701+0400] {processor.py:840} INFO - DAG(s) 'example_dag_decorator' retrieved from /home/user/Desktop/airflowproj/py_env/lib/python3.10/site-packages/airflow/example_dags/example_dag_decorator.py
[2024-06-18T13:19:29.743+0400] {logging_mixin.py:188} INFO - [2024-06-18T13:19:29.743+0400] {dag.py:3096} INFO - Sync 1 DAGs
[2024-06-18T13:19:29.748+0400] {logging_mixin.py:188} INFO - [2024-06-18T13:19:29.748+0400] {dag.py:3954} INFO - Setting next_dagrun for example_dag_decorator to None, run_after=None
[2024-06-18T13:19:29.761+0400] {processor.py:183} INFO - Processing /home/user/Desktop/airflowproj/py_env/lib/python3.10/site-packages/airflow/example_dags/example_dag_decorator.py took 0.105 seconds
[2024-06-18T13:20:09.653+0400] {processor.py:161} INFO - Started process (PID=56790) to work on /home/user/Desktop/airflowproj/py_env/lib/python3.10/site-packages/airflow/example_dags/example_dag_decorator.py
[2024-06-18T13:20:09.655+0400] {processor.py:830} INFO - Processing file /home/user/Desktop/airflowproj/py_env/lib/python3.10/site-packages/airflow/example_dags/example_dag_decorator.py for tasks to queue
[2024-06-18T13:20:09.656+0400] {logging_mixin.py:188} INFO - [2024-06-18T13:20:09.656+0400] {dagbag.py:545} INFO - Filling up the DagBag from /home/user/Desktop/airflowproj/py_env/lib/python3.10/site-packages/airflow/example_dags/example_dag_decorator.py
[2024-06-18T13:20:09.705+0400] {processor.py:840} INFO - DAG(s) 'example_dag_decorator' retrieved from /home/user/Desktop/airflowproj/py_env/lib/python3.10/site-packages/airflow/example_dags/example_dag_decorator.py
[2024-06-18T13:20:09.715+0400] {logging_mixin.py:188} INFO - [2024-06-18T13:20:09.715+0400] {dag.py:3096} INFO - Sync 1 DAGs
[2024-06-18T13:20:09.721+0400] {logging_mixin.py:188} INFO - [2024-06-18T13:20:09.721+0400] {dag.py:3954} INFO - Setting next_dagrun for example_dag_decorator to None, run_after=None
[2024-06-18T13:20:09.736+0400] {processor.py:183} INFO - Processing /home/user/Desktop/airflowproj/py_env/lib/python3.10/site-packages/airflow/example_dags/example_dag_decorator.py took 0.087 seconds
[2024-06-18T13:20:48.355+0400] {processor.py:161} INFO - Started process (PID=56911) to work on /home/user/Desktop/airflowproj/py_env/lib/python3.10/site-packages/airflow/example_dags/example_dag_decorator.py
[2024-06-18T13:20:48.358+0400] {processor.py:830} INFO - Processing file /home/user/Desktop/airflowproj/py_env/lib/python3.10/site-packages/airflow/example_dags/example_dag_decorator.py for tasks to queue
[2024-06-18T13:20:48.359+0400] {logging_mixin.py:188} INFO - [2024-06-18T13:20:48.359+0400] {dagbag.py:545} INFO - Filling up the DagBag from /home/user/Desktop/airflowproj/py_env/lib/python3.10/site-packages/airflow/example_dags/example_dag_decorator.py
[2024-06-18T13:20:48.398+0400] {processor.py:840} INFO - DAG(s) 'example_dag_decorator' retrieved from /home/user/Desktop/airflowproj/py_env/lib/python3.10/site-packages/airflow/example_dags/example_dag_decorator.py
[2024-06-18T13:20:48.407+0400] {logging_mixin.py:188} INFO - [2024-06-18T13:20:48.407+0400] {dag.py:3096} INFO - Sync 1 DAGs
[2024-06-18T13:20:48.412+0400] {logging_mixin.py:188} INFO - [2024-06-18T13:20:48.412+0400] {dag.py:3954} INFO - Setting next_dagrun for example_dag_decorator to None, run_after=None
[2024-06-18T13:20:48.426+0400] {processor.py:183} INFO - Processing /home/user/Desktop/airflowproj/py_env/lib/python3.10/site-packages/airflow/example_dags/example_dag_decorator.py took 0.075 seconds
[2024-06-18T13:21:27.692+0400] {processor.py:161} INFO - Started process (PID=57045) to work on /home/user/Desktop/airflowproj/py_env/lib/python3.10/site-packages/airflow/example_dags/example_dag_decorator.py
[2024-06-18T13:21:27.694+0400] {processor.py:830} INFO - Processing file /home/user/Desktop/airflowproj/py_env/lib/python3.10/site-packages/airflow/example_dags/example_dag_decorator.py for tasks to queue
[2024-06-18T13:21:27.695+0400] {logging_mixin.py:188} INFO - [2024-06-18T13:21:27.695+0400] {dagbag.py:545} INFO - Filling up the DagBag from /home/user/Desktop/airflowproj/py_env/lib/python3.10/site-packages/airflow/example_dags/example_dag_decorator.py
[2024-06-18T13:21:27.733+0400] {processor.py:840} INFO - DAG(s) 'example_dag_decorator' retrieved from /home/user/Desktop/airflowproj/py_env/lib/python3.10/site-packages/airflow/example_dags/example_dag_decorator.py
[2024-06-18T13:21:27.742+0400] {logging_mixin.py:188} INFO - [2024-06-18T13:21:27.742+0400] {dag.py:3096} INFO - Sync 1 DAGs
[2024-06-18T13:21:27.747+0400] {logging_mixin.py:188} INFO - [2024-06-18T13:21:27.747+0400] {dag.py:3954} INFO - Setting next_dagrun for example_dag_decorator to None, run_after=None
[2024-06-18T13:21:27.761+0400] {processor.py:183} INFO - Processing /home/user/Desktop/airflowproj/py_env/lib/python3.10/site-packages/airflow/example_dags/example_dag_decorator.py took 0.072 seconds
[2024-06-18T13:22:09.376+0400] {processor.py:161} INFO - Started process (PID=57183) to work on /home/user/Desktop/airflowproj/py_env/lib/python3.10/site-packages/airflow/example_dags/example_dag_decorator.py
[2024-06-18T13:22:09.377+0400] {processor.py:830} INFO - Processing file /home/user/Desktop/airflowproj/py_env/lib/python3.10/site-packages/airflow/example_dags/example_dag_decorator.py for tasks to queue
[2024-06-18T13:22:09.378+0400] {logging_mixin.py:188} INFO - [2024-06-18T13:22:09.378+0400] {dagbag.py:545} INFO - Filling up the DagBag from /home/user/Desktop/airflowproj/py_env/lib/python3.10/site-packages/airflow/example_dags/example_dag_decorator.py
[2024-06-18T13:22:09.417+0400] {processor.py:840} INFO - DAG(s) 'example_dag_decorator' retrieved from /home/user/Desktop/airflowproj/py_env/lib/python3.10/site-packages/airflow/example_dags/example_dag_decorator.py
[2024-06-18T13:22:09.426+0400] {logging_mixin.py:188} INFO - [2024-06-18T13:22:09.426+0400] {dag.py:3096} INFO - Sync 1 DAGs
[2024-06-18T13:22:09.433+0400] {logging_mixin.py:188} INFO - [2024-06-18T13:22:09.432+0400] {dag.py:3954} INFO - Setting next_dagrun for example_dag_decorator to None, run_after=None
[2024-06-18T13:22:09.446+0400] {processor.py:183} INFO - Processing /home/user/Desktop/airflowproj/py_env/lib/python3.10/site-packages/airflow/example_dags/example_dag_decorator.py took 0.073 seconds
[2024-06-18T13:22:48.695+0400] {processor.py:161} INFO - Started process (PID=57347) to work on /home/user/Desktop/airflowproj/py_env/lib/python3.10/site-packages/airflow/example_dags/example_dag_decorator.py
[2024-06-18T13:22:48.696+0400] {processor.py:830} INFO - Processing file /home/user/Desktop/airflowproj/py_env/lib/python3.10/site-packages/airflow/example_dags/example_dag_decorator.py for tasks to queue
[2024-06-18T13:22:48.697+0400] {logging_mixin.py:188} INFO - [2024-06-18T13:22:48.697+0400] {dagbag.py:545} INFO - Filling up the DagBag from /home/user/Desktop/airflowproj/py_env/lib/python3.10/site-packages/airflow/example_dags/example_dag_decorator.py
[2024-06-18T13:22:48.735+0400] {processor.py:840} INFO - DAG(s) 'example_dag_decorator' retrieved from /home/user/Desktop/airflowproj/py_env/lib/python3.10/site-packages/airflow/example_dags/example_dag_decorator.py
[2024-06-18T13:22:48.779+0400] {logging_mixin.py:188} INFO - [2024-06-18T13:22:48.778+0400] {dag.py:3096} INFO - Sync 1 DAGs
[2024-06-18T13:22:48.783+0400] {logging_mixin.py:188} INFO - [2024-06-18T13:22:48.782+0400] {dag.py:3954} INFO - Setting next_dagrun for example_dag_decorator to None, run_after=None
[2024-06-18T13:22:48.838+0400] {processor.py:183} INFO - Processing /home/user/Desktop/airflowproj/py_env/lib/python3.10/site-packages/airflow/example_dags/example_dag_decorator.py took 0.146 seconds
[2024-06-18T13:23:28.612+0400] {processor.py:161} INFO - Started process (PID=57487) to work on /home/user/Desktop/airflowproj/py_env/lib/python3.10/site-packages/airflow/example_dags/example_dag_decorator.py
[2024-06-18T13:23:28.614+0400] {processor.py:830} INFO - Processing file /home/user/Desktop/airflowproj/py_env/lib/python3.10/site-packages/airflow/example_dags/example_dag_decorator.py for tasks to queue
[2024-06-18T13:23:28.616+0400] {logging_mixin.py:188} INFO - [2024-06-18T13:23:28.615+0400] {dagbag.py:545} INFO - Filling up the DagBag from /home/user/Desktop/airflowproj/py_env/lib/python3.10/site-packages/airflow/example_dags/example_dag_decorator.py
[2024-06-18T13:23:28.654+0400] {processor.py:840} INFO - DAG(s) 'example_dag_decorator' retrieved from /home/user/Desktop/airflowproj/py_env/lib/python3.10/site-packages/airflow/example_dags/example_dag_decorator.py
[2024-06-18T13:23:28.663+0400] {logging_mixin.py:188} INFO - [2024-06-18T13:23:28.663+0400] {dag.py:3096} INFO - Sync 1 DAGs
[2024-06-18T13:23:28.668+0400] {logging_mixin.py:188} INFO - [2024-06-18T13:23:28.668+0400] {dag.py:3954} INFO - Setting next_dagrun for example_dag_decorator to None, run_after=None
[2024-06-18T13:23:28.681+0400] {processor.py:183} INFO - Processing /home/user/Desktop/airflowproj/py_env/lib/python3.10/site-packages/airflow/example_dags/example_dag_decorator.py took 0.073 seconds
[2024-06-18T13:24:07.453+0400] {processor.py:161} INFO - Started process (PID=57621) to work on /home/user/Desktop/airflowproj/py_env/lib/python3.10/site-packages/airflow/example_dags/example_dag_decorator.py
[2024-06-18T13:24:07.456+0400] {processor.py:830} INFO - Processing file /home/user/Desktop/airflowproj/py_env/lib/python3.10/site-packages/airflow/example_dags/example_dag_decorator.py for tasks to queue
[2024-06-18T13:24:07.457+0400] {logging_mixin.py:188} INFO - [2024-06-18T13:24:07.456+0400] {dagbag.py:545} INFO - Filling up the DagBag from /home/user/Desktop/airflowproj/py_env/lib/python3.10/site-packages/airflow/example_dags/example_dag_decorator.py
[2024-06-18T13:24:07.495+0400] {processor.py:840} INFO - DAG(s) 'example_dag_decorator' retrieved from /home/user/Desktop/airflowproj/py_env/lib/python3.10/site-packages/airflow/example_dags/example_dag_decorator.py
[2024-06-18T13:24:07.506+0400] {logging_mixin.py:188} INFO - [2024-06-18T13:24:07.506+0400] {dag.py:3096} INFO - Sync 1 DAGs
[2024-06-18T13:24:07.512+0400] {logging_mixin.py:188} INFO - [2024-06-18T13:24:07.511+0400] {dag.py:3954} INFO - Setting next_dagrun for example_dag_decorator to None, run_after=None
[2024-06-18T13:24:07.525+0400] {processor.py:183} INFO - Processing /home/user/Desktop/airflowproj/py_env/lib/python3.10/site-packages/airflow/example_dags/example_dag_decorator.py took 0.076 seconds
[2024-06-18T13:25:03.988+0400] {processor.py:161} INFO - Started process (PID=57822) to work on /home/user/Desktop/airflowproj/py_env/lib/python3.10/site-packages/airflow/example_dags/example_dag_decorator.py
[2024-06-18T13:25:03.990+0400] {processor.py:830} INFO - Processing file /home/user/Desktop/airflowproj/py_env/lib/python3.10/site-packages/airflow/example_dags/example_dag_decorator.py for tasks to queue
[2024-06-18T13:25:03.992+0400] {logging_mixin.py:188} INFO - [2024-06-18T13:25:03.992+0400] {dagbag.py:545} INFO - Filling up the DagBag from /home/user/Desktop/airflowproj/py_env/lib/python3.10/site-packages/airflow/example_dags/example_dag_decorator.py
[2024-06-18T13:25:04.033+0400] {processor.py:840} INFO - DAG(s) 'example_dag_decorator' retrieved from /home/user/Desktop/airflowproj/py_env/lib/python3.10/site-packages/airflow/example_dags/example_dag_decorator.py
[2024-06-18T13:25:04.073+0400] {logging_mixin.py:188} INFO - [2024-06-18T13:25:04.073+0400] {dag.py:3096} INFO - Sync 1 DAGs
[2024-06-18T13:25:04.077+0400] {logging_mixin.py:188} INFO - [2024-06-18T13:25:04.077+0400] {dag.py:3954} INFO - Setting next_dagrun for example_dag_decorator to None, run_after=None
[2024-06-18T13:25:04.091+0400] {processor.py:183} INFO - Processing /home/user/Desktop/airflowproj/py_env/lib/python3.10/site-packages/airflow/example_dags/example_dag_decorator.py took 0.107 seconds
[2024-06-18T13:25:42.879+0400] {processor.py:161} INFO - Started process (PID=57951) to work on /home/user/Desktop/airflowproj/py_env/lib/python3.10/site-packages/airflow/example_dags/example_dag_decorator.py
[2024-06-18T13:25:42.881+0400] {processor.py:830} INFO - Processing file /home/user/Desktop/airflowproj/py_env/lib/python3.10/site-packages/airflow/example_dags/example_dag_decorator.py for tasks to queue
[2024-06-18T13:25:42.882+0400] {logging_mixin.py:188} INFO - [2024-06-18T13:25:42.882+0400] {dagbag.py:545} INFO - Filling up the DagBag from /home/user/Desktop/airflowproj/py_env/lib/python3.10/site-packages/airflow/example_dags/example_dag_decorator.py
[2024-06-18T13:25:42.919+0400] {processor.py:840} INFO - DAG(s) 'example_dag_decorator' retrieved from /home/user/Desktop/airflowproj/py_env/lib/python3.10/site-packages/airflow/example_dags/example_dag_decorator.py
[2024-06-18T13:25:42.927+0400] {logging_mixin.py:188} INFO - [2024-06-18T13:25:42.927+0400] {dag.py:3096} INFO - Sync 1 DAGs
[2024-06-18T13:25:42.932+0400] {logging_mixin.py:188} INFO - [2024-06-18T13:25:42.932+0400] {dag.py:3954} INFO - Setting next_dagrun for example_dag_decorator to None, run_after=None
[2024-06-18T13:25:42.945+0400] {processor.py:183} INFO - Processing /home/user/Desktop/airflowproj/py_env/lib/python3.10/site-packages/airflow/example_dags/example_dag_decorator.py took 0.070 seconds
[2024-06-18T13:26:21.437+0400] {processor.py:161} INFO - Started process (PID=58072) to work on /home/user/Desktop/airflowproj/py_env/lib/python3.10/site-packages/airflow/example_dags/example_dag_decorator.py
[2024-06-18T13:26:21.439+0400] {processor.py:830} INFO - Processing file /home/user/Desktop/airflowproj/py_env/lib/python3.10/site-packages/airflow/example_dags/example_dag_decorator.py for tasks to queue
[2024-06-18T13:26:21.440+0400] {logging_mixin.py:188} INFO - [2024-06-18T13:26:21.440+0400] {dagbag.py:545} INFO - Filling up the DagBag from /home/user/Desktop/airflowproj/py_env/lib/python3.10/site-packages/airflow/example_dags/example_dag_decorator.py
[2024-06-18T13:26:21.481+0400] {processor.py:840} INFO - DAG(s) 'example_dag_decorator' retrieved from /home/user/Desktop/airflowproj/py_env/lib/python3.10/site-packages/airflow/example_dags/example_dag_decorator.py
[2024-06-18T13:26:21.490+0400] {logging_mixin.py:188} INFO - [2024-06-18T13:26:21.489+0400] {dag.py:3096} INFO - Sync 1 DAGs
[2024-06-18T13:26:21.494+0400] {logging_mixin.py:188} INFO - [2024-06-18T13:26:21.494+0400] {dag.py:3954} INFO - Setting next_dagrun for example_dag_decorator to None, run_after=None
[2024-06-18T13:26:21.508+0400] {processor.py:183} INFO - Processing /home/user/Desktop/airflowproj/py_env/lib/python3.10/site-packages/airflow/example_dags/example_dag_decorator.py took 0.077 seconds
[2024-06-18T13:27:01.195+0400] {processor.py:161} INFO - Started process (PID=58212) to work on /home/user/Desktop/airflowproj/py_env/lib/python3.10/site-packages/airflow/example_dags/example_dag_decorator.py
[2024-06-18T13:27:01.197+0400] {processor.py:830} INFO - Processing file /home/user/Desktop/airflowproj/py_env/lib/python3.10/site-packages/airflow/example_dags/example_dag_decorator.py for tasks to queue
[2024-06-18T13:27:01.198+0400] {logging_mixin.py:188} INFO - [2024-06-18T13:27:01.198+0400] {dagbag.py:545} INFO - Filling up the DagBag from /home/user/Desktop/airflowproj/py_env/lib/python3.10/site-packages/airflow/example_dags/example_dag_decorator.py
[2024-06-18T13:27:01.237+0400] {processor.py:840} INFO - DAG(s) 'example_dag_decorator' retrieved from /home/user/Desktop/airflowproj/py_env/lib/python3.10/site-packages/airflow/example_dags/example_dag_decorator.py
[2024-06-18T13:27:01.247+0400] {logging_mixin.py:188} INFO - [2024-06-18T13:27:01.246+0400] {dag.py:3096} INFO - Sync 1 DAGs
[2024-06-18T13:27:01.252+0400] {logging_mixin.py:188} INFO - [2024-06-18T13:27:01.252+0400] {dag.py:3954} INFO - Setting next_dagrun for example_dag_decorator to None, run_after=None
[2024-06-18T13:27:01.265+0400] {processor.py:183} INFO - Processing /home/user/Desktop/airflowproj/py_env/lib/python3.10/site-packages/airflow/example_dags/example_dag_decorator.py took 0.074 seconds
[2024-06-18T13:27:38.320+0400] {processor.py:161} INFO - Started process (PID=58345) to work on /home/user/Desktop/airflowproj/py_env/lib/python3.10/site-packages/airflow/example_dags/example_dag_decorator.py
[2024-06-18T13:27:38.322+0400] {processor.py:830} INFO - Processing file /home/user/Desktop/airflowproj/py_env/lib/python3.10/site-packages/airflow/example_dags/example_dag_decorator.py for tasks to queue
[2024-06-18T13:27:38.323+0400] {logging_mixin.py:188} INFO - [2024-06-18T13:27:38.323+0400] {dagbag.py:545} INFO - Filling up the DagBag from /home/user/Desktop/airflowproj/py_env/lib/python3.10/site-packages/airflow/example_dags/example_dag_decorator.py
[2024-06-18T13:27:38.360+0400] {processor.py:840} INFO - DAG(s) 'example_dag_decorator' retrieved from /home/user/Desktop/airflowproj/py_env/lib/python3.10/site-packages/airflow/example_dags/example_dag_decorator.py
[2024-06-18T13:27:38.370+0400] {logging_mixin.py:188} INFO - [2024-06-18T13:27:38.370+0400] {dag.py:3096} INFO - Sync 1 DAGs
[2024-06-18T13:27:38.375+0400] {logging_mixin.py:188} INFO - [2024-06-18T13:27:38.375+0400] {dag.py:3954} INFO - Setting next_dagrun for example_dag_decorator to None, run_after=None
[2024-06-18T13:27:38.389+0400] {processor.py:183} INFO - Processing /home/user/Desktop/airflowproj/py_env/lib/python3.10/site-packages/airflow/example_dags/example_dag_decorator.py took 0.072 seconds
[2024-06-18T13:28:34.959+0400] {processor.py:161} INFO - Started process (PID=58577) to work on /home/user/Desktop/airflowproj/py_env/lib/python3.10/site-packages/airflow/example_dags/example_dag_decorator.py
[2024-06-18T13:28:34.962+0400] {processor.py:830} INFO - Processing file /home/user/Desktop/airflowproj/py_env/lib/python3.10/site-packages/airflow/example_dags/example_dag_decorator.py for tasks to queue
[2024-06-18T13:28:34.963+0400] {logging_mixin.py:188} INFO - [2024-06-18T13:28:34.963+0400] {dagbag.py:545} INFO - Filling up the DagBag from /home/user/Desktop/airflowproj/py_env/lib/python3.10/site-packages/airflow/example_dags/example_dag_decorator.py
[2024-06-18T13:28:35.003+0400] {processor.py:840} INFO - DAG(s) 'example_dag_decorator' retrieved from /home/user/Desktop/airflowproj/py_env/lib/python3.10/site-packages/airflow/example_dags/example_dag_decorator.py
[2024-06-18T13:28:35.085+0400] {logging_mixin.py:188} INFO - [2024-06-18T13:28:35.085+0400] {dag.py:3096} INFO - Sync 1 DAGs
[2024-06-18T13:28:35.089+0400] {logging_mixin.py:188} INFO - [2024-06-18T13:28:35.089+0400] {dag.py:3954} INFO - Setting next_dagrun for example_dag_decorator to None, run_after=None
[2024-06-18T13:28:35.101+0400] {processor.py:183} INFO - Processing /home/user/Desktop/airflowproj/py_env/lib/python3.10/site-packages/airflow/example_dags/example_dag_decorator.py took 0.146 seconds
[2024-06-18T13:29:13.468+0400] {processor.py:161} INFO - Started process (PID=58700) to work on /home/user/Desktop/airflowproj/py_env/lib/python3.10/site-packages/airflow/example_dags/example_dag_decorator.py
[2024-06-18T13:29:13.471+0400] {processor.py:830} INFO - Processing file /home/user/Desktop/airflowproj/py_env/lib/python3.10/site-packages/airflow/example_dags/example_dag_decorator.py for tasks to queue
[2024-06-18T13:29:13.472+0400] {logging_mixin.py:188} INFO - [2024-06-18T13:29:13.471+0400] {dagbag.py:545} INFO - Filling up the DagBag from /home/user/Desktop/airflowproj/py_env/lib/python3.10/site-packages/airflow/example_dags/example_dag_decorator.py
[2024-06-18T13:29:13.517+0400] {processor.py:840} INFO - DAG(s) 'example_dag_decorator' retrieved from /home/user/Desktop/airflowproj/py_env/lib/python3.10/site-packages/airflow/example_dags/example_dag_decorator.py
[2024-06-18T13:29:13.526+0400] {logging_mixin.py:188} INFO - [2024-06-18T13:29:13.526+0400] {dag.py:3096} INFO - Sync 1 DAGs
[2024-06-18T13:29:13.532+0400] {logging_mixin.py:188} INFO - [2024-06-18T13:29:13.532+0400] {dag.py:3954} INFO - Setting next_dagrun for example_dag_decorator to None, run_after=None
[2024-06-18T13:29:13.545+0400] {processor.py:183} INFO - Processing /home/user/Desktop/airflowproj/py_env/lib/python3.10/site-packages/airflow/example_dags/example_dag_decorator.py took 0.080 seconds
[2024-06-18T13:30:09.677+0400] {processor.py:161} INFO - Started process (PID=58927) to work on /home/user/Desktop/airflowproj/py_env/lib/python3.10/site-packages/airflow/example_dags/example_dag_decorator.py
[2024-06-18T13:30:09.679+0400] {processor.py:830} INFO - Processing file /home/user/Desktop/airflowproj/py_env/lib/python3.10/site-packages/airflow/example_dags/example_dag_decorator.py for tasks to queue
[2024-06-18T13:30:09.680+0400] {logging_mixin.py:188} INFO - [2024-06-18T13:30:09.680+0400] {dagbag.py:545} INFO - Filling up the DagBag from /home/user/Desktop/airflowproj/py_env/lib/python3.10/site-packages/airflow/example_dags/example_dag_decorator.py
[2024-06-18T13:30:09.718+0400] {processor.py:840} INFO - DAG(s) 'example_dag_decorator' retrieved from /home/user/Desktop/airflowproj/py_env/lib/python3.10/site-packages/airflow/example_dags/example_dag_decorator.py
[2024-06-18T13:30:09.807+0400] {logging_mixin.py:188} INFO - [2024-06-18T13:30:09.807+0400] {dag.py:3096} INFO - Sync 1 DAGs
[2024-06-18T13:30:09.811+0400] {logging_mixin.py:188} INFO - [2024-06-18T13:30:09.811+0400] {dag.py:3954} INFO - Setting next_dagrun for example_dag_decorator to None, run_after=None
[2024-06-18T13:30:09.824+0400] {processor.py:183} INFO - Processing /home/user/Desktop/airflowproj/py_env/lib/python3.10/site-packages/airflow/example_dags/example_dag_decorator.py took 0.150 seconds
[2024-06-18T13:30:48.822+0400] {processor.py:161} INFO - Started process (PID=59123) to work on /home/user/Desktop/airflowproj/py_env/lib/python3.10/site-packages/airflow/example_dags/example_dag_decorator.py
[2024-06-18T13:30:48.824+0400] {processor.py:830} INFO - Processing file /home/user/Desktop/airflowproj/py_env/lib/python3.10/site-packages/airflow/example_dags/example_dag_decorator.py for tasks to queue
[2024-06-18T13:30:48.826+0400] {logging_mixin.py:188} INFO - [2024-06-18T13:30:48.825+0400] {dagbag.py:545} INFO - Filling up the DagBag from /home/user/Desktop/airflowproj/py_env/lib/python3.10/site-packages/airflow/example_dags/example_dag_decorator.py
[2024-06-18T13:30:48.864+0400] {processor.py:840} INFO - DAG(s) 'example_dag_decorator' retrieved from /home/user/Desktop/airflowproj/py_env/lib/python3.10/site-packages/airflow/example_dags/example_dag_decorator.py
[2024-06-18T13:30:48.873+0400] {logging_mixin.py:188} INFO - [2024-06-18T13:30:48.873+0400] {dag.py:3096} INFO - Sync 1 DAGs
[2024-06-18T13:30:48.878+0400] {logging_mixin.py:188} INFO - [2024-06-18T13:30:48.878+0400] {dag.py:3954} INFO - Setting next_dagrun for example_dag_decorator to None, run_after=None
[2024-06-18T13:30:48.933+0400] {processor.py:183} INFO - Processing /home/user/Desktop/airflowproj/py_env/lib/python3.10/site-packages/airflow/example_dags/example_dag_decorator.py took 0.116 seconds
[2024-06-18T13:31:29.488+0400] {processor.py:161} INFO - Started process (PID=59281) to work on /home/user/Desktop/airflowproj/py_env/lib/python3.10/site-packages/airflow/example_dags/example_dag_decorator.py
[2024-06-18T13:31:29.490+0400] {processor.py:830} INFO - Processing file /home/user/Desktop/airflowproj/py_env/lib/python3.10/site-packages/airflow/example_dags/example_dag_decorator.py for tasks to queue
[2024-06-18T13:31:29.491+0400] {logging_mixin.py:188} INFO - [2024-06-18T13:31:29.490+0400] {dagbag.py:545} INFO - Filling up the DagBag from /home/user/Desktop/airflowproj/py_env/lib/python3.10/site-packages/airflow/example_dags/example_dag_decorator.py
[2024-06-18T13:31:29.534+0400] {processor.py:840} INFO - DAG(s) 'example_dag_decorator' retrieved from /home/user/Desktop/airflowproj/py_env/lib/python3.10/site-packages/airflow/example_dags/example_dag_decorator.py
[2024-06-18T13:31:29.543+0400] {logging_mixin.py:188} INFO - [2024-06-18T13:31:29.543+0400] {dag.py:3096} INFO - Sync 1 DAGs
[2024-06-18T13:31:29.548+0400] {logging_mixin.py:188} INFO - [2024-06-18T13:31:29.548+0400] {dag.py:3954} INFO - Setting next_dagrun for example_dag_decorator to None, run_after=None
[2024-06-18T13:31:29.561+0400] {processor.py:183} INFO - Processing /home/user/Desktop/airflowproj/py_env/lib/python3.10/site-packages/airflow/example_dags/example_dag_decorator.py took 0.076 seconds
[2024-06-18T13:32:13.968+0400] {processor.py:161} INFO - Started process (PID=59608) to work on /home/user/Desktop/airflowproj/py_env/lib/python3.10/site-packages/airflow/example_dags/example_dag_decorator.py
[2024-06-18T13:32:13.970+0400] {processor.py:830} INFO - Processing file /home/user/Desktop/airflowproj/py_env/lib/python3.10/site-packages/airflow/example_dags/example_dag_decorator.py for tasks to queue
[2024-06-18T13:32:13.971+0400] {logging_mixin.py:188} INFO - [2024-06-18T13:32:13.970+0400] {dagbag.py:545} INFO - Filling up the DagBag from /home/user/Desktop/airflowproj/py_env/lib/python3.10/site-packages/airflow/example_dags/example_dag_decorator.py
[2024-06-18T13:32:14.007+0400] {processor.py:840} INFO - DAG(s) 'example_dag_decorator' retrieved from /home/user/Desktop/airflowproj/py_env/lib/python3.10/site-packages/airflow/example_dags/example_dag_decorator.py
[2024-06-18T13:32:14.016+0400] {logging_mixin.py:188} INFO - [2024-06-18T13:32:14.015+0400] {dag.py:3096} INFO - Sync 1 DAGs
[2024-06-18T13:32:14.020+0400] {logging_mixin.py:188} INFO - [2024-06-18T13:32:14.020+0400] {dag.py:3954} INFO - Setting next_dagrun for example_dag_decorator to None, run_after=None
[2024-06-18T13:32:14.034+0400] {processor.py:183} INFO - Processing /home/user/Desktop/airflowproj/py_env/lib/python3.10/site-packages/airflow/example_dags/example_dag_decorator.py took 0.070 seconds
