[2024-06-18T12:40:41.978+0400] {processor.py:161} INFO - Started process (PID=45727) to work on /home/user/Desktop/airflowproj/py_env/lib/python3.10/site-packages/airflow/example_dags/example_branch_operator_decorator.py
[2024-06-18T12:40:41.978+0400] {processor.py:830} INFO - Processing file /home/user/Desktop/airflowproj/py_env/lib/python3.10/site-packages/airflow/example_dags/example_branch_operator_decorator.py for tasks to queue
[2024-06-18T12:40:41.979+0400] {logging_mixin.py:188} INFO - [2024-06-18T12:40:41.979+0400] {dagbag.py:545} INFO - Filling up the DagBag from /home/user/Desktop/airflowproj/py_env/lib/python3.10/site-packages/airflow/example_dags/example_branch_operator_decorator.py
[2024-06-18T12:40:41.981+0400] {processor.py:842} WARNING - No viable dags retrieved from /home/user/Desktop/airflowproj/py_env/lib/python3.10/site-packages/airflow/example_dags/example_branch_operator_decorator.py
[2024-06-18T12:40:41.986+0400] {processor.py:183} INFO - Processing /home/user/Desktop/airflowproj/py_env/lib/python3.10/site-packages/airflow/example_dags/example_branch_operator_decorator.py took 0.012 seconds
[2024-06-18T12:43:16.883+0400] {processor.py:161} INFO - Started process (PID=46659) to work on /home/user/Desktop/airflowproj/py_env/lib/python3.10/site-packages/airflow/example_dags/example_branch_operator_decorator.py
[2024-06-18T12:43:16.886+0400] {processor.py:830} INFO - Processing file /home/user/Desktop/airflowproj/py_env/lib/python3.10/site-packages/airflow/example_dags/example_branch_operator_decorator.py for tasks to queue
[2024-06-18T12:43:16.887+0400] {logging_mixin.py:188} INFO - [2024-06-18T12:43:16.887+0400] {dagbag.py:545} INFO - Filling up the DagBag from /home/user/Desktop/airflowproj/py_env/lib/python3.10/site-packages/airflow/example_dags/example_branch_operator_decorator.py
[2024-06-18T12:43:16.889+0400] {processor.py:842} WARNING - No viable dags retrieved from /home/user/Desktop/airflowproj/py_env/lib/python3.10/site-packages/airflow/example_dags/example_branch_operator_decorator.py
[2024-06-18T12:43:16.896+0400] {processor.py:183} INFO - Processing /home/user/Desktop/airflowproj/py_env/lib/python3.10/site-packages/airflow/example_dags/example_branch_operator_decorator.py took 0.016 seconds
[2024-06-18T12:44:08.208+0400] {processor.py:161} INFO - Started process (PID=46786) to work on /home/user/Desktop/airflowproj/py_env/lib/python3.10/site-packages/airflow/example_dags/example_branch_operator_decorator.py
[2024-06-18T12:44:08.210+0400] {processor.py:830} INFO - Processing file /home/user/Desktop/airflowproj/py_env/lib/python3.10/site-packages/airflow/example_dags/example_branch_operator_decorator.py for tasks to queue
[2024-06-18T12:44:08.211+0400] {logging_mixin.py:188} INFO - [2024-06-18T12:44:08.210+0400] {dagbag.py:545} INFO - Filling up the DagBag from /home/user/Desktop/airflowproj/py_env/lib/python3.10/site-packages/airflow/example_dags/example_branch_operator_decorator.py
[2024-06-18T12:44:08.212+0400] {processor.py:842} WARNING - No viable dags retrieved from /home/user/Desktop/airflowproj/py_env/lib/python3.10/site-packages/airflow/example_dags/example_branch_operator_decorator.py
[2024-06-18T12:44:08.217+0400] {processor.py:183} INFO - Processing /home/user/Desktop/airflowproj/py_env/lib/python3.10/site-packages/airflow/example_dags/example_branch_operator_decorator.py took 0.013 seconds
[2024-06-18T12:45:11.534+0400] {processor.py:161} INFO - Started process (PID=46992) to work on /home/user/Desktop/airflowproj/py_env/lib/python3.10/site-packages/airflow/example_dags/example_branch_operator_decorator.py
[2024-06-18T12:45:11.536+0400] {processor.py:830} INFO - Processing file /home/user/Desktop/airflowproj/py_env/lib/python3.10/site-packages/airflow/example_dags/example_branch_operator_decorator.py for tasks to queue
[2024-06-18T12:45:11.537+0400] {logging_mixin.py:188} INFO - [2024-06-18T12:45:11.537+0400] {dagbag.py:545} INFO - Filling up the DagBag from /home/user/Desktop/airflowproj/py_env/lib/python3.10/site-packages/airflow/example_dags/example_branch_operator_decorator.py
[2024-06-18T12:45:11.539+0400] {processor.py:842} WARNING - No viable dags retrieved from /home/user/Desktop/airflowproj/py_env/lib/python3.10/site-packages/airflow/example_dags/example_branch_operator_decorator.py
[2024-06-18T12:45:11.545+0400] {processor.py:183} INFO - Processing /home/user/Desktop/airflowproj/py_env/lib/python3.10/site-packages/airflow/example_dags/example_branch_operator_decorator.py took 0.017 seconds
[2024-06-18T12:46:10.216+0400] {processor.py:161} INFO - Started process (PID=47111) to work on /home/user/Desktop/airflowproj/py_env/lib/python3.10/site-packages/airflow/example_dags/example_branch_operator_decorator.py
[2024-06-18T12:46:10.218+0400] {processor.py:830} INFO - Processing file /home/user/Desktop/airflowproj/py_env/lib/python3.10/site-packages/airflow/example_dags/example_branch_operator_decorator.py for tasks to queue
[2024-06-18T12:46:10.219+0400] {logging_mixin.py:188} INFO - [2024-06-18T12:46:10.219+0400] {dagbag.py:545} INFO - Filling up the DagBag from /home/user/Desktop/airflowproj/py_env/lib/python3.10/site-packages/airflow/example_dags/example_branch_operator_decorator.py
[2024-06-18T12:46:10.221+0400] {processor.py:842} WARNING - No viable dags retrieved from /home/user/Desktop/airflowproj/py_env/lib/python3.10/site-packages/airflow/example_dags/example_branch_operator_decorator.py
[2024-06-18T12:46:10.226+0400] {processor.py:183} INFO - Processing /home/user/Desktop/airflowproj/py_env/lib/python3.10/site-packages/airflow/example_dags/example_branch_operator_decorator.py took 0.014 seconds
[2024-06-18T12:47:09.589+0400] {processor.py:161} INFO - Started process (PID=47882) to work on /home/user/Desktop/airflowproj/py_env/lib/python3.10/site-packages/airflow/example_dags/example_branch_operator_decorator.py
[2024-06-18T12:47:09.591+0400] {processor.py:830} INFO - Processing file /home/user/Desktop/airflowproj/py_env/lib/python3.10/site-packages/airflow/example_dags/example_branch_operator_decorator.py for tasks to queue
[2024-06-18T12:47:09.592+0400] {logging_mixin.py:188} INFO - [2024-06-18T12:47:09.592+0400] {dagbag.py:545} INFO - Filling up the DagBag from /home/user/Desktop/airflowproj/py_env/lib/python3.10/site-packages/airflow/example_dags/example_branch_operator_decorator.py
[2024-06-18T12:47:09.594+0400] {processor.py:842} WARNING - No viable dags retrieved from /home/user/Desktop/airflowproj/py_env/lib/python3.10/site-packages/airflow/example_dags/example_branch_operator_decorator.py
[2024-06-18T12:47:09.603+0400] {processor.py:183} INFO - Processing /home/user/Desktop/airflowproj/py_env/lib/python3.10/site-packages/airflow/example_dags/example_branch_operator_decorator.py took 0.019 seconds
[2024-06-18T12:48:06.622+0400] {processor.py:161} INFO - Started process (PID=48204) to work on /home/user/Desktop/airflowproj/py_env/lib/python3.10/site-packages/airflow/example_dags/example_branch_operator_decorator.py
[2024-06-18T12:48:06.623+0400] {processor.py:830} INFO - Processing file /home/user/Desktop/airflowproj/py_env/lib/python3.10/site-packages/airflow/example_dags/example_branch_operator_decorator.py for tasks to queue
[2024-06-18T12:48:06.624+0400] {logging_mixin.py:188} INFO - [2024-06-18T12:48:06.624+0400] {dagbag.py:545} INFO - Filling up the DagBag from /home/user/Desktop/airflowproj/py_env/lib/python3.10/site-packages/airflow/example_dags/example_branch_operator_decorator.py
[2024-06-18T12:48:06.626+0400] {processor.py:842} WARNING - No viable dags retrieved from /home/user/Desktop/airflowproj/py_env/lib/python3.10/site-packages/airflow/example_dags/example_branch_operator_decorator.py
[2024-06-18T12:48:06.632+0400] {processor.py:183} INFO - Processing /home/user/Desktop/airflowproj/py_env/lib/python3.10/site-packages/airflow/example_dags/example_branch_operator_decorator.py took 0.017 seconds
[2024-06-18T12:48:58.044+0400] {processor.py:161} INFO - Started process (PID=48463) to work on /home/user/Desktop/airflowproj/py_env/lib/python3.10/site-packages/airflow/example_dags/example_branch_operator_decorator.py
[2024-06-18T12:48:58.046+0400] {processor.py:830} INFO - Processing file /home/user/Desktop/airflowproj/py_env/lib/python3.10/site-packages/airflow/example_dags/example_branch_operator_decorator.py for tasks to queue
[2024-06-18T12:48:58.047+0400] {logging_mixin.py:188} INFO - [2024-06-18T12:48:58.047+0400] {dagbag.py:545} INFO - Filling up the DagBag from /home/user/Desktop/airflowproj/py_env/lib/python3.10/site-packages/airflow/example_dags/example_branch_operator_decorator.py
[2024-06-18T12:48:58.049+0400] {processor.py:842} WARNING - No viable dags retrieved from /home/user/Desktop/airflowproj/py_env/lib/python3.10/site-packages/airflow/example_dags/example_branch_operator_decorator.py
[2024-06-18T12:48:58.054+0400] {processor.py:183} INFO - Processing /home/user/Desktop/airflowproj/py_env/lib/python3.10/site-packages/airflow/example_dags/example_branch_operator_decorator.py took 0.013 seconds
[2024-06-18T12:49:56.337+0400] {processor.py:161} INFO - Started process (PID=48717) to work on /home/user/Desktop/airflowproj/py_env/lib/python3.10/site-packages/airflow/example_dags/example_branch_operator_decorator.py
[2024-06-18T12:49:56.339+0400] {processor.py:830} INFO - Processing file /home/user/Desktop/airflowproj/py_env/lib/python3.10/site-packages/airflow/example_dags/example_branch_operator_decorator.py for tasks to queue
[2024-06-18T12:49:56.340+0400] {logging_mixin.py:188} INFO - [2024-06-18T12:49:56.340+0400] {dagbag.py:545} INFO - Filling up the DagBag from /home/user/Desktop/airflowproj/py_env/lib/python3.10/site-packages/airflow/example_dags/example_branch_operator_decorator.py
[2024-06-18T12:49:56.341+0400] {processor.py:842} WARNING - No viable dags retrieved from /home/user/Desktop/airflowproj/py_env/lib/python3.10/site-packages/airflow/example_dags/example_branch_operator_decorator.py
[2024-06-18T12:49:56.347+0400] {processor.py:183} INFO - Processing /home/user/Desktop/airflowproj/py_env/lib/python3.10/site-packages/airflow/example_dags/example_branch_operator_decorator.py took 0.014 seconds
[2024-06-18T12:50:57.016+0400] {processor.py:161} INFO - Started process (PID=48884) to work on /home/user/Desktop/airflowproj/py_env/lib/python3.10/site-packages/airflow/example_dags/example_branch_operator_decorator.py
[2024-06-18T12:50:57.018+0400] {processor.py:830} INFO - Processing file /home/user/Desktop/airflowproj/py_env/lib/python3.10/site-packages/airflow/example_dags/example_branch_operator_decorator.py for tasks to queue
[2024-06-18T12:50:57.019+0400] {logging_mixin.py:188} INFO - [2024-06-18T12:50:57.019+0400] {dagbag.py:545} INFO - Filling up the DagBag from /home/user/Desktop/airflowproj/py_env/lib/python3.10/site-packages/airflow/example_dags/example_branch_operator_decorator.py
[2024-06-18T12:50:57.020+0400] {processor.py:842} WARNING - No viable dags retrieved from /home/user/Desktop/airflowproj/py_env/lib/python3.10/site-packages/airflow/example_dags/example_branch_operator_decorator.py
[2024-06-18T12:50:57.026+0400] {processor.py:183} INFO - Processing /home/user/Desktop/airflowproj/py_env/lib/python3.10/site-packages/airflow/example_dags/example_branch_operator_decorator.py took 0.016 seconds
[2024-06-18T12:51:55.855+0400] {processor.py:161} INFO - Started process (PID=49134) to work on /home/user/Desktop/airflowproj/py_env/lib/python3.10/site-packages/airflow/example_dags/example_branch_operator_decorator.py
[2024-06-18T12:51:55.857+0400] {processor.py:830} INFO - Processing file /home/user/Desktop/airflowproj/py_env/lib/python3.10/site-packages/airflow/example_dags/example_branch_operator_decorator.py for tasks to queue
[2024-06-18T12:51:55.858+0400] {logging_mixin.py:188} INFO - [2024-06-18T12:51:55.857+0400] {dagbag.py:545} INFO - Filling up the DagBag from /home/user/Desktop/airflowproj/py_env/lib/python3.10/site-packages/airflow/example_dags/example_branch_operator_decorator.py
[2024-06-18T12:51:55.859+0400] {processor.py:842} WARNING - No viable dags retrieved from /home/user/Desktop/airflowproj/py_env/lib/python3.10/site-packages/airflow/example_dags/example_branch_operator_decorator.py
[2024-06-18T12:51:55.864+0400] {processor.py:183} INFO - Processing /home/user/Desktop/airflowproj/py_env/lib/python3.10/site-packages/airflow/example_dags/example_branch_operator_decorator.py took 0.012 seconds
[2024-06-18T12:52:54.156+0400] {processor.py:161} INFO - Started process (PID=49310) to work on /home/user/Desktop/airflowproj/py_env/lib/python3.10/site-packages/airflow/example_dags/example_branch_operator_decorator.py
[2024-06-18T12:52:54.157+0400] {processor.py:830} INFO - Processing file /home/user/Desktop/airflowproj/py_env/lib/python3.10/site-packages/airflow/example_dags/example_branch_operator_decorator.py for tasks to queue
[2024-06-18T12:52:54.158+0400] {logging_mixin.py:188} INFO - [2024-06-18T12:52:54.157+0400] {dagbag.py:545} INFO - Filling up the DagBag from /home/user/Desktop/airflowproj/py_env/lib/python3.10/site-packages/airflow/example_dags/example_branch_operator_decorator.py
[2024-06-18T12:52:54.160+0400] {processor.py:842} WARNING - No viable dags retrieved from /home/user/Desktop/airflowproj/py_env/lib/python3.10/site-packages/airflow/example_dags/example_branch_operator_decorator.py
[2024-06-18T12:52:54.166+0400] {processor.py:183} INFO - Processing /home/user/Desktop/airflowproj/py_env/lib/python3.10/site-packages/airflow/example_dags/example_branch_operator_decorator.py took 0.013 seconds
[2024-06-18T12:53:52.455+0400] {processor.py:161} INFO - Started process (PID=49614) to work on /home/user/Desktop/airflowproj/py_env/lib/python3.10/site-packages/airflow/example_dags/example_branch_operator_decorator.py
[2024-06-18T12:53:52.458+0400] {processor.py:830} INFO - Processing file /home/user/Desktop/airflowproj/py_env/lib/python3.10/site-packages/airflow/example_dags/example_branch_operator_decorator.py for tasks to queue
[2024-06-18T12:53:52.459+0400] {logging_mixin.py:188} INFO - [2024-06-18T12:53:52.459+0400] {dagbag.py:545} INFO - Filling up the DagBag from /home/user/Desktop/airflowproj/py_env/lib/python3.10/site-packages/airflow/example_dags/example_branch_operator_decorator.py
[2024-06-18T12:53:52.461+0400] {processor.py:842} WARNING - No viable dags retrieved from /home/user/Desktop/airflowproj/py_env/lib/python3.10/site-packages/airflow/example_dags/example_branch_operator_decorator.py
[2024-06-18T12:53:52.466+0400] {processor.py:183} INFO - Processing /home/user/Desktop/airflowproj/py_env/lib/python3.10/site-packages/airflow/example_dags/example_branch_operator_decorator.py took 0.017 seconds
[2024-06-18T12:54:49.008+0400] {processor.py:161} INFO - Started process (PID=49743) to work on /home/user/Desktop/airflowproj/py_env/lib/python3.10/site-packages/airflow/example_dags/example_branch_operator_decorator.py
[2024-06-18T12:54:49.010+0400] {processor.py:830} INFO - Processing file /home/user/Desktop/airflowproj/py_env/lib/python3.10/site-packages/airflow/example_dags/example_branch_operator_decorator.py for tasks to queue
[2024-06-18T12:54:49.011+0400] {logging_mixin.py:188} INFO - [2024-06-18T12:54:49.011+0400] {dagbag.py:545} INFO - Filling up the DagBag from /home/user/Desktop/airflowproj/py_env/lib/python3.10/site-packages/airflow/example_dags/example_branch_operator_decorator.py
[2024-06-18T12:54:49.013+0400] {processor.py:842} WARNING - No viable dags retrieved from /home/user/Desktop/airflowproj/py_env/lib/python3.10/site-packages/airflow/example_dags/example_branch_operator_decorator.py
[2024-06-18T12:54:49.018+0400] {processor.py:183} INFO - Processing /home/user/Desktop/airflowproj/py_env/lib/python3.10/site-packages/airflow/example_dags/example_branch_operator_decorator.py took 0.014 seconds
[2024-06-18T12:55:47.838+0400] {processor.py:161} INFO - Started process (PID=50074) to work on /home/user/Desktop/airflowproj/py_env/lib/python3.10/site-packages/airflow/example_dags/example_branch_operator_decorator.py
[2024-06-18T12:55:47.840+0400] {processor.py:830} INFO - Processing file /home/user/Desktop/airflowproj/py_env/lib/python3.10/site-packages/airflow/example_dags/example_branch_operator_decorator.py for tasks to queue
[2024-06-18T12:55:47.841+0400] {logging_mixin.py:188} INFO - [2024-06-18T12:55:47.841+0400] {dagbag.py:545} INFO - Filling up the DagBag from /home/user/Desktop/airflowproj/py_env/lib/python3.10/site-packages/airflow/example_dags/example_branch_operator_decorator.py
[2024-06-18T12:55:47.842+0400] {processor.py:842} WARNING - No viable dags retrieved from /home/user/Desktop/airflowproj/py_env/lib/python3.10/site-packages/airflow/example_dags/example_branch_operator_decorator.py
[2024-06-18T12:55:47.847+0400] {processor.py:183} INFO - Processing /home/user/Desktop/airflowproj/py_env/lib/python3.10/site-packages/airflow/example_dags/example_branch_operator_decorator.py took 0.013 seconds
[2024-06-18T12:56:46.171+0400] {processor.py:161} INFO - Started process (PID=50304) to work on /home/user/Desktop/airflowproj/py_env/lib/python3.10/site-packages/airflow/example_dags/example_branch_operator_decorator.py
[2024-06-18T12:56:46.173+0400] {processor.py:830} INFO - Processing file /home/user/Desktop/airflowproj/py_env/lib/python3.10/site-packages/airflow/example_dags/example_branch_operator_decorator.py for tasks to queue
[2024-06-18T12:56:46.174+0400] {logging_mixin.py:188} INFO - [2024-06-18T12:56:46.174+0400] {dagbag.py:545} INFO - Filling up the DagBag from /home/user/Desktop/airflowproj/py_env/lib/python3.10/site-packages/airflow/example_dags/example_branch_operator_decorator.py
[2024-06-18T12:56:46.175+0400] {processor.py:842} WARNING - No viable dags retrieved from /home/user/Desktop/airflowproj/py_env/lib/python3.10/site-packages/airflow/example_dags/example_branch_operator_decorator.py
[2024-06-18T12:56:46.180+0400] {processor.py:183} INFO - Processing /home/user/Desktop/airflowproj/py_env/lib/python3.10/site-packages/airflow/example_dags/example_branch_operator_decorator.py took 0.013 seconds
[2024-06-18T12:57:46.978+0400] {processor.py:161} INFO - Started process (PID=50561) to work on /home/user/Desktop/airflowproj/py_env/lib/python3.10/site-packages/airflow/example_dags/example_branch_operator_decorator.py
[2024-06-18T12:57:46.981+0400] {processor.py:830} INFO - Processing file /home/user/Desktop/airflowproj/py_env/lib/python3.10/site-packages/airflow/example_dags/example_branch_operator_decorator.py for tasks to queue
[2024-06-18T12:57:46.982+0400] {logging_mixin.py:188} INFO - [2024-06-18T12:57:46.982+0400] {dagbag.py:545} INFO - Filling up the DagBag from /home/user/Desktop/airflowproj/py_env/lib/python3.10/site-packages/airflow/example_dags/example_branch_operator_decorator.py
[2024-06-18T12:57:46.984+0400] {processor.py:842} WARNING - No viable dags retrieved from /home/user/Desktop/airflowproj/py_env/lib/python3.10/site-packages/airflow/example_dags/example_branch_operator_decorator.py
[2024-06-18T12:57:46.990+0400] {processor.py:183} INFO - Processing /home/user/Desktop/airflowproj/py_env/lib/python3.10/site-packages/airflow/example_dags/example_branch_operator_decorator.py took 0.016 seconds
[2024-06-18T12:58:43.528+0400] {processor.py:161} INFO - Started process (PID=51096) to work on /home/user/Desktop/airflowproj/py_env/lib/python3.10/site-packages/airflow/example_dags/example_branch_operator_decorator.py
[2024-06-18T12:58:43.530+0400] {processor.py:830} INFO - Processing file /home/user/Desktop/airflowproj/py_env/lib/python3.10/site-packages/airflow/example_dags/example_branch_operator_decorator.py for tasks to queue
[2024-06-18T12:58:43.531+0400] {logging_mixin.py:188} INFO - [2024-06-18T12:58:43.531+0400] {dagbag.py:545} INFO - Filling up the DagBag from /home/user/Desktop/airflowproj/py_env/lib/python3.10/site-packages/airflow/example_dags/example_branch_operator_decorator.py
[2024-06-18T12:58:43.533+0400] {processor.py:842} WARNING - No viable dags retrieved from /home/user/Desktop/airflowproj/py_env/lib/python3.10/site-packages/airflow/example_dags/example_branch_operator_decorator.py
[2024-06-18T12:58:43.538+0400] {processor.py:183} INFO - Processing /home/user/Desktop/airflowproj/py_env/lib/python3.10/site-packages/airflow/example_dags/example_branch_operator_decorator.py took 0.013 seconds
[2024-06-18T12:59:42.046+0400] {processor.py:161} INFO - Started process (PID=51455) to work on /home/user/Desktop/airflowproj/py_env/lib/python3.10/site-packages/airflow/example_dags/example_branch_operator_decorator.py
[2024-06-18T12:59:42.048+0400] {processor.py:830} INFO - Processing file /home/user/Desktop/airflowproj/py_env/lib/python3.10/site-packages/airflow/example_dags/example_branch_operator_decorator.py for tasks to queue
[2024-06-18T12:59:42.049+0400] {logging_mixin.py:188} INFO - [2024-06-18T12:59:42.049+0400] {dagbag.py:545} INFO - Filling up the DagBag from /home/user/Desktop/airflowproj/py_env/lib/python3.10/site-packages/airflow/example_dags/example_branch_operator_decorator.py
[2024-06-18T12:59:42.051+0400] {processor.py:842} WARNING - No viable dags retrieved from /home/user/Desktop/airflowproj/py_env/lib/python3.10/site-packages/airflow/example_dags/example_branch_operator_decorator.py
[2024-06-18T12:59:42.064+0400] {processor.py:183} INFO - Processing /home/user/Desktop/airflowproj/py_env/lib/python3.10/site-packages/airflow/example_dags/example_branch_operator_decorator.py took 0.022 seconds
[2024-06-18T13:00:36.907+0400] {processor.py:161} INFO - Started process (PID=51823) to work on /home/user/Desktop/airflowproj/py_env/lib/python3.10/site-packages/airflow/example_dags/example_branch_operator_decorator.py
[2024-06-18T13:00:36.909+0400] {processor.py:830} INFO - Processing file /home/user/Desktop/airflowproj/py_env/lib/python3.10/site-packages/airflow/example_dags/example_branch_operator_decorator.py for tasks to queue
[2024-06-18T13:00:36.910+0400] {logging_mixin.py:188} INFO - [2024-06-18T13:00:36.910+0400] {dagbag.py:545} INFO - Filling up the DagBag from /home/user/Desktop/airflowproj/py_env/lib/python3.10/site-packages/airflow/example_dags/example_branch_operator_decorator.py
[2024-06-18T13:00:36.913+0400] {processor.py:842} WARNING - No viable dags retrieved from /home/user/Desktop/airflowproj/py_env/lib/python3.10/site-packages/airflow/example_dags/example_branch_operator_decorator.py
[2024-06-18T13:00:36.920+0400] {processor.py:183} INFO - Processing /home/user/Desktop/airflowproj/py_env/lib/python3.10/site-packages/airflow/example_dags/example_branch_operator_decorator.py took 0.016 seconds
[2024-06-18T13:01:36.329+0400] {processor.py:161} INFO - Started process (PID=52163) to work on /home/user/Desktop/airflowproj/py_env/lib/python3.10/site-packages/airflow/example_dags/example_branch_operator_decorator.py
[2024-06-18T13:01:36.331+0400] {processor.py:830} INFO - Processing file /home/user/Desktop/airflowproj/py_env/lib/python3.10/site-packages/airflow/example_dags/example_branch_operator_decorator.py for tasks to queue
[2024-06-18T13:01:36.332+0400] {logging_mixin.py:188} INFO - [2024-06-18T13:01:36.331+0400] {dagbag.py:545} INFO - Filling up the DagBag from /home/user/Desktop/airflowproj/py_env/lib/python3.10/site-packages/airflow/example_dags/example_branch_operator_decorator.py
[2024-06-18T13:01:36.333+0400] {processor.py:842} WARNING - No viable dags retrieved from /home/user/Desktop/airflowproj/py_env/lib/python3.10/site-packages/airflow/example_dags/example_branch_operator_decorator.py
[2024-06-18T13:01:36.338+0400] {processor.py:183} INFO - Processing /home/user/Desktop/airflowproj/py_env/lib/python3.10/site-packages/airflow/example_dags/example_branch_operator_decorator.py took 0.012 seconds
[2024-06-18T13:02:35.747+0400] {processor.py:161} INFO - Started process (PID=52911) to work on /home/user/Desktop/airflowproj/py_env/lib/python3.10/site-packages/airflow/example_dags/example_branch_operator_decorator.py
[2024-06-18T13:02:35.750+0400] {processor.py:830} INFO - Processing file /home/user/Desktop/airflowproj/py_env/lib/python3.10/site-packages/airflow/example_dags/example_branch_operator_decorator.py for tasks to queue
[2024-06-18T13:02:35.751+0400] {logging_mixin.py:188} INFO - [2024-06-18T13:02:35.751+0400] {dagbag.py:545} INFO - Filling up the DagBag from /home/user/Desktop/airflowproj/py_env/lib/python3.10/site-packages/airflow/example_dags/example_branch_operator_decorator.py
[2024-06-18T13:02:35.754+0400] {processor.py:842} WARNING - No viable dags retrieved from /home/user/Desktop/airflowproj/py_env/lib/python3.10/site-packages/airflow/example_dags/example_branch_operator_decorator.py
[2024-06-18T13:02:35.759+0400] {processor.py:183} INFO - Processing /home/user/Desktop/airflowproj/py_env/lib/python3.10/site-packages/airflow/example_dags/example_branch_operator_decorator.py took 0.020 seconds
[2024-06-18T13:03:35.082+0400] {processor.py:161} INFO - Started process (PID=53135) to work on /home/user/Desktop/airflowproj/py_env/lib/python3.10/site-packages/airflow/example_dags/example_branch_operator_decorator.py
[2024-06-18T13:03:35.085+0400] {processor.py:830} INFO - Processing file /home/user/Desktop/airflowproj/py_env/lib/python3.10/site-packages/airflow/example_dags/example_branch_operator_decorator.py for tasks to queue
[2024-06-18T13:03:35.086+0400] {logging_mixin.py:188} INFO - [2024-06-18T13:03:35.085+0400] {dagbag.py:545} INFO - Filling up the DagBag from /home/user/Desktop/airflowproj/py_env/lib/python3.10/site-packages/airflow/example_dags/example_branch_operator_decorator.py
[2024-06-18T13:03:35.087+0400] {processor.py:842} WARNING - No viable dags retrieved from /home/user/Desktop/airflowproj/py_env/lib/python3.10/site-packages/airflow/example_dags/example_branch_operator_decorator.py
[2024-06-18T13:03:35.093+0400] {processor.py:183} INFO - Processing /home/user/Desktop/airflowproj/py_env/lib/python3.10/site-packages/airflow/example_dags/example_branch_operator_decorator.py took 0.018 seconds
[2024-06-18T13:04:32.502+0400] {processor.py:161} INFO - Started process (PID=53343) to work on /home/user/Desktop/airflowproj/py_env/lib/python3.10/site-packages/airflow/example_dags/example_branch_operator_decorator.py
[2024-06-18T13:04:32.504+0400] {processor.py:830} INFO - Processing file /home/user/Desktop/airflowproj/py_env/lib/python3.10/site-packages/airflow/example_dags/example_branch_operator_decorator.py for tasks to queue
[2024-06-18T13:04:32.505+0400] {logging_mixin.py:188} INFO - [2024-06-18T13:04:32.505+0400] {dagbag.py:545} INFO - Filling up the DagBag from /home/user/Desktop/airflowproj/py_env/lib/python3.10/site-packages/airflow/example_dags/example_branch_operator_decorator.py
[2024-06-18T13:04:32.507+0400] {processor.py:842} WARNING - No viable dags retrieved from /home/user/Desktop/airflowproj/py_env/lib/python3.10/site-packages/airflow/example_dags/example_branch_operator_decorator.py
[2024-06-18T13:04:32.513+0400] {processor.py:183} INFO - Processing /home/user/Desktop/airflowproj/py_env/lib/python3.10/site-packages/airflow/example_dags/example_branch_operator_decorator.py took 0.015 seconds
[2024-06-18T13:05:28.877+0400] {processor.py:161} INFO - Started process (PID=53587) to work on /home/user/Desktop/airflowproj/py_env/lib/python3.10/site-packages/airflow/example_dags/example_branch_operator_decorator.py
[2024-06-18T13:05:28.880+0400] {processor.py:830} INFO - Processing file /home/user/Desktop/airflowproj/py_env/lib/python3.10/site-packages/airflow/example_dags/example_branch_operator_decorator.py for tasks to queue
[2024-06-18T13:05:28.881+0400] {logging_mixin.py:188} INFO - [2024-06-18T13:05:28.881+0400] {dagbag.py:545} INFO - Filling up the DagBag from /home/user/Desktop/airflowproj/py_env/lib/python3.10/site-packages/airflow/example_dags/example_branch_operator_decorator.py
[2024-06-18T13:05:28.883+0400] {processor.py:842} WARNING - No viable dags retrieved from /home/user/Desktop/airflowproj/py_env/lib/python3.10/site-packages/airflow/example_dags/example_branch_operator_decorator.py
[2024-06-18T13:05:28.888+0400] {processor.py:183} INFO - Processing /home/user/Desktop/airflowproj/py_env/lib/python3.10/site-packages/airflow/example_dags/example_branch_operator_decorator.py took 0.015 seconds
[2024-06-18T13:06:27.073+0400] {processor.py:161} INFO - Started process (PID=53793) to work on /home/user/Desktop/airflowproj/py_env/lib/python3.10/site-packages/airflow/example_dags/example_branch_operator_decorator.py
[2024-06-18T13:06:27.076+0400] {processor.py:830} INFO - Processing file /home/user/Desktop/airflowproj/py_env/lib/python3.10/site-packages/airflow/example_dags/example_branch_operator_decorator.py for tasks to queue
[2024-06-18T13:06:27.077+0400] {logging_mixin.py:188} INFO - [2024-06-18T13:06:27.077+0400] {dagbag.py:545} INFO - Filling up the DagBag from /home/user/Desktop/airflowproj/py_env/lib/python3.10/site-packages/airflow/example_dags/example_branch_operator_decorator.py
[2024-06-18T13:06:27.080+0400] {processor.py:842} WARNING - No viable dags retrieved from /home/user/Desktop/airflowproj/py_env/lib/python3.10/site-packages/airflow/example_dags/example_branch_operator_decorator.py
[2024-06-18T13:06:27.085+0400] {processor.py:183} INFO - Processing /home/user/Desktop/airflowproj/py_env/lib/python3.10/site-packages/airflow/example_dags/example_branch_operator_decorator.py took 0.018 seconds
[2024-06-18T13:07:28.731+0400] {processor.py:161} INFO - Started process (PID=54005) to work on /home/user/Desktop/airflowproj/py_env/lib/python3.10/site-packages/airflow/example_dags/example_branch_operator_decorator.py
[2024-06-18T13:07:28.733+0400] {processor.py:830} INFO - Processing file /home/user/Desktop/airflowproj/py_env/lib/python3.10/site-packages/airflow/example_dags/example_branch_operator_decorator.py for tasks to queue
[2024-06-18T13:07:28.734+0400] {logging_mixin.py:188} INFO - [2024-06-18T13:07:28.734+0400] {dagbag.py:545} INFO - Filling up the DagBag from /home/user/Desktop/airflowproj/py_env/lib/python3.10/site-packages/airflow/example_dags/example_branch_operator_decorator.py
[2024-06-18T13:07:28.736+0400] {processor.py:842} WARNING - No viable dags retrieved from /home/user/Desktop/airflowproj/py_env/lib/python3.10/site-packages/airflow/example_dags/example_branch_operator_decorator.py
[2024-06-18T13:07:28.741+0400] {processor.py:183} INFO - Processing /home/user/Desktop/airflowproj/py_env/lib/python3.10/site-packages/airflow/example_dags/example_branch_operator_decorator.py took 0.014 seconds
[2024-06-18T13:08:30.424+0400] {processor.py:161} INFO - Started process (PID=54252) to work on /home/user/Desktop/airflowproj/py_env/lib/python3.10/site-packages/airflow/example_dags/example_branch_operator_decorator.py
[2024-06-18T13:08:30.426+0400] {processor.py:830} INFO - Processing file /home/user/Desktop/airflowproj/py_env/lib/python3.10/site-packages/airflow/example_dags/example_branch_operator_decorator.py for tasks to queue
[2024-06-18T13:08:30.427+0400] {logging_mixin.py:188} INFO - [2024-06-18T13:08:30.427+0400] {dagbag.py:545} INFO - Filling up the DagBag from /home/user/Desktop/airflowproj/py_env/lib/python3.10/site-packages/airflow/example_dags/example_branch_operator_decorator.py
[2024-06-18T13:08:30.429+0400] {processor.py:842} WARNING - No viable dags retrieved from /home/user/Desktop/airflowproj/py_env/lib/python3.10/site-packages/airflow/example_dags/example_branch_operator_decorator.py
[2024-06-18T13:08:30.434+0400] {processor.py:183} INFO - Processing /home/user/Desktop/airflowproj/py_env/lib/python3.10/site-packages/airflow/example_dags/example_branch_operator_decorator.py took 0.013 seconds
[2024-06-18T13:09:28.200+0400] {processor.py:161} INFO - Started process (PID=54508) to work on /home/user/Desktop/airflowproj/py_env/lib/python3.10/site-packages/airflow/example_dags/example_branch_operator_decorator.py
[2024-06-18T13:09:28.202+0400] {processor.py:830} INFO - Processing file /home/user/Desktop/airflowproj/py_env/lib/python3.10/site-packages/airflow/example_dags/example_branch_operator_decorator.py for tasks to queue
[2024-06-18T13:09:28.203+0400] {logging_mixin.py:188} INFO - [2024-06-18T13:09:28.203+0400] {dagbag.py:545} INFO - Filling up the DagBag from /home/user/Desktop/airflowproj/py_env/lib/python3.10/site-packages/airflow/example_dags/example_branch_operator_decorator.py
[2024-06-18T13:09:28.204+0400] {processor.py:842} WARNING - No viable dags retrieved from /home/user/Desktop/airflowproj/py_env/lib/python3.10/site-packages/airflow/example_dags/example_branch_operator_decorator.py
[2024-06-18T13:09:28.209+0400] {processor.py:183} INFO - Processing /home/user/Desktop/airflowproj/py_env/lib/python3.10/site-packages/airflow/example_dags/example_branch_operator_decorator.py took 0.012 seconds
[2024-06-18T13:10:28.705+0400] {processor.py:161} INFO - Started process (PID=54721) to work on /home/user/Desktop/airflowproj/py_env/lib/python3.10/site-packages/airflow/example_dags/example_branch_operator_decorator.py
[2024-06-18T13:10:28.707+0400] {processor.py:830} INFO - Processing file /home/user/Desktop/airflowproj/py_env/lib/python3.10/site-packages/airflow/example_dags/example_branch_operator_decorator.py for tasks to queue
[2024-06-18T13:10:28.709+0400] {logging_mixin.py:188} INFO - [2024-06-18T13:10:28.708+0400] {dagbag.py:545} INFO - Filling up the DagBag from /home/user/Desktop/airflowproj/py_env/lib/python3.10/site-packages/airflow/example_dags/example_branch_operator_decorator.py
[2024-06-18T13:10:28.711+0400] {processor.py:842} WARNING - No viable dags retrieved from /home/user/Desktop/airflowproj/py_env/lib/python3.10/site-packages/airflow/example_dags/example_branch_operator_decorator.py
[2024-06-18T13:10:28.717+0400] {processor.py:183} INFO - Processing /home/user/Desktop/airflowproj/py_env/lib/python3.10/site-packages/airflow/example_dags/example_branch_operator_decorator.py took 0.016 seconds
[2024-06-18T13:11:30.305+0400] {processor.py:161} INFO - Started process (PID=54924) to work on /home/user/Desktop/airflowproj/py_env/lib/python3.10/site-packages/airflow/example_dags/example_branch_operator_decorator.py
[2024-06-18T13:11:30.305+0400] {processor.py:830} INFO - Processing file /home/user/Desktop/airflowproj/py_env/lib/python3.10/site-packages/airflow/example_dags/example_branch_operator_decorator.py for tasks to queue
[2024-06-18T13:11:30.306+0400] {logging_mixin.py:188} INFO - [2024-06-18T13:11:30.306+0400] {dagbag.py:545} INFO - Filling up the DagBag from /home/user/Desktop/airflowproj/py_env/lib/python3.10/site-packages/airflow/example_dags/example_branch_operator_decorator.py
[2024-06-18T13:11:30.307+0400] {processor.py:842} WARNING - No viable dags retrieved from /home/user/Desktop/airflowproj/py_env/lib/python3.10/site-packages/airflow/example_dags/example_branch_operator_decorator.py
[2024-06-18T13:11:30.313+0400] {processor.py:183} INFO - Processing /home/user/Desktop/airflowproj/py_env/lib/python3.10/site-packages/airflow/example_dags/example_branch_operator_decorator.py took 0.011 seconds
[2024-06-18T13:12:28.087+0400] {processor.py:161} INFO - Started process (PID=55130) to work on /home/user/Desktop/airflowproj/py_env/lib/python3.10/site-packages/airflow/example_dags/example_branch_operator_decorator.py
[2024-06-18T13:12:28.090+0400] {processor.py:830} INFO - Processing file /home/user/Desktop/airflowproj/py_env/lib/python3.10/site-packages/airflow/example_dags/example_branch_operator_decorator.py for tasks to queue
[2024-06-18T13:12:28.091+0400] {logging_mixin.py:188} INFO - [2024-06-18T13:12:28.091+0400] {dagbag.py:545} INFO - Filling up the DagBag from /home/user/Desktop/airflowproj/py_env/lib/python3.10/site-packages/airflow/example_dags/example_branch_operator_decorator.py
[2024-06-18T13:12:28.094+0400] {processor.py:842} WARNING - No viable dags retrieved from /home/user/Desktop/airflowproj/py_env/lib/python3.10/site-packages/airflow/example_dags/example_branch_operator_decorator.py
[2024-06-18T13:12:28.100+0400] {processor.py:183} INFO - Processing /home/user/Desktop/airflowproj/py_env/lib/python3.10/site-packages/airflow/example_dags/example_branch_operator_decorator.py took 0.018 seconds
[2024-06-18T13:13:27.707+0400] {processor.py:161} INFO - Started process (PID=55365) to work on /home/user/Desktop/airflowproj/py_env/lib/python3.10/site-packages/airflow/example_dags/example_branch_operator_decorator.py
[2024-06-18T13:13:27.709+0400] {processor.py:830} INFO - Processing file /home/user/Desktop/airflowproj/py_env/lib/python3.10/site-packages/airflow/example_dags/example_branch_operator_decorator.py for tasks to queue
[2024-06-18T13:13:27.711+0400] {logging_mixin.py:188} INFO - [2024-06-18T13:13:27.710+0400] {dagbag.py:545} INFO - Filling up the DagBag from /home/user/Desktop/airflowproj/py_env/lib/python3.10/site-packages/airflow/example_dags/example_branch_operator_decorator.py
[2024-06-18T13:13:27.712+0400] {processor.py:842} WARNING - No viable dags retrieved from /home/user/Desktop/airflowproj/py_env/lib/python3.10/site-packages/airflow/example_dags/example_branch_operator_decorator.py
[2024-06-18T13:13:27.718+0400] {processor.py:183} INFO - Processing /home/user/Desktop/airflowproj/py_env/lib/python3.10/site-packages/airflow/example_dags/example_branch_operator_decorator.py took 0.015 seconds
[2024-06-18T13:14:27.550+0400] {processor.py:161} INFO - Started process (PID=55582) to work on /home/user/Desktop/airflowproj/py_env/lib/python3.10/site-packages/airflow/example_dags/example_branch_operator_decorator.py
[2024-06-18T13:14:27.552+0400] {processor.py:830} INFO - Processing file /home/user/Desktop/airflowproj/py_env/lib/python3.10/site-packages/airflow/example_dags/example_branch_operator_decorator.py for tasks to queue
[2024-06-18T13:14:27.553+0400] {logging_mixin.py:188} INFO - [2024-06-18T13:14:27.553+0400] {dagbag.py:545} INFO - Filling up the DagBag from /home/user/Desktop/airflowproj/py_env/lib/python3.10/site-packages/airflow/example_dags/example_branch_operator_decorator.py
[2024-06-18T13:14:27.554+0400] {processor.py:842} WARNING - No viable dags retrieved from /home/user/Desktop/airflowproj/py_env/lib/python3.10/site-packages/airflow/example_dags/example_branch_operator_decorator.py
[2024-06-18T13:14:27.560+0400] {processor.py:183} INFO - Processing /home/user/Desktop/airflowproj/py_env/lib/python3.10/site-packages/airflow/example_dags/example_branch_operator_decorator.py took 0.013 seconds
[2024-06-18T13:15:24.265+0400] {processor.py:161} INFO - Started process (PID=55765) to work on /home/user/Desktop/airflowproj/py_env/lib/python3.10/site-packages/airflow/example_dags/example_branch_operator_decorator.py
[2024-06-18T13:15:24.267+0400] {processor.py:830} INFO - Processing file /home/user/Desktop/airflowproj/py_env/lib/python3.10/site-packages/airflow/example_dags/example_branch_operator_decorator.py for tasks to queue
[2024-06-18T13:15:24.268+0400] {logging_mixin.py:188} INFO - [2024-06-18T13:15:24.268+0400] {dagbag.py:545} INFO - Filling up the DagBag from /home/user/Desktop/airflowproj/py_env/lib/python3.10/site-packages/airflow/example_dags/example_branch_operator_decorator.py
[2024-06-18T13:15:24.270+0400] {processor.py:842} WARNING - No viable dags retrieved from /home/user/Desktop/airflowproj/py_env/lib/python3.10/site-packages/airflow/example_dags/example_branch_operator_decorator.py
[2024-06-18T13:15:24.276+0400] {processor.py:183} INFO - Processing /home/user/Desktop/airflowproj/py_env/lib/python3.10/site-packages/airflow/example_dags/example_branch_operator_decorator.py took 0.015 seconds
[2024-06-18T13:16:27.118+0400] {processor.py:161} INFO - Started process (PID=55995) to work on /home/user/Desktop/airflowproj/py_env/lib/python3.10/site-packages/airflow/example_dags/example_branch_operator_decorator.py
[2024-06-18T13:16:27.120+0400] {processor.py:830} INFO - Processing file /home/user/Desktop/airflowproj/py_env/lib/python3.10/site-packages/airflow/example_dags/example_branch_operator_decorator.py for tasks to queue
[2024-06-18T13:16:27.121+0400] {logging_mixin.py:188} INFO - [2024-06-18T13:16:27.121+0400] {dagbag.py:545} INFO - Filling up the DagBag from /home/user/Desktop/airflowproj/py_env/lib/python3.10/site-packages/airflow/example_dags/example_branch_operator_decorator.py
[2024-06-18T13:16:27.123+0400] {processor.py:842} WARNING - No viable dags retrieved from /home/user/Desktop/airflowproj/py_env/lib/python3.10/site-packages/airflow/example_dags/example_branch_operator_decorator.py
[2024-06-18T13:16:27.129+0400] {processor.py:183} INFO - Processing /home/user/Desktop/airflowproj/py_env/lib/python3.10/site-packages/airflow/example_dags/example_branch_operator_decorator.py took 0.014 seconds
[2024-06-18T13:17:21.179+0400] {processor.py:161} INFO - Started process (PID=56178) to work on /home/user/Desktop/airflowproj/py_env/lib/python3.10/site-packages/airflow/example_dags/example_branch_operator_decorator.py
[2024-06-18T13:17:21.181+0400] {processor.py:830} INFO - Processing file /home/user/Desktop/airflowproj/py_env/lib/python3.10/site-packages/airflow/example_dags/example_branch_operator_decorator.py for tasks to queue
[2024-06-18T13:17:21.182+0400] {logging_mixin.py:188} INFO - [2024-06-18T13:17:21.182+0400] {dagbag.py:545} INFO - Filling up the DagBag from /home/user/Desktop/airflowproj/py_env/lib/python3.10/site-packages/airflow/example_dags/example_branch_operator_decorator.py
[2024-06-18T13:17:21.185+0400] {processor.py:842} WARNING - No viable dags retrieved from /home/user/Desktop/airflowproj/py_env/lib/python3.10/site-packages/airflow/example_dags/example_branch_operator_decorator.py
[2024-06-18T13:17:21.192+0400] {processor.py:183} INFO - Processing /home/user/Desktop/airflowproj/py_env/lib/python3.10/site-packages/airflow/example_dags/example_branch_operator_decorator.py took 0.017 seconds
[2024-06-18T13:18:21.603+0400] {processor.py:161} INFO - Started process (PID=56413) to work on /home/user/Desktop/airflowproj/py_env/lib/python3.10/site-packages/airflow/example_dags/example_branch_operator_decorator.py
[2024-06-18T13:18:21.605+0400] {processor.py:830} INFO - Processing file /home/user/Desktop/airflowproj/py_env/lib/python3.10/site-packages/airflow/example_dags/example_branch_operator_decorator.py for tasks to queue
[2024-06-18T13:18:21.607+0400] {logging_mixin.py:188} INFO - [2024-06-18T13:18:21.606+0400] {dagbag.py:545} INFO - Filling up the DagBag from /home/user/Desktop/airflowproj/py_env/lib/python3.10/site-packages/airflow/example_dags/example_branch_operator_decorator.py
[2024-06-18T13:18:21.608+0400] {processor.py:842} WARNING - No viable dags retrieved from /home/user/Desktop/airflowproj/py_env/lib/python3.10/site-packages/airflow/example_dags/example_branch_operator_decorator.py
[2024-06-18T13:18:21.614+0400] {processor.py:183} INFO - Processing /home/user/Desktop/airflowproj/py_env/lib/python3.10/site-packages/airflow/example_dags/example_branch_operator_decorator.py took 0.014 seconds
[2024-06-18T13:19:18.217+0400] {processor.py:161} INFO - Started process (PID=56595) to work on /home/user/Desktop/airflowproj/py_env/lib/python3.10/site-packages/airflow/example_dags/example_branch_operator_decorator.py
[2024-06-18T13:19:18.219+0400] {processor.py:830} INFO - Processing file /home/user/Desktop/airflowproj/py_env/lib/python3.10/site-packages/airflow/example_dags/example_branch_operator_decorator.py for tasks to queue
[2024-06-18T13:19:18.220+0400] {logging_mixin.py:188} INFO - [2024-06-18T13:19:18.220+0400] {dagbag.py:545} INFO - Filling up the DagBag from /home/user/Desktop/airflowproj/py_env/lib/python3.10/site-packages/airflow/example_dags/example_branch_operator_decorator.py
[2024-06-18T13:19:18.221+0400] {processor.py:842} WARNING - No viable dags retrieved from /home/user/Desktop/airflowproj/py_env/lib/python3.10/site-packages/airflow/example_dags/example_branch_operator_decorator.py
[2024-06-18T13:19:18.227+0400] {processor.py:183} INFO - Processing /home/user/Desktop/airflowproj/py_env/lib/python3.10/site-packages/airflow/example_dags/example_branch_operator_decorator.py took 0.013 seconds
[2024-06-18T13:20:16.784+0400] {processor.py:161} INFO - Started process (PID=56804) to work on /home/user/Desktop/airflowproj/py_env/lib/python3.10/site-packages/airflow/example_dags/example_branch_operator_decorator.py
[2024-06-18T13:20:16.787+0400] {processor.py:830} INFO - Processing file /home/user/Desktop/airflowproj/py_env/lib/python3.10/site-packages/airflow/example_dags/example_branch_operator_decorator.py for tasks to queue
[2024-06-18T13:20:16.788+0400] {logging_mixin.py:188} INFO - [2024-06-18T13:20:16.788+0400] {dagbag.py:545} INFO - Filling up the DagBag from /home/user/Desktop/airflowproj/py_env/lib/python3.10/site-packages/airflow/example_dags/example_branch_operator_decorator.py
[2024-06-18T13:20:16.791+0400] {processor.py:842} WARNING - No viable dags retrieved from /home/user/Desktop/airflowproj/py_env/lib/python3.10/site-packages/airflow/example_dags/example_branch_operator_decorator.py
[2024-06-18T13:20:16.796+0400] {processor.py:183} INFO - Processing /home/user/Desktop/airflowproj/py_env/lib/python3.10/site-packages/airflow/example_dags/example_branch_operator_decorator.py took 0.017 seconds
[2024-06-18T13:21:15.778+0400] {processor.py:161} INFO - Started process (PID=57010) to work on /home/user/Desktop/airflowproj/py_env/lib/python3.10/site-packages/airflow/example_dags/example_branch_operator_decorator.py
[2024-06-18T13:21:15.780+0400] {processor.py:830} INFO - Processing file /home/user/Desktop/airflowproj/py_env/lib/python3.10/site-packages/airflow/example_dags/example_branch_operator_decorator.py for tasks to queue
[2024-06-18T13:21:15.781+0400] {logging_mixin.py:188} INFO - [2024-06-18T13:21:15.781+0400] {dagbag.py:545} INFO - Filling up the DagBag from /home/user/Desktop/airflowproj/py_env/lib/python3.10/site-packages/airflow/example_dags/example_branch_operator_decorator.py
[2024-06-18T13:21:15.783+0400] {processor.py:842} WARNING - No viable dags retrieved from /home/user/Desktop/airflowproj/py_env/lib/python3.10/site-packages/airflow/example_dags/example_branch_operator_decorator.py
[2024-06-18T13:21:15.789+0400] {processor.py:183} INFO - Processing /home/user/Desktop/airflowproj/py_env/lib/python3.10/site-packages/airflow/example_dags/example_branch_operator_decorator.py took 0.015 seconds
[2024-06-18T13:22:18.270+0400] {processor.py:161} INFO - Started process (PID=57214) to work on /home/user/Desktop/airflowproj/py_env/lib/python3.10/site-packages/airflow/example_dags/example_branch_operator_decorator.py
[2024-06-18T13:22:18.273+0400] {processor.py:830} INFO - Processing file /home/user/Desktop/airflowproj/py_env/lib/python3.10/site-packages/airflow/example_dags/example_branch_operator_decorator.py for tasks to queue
[2024-06-18T13:22:18.274+0400] {logging_mixin.py:188} INFO - [2024-06-18T13:22:18.273+0400] {dagbag.py:545} INFO - Filling up the DagBag from /home/user/Desktop/airflowproj/py_env/lib/python3.10/site-packages/airflow/example_dags/example_branch_operator_decorator.py
[2024-06-18T13:22:18.275+0400] {processor.py:842} WARNING - No viable dags retrieved from /home/user/Desktop/airflowproj/py_env/lib/python3.10/site-packages/airflow/example_dags/example_branch_operator_decorator.py
[2024-06-18T13:22:18.280+0400] {processor.py:183} INFO - Processing /home/user/Desktop/airflowproj/py_env/lib/python3.10/site-packages/airflow/example_dags/example_branch_operator_decorator.py took 0.014 seconds
[2024-06-18T13:23:16.027+0400] {processor.py:161} INFO - Started process (PID=57450) to work on /home/user/Desktop/airflowproj/py_env/lib/python3.10/site-packages/airflow/example_dags/example_branch_operator_decorator.py
[2024-06-18T13:23:16.028+0400] {processor.py:830} INFO - Processing file /home/user/Desktop/airflowproj/py_env/lib/python3.10/site-packages/airflow/example_dags/example_branch_operator_decorator.py for tasks to queue
[2024-06-18T13:23:16.030+0400] {logging_mixin.py:188} INFO - [2024-06-18T13:23:16.029+0400] {dagbag.py:545} INFO - Filling up the DagBag from /home/user/Desktop/airflowproj/py_env/lib/python3.10/site-packages/airflow/example_dags/example_branch_operator_decorator.py
[2024-06-18T13:23:16.031+0400] {processor.py:842} WARNING - No viable dags retrieved from /home/user/Desktop/airflowproj/py_env/lib/python3.10/site-packages/airflow/example_dags/example_branch_operator_decorator.py
[2024-06-18T13:23:16.039+0400] {processor.py:183} INFO - Processing /home/user/Desktop/airflowproj/py_env/lib/python3.10/site-packages/airflow/example_dags/example_branch_operator_decorator.py took 0.017 seconds
[2024-06-18T13:24:15.148+0400] {processor.py:161} INFO - Started process (PID=57651) to work on /home/user/Desktop/airflowproj/py_env/lib/python3.10/site-packages/airflow/example_dags/example_branch_operator_decorator.py
[2024-06-18T13:24:15.150+0400] {processor.py:830} INFO - Processing file /home/user/Desktop/airflowproj/py_env/lib/python3.10/site-packages/airflow/example_dags/example_branch_operator_decorator.py for tasks to queue
[2024-06-18T13:24:15.152+0400] {logging_mixin.py:188} INFO - [2024-06-18T13:24:15.151+0400] {dagbag.py:545} INFO - Filling up the DagBag from /home/user/Desktop/airflowproj/py_env/lib/python3.10/site-packages/airflow/example_dags/example_branch_operator_decorator.py
[2024-06-18T13:24:15.154+0400] {processor.py:842} WARNING - No viable dags retrieved from /home/user/Desktop/airflowproj/py_env/lib/python3.10/site-packages/airflow/example_dags/example_branch_operator_decorator.py
[2024-06-18T13:24:15.159+0400] {processor.py:183} INFO - Processing /home/user/Desktop/airflowproj/py_env/lib/python3.10/site-packages/airflow/example_dags/example_branch_operator_decorator.py took 0.015 seconds
[2024-06-18T13:25:12.834+0400] {processor.py:161} INFO - Started process (PID=57850) to work on /home/user/Desktop/airflowproj/py_env/lib/python3.10/site-packages/airflow/example_dags/example_branch_operator_decorator.py
[2024-06-18T13:25:12.835+0400] {processor.py:830} INFO - Processing file /home/user/Desktop/airflowproj/py_env/lib/python3.10/site-packages/airflow/example_dags/example_branch_operator_decorator.py for tasks to queue
[2024-06-18T13:25:12.836+0400] {logging_mixin.py:188} INFO - [2024-06-18T13:25:12.836+0400] {dagbag.py:545} INFO - Filling up the DagBag from /home/user/Desktop/airflowproj/py_env/lib/python3.10/site-packages/airflow/example_dags/example_branch_operator_decorator.py
[2024-06-18T13:25:12.837+0400] {processor.py:842} WARNING - No viable dags retrieved from /home/user/Desktop/airflowproj/py_env/lib/python3.10/site-packages/airflow/example_dags/example_branch_operator_decorator.py
[2024-06-18T13:25:12.842+0400] {processor.py:183} INFO - Processing /home/user/Desktop/airflowproj/py_env/lib/python3.10/site-packages/airflow/example_dags/example_branch_operator_decorator.py took 0.011 seconds
[2024-06-18T13:26:11.300+0400] {processor.py:161} INFO - Started process (PID=58035) to work on /home/user/Desktop/airflowproj/py_env/lib/python3.10/site-packages/airflow/example_dags/example_branch_operator_decorator.py
[2024-06-18T13:26:11.302+0400] {processor.py:830} INFO - Processing file /home/user/Desktop/airflowproj/py_env/lib/python3.10/site-packages/airflow/example_dags/example_branch_operator_decorator.py for tasks to queue
[2024-06-18T13:26:11.303+0400] {logging_mixin.py:188} INFO - [2024-06-18T13:26:11.303+0400] {dagbag.py:545} INFO - Filling up the DagBag from /home/user/Desktop/airflowproj/py_env/lib/python3.10/site-packages/airflow/example_dags/example_branch_operator_decorator.py
[2024-06-18T13:26:11.305+0400] {processor.py:842} WARNING - No viable dags retrieved from /home/user/Desktop/airflowproj/py_env/lib/python3.10/site-packages/airflow/example_dags/example_branch_operator_decorator.py
[2024-06-18T13:26:11.310+0400] {processor.py:183} INFO - Processing /home/user/Desktop/airflowproj/py_env/lib/python3.10/site-packages/airflow/example_dags/example_branch_operator_decorator.py took 0.015 seconds
[2024-06-18T13:27:08.628+0400] {processor.py:161} INFO - Started process (PID=58236) to work on /home/user/Desktop/airflowproj/py_env/lib/python3.10/site-packages/airflow/example_dags/example_branch_operator_decorator.py
[2024-06-18T13:27:08.630+0400] {processor.py:830} INFO - Processing file /home/user/Desktop/airflowproj/py_env/lib/python3.10/site-packages/airflow/example_dags/example_branch_operator_decorator.py for tasks to queue
[2024-06-18T13:27:08.632+0400] {logging_mixin.py:188} INFO - [2024-06-18T13:27:08.631+0400] {dagbag.py:545} INFO - Filling up the DagBag from /home/user/Desktop/airflowproj/py_env/lib/python3.10/site-packages/airflow/example_dags/example_branch_operator_decorator.py
[2024-06-18T13:27:08.633+0400] {processor.py:842} WARNING - No viable dags retrieved from /home/user/Desktop/airflowproj/py_env/lib/python3.10/site-packages/airflow/example_dags/example_branch_operator_decorator.py
[2024-06-18T13:27:08.639+0400] {processor.py:183} INFO - Processing /home/user/Desktop/airflowproj/py_env/lib/python3.10/site-packages/airflow/example_dags/example_branch_operator_decorator.py took 0.014 seconds
[2024-06-18T13:28:02.908+0400] {processor.py:161} INFO - Started process (PID=58454) to work on /home/user/Desktop/airflowproj/py_env/lib/python3.10/site-packages/airflow/example_dags/example_branch_operator_decorator.py
[2024-06-18T13:28:02.910+0400] {processor.py:830} INFO - Processing file /home/user/Desktop/airflowproj/py_env/lib/python3.10/site-packages/airflow/example_dags/example_branch_operator_decorator.py for tasks to queue
[2024-06-18T13:28:02.911+0400] {logging_mixin.py:188} INFO - [2024-06-18T13:28:02.911+0400] {dagbag.py:545} INFO - Filling up the DagBag from /home/user/Desktop/airflowproj/py_env/lib/python3.10/site-packages/airflow/example_dags/example_branch_operator_decorator.py
[2024-06-18T13:28:02.913+0400] {processor.py:842} WARNING - No viable dags retrieved from /home/user/Desktop/airflowproj/py_env/lib/python3.10/site-packages/airflow/example_dags/example_branch_operator_decorator.py
[2024-06-18T13:28:02.918+0400] {processor.py:183} INFO - Processing /home/user/Desktop/airflowproj/py_env/lib/python3.10/site-packages/airflow/example_dags/example_branch_operator_decorator.py took 0.015 seconds
[2024-06-18T13:29:01.750+0400] {processor.py:161} INFO - Started process (PID=58664) to work on /home/user/Desktop/airflowproj/py_env/lib/python3.10/site-packages/airflow/example_dags/example_branch_operator_decorator.py
[2024-06-18T13:29:01.753+0400] {processor.py:830} INFO - Processing file /home/user/Desktop/airflowproj/py_env/lib/python3.10/site-packages/airflow/example_dags/example_branch_operator_decorator.py for tasks to queue
[2024-06-18T13:29:01.754+0400] {logging_mixin.py:188} INFO - [2024-06-18T13:29:01.754+0400] {dagbag.py:545} INFO - Filling up the DagBag from /home/user/Desktop/airflowproj/py_env/lib/python3.10/site-packages/airflow/example_dags/example_branch_operator_decorator.py
[2024-06-18T13:29:01.756+0400] {processor.py:842} WARNING - No viable dags retrieved from /home/user/Desktop/airflowproj/py_env/lib/python3.10/site-packages/airflow/example_dags/example_branch_operator_decorator.py
[2024-06-18T13:29:01.761+0400] {processor.py:183} INFO - Processing /home/user/Desktop/airflowproj/py_env/lib/python3.10/site-packages/airflow/example_dags/example_branch_operator_decorator.py took 0.014 seconds
[2024-06-18T13:29:57.102+0400] {processor.py:161} INFO - Started process (PID=58881) to work on /home/user/Desktop/airflowproj/py_env/lib/python3.10/site-packages/airflow/example_dags/example_branch_operator_decorator.py
[2024-06-18T13:29:57.106+0400] {processor.py:830} INFO - Processing file /home/user/Desktop/airflowproj/py_env/lib/python3.10/site-packages/airflow/example_dags/example_branch_operator_decorator.py for tasks to queue
[2024-06-18T13:29:57.106+0400] {logging_mixin.py:188} INFO - [2024-06-18T13:29:57.106+0400] {dagbag.py:545} INFO - Filling up the DagBag from /home/user/Desktop/airflowproj/py_env/lib/python3.10/site-packages/airflow/example_dags/example_branch_operator_decorator.py
[2024-06-18T13:29:57.108+0400] {processor.py:842} WARNING - No viable dags retrieved from /home/user/Desktop/airflowproj/py_env/lib/python3.10/site-packages/airflow/example_dags/example_branch_operator_decorator.py
[2024-06-18T13:29:57.113+0400] {processor.py:183} INFO - Processing /home/user/Desktop/airflowproj/py_env/lib/python3.10/site-packages/airflow/example_dags/example_branch_operator_decorator.py took 0.014 seconds
[2024-06-18T13:30:57.466+0400] {processor.py:161} INFO - Started process (PID=59158) to work on /home/user/Desktop/airflowproj/py_env/lib/python3.10/site-packages/airflow/example_dags/example_branch_operator_decorator.py
[2024-06-18T13:30:57.468+0400] {processor.py:830} INFO - Processing file /home/user/Desktop/airflowproj/py_env/lib/python3.10/site-packages/airflow/example_dags/example_branch_operator_decorator.py for tasks to queue
[2024-06-18T13:30:57.469+0400] {logging_mixin.py:188} INFO - [2024-06-18T13:30:57.469+0400] {dagbag.py:545} INFO - Filling up the DagBag from /home/user/Desktop/airflowproj/py_env/lib/python3.10/site-packages/airflow/example_dags/example_branch_operator_decorator.py
[2024-06-18T13:30:57.470+0400] {processor.py:842} WARNING - No viable dags retrieved from /home/user/Desktop/airflowproj/py_env/lib/python3.10/site-packages/airflow/example_dags/example_branch_operator_decorator.py
[2024-06-18T13:30:57.475+0400] {processor.py:183} INFO - Processing /home/user/Desktop/airflowproj/py_env/lib/python3.10/site-packages/airflow/example_dags/example_branch_operator_decorator.py took 0.013 seconds
[2024-06-18T13:32:02.522+0400] {processor.py:161} INFO - Started process (PID=59566) to work on /home/user/Desktop/airflowproj/py_env/lib/python3.10/site-packages/airflow/example_dags/example_branch_operator_decorator.py
[2024-06-18T13:32:02.524+0400] {processor.py:830} INFO - Processing file /home/user/Desktop/airflowproj/py_env/lib/python3.10/site-packages/airflow/example_dags/example_branch_operator_decorator.py for tasks to queue
[2024-06-18T13:32:02.525+0400] {logging_mixin.py:188} INFO - [2024-06-18T13:32:02.525+0400] {dagbag.py:545} INFO - Filling up the DagBag from /home/user/Desktop/airflowproj/py_env/lib/python3.10/site-packages/airflow/example_dags/example_branch_operator_decorator.py
[2024-06-18T13:32:02.527+0400] {processor.py:842} WARNING - No viable dags retrieved from /home/user/Desktop/airflowproj/py_env/lib/python3.10/site-packages/airflow/example_dags/example_branch_operator_decorator.py
[2024-06-18T13:32:02.532+0400] {processor.py:183} INFO - Processing /home/user/Desktop/airflowproj/py_env/lib/python3.10/site-packages/airflow/example_dags/example_branch_operator_decorator.py took 0.014 seconds
