[2024-06-18T12:40:45.523+0400] {processor.py:161} INFO - Started process (PID=45735) to work on /home/user/Desktop/airflowproj/py_env/lib/python3.10/site-packages/airflow/example_dags/example_trigger_target_dag.py
[2024-06-18T12:40:45.524+0400] {processor.py:830} INFO - Processing file /home/user/Desktop/airflowproj/py_env/lib/python3.10/site-packages/airflow/example_dags/example_trigger_target_dag.py for tasks to queue
[2024-06-18T12:40:45.525+0400] {logging_mixin.py:188} INFO - [2024-06-18T12:40:45.525+0400] {dagbag.py:545} INFO - Filling up the DagBag from /home/user/Desktop/airflowproj/py_env/lib/python3.10/site-packages/airflow/example_dags/example_trigger_target_dag.py
[2024-06-18T12:40:45.528+0400] {processor.py:840} INFO - DAG(s) 'example_trigger_target_dag' retrieved from /home/user/Desktop/airflowproj/py_env/lib/python3.10/site-packages/airflow/example_dags/example_trigger_target_dag.py
[2024-06-18T12:40:45.581+0400] {logging_mixin.py:188} INFO - [2024-06-18T12:40:45.580+0400] {override.py:1829} INFO - Created Permission View: can edit on DAG:example_trigger_target_dag
[2024-06-18T12:40:45.589+0400] {logging_mixin.py:188} INFO - [2024-06-18T12:40:45.589+0400] {override.py:1829} INFO - Created Permission View: can read on DAG:example_trigger_target_dag
[2024-06-18T12:40:45.596+0400] {logging_mixin.py:188} INFO - [2024-06-18T12:40:45.596+0400] {override.py:1829} INFO - Created Permission View: can delete on DAG:example_trigger_target_dag
[2024-06-18T12:40:45.596+0400] {logging_mixin.py:188} INFO - [2024-06-18T12:40:45.596+0400] {dag.py:3096} INFO - Sync 1 DAGs
[2024-06-18T12:40:45.662+0400] {logging_mixin.py:188} INFO - [2024-06-18T12:40:45.661+0400] {dag.py:3118} INFO - Creating ORM DAG for example_trigger_target_dag
[2024-06-18T12:40:45.662+0400] {logging_mixin.py:188} INFO - [2024-06-18T12:40:45.662+0400] {dag.py:3954} INFO - Setting next_dagrun for example_trigger_target_dag to None, run_after=None
[2024-06-18T12:40:45.680+0400] {processor.py:183} INFO - Processing /home/user/Desktop/airflowproj/py_env/lib/python3.10/site-packages/airflow/example_dags/example_trigger_target_dag.py took 0.162 seconds
[2024-06-18T12:43:19.755+0400] {processor.py:161} INFO - Started process (PID=46680) to work on /home/user/Desktop/airflowproj/py_env/lib/python3.10/site-packages/airflow/example_dags/example_trigger_target_dag.py
[2024-06-18T12:43:19.757+0400] {processor.py:830} INFO - Processing file /home/user/Desktop/airflowproj/py_env/lib/python3.10/site-packages/airflow/example_dags/example_trigger_target_dag.py for tasks to queue
[2024-06-18T12:43:19.758+0400] {logging_mixin.py:188} INFO - [2024-06-18T12:43:19.758+0400] {dagbag.py:545} INFO - Filling up the DagBag from /home/user/Desktop/airflowproj/py_env/lib/python3.10/site-packages/airflow/example_dags/example_trigger_target_dag.py
[2024-06-18T12:43:19.761+0400] {processor.py:840} INFO - DAG(s) 'example_trigger_target_dag' retrieved from /home/user/Desktop/airflowproj/py_env/lib/python3.10/site-packages/airflow/example_dags/example_trigger_target_dag.py
[2024-06-18T12:43:19.768+0400] {logging_mixin.py:188} INFO - [2024-06-18T12:43:19.768+0400] {dag.py:3096} INFO - Sync 1 DAGs
[2024-06-18T12:43:19.773+0400] {logging_mixin.py:188} INFO - [2024-06-18T12:43:19.773+0400] {dag.py:3954} INFO - Setting next_dagrun for example_trigger_target_dag to None, run_after=None
[2024-06-18T12:43:19.787+0400] {processor.py:183} INFO - Processing /home/user/Desktop/airflowproj/py_env/lib/python3.10/site-packages/airflow/example_dags/example_trigger_target_dag.py took 0.036 seconds
[2024-06-18T12:44:25.606+0400] {processor.py:161} INFO - Started process (PID=46865) to work on /home/user/Desktop/airflowproj/py_env/lib/python3.10/site-packages/airflow/example_dags/example_trigger_target_dag.py
[2024-06-18T12:44:25.607+0400] {processor.py:830} INFO - Processing file /home/user/Desktop/airflowproj/py_env/lib/python3.10/site-packages/airflow/example_dags/example_trigger_target_dag.py for tasks to queue
[2024-06-18T12:44:25.608+0400] {logging_mixin.py:188} INFO - [2024-06-18T12:44:25.608+0400] {dagbag.py:545} INFO - Filling up the DagBag from /home/user/Desktop/airflowproj/py_env/lib/python3.10/site-packages/airflow/example_dags/example_trigger_target_dag.py
[2024-06-18T12:44:25.611+0400] {processor.py:840} INFO - DAG(s) 'example_trigger_target_dag' retrieved from /home/user/Desktop/airflowproj/py_env/lib/python3.10/site-packages/airflow/example_dags/example_trigger_target_dag.py
[2024-06-18T12:44:25.619+0400] {logging_mixin.py:188} INFO - [2024-06-18T12:44:25.619+0400] {dag.py:3096} INFO - Sync 1 DAGs
[2024-06-18T12:44:25.625+0400] {logging_mixin.py:188} INFO - [2024-06-18T12:44:25.625+0400] {dag.py:3954} INFO - Setting next_dagrun for example_trigger_target_dag to None, run_after=None
[2024-06-18T12:44:25.697+0400] {processor.py:183} INFO - Processing /home/user/Desktop/airflowproj/py_env/lib/python3.10/site-packages/airflow/example_dags/example_trigger_target_dag.py took 0.094 seconds
[2024-06-18T12:45:26.175+0400] {processor.py:161} INFO - Started process (PID=47015) to work on /home/user/Desktop/airflowproj/py_env/lib/python3.10/site-packages/airflow/example_dags/example_trigger_target_dag.py
[2024-06-18T12:45:26.177+0400] {processor.py:830} INFO - Processing file /home/user/Desktop/airflowproj/py_env/lib/python3.10/site-packages/airflow/example_dags/example_trigger_target_dag.py for tasks to queue
[2024-06-18T12:45:26.179+0400] {logging_mixin.py:188} INFO - [2024-06-18T12:45:26.178+0400] {dagbag.py:545} INFO - Filling up the DagBag from /home/user/Desktop/airflowproj/py_env/lib/python3.10/site-packages/airflow/example_dags/example_trigger_target_dag.py
[2024-06-18T12:45:26.183+0400] {processor.py:840} INFO - DAG(s) 'example_trigger_target_dag' retrieved from /home/user/Desktop/airflowproj/py_env/lib/python3.10/site-packages/airflow/example_dags/example_trigger_target_dag.py
[2024-06-18T12:45:26.190+0400] {logging_mixin.py:188} INFO - [2024-06-18T12:45:26.190+0400] {dag.py:3096} INFO - Sync 1 DAGs
[2024-06-18T12:45:26.199+0400] {logging_mixin.py:188} INFO - [2024-06-18T12:45:26.199+0400] {dag.py:3954} INFO - Setting next_dagrun for example_trigger_target_dag to None, run_after=None
[2024-06-18T12:45:26.215+0400] {processor.py:183} INFO - Processing /home/user/Desktop/airflowproj/py_env/lib/python3.10/site-packages/airflow/example_dags/example_trigger_target_dag.py took 0.045 seconds
[2024-06-18T12:46:26.740+0400] {processor.py:161} INFO - Started process (PID=47190) to work on /home/user/Desktop/airflowproj/py_env/lib/python3.10/site-packages/airflow/example_dags/example_trigger_target_dag.py
[2024-06-18T12:46:26.742+0400] {processor.py:830} INFO - Processing file /home/user/Desktop/airflowproj/py_env/lib/python3.10/site-packages/airflow/example_dags/example_trigger_target_dag.py for tasks to queue
[2024-06-18T12:46:26.744+0400] {logging_mixin.py:188} INFO - [2024-06-18T12:46:26.744+0400] {dagbag.py:545} INFO - Filling up the DagBag from /home/user/Desktop/airflowproj/py_env/lib/python3.10/site-packages/airflow/example_dags/example_trigger_target_dag.py
[2024-06-18T12:46:26.749+0400] {processor.py:840} INFO - DAG(s) 'example_trigger_target_dag' retrieved from /home/user/Desktop/airflowproj/py_env/lib/python3.10/site-packages/airflow/example_dags/example_trigger_target_dag.py
[2024-06-18T12:46:26.756+0400] {logging_mixin.py:188} INFO - [2024-06-18T12:46:26.756+0400] {dag.py:3096} INFO - Sync 1 DAGs
[2024-06-18T12:46:26.761+0400] {logging_mixin.py:188} INFO - [2024-06-18T12:46:26.761+0400] {dag.py:3954} INFO - Setting next_dagrun for example_trigger_target_dag to None, run_after=None
[2024-06-18T12:46:26.774+0400] {processor.py:183} INFO - Processing /home/user/Desktop/airflowproj/py_env/lib/python3.10/site-packages/airflow/example_dags/example_trigger_target_dag.py took 0.041 seconds
[2024-06-18T12:47:24.567+0400] {processor.py:161} INFO - Started process (PID=47954) to work on /home/user/Desktop/airflowproj/py_env/lib/python3.10/site-packages/airflow/example_dags/example_trigger_target_dag.py
[2024-06-18T12:47:24.569+0400] {processor.py:830} INFO - Processing file /home/user/Desktop/airflowproj/py_env/lib/python3.10/site-packages/airflow/example_dags/example_trigger_target_dag.py for tasks to queue
[2024-06-18T12:47:24.570+0400] {logging_mixin.py:188} INFO - [2024-06-18T12:47:24.570+0400] {dagbag.py:545} INFO - Filling up the DagBag from /home/user/Desktop/airflowproj/py_env/lib/python3.10/site-packages/airflow/example_dags/example_trigger_target_dag.py
[2024-06-18T12:47:24.573+0400] {processor.py:840} INFO - DAG(s) 'example_trigger_target_dag' retrieved from /home/user/Desktop/airflowproj/py_env/lib/python3.10/site-packages/airflow/example_dags/example_trigger_target_dag.py
[2024-06-18T12:47:24.580+0400] {logging_mixin.py:188} INFO - [2024-06-18T12:47:24.579+0400] {dag.py:3096} INFO - Sync 1 DAGs
[2024-06-18T12:47:24.585+0400] {logging_mixin.py:188} INFO - [2024-06-18T12:47:24.585+0400] {dag.py:3954} INFO - Setting next_dagrun for example_trigger_target_dag to None, run_after=None
[2024-06-18T12:47:24.598+0400] {processor.py:183} INFO - Processing /home/user/Desktop/airflowproj/py_env/lib/python3.10/site-packages/airflow/example_dags/example_trigger_target_dag.py took 0.034 seconds
[2024-06-18T12:48:21.501+0400] {processor.py:161} INFO - Started process (PID=48274) to work on /home/user/Desktop/airflowproj/py_env/lib/python3.10/site-packages/airflow/example_dags/example_trigger_target_dag.py
[2024-06-18T12:48:21.502+0400] {processor.py:830} INFO - Processing file /home/user/Desktop/airflowproj/py_env/lib/python3.10/site-packages/airflow/example_dags/example_trigger_target_dag.py for tasks to queue
[2024-06-18T12:48:21.504+0400] {logging_mixin.py:188} INFO - [2024-06-18T12:48:21.503+0400] {dagbag.py:545} INFO - Filling up the DagBag from /home/user/Desktop/airflowproj/py_env/lib/python3.10/site-packages/airflow/example_dags/example_trigger_target_dag.py
[2024-06-18T12:48:21.507+0400] {processor.py:840} INFO - DAG(s) 'example_trigger_target_dag' retrieved from /home/user/Desktop/airflowproj/py_env/lib/python3.10/site-packages/airflow/example_dags/example_trigger_target_dag.py
[2024-06-18T12:48:21.516+0400] {logging_mixin.py:188} INFO - [2024-06-18T12:48:21.516+0400] {dag.py:3096} INFO - Sync 1 DAGs
[2024-06-18T12:48:21.522+0400] {logging_mixin.py:188} INFO - [2024-06-18T12:48:21.522+0400] {dag.py:3954} INFO - Setting next_dagrun for example_trigger_target_dag to None, run_after=None
[2024-06-18T12:48:21.537+0400] {processor.py:183} INFO - Processing /home/user/Desktop/airflowproj/py_env/lib/python3.10/site-packages/airflow/example_dags/example_trigger_target_dag.py took 0.041 seconds
[2024-06-18T12:49:10.917+0400] {processor.py:161} INFO - Started process (PID=48606) to work on /home/user/Desktop/airflowproj/py_env/lib/python3.10/site-packages/airflow/example_dags/example_trigger_target_dag.py
[2024-06-18T12:49:10.919+0400] {processor.py:830} INFO - Processing file /home/user/Desktop/airflowproj/py_env/lib/python3.10/site-packages/airflow/example_dags/example_trigger_target_dag.py for tasks to queue
[2024-06-18T12:49:10.920+0400] {logging_mixin.py:188} INFO - [2024-06-18T12:49:10.920+0400] {dagbag.py:545} INFO - Filling up the DagBag from /home/user/Desktop/airflowproj/py_env/lib/python3.10/site-packages/airflow/example_dags/example_trigger_target_dag.py
[2024-06-18T12:49:10.923+0400] {processor.py:840} INFO - DAG(s) 'example_trigger_target_dag' retrieved from /home/user/Desktop/airflowproj/py_env/lib/python3.10/site-packages/airflow/example_dags/example_trigger_target_dag.py
[2024-06-18T12:49:10.932+0400] {logging_mixin.py:188} INFO - [2024-06-18T12:49:10.932+0400] {dag.py:3096} INFO - Sync 1 DAGs
[2024-06-18T12:49:10.938+0400] {logging_mixin.py:188} INFO - [2024-06-18T12:49:10.938+0400] {dag.py:3954} INFO - Setting next_dagrun for example_trigger_target_dag to None, run_after=None
[2024-06-18T12:49:10.953+0400] {processor.py:183} INFO - Processing /home/user/Desktop/airflowproj/py_env/lib/python3.10/site-packages/airflow/example_dags/example_trigger_target_dag.py took 0.041 seconds
[2024-06-18T12:50:11.479+0400] {processor.py:161} INFO - Started process (PID=48778) to work on /home/user/Desktop/airflowproj/py_env/lib/python3.10/site-packages/airflow/example_dags/example_trigger_target_dag.py
[2024-06-18T12:50:11.482+0400] {processor.py:830} INFO - Processing file /home/user/Desktop/airflowproj/py_env/lib/python3.10/site-packages/airflow/example_dags/example_trigger_target_dag.py for tasks to queue
[2024-06-18T12:50:11.484+0400] {logging_mixin.py:188} INFO - [2024-06-18T12:50:11.483+0400] {dagbag.py:545} INFO - Filling up the DagBag from /home/user/Desktop/airflowproj/py_env/lib/python3.10/site-packages/airflow/example_dags/example_trigger_target_dag.py
[2024-06-18T12:50:11.488+0400] {processor.py:840} INFO - DAG(s) 'example_trigger_target_dag' retrieved from /home/user/Desktop/airflowproj/py_env/lib/python3.10/site-packages/airflow/example_dags/example_trigger_target_dag.py
[2024-06-18T12:50:11.497+0400] {logging_mixin.py:188} INFO - [2024-06-18T12:50:11.497+0400] {dag.py:3096} INFO - Sync 1 DAGs
[2024-06-18T12:50:11.502+0400] {logging_mixin.py:188} INFO - [2024-06-18T12:50:11.502+0400] {dag.py:3954} INFO - Setting next_dagrun for example_trigger_target_dag to None, run_after=None
[2024-06-18T12:50:11.519+0400] {processor.py:183} INFO - Processing /home/user/Desktop/airflowproj/py_env/lib/python3.10/site-packages/airflow/example_dags/example_trigger_target_dag.py took 0.046 seconds
[2024-06-18T12:51:11.862+0400] {processor.py:161} INFO - Started process (PID=48990) to work on /home/user/Desktop/airflowproj/py_env/lib/python3.10/site-packages/airflow/example_dags/example_trigger_target_dag.py
[2024-06-18T12:51:11.864+0400] {processor.py:830} INFO - Processing file /home/user/Desktop/airflowproj/py_env/lib/python3.10/site-packages/airflow/example_dags/example_trigger_target_dag.py for tasks to queue
[2024-06-18T12:51:11.866+0400] {logging_mixin.py:188} INFO - [2024-06-18T12:51:11.865+0400] {dagbag.py:545} INFO - Filling up the DagBag from /home/user/Desktop/airflowproj/py_env/lib/python3.10/site-packages/airflow/example_dags/example_trigger_target_dag.py
[2024-06-18T12:51:11.870+0400] {processor.py:840} INFO - DAG(s) 'example_trigger_target_dag' retrieved from /home/user/Desktop/airflowproj/py_env/lib/python3.10/site-packages/airflow/example_dags/example_trigger_target_dag.py
[2024-06-18T12:51:11.880+0400] {logging_mixin.py:188} INFO - [2024-06-18T12:51:11.879+0400] {dag.py:3096} INFO - Sync 1 DAGs
[2024-06-18T12:51:11.890+0400] {logging_mixin.py:188} INFO - [2024-06-18T12:51:11.890+0400] {dag.py:3954} INFO - Setting next_dagrun for example_trigger_target_dag to None, run_after=None
[2024-06-18T12:51:11.911+0400] {processor.py:183} INFO - Processing /home/user/Desktop/airflowproj/py_env/lib/python3.10/site-packages/airflow/example_dags/example_trigger_target_dag.py took 0.053 seconds
[2024-06-18T12:52:09.608+0400] {processor.py:161} INFO - Started process (PID=49166) to work on /home/user/Desktop/airflowproj/py_env/lib/python3.10/site-packages/airflow/example_dags/example_trigger_target_dag.py
[2024-06-18T12:52:09.610+0400] {processor.py:830} INFO - Processing file /home/user/Desktop/airflowproj/py_env/lib/python3.10/site-packages/airflow/example_dags/example_trigger_target_dag.py for tasks to queue
[2024-06-18T12:52:09.611+0400] {logging_mixin.py:188} INFO - [2024-06-18T12:52:09.611+0400] {dagbag.py:545} INFO - Filling up the DagBag from /home/user/Desktop/airflowproj/py_env/lib/python3.10/site-packages/airflow/example_dags/example_trigger_target_dag.py
[2024-06-18T12:52:09.615+0400] {processor.py:840} INFO - DAG(s) 'example_trigger_target_dag' retrieved from /home/user/Desktop/airflowproj/py_env/lib/python3.10/site-packages/airflow/example_dags/example_trigger_target_dag.py
[2024-06-18T12:52:09.622+0400] {logging_mixin.py:188} INFO - [2024-06-18T12:52:09.621+0400] {dag.py:3096} INFO - Sync 1 DAGs
[2024-06-18T12:52:09.627+0400] {logging_mixin.py:188} INFO - [2024-06-18T12:52:09.627+0400] {dag.py:3954} INFO - Setting next_dagrun for example_trigger_target_dag to None, run_after=None
[2024-06-18T12:52:09.640+0400] {processor.py:183} INFO - Processing /home/user/Desktop/airflowproj/py_env/lib/python3.10/site-packages/airflow/example_dags/example_trigger_target_dag.py took 0.037 seconds
[2024-06-18T12:53:07.892+0400] {processor.py:161} INFO - Started process (PID=49465) to work on /home/user/Desktop/airflowproj/py_env/lib/python3.10/site-packages/airflow/example_dags/example_trigger_target_dag.py
[2024-06-18T12:53:07.894+0400] {processor.py:830} INFO - Processing file /home/user/Desktop/airflowproj/py_env/lib/python3.10/site-packages/airflow/example_dags/example_trigger_target_dag.py for tasks to queue
[2024-06-18T12:53:07.895+0400] {logging_mixin.py:188} INFO - [2024-06-18T12:53:07.895+0400] {dagbag.py:545} INFO - Filling up the DagBag from /home/user/Desktop/airflowproj/py_env/lib/python3.10/site-packages/airflow/example_dags/example_trigger_target_dag.py
[2024-06-18T12:53:07.898+0400] {processor.py:840} INFO - DAG(s) 'example_trigger_target_dag' retrieved from /home/user/Desktop/airflowproj/py_env/lib/python3.10/site-packages/airflow/example_dags/example_trigger_target_dag.py
[2024-06-18T12:53:07.906+0400] {logging_mixin.py:188} INFO - [2024-06-18T12:53:07.906+0400] {dag.py:3096} INFO - Sync 1 DAGs
[2024-06-18T12:53:07.912+0400] {logging_mixin.py:188} INFO - [2024-06-18T12:53:07.912+0400] {dag.py:3954} INFO - Setting next_dagrun for example_trigger_target_dag to None, run_after=None
[2024-06-18T12:53:07.924+0400] {processor.py:183} INFO - Processing /home/user/Desktop/airflowproj/py_env/lib/python3.10/site-packages/airflow/example_dags/example_trigger_target_dag.py took 0.036 seconds
[2024-06-18T12:54:06.441+0400] {processor.py:161} INFO - Started process (PID=49650) to work on /home/user/Desktop/airflowproj/py_env/lib/python3.10/site-packages/airflow/example_dags/example_trigger_target_dag.py
[2024-06-18T12:54:06.443+0400] {processor.py:830} INFO - Processing file /home/user/Desktop/airflowproj/py_env/lib/python3.10/site-packages/airflow/example_dags/example_trigger_target_dag.py for tasks to queue
[2024-06-18T12:54:06.444+0400] {logging_mixin.py:188} INFO - [2024-06-18T12:54:06.444+0400] {dagbag.py:545} INFO - Filling up the DagBag from /home/user/Desktop/airflowproj/py_env/lib/python3.10/site-packages/airflow/example_dags/example_trigger_target_dag.py
[2024-06-18T12:54:06.447+0400] {processor.py:840} INFO - DAG(s) 'example_trigger_target_dag' retrieved from /home/user/Desktop/airflowproj/py_env/lib/python3.10/site-packages/airflow/example_dags/example_trigger_target_dag.py
[2024-06-18T12:54:06.456+0400] {logging_mixin.py:188} INFO - [2024-06-18T12:54:06.456+0400] {dag.py:3096} INFO - Sync 1 DAGs
[2024-06-18T12:54:06.462+0400] {logging_mixin.py:188} INFO - [2024-06-18T12:54:06.462+0400] {dag.py:3954} INFO - Setting next_dagrun for example_trigger_target_dag to None, run_after=None
[2024-06-18T12:54:06.479+0400] {processor.py:183} INFO - Processing /home/user/Desktop/airflowproj/py_env/lib/python3.10/site-packages/airflow/example_dags/example_trigger_target_dag.py took 0.041 seconds
[2024-06-18T12:55:05.685+0400] {processor.py:161} INFO - Started process (PID=49810) to work on /home/user/Desktop/airflowproj/py_env/lib/python3.10/site-packages/airflow/example_dags/example_trigger_target_dag.py
[2024-06-18T12:55:05.687+0400] {processor.py:830} INFO - Processing file /home/user/Desktop/airflowproj/py_env/lib/python3.10/site-packages/airflow/example_dags/example_trigger_target_dag.py for tasks to queue
[2024-06-18T12:55:05.688+0400] {logging_mixin.py:188} INFO - [2024-06-18T12:55:05.688+0400] {dagbag.py:545} INFO - Filling up the DagBag from /home/user/Desktop/airflowproj/py_env/lib/python3.10/site-packages/airflow/example_dags/example_trigger_target_dag.py
[2024-06-18T12:55:05.691+0400] {processor.py:840} INFO - DAG(s) 'example_trigger_target_dag' retrieved from /home/user/Desktop/airflowproj/py_env/lib/python3.10/site-packages/airflow/example_dags/example_trigger_target_dag.py
[2024-06-18T12:55:05.700+0400] {logging_mixin.py:188} INFO - [2024-06-18T12:55:05.699+0400] {dag.py:3096} INFO - Sync 1 DAGs
[2024-06-18T12:55:05.705+0400] {logging_mixin.py:188} INFO - [2024-06-18T12:55:05.705+0400] {dag.py:3954} INFO - Setting next_dagrun for example_trigger_target_dag to None, run_after=None
[2024-06-18T12:55:05.719+0400] {processor.py:183} INFO - Processing /home/user/Desktop/airflowproj/py_env/lib/python3.10/site-packages/airflow/example_dags/example_trigger_target_dag.py took 0.038 seconds
[2024-06-18T12:56:00.991+0400] {processor.py:161} INFO - Started process (PID=50103) to work on /home/user/Desktop/airflowproj/py_env/lib/python3.10/site-packages/airflow/example_dags/example_trigger_target_dag.py
[2024-06-18T12:56:00.993+0400] {processor.py:830} INFO - Processing file /home/user/Desktop/airflowproj/py_env/lib/python3.10/site-packages/airflow/example_dags/example_trigger_target_dag.py for tasks to queue
[2024-06-18T12:56:00.994+0400] {logging_mixin.py:188} INFO - [2024-06-18T12:56:00.994+0400] {dagbag.py:545} INFO - Filling up the DagBag from /home/user/Desktop/airflowproj/py_env/lib/python3.10/site-packages/airflow/example_dags/example_trigger_target_dag.py
[2024-06-18T12:56:00.997+0400] {processor.py:840} INFO - DAG(s) 'example_trigger_target_dag' retrieved from /home/user/Desktop/airflowproj/py_env/lib/python3.10/site-packages/airflow/example_dags/example_trigger_target_dag.py
[2024-06-18T12:56:01.004+0400] {logging_mixin.py:188} INFO - [2024-06-18T12:56:01.004+0400] {dag.py:3096} INFO - Sync 1 DAGs
[2024-06-18T12:56:01.009+0400] {logging_mixin.py:188} INFO - [2024-06-18T12:56:01.009+0400] {dag.py:3954} INFO - Setting next_dagrun for example_trigger_target_dag to None, run_after=None
[2024-06-18T12:56:01.021+0400] {processor.py:183} INFO - Processing /home/user/Desktop/airflowproj/py_env/lib/python3.10/site-packages/airflow/example_dags/example_trigger_target_dag.py took 0.034 seconds
[2024-06-18T12:57:00.414+0400] {processor.py:161} INFO - Started process (PID=50332) to work on /home/user/Desktop/airflowproj/py_env/lib/python3.10/site-packages/airflow/example_dags/example_trigger_target_dag.py
[2024-06-18T12:57:00.416+0400] {processor.py:830} INFO - Processing file /home/user/Desktop/airflowproj/py_env/lib/python3.10/site-packages/airflow/example_dags/example_trigger_target_dag.py for tasks to queue
[2024-06-18T12:57:00.417+0400] {logging_mixin.py:188} INFO - [2024-06-18T12:57:00.417+0400] {dagbag.py:545} INFO - Filling up the DagBag from /home/user/Desktop/airflowproj/py_env/lib/python3.10/site-packages/airflow/example_dags/example_trigger_target_dag.py
[2024-06-18T12:57:00.423+0400] {processor.py:840} INFO - DAG(s) 'example_trigger_target_dag' retrieved from /home/user/Desktop/airflowproj/py_env/lib/python3.10/site-packages/airflow/example_dags/example_trigger_target_dag.py
[2024-06-18T12:57:00.431+0400] {logging_mixin.py:188} INFO - [2024-06-18T12:57:00.431+0400] {dag.py:3096} INFO - Sync 1 DAGs
[2024-06-18T12:57:00.436+0400] {logging_mixin.py:188} INFO - [2024-06-18T12:57:00.436+0400] {dag.py:3954} INFO - Setting next_dagrun for example_trigger_target_dag to None, run_after=None
[2024-06-18T12:57:00.449+0400] {processor.py:183} INFO - Processing /home/user/Desktop/airflowproj/py_env/lib/python3.10/site-packages/airflow/example_dags/example_trigger_target_dag.py took 0.039 seconds
[2024-06-18T12:58:00.980+0400] {processor.py:161} INFO - Started process (PID=50817) to work on /home/user/Desktop/airflowproj/py_env/lib/python3.10/site-packages/airflow/example_dags/example_trigger_target_dag.py
[2024-06-18T12:58:00.982+0400] {processor.py:830} INFO - Processing file /home/user/Desktop/airflowproj/py_env/lib/python3.10/site-packages/airflow/example_dags/example_trigger_target_dag.py for tasks to queue
[2024-06-18T12:58:00.983+0400] {logging_mixin.py:188} INFO - [2024-06-18T12:58:00.983+0400] {dagbag.py:545} INFO - Filling up the DagBag from /home/user/Desktop/airflowproj/py_env/lib/python3.10/site-packages/airflow/example_dags/example_trigger_target_dag.py
[2024-06-18T12:58:00.987+0400] {processor.py:840} INFO - DAG(s) 'example_trigger_target_dag' retrieved from /home/user/Desktop/airflowproj/py_env/lib/python3.10/site-packages/airflow/example_dags/example_trigger_target_dag.py
[2024-06-18T12:58:00.994+0400] {logging_mixin.py:188} INFO - [2024-06-18T12:58:00.994+0400] {dag.py:3096} INFO - Sync 1 DAGs
[2024-06-18T12:58:00.999+0400] {logging_mixin.py:188} INFO - [2024-06-18T12:58:00.999+0400] {dag.py:3954} INFO - Setting next_dagrun for example_trigger_target_dag to None, run_after=None
[2024-06-18T12:58:01.016+0400] {processor.py:183} INFO - Processing /home/user/Desktop/airflowproj/py_env/lib/python3.10/site-packages/airflow/example_dags/example_trigger_target_dag.py took 0.040 seconds
[2024-06-18T12:58:59.255+0400] {processor.py:161} INFO - Started process (PID=51174) to work on /home/user/Desktop/airflowproj/py_env/lib/python3.10/site-packages/airflow/example_dags/example_trigger_target_dag.py
[2024-06-18T12:58:59.257+0400] {processor.py:830} INFO - Processing file /home/user/Desktop/airflowproj/py_env/lib/python3.10/site-packages/airflow/example_dags/example_trigger_target_dag.py for tasks to queue
[2024-06-18T12:58:59.258+0400] {logging_mixin.py:188} INFO - [2024-06-18T12:58:59.258+0400] {dagbag.py:545} INFO - Filling up the DagBag from /home/user/Desktop/airflowproj/py_env/lib/python3.10/site-packages/airflow/example_dags/example_trigger_target_dag.py
[2024-06-18T12:58:59.262+0400] {processor.py:840} INFO - DAG(s) 'example_trigger_target_dag' retrieved from /home/user/Desktop/airflowproj/py_env/lib/python3.10/site-packages/airflow/example_dags/example_trigger_target_dag.py
[2024-06-18T12:58:59.268+0400] {logging_mixin.py:188} INFO - [2024-06-18T12:58:59.268+0400] {dag.py:3096} INFO - Sync 1 DAGs
[2024-06-18T12:58:59.273+0400] {logging_mixin.py:188} INFO - [2024-06-18T12:58:59.273+0400] {dag.py:3954} INFO - Setting next_dagrun for example_trigger_target_dag to None, run_after=None
[2024-06-18T12:58:59.286+0400] {processor.py:183} INFO - Processing /home/user/Desktop/airflowproj/py_env/lib/python3.10/site-packages/airflow/example_dags/example_trigger_target_dag.py took 0.036 seconds
[2024-06-18T12:59:55.838+0400] {processor.py:161} INFO - Started process (PID=51525) to work on /home/user/Desktop/airflowproj/py_env/lib/python3.10/site-packages/airflow/example_dags/example_trigger_target_dag.py
[2024-06-18T12:59:55.841+0400] {processor.py:830} INFO - Processing file /home/user/Desktop/airflowproj/py_env/lib/python3.10/site-packages/airflow/example_dags/example_trigger_target_dag.py for tasks to queue
[2024-06-18T12:59:55.841+0400] {logging_mixin.py:188} INFO - [2024-06-18T12:59:55.841+0400] {dagbag.py:545} INFO - Filling up the DagBag from /home/user/Desktop/airflowproj/py_env/lib/python3.10/site-packages/airflow/example_dags/example_trigger_target_dag.py
[2024-06-18T12:59:55.844+0400] {processor.py:840} INFO - DAG(s) 'example_trigger_target_dag' retrieved from /home/user/Desktop/airflowproj/py_env/lib/python3.10/site-packages/airflow/example_dags/example_trigger_target_dag.py
[2024-06-18T12:59:55.851+0400] {logging_mixin.py:188} INFO - [2024-06-18T12:59:55.851+0400] {dag.py:3096} INFO - Sync 1 DAGs
[2024-06-18T12:59:55.856+0400] {logging_mixin.py:188} INFO - [2024-06-18T12:59:55.856+0400] {dag.py:3954} INFO - Setting next_dagrun for example_trigger_target_dag to None, run_after=None
[2024-06-18T12:59:55.869+0400] {processor.py:183} INFO - Processing /home/user/Desktop/airflowproj/py_env/lib/python3.10/site-packages/airflow/example_dags/example_trigger_target_dag.py took 0.035 seconds
[2024-06-18T13:00:51.332+0400] {processor.py:161} INFO - Started process (PID=51894) to work on /home/user/Desktop/airflowproj/py_env/lib/python3.10/site-packages/airflow/example_dags/example_trigger_target_dag.py
[2024-06-18T13:00:51.336+0400] {processor.py:830} INFO - Processing file /home/user/Desktop/airflowproj/py_env/lib/python3.10/site-packages/airflow/example_dags/example_trigger_target_dag.py for tasks to queue
[2024-06-18T13:00:51.337+0400] {logging_mixin.py:188} INFO - [2024-06-18T13:00:51.337+0400] {dagbag.py:545} INFO - Filling up the DagBag from /home/user/Desktop/airflowproj/py_env/lib/python3.10/site-packages/airflow/example_dags/example_trigger_target_dag.py
[2024-06-18T13:00:51.341+0400] {processor.py:840} INFO - DAG(s) 'example_trigger_target_dag' retrieved from /home/user/Desktop/airflowproj/py_env/lib/python3.10/site-packages/airflow/example_dags/example_trigger_target_dag.py
[2024-06-18T13:00:51.349+0400] {logging_mixin.py:188} INFO - [2024-06-18T13:00:51.349+0400] {dag.py:3096} INFO - Sync 1 DAGs
[2024-06-18T13:00:51.355+0400] {logging_mixin.py:188} INFO - [2024-06-18T13:00:51.355+0400] {dag.py:3954} INFO - Setting next_dagrun for example_trigger_target_dag to None, run_after=None
[2024-06-18T13:00:51.373+0400] {processor.py:183} INFO - Processing /home/user/Desktop/airflowproj/py_env/lib/python3.10/site-packages/airflow/example_dags/example_trigger_target_dag.py took 0.046 seconds
[2024-06-18T13:01:50.633+0400] {processor.py:161} INFO - Started process (PID=52482) to work on /home/user/Desktop/airflowproj/py_env/lib/python3.10/site-packages/airflow/example_dags/example_trigger_target_dag.py
[2024-06-18T13:01:50.635+0400] {processor.py:830} INFO - Processing file /home/user/Desktop/airflowproj/py_env/lib/python3.10/site-packages/airflow/example_dags/example_trigger_target_dag.py for tasks to queue
[2024-06-18T13:01:50.636+0400] {logging_mixin.py:188} INFO - [2024-06-18T13:01:50.636+0400] {dagbag.py:545} INFO - Filling up the DagBag from /home/user/Desktop/airflowproj/py_env/lib/python3.10/site-packages/airflow/example_dags/example_trigger_target_dag.py
[2024-06-18T13:01:50.639+0400] {processor.py:840} INFO - DAG(s) 'example_trigger_target_dag' retrieved from /home/user/Desktop/airflowproj/py_env/lib/python3.10/site-packages/airflow/example_dags/example_trigger_target_dag.py
[2024-06-18T13:01:50.648+0400] {logging_mixin.py:188} INFO - [2024-06-18T13:01:50.648+0400] {dag.py:3096} INFO - Sync 1 DAGs
[2024-06-18T13:01:50.653+0400] {logging_mixin.py:188} INFO - [2024-06-18T13:01:50.653+0400] {dag.py:3954} INFO - Setting next_dagrun for example_trigger_target_dag to None, run_after=None
[2024-06-18T13:01:50.669+0400] {processor.py:183} INFO - Processing /home/user/Desktop/airflowproj/py_env/lib/python3.10/site-packages/airflow/example_dags/example_trigger_target_dag.py took 0.042 seconds
[2024-06-18T13:02:50.886+0400] {processor.py:161} INFO - Started process (PID=52995) to work on /home/user/Desktop/airflowproj/py_env/lib/python3.10/site-packages/airflow/example_dags/example_trigger_target_dag.py
[2024-06-18T13:02:50.887+0400] {processor.py:830} INFO - Processing file /home/user/Desktop/airflowproj/py_env/lib/python3.10/site-packages/airflow/example_dags/example_trigger_target_dag.py for tasks to queue
[2024-06-18T13:02:50.888+0400] {logging_mixin.py:188} INFO - [2024-06-18T13:02:50.887+0400] {dagbag.py:545} INFO - Filling up the DagBag from /home/user/Desktop/airflowproj/py_env/lib/python3.10/site-packages/airflow/example_dags/example_trigger_target_dag.py
[2024-06-18T13:02:50.891+0400] {processor.py:840} INFO - DAG(s) 'example_trigger_target_dag' retrieved from /home/user/Desktop/airflowproj/py_env/lib/python3.10/site-packages/airflow/example_dags/example_trigger_target_dag.py
[2024-06-18T13:02:50.900+0400] {logging_mixin.py:188} INFO - [2024-06-18T13:02:50.899+0400] {dag.py:3096} INFO - Sync 1 DAGs
[2024-06-18T13:02:50.905+0400] {logging_mixin.py:188} INFO - [2024-06-18T13:02:50.905+0400] {dag.py:3954} INFO - Setting next_dagrun for example_trigger_target_dag to None, run_after=None
[2024-06-18T13:02:50.921+0400] {processor.py:183} INFO - Processing /home/user/Desktop/airflowproj/py_env/lib/python3.10/site-packages/airflow/example_dags/example_trigger_target_dag.py took 0.040 seconds
[2024-06-18T13:03:48.972+0400] {processor.py:161} INFO - Started process (PID=53181) to work on /home/user/Desktop/airflowproj/py_env/lib/python3.10/site-packages/airflow/example_dags/example_trigger_target_dag.py
[2024-06-18T13:03:48.974+0400] {processor.py:830} INFO - Processing file /home/user/Desktop/airflowproj/py_env/lib/python3.10/site-packages/airflow/example_dags/example_trigger_target_dag.py for tasks to queue
[2024-06-18T13:03:48.975+0400] {logging_mixin.py:188} INFO - [2024-06-18T13:03:48.974+0400] {dagbag.py:545} INFO - Filling up the DagBag from /home/user/Desktop/airflowproj/py_env/lib/python3.10/site-packages/airflow/example_dags/example_trigger_target_dag.py
[2024-06-18T13:03:48.978+0400] {processor.py:840} INFO - DAG(s) 'example_trigger_target_dag' retrieved from /home/user/Desktop/airflowproj/py_env/lib/python3.10/site-packages/airflow/example_dags/example_trigger_target_dag.py
[2024-06-18T13:03:48.985+0400] {logging_mixin.py:188} INFO - [2024-06-18T13:03:48.985+0400] {dag.py:3096} INFO - Sync 1 DAGs
[2024-06-18T13:03:48.991+0400] {logging_mixin.py:188} INFO - [2024-06-18T13:03:48.991+0400] {dag.py:3954} INFO - Setting next_dagrun for example_trigger_target_dag to None, run_after=None
[2024-06-18T13:03:49.005+0400] {processor.py:183} INFO - Processing /home/user/Desktop/airflowproj/py_env/lib/python3.10/site-packages/airflow/example_dags/example_trigger_target_dag.py took 0.036 seconds
[2024-06-18T13:04:46.152+0400] {processor.py:161} INFO - Started process (PID=53393) to work on /home/user/Desktop/airflowproj/py_env/lib/python3.10/site-packages/airflow/example_dags/example_trigger_target_dag.py
[2024-06-18T13:04:46.154+0400] {processor.py:830} INFO - Processing file /home/user/Desktop/airflowproj/py_env/lib/python3.10/site-packages/airflow/example_dags/example_trigger_target_dag.py for tasks to queue
[2024-06-18T13:04:46.155+0400] {logging_mixin.py:188} INFO - [2024-06-18T13:04:46.155+0400] {dagbag.py:545} INFO - Filling up the DagBag from /home/user/Desktop/airflowproj/py_env/lib/python3.10/site-packages/airflow/example_dags/example_trigger_target_dag.py
[2024-06-18T13:04:46.159+0400] {processor.py:840} INFO - DAG(s) 'example_trigger_target_dag' retrieved from /home/user/Desktop/airflowproj/py_env/lib/python3.10/site-packages/airflow/example_dags/example_trigger_target_dag.py
[2024-06-18T13:04:46.165+0400] {logging_mixin.py:188} INFO - [2024-06-18T13:04:46.165+0400] {dag.py:3096} INFO - Sync 1 DAGs
[2024-06-18T13:04:46.171+0400] {logging_mixin.py:188} INFO - [2024-06-18T13:04:46.171+0400] {dag.py:3954} INFO - Setting next_dagrun for example_trigger_target_dag to None, run_after=None
[2024-06-18T13:04:46.184+0400] {processor.py:183} INFO - Processing /home/user/Desktop/airflowproj/py_env/lib/python3.10/site-packages/airflow/example_dags/example_trigger_target_dag.py took 0.037 seconds
[2024-06-18T13:05:44.162+0400] {processor.py:161} INFO - Started process (PID=53643) to work on /home/user/Desktop/airflowproj/py_env/lib/python3.10/site-packages/airflow/example_dags/example_trigger_target_dag.py
[2024-06-18T13:05:44.164+0400] {processor.py:830} INFO - Processing file /home/user/Desktop/airflowproj/py_env/lib/python3.10/site-packages/airflow/example_dags/example_trigger_target_dag.py for tasks to queue
[2024-06-18T13:05:44.165+0400] {logging_mixin.py:188} INFO - [2024-06-18T13:05:44.165+0400] {dagbag.py:545} INFO - Filling up the DagBag from /home/user/Desktop/airflowproj/py_env/lib/python3.10/site-packages/airflow/example_dags/example_trigger_target_dag.py
[2024-06-18T13:05:44.169+0400] {processor.py:840} INFO - DAG(s) 'example_trigger_target_dag' retrieved from /home/user/Desktop/airflowproj/py_env/lib/python3.10/site-packages/airflow/example_dags/example_trigger_target_dag.py
[2024-06-18T13:05:44.176+0400] {logging_mixin.py:188} INFO - [2024-06-18T13:05:44.176+0400] {dag.py:3096} INFO - Sync 1 DAGs
[2024-06-18T13:05:44.182+0400] {logging_mixin.py:188} INFO - [2024-06-18T13:05:44.182+0400] {dag.py:3954} INFO - Setting next_dagrun for example_trigger_target_dag to None, run_after=None
[2024-06-18T13:05:44.196+0400] {processor.py:183} INFO - Processing /home/user/Desktop/airflowproj/py_env/lib/python3.10/site-packages/airflow/example_dags/example_trigger_target_dag.py took 0.039 seconds
[2024-06-18T13:06:42.476+0400] {processor.py:161} INFO - Started process (PID=53857) to work on /home/user/Desktop/airflowproj/py_env/lib/python3.10/site-packages/airflow/example_dags/example_trigger_target_dag.py
[2024-06-18T13:06:42.479+0400] {processor.py:830} INFO - Processing file /home/user/Desktop/airflowproj/py_env/lib/python3.10/site-packages/airflow/example_dags/example_trigger_target_dag.py for tasks to queue
[2024-06-18T13:06:42.480+0400] {logging_mixin.py:188} INFO - [2024-06-18T13:06:42.480+0400] {dagbag.py:545} INFO - Filling up the DagBag from /home/user/Desktop/airflowproj/py_env/lib/python3.10/site-packages/airflow/example_dags/example_trigger_target_dag.py
[2024-06-18T13:06:42.483+0400] {processor.py:840} INFO - DAG(s) 'example_trigger_target_dag' retrieved from /home/user/Desktop/airflowproj/py_env/lib/python3.10/site-packages/airflow/example_dags/example_trigger_target_dag.py
[2024-06-18T13:06:42.491+0400] {logging_mixin.py:188} INFO - [2024-06-18T13:06:42.491+0400] {dag.py:3096} INFO - Sync 1 DAGs
[2024-06-18T13:06:42.496+0400] {logging_mixin.py:188} INFO - [2024-06-18T13:06:42.496+0400] {dag.py:3954} INFO - Setting next_dagrun for example_trigger_target_dag to None, run_after=None
[2024-06-18T13:06:42.510+0400] {processor.py:183} INFO - Processing /home/user/Desktop/airflowproj/py_env/lib/python3.10/site-packages/airflow/example_dags/example_trigger_target_dag.py took 0.038 seconds
[2024-06-18T13:07:32.169+0400] {processor.py:161} INFO - Started process (PID=54008) to work on /home/user/Desktop/airflowproj/py_env/lib/python3.10/site-packages/airflow/example_dags/example_trigger_target_dag.py
[2024-06-18T13:07:32.171+0400] {processor.py:830} INFO - Processing file /home/user/Desktop/airflowproj/py_env/lib/python3.10/site-packages/airflow/example_dags/example_trigger_target_dag.py for tasks to queue
[2024-06-18T13:07:32.172+0400] {logging_mixin.py:188} INFO - [2024-06-18T13:07:32.172+0400] {dagbag.py:545} INFO - Filling up the DagBag from /home/user/Desktop/airflowproj/py_env/lib/python3.10/site-packages/airflow/example_dags/example_trigger_target_dag.py
[2024-06-18T13:07:32.176+0400] {processor.py:840} INFO - DAG(s) 'example_trigger_target_dag' retrieved from /home/user/Desktop/airflowproj/py_env/lib/python3.10/site-packages/airflow/example_dags/example_trigger_target_dag.py
[2024-06-18T13:07:32.183+0400] {logging_mixin.py:188} INFO - [2024-06-18T13:07:32.183+0400] {dag.py:3096} INFO - Sync 1 DAGs
[2024-06-18T13:07:32.190+0400] {logging_mixin.py:188} INFO - [2024-06-18T13:07:32.190+0400] {dag.py:3954} INFO - Setting next_dagrun for example_trigger_target_dag to None, run_after=None
[2024-06-18T13:07:32.205+0400] {processor.py:183} INFO - Processing /home/user/Desktop/airflowproj/py_env/lib/python3.10/site-packages/airflow/example_dags/example_trigger_target_dag.py took 0.041 seconds
[2024-06-18T13:08:33.839+0400] {processor.py:161} INFO - Started process (PID=54271) to work on /home/user/Desktop/airflowproj/py_env/lib/python3.10/site-packages/airflow/example_dags/example_trigger_target_dag.py
[2024-06-18T13:08:33.841+0400] {processor.py:830} INFO - Processing file /home/user/Desktop/airflowproj/py_env/lib/python3.10/site-packages/airflow/example_dags/example_trigger_target_dag.py for tasks to queue
[2024-06-18T13:08:33.842+0400] {logging_mixin.py:188} INFO - [2024-06-18T13:08:33.842+0400] {dagbag.py:545} INFO - Filling up the DagBag from /home/user/Desktop/airflowproj/py_env/lib/python3.10/site-packages/airflow/example_dags/example_trigger_target_dag.py
[2024-06-18T13:08:33.846+0400] {processor.py:840} INFO - DAG(s) 'example_trigger_target_dag' retrieved from /home/user/Desktop/airflowproj/py_env/lib/python3.10/site-packages/airflow/example_dags/example_trigger_target_dag.py
[2024-06-18T13:08:33.853+0400] {logging_mixin.py:188} INFO - [2024-06-18T13:08:33.853+0400] {dag.py:3096} INFO - Sync 1 DAGs
[2024-06-18T13:08:33.859+0400] {logging_mixin.py:188} INFO - [2024-06-18T13:08:33.859+0400] {dag.py:3954} INFO - Setting next_dagrun for example_trigger_target_dag to None, run_after=None
[2024-06-18T13:08:33.872+0400] {processor.py:183} INFO - Processing /home/user/Desktop/airflowproj/py_env/lib/python3.10/site-packages/airflow/example_dags/example_trigger_target_dag.py took 0.038 seconds
[2024-06-18T13:09:30.940+0400] {processor.py:161} INFO - Started process (PID=54511) to work on /home/user/Desktop/airflowproj/py_env/lib/python3.10/site-packages/airflow/example_dags/example_trigger_target_dag.py
[2024-06-18T13:09:30.942+0400] {processor.py:830} INFO - Processing file /home/user/Desktop/airflowproj/py_env/lib/python3.10/site-packages/airflow/example_dags/example_trigger_target_dag.py for tasks to queue
[2024-06-18T13:09:30.943+0400] {logging_mixin.py:188} INFO - [2024-06-18T13:09:30.943+0400] {dagbag.py:545} INFO - Filling up the DagBag from /home/user/Desktop/airflowproj/py_env/lib/python3.10/site-packages/airflow/example_dags/example_trigger_target_dag.py
[2024-06-18T13:09:30.946+0400] {processor.py:840} INFO - DAG(s) 'example_trigger_target_dag' retrieved from /home/user/Desktop/airflowproj/py_env/lib/python3.10/site-packages/airflow/example_dags/example_trigger_target_dag.py
[2024-06-18T13:09:30.954+0400] {logging_mixin.py:188} INFO - [2024-06-18T13:09:30.954+0400] {dag.py:3096} INFO - Sync 1 DAGs
[2024-06-18T13:09:30.959+0400] {logging_mixin.py:188} INFO - [2024-06-18T13:09:30.959+0400] {dag.py:3954} INFO - Setting next_dagrun for example_trigger_target_dag to None, run_after=None
[2024-06-18T13:09:30.971+0400] {processor.py:183} INFO - Processing /home/user/Desktop/airflowproj/py_env/lib/python3.10/site-packages/airflow/example_dags/example_trigger_target_dag.py took 0.034 seconds
[2024-06-18T13:10:31.761+0400] {processor.py:161} INFO - Started process (PID=54724) to work on /home/user/Desktop/airflowproj/py_env/lib/python3.10/site-packages/airflow/example_dags/example_trigger_target_dag.py
[2024-06-18T13:10:31.763+0400] {processor.py:830} INFO - Processing file /home/user/Desktop/airflowproj/py_env/lib/python3.10/site-packages/airflow/example_dags/example_trigger_target_dag.py for tasks to queue
[2024-06-18T13:10:31.765+0400] {logging_mixin.py:188} INFO - [2024-06-18T13:10:31.764+0400] {dagbag.py:545} INFO - Filling up the DagBag from /home/user/Desktop/airflowproj/py_env/lib/python3.10/site-packages/airflow/example_dags/example_trigger_target_dag.py
[2024-06-18T13:10:31.770+0400] {processor.py:840} INFO - DAG(s) 'example_trigger_target_dag' retrieved from /home/user/Desktop/airflowproj/py_env/lib/python3.10/site-packages/airflow/example_dags/example_trigger_target_dag.py
[2024-06-18T13:10:31.777+0400] {logging_mixin.py:188} INFO - [2024-06-18T13:10:31.777+0400] {dag.py:3096} INFO - Sync 1 DAGs
[2024-06-18T13:10:31.783+0400] {logging_mixin.py:188} INFO - [2024-06-18T13:10:31.783+0400] {dag.py:3954} INFO - Setting next_dagrun for example_trigger_target_dag to None, run_after=None
[2024-06-18T13:10:31.797+0400] {processor.py:183} INFO - Processing /home/user/Desktop/airflowproj/py_env/lib/python3.10/site-packages/airflow/example_dags/example_trigger_target_dag.py took 0.041 seconds
[2024-06-18T13:11:33.746+0400] {processor.py:161} INFO - Started process (PID=54933) to work on /home/user/Desktop/airflowproj/py_env/lib/python3.10/site-packages/airflow/example_dags/example_trigger_target_dag.py
[2024-06-18T13:11:33.748+0400] {processor.py:830} INFO - Processing file /home/user/Desktop/airflowproj/py_env/lib/python3.10/site-packages/airflow/example_dags/example_trigger_target_dag.py for tasks to queue
[2024-06-18T13:11:33.749+0400] {logging_mixin.py:188} INFO - [2024-06-18T13:11:33.748+0400] {dagbag.py:545} INFO - Filling up the DagBag from /home/user/Desktop/airflowproj/py_env/lib/python3.10/site-packages/airflow/example_dags/example_trigger_target_dag.py
[2024-06-18T13:11:33.752+0400] {processor.py:840} INFO - DAG(s) 'example_trigger_target_dag' retrieved from /home/user/Desktop/airflowproj/py_env/lib/python3.10/site-packages/airflow/example_dags/example_trigger_target_dag.py
[2024-06-18T13:11:33.759+0400] {logging_mixin.py:188} INFO - [2024-06-18T13:11:33.759+0400] {dag.py:3096} INFO - Sync 1 DAGs
[2024-06-18T13:11:33.765+0400] {logging_mixin.py:188} INFO - [2024-06-18T13:11:33.765+0400] {dag.py:3954} INFO - Setting next_dagrun for example_trigger_target_dag to None, run_after=None
[2024-06-18T13:11:33.779+0400] {processor.py:183} INFO - Processing /home/user/Desktop/airflowproj/py_env/lib/python3.10/site-packages/airflow/example_dags/example_trigger_target_dag.py took 0.037 seconds
[2024-06-18T13:12:31.030+0400] {processor.py:161} INFO - Started process (PID=55133) to work on /home/user/Desktop/airflowproj/py_env/lib/python3.10/site-packages/airflow/example_dags/example_trigger_target_dag.py
[2024-06-18T13:12:31.032+0400] {processor.py:830} INFO - Processing file /home/user/Desktop/airflowproj/py_env/lib/python3.10/site-packages/airflow/example_dags/example_trigger_target_dag.py for tasks to queue
[2024-06-18T13:12:31.034+0400] {logging_mixin.py:188} INFO - [2024-06-18T13:12:31.033+0400] {dagbag.py:545} INFO - Filling up the DagBag from /home/user/Desktop/airflowproj/py_env/lib/python3.10/site-packages/airflow/example_dags/example_trigger_target_dag.py
[2024-06-18T13:12:31.037+0400] {processor.py:840} INFO - DAG(s) 'example_trigger_target_dag' retrieved from /home/user/Desktop/airflowproj/py_env/lib/python3.10/site-packages/airflow/example_dags/example_trigger_target_dag.py
[2024-06-18T13:12:31.045+0400] {logging_mixin.py:188} INFO - [2024-06-18T13:12:31.044+0400] {dag.py:3096} INFO - Sync 1 DAGs
[2024-06-18T13:12:31.050+0400] {logging_mixin.py:188} INFO - [2024-06-18T13:12:31.050+0400] {dag.py:3954} INFO - Setting next_dagrun for example_trigger_target_dag to None, run_after=None
[2024-06-18T13:12:31.063+0400] {processor.py:183} INFO - Processing /home/user/Desktop/airflowproj/py_env/lib/python3.10/site-packages/airflow/example_dags/example_trigger_target_dag.py took 0.037 seconds
[2024-06-18T13:13:30.886+0400] {processor.py:161} INFO - Started process (PID=55369) to work on /home/user/Desktop/airflowproj/py_env/lib/python3.10/site-packages/airflow/example_dags/example_trigger_target_dag.py
[2024-06-18T13:13:30.888+0400] {processor.py:830} INFO - Processing file /home/user/Desktop/airflowproj/py_env/lib/python3.10/site-packages/airflow/example_dags/example_trigger_target_dag.py for tasks to queue
[2024-06-18T13:13:30.889+0400] {logging_mixin.py:188} INFO - [2024-06-18T13:13:30.889+0400] {dagbag.py:545} INFO - Filling up the DagBag from /home/user/Desktop/airflowproj/py_env/lib/python3.10/site-packages/airflow/example_dags/example_trigger_target_dag.py
[2024-06-18T13:13:30.895+0400] {processor.py:840} INFO - DAG(s) 'example_trigger_target_dag' retrieved from /home/user/Desktop/airflowproj/py_env/lib/python3.10/site-packages/airflow/example_dags/example_trigger_target_dag.py
[2024-06-18T13:13:30.903+0400] {logging_mixin.py:188} INFO - [2024-06-18T13:13:30.903+0400] {dag.py:3096} INFO - Sync 1 DAGs
[2024-06-18T13:13:30.909+0400] {logging_mixin.py:188} INFO - [2024-06-18T13:13:30.909+0400] {dag.py:3954} INFO - Setting next_dagrun for example_trigger_target_dag to None, run_after=None
[2024-06-18T13:13:30.923+0400] {processor.py:183} INFO - Processing /home/user/Desktop/airflowproj/py_env/lib/python3.10/site-packages/airflow/example_dags/example_trigger_target_dag.py took 0.041 seconds
[2024-06-18T13:14:30.412+0400] {processor.py:161} INFO - Started process (PID=55585) to work on /home/user/Desktop/airflowproj/py_env/lib/python3.10/site-packages/airflow/example_dags/example_trigger_target_dag.py
[2024-06-18T13:14:30.414+0400] {processor.py:830} INFO - Processing file /home/user/Desktop/airflowproj/py_env/lib/python3.10/site-packages/airflow/example_dags/example_trigger_target_dag.py for tasks to queue
[2024-06-18T13:14:30.415+0400] {logging_mixin.py:188} INFO - [2024-06-18T13:14:30.415+0400] {dagbag.py:545} INFO - Filling up the DagBag from /home/user/Desktop/airflowproj/py_env/lib/python3.10/site-packages/airflow/example_dags/example_trigger_target_dag.py
[2024-06-18T13:14:30.419+0400] {processor.py:840} INFO - DAG(s) 'example_trigger_target_dag' retrieved from /home/user/Desktop/airflowproj/py_env/lib/python3.10/site-packages/airflow/example_dags/example_trigger_target_dag.py
[2024-06-18T13:14:30.426+0400] {logging_mixin.py:188} INFO - [2024-06-18T13:14:30.426+0400] {dag.py:3096} INFO - Sync 1 DAGs
[2024-06-18T13:14:30.432+0400] {logging_mixin.py:188} INFO - [2024-06-18T13:14:30.431+0400] {dag.py:3954} INFO - Setting next_dagrun for example_trigger_target_dag to None, run_after=None
[2024-06-18T13:14:30.445+0400] {processor.py:183} INFO - Processing /home/user/Desktop/airflowproj/py_env/lib/python3.10/site-packages/airflow/example_dags/example_trigger_target_dag.py took 0.038 seconds
[2024-06-18T13:15:26.867+0400] {processor.py:161} INFO - Started process (PID=55785) to work on /home/user/Desktop/airflowproj/py_env/lib/python3.10/site-packages/airflow/example_dags/example_trigger_target_dag.py
[2024-06-18T13:15:26.869+0400] {processor.py:830} INFO - Processing file /home/user/Desktop/airflowproj/py_env/lib/python3.10/site-packages/airflow/example_dags/example_trigger_target_dag.py for tasks to queue
[2024-06-18T13:15:26.870+0400] {logging_mixin.py:188} INFO - [2024-06-18T13:15:26.870+0400] {dagbag.py:545} INFO - Filling up the DagBag from /home/user/Desktop/airflowproj/py_env/lib/python3.10/site-packages/airflow/example_dags/example_trigger_target_dag.py
[2024-06-18T13:15:26.874+0400] {processor.py:840} INFO - DAG(s) 'example_trigger_target_dag' retrieved from /home/user/Desktop/airflowproj/py_env/lib/python3.10/site-packages/airflow/example_dags/example_trigger_target_dag.py
[2024-06-18T13:15:26.882+0400] {logging_mixin.py:188} INFO - [2024-06-18T13:15:26.882+0400] {dag.py:3096} INFO - Sync 1 DAGs
[2024-06-18T13:15:26.888+0400] {logging_mixin.py:188} INFO - [2024-06-18T13:15:26.887+0400] {dag.py:3954} INFO - Setting next_dagrun for example_trigger_target_dag to None, run_after=None
[2024-06-18T13:15:26.901+0400] {processor.py:183} INFO - Processing /home/user/Desktop/airflowproj/py_env/lib/python3.10/site-packages/airflow/example_dags/example_trigger_target_dag.py took 0.038 seconds
[2024-06-18T13:16:29.717+0400] {processor.py:161} INFO - Started process (PID=56000) to work on /home/user/Desktop/airflowproj/py_env/lib/python3.10/site-packages/airflow/example_dags/example_trigger_target_dag.py
[2024-06-18T13:16:29.719+0400] {processor.py:830} INFO - Processing file /home/user/Desktop/airflowproj/py_env/lib/python3.10/site-packages/airflow/example_dags/example_trigger_target_dag.py for tasks to queue
[2024-06-18T13:16:29.721+0400] {logging_mixin.py:188} INFO - [2024-06-18T13:16:29.720+0400] {dagbag.py:545} INFO - Filling up the DagBag from /home/user/Desktop/airflowproj/py_env/lib/python3.10/site-packages/airflow/example_dags/example_trigger_target_dag.py
[2024-06-18T13:16:29.724+0400] {processor.py:840} INFO - DAG(s) 'example_trigger_target_dag' retrieved from /home/user/Desktop/airflowproj/py_env/lib/python3.10/site-packages/airflow/example_dags/example_trigger_target_dag.py
[2024-06-18T13:16:29.732+0400] {logging_mixin.py:188} INFO - [2024-06-18T13:16:29.731+0400] {dag.py:3096} INFO - Sync 1 DAGs
[2024-06-18T13:16:29.737+0400] {logging_mixin.py:188} INFO - [2024-06-18T13:16:29.737+0400] {dag.py:3954} INFO - Setting next_dagrun for example_trigger_target_dag to None, run_after=None
[2024-06-18T13:16:29.751+0400] {processor.py:183} INFO - Processing /home/user/Desktop/airflowproj/py_env/lib/python3.10/site-packages/airflow/example_dags/example_trigger_target_dag.py took 0.038 seconds
[2024-06-18T13:17:24.599+0400] {processor.py:161} INFO - Started process (PID=56181) to work on /home/user/Desktop/airflowproj/py_env/lib/python3.10/site-packages/airflow/example_dags/example_trigger_target_dag.py
[2024-06-18T13:17:24.600+0400] {processor.py:830} INFO - Processing file /home/user/Desktop/airflowproj/py_env/lib/python3.10/site-packages/airflow/example_dags/example_trigger_target_dag.py for tasks to queue
[2024-06-18T13:17:24.601+0400] {logging_mixin.py:188} INFO - [2024-06-18T13:17:24.601+0400] {dagbag.py:545} INFO - Filling up the DagBag from /home/user/Desktop/airflowproj/py_env/lib/python3.10/site-packages/airflow/example_dags/example_trigger_target_dag.py
[2024-06-18T13:17:24.604+0400] {processor.py:840} INFO - DAG(s) 'example_trigger_target_dag' retrieved from /home/user/Desktop/airflowproj/py_env/lib/python3.10/site-packages/airflow/example_dags/example_trigger_target_dag.py
[2024-06-18T13:17:24.612+0400] {logging_mixin.py:188} INFO - [2024-06-18T13:17:24.612+0400] {dag.py:3096} INFO - Sync 1 DAGs
[2024-06-18T13:17:24.617+0400] {logging_mixin.py:188} INFO - [2024-06-18T13:17:24.617+0400] {dag.py:3954} INFO - Setting next_dagrun for example_trigger_target_dag to None, run_after=None
[2024-06-18T13:17:24.631+0400] {processor.py:183} INFO - Processing /home/user/Desktop/airflowproj/py_env/lib/python3.10/site-packages/airflow/example_dags/example_trigger_target_dag.py took 0.036 seconds
[2024-06-18T13:18:25.055+0400] {processor.py:161} INFO - Started process (PID=56423) to work on /home/user/Desktop/airflowproj/py_env/lib/python3.10/site-packages/airflow/example_dags/example_trigger_target_dag.py
[2024-06-18T13:18:25.057+0400] {processor.py:830} INFO - Processing file /home/user/Desktop/airflowproj/py_env/lib/python3.10/site-packages/airflow/example_dags/example_trigger_target_dag.py for tasks to queue
[2024-06-18T13:18:25.058+0400] {logging_mixin.py:188} INFO - [2024-06-18T13:18:25.058+0400] {dagbag.py:545} INFO - Filling up the DagBag from /home/user/Desktop/airflowproj/py_env/lib/python3.10/site-packages/airflow/example_dags/example_trigger_target_dag.py
[2024-06-18T13:18:25.062+0400] {processor.py:840} INFO - DAG(s) 'example_trigger_target_dag' retrieved from /home/user/Desktop/airflowproj/py_env/lib/python3.10/site-packages/airflow/example_dags/example_trigger_target_dag.py
[2024-06-18T13:18:25.069+0400] {logging_mixin.py:188} INFO - [2024-06-18T13:18:25.069+0400] {dag.py:3096} INFO - Sync 1 DAGs
[2024-06-18T13:18:25.075+0400] {logging_mixin.py:188} INFO - [2024-06-18T13:18:25.075+0400] {dag.py:3954} INFO - Setting next_dagrun for example_trigger_target_dag to None, run_after=None
[2024-06-18T13:18:25.089+0400] {processor.py:183} INFO - Processing /home/user/Desktop/airflowproj/py_env/lib/python3.10/site-packages/airflow/example_dags/example_trigger_target_dag.py took 0.039 seconds
[2024-06-18T13:19:21.647+0400] {processor.py:161} INFO - Started process (PID=56621) to work on /home/user/Desktop/airflowproj/py_env/lib/python3.10/site-packages/airflow/example_dags/example_trigger_target_dag.py
[2024-06-18T13:19:21.649+0400] {processor.py:830} INFO - Processing file /home/user/Desktop/airflowproj/py_env/lib/python3.10/site-packages/airflow/example_dags/example_trigger_target_dag.py for tasks to queue
[2024-06-18T13:19:21.651+0400] {logging_mixin.py:188} INFO - [2024-06-18T13:19:21.650+0400] {dagbag.py:545} INFO - Filling up the DagBag from /home/user/Desktop/airflowproj/py_env/lib/python3.10/site-packages/airflow/example_dags/example_trigger_target_dag.py
[2024-06-18T13:19:21.654+0400] {processor.py:840} INFO - DAG(s) 'example_trigger_target_dag' retrieved from /home/user/Desktop/airflowproj/py_env/lib/python3.10/site-packages/airflow/example_dags/example_trigger_target_dag.py
[2024-06-18T13:19:21.662+0400] {logging_mixin.py:188} INFO - [2024-06-18T13:19:21.662+0400] {dag.py:3096} INFO - Sync 1 DAGs
[2024-06-18T13:19:21.668+0400] {logging_mixin.py:188} INFO - [2024-06-18T13:19:21.668+0400] {dag.py:3954} INFO - Setting next_dagrun for example_trigger_target_dag to None, run_after=None
[2024-06-18T13:19:21.682+0400] {processor.py:183} INFO - Processing /home/user/Desktop/airflowproj/py_env/lib/python3.10/site-packages/airflow/example_dags/example_trigger_target_dag.py took 0.040 seconds
[2024-06-18T13:20:19.939+0400] {processor.py:161} INFO - Started process (PID=56824) to work on /home/user/Desktop/airflowproj/py_env/lib/python3.10/site-packages/airflow/example_dags/example_trigger_target_dag.py
[2024-06-18T13:20:19.940+0400] {processor.py:830} INFO - Processing file /home/user/Desktop/airflowproj/py_env/lib/python3.10/site-packages/airflow/example_dags/example_trigger_target_dag.py for tasks to queue
[2024-06-18T13:20:19.941+0400] {logging_mixin.py:188} INFO - [2024-06-18T13:20:19.941+0400] {dagbag.py:545} INFO - Filling up the DagBag from /home/user/Desktop/airflowproj/py_env/lib/python3.10/site-packages/airflow/example_dags/example_trigger_target_dag.py
[2024-06-18T13:20:19.944+0400] {processor.py:840} INFO - DAG(s) 'example_trigger_target_dag' retrieved from /home/user/Desktop/airflowproj/py_env/lib/python3.10/site-packages/airflow/example_dags/example_trigger_target_dag.py
[2024-06-18T13:20:19.951+0400] {logging_mixin.py:188} INFO - [2024-06-18T13:20:19.950+0400] {dag.py:3096} INFO - Sync 1 DAGs
[2024-06-18T13:20:19.956+0400] {logging_mixin.py:188} INFO - [2024-06-18T13:20:19.956+0400] {dag.py:3954} INFO - Setting next_dagrun for example_trigger_target_dag to None, run_after=None
[2024-06-18T13:20:19.970+0400] {processor.py:183} INFO - Processing /home/user/Desktop/airflowproj/py_env/lib/python3.10/site-packages/airflow/example_dags/example_trigger_target_dag.py took 0.036 seconds
[2024-06-18T13:21:18.691+0400] {processor.py:161} INFO - Started process (PID=57013) to work on /home/user/Desktop/airflowproj/py_env/lib/python3.10/site-packages/airflow/example_dags/example_trigger_target_dag.py
[2024-06-18T13:21:18.694+0400] {processor.py:830} INFO - Processing file /home/user/Desktop/airflowproj/py_env/lib/python3.10/site-packages/airflow/example_dags/example_trigger_target_dag.py for tasks to queue
[2024-06-18T13:21:18.695+0400] {logging_mixin.py:188} INFO - [2024-06-18T13:21:18.695+0400] {dagbag.py:545} INFO - Filling up the DagBag from /home/user/Desktop/airflowproj/py_env/lib/python3.10/site-packages/airflow/example_dags/example_trigger_target_dag.py
[2024-06-18T13:21:18.700+0400] {processor.py:840} INFO - DAG(s) 'example_trigger_target_dag' retrieved from /home/user/Desktop/airflowproj/py_env/lib/python3.10/site-packages/airflow/example_dags/example_trigger_target_dag.py
[2024-06-18T13:21:18.707+0400] {logging_mixin.py:188} INFO - [2024-06-18T13:21:18.707+0400] {dag.py:3096} INFO - Sync 1 DAGs
[2024-06-18T13:21:18.713+0400] {logging_mixin.py:188} INFO - [2024-06-18T13:21:18.713+0400] {dag.py:3954} INFO - Setting next_dagrun for example_trigger_target_dag to None, run_after=None
[2024-06-18T13:21:18.725+0400] {processor.py:183} INFO - Processing /home/user/Desktop/airflowproj/py_env/lib/python3.10/site-packages/airflow/example_dags/example_trigger_target_dag.py took 0.039 seconds
[2024-06-18T13:22:21.692+0400] {processor.py:161} INFO - Started process (PID=57240) to work on /home/user/Desktop/airflowproj/py_env/lib/python3.10/site-packages/airflow/example_dags/example_trigger_target_dag.py
[2024-06-18T13:22:21.694+0400] {processor.py:830} INFO - Processing file /home/user/Desktop/airflowproj/py_env/lib/python3.10/site-packages/airflow/example_dags/example_trigger_target_dag.py for tasks to queue
[2024-06-18T13:22:21.695+0400] {logging_mixin.py:188} INFO - [2024-06-18T13:22:21.695+0400] {dagbag.py:545} INFO - Filling up the DagBag from /home/user/Desktop/airflowproj/py_env/lib/python3.10/site-packages/airflow/example_dags/example_trigger_target_dag.py
[2024-06-18T13:22:21.698+0400] {processor.py:840} INFO - DAG(s) 'example_trigger_target_dag' retrieved from /home/user/Desktop/airflowproj/py_env/lib/python3.10/site-packages/airflow/example_dags/example_trigger_target_dag.py
[2024-06-18T13:22:21.705+0400] {logging_mixin.py:188} INFO - [2024-06-18T13:22:21.705+0400] {dag.py:3096} INFO - Sync 1 DAGs
[2024-06-18T13:22:21.711+0400] {logging_mixin.py:188} INFO - [2024-06-18T13:22:21.711+0400] {dag.py:3954} INFO - Setting next_dagrun for example_trigger_target_dag to None, run_after=None
[2024-06-18T13:22:21.723+0400] {processor.py:183} INFO - Processing /home/user/Desktop/airflowproj/py_env/lib/python3.10/site-packages/airflow/example_dags/example_trigger_target_dag.py took 0.035 seconds
[2024-06-18T13:23:19.151+0400] {processor.py:161} INFO - Started process (PID=57455) to work on /home/user/Desktop/airflowproj/py_env/lib/python3.10/site-packages/airflow/example_dags/example_trigger_target_dag.py
[2024-06-18T13:23:19.153+0400] {processor.py:830} INFO - Processing file /home/user/Desktop/airflowproj/py_env/lib/python3.10/site-packages/airflow/example_dags/example_trigger_target_dag.py for tasks to queue
[2024-06-18T13:23:19.155+0400] {logging_mixin.py:188} INFO - [2024-06-18T13:23:19.154+0400] {dagbag.py:545} INFO - Filling up the DagBag from /home/user/Desktop/airflowproj/py_env/lib/python3.10/site-packages/airflow/example_dags/example_trigger_target_dag.py
[2024-06-18T13:23:19.159+0400] {processor.py:840} INFO - DAG(s) 'example_trigger_target_dag' retrieved from /home/user/Desktop/airflowproj/py_env/lib/python3.10/site-packages/airflow/example_dags/example_trigger_target_dag.py
[2024-06-18T13:23:19.166+0400] {logging_mixin.py:188} INFO - [2024-06-18T13:23:19.166+0400] {dag.py:3096} INFO - Sync 1 DAGs
[2024-06-18T13:23:19.171+0400] {logging_mixin.py:188} INFO - [2024-06-18T13:23:19.171+0400] {dag.py:3954} INFO - Setting next_dagrun for example_trigger_target_dag to None, run_after=None
[2024-06-18T13:23:19.186+0400] {processor.py:183} INFO - Processing /home/user/Desktop/airflowproj/py_env/lib/python3.10/site-packages/airflow/example_dags/example_trigger_target_dag.py took 0.039 seconds
[2024-06-18T13:24:17.737+0400] {processor.py:161} INFO - Started process (PID=57654) to work on /home/user/Desktop/airflowproj/py_env/lib/python3.10/site-packages/airflow/example_dags/example_trigger_target_dag.py
[2024-06-18T13:24:17.739+0400] {processor.py:830} INFO - Processing file /home/user/Desktop/airflowproj/py_env/lib/python3.10/site-packages/airflow/example_dags/example_trigger_target_dag.py for tasks to queue
[2024-06-18T13:24:17.741+0400] {logging_mixin.py:188} INFO - [2024-06-18T13:24:17.740+0400] {dagbag.py:545} INFO - Filling up the DagBag from /home/user/Desktop/airflowproj/py_env/lib/python3.10/site-packages/airflow/example_dags/example_trigger_target_dag.py
[2024-06-18T13:24:17.744+0400] {processor.py:840} INFO - DAG(s) 'example_trigger_target_dag' retrieved from /home/user/Desktop/airflowproj/py_env/lib/python3.10/site-packages/airflow/example_dags/example_trigger_target_dag.py
[2024-06-18T13:24:17.750+0400] {logging_mixin.py:188} INFO - [2024-06-18T13:24:17.750+0400] {dag.py:3096} INFO - Sync 1 DAGs
[2024-06-18T13:24:17.755+0400] {logging_mixin.py:188} INFO - [2024-06-18T13:24:17.755+0400] {dag.py:3954} INFO - Setting next_dagrun for example_trigger_target_dag to None, run_after=None
[2024-06-18T13:24:17.769+0400] {processor.py:183} INFO - Processing /home/user/Desktop/airflowproj/py_env/lib/python3.10/site-packages/airflow/example_dags/example_trigger_target_dag.py took 0.036 seconds
[2024-06-18T13:25:15.425+0400] {processor.py:161} INFO - Started process (PID=57860) to work on /home/user/Desktop/airflowproj/py_env/lib/python3.10/site-packages/airflow/example_dags/example_trigger_target_dag.py
[2024-06-18T13:25:15.427+0400] {processor.py:830} INFO - Processing file /home/user/Desktop/airflowproj/py_env/lib/python3.10/site-packages/airflow/example_dags/example_trigger_target_dag.py for tasks to queue
[2024-06-18T13:25:15.428+0400] {logging_mixin.py:188} INFO - [2024-06-18T13:25:15.428+0400] {dagbag.py:545} INFO - Filling up the DagBag from /home/user/Desktop/airflowproj/py_env/lib/python3.10/site-packages/airflow/example_dags/example_trigger_target_dag.py
[2024-06-18T13:25:15.431+0400] {processor.py:840} INFO - DAG(s) 'example_trigger_target_dag' retrieved from /home/user/Desktop/airflowproj/py_env/lib/python3.10/site-packages/airflow/example_dags/example_trigger_target_dag.py
[2024-06-18T13:25:15.439+0400] {logging_mixin.py:188} INFO - [2024-06-18T13:25:15.439+0400] {dag.py:3096} INFO - Sync 1 DAGs
[2024-06-18T13:25:15.444+0400] {logging_mixin.py:188} INFO - [2024-06-18T13:25:15.444+0400] {dag.py:3954} INFO - Setting next_dagrun for example_trigger_target_dag to None, run_after=None
[2024-06-18T13:25:15.459+0400] {processor.py:183} INFO - Processing /home/user/Desktop/airflowproj/py_env/lib/python3.10/site-packages/airflow/example_dags/example_trigger_target_dag.py took 0.039 seconds
[2024-06-18T13:26:14.716+0400] {processor.py:161} INFO - Started process (PID=58055) to work on /home/user/Desktop/airflowproj/py_env/lib/python3.10/site-packages/airflow/example_dags/example_trigger_target_dag.py
[2024-06-18T13:26:14.718+0400] {processor.py:830} INFO - Processing file /home/user/Desktop/airflowproj/py_env/lib/python3.10/site-packages/airflow/example_dags/example_trigger_target_dag.py for tasks to queue
[2024-06-18T13:26:14.718+0400] {logging_mixin.py:188} INFO - [2024-06-18T13:26:14.718+0400] {dagbag.py:545} INFO - Filling up the DagBag from /home/user/Desktop/airflowproj/py_env/lib/python3.10/site-packages/airflow/example_dags/example_trigger_target_dag.py
[2024-06-18T13:26:14.721+0400] {processor.py:840} INFO - DAG(s) 'example_trigger_target_dag' retrieved from /home/user/Desktop/airflowproj/py_env/lib/python3.10/site-packages/airflow/example_dags/example_trigger_target_dag.py
[2024-06-18T13:26:14.729+0400] {logging_mixin.py:188} INFO - [2024-06-18T13:26:14.729+0400] {dag.py:3096} INFO - Sync 1 DAGs
[2024-06-18T13:26:14.734+0400] {logging_mixin.py:188} INFO - [2024-06-18T13:26:14.734+0400] {dag.py:3954} INFO - Setting next_dagrun for example_trigger_target_dag to None, run_after=None
[2024-06-18T13:26:14.748+0400] {processor.py:183} INFO - Processing /home/user/Desktop/airflowproj/py_env/lib/python3.10/site-packages/airflow/example_dags/example_trigger_target_dag.py took 0.036 seconds
[2024-06-18T13:27:11.488+0400] {processor.py:161} INFO - Started process (PID=58246) to work on /home/user/Desktop/airflowproj/py_env/lib/python3.10/site-packages/airflow/example_dags/example_trigger_target_dag.py
[2024-06-18T13:27:11.490+0400] {processor.py:830} INFO - Processing file /home/user/Desktop/airflowproj/py_env/lib/python3.10/site-packages/airflow/example_dags/example_trigger_target_dag.py for tasks to queue
[2024-06-18T13:27:11.491+0400] {logging_mixin.py:188} INFO - [2024-06-18T13:27:11.491+0400] {dagbag.py:545} INFO - Filling up the DagBag from /home/user/Desktop/airflowproj/py_env/lib/python3.10/site-packages/airflow/example_dags/example_trigger_target_dag.py
[2024-06-18T13:27:11.495+0400] {processor.py:840} INFO - DAG(s) 'example_trigger_target_dag' retrieved from /home/user/Desktop/airflowproj/py_env/lib/python3.10/site-packages/airflow/example_dags/example_trigger_target_dag.py
[2024-06-18T13:27:11.501+0400] {logging_mixin.py:188} INFO - [2024-06-18T13:27:11.501+0400] {dag.py:3096} INFO - Sync 1 DAGs
[2024-06-18T13:27:11.506+0400] {logging_mixin.py:188} INFO - [2024-06-18T13:27:11.506+0400] {dag.py:3954} INFO - Setting next_dagrun for example_trigger_target_dag to None, run_after=None
[2024-06-18T13:27:11.520+0400] {processor.py:183} INFO - Processing /home/user/Desktop/airflowproj/py_env/lib/python3.10/site-packages/airflow/example_dags/example_trigger_target_dag.py took 0.036 seconds
[2024-06-18T13:28:06.321+0400] {processor.py:161} INFO - Started process (PID=58474) to work on /home/user/Desktop/airflowproj/py_env/lib/python3.10/site-packages/airflow/example_dags/example_trigger_target_dag.py
[2024-06-18T13:28:06.323+0400] {processor.py:830} INFO - Processing file /home/user/Desktop/airflowproj/py_env/lib/python3.10/site-packages/airflow/example_dags/example_trigger_target_dag.py for tasks to queue
[2024-06-18T13:28:06.324+0400] {logging_mixin.py:188} INFO - [2024-06-18T13:28:06.324+0400] {dagbag.py:545} INFO - Filling up the DagBag from /home/user/Desktop/airflowproj/py_env/lib/python3.10/site-packages/airflow/example_dags/example_trigger_target_dag.py
[2024-06-18T13:28:06.328+0400] {processor.py:840} INFO - DAG(s) 'example_trigger_target_dag' retrieved from /home/user/Desktop/airflowproj/py_env/lib/python3.10/site-packages/airflow/example_dags/example_trigger_target_dag.py
[2024-06-18T13:28:06.334+0400] {logging_mixin.py:188} INFO - [2024-06-18T13:28:06.334+0400] {dag.py:3096} INFO - Sync 1 DAGs
[2024-06-18T13:28:06.339+0400] {logging_mixin.py:188} INFO - [2024-06-18T13:28:06.339+0400] {dag.py:3954} INFO - Setting next_dagrun for example_trigger_target_dag to None, run_after=None
[2024-06-18T13:28:06.352+0400] {processor.py:183} INFO - Processing /home/user/Desktop/airflowproj/py_env/lib/python3.10/site-packages/airflow/example_dags/example_trigger_target_dag.py took 0.035 seconds
[2024-06-18T13:29:04.468+0400] {processor.py:161} INFO - Started process (PID=58683) to work on /home/user/Desktop/airflowproj/py_env/lib/python3.10/site-packages/airflow/example_dags/example_trigger_target_dag.py
[2024-06-18T13:29:04.469+0400] {processor.py:830} INFO - Processing file /home/user/Desktop/airflowproj/py_env/lib/python3.10/site-packages/airflow/example_dags/example_trigger_target_dag.py for tasks to queue
[2024-06-18T13:29:04.470+0400] {logging_mixin.py:188} INFO - [2024-06-18T13:29:04.470+0400] {dagbag.py:545} INFO - Filling up the DagBag from /home/user/Desktop/airflowproj/py_env/lib/python3.10/site-packages/airflow/example_dags/example_trigger_target_dag.py
[2024-06-18T13:29:04.473+0400] {processor.py:840} INFO - DAG(s) 'example_trigger_target_dag' retrieved from /home/user/Desktop/airflowproj/py_env/lib/python3.10/site-packages/airflow/example_dags/example_trigger_target_dag.py
[2024-06-18T13:29:04.480+0400] {logging_mixin.py:188} INFO - [2024-06-18T13:29:04.480+0400] {dag.py:3096} INFO - Sync 1 DAGs
[2024-06-18T13:29:04.485+0400] {logging_mixin.py:188} INFO - [2024-06-18T13:29:04.485+0400] {dag.py:3954} INFO - Setting next_dagrun for example_trigger_target_dag to None, run_after=None
[2024-06-18T13:29:04.501+0400] {processor.py:183} INFO - Processing /home/user/Desktop/airflowproj/py_env/lib/python3.10/site-packages/airflow/example_dags/example_trigger_target_dag.py took 0.037 seconds
[2024-06-18T13:30:00.499+0400] {processor.py:161} INFO - Started process (PID=58889) to work on /home/user/Desktop/airflowproj/py_env/lib/python3.10/site-packages/airflow/example_dags/example_trigger_target_dag.py
[2024-06-18T13:30:00.501+0400] {processor.py:830} INFO - Processing file /home/user/Desktop/airflowproj/py_env/lib/python3.10/site-packages/airflow/example_dags/example_trigger_target_dag.py for tasks to queue
[2024-06-18T13:30:00.502+0400] {logging_mixin.py:188} INFO - [2024-06-18T13:30:00.502+0400] {dagbag.py:545} INFO - Filling up the DagBag from /home/user/Desktop/airflowproj/py_env/lib/python3.10/site-packages/airflow/example_dags/example_trigger_target_dag.py
[2024-06-18T13:30:00.506+0400] {processor.py:840} INFO - DAG(s) 'example_trigger_target_dag' retrieved from /home/user/Desktop/airflowproj/py_env/lib/python3.10/site-packages/airflow/example_dags/example_trigger_target_dag.py
[2024-06-18T13:30:00.514+0400] {logging_mixin.py:188} INFO - [2024-06-18T13:30:00.514+0400] {dag.py:3096} INFO - Sync 1 DAGs
[2024-06-18T13:30:00.520+0400] {logging_mixin.py:188} INFO - [2024-06-18T13:30:00.520+0400] {dag.py:3954} INFO - Setting next_dagrun for example_trigger_target_dag to None, run_after=None
[2024-06-18T13:30:00.534+0400] {processor.py:183} INFO - Processing /home/user/Desktop/airflowproj/py_env/lib/python3.10/site-packages/airflow/example_dags/example_trigger_target_dag.py took 0.039 seconds
[2024-06-18T13:31:00.883+0400] {processor.py:161} INFO - Started process (PID=59161) to work on /home/user/Desktop/airflowproj/py_env/lib/python3.10/site-packages/airflow/example_dags/example_trigger_target_dag.py
[2024-06-18T13:31:00.885+0400] {processor.py:830} INFO - Processing file /home/user/Desktop/airflowproj/py_env/lib/python3.10/site-packages/airflow/example_dags/example_trigger_target_dag.py for tasks to queue
[2024-06-18T13:31:00.887+0400] {logging_mixin.py:188} INFO - [2024-06-18T13:31:00.886+0400] {dagbag.py:545} INFO - Filling up the DagBag from /home/user/Desktop/airflowproj/py_env/lib/python3.10/site-packages/airflow/example_dags/example_trigger_target_dag.py
[2024-06-18T13:31:00.891+0400] {processor.py:840} INFO - DAG(s) 'example_trigger_target_dag' retrieved from /home/user/Desktop/airflowproj/py_env/lib/python3.10/site-packages/airflow/example_dags/example_trigger_target_dag.py
[2024-06-18T13:31:00.898+0400] {logging_mixin.py:188} INFO - [2024-06-18T13:31:00.898+0400] {dag.py:3096} INFO - Sync 1 DAGs
[2024-06-18T13:31:00.903+0400] {logging_mixin.py:188} INFO - [2024-06-18T13:31:00.903+0400] {dag.py:3954} INFO - Setting next_dagrun for example_trigger_target_dag to None, run_after=None
[2024-06-18T13:31:00.916+0400] {processor.py:183} INFO - Processing /home/user/Desktop/airflowproj/py_env/lib/python3.10/site-packages/airflow/example_dags/example_trigger_target_dag.py took 0.037 seconds
[2024-06-18T13:32:04.621+0400] {processor.py:161} INFO - Started process (PID=59570) to work on /home/user/Desktop/airflowproj/py_env/lib/python3.10/site-packages/airflow/example_dags/example_trigger_target_dag.py
[2024-06-18T13:32:04.623+0400] {processor.py:830} INFO - Processing file /home/user/Desktop/airflowproj/py_env/lib/python3.10/site-packages/airflow/example_dags/example_trigger_target_dag.py for tasks to queue
[2024-06-18T13:32:04.624+0400] {logging_mixin.py:188} INFO - [2024-06-18T13:32:04.624+0400] {dagbag.py:545} INFO - Filling up the DagBag from /home/user/Desktop/airflowproj/py_env/lib/python3.10/site-packages/airflow/example_dags/example_trigger_target_dag.py
[2024-06-18T13:32:04.628+0400] {processor.py:840} INFO - DAG(s) 'example_trigger_target_dag' retrieved from /home/user/Desktop/airflowproj/py_env/lib/python3.10/site-packages/airflow/example_dags/example_trigger_target_dag.py
[2024-06-18T13:32:04.637+0400] {logging_mixin.py:188} INFO - [2024-06-18T13:32:04.637+0400] {dag.py:3096} INFO - Sync 1 DAGs
[2024-06-18T13:32:04.643+0400] {logging_mixin.py:188} INFO - [2024-06-18T13:32:04.643+0400] {dag.py:3954} INFO - Setting next_dagrun for example_trigger_target_dag to None, run_after=None
[2024-06-18T13:32:04.657+0400] {processor.py:183} INFO - Processing /home/user/Desktop/airflowproj/py_env/lib/python3.10/site-packages/airflow/example_dags/example_trigger_target_dag.py took 0.041 seconds
