[2024-06-18T12:40:31.683+0400] {processor.py:161} INFO - Started process (PID=45698) to work on /home/user/Desktop/airflowproj/py_env/lib/python3.10/site-packages/airflow/example_dags/example_params_trigger_ui.py
[2024-06-18T12:40:31.684+0400] {processor.py:830} INFO - Processing file /home/user/Desktop/airflowproj/py_env/lib/python3.10/site-packages/airflow/example_dags/example_params_trigger_ui.py for tasks to queue
[2024-06-18T12:40:31.686+0400] {logging_mixin.py:188} INFO - [2024-06-18T12:40:31.685+0400] {dagbag.py:545} INFO - Filling up the DagBag from /home/user/Desktop/airflowproj/py_env/lib/python3.10/site-packages/airflow/example_dags/example_params_trigger_ui.py
[2024-06-18T12:40:31.696+0400] {processor.py:840} INFO - DAG(s) 'example_params_trigger_ui' retrieved from /home/user/Desktop/airflowproj/py_env/lib/python3.10/site-packages/airflow/example_dags/example_params_trigger_ui.py
[2024-06-18T12:40:31.803+0400] {logging_mixin.py:188} INFO - [2024-06-18T12:40:31.803+0400] {override.py:1829} INFO - Created Permission View: can edit on DAG:example_params_trigger_ui
[2024-06-18T12:40:31.816+0400] {logging_mixin.py:188} INFO - [2024-06-18T12:40:31.816+0400] {override.py:1829} INFO - Created Permission View: can read on DAG:example_params_trigger_ui
[2024-06-18T12:40:31.828+0400] {logging_mixin.py:188} INFO - [2024-06-18T12:40:31.828+0400] {override.py:1829} INFO - Created Permission View: can delete on DAG:example_params_trigger_ui
[2024-06-18T12:40:31.828+0400] {logging_mixin.py:188} INFO - [2024-06-18T12:40:31.828+0400] {dag.py:3096} INFO - Sync 1 DAGs
[2024-06-18T12:40:31.910+0400] {logging_mixin.py:188} INFO - [2024-06-18T12:40:31.909+0400] {dag.py:3118} INFO - Creating ORM DAG for example_params_trigger_ui
[2024-06-18T12:40:31.910+0400] {logging_mixin.py:188} INFO - [2024-06-18T12:40:31.910+0400] {dag.py:3954} INFO - Setting next_dagrun for example_params_trigger_ui to None, run_after=None
[2024-06-18T12:40:31.928+0400] {processor.py:183} INFO - Processing /home/user/Desktop/airflowproj/py_env/lib/python3.10/site-packages/airflow/example_dags/example_params_trigger_ui.py took 0.250 seconds
[2024-06-18T12:43:07.552+0400] {processor.py:161} INFO - Started process (PID=46591) to work on /home/user/Desktop/airflowproj/py_env/lib/python3.10/site-packages/airflow/example_dags/example_params_trigger_ui.py
[2024-06-18T12:43:07.554+0400] {processor.py:830} INFO - Processing file /home/user/Desktop/airflowproj/py_env/lib/python3.10/site-packages/airflow/example_dags/example_params_trigger_ui.py for tasks to queue
[2024-06-18T12:43:07.555+0400] {logging_mixin.py:188} INFO - [2024-06-18T12:43:07.555+0400] {dagbag.py:545} INFO - Filling up the DagBag from /home/user/Desktop/airflowproj/py_env/lib/python3.10/site-packages/airflow/example_dags/example_params_trigger_ui.py
[2024-06-18T12:43:07.563+0400] {processor.py:840} INFO - DAG(s) 'example_params_trigger_ui' retrieved from /home/user/Desktop/airflowproj/py_env/lib/python3.10/site-packages/airflow/example_dags/example_params_trigger_ui.py
[2024-06-18T12:43:07.584+0400] {logging_mixin.py:188} INFO - [2024-06-18T12:43:07.584+0400] {dag.py:3096} INFO - Sync 1 DAGs
[2024-06-18T12:43:07.590+0400] {logging_mixin.py:188} INFO - [2024-06-18T12:43:07.590+0400] {dag.py:3954} INFO - Setting next_dagrun for example_params_trigger_ui to None, run_after=None
[2024-06-18T12:43:07.605+0400] {processor.py:183} INFO - Processing /home/user/Desktop/airflowproj/py_env/lib/python3.10/site-packages/airflow/example_dags/example_params_trigger_ui.py took 0.055 seconds
[2024-06-18T12:43:59.204+0400] {processor.py:161} INFO - Started process (PID=46771) to work on /home/user/Desktop/airflowproj/py_env/lib/python3.10/site-packages/airflow/example_dags/example_params_trigger_ui.py
[2024-06-18T12:43:59.206+0400] {processor.py:830} INFO - Processing file /home/user/Desktop/airflowproj/py_env/lib/python3.10/site-packages/airflow/example_dags/example_params_trigger_ui.py for tasks to queue
[2024-06-18T12:43:59.207+0400] {logging_mixin.py:188} INFO - [2024-06-18T12:43:59.207+0400] {dagbag.py:545} INFO - Filling up the DagBag from /home/user/Desktop/airflowproj/py_env/lib/python3.10/site-packages/airflow/example_dags/example_params_trigger_ui.py
[2024-06-18T12:43:59.213+0400] {processor.py:840} INFO - DAG(s) 'example_params_trigger_ui' retrieved from /home/user/Desktop/airflowproj/py_env/lib/python3.10/site-packages/airflow/example_dags/example_params_trigger_ui.py
[2024-06-18T12:43:59.233+0400] {logging_mixin.py:188} INFO - [2024-06-18T12:43:59.233+0400] {dag.py:3096} INFO - Sync 1 DAGs
[2024-06-18T12:43:59.238+0400] {logging_mixin.py:188} INFO - [2024-06-18T12:43:59.238+0400] {dag.py:3954} INFO - Setting next_dagrun for example_params_trigger_ui to None, run_after=None
[2024-06-18T12:43:59.251+0400] {processor.py:183} INFO - Processing /home/user/Desktop/airflowproj/py_env/lib/python3.10/site-packages/airflow/example_dags/example_params_trigger_ui.py took 0.051 seconds
[2024-06-18T12:44:48.863+0400] {processor.py:161} INFO - Started process (PID=46924) to work on /home/user/Desktop/airflowproj/py_env/lib/python3.10/site-packages/airflow/example_dags/example_params_trigger_ui.py
[2024-06-18T12:44:48.865+0400] {processor.py:830} INFO - Processing file /home/user/Desktop/airflowproj/py_env/lib/python3.10/site-packages/airflow/example_dags/example_params_trigger_ui.py for tasks to queue
[2024-06-18T12:44:48.866+0400] {logging_mixin.py:188} INFO - [2024-06-18T12:44:48.865+0400] {dagbag.py:545} INFO - Filling up the DagBag from /home/user/Desktop/airflowproj/py_env/lib/python3.10/site-packages/airflow/example_dags/example_params_trigger_ui.py
[2024-06-18T12:44:48.933+0400] {processor.py:840} INFO - DAG(s) 'example_params_trigger_ui' retrieved from /home/user/Desktop/airflowproj/py_env/lib/python3.10/site-packages/airflow/example_dags/example_params_trigger_ui.py
[2024-06-18T12:44:48.952+0400] {logging_mixin.py:188} INFO - [2024-06-18T12:44:48.952+0400] {dag.py:3096} INFO - Sync 1 DAGs
[2024-06-18T12:44:48.957+0400] {logging_mixin.py:188} INFO - [2024-06-18T12:44:48.957+0400] {dag.py:3954} INFO - Setting next_dagrun for example_params_trigger_ui to None, run_after=None
[2024-06-18T12:44:48.972+0400] {processor.py:183} INFO - Processing /home/user/Desktop/airflowproj/py_env/lib/python3.10/site-packages/airflow/example_dags/example_params_trigger_ui.py took 0.114 seconds
[2024-06-18T12:45:47.988+0400] {processor.py:161} INFO - Started process (PID=47068) to work on /home/user/Desktop/airflowproj/py_env/lib/python3.10/site-packages/airflow/example_dags/example_params_trigger_ui.py
[2024-06-18T12:45:47.990+0400] {processor.py:830} INFO - Processing file /home/user/Desktop/airflowproj/py_env/lib/python3.10/site-packages/airflow/example_dags/example_params_trigger_ui.py for tasks to queue
[2024-06-18T12:45:47.992+0400] {logging_mixin.py:188} INFO - [2024-06-18T12:45:47.992+0400] {dagbag.py:545} INFO - Filling up the DagBag from /home/user/Desktop/airflowproj/py_env/lib/python3.10/site-packages/airflow/example_dags/example_params_trigger_ui.py
[2024-06-18T12:45:47.999+0400] {processor.py:840} INFO - DAG(s) 'example_params_trigger_ui' retrieved from /home/user/Desktop/airflowproj/py_env/lib/python3.10/site-packages/airflow/example_dags/example_params_trigger_ui.py
[2024-06-18T12:45:48.020+0400] {logging_mixin.py:188} INFO - [2024-06-18T12:45:48.020+0400] {dag.py:3096} INFO - Sync 1 DAGs
[2024-06-18T12:45:48.026+0400] {logging_mixin.py:188} INFO - [2024-06-18T12:45:48.026+0400] {dag.py:3954} INFO - Setting next_dagrun for example_params_trigger_ui to None, run_after=None
[2024-06-18T12:45:48.040+0400] {processor.py:183} INFO - Processing /home/user/Desktop/airflowproj/py_env/lib/python3.10/site-packages/airflow/example_dags/example_params_trigger_ui.py took 0.056 seconds
[2024-06-18T12:46:47.874+0400] {processor.py:161} INFO - Started process (PID=47358) to work on /home/user/Desktop/airflowproj/py_env/lib/python3.10/site-packages/airflow/example_dags/example_params_trigger_ui.py
[2024-06-18T12:46:47.876+0400] {processor.py:830} INFO - Processing file /home/user/Desktop/airflowproj/py_env/lib/python3.10/site-packages/airflow/example_dags/example_params_trigger_ui.py for tasks to queue
[2024-06-18T12:46:47.877+0400] {logging_mixin.py:188} INFO - [2024-06-18T12:46:47.877+0400] {dagbag.py:545} INFO - Filling up the DagBag from /home/user/Desktop/airflowproj/py_env/lib/python3.10/site-packages/airflow/example_dags/example_params_trigger_ui.py
[2024-06-18T12:46:47.884+0400] {processor.py:840} INFO - DAG(s) 'example_params_trigger_ui' retrieved from /home/user/Desktop/airflowproj/py_env/lib/python3.10/site-packages/airflow/example_dags/example_params_trigger_ui.py
[2024-06-18T12:46:47.904+0400] {logging_mixin.py:188} INFO - [2024-06-18T12:46:47.904+0400] {dag.py:3096} INFO - Sync 1 DAGs
[2024-06-18T12:46:47.910+0400] {logging_mixin.py:188} INFO - [2024-06-18T12:46:47.910+0400] {dag.py:3954} INFO - Setting next_dagrun for example_params_trigger_ui to None, run_after=None
[2024-06-18T12:46:47.923+0400] {processor.py:183} INFO - Processing /home/user/Desktop/airflowproj/py_env/lib/python3.10/site-packages/airflow/example_dags/example_params_trigger_ui.py took 0.052 seconds
[2024-06-18T12:47:45.989+0400] {processor.py:161} INFO - Started process (PID=48117) to work on /home/user/Desktop/airflowproj/py_env/lib/python3.10/site-packages/airflow/example_dags/example_params_trigger_ui.py
[2024-06-18T12:47:45.991+0400] {processor.py:830} INFO - Processing file /home/user/Desktop/airflowproj/py_env/lib/python3.10/site-packages/airflow/example_dags/example_params_trigger_ui.py for tasks to queue
[2024-06-18T12:47:45.992+0400] {logging_mixin.py:188} INFO - [2024-06-18T12:47:45.992+0400] {dagbag.py:545} INFO - Filling up the DagBag from /home/user/Desktop/airflowproj/py_env/lib/python3.10/site-packages/airflow/example_dags/example_params_trigger_ui.py
[2024-06-18T12:47:45.998+0400] {processor.py:840} INFO - DAG(s) 'example_params_trigger_ui' retrieved from /home/user/Desktop/airflowproj/py_env/lib/python3.10/site-packages/airflow/example_dags/example_params_trigger_ui.py
[2024-06-18T12:47:46.017+0400] {logging_mixin.py:188} INFO - [2024-06-18T12:47:46.017+0400] {dag.py:3096} INFO - Sync 1 DAGs
[2024-06-18T12:47:46.022+0400] {logging_mixin.py:188} INFO - [2024-06-18T12:47:46.022+0400] {dag.py:3954} INFO - Setting next_dagrun for example_params_trigger_ui to None, run_after=None
[2024-06-18T12:47:46.035+0400] {processor.py:183} INFO - Processing /home/user/Desktop/airflowproj/py_env/lib/python3.10/site-packages/airflow/example_dags/example_params_trigger_ui.py took 0.049 seconds
[2024-06-18T12:48:40.410+0400] {processor.py:161} INFO - Started process (PID=48319) to work on /home/user/Desktop/airflowproj/py_env/lib/python3.10/site-packages/airflow/example_dags/example_params_trigger_ui.py
[2024-06-18T12:48:40.412+0400] {processor.py:830} INFO - Processing file /home/user/Desktop/airflowproj/py_env/lib/python3.10/site-packages/airflow/example_dags/example_params_trigger_ui.py for tasks to queue
[2024-06-18T12:48:40.413+0400] {logging_mixin.py:188} INFO - [2024-06-18T12:48:40.413+0400] {dagbag.py:545} INFO - Filling up the DagBag from /home/user/Desktop/airflowproj/py_env/lib/python3.10/site-packages/airflow/example_dags/example_params_trigger_ui.py
[2024-06-18T12:48:40.420+0400] {processor.py:840} INFO - DAG(s) 'example_params_trigger_ui' retrieved from /home/user/Desktop/airflowproj/py_env/lib/python3.10/site-packages/airflow/example_dags/example_params_trigger_ui.py
[2024-06-18T12:48:40.442+0400] {logging_mixin.py:188} INFO - [2024-06-18T12:48:40.442+0400] {dag.py:3096} INFO - Sync 1 DAGs
[2024-06-18T12:48:40.448+0400] {logging_mixin.py:188} INFO - [2024-06-18T12:48:40.447+0400] {dag.py:3954} INFO - Setting next_dagrun for example_params_trigger_ui to None, run_after=None
[2024-06-18T12:48:40.462+0400] {processor.py:183} INFO - Processing /home/user/Desktop/airflowproj/py_env/lib/python3.10/site-packages/airflow/example_dags/example_params_trigger_ui.py took 0.056 seconds
[2024-06-18T12:49:35.198+0400] {processor.py:161} INFO - Started process (PID=48663) to work on /home/user/Desktop/airflowproj/py_env/lib/python3.10/site-packages/airflow/example_dags/example_params_trigger_ui.py
[2024-06-18T12:49:35.200+0400] {processor.py:830} INFO - Processing file /home/user/Desktop/airflowproj/py_env/lib/python3.10/site-packages/airflow/example_dags/example_params_trigger_ui.py for tasks to queue
[2024-06-18T12:49:35.201+0400] {logging_mixin.py:188} INFO - [2024-06-18T12:49:35.201+0400] {dagbag.py:545} INFO - Filling up the DagBag from /home/user/Desktop/airflowproj/py_env/lib/python3.10/site-packages/airflow/example_dags/example_params_trigger_ui.py
[2024-06-18T12:49:35.209+0400] {processor.py:840} INFO - DAG(s) 'example_params_trigger_ui' retrieved from /home/user/Desktop/airflowproj/py_env/lib/python3.10/site-packages/airflow/example_dags/example_params_trigger_ui.py
[2024-06-18T12:49:35.231+0400] {logging_mixin.py:188} INFO - [2024-06-18T12:49:35.231+0400] {dag.py:3096} INFO - Sync 1 DAGs
[2024-06-18T12:49:35.236+0400] {logging_mixin.py:188} INFO - [2024-06-18T12:49:35.236+0400] {dag.py:3954} INFO - Setting next_dagrun for example_params_trigger_ui to None, run_after=None
[2024-06-18T12:49:35.250+0400] {processor.py:183} INFO - Processing /home/user/Desktop/airflowproj/py_env/lib/python3.10/site-packages/airflow/example_dags/example_params_trigger_ui.py took 0.056 seconds
[2024-06-18T12:50:35.798+0400] {processor.py:161} INFO - Started process (PID=48838) to work on /home/user/Desktop/airflowproj/py_env/lib/python3.10/site-packages/airflow/example_dags/example_params_trigger_ui.py
[2024-06-18T12:50:35.800+0400] {processor.py:830} INFO - Processing file /home/user/Desktop/airflowproj/py_env/lib/python3.10/site-packages/airflow/example_dags/example_params_trigger_ui.py for tasks to queue
[2024-06-18T12:50:35.801+0400] {logging_mixin.py:188} INFO - [2024-06-18T12:50:35.801+0400] {dagbag.py:545} INFO - Filling up the DagBag from /home/user/Desktop/airflowproj/py_env/lib/python3.10/site-packages/airflow/example_dags/example_params_trigger_ui.py
[2024-06-18T12:50:35.809+0400] {processor.py:840} INFO - DAG(s) 'example_params_trigger_ui' retrieved from /home/user/Desktop/airflowproj/py_env/lib/python3.10/site-packages/airflow/example_dags/example_params_trigger_ui.py
[2024-06-18T12:50:35.829+0400] {logging_mixin.py:188} INFO - [2024-06-18T12:50:35.829+0400] {dag.py:3096} INFO - Sync 1 DAGs
[2024-06-18T12:50:35.835+0400] {logging_mixin.py:188} INFO - [2024-06-18T12:50:35.835+0400] {dag.py:3954} INFO - Setting next_dagrun for example_params_trigger_ui to None, run_after=None
[2024-06-18T12:50:35.848+0400] {processor.py:183} INFO - Processing /home/user/Desktop/airflowproj/py_env/lib/python3.10/site-packages/airflow/example_dags/example_params_trigger_ui.py took 0.055 seconds
[2024-06-18T12:51:33.576+0400] {processor.py:161} INFO - Started process (PID=49062) to work on /home/user/Desktop/airflowproj/py_env/lib/python3.10/site-packages/airflow/example_dags/example_params_trigger_ui.py
[2024-06-18T12:51:33.577+0400] {processor.py:830} INFO - Processing file /home/user/Desktop/airflowproj/py_env/lib/python3.10/site-packages/airflow/example_dags/example_params_trigger_ui.py for tasks to queue
[2024-06-18T12:51:33.578+0400] {logging_mixin.py:188} INFO - [2024-06-18T12:51:33.578+0400] {dagbag.py:545} INFO - Filling up the DagBag from /home/user/Desktop/airflowproj/py_env/lib/python3.10/site-packages/airflow/example_dags/example_params_trigger_ui.py
[2024-06-18T12:51:33.585+0400] {processor.py:840} INFO - DAG(s) 'example_params_trigger_ui' retrieved from /home/user/Desktop/airflowproj/py_env/lib/python3.10/site-packages/airflow/example_dags/example_params_trigger_ui.py
[2024-06-18T12:51:33.606+0400] {logging_mixin.py:188} INFO - [2024-06-18T12:51:33.606+0400] {dag.py:3096} INFO - Sync 1 DAGs
[2024-06-18T12:51:33.612+0400] {logging_mixin.py:188} INFO - [2024-06-18T12:51:33.612+0400] {dag.py:3954} INFO - Setting next_dagrun for example_params_trigger_ui to None, run_after=None
[2024-06-18T12:51:33.626+0400] {processor.py:183} INFO - Processing /home/user/Desktop/airflowproj/py_env/lib/python3.10/site-packages/airflow/example_dags/example_params_trigger_ui.py took 0.053 seconds
[2024-06-18T12:52:32.429+0400] {processor.py:161} INFO - Started process (PID=49231) to work on /home/user/Desktop/airflowproj/py_env/lib/python3.10/site-packages/airflow/example_dags/example_params_trigger_ui.py
[2024-06-18T12:52:32.431+0400] {processor.py:830} INFO - Processing file /home/user/Desktop/airflowproj/py_env/lib/python3.10/site-packages/airflow/example_dags/example_params_trigger_ui.py for tasks to queue
[2024-06-18T12:52:32.432+0400] {logging_mixin.py:188} INFO - [2024-06-18T12:52:32.432+0400] {dagbag.py:545} INFO - Filling up the DagBag from /home/user/Desktop/airflowproj/py_env/lib/python3.10/site-packages/airflow/example_dags/example_params_trigger_ui.py
[2024-06-18T12:52:32.443+0400] {processor.py:840} INFO - DAG(s) 'example_params_trigger_ui' retrieved from /home/user/Desktop/airflowproj/py_env/lib/python3.10/site-packages/airflow/example_dags/example_params_trigger_ui.py
[2024-06-18T12:52:32.463+0400] {logging_mixin.py:188} INFO - [2024-06-18T12:52:32.463+0400] {dag.py:3096} INFO - Sync 1 DAGs
[2024-06-18T12:52:32.468+0400] {logging_mixin.py:188} INFO - [2024-06-18T12:52:32.468+0400] {dag.py:3954} INFO - Setting next_dagrun for example_params_trigger_ui to None, run_after=None
[2024-06-18T12:52:32.481+0400] {processor.py:183} INFO - Processing /home/user/Desktop/airflowproj/py_env/lib/python3.10/site-packages/airflow/example_dags/example_params_trigger_ui.py took 0.057 seconds
[2024-06-18T12:53:30.700+0400] {processor.py:161} INFO - Started process (PID=49521) to work on /home/user/Desktop/airflowproj/py_env/lib/python3.10/site-packages/airflow/example_dags/example_params_trigger_ui.py
[2024-06-18T12:53:30.705+0400] {processor.py:830} INFO - Processing file /home/user/Desktop/airflowproj/py_env/lib/python3.10/site-packages/airflow/example_dags/example_params_trigger_ui.py for tasks to queue
[2024-06-18T12:53:30.708+0400] {logging_mixin.py:188} INFO - [2024-06-18T12:53:30.708+0400] {dagbag.py:545} INFO - Filling up the DagBag from /home/user/Desktop/airflowproj/py_env/lib/python3.10/site-packages/airflow/example_dags/example_params_trigger_ui.py
[2024-06-18T12:53:30.720+0400] {processor.py:840} INFO - DAG(s) 'example_params_trigger_ui' retrieved from /home/user/Desktop/airflowproj/py_env/lib/python3.10/site-packages/airflow/example_dags/example_params_trigger_ui.py
[2024-06-18T12:53:30.747+0400] {logging_mixin.py:188} INFO - [2024-06-18T12:53:30.746+0400] {dag.py:3096} INFO - Sync 1 DAGs
[2024-06-18T12:53:30.756+0400] {logging_mixin.py:188} INFO - [2024-06-18T12:53:30.756+0400] {dag.py:3954} INFO - Setting next_dagrun for example_params_trigger_ui to None, run_after=None
[2024-06-18T12:53:30.775+0400] {processor.py:183} INFO - Processing /home/user/Desktop/airflowproj/py_env/lib/python3.10/site-packages/airflow/example_dags/example_params_trigger_ui.py took 0.080 seconds
[2024-06-18T12:54:28.491+0400] {processor.py:161} INFO - Started process (PID=49690) to work on /home/user/Desktop/airflowproj/py_env/lib/python3.10/site-packages/airflow/example_dags/example_params_trigger_ui.py
[2024-06-18T12:54:28.493+0400] {processor.py:830} INFO - Processing file /home/user/Desktop/airflowproj/py_env/lib/python3.10/site-packages/airflow/example_dags/example_params_trigger_ui.py for tasks to queue
[2024-06-18T12:54:28.494+0400] {logging_mixin.py:188} INFO - [2024-06-18T12:54:28.494+0400] {dagbag.py:545} INFO - Filling up the DagBag from /home/user/Desktop/airflowproj/py_env/lib/python3.10/site-packages/airflow/example_dags/example_params_trigger_ui.py
[2024-06-18T12:54:28.503+0400] {processor.py:840} INFO - DAG(s) 'example_params_trigger_ui' retrieved from /home/user/Desktop/airflowproj/py_env/lib/python3.10/site-packages/airflow/example_dags/example_params_trigger_ui.py
[2024-06-18T12:54:28.524+0400] {logging_mixin.py:188} INFO - [2024-06-18T12:54:28.524+0400] {dag.py:3096} INFO - Sync 1 DAGs
[2024-06-18T12:54:28.530+0400] {logging_mixin.py:188} INFO - [2024-06-18T12:54:28.530+0400] {dag.py:3954} INFO - Setting next_dagrun for example_params_trigger_ui to None, run_after=None
[2024-06-18T12:54:28.545+0400] {processor.py:183} INFO - Processing /home/user/Desktop/airflowproj/py_env/lib/python3.10/site-packages/airflow/example_dags/example_params_trigger_ui.py took 0.058 seconds
[2024-06-18T12:55:28.719+0400] {processor.py:161} INFO - Started process (PID=49994) to work on /home/user/Desktop/airflowproj/py_env/lib/python3.10/site-packages/airflow/example_dags/example_params_trigger_ui.py
[2024-06-18T12:55:28.722+0400] {processor.py:830} INFO - Processing file /home/user/Desktop/airflowproj/py_env/lib/python3.10/site-packages/airflow/example_dags/example_params_trigger_ui.py for tasks to queue
[2024-06-18T12:55:28.723+0400] {logging_mixin.py:188} INFO - [2024-06-18T12:55:28.722+0400] {dagbag.py:545} INFO - Filling up the DagBag from /home/user/Desktop/airflowproj/py_env/lib/python3.10/site-packages/airflow/example_dags/example_params_trigger_ui.py
[2024-06-18T12:55:28.730+0400] {processor.py:840} INFO - DAG(s) 'example_params_trigger_ui' retrieved from /home/user/Desktop/airflowproj/py_env/lib/python3.10/site-packages/airflow/example_dags/example_params_trigger_ui.py
[2024-06-18T12:55:28.752+0400] {logging_mixin.py:188} INFO - [2024-06-18T12:55:28.752+0400] {dag.py:3096} INFO - Sync 1 DAGs
[2024-06-18T12:55:28.758+0400] {logging_mixin.py:188} INFO - [2024-06-18T12:55:28.757+0400] {dag.py:3954} INFO - Setting next_dagrun for example_params_trigger_ui to None, run_after=None
[2024-06-18T12:55:28.771+0400] {processor.py:183} INFO - Processing /home/user/Desktop/airflowproj/py_env/lib/python3.10/site-packages/airflow/example_dags/example_params_trigger_ui.py took 0.056 seconds
[2024-06-18T12:56:25.006+0400] {processor.py:161} INFO - Started process (PID=50235) to work on /home/user/Desktop/airflowproj/py_env/lib/python3.10/site-packages/airflow/example_dags/example_params_trigger_ui.py
[2024-06-18T12:56:25.008+0400] {processor.py:830} INFO - Processing file /home/user/Desktop/airflowproj/py_env/lib/python3.10/site-packages/airflow/example_dags/example_params_trigger_ui.py for tasks to queue
[2024-06-18T12:56:25.010+0400] {logging_mixin.py:188} INFO - [2024-06-18T12:56:25.009+0400] {dagbag.py:545} INFO - Filling up the DagBag from /home/user/Desktop/airflowproj/py_env/lib/python3.10/site-packages/airflow/example_dags/example_params_trigger_ui.py
[2024-06-18T12:56:25.018+0400] {processor.py:840} INFO - DAG(s) 'example_params_trigger_ui' retrieved from /home/user/Desktop/airflowproj/py_env/lib/python3.10/site-packages/airflow/example_dags/example_params_trigger_ui.py
[2024-06-18T12:56:25.038+0400] {logging_mixin.py:188} INFO - [2024-06-18T12:56:25.038+0400] {dag.py:3096} INFO - Sync 1 DAGs
[2024-06-18T12:56:25.044+0400] {logging_mixin.py:188} INFO - [2024-06-18T12:56:25.044+0400] {dag.py:3954} INFO - Setting next_dagrun for example_params_trigger_ui to None, run_after=None
[2024-06-18T12:56:25.058+0400] {processor.py:183} INFO - Processing /home/user/Desktop/airflowproj/py_env/lib/python3.10/site-packages/airflow/example_dags/example_params_trigger_ui.py took 0.057 seconds
[2024-06-18T12:57:24.433+0400] {processor.py:161} INFO - Started process (PID=50414) to work on /home/user/Desktop/airflowproj/py_env/lib/python3.10/site-packages/airflow/example_dags/example_params_trigger_ui.py
[2024-06-18T12:57:24.436+0400] {processor.py:830} INFO - Processing file /home/user/Desktop/airflowproj/py_env/lib/python3.10/site-packages/airflow/example_dags/example_params_trigger_ui.py for tasks to queue
[2024-06-18T12:57:24.439+0400] {logging_mixin.py:188} INFO - [2024-06-18T12:57:24.438+0400] {dagbag.py:545} INFO - Filling up the DagBag from /home/user/Desktop/airflowproj/py_env/lib/python3.10/site-packages/airflow/example_dags/example_params_trigger_ui.py
[2024-06-18T12:57:24.451+0400] {processor.py:840} INFO - DAG(s) 'example_params_trigger_ui' retrieved from /home/user/Desktop/airflowproj/py_env/lib/python3.10/site-packages/airflow/example_dags/example_params_trigger_ui.py
[2024-06-18T12:57:24.474+0400] {logging_mixin.py:188} INFO - [2024-06-18T12:57:24.474+0400] {dag.py:3096} INFO - Sync 1 DAGs
[2024-06-18T12:57:24.479+0400] {logging_mixin.py:188} INFO - [2024-06-18T12:57:24.479+0400] {dag.py:3954} INFO - Setting next_dagrun for example_params_trigger_ui to None, run_after=None
[2024-06-18T12:57:24.493+0400] {processor.py:183} INFO - Processing /home/user/Desktop/airflowproj/py_env/lib/python3.10/site-packages/airflow/example_dags/example_params_trigger_ui.py took 0.065 seconds
[2024-06-18T12:58:23.837+0400] {processor.py:161} INFO - Started process (PID=50926) to work on /home/user/Desktop/airflowproj/py_env/lib/python3.10/site-packages/airflow/example_dags/example_params_trigger_ui.py
[2024-06-18T12:58:23.838+0400] {processor.py:830} INFO - Processing file /home/user/Desktop/airflowproj/py_env/lib/python3.10/site-packages/airflow/example_dags/example_params_trigger_ui.py for tasks to queue
[2024-06-18T12:58:23.839+0400] {logging_mixin.py:188} INFO - [2024-06-18T12:58:23.839+0400] {dagbag.py:545} INFO - Filling up the DagBag from /home/user/Desktop/airflowproj/py_env/lib/python3.10/site-packages/airflow/example_dags/example_params_trigger_ui.py
[2024-06-18T12:58:23.849+0400] {processor.py:840} INFO - DAG(s) 'example_params_trigger_ui' retrieved from /home/user/Desktop/airflowproj/py_env/lib/python3.10/site-packages/airflow/example_dags/example_params_trigger_ui.py
[2024-06-18T12:58:23.868+0400] {logging_mixin.py:188} INFO - [2024-06-18T12:58:23.868+0400] {dag.py:3096} INFO - Sync 1 DAGs
[2024-06-18T12:58:23.873+0400] {logging_mixin.py:188} INFO - [2024-06-18T12:58:23.873+0400] {dag.py:3954} INFO - Setting next_dagrun for example_params_trigger_ui to None, run_after=None
[2024-06-18T12:58:23.888+0400] {processor.py:183} INFO - Processing /home/user/Desktop/airflowproj/py_env/lib/python3.10/site-packages/airflow/example_dags/example_params_trigger_ui.py took 0.055 seconds
[2024-06-18T12:59:21.792+0400] {processor.py:161} INFO - Started process (PID=51322) to work on /home/user/Desktop/airflowproj/py_env/lib/python3.10/site-packages/airflow/example_dags/example_params_trigger_ui.py
[2024-06-18T12:59:21.794+0400] {processor.py:830} INFO - Processing file /home/user/Desktop/airflowproj/py_env/lib/python3.10/site-packages/airflow/example_dags/example_params_trigger_ui.py for tasks to queue
[2024-06-18T12:59:21.796+0400] {logging_mixin.py:188} INFO - [2024-06-18T12:59:21.795+0400] {dagbag.py:545} INFO - Filling up the DagBag from /home/user/Desktop/airflowproj/py_env/lib/python3.10/site-packages/airflow/example_dags/example_params_trigger_ui.py
[2024-06-18T12:59:21.803+0400] {processor.py:840} INFO - DAG(s) 'example_params_trigger_ui' retrieved from /home/user/Desktop/airflowproj/py_env/lib/python3.10/site-packages/airflow/example_dags/example_params_trigger_ui.py
[2024-06-18T12:59:21.820+0400] {logging_mixin.py:188} INFO - [2024-06-18T12:59:21.820+0400] {dag.py:3096} INFO - Sync 1 DAGs
[2024-06-18T12:59:21.825+0400] {logging_mixin.py:188} INFO - [2024-06-18T12:59:21.825+0400] {dag.py:3954} INFO - Setting next_dagrun for example_params_trigger_ui to None, run_after=None
[2024-06-18T12:59:21.838+0400] {processor.py:183} INFO - Processing /home/user/Desktop/airflowproj/py_env/lib/python3.10/site-packages/airflow/example_dags/example_params_trigger_ui.py took 0.050 seconds
[2024-06-18T13:00:16.337+0400] {processor.py:161} INFO - Started process (PID=51693) to work on /home/user/Desktop/airflowproj/py_env/lib/python3.10/site-packages/airflow/example_dags/example_params_trigger_ui.py
[2024-06-18T13:00:16.339+0400] {processor.py:830} INFO - Processing file /home/user/Desktop/airflowproj/py_env/lib/python3.10/site-packages/airflow/example_dags/example_params_trigger_ui.py for tasks to queue
[2024-06-18T13:00:16.340+0400] {logging_mixin.py:188} INFO - [2024-06-18T13:00:16.340+0400] {dagbag.py:545} INFO - Filling up the DagBag from /home/user/Desktop/airflowproj/py_env/lib/python3.10/site-packages/airflow/example_dags/example_params_trigger_ui.py
[2024-06-18T13:00:16.349+0400] {processor.py:840} INFO - DAG(s) 'example_params_trigger_ui' retrieved from /home/user/Desktop/airflowproj/py_env/lib/python3.10/site-packages/airflow/example_dags/example_params_trigger_ui.py
[2024-06-18T13:00:16.387+0400] {logging_mixin.py:188} INFO - [2024-06-18T13:00:16.387+0400] {dag.py:3096} INFO - Sync 1 DAGs
[2024-06-18T13:00:16.394+0400] {logging_mixin.py:188} INFO - [2024-06-18T13:00:16.394+0400] {dag.py:3954} INFO - Setting next_dagrun for example_params_trigger_ui to None, run_after=None
[2024-06-18T13:00:16.409+0400] {processor.py:183} INFO - Processing /home/user/Desktop/airflowproj/py_env/lib/python3.10/site-packages/airflow/example_dags/example_params_trigger_ui.py took 0.076 seconds
[2024-06-18T13:01:13.577+0400] {processor.py:161} INFO - Started process (PID=52028) to work on /home/user/Desktop/airflowproj/py_env/lib/python3.10/site-packages/airflow/example_dags/example_params_trigger_ui.py
[2024-06-18T13:01:13.578+0400] {processor.py:830} INFO - Processing file /home/user/Desktop/airflowproj/py_env/lib/python3.10/site-packages/airflow/example_dags/example_params_trigger_ui.py for tasks to queue
[2024-06-18T13:01:13.579+0400] {logging_mixin.py:188} INFO - [2024-06-18T13:01:13.578+0400] {dagbag.py:545} INFO - Filling up the DagBag from /home/user/Desktop/airflowproj/py_env/lib/python3.10/site-packages/airflow/example_dags/example_params_trigger_ui.py
[2024-06-18T13:01:13.586+0400] {processor.py:840} INFO - DAG(s) 'example_params_trigger_ui' retrieved from /home/user/Desktop/airflowproj/py_env/lib/python3.10/site-packages/airflow/example_dags/example_params_trigger_ui.py
[2024-06-18T13:01:13.607+0400] {logging_mixin.py:188} INFO - [2024-06-18T13:01:13.607+0400] {dag.py:3096} INFO - Sync 1 DAGs
[2024-06-18T13:01:13.613+0400] {logging_mixin.py:188} INFO - [2024-06-18T13:01:13.613+0400] {dag.py:3954} INFO - Setting next_dagrun for example_params_trigger_ui to None, run_after=None
[2024-06-18T13:01:13.627+0400] {processor.py:183} INFO - Processing /home/user/Desktop/airflowproj/py_env/lib/python3.10/site-packages/airflow/example_dags/example_params_trigger_ui.py took 0.054 seconds
[2024-06-18T13:02:14.005+0400] {processor.py:161} INFO - Started process (PID=52829) to work on /home/user/Desktop/airflowproj/py_env/lib/python3.10/site-packages/airflow/example_dags/example_params_trigger_ui.py
[2024-06-18T13:02:14.007+0400] {processor.py:830} INFO - Processing file /home/user/Desktop/airflowproj/py_env/lib/python3.10/site-packages/airflow/example_dags/example_params_trigger_ui.py for tasks to queue
[2024-06-18T13:02:14.009+0400] {logging_mixin.py:188} INFO - [2024-06-18T13:02:14.009+0400] {dagbag.py:545} INFO - Filling up the DagBag from /home/user/Desktop/airflowproj/py_env/lib/python3.10/site-packages/airflow/example_dags/example_params_trigger_ui.py
[2024-06-18T13:02:14.017+0400] {processor.py:840} INFO - DAG(s) 'example_params_trigger_ui' retrieved from /home/user/Desktop/airflowproj/py_env/lib/python3.10/site-packages/airflow/example_dags/example_params_trigger_ui.py
[2024-06-18T13:02:14.039+0400] {logging_mixin.py:188} INFO - [2024-06-18T13:02:14.039+0400] {dag.py:3096} INFO - Sync 1 DAGs
[2024-06-18T13:02:14.045+0400] {logging_mixin.py:188} INFO - [2024-06-18T13:02:14.045+0400] {dag.py:3954} INFO - Setting next_dagrun for example_params_trigger_ui to None, run_after=None
[2024-06-18T13:02:14.059+0400] {processor.py:183} INFO - Processing /home/user/Desktop/airflowproj/py_env/lib/python3.10/site-packages/airflow/example_dags/example_params_trigger_ui.py took 0.059 seconds
[2024-06-18T13:03:12.959+0400] {processor.py:161} INFO - Started process (PID=53064) to work on /home/user/Desktop/airflowproj/py_env/lib/python3.10/site-packages/airflow/example_dags/example_params_trigger_ui.py
[2024-06-18T13:03:12.961+0400] {processor.py:830} INFO - Processing file /home/user/Desktop/airflowproj/py_env/lib/python3.10/site-packages/airflow/example_dags/example_params_trigger_ui.py for tasks to queue
[2024-06-18T13:03:12.962+0400] {logging_mixin.py:188} INFO - [2024-06-18T13:03:12.962+0400] {dagbag.py:545} INFO - Filling up the DagBag from /home/user/Desktop/airflowproj/py_env/lib/python3.10/site-packages/airflow/example_dags/example_params_trigger_ui.py
[2024-06-18T13:03:12.969+0400] {processor.py:840} INFO - DAG(s) 'example_params_trigger_ui' retrieved from /home/user/Desktop/airflowproj/py_env/lib/python3.10/site-packages/airflow/example_dags/example_params_trigger_ui.py
[2024-06-18T13:03:12.989+0400] {logging_mixin.py:188} INFO - [2024-06-18T13:03:12.989+0400] {dag.py:3096} INFO - Sync 1 DAGs
[2024-06-18T13:03:12.995+0400] {logging_mixin.py:188} INFO - [2024-06-18T13:03:12.994+0400] {dag.py:3954} INFO - Setting next_dagrun for example_params_trigger_ui to None, run_after=None
[2024-06-18T13:03:13.011+0400] {processor.py:183} INFO - Processing /home/user/Desktop/airflowproj/py_env/lib/python3.10/site-packages/airflow/example_dags/example_params_trigger_ui.py took 0.056 seconds
[2024-06-18T13:04:09.613+0400] {processor.py:161} INFO - Started process (PID=53256) to work on /home/user/Desktop/airflowproj/py_env/lib/python3.10/site-packages/airflow/example_dags/example_params_trigger_ui.py
[2024-06-18T13:04:09.615+0400] {processor.py:830} INFO - Processing file /home/user/Desktop/airflowproj/py_env/lib/python3.10/site-packages/airflow/example_dags/example_params_trigger_ui.py for tasks to queue
[2024-06-18T13:04:09.616+0400] {logging_mixin.py:188} INFO - [2024-06-18T13:04:09.616+0400] {dagbag.py:545} INFO - Filling up the DagBag from /home/user/Desktop/airflowproj/py_env/lib/python3.10/site-packages/airflow/example_dags/example_params_trigger_ui.py
[2024-06-18T13:04:09.623+0400] {processor.py:840} INFO - DAG(s) 'example_params_trigger_ui' retrieved from /home/user/Desktop/airflowproj/py_env/lib/python3.10/site-packages/airflow/example_dags/example_params_trigger_ui.py
[2024-06-18T13:04:09.643+0400] {logging_mixin.py:188} INFO - [2024-06-18T13:04:09.643+0400] {dag.py:3096} INFO - Sync 1 DAGs
[2024-06-18T13:04:09.648+0400] {logging_mixin.py:188} INFO - [2024-06-18T13:04:09.648+0400] {dag.py:3954} INFO - Setting next_dagrun for example_params_trigger_ui to None, run_after=None
[2024-06-18T13:04:09.663+0400] {processor.py:183} INFO - Processing /home/user/Desktop/airflowproj/py_env/lib/python3.10/site-packages/airflow/example_dags/example_params_trigger_ui.py took 0.054 seconds
[2024-06-18T13:05:07.558+0400] {processor.py:161} INFO - Started process (PID=53487) to work on /home/user/Desktop/airflowproj/py_env/lib/python3.10/site-packages/airflow/example_dags/example_params_trigger_ui.py
[2024-06-18T13:05:07.559+0400] {processor.py:830} INFO - Processing file /home/user/Desktop/airflowproj/py_env/lib/python3.10/site-packages/airflow/example_dags/example_params_trigger_ui.py for tasks to queue
[2024-06-18T13:05:07.560+0400] {logging_mixin.py:188} INFO - [2024-06-18T13:05:07.560+0400] {dagbag.py:545} INFO - Filling up the DagBag from /home/user/Desktop/airflowproj/py_env/lib/python3.10/site-packages/airflow/example_dags/example_params_trigger_ui.py
[2024-06-18T13:05:07.568+0400] {processor.py:840} INFO - DAG(s) 'example_params_trigger_ui' retrieved from /home/user/Desktop/airflowproj/py_env/lib/python3.10/site-packages/airflow/example_dags/example_params_trigger_ui.py
[2024-06-18T13:05:07.590+0400] {logging_mixin.py:188} INFO - [2024-06-18T13:05:07.590+0400] {dag.py:3096} INFO - Sync 1 DAGs
[2024-06-18T13:05:07.597+0400] {logging_mixin.py:188} INFO - [2024-06-18T13:05:07.596+0400] {dag.py:3954} INFO - Setting next_dagrun for example_params_trigger_ui to None, run_after=None
[2024-06-18T13:05:07.612+0400] {processor.py:183} INFO - Processing /home/user/Desktop/airflowproj/py_env/lib/python3.10/site-packages/airflow/example_dags/example_params_trigger_ui.py took 0.062 seconds
[2024-06-18T13:06:06.017+0400] {processor.py:161} INFO - Started process (PID=53722) to work on /home/user/Desktop/airflowproj/py_env/lib/python3.10/site-packages/airflow/example_dags/example_params_trigger_ui.py
[2024-06-18T13:06:06.019+0400] {processor.py:830} INFO - Processing file /home/user/Desktop/airflowproj/py_env/lib/python3.10/site-packages/airflow/example_dags/example_params_trigger_ui.py for tasks to queue
[2024-06-18T13:06:06.020+0400] {logging_mixin.py:188} INFO - [2024-06-18T13:06:06.020+0400] {dagbag.py:545} INFO - Filling up the DagBag from /home/user/Desktop/airflowproj/py_env/lib/python3.10/site-packages/airflow/example_dags/example_params_trigger_ui.py
[2024-06-18T13:06:06.027+0400] {processor.py:840} INFO - DAG(s) 'example_params_trigger_ui' retrieved from /home/user/Desktop/airflowproj/py_env/lib/python3.10/site-packages/airflow/example_dags/example_params_trigger_ui.py
[2024-06-18T13:06:06.047+0400] {logging_mixin.py:188} INFO - [2024-06-18T13:06:06.047+0400] {dag.py:3096} INFO - Sync 1 DAGs
[2024-06-18T13:06:06.052+0400] {logging_mixin.py:188} INFO - [2024-06-18T13:06:06.052+0400] {dag.py:3954} INFO - Setting next_dagrun for example_params_trigger_ui to None, run_after=None
[2024-06-18T13:06:06.064+0400] {processor.py:183} INFO - Processing /home/user/Desktop/airflowproj/py_env/lib/python3.10/site-packages/airflow/example_dags/example_params_trigger_ui.py took 0.051 seconds
[2024-06-18T13:07:07.989+0400] {processor.py:161} INFO - Started process (PID=53932) to work on /home/user/Desktop/airflowproj/py_env/lib/python3.10/site-packages/airflow/example_dags/example_params_trigger_ui.py
[2024-06-18T13:07:07.991+0400] {processor.py:830} INFO - Processing file /home/user/Desktop/airflowproj/py_env/lib/python3.10/site-packages/airflow/example_dags/example_params_trigger_ui.py for tasks to queue
[2024-06-18T13:07:07.992+0400] {logging_mixin.py:188} INFO - [2024-06-18T13:07:07.992+0400] {dagbag.py:545} INFO - Filling up the DagBag from /home/user/Desktop/airflowproj/py_env/lib/python3.10/site-packages/airflow/example_dags/example_params_trigger_ui.py
[2024-06-18T13:07:07.999+0400] {processor.py:840} INFO - DAG(s) 'example_params_trigger_ui' retrieved from /home/user/Desktop/airflowproj/py_env/lib/python3.10/site-packages/airflow/example_dags/example_params_trigger_ui.py
[2024-06-18T13:07:08.019+0400] {logging_mixin.py:188} INFO - [2024-06-18T13:07:08.019+0400] {dag.py:3096} INFO - Sync 1 DAGs
[2024-06-18T13:07:08.024+0400] {logging_mixin.py:188} INFO - [2024-06-18T13:07:08.024+0400] {dag.py:3954} INFO - Setting next_dagrun for example_params_trigger_ui to None, run_after=None
[2024-06-18T13:07:08.037+0400] {processor.py:183} INFO - Processing /home/user/Desktop/airflowproj/py_env/lib/python3.10/site-packages/airflow/example_dags/example_params_trigger_ui.py took 0.052 seconds
[2024-06-18T13:08:08.675+0400] {processor.py:161} INFO - Started process (PID=54175) to work on /home/user/Desktop/airflowproj/py_env/lib/python3.10/site-packages/airflow/example_dags/example_params_trigger_ui.py
[2024-06-18T13:08:08.677+0400] {processor.py:830} INFO - Processing file /home/user/Desktop/airflowproj/py_env/lib/python3.10/site-packages/airflow/example_dags/example_params_trigger_ui.py for tasks to queue
[2024-06-18T13:08:08.678+0400] {logging_mixin.py:188} INFO - [2024-06-18T13:08:08.678+0400] {dagbag.py:545} INFO - Filling up the DagBag from /home/user/Desktop/airflowproj/py_env/lib/python3.10/site-packages/airflow/example_dags/example_params_trigger_ui.py
[2024-06-18T13:08:08.685+0400] {processor.py:840} INFO - DAG(s) 'example_params_trigger_ui' retrieved from /home/user/Desktop/airflowproj/py_env/lib/python3.10/site-packages/airflow/example_dags/example_params_trigger_ui.py
[2024-06-18T13:08:08.705+0400] {logging_mixin.py:188} INFO - [2024-06-18T13:08:08.704+0400] {dag.py:3096} INFO - Sync 1 DAGs
[2024-06-18T13:08:08.710+0400] {logging_mixin.py:188} INFO - [2024-06-18T13:08:08.710+0400] {dag.py:3954} INFO - Setting next_dagrun for example_params_trigger_ui to None, run_after=None
[2024-06-18T13:08:08.726+0400] {processor.py:183} INFO - Processing /home/user/Desktop/airflowproj/py_env/lib/python3.10/site-packages/airflow/example_dags/example_params_trigger_ui.py took 0.055 seconds
[2024-06-18T13:09:06.967+0400] {processor.py:161} INFO - Started process (PID=54440) to work on /home/user/Desktop/airflowproj/py_env/lib/python3.10/site-packages/airflow/example_dags/example_params_trigger_ui.py
[2024-06-18T13:09:06.968+0400] {processor.py:830} INFO - Processing file /home/user/Desktop/airflowproj/py_env/lib/python3.10/site-packages/airflow/example_dags/example_params_trigger_ui.py for tasks to queue
[2024-06-18T13:09:06.969+0400] {logging_mixin.py:188} INFO - [2024-06-18T13:09:06.969+0400] {dagbag.py:545} INFO - Filling up the DagBag from /home/user/Desktop/airflowproj/py_env/lib/python3.10/site-packages/airflow/example_dags/example_params_trigger_ui.py
[2024-06-18T13:09:06.976+0400] {processor.py:840} INFO - DAG(s) 'example_params_trigger_ui' retrieved from /home/user/Desktop/airflowproj/py_env/lib/python3.10/site-packages/airflow/example_dags/example_params_trigger_ui.py
[2024-06-18T13:09:06.995+0400] {logging_mixin.py:188} INFO - [2024-06-18T13:09:06.995+0400] {dag.py:3096} INFO - Sync 1 DAGs
[2024-06-18T13:09:07.000+0400] {logging_mixin.py:188} INFO - [2024-06-18T13:09:07.000+0400] {dag.py:3954} INFO - Setting next_dagrun for example_params_trigger_ui to None, run_after=None
[2024-06-18T13:09:07.014+0400] {processor.py:183} INFO - Processing /home/user/Desktop/airflowproj/py_env/lib/python3.10/site-packages/airflow/example_dags/example_params_trigger_ui.py took 0.051 seconds
[2024-06-18T13:10:06.394+0400] {processor.py:161} INFO - Started process (PID=54649) to work on /home/user/Desktop/airflowproj/py_env/lib/python3.10/site-packages/airflow/example_dags/example_params_trigger_ui.py
[2024-06-18T13:10:06.397+0400] {processor.py:830} INFO - Processing file /home/user/Desktop/airflowproj/py_env/lib/python3.10/site-packages/airflow/example_dags/example_params_trigger_ui.py for tasks to queue
[2024-06-18T13:10:06.398+0400] {logging_mixin.py:188} INFO - [2024-06-18T13:10:06.397+0400] {dagbag.py:545} INFO - Filling up the DagBag from /home/user/Desktop/airflowproj/py_env/lib/python3.10/site-packages/airflow/example_dags/example_params_trigger_ui.py
[2024-06-18T13:10:06.404+0400] {processor.py:840} INFO - DAG(s) 'example_params_trigger_ui' retrieved from /home/user/Desktop/airflowproj/py_env/lib/python3.10/site-packages/airflow/example_dags/example_params_trigger_ui.py
[2024-06-18T13:10:06.423+0400] {logging_mixin.py:188} INFO - [2024-06-18T13:10:06.423+0400] {dag.py:3096} INFO - Sync 1 DAGs
[2024-06-18T13:10:06.428+0400] {logging_mixin.py:188} INFO - [2024-06-18T13:10:06.427+0400] {dag.py:3954} INFO - Setting next_dagrun for example_params_trigger_ui to None, run_after=None
[2024-06-18T13:10:06.441+0400] {processor.py:183} INFO - Processing /home/user/Desktop/airflowproj/py_env/lib/python3.10/site-packages/airflow/example_dags/example_params_trigger_ui.py took 0.052 seconds
[2024-06-18T13:11:09.717+0400] {processor.py:161} INFO - Started process (PID=54852) to work on /home/user/Desktop/airflowproj/py_env/lib/python3.10/site-packages/airflow/example_dags/example_params_trigger_ui.py
[2024-06-18T13:11:09.719+0400] {processor.py:830} INFO - Processing file /home/user/Desktop/airflowproj/py_env/lib/python3.10/site-packages/airflow/example_dags/example_params_trigger_ui.py for tasks to queue
[2024-06-18T13:11:09.721+0400] {logging_mixin.py:188} INFO - [2024-06-18T13:11:09.720+0400] {dagbag.py:545} INFO - Filling up the DagBag from /home/user/Desktop/airflowproj/py_env/lib/python3.10/site-packages/airflow/example_dags/example_params_trigger_ui.py
[2024-06-18T13:11:09.727+0400] {processor.py:840} INFO - DAG(s) 'example_params_trigger_ui' retrieved from /home/user/Desktop/airflowproj/py_env/lib/python3.10/site-packages/airflow/example_dags/example_params_trigger_ui.py
[2024-06-18T13:11:09.747+0400] {logging_mixin.py:188} INFO - [2024-06-18T13:11:09.747+0400] {dag.py:3096} INFO - Sync 1 DAGs
[2024-06-18T13:11:09.753+0400] {logging_mixin.py:188} INFO - [2024-06-18T13:11:09.752+0400] {dag.py:3954} INFO - Setting next_dagrun for example_params_trigger_ui to None, run_after=None
[2024-06-18T13:11:09.770+0400] {processor.py:183} INFO - Processing /home/user/Desktop/airflowproj/py_env/lib/python3.10/site-packages/airflow/example_dags/example_params_trigger_ui.py took 0.057 seconds
[2024-06-18T13:12:06.350+0400] {processor.py:161} INFO - Started process (PID=55060) to work on /home/user/Desktop/airflowproj/py_env/lib/python3.10/site-packages/airflow/example_dags/example_params_trigger_ui.py
[2024-06-18T13:12:06.351+0400] {processor.py:830} INFO - Processing file /home/user/Desktop/airflowproj/py_env/lib/python3.10/site-packages/airflow/example_dags/example_params_trigger_ui.py for tasks to queue
[2024-06-18T13:12:06.352+0400] {logging_mixin.py:188} INFO - [2024-06-18T13:12:06.351+0400] {dagbag.py:545} INFO - Filling up the DagBag from /home/user/Desktop/airflowproj/py_env/lib/python3.10/site-packages/airflow/example_dags/example_params_trigger_ui.py
[2024-06-18T13:12:06.358+0400] {processor.py:840} INFO - DAG(s) 'example_params_trigger_ui' retrieved from /home/user/Desktop/airflowproj/py_env/lib/python3.10/site-packages/airflow/example_dags/example_params_trigger_ui.py
[2024-06-18T13:12:06.377+0400] {logging_mixin.py:188} INFO - [2024-06-18T13:12:06.376+0400] {dag.py:3096} INFO - Sync 1 DAGs
[2024-06-18T13:12:06.382+0400] {logging_mixin.py:188} INFO - [2024-06-18T13:12:06.382+0400] {dag.py:3954} INFO - Setting next_dagrun for example_params_trigger_ui to None, run_after=None
[2024-06-18T13:12:06.395+0400] {processor.py:183} INFO - Processing /home/user/Desktop/airflowproj/py_env/lib/python3.10/site-packages/airflow/example_dags/example_params_trigger_ui.py took 0.050 seconds
[2024-06-18T13:13:06.281+0400] {processor.py:161} INFO - Started process (PID=55292) to work on /home/user/Desktop/airflowproj/py_env/lib/python3.10/site-packages/airflow/example_dags/example_params_trigger_ui.py
[2024-06-18T13:13:06.284+0400] {processor.py:830} INFO - Processing file /home/user/Desktop/airflowproj/py_env/lib/python3.10/site-packages/airflow/example_dags/example_params_trigger_ui.py for tasks to queue
[2024-06-18T13:13:06.284+0400] {logging_mixin.py:188} INFO - [2024-06-18T13:13:06.284+0400] {dagbag.py:545} INFO - Filling up the DagBag from /home/user/Desktop/airflowproj/py_env/lib/python3.10/site-packages/airflow/example_dags/example_params_trigger_ui.py
[2024-06-18T13:13:06.291+0400] {processor.py:840} INFO - DAG(s) 'example_params_trigger_ui' retrieved from /home/user/Desktop/airflowproj/py_env/lib/python3.10/site-packages/airflow/example_dags/example_params_trigger_ui.py
[2024-06-18T13:13:06.311+0400] {logging_mixin.py:188} INFO - [2024-06-18T13:13:06.310+0400] {dag.py:3096} INFO - Sync 1 DAGs
[2024-06-18T13:13:06.316+0400] {logging_mixin.py:188} INFO - [2024-06-18T13:13:06.316+0400] {dag.py:3954} INFO - Setting next_dagrun for example_params_trigger_ui to None, run_after=None
[2024-06-18T13:13:06.329+0400] {processor.py:183} INFO - Processing /home/user/Desktop/airflowproj/py_env/lib/python3.10/site-packages/airflow/example_dags/example_params_trigger_ui.py took 0.051 seconds
[2024-06-18T13:14:07.998+0400] {processor.py:161} INFO - Started process (PID=55510) to work on /home/user/Desktop/airflowproj/py_env/lib/python3.10/site-packages/airflow/example_dags/example_params_trigger_ui.py
[2024-06-18T13:14:08.001+0400] {processor.py:830} INFO - Processing file /home/user/Desktop/airflowproj/py_env/lib/python3.10/site-packages/airflow/example_dags/example_params_trigger_ui.py for tasks to queue
[2024-06-18T13:14:08.002+0400] {logging_mixin.py:188} INFO - [2024-06-18T13:14:08.002+0400] {dagbag.py:545} INFO - Filling up the DagBag from /home/user/Desktop/airflowproj/py_env/lib/python3.10/site-packages/airflow/example_dags/example_params_trigger_ui.py
[2024-06-18T13:14:08.009+0400] {processor.py:840} INFO - DAG(s) 'example_params_trigger_ui' retrieved from /home/user/Desktop/airflowproj/py_env/lib/python3.10/site-packages/airflow/example_dags/example_params_trigger_ui.py
[2024-06-18T13:14:08.029+0400] {logging_mixin.py:188} INFO - [2024-06-18T13:14:08.029+0400] {dag.py:3096} INFO - Sync 1 DAGs
[2024-06-18T13:14:08.034+0400] {logging_mixin.py:188} INFO - [2024-06-18T13:14:08.034+0400] {dag.py:3954} INFO - Setting next_dagrun for example_params_trigger_ui to None, run_after=None
[2024-06-18T13:14:08.049+0400] {processor.py:183} INFO - Processing /home/user/Desktop/airflowproj/py_env/lib/python3.10/site-packages/airflow/example_dags/example_params_trigger_ui.py took 0.055 seconds
[2024-06-18T13:15:05.127+0400] {processor.py:161} INFO - Started process (PID=55696) to work on /home/user/Desktop/airflowproj/py_env/lib/python3.10/site-packages/airflow/example_dags/example_params_trigger_ui.py
[2024-06-18T13:15:05.130+0400] {processor.py:830} INFO - Processing file /home/user/Desktop/airflowproj/py_env/lib/python3.10/site-packages/airflow/example_dags/example_params_trigger_ui.py for tasks to queue
[2024-06-18T13:15:05.131+0400] {logging_mixin.py:188} INFO - [2024-06-18T13:15:05.131+0400] {dagbag.py:545} INFO - Filling up the DagBag from /home/user/Desktop/airflowproj/py_env/lib/python3.10/site-packages/airflow/example_dags/example_params_trigger_ui.py
[2024-06-18T13:15:05.138+0400] {processor.py:840} INFO - DAG(s) 'example_params_trigger_ui' retrieved from /home/user/Desktop/airflowproj/py_env/lib/python3.10/site-packages/airflow/example_dags/example_params_trigger_ui.py
[2024-06-18T13:15:05.158+0400] {logging_mixin.py:188} INFO - [2024-06-18T13:15:05.158+0400] {dag.py:3096} INFO - Sync 1 DAGs
[2024-06-18T13:15:05.163+0400] {logging_mixin.py:188} INFO - [2024-06-18T13:15:05.163+0400] {dag.py:3954} INFO - Setting next_dagrun for example_params_trigger_ui to None, run_after=None
[2024-06-18T13:15:05.176+0400] {processor.py:183} INFO - Processing /home/user/Desktop/airflowproj/py_env/lib/python3.10/site-packages/airflow/example_dags/example_params_trigger_ui.py took 0.053 seconds
[2024-06-18T13:16:03.597+0400] {processor.py:161} INFO - Started process (PID=55907) to work on /home/user/Desktop/airflowproj/py_env/lib/python3.10/site-packages/airflow/example_dags/example_params_trigger_ui.py
[2024-06-18T13:16:03.600+0400] {processor.py:830} INFO - Processing file /home/user/Desktop/airflowproj/py_env/lib/python3.10/site-packages/airflow/example_dags/example_params_trigger_ui.py for tasks to queue
[2024-06-18T13:16:03.601+0400] {logging_mixin.py:188} INFO - [2024-06-18T13:16:03.601+0400] {dagbag.py:545} INFO - Filling up the DagBag from /home/user/Desktop/airflowproj/py_env/lib/python3.10/site-packages/airflow/example_dags/example_params_trigger_ui.py
[2024-06-18T13:16:03.608+0400] {processor.py:840} INFO - DAG(s) 'example_params_trigger_ui' retrieved from /home/user/Desktop/airflowproj/py_env/lib/python3.10/site-packages/airflow/example_dags/example_params_trigger_ui.py
[2024-06-18T13:16:03.629+0400] {logging_mixin.py:188} INFO - [2024-06-18T13:16:03.629+0400] {dag.py:3096} INFO - Sync 1 DAGs
[2024-06-18T13:16:03.635+0400] {logging_mixin.py:188} INFO - [2024-06-18T13:16:03.635+0400] {dag.py:3954} INFO - Setting next_dagrun for example_params_trigger_ui to None, run_after=None
[2024-06-18T13:16:03.647+0400] {processor.py:183} INFO - Processing /home/user/Desktop/airflowproj/py_env/lib/python3.10/site-packages/airflow/example_dags/example_params_trigger_ui.py took 0.054 seconds
[2024-06-18T13:17:02.868+0400] {processor.py:161} INFO - Started process (PID=56111) to work on /home/user/Desktop/airflowproj/py_env/lib/python3.10/site-packages/airflow/example_dags/example_params_trigger_ui.py
[2024-06-18T13:17:02.870+0400] {processor.py:830} INFO - Processing file /home/user/Desktop/airflowproj/py_env/lib/python3.10/site-packages/airflow/example_dags/example_params_trigger_ui.py for tasks to queue
[2024-06-18T13:17:02.871+0400] {logging_mixin.py:188} INFO - [2024-06-18T13:17:02.871+0400] {dagbag.py:545} INFO - Filling up the DagBag from /home/user/Desktop/airflowproj/py_env/lib/python3.10/site-packages/airflow/example_dags/example_params_trigger_ui.py
[2024-06-18T13:17:02.879+0400] {processor.py:840} INFO - DAG(s) 'example_params_trigger_ui' retrieved from /home/user/Desktop/airflowproj/py_env/lib/python3.10/site-packages/airflow/example_dags/example_params_trigger_ui.py
[2024-06-18T13:17:02.898+0400] {logging_mixin.py:188} INFO - [2024-06-18T13:17:02.898+0400] {dag.py:3096} INFO - Sync 1 DAGs
[2024-06-18T13:17:02.904+0400] {logging_mixin.py:188} INFO - [2024-06-18T13:17:02.903+0400] {dag.py:3954} INFO - Setting next_dagrun for example_params_trigger_ui to None, run_after=None
[2024-06-18T13:17:02.917+0400] {processor.py:183} INFO - Processing /home/user/Desktop/airflowproj/py_env/lib/python3.10/site-packages/airflow/example_dags/example_params_trigger_ui.py took 0.053 seconds
[2024-06-18T13:17:59.072+0400] {processor.py:161} INFO - Started process (PID=56339) to work on /home/user/Desktop/airflowproj/py_env/lib/python3.10/site-packages/airflow/example_dags/example_params_trigger_ui.py
[2024-06-18T13:17:59.074+0400] {processor.py:830} INFO - Processing file /home/user/Desktop/airflowproj/py_env/lib/python3.10/site-packages/airflow/example_dags/example_params_trigger_ui.py for tasks to queue
[2024-06-18T13:17:59.075+0400] {logging_mixin.py:188} INFO - [2024-06-18T13:17:59.075+0400] {dagbag.py:545} INFO - Filling up the DagBag from /home/user/Desktop/airflowproj/py_env/lib/python3.10/site-packages/airflow/example_dags/example_params_trigger_ui.py
[2024-06-18T13:17:59.083+0400] {processor.py:840} INFO - DAG(s) 'example_params_trigger_ui' retrieved from /home/user/Desktop/airflowproj/py_env/lib/python3.10/site-packages/airflow/example_dags/example_params_trigger_ui.py
[2024-06-18T13:17:59.102+0400] {logging_mixin.py:188} INFO - [2024-06-18T13:17:59.102+0400] {dag.py:3096} INFO - Sync 1 DAGs
[2024-06-18T13:17:59.107+0400] {logging_mixin.py:188} INFO - [2024-06-18T13:17:59.107+0400] {dag.py:3954} INFO - Setting next_dagrun for example_params_trigger_ui to None, run_after=None
[2024-06-18T13:17:59.121+0400] {processor.py:183} INFO - Processing /home/user/Desktop/airflowproj/py_env/lib/python3.10/site-packages/airflow/example_dags/example_params_trigger_ui.py took 0.054 seconds
[2024-06-18T13:18:57.633+0400] {processor.py:161} INFO - Started process (PID=56535) to work on /home/user/Desktop/airflowproj/py_env/lib/python3.10/site-packages/airflow/example_dags/example_params_trigger_ui.py
[2024-06-18T13:18:57.635+0400] {processor.py:830} INFO - Processing file /home/user/Desktop/airflowproj/py_env/lib/python3.10/site-packages/airflow/example_dags/example_params_trigger_ui.py for tasks to queue
[2024-06-18T13:18:57.637+0400] {logging_mixin.py:188} INFO - [2024-06-18T13:18:57.637+0400] {dagbag.py:545} INFO - Filling up the DagBag from /home/user/Desktop/airflowproj/py_env/lib/python3.10/site-packages/airflow/example_dags/example_params_trigger_ui.py
[2024-06-18T13:18:57.647+0400] {processor.py:840} INFO - DAG(s) 'example_params_trigger_ui' retrieved from /home/user/Desktop/airflowproj/py_env/lib/python3.10/site-packages/airflow/example_dags/example_params_trigger_ui.py
[2024-06-18T13:18:57.667+0400] {logging_mixin.py:188} INFO - [2024-06-18T13:18:57.666+0400] {dag.py:3096} INFO - Sync 1 DAGs
[2024-06-18T13:18:57.672+0400] {logging_mixin.py:188} INFO - [2024-06-18T13:18:57.672+0400] {dag.py:3954} INFO - Setting next_dagrun for example_params_trigger_ui to None, run_after=None
[2024-06-18T13:18:57.685+0400] {processor.py:183} INFO - Processing /home/user/Desktop/airflowproj/py_env/lib/python3.10/site-packages/airflow/example_dags/example_params_trigger_ui.py took 0.059 seconds
[2024-06-18T13:19:57.648+0400] {processor.py:161} INFO - Started process (PID=56736) to work on /home/user/Desktop/airflowproj/py_env/lib/python3.10/site-packages/airflow/example_dags/example_params_trigger_ui.py
[2024-06-18T13:19:57.649+0400] {processor.py:830} INFO - Processing file /home/user/Desktop/airflowproj/py_env/lib/python3.10/site-packages/airflow/example_dags/example_params_trigger_ui.py for tasks to queue
[2024-06-18T13:19:57.650+0400] {logging_mixin.py:188} INFO - [2024-06-18T13:19:57.649+0400] {dagbag.py:545} INFO - Filling up the DagBag from /home/user/Desktop/airflowproj/py_env/lib/python3.10/site-packages/airflow/example_dags/example_params_trigger_ui.py
[2024-06-18T13:19:57.657+0400] {processor.py:840} INFO - DAG(s) 'example_params_trigger_ui' retrieved from /home/user/Desktop/airflowproj/py_env/lib/python3.10/site-packages/airflow/example_dags/example_params_trigger_ui.py
[2024-06-18T13:19:57.677+0400] {logging_mixin.py:188} INFO - [2024-06-18T13:19:57.676+0400] {dag.py:3096} INFO - Sync 1 DAGs
[2024-06-18T13:19:57.682+0400] {logging_mixin.py:188} INFO - [2024-06-18T13:19:57.682+0400] {dag.py:3954} INFO - Setting next_dagrun for example_params_trigger_ui to None, run_after=None
[2024-06-18T13:19:57.695+0400] {processor.py:183} INFO - Processing /home/user/Desktop/airflowproj/py_env/lib/python3.10/site-packages/airflow/example_dags/example_params_trigger_ui.py took 0.050 seconds
[2024-06-18T13:20:55.958+0400] {processor.py:161} INFO - Started process (PID=56943) to work on /home/user/Desktop/airflowproj/py_env/lib/python3.10/site-packages/airflow/example_dags/example_params_trigger_ui.py
[2024-06-18T13:20:55.959+0400] {processor.py:830} INFO - Processing file /home/user/Desktop/airflowproj/py_env/lib/python3.10/site-packages/airflow/example_dags/example_params_trigger_ui.py for tasks to queue
[2024-06-18T13:20:55.959+0400] {logging_mixin.py:188} INFO - [2024-06-18T13:20:55.959+0400] {dagbag.py:545} INFO - Filling up the DagBag from /home/user/Desktop/airflowproj/py_env/lib/python3.10/site-packages/airflow/example_dags/example_params_trigger_ui.py
[2024-06-18T13:20:55.966+0400] {processor.py:840} INFO - DAG(s) 'example_params_trigger_ui' retrieved from /home/user/Desktop/airflowproj/py_env/lib/python3.10/site-packages/airflow/example_dags/example_params_trigger_ui.py
[2024-06-18T13:20:55.985+0400] {logging_mixin.py:188} INFO - [2024-06-18T13:20:55.985+0400] {dag.py:3096} INFO - Sync 1 DAGs
[2024-06-18T13:20:55.990+0400] {logging_mixin.py:188} INFO - [2024-06-18T13:20:55.990+0400] {dag.py:3954} INFO - Setting next_dagrun for example_params_trigger_ui to None, run_after=None
[2024-06-18T13:20:56.004+0400] {processor.py:183} INFO - Processing /home/user/Desktop/airflowproj/py_env/lib/python3.10/site-packages/airflow/example_dags/example_params_trigger_ui.py took 0.049 seconds
[2024-06-18T13:21:57.683+0400] {processor.py:161} INFO - Started process (PID=57148) to work on /home/user/Desktop/airflowproj/py_env/lib/python3.10/site-packages/airflow/example_dags/example_params_trigger_ui.py
[2024-06-18T13:21:57.685+0400] {processor.py:830} INFO - Processing file /home/user/Desktop/airflowproj/py_env/lib/python3.10/site-packages/airflow/example_dags/example_params_trigger_ui.py for tasks to queue
[2024-06-18T13:21:57.686+0400] {logging_mixin.py:188} INFO - [2024-06-18T13:21:57.685+0400] {dagbag.py:545} INFO - Filling up the DagBag from /home/user/Desktop/airflowproj/py_env/lib/python3.10/site-packages/airflow/example_dags/example_params_trigger_ui.py
[2024-06-18T13:21:57.692+0400] {processor.py:840} INFO - DAG(s) 'example_params_trigger_ui' retrieved from /home/user/Desktop/airflowproj/py_env/lib/python3.10/site-packages/airflow/example_dags/example_params_trigger_ui.py
[2024-06-18T13:21:57.712+0400] {logging_mixin.py:188} INFO - [2024-06-18T13:21:57.712+0400] {dag.py:3096} INFO - Sync 1 DAGs
[2024-06-18T13:21:57.717+0400] {logging_mixin.py:188} INFO - [2024-06-18T13:21:57.717+0400] {dag.py:3954} INFO - Setting next_dagrun for example_params_trigger_ui to None, run_after=None
[2024-06-18T13:21:57.731+0400] {processor.py:183} INFO - Processing /home/user/Desktop/airflowproj/py_env/lib/python3.10/site-packages/airflow/example_dags/example_params_trigger_ui.py took 0.052 seconds
[2024-06-18T13:22:55.437+0400] {processor.py:161} INFO - Started process (PID=57380) to work on /home/user/Desktop/airflowproj/py_env/lib/python3.10/site-packages/airflow/example_dags/example_params_trigger_ui.py
[2024-06-18T13:22:55.438+0400] {processor.py:830} INFO - Processing file /home/user/Desktop/airflowproj/py_env/lib/python3.10/site-packages/airflow/example_dags/example_params_trigger_ui.py for tasks to queue
[2024-06-18T13:22:55.438+0400] {logging_mixin.py:188} INFO - [2024-06-18T13:22:55.438+0400] {dagbag.py:545} INFO - Filling up the DagBag from /home/user/Desktop/airflowproj/py_env/lib/python3.10/site-packages/airflow/example_dags/example_params_trigger_ui.py
[2024-06-18T13:22:55.445+0400] {processor.py:840} INFO - DAG(s) 'example_params_trigger_ui' retrieved from /home/user/Desktop/airflowproj/py_env/lib/python3.10/site-packages/airflow/example_dags/example_params_trigger_ui.py
[2024-06-18T13:22:55.464+0400] {logging_mixin.py:188} INFO - [2024-06-18T13:22:55.464+0400] {dag.py:3096} INFO - Sync 1 DAGs
[2024-06-18T13:22:55.470+0400] {logging_mixin.py:188} INFO - [2024-06-18T13:22:55.470+0400] {dag.py:3954} INFO - Setting next_dagrun for example_params_trigger_ui to None, run_after=None
[2024-06-18T13:22:55.483+0400] {processor.py:183} INFO - Processing /home/user/Desktop/airflowproj/py_env/lib/python3.10/site-packages/airflow/example_dags/example_params_trigger_ui.py took 0.051 seconds
[2024-06-18T13:23:55.428+0400] {processor.py:161} INFO - Started process (PID=57585) to work on /home/user/Desktop/airflowproj/py_env/lib/python3.10/site-packages/airflow/example_dags/example_params_trigger_ui.py
[2024-06-18T13:23:55.430+0400] {processor.py:830} INFO - Processing file /home/user/Desktop/airflowproj/py_env/lib/python3.10/site-packages/airflow/example_dags/example_params_trigger_ui.py for tasks to queue
[2024-06-18T13:23:55.431+0400] {logging_mixin.py:188} INFO - [2024-06-18T13:23:55.431+0400] {dagbag.py:545} INFO - Filling up the DagBag from /home/user/Desktop/airflowproj/py_env/lib/python3.10/site-packages/airflow/example_dags/example_params_trigger_ui.py
[2024-06-18T13:23:55.439+0400] {processor.py:840} INFO - DAG(s) 'example_params_trigger_ui' retrieved from /home/user/Desktop/airflowproj/py_env/lib/python3.10/site-packages/airflow/example_dags/example_params_trigger_ui.py
[2024-06-18T13:23:55.458+0400] {logging_mixin.py:188} INFO - [2024-06-18T13:23:55.458+0400] {dag.py:3096} INFO - Sync 1 DAGs
[2024-06-18T13:23:55.463+0400] {logging_mixin.py:188} INFO - [2024-06-18T13:23:55.463+0400] {dag.py:3954} INFO - Setting next_dagrun for example_params_trigger_ui to None, run_after=None
[2024-06-18T13:23:55.477+0400] {processor.py:183} INFO - Processing /home/user/Desktop/airflowproj/py_env/lib/python3.10/site-packages/airflow/example_dags/example_params_trigger_ui.py took 0.053 seconds
[2024-06-18T13:24:51.402+0400] {processor.py:161} INFO - Started process (PID=57763) to work on /home/user/Desktop/airflowproj/py_env/lib/python3.10/site-packages/airflow/example_dags/example_params_trigger_ui.py
[2024-06-18T13:24:51.404+0400] {processor.py:830} INFO - Processing file /home/user/Desktop/airflowproj/py_env/lib/python3.10/site-packages/airflow/example_dags/example_params_trigger_ui.py for tasks to queue
[2024-06-18T13:24:51.405+0400] {logging_mixin.py:188} INFO - [2024-06-18T13:24:51.405+0400] {dagbag.py:545} INFO - Filling up the DagBag from /home/user/Desktop/airflowproj/py_env/lib/python3.10/site-packages/airflow/example_dags/example_params_trigger_ui.py
[2024-06-18T13:24:51.412+0400] {processor.py:840} INFO - DAG(s) 'example_params_trigger_ui' retrieved from /home/user/Desktop/airflowproj/py_env/lib/python3.10/site-packages/airflow/example_dags/example_params_trigger_ui.py
[2024-06-18T13:24:51.431+0400] {logging_mixin.py:188} INFO - [2024-06-18T13:24:51.431+0400] {dag.py:3096} INFO - Sync 1 DAGs
[2024-06-18T13:24:51.436+0400] {logging_mixin.py:188} INFO - [2024-06-18T13:24:51.436+0400] {dag.py:3954} INFO - Setting next_dagrun for example_params_trigger_ui to None, run_after=None
[2024-06-18T13:24:51.450+0400] {processor.py:183} INFO - Processing /home/user/Desktop/airflowproj/py_env/lib/python3.10/site-packages/airflow/example_dags/example_params_trigger_ui.py took 0.051 seconds
[2024-06-18T13:25:49.165+0400] {processor.py:161} INFO - Started process (PID=57964) to work on /home/user/Desktop/airflowproj/py_env/lib/python3.10/site-packages/airflow/example_dags/example_params_trigger_ui.py
[2024-06-18T13:25:49.168+0400] {processor.py:830} INFO - Processing file /home/user/Desktop/airflowproj/py_env/lib/python3.10/site-packages/airflow/example_dags/example_params_trigger_ui.py for tasks to queue
[2024-06-18T13:25:49.169+0400] {logging_mixin.py:188} INFO - [2024-06-18T13:25:49.169+0400] {dagbag.py:545} INFO - Filling up the DagBag from /home/user/Desktop/airflowproj/py_env/lib/python3.10/site-packages/airflow/example_dags/example_params_trigger_ui.py
[2024-06-18T13:25:49.178+0400] {processor.py:840} INFO - DAG(s) 'example_params_trigger_ui' retrieved from /home/user/Desktop/airflowproj/py_env/lib/python3.10/site-packages/airflow/example_dags/example_params_trigger_ui.py
[2024-06-18T13:25:49.197+0400] {logging_mixin.py:188} INFO - [2024-06-18T13:25:49.197+0400] {dag.py:3096} INFO - Sync 1 DAGs
[2024-06-18T13:25:49.202+0400] {logging_mixin.py:188} INFO - [2024-06-18T13:25:49.202+0400] {dag.py:3954} INFO - Setting next_dagrun for example_params_trigger_ui to None, run_after=None
[2024-06-18T13:25:49.215+0400] {processor.py:183} INFO - Processing /home/user/Desktop/airflowproj/py_env/lib/python3.10/site-packages/airflow/example_dags/example_params_trigger_ui.py took 0.054 seconds
[2024-06-18T13:26:47.717+0400] {processor.py:161} INFO - Started process (PID=58166) to work on /home/user/Desktop/airflowproj/py_env/lib/python3.10/site-packages/airflow/example_dags/example_params_trigger_ui.py
[2024-06-18T13:26:47.719+0400] {processor.py:830} INFO - Processing file /home/user/Desktop/airflowproj/py_env/lib/python3.10/site-packages/airflow/example_dags/example_params_trigger_ui.py for tasks to queue
[2024-06-18T13:26:47.720+0400] {logging_mixin.py:188} INFO - [2024-06-18T13:26:47.720+0400] {dagbag.py:545} INFO - Filling up the DagBag from /home/user/Desktop/airflowproj/py_env/lib/python3.10/site-packages/airflow/example_dags/example_params_trigger_ui.py
[2024-06-18T13:26:47.726+0400] {processor.py:840} INFO - DAG(s) 'example_params_trigger_ui' retrieved from /home/user/Desktop/airflowproj/py_env/lib/python3.10/site-packages/airflow/example_dags/example_params_trigger_ui.py
[2024-06-18T13:26:47.746+0400] {logging_mixin.py:188} INFO - [2024-06-18T13:26:47.746+0400] {dag.py:3096} INFO - Sync 1 DAGs
[2024-06-18T13:26:47.752+0400] {logging_mixin.py:188} INFO - [2024-06-18T13:26:47.752+0400] {dag.py:3954} INFO - Setting next_dagrun for example_params_trigger_ui to None, run_after=None
[2024-06-18T13:26:47.766+0400] {processor.py:183} INFO - Processing /home/user/Desktop/airflowproj/py_env/lib/python3.10/site-packages/airflow/example_dags/example_params_trigger_ui.py took 0.052 seconds
[2024-06-18T13:27:45.443+0400] {processor.py:161} INFO - Started process (PID=58406) to work on /home/user/Desktop/airflowproj/py_env/lib/python3.10/site-packages/airflow/example_dags/example_params_trigger_ui.py
[2024-06-18T13:27:45.443+0400] {processor.py:830} INFO - Processing file /home/user/Desktop/airflowproj/py_env/lib/python3.10/site-packages/airflow/example_dags/example_params_trigger_ui.py for tasks to queue
[2024-06-18T13:27:45.444+0400] {logging_mixin.py:188} INFO - [2024-06-18T13:27:45.444+0400] {dagbag.py:545} INFO - Filling up the DagBag from /home/user/Desktop/airflowproj/py_env/lib/python3.10/site-packages/airflow/example_dags/example_params_trigger_ui.py
[2024-06-18T13:27:45.453+0400] {processor.py:840} INFO - DAG(s) 'example_params_trigger_ui' retrieved from /home/user/Desktop/airflowproj/py_env/lib/python3.10/site-packages/airflow/example_dags/example_params_trigger_ui.py
[2024-06-18T13:27:45.471+0400] {logging_mixin.py:188} INFO - [2024-06-18T13:27:45.471+0400] {dag.py:3096} INFO - Sync 1 DAGs
[2024-06-18T13:27:45.476+0400] {logging_mixin.py:188} INFO - [2024-06-18T13:27:45.476+0400] {dag.py:3954} INFO - Setting next_dagrun for example_params_trigger_ui to None, run_after=None
[2024-06-18T13:27:45.491+0400] {processor.py:183} INFO - Processing /home/user/Desktop/airflowproj/py_env/lib/python3.10/site-packages/airflow/example_dags/example_params_trigger_ui.py took 0.053 seconds
[2024-06-18T13:28:43.049+0400] {processor.py:161} INFO - Started process (PID=58593) to work on /home/user/Desktop/airflowproj/py_env/lib/python3.10/site-packages/airflow/example_dags/example_params_trigger_ui.py
[2024-06-18T13:28:43.051+0400] {processor.py:830} INFO - Processing file /home/user/Desktop/airflowproj/py_env/lib/python3.10/site-packages/airflow/example_dags/example_params_trigger_ui.py for tasks to queue
[2024-06-18T13:28:43.053+0400] {logging_mixin.py:188} INFO - [2024-06-18T13:28:43.052+0400] {dagbag.py:545} INFO - Filling up the DagBag from /home/user/Desktop/airflowproj/py_env/lib/python3.10/site-packages/airflow/example_dags/example_params_trigger_ui.py
[2024-06-18T13:28:43.061+0400] {processor.py:840} INFO - DAG(s) 'example_params_trigger_ui' retrieved from /home/user/Desktop/airflowproj/py_env/lib/python3.10/site-packages/airflow/example_dags/example_params_trigger_ui.py
[2024-06-18T13:28:43.079+0400] {logging_mixin.py:188} INFO - [2024-06-18T13:28:43.079+0400] {dag.py:3096} INFO - Sync 1 DAGs
[2024-06-18T13:28:43.084+0400] {logging_mixin.py:188} INFO - [2024-06-18T13:28:43.084+0400] {dag.py:3954} INFO - Setting next_dagrun for example_params_trigger_ui to None, run_after=None
[2024-06-18T13:28:43.098+0400] {processor.py:183} INFO - Processing /home/user/Desktop/airflowproj/py_env/lib/python3.10/site-packages/airflow/example_dags/example_params_trigger_ui.py took 0.054 seconds
[2024-06-18T13:29:38.784+0400] {processor.py:161} INFO - Started process (PID=58796) to work on /home/user/Desktop/airflowproj/py_env/lib/python3.10/site-packages/airflow/example_dags/example_params_trigger_ui.py
[2024-06-18T13:29:38.786+0400] {processor.py:830} INFO - Processing file /home/user/Desktop/airflowproj/py_env/lib/python3.10/site-packages/airflow/example_dags/example_params_trigger_ui.py for tasks to queue
[2024-06-18T13:29:38.787+0400] {logging_mixin.py:188} INFO - [2024-06-18T13:29:38.787+0400] {dagbag.py:545} INFO - Filling up the DagBag from /home/user/Desktop/airflowproj/py_env/lib/python3.10/site-packages/airflow/example_dags/example_params_trigger_ui.py
[2024-06-18T13:29:38.794+0400] {processor.py:840} INFO - DAG(s) 'example_params_trigger_ui' retrieved from /home/user/Desktop/airflowproj/py_env/lib/python3.10/site-packages/airflow/example_dags/example_params_trigger_ui.py
[2024-06-18T13:29:38.813+0400] {logging_mixin.py:188} INFO - [2024-06-18T13:29:38.813+0400] {dag.py:3096} INFO - Sync 1 DAGs
[2024-06-18T13:29:38.818+0400] {logging_mixin.py:188} INFO - [2024-06-18T13:29:38.818+0400] {dag.py:3954} INFO - Setting next_dagrun for example_params_trigger_ui to None, run_after=None
[2024-06-18T13:29:38.831+0400] {processor.py:183} INFO - Processing /home/user/Desktop/airflowproj/py_env/lib/python3.10/site-packages/airflow/example_dags/example_params_trigger_ui.py took 0.051 seconds
[2024-06-18T13:30:38.028+0400] {processor.py:161} INFO - Started process (PID=59083) to work on /home/user/Desktop/airflowproj/py_env/lib/python3.10/site-packages/airflow/example_dags/example_params_trigger_ui.py
[2024-06-18T13:30:38.031+0400] {processor.py:830} INFO - Processing file /home/user/Desktop/airflowproj/py_env/lib/python3.10/site-packages/airflow/example_dags/example_params_trigger_ui.py for tasks to queue
[2024-06-18T13:30:38.032+0400] {logging_mixin.py:188} INFO - [2024-06-18T13:30:38.032+0400] {dagbag.py:545} INFO - Filling up the DagBag from /home/user/Desktop/airflowproj/py_env/lib/python3.10/site-packages/airflow/example_dags/example_params_trigger_ui.py
[2024-06-18T13:30:38.045+0400] {processor.py:840} INFO - DAG(s) 'example_params_trigger_ui' retrieved from /home/user/Desktop/airflowproj/py_env/lib/python3.10/site-packages/airflow/example_dags/example_params_trigger_ui.py
[2024-06-18T13:30:38.064+0400] {logging_mixin.py:188} INFO - [2024-06-18T13:30:38.064+0400] {dag.py:3096} INFO - Sync 1 DAGs
[2024-06-18T13:30:38.069+0400] {logging_mixin.py:188} INFO - [2024-06-18T13:30:38.069+0400] {dag.py:3954} INFO - Setting next_dagrun for example_params_trigger_ui to None, run_after=None
[2024-06-18T13:30:38.083+0400] {processor.py:183} INFO - Processing /home/user/Desktop/airflowproj/py_env/lib/python3.10/site-packages/airflow/example_dags/example_params_trigger_ui.py took 0.059 seconds
[2024-06-18T13:31:37.696+0400] {processor.py:161} INFO - Started process (PID=59328) to work on /home/user/Desktop/airflowproj/py_env/lib/python3.10/site-packages/airflow/example_dags/example_params_trigger_ui.py
[2024-06-18T13:31:37.699+0400] {processor.py:830} INFO - Processing file /home/user/Desktop/airflowproj/py_env/lib/python3.10/site-packages/airflow/example_dags/example_params_trigger_ui.py for tasks to queue
[2024-06-18T13:31:37.700+0400] {logging_mixin.py:188} INFO - [2024-06-18T13:31:37.699+0400] {dagbag.py:545} INFO - Filling up the DagBag from /home/user/Desktop/airflowproj/py_env/lib/python3.10/site-packages/airflow/example_dags/example_params_trigger_ui.py
[2024-06-18T13:31:37.706+0400] {processor.py:840} INFO - DAG(s) 'example_params_trigger_ui' retrieved from /home/user/Desktop/airflowproj/py_env/lib/python3.10/site-packages/airflow/example_dags/example_params_trigger_ui.py
[2024-06-18T13:31:37.730+0400] {logging_mixin.py:188} INFO - [2024-06-18T13:31:37.730+0400] {dag.py:3096} INFO - Sync 1 DAGs
[2024-06-18T13:31:37.738+0400] {logging_mixin.py:188} INFO - [2024-06-18T13:31:37.738+0400] {dag.py:3954} INFO - Setting next_dagrun for example_params_trigger_ui to None, run_after=None
[2024-06-18T13:31:37.755+0400] {processor.py:183} INFO - Processing /home/user/Desktop/airflowproj/py_env/lib/python3.10/site-packages/airflow/example_dags/example_params_trigger_ui.py took 0.062 seconds
