[2024-06-18T12:40:44.283+0400] {processor.py:161} INFO - Started process (PID=45734) to work on /home/user/Desktop/airflowproj/py_env/lib/python3.10/site-packages/airflow/example_dags/example_sla_dag.py
[2024-06-18T12:40:44.284+0400] {processor.py:830} INFO - Processing file /home/user/Desktop/airflowproj/py_env/lib/python3.10/site-packages/airflow/example_dags/example_sla_dag.py for tasks to queue
[2024-06-18T12:40:44.286+0400] {logging_mixin.py:188} INFO - [2024-06-18T12:40:44.285+0400] {dagbag.py:545} INFO - Filling up the DagBag from /home/user/Desktop/airflowproj/py_env/lib/python3.10/site-packages/airflow/example_dags/example_sla_dag.py
[2024-06-18T12:40:44.290+0400] {processor.py:840} INFO - DAG(s) 'example_sla_dag' retrieved from /home/user/Desktop/airflowproj/py_env/lib/python3.10/site-packages/airflow/example_dags/example_sla_dag.py
[2024-06-18T12:40:44.341+0400] {logging_mixin.py:188} INFO - [2024-06-18T12:40:44.341+0400] {override.py:1829} INFO - Created Permission View: can edit on DAG:example_sla_dag
[2024-06-18T12:40:44.349+0400] {logging_mixin.py:188} INFO - [2024-06-18T12:40:44.349+0400] {override.py:1829} INFO - Created Permission View: can read on DAG:example_sla_dag
[2024-06-18T12:40:44.356+0400] {logging_mixin.py:188} INFO - [2024-06-18T12:40:44.356+0400] {override.py:1829} INFO - Created Permission View: can delete on DAG:example_sla_dag
[2024-06-18T12:40:44.357+0400] {logging_mixin.py:188} INFO - [2024-06-18T12:40:44.357+0400] {dag.py:3096} INFO - Sync 1 DAGs
[2024-06-18T12:40:44.403+0400] {logging_mixin.py:188} INFO - [2024-06-18T12:40:44.403+0400] {dag.py:3118} INFO - Creating ORM DAG for example_sla_dag
[2024-06-18T12:40:44.408+0400] {logging_mixin.py:188} INFO - [2024-06-18T12:40:44.408+0400] {dag.py:3954} INFO - Setting next_dagrun for example_sla_dag to 2024-06-18 08:38:00+00:00, run_after=2024-06-18 08:40:00+00:00
[2024-06-18T12:40:44.421+0400] {processor.py:183} INFO - Processing /home/user/Desktop/airflowproj/py_env/lib/python3.10/site-packages/airflow/example_dags/example_sla_dag.py took 0.143 seconds
[2024-06-18T12:43:18.611+0400] {processor.py:161} INFO - Started process (PID=46678) to work on /home/user/Desktop/airflowproj/py_env/lib/python3.10/site-packages/airflow/example_dags/example_sla_dag.py
[2024-06-18T12:43:18.612+0400] {processor.py:830} INFO - Processing file /home/user/Desktop/airflowproj/py_env/lib/python3.10/site-packages/airflow/example_dags/example_sla_dag.py for tasks to queue
[2024-06-18T12:43:18.613+0400] {logging_mixin.py:188} INFO - [2024-06-18T12:43:18.613+0400] {dagbag.py:545} INFO - Filling up the DagBag from /home/user/Desktop/airflowproj/py_env/lib/python3.10/site-packages/airflow/example_dags/example_sla_dag.py
[2024-06-18T12:43:18.617+0400] {processor.py:840} INFO - DAG(s) 'example_sla_dag' retrieved from /home/user/Desktop/airflowproj/py_env/lib/python3.10/site-packages/airflow/example_dags/example_sla_dag.py
[2024-06-18T12:43:18.628+0400] {logging_mixin.py:188} INFO - [2024-06-18T12:43:18.628+0400] {dag.py:3096} INFO - Sync 1 DAGs
[2024-06-18T12:43:18.639+0400] {logging_mixin.py:188} INFO - [2024-06-18T12:43:18.639+0400] {dag.py:3954} INFO - Setting next_dagrun for example_sla_dag to 2024-06-18 08:40:00+00:00, run_after=2024-06-18 08:42:00+00:00
[2024-06-18T12:43:18.653+0400] {processor.py:183} INFO - Processing /home/user/Desktop/airflowproj/py_env/lib/python3.10/site-packages/airflow/example_dags/example_sla_dag.py took 0.045 seconds
[2024-06-18T12:44:10.183+0400] {processor.py:161} INFO - Started process (PID=46788) to work on /home/user/Desktop/airflowproj/py_env/lib/python3.10/site-packages/airflow/example_dags/example_sla_dag.py
[2024-06-18T12:44:10.185+0400] {processor.py:830} INFO - Processing file /home/user/Desktop/airflowproj/py_env/lib/python3.10/site-packages/airflow/example_dags/example_sla_dag.py for tasks to queue
[2024-06-18T12:44:10.186+0400] {logging_mixin.py:188} INFO - [2024-06-18T12:44:10.186+0400] {dagbag.py:545} INFO - Filling up the DagBag from /home/user/Desktop/airflowproj/py_env/lib/python3.10/site-packages/airflow/example_dags/example_sla_dag.py
[2024-06-18T12:44:10.191+0400] {processor.py:840} INFO - DAG(s) 'example_sla_dag' retrieved from /home/user/Desktop/airflowproj/py_env/lib/python3.10/site-packages/airflow/example_dags/example_sla_dag.py
[2024-06-18T12:44:10.198+0400] {logging_mixin.py:188} INFO - [2024-06-18T12:44:10.197+0400] {dag.py:3096} INFO - Sync 1 DAGs
[2024-06-18T12:44:10.207+0400] {logging_mixin.py:188} INFO - [2024-06-18T12:44:10.207+0400] {dag.py:3954} INFO - Setting next_dagrun for example_sla_dag to 2024-06-18 08:42:00+00:00, run_after=2024-06-18 08:44:00+00:00
[2024-06-18T12:44:10.221+0400] {processor.py:183} INFO - Processing /home/user/Desktop/airflowproj/py_env/lib/python3.10/site-packages/airflow/example_dags/example_sla_dag.py took 0.042 seconds
[2024-06-18T12:45:13.094+0400] {processor.py:161} INFO - Started process (PID=46995) to work on /home/user/Desktop/airflowproj/py_env/lib/python3.10/site-packages/airflow/example_dags/example_sla_dag.py
[2024-06-18T12:45:13.096+0400] {processor.py:830} INFO - Processing file /home/user/Desktop/airflowproj/py_env/lib/python3.10/site-packages/airflow/example_dags/example_sla_dag.py for tasks to queue
[2024-06-18T12:45:13.097+0400] {logging_mixin.py:188} INFO - [2024-06-18T12:45:13.097+0400] {dagbag.py:545} INFO - Filling up the DagBag from /home/user/Desktop/airflowproj/py_env/lib/python3.10/site-packages/airflow/example_dags/example_sla_dag.py
[2024-06-18T12:45:13.105+0400] {processor.py:840} INFO - DAG(s) 'example_sla_dag' retrieved from /home/user/Desktop/airflowproj/py_env/lib/python3.10/site-packages/airflow/example_dags/example_sla_dag.py
[2024-06-18T12:45:13.115+0400] {logging_mixin.py:188} INFO - [2024-06-18T12:45:13.114+0400] {dag.py:3096} INFO - Sync 1 DAGs
[2024-06-18T12:45:13.126+0400] {logging_mixin.py:188} INFO - [2024-06-18T12:45:13.126+0400] {dag.py:3954} INFO - Setting next_dagrun for example_sla_dag to 2024-06-18 08:42:00+00:00, run_after=2024-06-18 08:44:00+00:00
[2024-06-18T12:45:13.144+0400] {processor.py:183} INFO - Processing /home/user/Desktop/airflowproj/py_env/lib/python3.10/site-packages/airflow/example_dags/example_sla_dag.py took 0.055 seconds
[2024-06-18T12:46:12.493+0400] {processor.py:161} INFO - Started process (PID=47124) to work on /home/user/Desktop/airflowproj/py_env/lib/python3.10/site-packages/airflow/example_dags/example_sla_dag.py
[2024-06-18T12:46:12.494+0400] {processor.py:830} INFO - Processing file /home/user/Desktop/airflowproj/py_env/lib/python3.10/site-packages/airflow/example_dags/example_sla_dag.py for tasks to queue
[2024-06-18T12:46:12.495+0400] {logging_mixin.py:188} INFO - [2024-06-18T12:46:12.495+0400] {dagbag.py:545} INFO - Filling up the DagBag from /home/user/Desktop/airflowproj/py_env/lib/python3.10/site-packages/airflow/example_dags/example_sla_dag.py
[2024-06-18T12:46:12.499+0400] {processor.py:840} INFO - DAG(s) 'example_sla_dag' retrieved from /home/user/Desktop/airflowproj/py_env/lib/python3.10/site-packages/airflow/example_dags/example_sla_dag.py
[2024-06-18T12:46:12.507+0400] {logging_mixin.py:188} INFO - [2024-06-18T12:46:12.507+0400] {dag.py:3096} INFO - Sync 1 DAGs
[2024-06-18T12:46:12.520+0400] {logging_mixin.py:188} INFO - [2024-06-18T12:46:12.520+0400] {dag.py:3954} INFO - Setting next_dagrun for example_sla_dag to 2024-06-18 08:44:00+00:00, run_after=2024-06-18 08:46:00+00:00
[2024-06-18T12:46:12.534+0400] {processor.py:183} INFO - Processing /home/user/Desktop/airflowproj/py_env/lib/python3.10/site-packages/airflow/example_dags/example_sla_dag.py took 0.046 seconds
[2024-06-18T12:47:10.183+0400] {processor.py:161} INFO - Started process (PID=47885) to work on /home/user/Desktop/airflowproj/py_env/lib/python3.10/site-packages/airflow/example_dags/example_sla_dag.py
[2024-06-18T12:47:10.185+0400] {processor.py:830} INFO - Processing file /home/user/Desktop/airflowproj/py_env/lib/python3.10/site-packages/airflow/example_dags/example_sla_dag.py for tasks to queue
[2024-06-18T12:47:10.185+0400] {logging_mixin.py:188} INFO - [2024-06-18T12:47:10.185+0400] {dagbag.py:545} INFO - Filling up the DagBag from /home/user/Desktop/airflowproj/py_env/lib/python3.10/site-packages/airflow/example_dags/example_sla_dag.py
[2024-06-18T12:47:10.190+0400] {processor.py:840} INFO - DAG(s) 'example_sla_dag' retrieved from /home/user/Desktop/airflowproj/py_env/lib/python3.10/site-packages/airflow/example_dags/example_sla_dag.py
[2024-06-18T12:47:10.198+0400] {logging_mixin.py:188} INFO - [2024-06-18T12:47:10.197+0400] {dag.py:3096} INFO - Sync 1 DAGs
[2024-06-18T12:47:10.208+0400] {logging_mixin.py:188} INFO - [2024-06-18T12:47:10.208+0400] {dag.py:3954} INFO - Setting next_dagrun for example_sla_dag to 2024-06-18 08:44:00+00:00, run_after=2024-06-18 08:46:00+00:00
[2024-06-18T12:47:10.225+0400] {processor.py:183} INFO - Processing /home/user/Desktop/airflowproj/py_env/lib/python3.10/site-packages/airflow/example_dags/example_sla_dag.py took 0.046 seconds
[2024-06-18T12:48:08.909+0400] {processor.py:161} INFO - Started process (PID=48210) to work on /home/user/Desktop/airflowproj/py_env/lib/python3.10/site-packages/airflow/example_dags/example_sla_dag.py
[2024-06-18T12:48:08.911+0400] {processor.py:830} INFO - Processing file /home/user/Desktop/airflowproj/py_env/lib/python3.10/site-packages/airflow/example_dags/example_sla_dag.py for tasks to queue
[2024-06-18T12:48:08.911+0400] {logging_mixin.py:188} INFO - [2024-06-18T12:48:08.911+0400] {dagbag.py:545} INFO - Filling up the DagBag from /home/user/Desktop/airflowproj/py_env/lib/python3.10/site-packages/airflow/example_dags/example_sla_dag.py
[2024-06-18T12:48:08.916+0400] {processor.py:840} INFO - DAG(s) 'example_sla_dag' retrieved from /home/user/Desktop/airflowproj/py_env/lib/python3.10/site-packages/airflow/example_dags/example_sla_dag.py
[2024-06-18T12:48:08.924+0400] {logging_mixin.py:188} INFO - [2024-06-18T12:48:08.924+0400] {dag.py:3096} INFO - Sync 1 DAGs
[2024-06-18T12:48:08.935+0400] {logging_mixin.py:188} INFO - [2024-06-18T12:48:08.935+0400] {dag.py:3954} INFO - Setting next_dagrun for example_sla_dag to 2024-06-18 08:46:00+00:00, run_after=2024-06-18 08:48:00+00:00
[2024-06-18T12:48:08.950+0400] {processor.py:183} INFO - Processing /home/user/Desktop/airflowproj/py_env/lib/python3.10/site-packages/airflow/example_dags/example_sla_dag.py took 0.045 seconds
[2024-06-18T12:49:00.303+0400] {processor.py:161} INFO - Started process (PID=48577) to work on /home/user/Desktop/airflowproj/py_env/lib/python3.10/site-packages/airflow/example_dags/example_sla_dag.py
[2024-06-18T12:49:00.305+0400] {processor.py:830} INFO - Processing file /home/user/Desktop/airflowproj/py_env/lib/python3.10/site-packages/airflow/example_dags/example_sla_dag.py for tasks to queue
[2024-06-18T12:49:00.307+0400] {logging_mixin.py:188} INFO - [2024-06-18T12:49:00.306+0400] {dagbag.py:545} INFO - Filling up the DagBag from /home/user/Desktop/airflowproj/py_env/lib/python3.10/site-packages/airflow/example_dags/example_sla_dag.py
[2024-06-18T12:49:00.311+0400] {processor.py:840} INFO - DAG(s) 'example_sla_dag' retrieved from /home/user/Desktop/airflowproj/py_env/lib/python3.10/site-packages/airflow/example_dags/example_sla_dag.py
[2024-06-18T12:49:00.320+0400] {logging_mixin.py:188} INFO - [2024-06-18T12:49:00.320+0400] {dag.py:3096} INFO - Sync 1 DAGs
[2024-06-18T12:49:00.331+0400] {logging_mixin.py:188} INFO - [2024-06-18T12:49:00.331+0400] {dag.py:3954} INFO - Setting next_dagrun for example_sla_dag to 2024-06-18 08:46:00+00:00, run_after=2024-06-18 08:48:00+00:00
[2024-06-18T12:49:00.346+0400] {processor.py:183} INFO - Processing /home/user/Desktop/airflowproj/py_env/lib/python3.10/site-packages/airflow/example_dags/example_sla_dag.py took 0.046 seconds
[2024-06-18T12:49:58.620+0400] {processor.py:161} INFO - Started process (PID=48721) to work on /home/user/Desktop/airflowproj/py_env/lib/python3.10/site-packages/airflow/example_dags/example_sla_dag.py
[2024-06-18T12:49:58.621+0400] {processor.py:830} INFO - Processing file /home/user/Desktop/airflowproj/py_env/lib/python3.10/site-packages/airflow/example_dags/example_sla_dag.py for tasks to queue
[2024-06-18T12:49:58.623+0400] {logging_mixin.py:188} INFO - [2024-06-18T12:49:58.623+0400] {dagbag.py:545} INFO - Filling up the DagBag from /home/user/Desktop/airflowproj/py_env/lib/python3.10/site-packages/airflow/example_dags/example_sla_dag.py
[2024-06-18T12:49:58.628+0400] {processor.py:840} INFO - DAG(s) 'example_sla_dag' retrieved from /home/user/Desktop/airflowproj/py_env/lib/python3.10/site-packages/airflow/example_dags/example_sla_dag.py
[2024-06-18T12:49:58.637+0400] {logging_mixin.py:188} INFO - [2024-06-18T12:49:58.637+0400] {dag.py:3096} INFO - Sync 1 DAGs
[2024-06-18T12:49:58.648+0400] {logging_mixin.py:188} INFO - [2024-06-18T12:49:58.648+0400] {dag.py:3954} INFO - Setting next_dagrun for example_sla_dag to 2024-06-18 08:46:00+00:00, run_after=2024-06-18 08:48:00+00:00
[2024-06-18T12:49:58.664+0400] {processor.py:183} INFO - Processing /home/user/Desktop/airflowproj/py_env/lib/python3.10/site-packages/airflow/example_dags/example_sla_dag.py took 0.048 seconds
[2024-06-18T12:50:59.288+0400] {processor.py:161} INFO - Started process (PID=48897) to work on /home/user/Desktop/airflowproj/py_env/lib/python3.10/site-packages/airflow/example_dags/example_sla_dag.py
[2024-06-18T12:50:59.291+0400] {processor.py:830} INFO - Processing file /home/user/Desktop/airflowproj/py_env/lib/python3.10/site-packages/airflow/example_dags/example_sla_dag.py for tasks to queue
[2024-06-18T12:50:59.292+0400] {logging_mixin.py:188} INFO - [2024-06-18T12:50:59.291+0400] {dagbag.py:545} INFO - Filling up the DagBag from /home/user/Desktop/airflowproj/py_env/lib/python3.10/site-packages/airflow/example_dags/example_sla_dag.py
[2024-06-18T12:50:59.297+0400] {processor.py:840} INFO - DAG(s) 'example_sla_dag' retrieved from /home/user/Desktop/airflowproj/py_env/lib/python3.10/site-packages/airflow/example_dags/example_sla_dag.py
[2024-06-18T12:50:59.309+0400] {logging_mixin.py:188} INFO - [2024-06-18T12:50:59.309+0400] {dag.py:3096} INFO - Sync 1 DAGs
[2024-06-18T12:50:59.320+0400] {logging_mixin.py:188} INFO - [2024-06-18T12:50:59.320+0400] {dag.py:3954} INFO - Setting next_dagrun for example_sla_dag to 2024-06-18 08:48:00+00:00, run_after=2024-06-18 08:50:00+00:00
[2024-06-18T12:50:59.335+0400] {processor.py:183} INFO - Processing /home/user/Desktop/airflowproj/py_env/lib/python3.10/site-packages/airflow/example_dags/example_sla_dag.py took 0.052 seconds
[2024-06-18T12:51:57.571+0400] {processor.py:161} INFO - Started process (PID=49136) to work on /home/user/Desktop/airflowproj/py_env/lib/python3.10/site-packages/airflow/example_dags/example_sla_dag.py
[2024-06-18T12:51:57.571+0400] {processor.py:830} INFO - Processing file /home/user/Desktop/airflowproj/py_env/lib/python3.10/site-packages/airflow/example_dags/example_sla_dag.py for tasks to queue
[2024-06-18T12:51:57.573+0400] {logging_mixin.py:188} INFO - [2024-06-18T12:51:57.572+0400] {dagbag.py:545} INFO - Filling up the DagBag from /home/user/Desktop/airflowproj/py_env/lib/python3.10/site-packages/airflow/example_dags/example_sla_dag.py
[2024-06-18T12:51:57.579+0400] {processor.py:840} INFO - DAG(s) 'example_sla_dag' retrieved from /home/user/Desktop/airflowproj/py_env/lib/python3.10/site-packages/airflow/example_dags/example_sla_dag.py
[2024-06-18T12:51:57.586+0400] {logging_mixin.py:188} INFO - [2024-06-18T12:51:57.586+0400] {dag.py:3096} INFO - Sync 1 DAGs
[2024-06-18T12:51:57.597+0400] {logging_mixin.py:188} INFO - [2024-06-18T12:51:57.597+0400] {dag.py:3954} INFO - Setting next_dagrun for example_sla_dag to 2024-06-18 08:48:00+00:00, run_after=2024-06-18 08:50:00+00:00
[2024-06-18T12:51:57.611+0400] {processor.py:183} INFO - Processing /home/user/Desktop/airflowproj/py_env/lib/python3.10/site-packages/airflow/example_dags/example_sla_dag.py took 0.045 seconds
[2024-06-18T12:52:55.465+0400] {processor.py:161} INFO - Started process (PID=49318) to work on /home/user/Desktop/airflowproj/py_env/lib/python3.10/site-packages/airflow/example_dags/example_sla_dag.py
[2024-06-18T12:52:55.465+0400] {processor.py:830} INFO - Processing file /home/user/Desktop/airflowproj/py_env/lib/python3.10/site-packages/airflow/example_dags/example_sla_dag.py for tasks to queue
[2024-06-18T12:52:55.466+0400] {logging_mixin.py:188} INFO - [2024-06-18T12:52:55.466+0400] {dagbag.py:545} INFO - Filling up the DagBag from /home/user/Desktop/airflowproj/py_env/lib/python3.10/site-packages/airflow/example_dags/example_sla_dag.py
[2024-06-18T12:52:55.471+0400] {processor.py:840} INFO - DAG(s) 'example_sla_dag' retrieved from /home/user/Desktop/airflowproj/py_env/lib/python3.10/site-packages/airflow/example_dags/example_sla_dag.py
[2024-06-18T12:52:55.481+0400] {logging_mixin.py:188} INFO - [2024-06-18T12:52:55.481+0400] {dag.py:3096} INFO - Sync 1 DAGs
[2024-06-18T12:52:55.496+0400] {logging_mixin.py:188} INFO - [2024-06-18T12:52:55.495+0400] {dag.py:3954} INFO - Setting next_dagrun for example_sla_dag to 2024-06-18 08:50:00+00:00, run_after=2024-06-18 08:52:00+00:00
[2024-06-18T12:52:55.512+0400] {processor.py:183} INFO - Processing /home/user/Desktop/airflowproj/py_env/lib/python3.10/site-packages/airflow/example_dags/example_sla_dag.py took 0.052 seconds
[2024-06-18T12:53:54.729+0400] {processor.py:161} INFO - Started process (PID=49616) to work on /home/user/Desktop/airflowproj/py_env/lib/python3.10/site-packages/airflow/example_dags/example_sla_dag.py
[2024-06-18T12:53:54.731+0400] {processor.py:830} INFO - Processing file /home/user/Desktop/airflowproj/py_env/lib/python3.10/site-packages/airflow/example_dags/example_sla_dag.py for tasks to queue
[2024-06-18T12:53:54.732+0400] {logging_mixin.py:188} INFO - [2024-06-18T12:53:54.732+0400] {dagbag.py:545} INFO - Filling up the DagBag from /home/user/Desktop/airflowproj/py_env/lib/python3.10/site-packages/airflow/example_dags/example_sla_dag.py
[2024-06-18T12:53:54.737+0400] {processor.py:840} INFO - DAG(s) 'example_sla_dag' retrieved from /home/user/Desktop/airflowproj/py_env/lib/python3.10/site-packages/airflow/example_dags/example_sla_dag.py
[2024-06-18T12:53:54.746+0400] {logging_mixin.py:188} INFO - [2024-06-18T12:53:54.746+0400] {dag.py:3096} INFO - Sync 1 DAGs
[2024-06-18T12:53:54.766+0400] {logging_mixin.py:188} INFO - [2024-06-18T12:53:54.765+0400] {dag.py:3954} INFO - Setting next_dagrun for example_sla_dag to 2024-06-18 08:50:00+00:00, run_after=2024-06-18 08:52:00+00:00
[2024-06-18T12:53:54.779+0400] {processor.py:183} INFO - Processing /home/user/Desktop/airflowproj/py_env/lib/python3.10/site-packages/airflow/example_dags/example_sla_dag.py took 0.055 seconds
[2024-06-18T12:54:51.289+0400] {processor.py:161} INFO - Started process (PID=49745) to work on /home/user/Desktop/airflowproj/py_env/lib/python3.10/site-packages/airflow/example_dags/example_sla_dag.py
[2024-06-18T12:54:51.291+0400] {processor.py:830} INFO - Processing file /home/user/Desktop/airflowproj/py_env/lib/python3.10/site-packages/airflow/example_dags/example_sla_dag.py for tasks to queue
[2024-06-18T12:54:51.292+0400] {logging_mixin.py:188} INFO - [2024-06-18T12:54:51.292+0400] {dagbag.py:545} INFO - Filling up the DagBag from /home/user/Desktop/airflowproj/py_env/lib/python3.10/site-packages/airflow/example_dags/example_sla_dag.py
[2024-06-18T12:54:51.297+0400] {processor.py:840} INFO - DAG(s) 'example_sla_dag' retrieved from /home/user/Desktop/airflowproj/py_env/lib/python3.10/site-packages/airflow/example_dags/example_sla_dag.py
[2024-06-18T12:54:51.304+0400] {logging_mixin.py:188} INFO - [2024-06-18T12:54:51.304+0400] {dag.py:3096} INFO - Sync 1 DAGs
[2024-06-18T12:54:51.315+0400] {logging_mixin.py:188} INFO - [2024-06-18T12:54:51.315+0400] {dag.py:3954} INFO - Setting next_dagrun for example_sla_dag to 2024-06-18 08:52:00+00:00, run_after=2024-06-18 08:54:00+00:00
[2024-06-18T12:54:51.329+0400] {processor.py:183} INFO - Processing /home/user/Desktop/airflowproj/py_env/lib/python3.10/site-packages/airflow/example_dags/example_sla_dag.py took 0.045 seconds
[2024-06-18T12:55:49.652+0400] {processor.py:161} INFO - Started process (PID=50082) to work on /home/user/Desktop/airflowproj/py_env/lib/python3.10/site-packages/airflow/example_dags/example_sla_dag.py
[2024-06-18T12:55:49.654+0400] {processor.py:830} INFO - Processing file /home/user/Desktop/airflowproj/py_env/lib/python3.10/site-packages/airflow/example_dags/example_sla_dag.py for tasks to queue
[2024-06-18T12:55:49.656+0400] {logging_mixin.py:188} INFO - [2024-06-18T12:55:49.655+0400] {dagbag.py:545} INFO - Filling up the DagBag from /home/user/Desktop/airflowproj/py_env/lib/python3.10/site-packages/airflow/example_dags/example_sla_dag.py
[2024-06-18T12:55:49.660+0400] {processor.py:840} INFO - DAG(s) 'example_sla_dag' retrieved from /home/user/Desktop/airflowproj/py_env/lib/python3.10/site-packages/airflow/example_dags/example_sla_dag.py
[2024-06-18T12:55:49.667+0400] {logging_mixin.py:188} INFO - [2024-06-18T12:55:49.667+0400] {dag.py:3096} INFO - Sync 1 DAGs
[2024-06-18T12:55:49.676+0400] {logging_mixin.py:188} INFO - [2024-06-18T12:55:49.676+0400] {dag.py:3954} INFO - Setting next_dagrun for example_sla_dag to 2024-06-18 08:52:00+00:00, run_after=2024-06-18 08:54:00+00:00
[2024-06-18T12:55:49.690+0400] {processor.py:183} INFO - Processing /home/user/Desktop/airflowproj/py_env/lib/python3.10/site-packages/airflow/example_dags/example_sla_dag.py took 0.042 seconds
[2024-06-18T12:56:48.452+0400] {processor.py:161} INFO - Started process (PID=50310) to work on /home/user/Desktop/airflowproj/py_env/lib/python3.10/site-packages/airflow/example_dags/example_sla_dag.py
[2024-06-18T12:56:48.454+0400] {processor.py:830} INFO - Processing file /home/user/Desktop/airflowproj/py_env/lib/python3.10/site-packages/airflow/example_dags/example_sla_dag.py for tasks to queue
[2024-06-18T12:56:48.455+0400] {logging_mixin.py:188} INFO - [2024-06-18T12:56:48.455+0400] {dagbag.py:545} INFO - Filling up the DagBag from /home/user/Desktop/airflowproj/py_env/lib/python3.10/site-packages/airflow/example_dags/example_sla_dag.py
[2024-06-18T12:56:48.461+0400] {processor.py:840} INFO - DAG(s) 'example_sla_dag' retrieved from /home/user/Desktop/airflowproj/py_env/lib/python3.10/site-packages/airflow/example_dags/example_sla_dag.py
[2024-06-18T12:56:48.474+0400] {logging_mixin.py:188} INFO - [2024-06-18T12:56:48.474+0400] {dag.py:3096} INFO - Sync 1 DAGs
[2024-06-18T12:56:48.488+0400] {logging_mixin.py:188} INFO - [2024-06-18T12:56:48.488+0400] {dag.py:3954} INFO - Setting next_dagrun for example_sla_dag to 2024-06-18 08:54:00+00:00, run_after=2024-06-18 08:56:00+00:00
[2024-06-18T12:56:48.505+0400] {processor.py:183} INFO - Processing /home/user/Desktop/airflowproj/py_env/lib/python3.10/site-packages/airflow/example_dags/example_sla_dag.py took 0.057 seconds
[2024-06-18T12:57:49.001+0400] {processor.py:161} INFO - Started process (PID=50569) to work on /home/user/Desktop/airflowproj/py_env/lib/python3.10/site-packages/airflow/example_dags/example_sla_dag.py
[2024-06-18T12:57:49.003+0400] {processor.py:830} INFO - Processing file /home/user/Desktop/airflowproj/py_env/lib/python3.10/site-packages/airflow/example_dags/example_sla_dag.py for tasks to queue
[2024-06-18T12:57:49.004+0400] {logging_mixin.py:188} INFO - [2024-06-18T12:57:49.004+0400] {dagbag.py:545} INFO - Filling up the DagBag from /home/user/Desktop/airflowproj/py_env/lib/python3.10/site-packages/airflow/example_dags/example_sla_dag.py
[2024-06-18T12:57:49.009+0400] {processor.py:840} INFO - DAG(s) 'example_sla_dag' retrieved from /home/user/Desktop/airflowproj/py_env/lib/python3.10/site-packages/airflow/example_dags/example_sla_dag.py
[2024-06-18T12:57:49.015+0400] {logging_mixin.py:188} INFO - [2024-06-18T12:57:49.015+0400] {dag.py:3096} INFO - Sync 1 DAGs
[2024-06-18T12:57:49.024+0400] {logging_mixin.py:188} INFO - [2024-06-18T12:57:49.024+0400] {dag.py:3954} INFO - Setting next_dagrun for example_sla_dag to 2024-06-18 08:54:00+00:00, run_after=2024-06-18 08:56:00+00:00
[2024-06-18T12:57:49.037+0400] {processor.py:183} INFO - Processing /home/user/Desktop/airflowproj/py_env/lib/python3.10/site-packages/airflow/example_dags/example_sla_dag.py took 0.041 seconds
[2024-06-18T12:58:45.550+0400] {processor.py:161} INFO - Started process (PID=51114) to work on /home/user/Desktop/airflowproj/py_env/lib/python3.10/site-packages/airflow/example_dags/example_sla_dag.py
[2024-06-18T12:58:45.552+0400] {processor.py:830} INFO - Processing file /home/user/Desktop/airflowproj/py_env/lib/python3.10/site-packages/airflow/example_dags/example_sla_dag.py for tasks to queue
[2024-06-18T12:58:45.553+0400] {logging_mixin.py:188} INFO - [2024-06-18T12:58:45.553+0400] {dagbag.py:545} INFO - Filling up the DagBag from /home/user/Desktop/airflowproj/py_env/lib/python3.10/site-packages/airflow/example_dags/example_sla_dag.py
[2024-06-18T12:58:45.561+0400] {processor.py:840} INFO - DAG(s) 'example_sla_dag' retrieved from /home/user/Desktop/airflowproj/py_env/lib/python3.10/site-packages/airflow/example_dags/example_sla_dag.py
[2024-06-18T12:58:45.573+0400] {logging_mixin.py:188} INFO - [2024-06-18T12:58:45.572+0400] {dag.py:3096} INFO - Sync 1 DAGs
[2024-06-18T12:58:45.590+0400] {logging_mixin.py:188} INFO - [2024-06-18T12:58:45.590+0400] {dag.py:3954} INFO - Setting next_dagrun for example_sla_dag to 2024-06-18 08:56:00+00:00, run_after=2024-06-18 08:58:00+00:00
[2024-06-18T12:58:45.610+0400] {processor.py:183} INFO - Processing /home/user/Desktop/airflowproj/py_env/lib/python3.10/site-packages/airflow/example_dags/example_sla_dag.py took 0.064 seconds
[2024-06-18T12:59:44.334+0400] {processor.py:161} INFO - Started process (PID=51457) to work on /home/user/Desktop/airflowproj/py_env/lib/python3.10/site-packages/airflow/example_dags/example_sla_dag.py
[2024-06-18T12:59:44.337+0400] {processor.py:830} INFO - Processing file /home/user/Desktop/airflowproj/py_env/lib/python3.10/site-packages/airflow/example_dags/example_sla_dag.py for tasks to queue
[2024-06-18T12:59:44.339+0400] {logging_mixin.py:188} INFO - [2024-06-18T12:59:44.339+0400] {dagbag.py:545} INFO - Filling up the DagBag from /home/user/Desktop/airflowproj/py_env/lib/python3.10/site-packages/airflow/example_dags/example_sla_dag.py
[2024-06-18T12:59:44.348+0400] {processor.py:840} INFO - DAG(s) 'example_sla_dag' retrieved from /home/user/Desktop/airflowproj/py_env/lib/python3.10/site-packages/airflow/example_dags/example_sla_dag.py
[2024-06-18T12:59:44.357+0400] {logging_mixin.py:188} INFO - [2024-06-18T12:59:44.357+0400] {dag.py:3096} INFO - Sync 1 DAGs
[2024-06-18T12:59:44.367+0400] {logging_mixin.py:188} INFO - [2024-06-18T12:59:44.367+0400] {dag.py:3954} INFO - Setting next_dagrun for example_sla_dag to 2024-06-18 08:56:00+00:00, run_after=2024-06-18 08:58:00+00:00
[2024-06-18T12:59:44.380+0400] {processor.py:183} INFO - Processing /home/user/Desktop/airflowproj/py_env/lib/python3.10/site-packages/airflow/example_dags/example_sla_dag.py took 0.049 seconds
[2024-06-18T13:00:38.532+0400] {processor.py:161} INFO - Started process (PID=51826) to work on /home/user/Desktop/airflowproj/py_env/lib/python3.10/site-packages/airflow/example_dags/example_sla_dag.py
[2024-06-18T13:00:38.532+0400] {processor.py:830} INFO - Processing file /home/user/Desktop/airflowproj/py_env/lib/python3.10/site-packages/airflow/example_dags/example_sla_dag.py for tasks to queue
[2024-06-18T13:00:38.533+0400] {logging_mixin.py:188} INFO - [2024-06-18T13:00:38.533+0400] {dagbag.py:545} INFO - Filling up the DagBag from /home/user/Desktop/airflowproj/py_env/lib/python3.10/site-packages/airflow/example_dags/example_sla_dag.py
[2024-06-18T13:00:38.539+0400] {processor.py:840} INFO - DAG(s) 'example_sla_dag' retrieved from /home/user/Desktop/airflowproj/py_env/lib/python3.10/site-packages/airflow/example_dags/example_sla_dag.py
[2024-06-18T13:00:38.546+0400] {logging_mixin.py:188} INFO - [2024-06-18T13:00:38.546+0400] {dag.py:3096} INFO - Sync 1 DAGs
[2024-06-18T13:00:38.557+0400] {logging_mixin.py:188} INFO - [2024-06-18T13:00:38.557+0400] {dag.py:3954} INFO - Setting next_dagrun for example_sla_dag to 2024-06-18 08:58:00+00:00, run_after=2024-06-18 09:00:00+00:00
[2024-06-18T13:00:38.572+0400] {processor.py:183} INFO - Processing /home/user/Desktop/airflowproj/py_env/lib/python3.10/site-packages/airflow/example_dags/example_sla_dag.py took 0.046 seconds
[2024-06-18T13:01:38.614+0400] {processor.py:161} INFO - Started process (PID=52184) to work on /home/user/Desktop/airflowproj/py_env/lib/python3.10/site-packages/airflow/example_dags/example_sla_dag.py
[2024-06-18T13:01:38.617+0400] {processor.py:830} INFO - Processing file /home/user/Desktop/airflowproj/py_env/lib/python3.10/site-packages/airflow/example_dags/example_sla_dag.py for tasks to queue
[2024-06-18T13:01:38.619+0400] {logging_mixin.py:188} INFO - [2024-06-18T13:01:38.618+0400] {dagbag.py:545} INFO - Filling up the DagBag from /home/user/Desktop/airflowproj/py_env/lib/python3.10/site-packages/airflow/example_dags/example_sla_dag.py
[2024-06-18T13:01:38.626+0400] {processor.py:840} INFO - DAG(s) 'example_sla_dag' retrieved from /home/user/Desktop/airflowproj/py_env/lib/python3.10/site-packages/airflow/example_dags/example_sla_dag.py
[2024-06-18T13:01:38.639+0400] {logging_mixin.py:188} INFO - [2024-06-18T13:01:38.639+0400] {dag.py:3096} INFO - Sync 1 DAGs
[2024-06-18T13:01:38.651+0400] {logging_mixin.py:188} INFO - [2024-06-18T13:01:38.651+0400] {dag.py:3954} INFO - Setting next_dagrun for example_sla_dag to 2024-06-18 08:58:00+00:00, run_after=2024-06-18 09:00:00+00:00
[2024-06-18T13:01:38.668+0400] {processor.py:183} INFO - Processing /home/user/Desktop/airflowproj/py_env/lib/python3.10/site-packages/airflow/example_dags/example_sla_dag.py took 0.059 seconds
[2024-06-18T13:02:37.761+0400] {processor.py:161} INFO - Started process (PID=52913) to work on /home/user/Desktop/airflowproj/py_env/lib/python3.10/site-packages/airflow/example_dags/example_sla_dag.py
[2024-06-18T13:02:37.763+0400] {processor.py:830} INFO - Processing file /home/user/Desktop/airflowproj/py_env/lib/python3.10/site-packages/airflow/example_dags/example_sla_dag.py for tasks to queue
[2024-06-18T13:02:37.764+0400] {logging_mixin.py:188} INFO - [2024-06-18T13:02:37.763+0400] {dagbag.py:545} INFO - Filling up the DagBag from /home/user/Desktop/airflowproj/py_env/lib/python3.10/site-packages/airflow/example_dags/example_sla_dag.py
[2024-06-18T13:02:37.769+0400] {processor.py:840} INFO - DAG(s) 'example_sla_dag' retrieved from /home/user/Desktop/airflowproj/py_env/lib/python3.10/site-packages/airflow/example_dags/example_sla_dag.py
[2024-06-18T13:02:37.777+0400] {logging_mixin.py:188} INFO - [2024-06-18T13:02:37.777+0400] {dag.py:3096} INFO - Sync 1 DAGs
[2024-06-18T13:02:37.788+0400] {logging_mixin.py:188} INFO - [2024-06-18T13:02:37.788+0400] {dag.py:3954} INFO - Setting next_dagrun for example_sla_dag to 2024-06-18 09:00:00+00:00, run_after=2024-06-18 09:02:00+00:00
[2024-06-18T13:02:37.803+0400] {processor.py:183} INFO - Processing /home/user/Desktop/airflowproj/py_env/lib/python3.10/site-packages/airflow/example_dags/example_sla_dag.py took 0.045 seconds
[2024-06-18T13:03:37.357+0400] {processor.py:161} INFO - Started process (PID=53142) to work on /home/user/Desktop/airflowproj/py_env/lib/python3.10/site-packages/airflow/example_dags/example_sla_dag.py
[2024-06-18T13:03:37.359+0400] {processor.py:830} INFO - Processing file /home/user/Desktop/airflowproj/py_env/lib/python3.10/site-packages/airflow/example_dags/example_sla_dag.py for tasks to queue
[2024-06-18T13:03:37.360+0400] {logging_mixin.py:188} INFO - [2024-06-18T13:03:37.360+0400] {dagbag.py:545} INFO - Filling up the DagBag from /home/user/Desktop/airflowproj/py_env/lib/python3.10/site-packages/airflow/example_dags/example_sla_dag.py
[2024-06-18T13:03:37.364+0400] {processor.py:840} INFO - DAG(s) 'example_sla_dag' retrieved from /home/user/Desktop/airflowproj/py_env/lib/python3.10/site-packages/airflow/example_dags/example_sla_dag.py
[2024-06-18T13:03:37.371+0400] {logging_mixin.py:188} INFO - [2024-06-18T13:03:37.371+0400] {dag.py:3096} INFO - Sync 1 DAGs
[2024-06-18T13:03:37.382+0400] {logging_mixin.py:188} INFO - [2024-06-18T13:03:37.382+0400] {dag.py:3954} INFO - Setting next_dagrun for example_sla_dag to 2024-06-18 09:00:00+00:00, run_after=2024-06-18 09:02:00+00:00
[2024-06-18T13:03:37.396+0400] {processor.py:183} INFO - Processing /home/user/Desktop/airflowproj/py_env/lib/python3.10/site-packages/airflow/example_dags/example_sla_dag.py took 0.042 seconds
[2024-06-18T13:04:34.221+0400] {processor.py:161} INFO - Started process (PID=53345) to work on /home/user/Desktop/airflowproj/py_env/lib/python3.10/site-packages/airflow/example_dags/example_sla_dag.py
[2024-06-18T13:04:34.223+0400] {processor.py:830} INFO - Processing file /home/user/Desktop/airflowproj/py_env/lib/python3.10/site-packages/airflow/example_dags/example_sla_dag.py for tasks to queue
[2024-06-18T13:04:34.224+0400] {logging_mixin.py:188} INFO - [2024-06-18T13:04:34.224+0400] {dagbag.py:545} INFO - Filling up the DagBag from /home/user/Desktop/airflowproj/py_env/lib/python3.10/site-packages/airflow/example_dags/example_sla_dag.py
[2024-06-18T13:04:34.229+0400] {processor.py:840} INFO - DAG(s) 'example_sla_dag' retrieved from /home/user/Desktop/airflowproj/py_env/lib/python3.10/site-packages/airflow/example_dags/example_sla_dag.py
[2024-06-18T13:04:34.237+0400] {logging_mixin.py:188} INFO - [2024-06-18T13:04:34.237+0400] {dag.py:3096} INFO - Sync 1 DAGs
[2024-06-18T13:04:34.248+0400] {logging_mixin.py:188} INFO - [2024-06-18T13:04:34.248+0400] {dag.py:3954} INFO - Setting next_dagrun for example_sla_dag to 2024-06-18 09:02:00+00:00, run_after=2024-06-18 09:04:00+00:00
[2024-06-18T13:04:34.264+0400] {processor.py:183} INFO - Processing /home/user/Desktop/airflowproj/py_env/lib/python3.10/site-packages/airflow/example_dags/example_sla_dag.py took 0.046 seconds
[2024-06-18T13:05:30.591+0400] {processor.py:161} INFO - Started process (PID=53589) to work on /home/user/Desktop/airflowproj/py_env/lib/python3.10/site-packages/airflow/example_dags/example_sla_dag.py
[2024-06-18T13:05:30.593+0400] {processor.py:830} INFO - Processing file /home/user/Desktop/airflowproj/py_env/lib/python3.10/site-packages/airflow/example_dags/example_sla_dag.py for tasks to queue
[2024-06-18T13:05:30.594+0400] {logging_mixin.py:188} INFO - [2024-06-18T13:05:30.594+0400] {dagbag.py:545} INFO - Filling up the DagBag from /home/user/Desktop/airflowproj/py_env/lib/python3.10/site-packages/airflow/example_dags/example_sla_dag.py
[2024-06-18T13:05:30.598+0400] {processor.py:840} INFO - DAG(s) 'example_sla_dag' retrieved from /home/user/Desktop/airflowproj/py_env/lib/python3.10/site-packages/airflow/example_dags/example_sla_dag.py
[2024-06-18T13:05:30.606+0400] {logging_mixin.py:188} INFO - [2024-06-18T13:05:30.605+0400] {dag.py:3096} INFO - Sync 1 DAGs
[2024-06-18T13:05:30.616+0400] {logging_mixin.py:188} INFO - [2024-06-18T13:05:30.616+0400] {dag.py:3954} INFO - Setting next_dagrun for example_sla_dag to 2024-06-18 09:02:00+00:00, run_after=2024-06-18 09:04:00+00:00
[2024-06-18T13:05:30.629+0400] {processor.py:183} INFO - Processing /home/user/Desktop/airflowproj/py_env/lib/python3.10/site-packages/airflow/example_dags/example_sla_dag.py took 0.042 seconds
[2024-06-18T13:06:29.364+0400] {processor.py:161} INFO - Started process (PID=53797) to work on /home/user/Desktop/airflowproj/py_env/lib/python3.10/site-packages/airflow/example_dags/example_sla_dag.py
[2024-06-18T13:06:29.366+0400] {processor.py:830} INFO - Processing file /home/user/Desktop/airflowproj/py_env/lib/python3.10/site-packages/airflow/example_dags/example_sla_dag.py for tasks to queue
[2024-06-18T13:06:29.367+0400] {logging_mixin.py:188} INFO - [2024-06-18T13:06:29.367+0400] {dagbag.py:545} INFO - Filling up the DagBag from /home/user/Desktop/airflowproj/py_env/lib/python3.10/site-packages/airflow/example_dags/example_sla_dag.py
[2024-06-18T13:06:29.374+0400] {processor.py:840} INFO - DAG(s) 'example_sla_dag' retrieved from /home/user/Desktop/airflowproj/py_env/lib/python3.10/site-packages/airflow/example_dags/example_sla_dag.py
[2024-06-18T13:06:29.381+0400] {logging_mixin.py:188} INFO - [2024-06-18T13:06:29.381+0400] {dag.py:3096} INFO - Sync 1 DAGs
[2024-06-18T13:06:29.391+0400] {logging_mixin.py:188} INFO - [2024-06-18T13:06:29.391+0400] {dag.py:3954} INFO - Setting next_dagrun for example_sla_dag to 2024-06-18 09:04:00+00:00, run_after=2024-06-18 09:06:00+00:00
[2024-06-18T13:06:29.404+0400] {processor.py:183} INFO - Processing /home/user/Desktop/airflowproj/py_env/lib/python3.10/site-packages/airflow/example_dags/example_sla_dag.py took 0.045 seconds
[2024-06-18T13:07:31.027+0400] {processor.py:161} INFO - Started process (PID=54007) to work on /home/user/Desktop/airflowproj/py_env/lib/python3.10/site-packages/airflow/example_dags/example_sla_dag.py
[2024-06-18T13:07:31.030+0400] {processor.py:830} INFO - Processing file /home/user/Desktop/airflowproj/py_env/lib/python3.10/site-packages/airflow/example_dags/example_sla_dag.py for tasks to queue
[2024-06-18T13:07:31.032+0400] {logging_mixin.py:188} INFO - [2024-06-18T13:07:31.031+0400] {dagbag.py:545} INFO - Filling up the DagBag from /home/user/Desktop/airflowproj/py_env/lib/python3.10/site-packages/airflow/example_dags/example_sla_dag.py
[2024-06-18T13:07:31.037+0400] {processor.py:840} INFO - DAG(s) 'example_sla_dag' retrieved from /home/user/Desktop/airflowproj/py_env/lib/python3.10/site-packages/airflow/example_dags/example_sla_dag.py
[2024-06-18T13:07:31.044+0400] {logging_mixin.py:188} INFO - [2024-06-18T13:07:31.044+0400] {dag.py:3096} INFO - Sync 1 DAGs
[2024-06-18T13:07:31.054+0400] {logging_mixin.py:188} INFO - [2024-06-18T13:07:31.054+0400] {dag.py:3954} INFO - Setting next_dagrun for example_sla_dag to 2024-06-18 09:04:00+00:00, run_after=2024-06-18 09:06:00+00:00
[2024-06-18T13:07:31.067+0400] {processor.py:183} INFO - Processing /home/user/Desktop/airflowproj/py_env/lib/python3.10/site-packages/airflow/example_dags/example_sla_dag.py took 0.044 seconds
[2024-06-18T13:08:32.708+0400] {processor.py:161} INFO - Started process (PID=54254) to work on /home/user/Desktop/airflowproj/py_env/lib/python3.10/site-packages/airflow/example_dags/example_sla_dag.py
[2024-06-18T13:08:32.710+0400] {processor.py:830} INFO - Processing file /home/user/Desktop/airflowproj/py_env/lib/python3.10/site-packages/airflow/example_dags/example_sla_dag.py for tasks to queue
[2024-06-18T13:08:32.712+0400] {logging_mixin.py:188} INFO - [2024-06-18T13:08:32.711+0400] {dagbag.py:545} INFO - Filling up the DagBag from /home/user/Desktop/airflowproj/py_env/lib/python3.10/site-packages/airflow/example_dags/example_sla_dag.py
[2024-06-18T13:08:32.716+0400] {processor.py:840} INFO - DAG(s) 'example_sla_dag' retrieved from /home/user/Desktop/airflowproj/py_env/lib/python3.10/site-packages/airflow/example_dags/example_sla_dag.py
[2024-06-18T13:08:32.723+0400] {logging_mixin.py:188} INFO - [2024-06-18T13:08:32.723+0400] {dag.py:3096} INFO - Sync 1 DAGs
[2024-06-18T13:08:32.734+0400] {logging_mixin.py:188} INFO - [2024-06-18T13:08:32.733+0400] {dag.py:3954} INFO - Setting next_dagrun for example_sla_dag to 2024-06-18 09:06:00+00:00, run_after=2024-06-18 09:08:00+00:00
[2024-06-18T13:08:32.746+0400] {processor.py:183} INFO - Processing /home/user/Desktop/airflowproj/py_env/lib/python3.10/site-packages/airflow/example_dags/example_sla_dag.py took 0.043 seconds
[2024-06-18T13:09:29.804+0400] {processor.py:161} INFO - Started process (PID=54510) to work on /home/user/Desktop/airflowproj/py_env/lib/python3.10/site-packages/airflow/example_dags/example_sla_dag.py
[2024-06-18T13:09:29.807+0400] {processor.py:830} INFO - Processing file /home/user/Desktop/airflowproj/py_env/lib/python3.10/site-packages/airflow/example_dags/example_sla_dag.py for tasks to queue
[2024-06-18T13:09:29.808+0400] {logging_mixin.py:188} INFO - [2024-06-18T13:09:29.808+0400] {dagbag.py:545} INFO - Filling up the DagBag from /home/user/Desktop/airflowproj/py_env/lib/python3.10/site-packages/airflow/example_dags/example_sla_dag.py
[2024-06-18T13:09:29.813+0400] {processor.py:840} INFO - DAG(s) 'example_sla_dag' retrieved from /home/user/Desktop/airflowproj/py_env/lib/python3.10/site-packages/airflow/example_dags/example_sla_dag.py
[2024-06-18T13:09:29.820+0400] {logging_mixin.py:188} INFO - [2024-06-18T13:09:29.820+0400] {dag.py:3096} INFO - Sync 1 DAGs
[2024-06-18T13:09:29.830+0400] {logging_mixin.py:188} INFO - [2024-06-18T13:09:29.830+0400] {dag.py:3954} INFO - Setting next_dagrun for example_sla_dag to 2024-06-18 09:06:00+00:00, run_after=2024-06-18 09:08:00+00:00
[2024-06-18T13:09:29.843+0400] {processor.py:183} INFO - Processing /home/user/Desktop/airflowproj/py_env/lib/python3.10/site-packages/airflow/example_dags/example_sla_dag.py took 0.043 seconds
[2024-06-18T13:10:30.627+0400] {processor.py:161} INFO - Started process (PID=54723) to work on /home/user/Desktop/airflowproj/py_env/lib/python3.10/site-packages/airflow/example_dags/example_sla_dag.py
[2024-06-18T13:10:30.628+0400] {processor.py:830} INFO - Processing file /home/user/Desktop/airflowproj/py_env/lib/python3.10/site-packages/airflow/example_dags/example_sla_dag.py for tasks to queue
[2024-06-18T13:10:30.629+0400] {logging_mixin.py:188} INFO - [2024-06-18T13:10:30.629+0400] {dagbag.py:545} INFO - Filling up the DagBag from /home/user/Desktop/airflowproj/py_env/lib/python3.10/site-packages/airflow/example_dags/example_sla_dag.py
[2024-06-18T13:10:30.634+0400] {processor.py:840} INFO - DAG(s) 'example_sla_dag' retrieved from /home/user/Desktop/airflowproj/py_env/lib/python3.10/site-packages/airflow/example_dags/example_sla_dag.py
[2024-06-18T13:10:30.641+0400] {logging_mixin.py:188} INFO - [2024-06-18T13:10:30.641+0400] {dag.py:3096} INFO - Sync 1 DAGs
[2024-06-18T13:10:30.651+0400] {logging_mixin.py:188} INFO - [2024-06-18T13:10:30.651+0400] {dag.py:3954} INFO - Setting next_dagrun for example_sla_dag to 2024-06-18 09:08:00+00:00, run_after=2024-06-18 09:10:00+00:00
[2024-06-18T13:10:30.665+0400] {processor.py:183} INFO - Processing /home/user/Desktop/airflowproj/py_env/lib/python3.10/site-packages/airflow/example_dags/example_sla_dag.py took 0.043 seconds
[2024-06-18T13:11:32.598+0400] {processor.py:161} INFO - Started process (PID=54927) to work on /home/user/Desktop/airflowproj/py_env/lib/python3.10/site-packages/airflow/example_dags/example_sla_dag.py
[2024-06-18T13:11:32.600+0400] {processor.py:830} INFO - Processing file /home/user/Desktop/airflowproj/py_env/lib/python3.10/site-packages/airflow/example_dags/example_sla_dag.py for tasks to queue
[2024-06-18T13:11:32.601+0400] {logging_mixin.py:188} INFO - [2024-06-18T13:11:32.601+0400] {dagbag.py:545} INFO - Filling up the DagBag from /home/user/Desktop/airflowproj/py_env/lib/python3.10/site-packages/airflow/example_dags/example_sla_dag.py
[2024-06-18T13:11:32.606+0400] {processor.py:840} INFO - DAG(s) 'example_sla_dag' retrieved from /home/user/Desktop/airflowproj/py_env/lib/python3.10/site-packages/airflow/example_dags/example_sla_dag.py
[2024-06-18T13:11:32.613+0400] {logging_mixin.py:188} INFO - [2024-06-18T13:11:32.613+0400] {dag.py:3096} INFO - Sync 1 DAGs
[2024-06-18T13:11:32.623+0400] {logging_mixin.py:188} INFO - [2024-06-18T13:11:32.623+0400] {dag.py:3954} INFO - Setting next_dagrun for example_sla_dag to 2024-06-18 09:08:00+00:00, run_after=2024-06-18 09:10:00+00:00
[2024-06-18T13:11:32.637+0400] {processor.py:183} INFO - Processing /home/user/Desktop/airflowproj/py_env/lib/python3.10/site-packages/airflow/example_dags/example_sla_dag.py took 0.043 seconds
[2024-06-18T13:12:30.365+0400] {processor.py:161} INFO - Started process (PID=55132) to work on /home/user/Desktop/airflowproj/py_env/lib/python3.10/site-packages/airflow/example_dags/example_sla_dag.py
[2024-06-18T13:12:30.368+0400] {processor.py:830} INFO - Processing file /home/user/Desktop/airflowproj/py_env/lib/python3.10/site-packages/airflow/example_dags/example_sla_dag.py for tasks to queue
[2024-06-18T13:12:30.369+0400] {logging_mixin.py:188} INFO - [2024-06-18T13:12:30.369+0400] {dagbag.py:545} INFO - Filling up the DagBag from /home/user/Desktop/airflowproj/py_env/lib/python3.10/site-packages/airflow/example_dags/example_sla_dag.py
[2024-06-18T13:12:30.374+0400] {processor.py:840} INFO - DAG(s) 'example_sla_dag' retrieved from /home/user/Desktop/airflowproj/py_env/lib/python3.10/site-packages/airflow/example_dags/example_sla_dag.py
[2024-06-18T13:12:30.382+0400] {logging_mixin.py:188} INFO - [2024-06-18T13:12:30.382+0400] {dag.py:3096} INFO - Sync 1 DAGs
[2024-06-18T13:12:30.392+0400] {logging_mixin.py:188} INFO - [2024-06-18T13:12:30.392+0400] {dag.py:3954} INFO - Setting next_dagrun for example_sla_dag to 2024-06-18 09:10:00+00:00, run_after=2024-06-18 09:12:00+00:00
[2024-06-18T13:12:30.405+0400] {processor.py:183} INFO - Processing /home/user/Desktop/airflowproj/py_env/lib/python3.10/site-packages/airflow/example_dags/example_sla_dag.py took 0.044 seconds
[2024-06-18T13:13:29.746+0400] {processor.py:161} INFO - Started process (PID=55367) to work on /home/user/Desktop/airflowproj/py_env/lib/python3.10/site-packages/airflow/example_dags/example_sla_dag.py
[2024-06-18T13:13:29.748+0400] {processor.py:830} INFO - Processing file /home/user/Desktop/airflowproj/py_env/lib/python3.10/site-packages/airflow/example_dags/example_sla_dag.py for tasks to queue
[2024-06-18T13:13:29.750+0400] {logging_mixin.py:188} INFO - [2024-06-18T13:13:29.750+0400] {dagbag.py:545} INFO - Filling up the DagBag from /home/user/Desktop/airflowproj/py_env/lib/python3.10/site-packages/airflow/example_dags/example_sla_dag.py
[2024-06-18T13:13:29.755+0400] {processor.py:840} INFO - DAG(s) 'example_sla_dag' retrieved from /home/user/Desktop/airflowproj/py_env/lib/python3.10/site-packages/airflow/example_dags/example_sla_dag.py
[2024-06-18T13:13:29.766+0400] {logging_mixin.py:188} INFO - [2024-06-18T13:13:29.766+0400] {dag.py:3096} INFO - Sync 1 DAGs
[2024-06-18T13:13:29.776+0400] {logging_mixin.py:188} INFO - [2024-06-18T13:13:29.776+0400] {dag.py:3954} INFO - Setting next_dagrun for example_sla_dag to 2024-06-18 09:10:00+00:00, run_after=2024-06-18 09:12:00+00:00
[2024-06-18T13:13:29.789+0400] {processor.py:183} INFO - Processing /home/user/Desktop/airflowproj/py_env/lib/python3.10/site-packages/airflow/example_dags/example_sla_dag.py took 0.047 seconds
[2024-06-18T13:14:29.826+0400] {processor.py:161} INFO - Started process (PID=55584) to work on /home/user/Desktop/airflowproj/py_env/lib/python3.10/site-packages/airflow/example_dags/example_sla_dag.py
[2024-06-18T13:14:29.828+0400] {processor.py:830} INFO - Processing file /home/user/Desktop/airflowproj/py_env/lib/python3.10/site-packages/airflow/example_dags/example_sla_dag.py for tasks to queue
[2024-06-18T13:14:29.830+0400] {logging_mixin.py:188} INFO - [2024-06-18T13:14:29.829+0400] {dagbag.py:545} INFO - Filling up the DagBag from /home/user/Desktop/airflowproj/py_env/lib/python3.10/site-packages/airflow/example_dags/example_sla_dag.py
[2024-06-18T13:14:29.835+0400] {processor.py:840} INFO - DAG(s) 'example_sla_dag' retrieved from /home/user/Desktop/airflowproj/py_env/lib/python3.10/site-packages/airflow/example_dags/example_sla_dag.py
[2024-06-18T13:14:29.842+0400] {logging_mixin.py:188} INFO - [2024-06-18T13:14:29.842+0400] {dag.py:3096} INFO - Sync 1 DAGs
[2024-06-18T13:14:29.852+0400] {logging_mixin.py:188} INFO - [2024-06-18T13:14:29.852+0400] {dag.py:3954} INFO - Setting next_dagrun for example_sla_dag to 2024-06-18 09:12:00+00:00, run_after=2024-06-18 09:14:00+00:00
[2024-06-18T13:14:29.865+0400] {processor.py:183} INFO - Processing /home/user/Desktop/airflowproj/py_env/lib/python3.10/site-packages/airflow/example_dags/example_sla_dag.py took 0.043 seconds
[2024-06-18T13:15:26.551+0400] {processor.py:161} INFO - Started process (PID=55783) to work on /home/user/Desktop/airflowproj/py_env/lib/python3.10/site-packages/airflow/example_dags/example_sla_dag.py
[2024-06-18T13:15:26.553+0400] {processor.py:830} INFO - Processing file /home/user/Desktop/airflowproj/py_env/lib/python3.10/site-packages/airflow/example_dags/example_sla_dag.py for tasks to queue
[2024-06-18T13:15:26.554+0400] {logging_mixin.py:188} INFO - [2024-06-18T13:15:26.554+0400] {dagbag.py:545} INFO - Filling up the DagBag from /home/user/Desktop/airflowproj/py_env/lib/python3.10/site-packages/airflow/example_dags/example_sla_dag.py
[2024-06-18T13:15:26.558+0400] {processor.py:840} INFO - DAG(s) 'example_sla_dag' retrieved from /home/user/Desktop/airflowproj/py_env/lib/python3.10/site-packages/airflow/example_dags/example_sla_dag.py
[2024-06-18T13:15:26.566+0400] {logging_mixin.py:188} INFO - [2024-06-18T13:15:26.566+0400] {dag.py:3096} INFO - Sync 1 DAGs
[2024-06-18T13:15:26.575+0400] {logging_mixin.py:188} INFO - [2024-06-18T13:15:26.575+0400] {dag.py:3954} INFO - Setting next_dagrun for example_sla_dag to 2024-06-18 09:12:00+00:00, run_after=2024-06-18 09:14:00+00:00
[2024-06-18T13:15:26.589+0400] {processor.py:183} INFO - Processing /home/user/Desktop/airflowproj/py_env/lib/python3.10/site-packages/airflow/example_dags/example_sla_dag.py took 0.042 seconds
[2024-06-18T13:16:28.570+0400] {processor.py:161} INFO - Started process (PID=55999) to work on /home/user/Desktop/airflowproj/py_env/lib/python3.10/site-packages/airflow/example_dags/example_sla_dag.py
[2024-06-18T13:16:28.573+0400] {processor.py:830} INFO - Processing file /home/user/Desktop/airflowproj/py_env/lib/python3.10/site-packages/airflow/example_dags/example_sla_dag.py for tasks to queue
[2024-06-18T13:16:28.575+0400] {logging_mixin.py:188} INFO - [2024-06-18T13:16:28.574+0400] {dagbag.py:545} INFO - Filling up the DagBag from /home/user/Desktop/airflowproj/py_env/lib/python3.10/site-packages/airflow/example_dags/example_sla_dag.py
[2024-06-18T13:16:28.583+0400] {processor.py:840} INFO - DAG(s) 'example_sla_dag' retrieved from /home/user/Desktop/airflowproj/py_env/lib/python3.10/site-packages/airflow/example_dags/example_sla_dag.py
[2024-06-18T13:16:28.590+0400] {logging_mixin.py:188} INFO - [2024-06-18T13:16:28.590+0400] {dag.py:3096} INFO - Sync 1 DAGs
[2024-06-18T13:16:28.600+0400] {logging_mixin.py:188} INFO - [2024-06-18T13:16:28.600+0400] {dag.py:3954} INFO - Setting next_dagrun for example_sla_dag to 2024-06-18 09:14:00+00:00, run_after=2024-06-18 09:16:00+00:00
[2024-06-18T13:16:28.613+0400] {processor.py:183} INFO - Processing /home/user/Desktop/airflowproj/py_env/lib/python3.10/site-packages/airflow/example_dags/example_sla_dag.py took 0.048 seconds
[2024-06-18T13:17:23.460+0400] {processor.py:161} INFO - Started process (PID=56180) to work on /home/user/Desktop/airflowproj/py_env/lib/python3.10/site-packages/airflow/example_dags/example_sla_dag.py
[2024-06-18T13:17:23.462+0400] {processor.py:830} INFO - Processing file /home/user/Desktop/airflowproj/py_env/lib/python3.10/site-packages/airflow/example_dags/example_sla_dag.py for tasks to queue
[2024-06-18T13:17:23.463+0400] {logging_mixin.py:188} INFO - [2024-06-18T13:17:23.463+0400] {dagbag.py:545} INFO - Filling up the DagBag from /home/user/Desktop/airflowproj/py_env/lib/python3.10/site-packages/airflow/example_dags/example_sla_dag.py
[2024-06-18T13:17:23.470+0400] {processor.py:840} INFO - DAG(s) 'example_sla_dag' retrieved from /home/user/Desktop/airflowproj/py_env/lib/python3.10/site-packages/airflow/example_dags/example_sla_dag.py
[2024-06-18T13:17:23.477+0400] {logging_mixin.py:188} INFO - [2024-06-18T13:17:23.477+0400] {dag.py:3096} INFO - Sync 1 DAGs
[2024-06-18T13:17:23.487+0400] {logging_mixin.py:188} INFO - [2024-06-18T13:17:23.487+0400] {dag.py:3954} INFO - Setting next_dagrun for example_sla_dag to 2024-06-18 09:14:00+00:00, run_after=2024-06-18 09:16:00+00:00
[2024-06-18T13:17:23.501+0400] {processor.py:183} INFO - Processing /home/user/Desktop/airflowproj/py_env/lib/python3.10/site-packages/airflow/example_dags/example_sla_dag.py took 0.046 seconds
[2024-06-18T13:18:23.904+0400] {processor.py:161} INFO - Started process (PID=56416) to work on /home/user/Desktop/airflowproj/py_env/lib/python3.10/site-packages/airflow/example_dags/example_sla_dag.py
[2024-06-18T13:18:23.906+0400] {processor.py:830} INFO - Processing file /home/user/Desktop/airflowproj/py_env/lib/python3.10/site-packages/airflow/example_dags/example_sla_dag.py for tasks to queue
[2024-06-18T13:18:23.907+0400] {logging_mixin.py:188} INFO - [2024-06-18T13:18:23.907+0400] {dagbag.py:545} INFO - Filling up the DagBag from /home/user/Desktop/airflowproj/py_env/lib/python3.10/site-packages/airflow/example_dags/example_sla_dag.py
[2024-06-18T13:18:23.912+0400] {processor.py:840} INFO - DAG(s) 'example_sla_dag' retrieved from /home/user/Desktop/airflowproj/py_env/lib/python3.10/site-packages/airflow/example_dags/example_sla_dag.py
[2024-06-18T13:18:23.919+0400] {logging_mixin.py:188} INFO - [2024-06-18T13:18:23.919+0400] {dag.py:3096} INFO - Sync 1 DAGs
[2024-06-18T13:18:23.929+0400] {logging_mixin.py:188} INFO - [2024-06-18T13:18:23.929+0400] {dag.py:3954} INFO - Setting next_dagrun for example_sla_dag to 2024-06-18 09:16:00+00:00, run_after=2024-06-18 09:18:00+00:00
[2024-06-18T13:18:23.943+0400] {processor.py:183} INFO - Processing /home/user/Desktop/airflowproj/py_env/lib/python3.10/site-packages/airflow/example_dags/example_sla_dag.py took 0.043 seconds
[2024-06-18T13:19:20.506+0400] {processor.py:161} INFO - Started process (PID=56619) to work on /home/user/Desktop/airflowproj/py_env/lib/python3.10/site-packages/airflow/example_dags/example_sla_dag.py
[2024-06-18T13:19:20.509+0400] {processor.py:830} INFO - Processing file /home/user/Desktop/airflowproj/py_env/lib/python3.10/site-packages/airflow/example_dags/example_sla_dag.py for tasks to queue
[2024-06-18T13:19:20.511+0400] {logging_mixin.py:188} INFO - [2024-06-18T13:19:20.510+0400] {dagbag.py:545} INFO - Filling up the DagBag from /home/user/Desktop/airflowproj/py_env/lib/python3.10/site-packages/airflow/example_dags/example_sla_dag.py
[2024-06-18T13:19:20.518+0400] {processor.py:840} INFO - DAG(s) 'example_sla_dag' retrieved from /home/user/Desktop/airflowproj/py_env/lib/python3.10/site-packages/airflow/example_dags/example_sla_dag.py
[2024-06-18T13:19:20.525+0400] {logging_mixin.py:188} INFO - [2024-06-18T13:19:20.524+0400] {dag.py:3096} INFO - Sync 1 DAGs
[2024-06-18T13:19:20.535+0400] {logging_mixin.py:188} INFO - [2024-06-18T13:19:20.535+0400] {dag.py:3954} INFO - Setting next_dagrun for example_sla_dag to 2024-06-18 09:16:00+00:00, run_after=2024-06-18 09:18:00+00:00
[2024-06-18T13:19:20.548+0400] {processor.py:183} INFO - Processing /home/user/Desktop/airflowproj/py_env/lib/python3.10/site-packages/airflow/example_dags/example_sla_dag.py took 0.046 seconds
[2024-06-18T13:20:19.067+0400] {processor.py:161} INFO - Started process (PID=56806) to work on /home/user/Desktop/airflowproj/py_env/lib/python3.10/site-packages/airflow/example_dags/example_sla_dag.py
[2024-06-18T13:20:19.070+0400] {processor.py:830} INFO - Processing file /home/user/Desktop/airflowproj/py_env/lib/python3.10/site-packages/airflow/example_dags/example_sla_dag.py for tasks to queue
[2024-06-18T13:20:19.072+0400] {logging_mixin.py:188} INFO - [2024-06-18T13:20:19.071+0400] {dagbag.py:545} INFO - Filling up the DagBag from /home/user/Desktop/airflowproj/py_env/lib/python3.10/site-packages/airflow/example_dags/example_sla_dag.py
[2024-06-18T13:20:19.078+0400] {processor.py:840} INFO - DAG(s) 'example_sla_dag' retrieved from /home/user/Desktop/airflowproj/py_env/lib/python3.10/site-packages/airflow/example_dags/example_sla_dag.py
[2024-06-18T13:20:19.085+0400] {logging_mixin.py:188} INFO - [2024-06-18T13:20:19.085+0400] {dag.py:3096} INFO - Sync 1 DAGs
[2024-06-18T13:20:19.095+0400] {logging_mixin.py:188} INFO - [2024-06-18T13:20:19.095+0400] {dag.py:3954} INFO - Setting next_dagrun for example_sla_dag to 2024-06-18 09:18:00+00:00, run_after=2024-06-18 09:20:00+00:00
[2024-06-18T13:20:19.109+0400] {processor.py:183} INFO - Processing /home/user/Desktop/airflowproj/py_env/lib/python3.10/site-packages/airflow/example_dags/example_sla_dag.py took 0.048 seconds
[2024-06-18T13:21:17.553+0400] {processor.py:161} INFO - Started process (PID=57012) to work on /home/user/Desktop/airflowproj/py_env/lib/python3.10/site-packages/airflow/example_dags/example_sla_dag.py
[2024-06-18T13:21:17.556+0400] {processor.py:830} INFO - Processing file /home/user/Desktop/airflowproj/py_env/lib/python3.10/site-packages/airflow/example_dags/example_sla_dag.py for tasks to queue
[2024-06-18T13:21:17.557+0400] {logging_mixin.py:188} INFO - [2024-06-18T13:21:17.557+0400] {dagbag.py:545} INFO - Filling up the DagBag from /home/user/Desktop/airflowproj/py_env/lib/python3.10/site-packages/airflow/example_dags/example_sla_dag.py
[2024-06-18T13:21:17.563+0400] {processor.py:840} INFO - DAG(s) 'example_sla_dag' retrieved from /home/user/Desktop/airflowproj/py_env/lib/python3.10/site-packages/airflow/example_dags/example_sla_dag.py
[2024-06-18T13:21:17.573+0400] {logging_mixin.py:188} INFO - [2024-06-18T13:21:17.573+0400] {dag.py:3096} INFO - Sync 1 DAGs
[2024-06-18T13:21:17.583+0400] {logging_mixin.py:188} INFO - [2024-06-18T13:21:17.583+0400] {dag.py:3954} INFO - Setting next_dagrun for example_sla_dag to 2024-06-18 09:18:00+00:00, run_after=2024-06-18 09:20:00+00:00
[2024-06-18T13:21:17.595+0400] {processor.py:183} INFO - Processing /home/user/Desktop/airflowproj/py_env/lib/python3.10/site-packages/airflow/example_dags/example_sla_dag.py took 0.047 seconds
[2024-06-18T13:22:20.553+0400] {processor.py:161} INFO - Started process (PID=57233) to work on /home/user/Desktop/airflowproj/py_env/lib/python3.10/site-packages/airflow/example_dags/example_sla_dag.py
[2024-06-18T13:22:20.554+0400] {processor.py:830} INFO - Processing file /home/user/Desktop/airflowproj/py_env/lib/python3.10/site-packages/airflow/example_dags/example_sla_dag.py for tasks to queue
[2024-06-18T13:22:20.555+0400] {logging_mixin.py:188} INFO - [2024-06-18T13:22:20.555+0400] {dagbag.py:545} INFO - Filling up the DagBag from /home/user/Desktop/airflowproj/py_env/lib/python3.10/site-packages/airflow/example_dags/example_sla_dag.py
[2024-06-18T13:22:20.560+0400] {processor.py:840} INFO - DAG(s) 'example_sla_dag' retrieved from /home/user/Desktop/airflowproj/py_env/lib/python3.10/site-packages/airflow/example_dags/example_sla_dag.py
[2024-06-18T13:22:20.567+0400] {logging_mixin.py:188} INFO - [2024-06-18T13:22:20.567+0400] {dag.py:3096} INFO - Sync 1 DAGs
[2024-06-18T13:22:20.577+0400] {logging_mixin.py:188} INFO - [2024-06-18T13:22:20.577+0400] {dag.py:3954} INFO - Setting next_dagrun for example_sla_dag to 2024-06-18 09:20:00+00:00, run_after=2024-06-18 09:22:00+00:00
[2024-06-18T13:22:20.590+0400] {processor.py:183} INFO - Processing /home/user/Desktop/airflowproj/py_env/lib/python3.10/site-packages/airflow/example_dags/example_sla_dag.py took 0.041 seconds
[2024-06-18T13:23:18.312+0400] {processor.py:161} INFO - Started process (PID=57454) to work on /home/user/Desktop/airflowproj/py_env/lib/python3.10/site-packages/airflow/example_dags/example_sla_dag.py
[2024-06-18T13:23:18.315+0400] {processor.py:830} INFO - Processing file /home/user/Desktop/airflowproj/py_env/lib/python3.10/site-packages/airflow/example_dags/example_sla_dag.py for tasks to queue
[2024-06-18T13:23:18.317+0400] {logging_mixin.py:188} INFO - [2024-06-18T13:23:18.316+0400] {dagbag.py:545} INFO - Filling up the DagBag from /home/user/Desktop/airflowproj/py_env/lib/python3.10/site-packages/airflow/example_dags/example_sla_dag.py
[2024-06-18T13:23:18.323+0400] {processor.py:840} INFO - DAG(s) 'example_sla_dag' retrieved from /home/user/Desktop/airflowproj/py_env/lib/python3.10/site-packages/airflow/example_dags/example_sla_dag.py
[2024-06-18T13:23:18.330+0400] {logging_mixin.py:188} INFO - [2024-06-18T13:23:18.330+0400] {dag.py:3096} INFO - Sync 1 DAGs
[2024-06-18T13:23:18.339+0400] {logging_mixin.py:188} INFO - [2024-06-18T13:23:18.339+0400] {dag.py:3954} INFO - Setting next_dagrun for example_sla_dag to 2024-06-18 09:20:00+00:00, run_after=2024-06-18 09:22:00+00:00
[2024-06-18T13:23:18.352+0400] {processor.py:183} INFO - Processing /home/user/Desktop/airflowproj/py_env/lib/python3.10/site-packages/airflow/example_dags/example_sla_dag.py took 0.045 seconds
[2024-06-18T13:24:16.588+0400] {processor.py:161} INFO - Started process (PID=57653) to work on /home/user/Desktop/airflowproj/py_env/lib/python3.10/site-packages/airflow/example_dags/example_sla_dag.py
[2024-06-18T13:24:16.590+0400] {processor.py:830} INFO - Processing file /home/user/Desktop/airflowproj/py_env/lib/python3.10/site-packages/airflow/example_dags/example_sla_dag.py for tasks to queue
[2024-06-18T13:24:16.591+0400] {logging_mixin.py:188} INFO - [2024-06-18T13:24:16.590+0400] {dagbag.py:545} INFO - Filling up the DagBag from /home/user/Desktop/airflowproj/py_env/lib/python3.10/site-packages/airflow/example_dags/example_sla_dag.py
[2024-06-18T13:24:16.595+0400] {processor.py:840} INFO - DAG(s) 'example_sla_dag' retrieved from /home/user/Desktop/airflowproj/py_env/lib/python3.10/site-packages/airflow/example_dags/example_sla_dag.py
[2024-06-18T13:24:16.603+0400] {logging_mixin.py:188} INFO - [2024-06-18T13:24:16.603+0400] {dag.py:3096} INFO - Sync 1 DAGs
[2024-06-18T13:24:16.613+0400] {logging_mixin.py:188} INFO - [2024-06-18T13:24:16.613+0400] {dag.py:3954} INFO - Setting next_dagrun for example_sla_dag to 2024-06-18 09:22:00+00:00, run_after=2024-06-18 09:24:00+00:00
[2024-06-18T13:24:16.625+0400] {processor.py:183} INFO - Processing /home/user/Desktop/airflowproj/py_env/lib/python3.10/site-packages/airflow/example_dags/example_sla_dag.py took 0.042 seconds
[2024-06-18T13:25:14.284+0400] {processor.py:161} INFO - Started process (PID=57853) to work on /home/user/Desktop/airflowproj/py_env/lib/python3.10/site-packages/airflow/example_dags/example_sla_dag.py
[2024-06-18T13:25:14.286+0400] {processor.py:830} INFO - Processing file /home/user/Desktop/airflowproj/py_env/lib/python3.10/site-packages/airflow/example_dags/example_sla_dag.py for tasks to queue
[2024-06-18T13:25:14.287+0400] {logging_mixin.py:188} INFO - [2024-06-18T13:25:14.287+0400] {dagbag.py:545} INFO - Filling up the DagBag from /home/user/Desktop/airflowproj/py_env/lib/python3.10/site-packages/airflow/example_dags/example_sla_dag.py
[2024-06-18T13:25:14.292+0400] {processor.py:840} INFO - DAG(s) 'example_sla_dag' retrieved from /home/user/Desktop/airflowproj/py_env/lib/python3.10/site-packages/airflow/example_dags/example_sla_dag.py
[2024-06-18T13:25:14.299+0400] {logging_mixin.py:188} INFO - [2024-06-18T13:25:14.299+0400] {dag.py:3096} INFO - Sync 1 DAGs
[2024-06-18T13:25:14.309+0400] {logging_mixin.py:188} INFO - [2024-06-18T13:25:14.309+0400] {dag.py:3954} INFO - Setting next_dagrun for example_sla_dag to 2024-06-18 09:22:00+00:00, run_after=2024-06-18 09:24:00+00:00
[2024-06-18T13:25:14.323+0400] {processor.py:183} INFO - Processing /home/user/Desktop/airflowproj/py_env/lib/python3.10/site-packages/airflow/example_dags/example_sla_dag.py took 0.044 seconds
[2024-06-18T13:26:13.577+0400] {processor.py:161} INFO - Started process (PID=58054) to work on /home/user/Desktop/airflowproj/py_env/lib/python3.10/site-packages/airflow/example_dags/example_sla_dag.py
[2024-06-18T13:26:13.579+0400] {processor.py:830} INFO - Processing file /home/user/Desktop/airflowproj/py_env/lib/python3.10/site-packages/airflow/example_dags/example_sla_dag.py for tasks to queue
[2024-06-18T13:26:13.581+0400] {logging_mixin.py:188} INFO - [2024-06-18T13:26:13.580+0400] {dagbag.py:545} INFO - Filling up the DagBag from /home/user/Desktop/airflowproj/py_env/lib/python3.10/site-packages/airflow/example_dags/example_sla_dag.py
[2024-06-18T13:26:13.586+0400] {processor.py:840} INFO - DAG(s) 'example_sla_dag' retrieved from /home/user/Desktop/airflowproj/py_env/lib/python3.10/site-packages/airflow/example_dags/example_sla_dag.py
[2024-06-18T13:26:13.593+0400] {logging_mixin.py:188} INFO - [2024-06-18T13:26:13.593+0400] {dag.py:3096} INFO - Sync 1 DAGs
[2024-06-18T13:26:13.603+0400] {logging_mixin.py:188} INFO - [2024-06-18T13:26:13.603+0400] {dag.py:3954} INFO - Setting next_dagrun for example_sla_dag to 2024-06-18 09:24:00+00:00, run_after=2024-06-18 09:26:00+00:00
[2024-06-18T13:26:13.616+0400] {processor.py:183} INFO - Processing /home/user/Desktop/airflowproj/py_env/lib/python3.10/site-packages/airflow/example_dags/example_sla_dag.py took 0.043 seconds
[2024-06-18T13:27:10.905+0400] {processor.py:161} INFO - Started process (PID=58239) to work on /home/user/Desktop/airflowproj/py_env/lib/python3.10/site-packages/airflow/example_dags/example_sla_dag.py
[2024-06-18T13:27:10.907+0400] {processor.py:830} INFO - Processing file /home/user/Desktop/airflowproj/py_env/lib/python3.10/site-packages/airflow/example_dags/example_sla_dag.py for tasks to queue
[2024-06-18T13:27:10.908+0400] {logging_mixin.py:188} INFO - [2024-06-18T13:27:10.908+0400] {dagbag.py:545} INFO - Filling up the DagBag from /home/user/Desktop/airflowproj/py_env/lib/python3.10/site-packages/airflow/example_dags/example_sla_dag.py
[2024-06-18T13:27:10.912+0400] {processor.py:840} INFO - DAG(s) 'example_sla_dag' retrieved from /home/user/Desktop/airflowproj/py_env/lib/python3.10/site-packages/airflow/example_dags/example_sla_dag.py
[2024-06-18T13:27:10.919+0400] {logging_mixin.py:188} INFO - [2024-06-18T13:27:10.919+0400] {dag.py:3096} INFO - Sync 1 DAGs
[2024-06-18T13:27:10.929+0400] {logging_mixin.py:188} INFO - [2024-06-18T13:27:10.929+0400] {dag.py:3954} INFO - Setting next_dagrun for example_sla_dag to 2024-06-18 09:24:00+00:00, run_after=2024-06-18 09:26:00+00:00
[2024-06-18T13:27:10.942+0400] {processor.py:183} INFO - Processing /home/user/Desktop/airflowproj/py_env/lib/python3.10/site-packages/airflow/example_dags/example_sla_dag.py took 0.040 seconds
[2024-06-18T13:28:05.182+0400] {processor.py:161} INFO - Started process (PID=58472) to work on /home/user/Desktop/airflowproj/py_env/lib/python3.10/site-packages/airflow/example_dags/example_sla_dag.py
[2024-06-18T13:28:05.184+0400] {processor.py:830} INFO - Processing file /home/user/Desktop/airflowproj/py_env/lib/python3.10/site-packages/airflow/example_dags/example_sla_dag.py for tasks to queue
[2024-06-18T13:28:05.185+0400] {logging_mixin.py:188} INFO - [2024-06-18T13:28:05.184+0400] {dagbag.py:545} INFO - Filling up the DagBag from /home/user/Desktop/airflowproj/py_env/lib/python3.10/site-packages/airflow/example_dags/example_sla_dag.py
[2024-06-18T13:28:05.189+0400] {processor.py:840} INFO - DAG(s) 'example_sla_dag' retrieved from /home/user/Desktop/airflowproj/py_env/lib/python3.10/site-packages/airflow/example_dags/example_sla_dag.py
[2024-06-18T13:28:05.196+0400] {logging_mixin.py:188} INFO - [2024-06-18T13:28:05.196+0400] {dag.py:3096} INFO - Sync 1 DAGs
[2024-06-18T13:28:05.206+0400] {logging_mixin.py:188} INFO - [2024-06-18T13:28:05.206+0400] {dag.py:3954} INFO - Setting next_dagrun for example_sla_dag to 2024-06-18 09:26:00+00:00, run_after=2024-06-18 09:28:00+00:00
[2024-06-18T13:28:05.219+0400] {processor.py:183} INFO - Processing /home/user/Desktop/airflowproj/py_env/lib/python3.10/site-packages/airflow/example_dags/example_sla_dag.py took 0.041 seconds
[2024-06-18T13:29:03.330+0400] {processor.py:161} INFO - Started process (PID=58666) to work on /home/user/Desktop/airflowproj/py_env/lib/python3.10/site-packages/airflow/example_dags/example_sla_dag.py
[2024-06-18T13:29:03.332+0400] {processor.py:830} INFO - Processing file /home/user/Desktop/airflowproj/py_env/lib/python3.10/site-packages/airflow/example_dags/example_sla_dag.py for tasks to queue
[2024-06-18T13:29:03.333+0400] {logging_mixin.py:188} INFO - [2024-06-18T13:29:03.333+0400] {dagbag.py:545} INFO - Filling up the DagBag from /home/user/Desktop/airflowproj/py_env/lib/python3.10/site-packages/airflow/example_dags/example_sla_dag.py
[2024-06-18T13:29:03.343+0400] {processor.py:840} INFO - DAG(s) 'example_sla_dag' retrieved from /home/user/Desktop/airflowproj/py_env/lib/python3.10/site-packages/airflow/example_dags/example_sla_dag.py
[2024-06-18T13:29:03.352+0400] {logging_mixin.py:188} INFO - [2024-06-18T13:29:03.351+0400] {dag.py:3096} INFO - Sync 1 DAGs
[2024-06-18T13:29:03.362+0400] {logging_mixin.py:188} INFO - [2024-06-18T13:29:03.362+0400] {dag.py:3954} INFO - Setting next_dagrun for example_sla_dag to 2024-06-18 09:26:00+00:00, run_after=2024-06-18 09:28:00+00:00
[2024-06-18T13:29:03.374+0400] {processor.py:183} INFO - Processing /home/user/Desktop/airflowproj/py_env/lib/python3.10/site-packages/airflow/example_dags/example_sla_dag.py took 0.049 seconds
[2024-06-18T13:29:59.375+0400] {processor.py:161} INFO - Started process (PID=58888) to work on /home/user/Desktop/airflowproj/py_env/lib/python3.10/site-packages/airflow/example_dags/example_sla_dag.py
[2024-06-18T13:29:59.377+0400] {processor.py:830} INFO - Processing file /home/user/Desktop/airflowproj/py_env/lib/python3.10/site-packages/airflow/example_dags/example_sla_dag.py for tasks to queue
[2024-06-18T13:29:59.378+0400] {logging_mixin.py:188} INFO - [2024-06-18T13:29:59.378+0400] {dagbag.py:545} INFO - Filling up the DagBag from /home/user/Desktop/airflowproj/py_env/lib/python3.10/site-packages/airflow/example_dags/example_sla_dag.py
[2024-06-18T13:29:59.382+0400] {processor.py:840} INFO - DAG(s) 'example_sla_dag' retrieved from /home/user/Desktop/airflowproj/py_env/lib/python3.10/site-packages/airflow/example_dags/example_sla_dag.py
[2024-06-18T13:29:59.388+0400] {logging_mixin.py:188} INFO - [2024-06-18T13:29:59.388+0400] {dag.py:3096} INFO - Sync 1 DAGs
[2024-06-18T13:29:59.398+0400] {logging_mixin.py:188} INFO - [2024-06-18T13:29:59.398+0400] {dag.py:3954} INFO - Setting next_dagrun for example_sla_dag to 2024-06-18 09:26:00+00:00, run_after=2024-06-18 09:28:00+00:00
[2024-06-18T13:29:59.410+0400] {processor.py:183} INFO - Processing /home/user/Desktop/airflowproj/py_env/lib/python3.10/site-packages/airflow/example_dags/example_sla_dag.py took 0.039 seconds
[2024-06-18T13:30:59.747+0400] {processor.py:161} INFO - Started process (PID=59160) to work on /home/user/Desktop/airflowproj/py_env/lib/python3.10/site-packages/airflow/example_dags/example_sla_dag.py
[2024-06-18T13:30:59.749+0400] {processor.py:830} INFO - Processing file /home/user/Desktop/airflowproj/py_env/lib/python3.10/site-packages/airflow/example_dags/example_sla_dag.py for tasks to queue
[2024-06-18T13:30:59.751+0400] {logging_mixin.py:188} INFO - [2024-06-18T13:30:59.750+0400] {dagbag.py:545} INFO - Filling up the DagBag from /home/user/Desktop/airflowproj/py_env/lib/python3.10/site-packages/airflow/example_dags/example_sla_dag.py
[2024-06-18T13:30:59.759+0400] {processor.py:840} INFO - DAG(s) 'example_sla_dag' retrieved from /home/user/Desktop/airflowproj/py_env/lib/python3.10/site-packages/airflow/example_dags/example_sla_dag.py
[2024-06-18T13:30:59.767+0400] {logging_mixin.py:188} INFO - [2024-06-18T13:30:59.767+0400] {dag.py:3096} INFO - Sync 1 DAGs
[2024-06-18T13:30:59.777+0400] {logging_mixin.py:188} INFO - [2024-06-18T13:30:59.777+0400] {dag.py:3954} INFO - Setting next_dagrun for example_sla_dag to 2024-06-18 09:28:00+00:00, run_after=2024-06-18 09:30:00+00:00
[2024-06-18T13:30:59.790+0400] {processor.py:183} INFO - Processing /home/user/Desktop/airflowproj/py_env/lib/python3.10/site-packages/airflow/example_dags/example_sla_dag.py took 0.047 seconds
[2024-06-18T13:32:04.248+0400] {processor.py:161} INFO - Started process (PID=59569) to work on /home/user/Desktop/airflowproj/py_env/lib/python3.10/site-packages/airflow/example_dags/example_sla_dag.py
[2024-06-18T13:32:04.249+0400] {processor.py:830} INFO - Processing file /home/user/Desktop/airflowproj/py_env/lib/python3.10/site-packages/airflow/example_dags/example_sla_dag.py for tasks to queue
[2024-06-18T13:32:04.251+0400] {logging_mixin.py:188} INFO - [2024-06-18T13:32:04.250+0400] {dagbag.py:545} INFO - Filling up the DagBag from /home/user/Desktop/airflowproj/py_env/lib/python3.10/site-packages/airflow/example_dags/example_sla_dag.py
[2024-06-18T13:32:04.255+0400] {processor.py:840} INFO - DAG(s) 'example_sla_dag' retrieved from /home/user/Desktop/airflowproj/py_env/lib/python3.10/site-packages/airflow/example_dags/example_sla_dag.py
[2024-06-18T13:32:04.264+0400] {logging_mixin.py:188} INFO - [2024-06-18T13:32:04.264+0400] {dag.py:3096} INFO - Sync 1 DAGs
[2024-06-18T13:32:04.275+0400] {logging_mixin.py:188} INFO - [2024-06-18T13:32:04.275+0400] {dag.py:3954} INFO - Setting next_dagrun for example_sla_dag to 2024-06-18 09:30:00+00:00, run_after=2024-06-18 09:32:00+00:00
[2024-06-18T13:32:04.289+0400] {processor.py:183} INFO - Processing /home/user/Desktop/airflowproj/py_env/lib/python3.10/site-packages/airflow/example_dags/example_sla_dag.py took 0.046 seconds
