[2024-06-18T12:40:40.728+0400] {processor.py:161} INFO - Started process (PID=45724) to work on /home/user/Desktop/airflowproj/py_env/lib/python3.10/site-packages/airflow/example_dags/example_latest_only.py
[2024-06-18T12:40:40.729+0400] {processor.py:830} INFO - Processing file /home/user/Desktop/airflowproj/py_env/lib/python3.10/site-packages/airflow/example_dags/example_latest_only.py for tasks to queue
[2024-06-18T12:40:40.730+0400] {logging_mixin.py:188} INFO - [2024-06-18T12:40:40.730+0400] {dagbag.py:545} INFO - Filling up the DagBag from /home/user/Desktop/airflowproj/py_env/lib/python3.10/site-packages/airflow/example_dags/example_latest_only.py
[2024-06-18T12:40:40.734+0400] {processor.py:840} INFO - DAG(s) 'latest_only' retrieved from /home/user/Desktop/airflowproj/py_env/lib/python3.10/site-packages/airflow/example_dags/example_latest_only.py
[2024-06-18T12:40:40.789+0400] {logging_mixin.py:188} INFO - [2024-06-18T12:40:40.789+0400] {override.py:1829} INFO - Created Permission View: can edit on DAG:latest_only
[2024-06-18T12:40:40.801+0400] {logging_mixin.py:188} INFO - [2024-06-18T12:40:40.800+0400] {override.py:1829} INFO - Created Permission View: can read on DAG:latest_only
[2024-06-18T12:40:40.808+0400] {logging_mixin.py:188} INFO - [2024-06-18T12:40:40.808+0400] {override.py:1829} INFO - Created Permission View: can delete on DAG:latest_only
[2024-06-18T12:40:40.809+0400] {logging_mixin.py:188} INFO - [2024-06-18T12:40:40.808+0400] {dag.py:3096} INFO - Sync 1 DAGs
[2024-06-18T12:40:40.816+0400] {logging_mixin.py:188} INFO - [2024-06-18T12:40:40.816+0400] {dag.py:3118} INFO - Creating ORM DAG for latest_only
[2024-06-18T12:40:40.867+0400] {logging_mixin.py:188} INFO - [2024-06-18T12:40:40.867+0400] {dag.py:3954} INFO - Setting next_dagrun for latest_only to 2024-06-18 04:00:00+00:00, run_after=2024-06-18 08:00:00+00:00
[2024-06-18T12:40:40.880+0400] {processor.py:183} INFO - Processing /home/user/Desktop/airflowproj/py_env/lib/python3.10/site-packages/airflow/example_dags/example_latest_only.py took 0.157 seconds
[2024-06-18T12:43:15.753+0400] {processor.py:161} INFO - Started process (PID=46642) to work on /home/user/Desktop/airflowproj/py_env/lib/python3.10/site-packages/airflow/example_dags/example_latest_only.py
[2024-06-18T12:43:15.755+0400] {processor.py:830} INFO - Processing file /home/user/Desktop/airflowproj/py_env/lib/python3.10/site-packages/airflow/example_dags/example_latest_only.py for tasks to queue
[2024-06-18T12:43:15.757+0400] {logging_mixin.py:188} INFO - [2024-06-18T12:43:15.757+0400] {dagbag.py:545} INFO - Filling up the DagBag from /home/user/Desktop/airflowproj/py_env/lib/python3.10/site-packages/airflow/example_dags/example_latest_only.py
[2024-06-18T12:43:15.763+0400] {processor.py:840} INFO - DAG(s) 'latest_only' retrieved from /home/user/Desktop/airflowproj/py_env/lib/python3.10/site-packages/airflow/example_dags/example_latest_only.py
[2024-06-18T12:43:15.774+0400] {logging_mixin.py:188} INFO - [2024-06-18T12:43:15.774+0400] {dag.py:3096} INFO - Sync 1 DAGs
[2024-06-18T12:43:15.786+0400] {logging_mixin.py:188} INFO - [2024-06-18T12:43:15.786+0400] {dag.py:3954} INFO - Setting next_dagrun for latest_only to 2024-06-18 04:00:00+00:00, run_after=2024-06-18 08:00:00+00:00
[2024-06-18T12:43:15.807+0400] {processor.py:183} INFO - Processing /home/user/Desktop/airflowproj/py_env/lib/python3.10/site-packages/airflow/example_dags/example_latest_only.py took 0.057 seconds
[2024-06-18T12:44:07.318+0400] {processor.py:161} INFO - Started process (PID=46785) to work on /home/user/Desktop/airflowproj/py_env/lib/python3.10/site-packages/airflow/example_dags/example_latest_only.py
[2024-06-18T12:44:07.321+0400] {processor.py:830} INFO - Processing file /home/user/Desktop/airflowproj/py_env/lib/python3.10/site-packages/airflow/example_dags/example_latest_only.py for tasks to queue
[2024-06-18T12:44:07.322+0400] {logging_mixin.py:188} INFO - [2024-06-18T12:44:07.322+0400] {dagbag.py:545} INFO - Filling up the DagBag from /home/user/Desktop/airflowproj/py_env/lib/python3.10/site-packages/airflow/example_dags/example_latest_only.py
[2024-06-18T12:44:07.326+0400] {processor.py:840} INFO - DAG(s) 'latest_only' retrieved from /home/user/Desktop/airflowproj/py_env/lib/python3.10/site-packages/airflow/example_dags/example_latest_only.py
[2024-06-18T12:44:07.336+0400] {logging_mixin.py:188} INFO - [2024-06-18T12:44:07.336+0400] {dag.py:3096} INFO - Sync 1 DAGs
[2024-06-18T12:44:07.344+0400] {logging_mixin.py:188} INFO - [2024-06-18T12:44:07.344+0400] {dag.py:3954} INFO - Setting next_dagrun for latest_only to 2024-06-18 04:00:00+00:00, run_after=2024-06-18 08:00:00+00:00
[2024-06-18T12:44:07.356+0400] {processor.py:183} INFO - Processing /home/user/Desktop/airflowproj/py_env/lib/python3.10/site-packages/airflow/example_dags/example_latest_only.py took 0.043 seconds
[2024-06-18T12:45:10.385+0400] {processor.py:161} INFO - Started process (PID=46965) to work on /home/user/Desktop/airflowproj/py_env/lib/python3.10/site-packages/airflow/example_dags/example_latest_only.py
[2024-06-18T12:45:10.389+0400] {processor.py:830} INFO - Processing file /home/user/Desktop/airflowproj/py_env/lib/python3.10/site-packages/airflow/example_dags/example_latest_only.py for tasks to queue
[2024-06-18T12:45:10.390+0400] {logging_mixin.py:188} INFO - [2024-06-18T12:45:10.390+0400] {dagbag.py:545} INFO - Filling up the DagBag from /home/user/Desktop/airflowproj/py_env/lib/python3.10/site-packages/airflow/example_dags/example_latest_only.py
[2024-06-18T12:45:10.396+0400] {processor.py:840} INFO - DAG(s) 'latest_only' retrieved from /home/user/Desktop/airflowproj/py_env/lib/python3.10/site-packages/airflow/example_dags/example_latest_only.py
[2024-06-18T12:45:10.404+0400] {logging_mixin.py:188} INFO - [2024-06-18T12:45:10.404+0400] {dag.py:3096} INFO - Sync 1 DAGs
[2024-06-18T12:45:10.413+0400] {logging_mixin.py:188} INFO - [2024-06-18T12:45:10.413+0400] {dag.py:3954} INFO - Setting next_dagrun for latest_only to 2024-06-18 04:00:00+00:00, run_after=2024-06-18 08:00:00+00:00
[2024-06-18T12:45:10.425+0400] {processor.py:183} INFO - Processing /home/user/Desktop/airflowproj/py_env/lib/python3.10/site-packages/airflow/example_dags/example_latest_only.py took 0.046 seconds
[2024-06-18T12:46:09.323+0400] {processor.py:161} INFO - Started process (PID=47110) to work on /home/user/Desktop/airflowproj/py_env/lib/python3.10/site-packages/airflow/example_dags/example_latest_only.py
[2024-06-18T12:46:09.325+0400] {processor.py:830} INFO - Processing file /home/user/Desktop/airflowproj/py_env/lib/python3.10/site-packages/airflow/example_dags/example_latest_only.py for tasks to queue
[2024-06-18T12:46:09.327+0400] {logging_mixin.py:188} INFO - [2024-06-18T12:46:09.326+0400] {dagbag.py:545} INFO - Filling up the DagBag from /home/user/Desktop/airflowproj/py_env/lib/python3.10/site-packages/airflow/example_dags/example_latest_only.py
[2024-06-18T12:46:09.331+0400] {processor.py:840} INFO - DAG(s) 'latest_only' retrieved from /home/user/Desktop/airflowproj/py_env/lib/python3.10/site-packages/airflow/example_dags/example_latest_only.py
[2024-06-18T12:46:09.343+0400] {logging_mixin.py:188} INFO - [2024-06-18T12:46:09.343+0400] {dag.py:3096} INFO - Sync 1 DAGs
[2024-06-18T12:46:09.353+0400] {logging_mixin.py:188} INFO - [2024-06-18T12:46:09.353+0400] {dag.py:3954} INFO - Setting next_dagrun for latest_only to 2024-06-18 04:00:00+00:00, run_after=2024-06-18 08:00:00+00:00
[2024-06-18T12:46:09.368+0400] {processor.py:183} INFO - Processing /home/user/Desktop/airflowproj/py_env/lib/python3.10/site-packages/airflow/example_dags/example_latest_only.py took 0.051 seconds
[2024-06-18T12:47:08.461+0400] {processor.py:161} INFO - Started process (PID=47879) to work on /home/user/Desktop/airflowproj/py_env/lib/python3.10/site-packages/airflow/example_dags/example_latest_only.py
[2024-06-18T12:47:08.463+0400] {processor.py:830} INFO - Processing file /home/user/Desktop/airflowproj/py_env/lib/python3.10/site-packages/airflow/example_dags/example_latest_only.py for tasks to queue
[2024-06-18T12:47:08.465+0400] {logging_mixin.py:188} INFO - [2024-06-18T12:47:08.464+0400] {dagbag.py:545} INFO - Filling up the DagBag from /home/user/Desktop/airflowproj/py_env/lib/python3.10/site-packages/airflow/example_dags/example_latest_only.py
[2024-06-18T12:47:08.469+0400] {processor.py:840} INFO - DAG(s) 'latest_only' retrieved from /home/user/Desktop/airflowproj/py_env/lib/python3.10/site-packages/airflow/example_dags/example_latest_only.py
[2024-06-18T12:47:08.478+0400] {logging_mixin.py:188} INFO - [2024-06-18T12:47:08.478+0400] {dag.py:3096} INFO - Sync 1 DAGs
[2024-06-18T12:47:08.487+0400] {logging_mixin.py:188} INFO - [2024-06-18T12:47:08.487+0400] {dag.py:3954} INFO - Setting next_dagrun for latest_only to 2024-06-18 04:00:00+00:00, run_after=2024-06-18 08:00:00+00:00
[2024-06-18T12:47:08.504+0400] {processor.py:183} INFO - Processing /home/user/Desktop/airflowproj/py_env/lib/python3.10/site-packages/airflow/example_dags/example_latest_only.py took 0.051 seconds
[2024-06-18T12:48:06.277+0400] {processor.py:161} INFO - Started process (PID=48203) to work on /home/user/Desktop/airflowproj/py_env/lib/python3.10/site-packages/airflow/example_dags/example_latest_only.py
[2024-06-18T12:48:06.279+0400] {processor.py:830} INFO - Processing file /home/user/Desktop/airflowproj/py_env/lib/python3.10/site-packages/airflow/example_dags/example_latest_only.py for tasks to queue
[2024-06-18T12:48:06.282+0400] {logging_mixin.py:188} INFO - [2024-06-18T12:48:06.281+0400] {dagbag.py:545} INFO - Filling up the DagBag from /home/user/Desktop/airflowproj/py_env/lib/python3.10/site-packages/airflow/example_dags/example_latest_only.py
[2024-06-18T12:48:06.288+0400] {processor.py:840} INFO - DAG(s) 'latest_only' retrieved from /home/user/Desktop/airflowproj/py_env/lib/python3.10/site-packages/airflow/example_dags/example_latest_only.py
[2024-06-18T12:48:06.299+0400] {logging_mixin.py:188} INFO - [2024-06-18T12:48:06.299+0400] {dag.py:3096} INFO - Sync 1 DAGs
[2024-06-18T12:48:06.310+0400] {logging_mixin.py:188} INFO - [2024-06-18T12:48:06.310+0400] {dag.py:3954} INFO - Setting next_dagrun for latest_only to 2024-06-18 04:00:00+00:00, run_after=2024-06-18 08:00:00+00:00
[2024-06-18T12:48:06.326+0400] {processor.py:183} INFO - Processing /home/user/Desktop/airflowproj/py_env/lib/python3.10/site-packages/airflow/example_dags/example_latest_only.py took 0.055 seconds
[2024-06-18T12:48:56.908+0400] {processor.py:161} INFO - Started process (PID=48458) to work on /home/user/Desktop/airflowproj/py_env/lib/python3.10/site-packages/airflow/example_dags/example_latest_only.py
[2024-06-18T12:48:56.910+0400] {processor.py:830} INFO - Processing file /home/user/Desktop/airflowproj/py_env/lib/python3.10/site-packages/airflow/example_dags/example_latest_only.py for tasks to queue
[2024-06-18T12:48:56.912+0400] {logging_mixin.py:188} INFO - [2024-06-18T12:48:56.911+0400] {dagbag.py:545} INFO - Filling up the DagBag from /home/user/Desktop/airflowproj/py_env/lib/python3.10/site-packages/airflow/example_dags/example_latest_only.py
[2024-06-18T12:48:56.915+0400] {processor.py:840} INFO - DAG(s) 'latest_only' retrieved from /home/user/Desktop/airflowproj/py_env/lib/python3.10/site-packages/airflow/example_dags/example_latest_only.py
[2024-06-18T12:48:56.922+0400] {logging_mixin.py:188} INFO - [2024-06-18T12:48:56.922+0400] {dag.py:3096} INFO - Sync 1 DAGs
[2024-06-18T12:48:56.931+0400] {logging_mixin.py:188} INFO - [2024-06-18T12:48:56.931+0400] {dag.py:3954} INFO - Setting next_dagrun for latest_only to 2024-06-18 04:00:00+00:00, run_after=2024-06-18 08:00:00+00:00
[2024-06-18T12:48:56.944+0400] {processor.py:183} INFO - Processing /home/user/Desktop/airflowproj/py_env/lib/python3.10/site-packages/airflow/example_dags/example_latest_only.py took 0.041 seconds
[2024-06-18T12:49:55.766+0400] {processor.py:161} INFO - Started process (PID=48715) to work on /home/user/Desktop/airflowproj/py_env/lib/python3.10/site-packages/airflow/example_dags/example_latest_only.py
[2024-06-18T12:49:55.768+0400] {processor.py:830} INFO - Processing file /home/user/Desktop/airflowproj/py_env/lib/python3.10/site-packages/airflow/example_dags/example_latest_only.py for tasks to queue
[2024-06-18T12:49:55.770+0400] {logging_mixin.py:188} INFO - [2024-06-18T12:49:55.769+0400] {dagbag.py:545} INFO - Filling up the DagBag from /home/user/Desktop/airflowproj/py_env/lib/python3.10/site-packages/airflow/example_dags/example_latest_only.py
[2024-06-18T12:49:55.774+0400] {processor.py:840} INFO - DAG(s) 'latest_only' retrieved from /home/user/Desktop/airflowproj/py_env/lib/python3.10/site-packages/airflow/example_dags/example_latest_only.py
[2024-06-18T12:49:55.784+0400] {logging_mixin.py:188} INFO - [2024-06-18T12:49:55.784+0400] {dag.py:3096} INFO - Sync 1 DAGs
[2024-06-18T12:49:55.796+0400] {logging_mixin.py:188} INFO - [2024-06-18T12:49:55.796+0400] {dag.py:3954} INFO - Setting next_dagrun for latest_only to 2024-06-18 04:00:00+00:00, run_after=2024-06-18 08:00:00+00:00
[2024-06-18T12:49:55.813+0400] {processor.py:183} INFO - Processing /home/user/Desktop/airflowproj/py_env/lib/python3.10/site-packages/airflow/example_dags/example_latest_only.py took 0.052 seconds
[2024-06-18T12:50:56.322+0400] {processor.py:161} INFO - Started process (PID=48882) to work on /home/user/Desktop/airflowproj/py_env/lib/python3.10/site-packages/airflow/example_dags/example_latest_only.py
[2024-06-18T12:50:56.322+0400] {processor.py:830} INFO - Processing file /home/user/Desktop/airflowproj/py_env/lib/python3.10/site-packages/airflow/example_dags/example_latest_only.py for tasks to queue
[2024-06-18T12:50:56.323+0400] {logging_mixin.py:188} INFO - [2024-06-18T12:50:56.323+0400] {dagbag.py:545} INFO - Filling up the DagBag from /home/user/Desktop/airflowproj/py_env/lib/python3.10/site-packages/airflow/example_dags/example_latest_only.py
[2024-06-18T12:50:56.325+0400] {processor.py:840} INFO - DAG(s) 'latest_only' retrieved from /home/user/Desktop/airflowproj/py_env/lib/python3.10/site-packages/airflow/example_dags/example_latest_only.py
[2024-06-18T12:50:56.332+0400] {logging_mixin.py:188} INFO - [2024-06-18T12:50:56.332+0400] {dag.py:3096} INFO - Sync 1 DAGs
[2024-06-18T12:50:56.341+0400] {logging_mixin.py:188} INFO - [2024-06-18T12:50:56.341+0400] {dag.py:3954} INFO - Setting next_dagrun for latest_only to 2024-06-18 04:00:00+00:00, run_after=2024-06-18 08:00:00+00:00
[2024-06-18T12:50:56.353+0400] {processor.py:183} INFO - Processing /home/user/Desktop/airflowproj/py_env/lib/python3.10/site-packages/airflow/example_dags/example_latest_only.py took 0.035 seconds
[2024-06-18T12:51:54.724+0400] {processor.py:161} INFO - Started process (PID=49133) to work on /home/user/Desktop/airflowproj/py_env/lib/python3.10/site-packages/airflow/example_dags/example_latest_only.py
[2024-06-18T12:51:54.726+0400] {processor.py:830} INFO - Processing file /home/user/Desktop/airflowproj/py_env/lib/python3.10/site-packages/airflow/example_dags/example_latest_only.py for tasks to queue
[2024-06-18T12:51:54.727+0400] {logging_mixin.py:188} INFO - [2024-06-18T12:51:54.727+0400] {dagbag.py:545} INFO - Filling up the DagBag from /home/user/Desktop/airflowproj/py_env/lib/python3.10/site-packages/airflow/example_dags/example_latest_only.py
[2024-06-18T12:51:54.730+0400] {processor.py:840} INFO - DAG(s) 'latest_only' retrieved from /home/user/Desktop/airflowproj/py_env/lib/python3.10/site-packages/airflow/example_dags/example_latest_only.py
[2024-06-18T12:51:54.738+0400] {logging_mixin.py:188} INFO - [2024-06-18T12:51:54.737+0400] {dag.py:3096} INFO - Sync 1 DAGs
[2024-06-18T12:51:54.746+0400] {logging_mixin.py:188} INFO - [2024-06-18T12:51:54.746+0400] {dag.py:3954} INFO - Setting next_dagrun for latest_only to 2024-06-18 04:00:00+00:00, run_after=2024-06-18 08:00:00+00:00
[2024-06-18T12:51:54.761+0400] {processor.py:183} INFO - Processing /home/user/Desktop/airflowproj/py_env/lib/python3.10/site-packages/airflow/example_dags/example_latest_only.py took 0.041 seconds
[2024-06-18T12:52:53.026+0400] {processor.py:161} INFO - Started process (PID=49309) to work on /home/user/Desktop/airflowproj/py_env/lib/python3.10/site-packages/airflow/example_dags/example_latest_only.py
[2024-06-18T12:52:53.029+0400] {processor.py:830} INFO - Processing file /home/user/Desktop/airflowproj/py_env/lib/python3.10/site-packages/airflow/example_dags/example_latest_only.py for tasks to queue
[2024-06-18T12:52:53.030+0400] {logging_mixin.py:188} INFO - [2024-06-18T12:52:53.030+0400] {dagbag.py:545} INFO - Filling up the DagBag from /home/user/Desktop/airflowproj/py_env/lib/python3.10/site-packages/airflow/example_dags/example_latest_only.py
[2024-06-18T12:52:53.036+0400] {processor.py:840} INFO - DAG(s) 'latest_only' retrieved from /home/user/Desktop/airflowproj/py_env/lib/python3.10/site-packages/airflow/example_dags/example_latest_only.py
[2024-06-18T12:52:53.048+0400] {logging_mixin.py:188} INFO - [2024-06-18T12:52:53.048+0400] {dag.py:3096} INFO - Sync 1 DAGs
[2024-06-18T12:52:53.064+0400] {logging_mixin.py:188} INFO - [2024-06-18T12:52:53.063+0400] {dag.py:3954} INFO - Setting next_dagrun for latest_only to 2024-06-18 04:00:00+00:00, run_after=2024-06-18 08:00:00+00:00
[2024-06-18T12:52:53.084+0400] {processor.py:183} INFO - Processing /home/user/Desktop/airflowproj/py_env/lib/python3.10/site-packages/airflow/example_dags/example_latest_only.py took 0.063 seconds
[2024-06-18T12:53:51.298+0400] {processor.py:161} INFO - Started process (PID=49612) to work on /home/user/Desktop/airflowproj/py_env/lib/python3.10/site-packages/airflow/example_dags/example_latest_only.py
[2024-06-18T12:53:51.300+0400] {processor.py:830} INFO - Processing file /home/user/Desktop/airflowproj/py_env/lib/python3.10/site-packages/airflow/example_dags/example_latest_only.py for tasks to queue
[2024-06-18T12:53:51.302+0400] {logging_mixin.py:188} INFO - [2024-06-18T12:53:51.301+0400] {dagbag.py:545} INFO - Filling up the DagBag from /home/user/Desktop/airflowproj/py_env/lib/python3.10/site-packages/airflow/example_dags/example_latest_only.py
[2024-06-18T12:53:51.307+0400] {processor.py:840} INFO - DAG(s) 'latest_only' retrieved from /home/user/Desktop/airflowproj/py_env/lib/python3.10/site-packages/airflow/example_dags/example_latest_only.py
[2024-06-18T12:53:51.315+0400] {logging_mixin.py:188} INFO - [2024-06-18T12:53:51.315+0400] {dag.py:3096} INFO - Sync 1 DAGs
[2024-06-18T12:53:51.325+0400] {logging_mixin.py:188} INFO - [2024-06-18T12:53:51.324+0400] {dag.py:3954} INFO - Setting next_dagrun for latest_only to 2024-06-18 04:00:00+00:00, run_after=2024-06-18 08:00:00+00:00
[2024-06-18T12:53:51.339+0400] {processor.py:183} INFO - Processing /home/user/Desktop/airflowproj/py_env/lib/python3.10/site-packages/airflow/example_dags/example_latest_only.py took 0.045 seconds
[2024-06-18T12:54:47.861+0400] {processor.py:161} INFO - Started process (PID=49742) to work on /home/user/Desktop/airflowproj/py_env/lib/python3.10/site-packages/airflow/example_dags/example_latest_only.py
[2024-06-18T12:54:47.863+0400] {processor.py:830} INFO - Processing file /home/user/Desktop/airflowproj/py_env/lib/python3.10/site-packages/airflow/example_dags/example_latest_only.py for tasks to queue
[2024-06-18T12:54:47.864+0400] {logging_mixin.py:188} INFO - [2024-06-18T12:54:47.864+0400] {dagbag.py:545} INFO - Filling up the DagBag from /home/user/Desktop/airflowproj/py_env/lib/python3.10/site-packages/airflow/example_dags/example_latest_only.py
[2024-06-18T12:54:47.867+0400] {processor.py:840} INFO - DAG(s) 'latest_only' retrieved from /home/user/Desktop/airflowproj/py_env/lib/python3.10/site-packages/airflow/example_dags/example_latest_only.py
[2024-06-18T12:54:47.875+0400] {logging_mixin.py:188} INFO - [2024-06-18T12:54:47.875+0400] {dag.py:3096} INFO - Sync 1 DAGs
[2024-06-18T12:54:47.885+0400] {logging_mixin.py:188} INFO - [2024-06-18T12:54:47.885+0400] {dag.py:3954} INFO - Setting next_dagrun for latest_only to 2024-06-18 04:00:00+00:00, run_after=2024-06-18 08:00:00+00:00
[2024-06-18T12:54:47.898+0400] {processor.py:183} INFO - Processing /home/user/Desktop/airflowproj/py_env/lib/python3.10/site-packages/airflow/example_dags/example_latest_only.py took 0.040 seconds
[2024-06-18T12:55:46.971+0400] {processor.py:161} INFO - Started process (PID=50072) to work on /home/user/Desktop/airflowproj/py_env/lib/python3.10/site-packages/airflow/example_dags/example_latest_only.py
[2024-06-18T12:55:46.973+0400] {processor.py:830} INFO - Processing file /home/user/Desktop/airflowproj/py_env/lib/python3.10/site-packages/airflow/example_dags/example_latest_only.py for tasks to queue
[2024-06-18T12:55:46.975+0400] {logging_mixin.py:188} INFO - [2024-06-18T12:55:46.974+0400] {dagbag.py:545} INFO - Filling up the DagBag from /home/user/Desktop/airflowproj/py_env/lib/python3.10/site-packages/airflow/example_dags/example_latest_only.py
[2024-06-18T12:55:46.978+0400] {processor.py:840} INFO - DAG(s) 'latest_only' retrieved from /home/user/Desktop/airflowproj/py_env/lib/python3.10/site-packages/airflow/example_dags/example_latest_only.py
[2024-06-18T12:55:46.990+0400] {logging_mixin.py:188} INFO - [2024-06-18T12:55:46.989+0400] {dag.py:3096} INFO - Sync 1 DAGs
[2024-06-18T12:55:47.007+0400] {logging_mixin.py:188} INFO - [2024-06-18T12:55:47.007+0400] {dag.py:3954} INFO - Setting next_dagrun for latest_only to 2024-06-18 04:00:00+00:00, run_after=2024-06-18 08:00:00+00:00
[2024-06-18T12:55:47.026+0400] {processor.py:183} INFO - Processing /home/user/Desktop/airflowproj/py_env/lib/python3.10/site-packages/airflow/example_dags/example_latest_only.py took 0.060 seconds
[2024-06-18T12:56:45.267+0400] {processor.py:161} INFO - Started process (PID=50303) to work on /home/user/Desktop/airflowproj/py_env/lib/python3.10/site-packages/airflow/example_dags/example_latest_only.py
[2024-06-18T12:56:45.269+0400] {processor.py:830} INFO - Processing file /home/user/Desktop/airflowproj/py_env/lib/python3.10/site-packages/airflow/example_dags/example_latest_only.py for tasks to queue
[2024-06-18T12:56:45.270+0400] {logging_mixin.py:188} INFO - [2024-06-18T12:56:45.270+0400] {dagbag.py:545} INFO - Filling up the DagBag from /home/user/Desktop/airflowproj/py_env/lib/python3.10/site-packages/airflow/example_dags/example_latest_only.py
[2024-06-18T12:56:45.273+0400] {processor.py:840} INFO - DAG(s) 'latest_only' retrieved from /home/user/Desktop/airflowproj/py_env/lib/python3.10/site-packages/airflow/example_dags/example_latest_only.py
[2024-06-18T12:56:45.280+0400] {logging_mixin.py:188} INFO - [2024-06-18T12:56:45.280+0400] {dag.py:3096} INFO - Sync 1 DAGs
[2024-06-18T12:56:45.288+0400] {logging_mixin.py:188} INFO - [2024-06-18T12:56:45.288+0400] {dag.py:3954} INFO - Setting next_dagrun for latest_only to 2024-06-18 04:00:00+00:00, run_after=2024-06-18 08:00:00+00:00
[2024-06-18T12:56:45.301+0400] {processor.py:183} INFO - Processing /home/user/Desktop/airflowproj/py_env/lib/python3.10/site-packages/airflow/example_dags/example_latest_only.py took 0.039 seconds
[2024-06-18T12:57:45.829+0400] {processor.py:161} INFO - Started process (PID=50558) to work on /home/user/Desktop/airflowproj/py_env/lib/python3.10/site-packages/airflow/example_dags/example_latest_only.py
[2024-06-18T12:57:45.831+0400] {processor.py:830} INFO - Processing file /home/user/Desktop/airflowproj/py_env/lib/python3.10/site-packages/airflow/example_dags/example_latest_only.py for tasks to queue
[2024-06-18T12:57:45.832+0400] {logging_mixin.py:188} INFO - [2024-06-18T12:57:45.832+0400] {dagbag.py:545} INFO - Filling up the DagBag from /home/user/Desktop/airflowproj/py_env/lib/python3.10/site-packages/airflow/example_dags/example_latest_only.py
[2024-06-18T12:57:45.835+0400] {processor.py:840} INFO - DAG(s) 'latest_only' retrieved from /home/user/Desktop/airflowproj/py_env/lib/python3.10/site-packages/airflow/example_dags/example_latest_only.py
[2024-06-18T12:57:45.842+0400] {logging_mixin.py:188} INFO - [2024-06-18T12:57:45.842+0400] {dag.py:3096} INFO - Sync 1 DAGs
[2024-06-18T12:57:45.850+0400] {logging_mixin.py:188} INFO - [2024-06-18T12:57:45.850+0400] {dag.py:3954} INFO - Setting next_dagrun for latest_only to 2024-06-18 04:00:00+00:00, run_after=2024-06-18 08:00:00+00:00
[2024-06-18T12:57:45.864+0400] {processor.py:183} INFO - Processing /home/user/Desktop/airflowproj/py_env/lib/python3.10/site-packages/airflow/example_dags/example_latest_only.py took 0.038 seconds
[2024-06-18T12:58:42.386+0400] {processor.py:161} INFO - Started process (PID=51085) to work on /home/user/Desktop/airflowproj/py_env/lib/python3.10/site-packages/airflow/example_dags/example_latest_only.py
[2024-06-18T12:58:42.387+0400] {processor.py:830} INFO - Processing file /home/user/Desktop/airflowproj/py_env/lib/python3.10/site-packages/airflow/example_dags/example_latest_only.py for tasks to queue
[2024-06-18T12:58:42.388+0400] {logging_mixin.py:188} INFO - [2024-06-18T12:58:42.388+0400] {dagbag.py:545} INFO - Filling up the DagBag from /home/user/Desktop/airflowproj/py_env/lib/python3.10/site-packages/airflow/example_dags/example_latest_only.py
[2024-06-18T12:58:42.390+0400] {processor.py:840} INFO - DAG(s) 'latest_only' retrieved from /home/user/Desktop/airflowproj/py_env/lib/python3.10/site-packages/airflow/example_dags/example_latest_only.py
[2024-06-18T12:58:42.398+0400] {logging_mixin.py:188} INFO - [2024-06-18T12:58:42.398+0400] {dag.py:3096} INFO - Sync 1 DAGs
[2024-06-18T12:58:42.407+0400] {logging_mixin.py:188} INFO - [2024-06-18T12:58:42.407+0400] {dag.py:3954} INFO - Setting next_dagrun for latest_only to 2024-06-18 04:00:00+00:00, run_after=2024-06-18 08:00:00+00:00
[2024-06-18T12:58:42.421+0400] {processor.py:183} INFO - Processing /home/user/Desktop/airflowproj/py_env/lib/python3.10/site-packages/airflow/example_dags/example_latest_only.py took 0.039 seconds
[2024-06-18T12:59:40.897+0400] {processor.py:161} INFO - Started process (PID=51452) to work on /home/user/Desktop/airflowproj/py_env/lib/python3.10/site-packages/airflow/example_dags/example_latest_only.py
[2024-06-18T12:59:40.898+0400] {processor.py:830} INFO - Processing file /home/user/Desktop/airflowproj/py_env/lib/python3.10/site-packages/airflow/example_dags/example_latest_only.py for tasks to queue
[2024-06-18T12:59:40.899+0400] {logging_mixin.py:188} INFO - [2024-06-18T12:59:40.899+0400] {dagbag.py:545} INFO - Filling up the DagBag from /home/user/Desktop/airflowproj/py_env/lib/python3.10/site-packages/airflow/example_dags/example_latest_only.py
[2024-06-18T12:59:40.903+0400] {processor.py:840} INFO - DAG(s) 'latest_only' retrieved from /home/user/Desktop/airflowproj/py_env/lib/python3.10/site-packages/airflow/example_dags/example_latest_only.py
[2024-06-18T12:59:40.910+0400] {logging_mixin.py:188} INFO - [2024-06-18T12:59:40.910+0400] {dag.py:3096} INFO - Sync 1 DAGs
[2024-06-18T12:59:40.921+0400] {logging_mixin.py:188} INFO - [2024-06-18T12:59:40.921+0400] {dag.py:3954} INFO - Setting next_dagrun for latest_only to 2024-06-18 04:00:00+00:00, run_after=2024-06-18 08:00:00+00:00
[2024-06-18T12:59:40.934+0400] {processor.py:183} INFO - Processing /home/user/Desktop/airflowproj/py_env/lib/python3.10/site-packages/airflow/example_dags/example_latest_only.py took 0.044 seconds
[2024-06-18T13:00:35.765+0400] {processor.py:161} INFO - Started process (PID=51817) to work on /home/user/Desktop/airflowproj/py_env/lib/python3.10/site-packages/airflow/example_dags/example_latest_only.py
[2024-06-18T13:00:35.767+0400] {processor.py:830} INFO - Processing file /home/user/Desktop/airflowproj/py_env/lib/python3.10/site-packages/airflow/example_dags/example_latest_only.py for tasks to queue
[2024-06-18T13:00:35.768+0400] {logging_mixin.py:188} INFO - [2024-06-18T13:00:35.768+0400] {dagbag.py:545} INFO - Filling up the DagBag from /home/user/Desktop/airflowproj/py_env/lib/python3.10/site-packages/airflow/example_dags/example_latest_only.py
[2024-06-18T13:00:35.770+0400] {processor.py:840} INFO - DAG(s) 'latest_only' retrieved from /home/user/Desktop/airflowproj/py_env/lib/python3.10/site-packages/airflow/example_dags/example_latest_only.py
[2024-06-18T13:00:35.779+0400] {logging_mixin.py:188} INFO - [2024-06-18T13:00:35.779+0400] {dag.py:3096} INFO - Sync 1 DAGs
[2024-06-18T13:00:35.789+0400] {logging_mixin.py:188} INFO - [2024-06-18T13:00:35.789+0400] {dag.py:3954} INFO - Setting next_dagrun for latest_only to 2024-06-18 04:00:00+00:00, run_after=2024-06-18 08:00:00+00:00
[2024-06-18T13:00:35.803+0400] {processor.py:183} INFO - Processing /home/user/Desktop/airflowproj/py_env/lib/python3.10/site-packages/airflow/example_dags/example_latest_only.py took 0.041 seconds
[2024-06-18T13:01:35.201+0400] {processor.py:161} INFO - Started process (PID=52151) to work on /home/user/Desktop/airflowproj/py_env/lib/python3.10/site-packages/airflow/example_dags/example_latest_only.py
[2024-06-18T13:01:35.203+0400] {processor.py:830} INFO - Processing file /home/user/Desktop/airflowproj/py_env/lib/python3.10/site-packages/airflow/example_dags/example_latest_only.py for tasks to queue
[2024-06-18T13:01:35.204+0400] {logging_mixin.py:188} INFO - [2024-06-18T13:01:35.204+0400] {dagbag.py:545} INFO - Filling up the DagBag from /home/user/Desktop/airflowproj/py_env/lib/python3.10/site-packages/airflow/example_dags/example_latest_only.py
[2024-06-18T13:01:35.207+0400] {processor.py:840} INFO - DAG(s) 'latest_only' retrieved from /home/user/Desktop/airflowproj/py_env/lib/python3.10/site-packages/airflow/example_dags/example_latest_only.py
[2024-06-18T13:01:35.214+0400] {logging_mixin.py:188} INFO - [2024-06-18T13:01:35.214+0400] {dag.py:3096} INFO - Sync 1 DAGs
[2024-06-18T13:01:35.222+0400] {logging_mixin.py:188} INFO - [2024-06-18T13:01:35.222+0400] {dag.py:3954} INFO - Setting next_dagrun for latest_only to 2024-06-18 04:00:00+00:00, run_after=2024-06-18 08:00:00+00:00
[2024-06-18T13:01:35.237+0400] {processor.py:183} INFO - Processing /home/user/Desktop/airflowproj/py_env/lib/python3.10/site-packages/airflow/example_dags/example_latest_only.py took 0.042 seconds
[2024-06-18T13:02:34.619+0400] {processor.py:161} INFO - Started process (PID=52910) to work on /home/user/Desktop/airflowproj/py_env/lib/python3.10/site-packages/airflow/example_dags/example_latest_only.py
[2024-06-18T13:02:34.621+0400] {processor.py:830} INFO - Processing file /home/user/Desktop/airflowproj/py_env/lib/python3.10/site-packages/airflow/example_dags/example_latest_only.py for tasks to queue
[2024-06-18T13:02:34.622+0400] {logging_mixin.py:188} INFO - [2024-06-18T13:02:34.622+0400] {dagbag.py:545} INFO - Filling up the DagBag from /home/user/Desktop/airflowproj/py_env/lib/python3.10/site-packages/airflow/example_dags/example_latest_only.py
[2024-06-18T13:02:34.625+0400] {processor.py:840} INFO - DAG(s) 'latest_only' retrieved from /home/user/Desktop/airflowproj/py_env/lib/python3.10/site-packages/airflow/example_dags/example_latest_only.py
[2024-06-18T13:02:34.634+0400] {logging_mixin.py:188} INFO - [2024-06-18T13:02:34.634+0400] {dag.py:3096} INFO - Sync 1 DAGs
[2024-06-18T13:02:34.644+0400] {logging_mixin.py:188} INFO - [2024-06-18T13:02:34.644+0400] {dag.py:3954} INFO - Setting next_dagrun for latest_only to 2024-06-18 04:00:00+00:00, run_after=2024-06-18 08:00:00+00:00
[2024-06-18T13:02:34.658+0400] {processor.py:183} INFO - Processing /home/user/Desktop/airflowproj/py_env/lib/python3.10/site-packages/airflow/example_dags/example_latest_only.py took 0.045 seconds
[2024-06-18T13:03:33.921+0400] {processor.py:161} INFO - Started process (PID=53133) to work on /home/user/Desktop/airflowproj/py_env/lib/python3.10/site-packages/airflow/example_dags/example_latest_only.py
[2024-06-18T13:03:33.922+0400] {processor.py:830} INFO - Processing file /home/user/Desktop/airflowproj/py_env/lib/python3.10/site-packages/airflow/example_dags/example_latest_only.py for tasks to queue
[2024-06-18T13:03:33.924+0400] {logging_mixin.py:188} INFO - [2024-06-18T13:03:33.923+0400] {dagbag.py:545} INFO - Filling up the DagBag from /home/user/Desktop/airflowproj/py_env/lib/python3.10/site-packages/airflow/example_dags/example_latest_only.py
[2024-06-18T13:03:33.927+0400] {processor.py:840} INFO - DAG(s) 'latest_only' retrieved from /home/user/Desktop/airflowproj/py_env/lib/python3.10/site-packages/airflow/example_dags/example_latest_only.py
[2024-06-18T13:03:33.936+0400] {logging_mixin.py:188} INFO - [2024-06-18T13:03:33.936+0400] {dag.py:3096} INFO - Sync 1 DAGs
[2024-06-18T13:03:33.946+0400] {logging_mixin.py:188} INFO - [2024-06-18T13:03:33.946+0400] {dag.py:3954} INFO - Setting next_dagrun for latest_only to 2024-06-18 04:00:00+00:00, run_after=2024-06-18 08:00:00+00:00
[2024-06-18T13:03:33.960+0400] {processor.py:183} INFO - Processing /home/user/Desktop/airflowproj/py_env/lib/python3.10/site-packages/airflow/example_dags/example_latest_only.py took 0.044 seconds
[2024-06-18T13:04:31.366+0400] {processor.py:161} INFO - Started process (PID=53342) to work on /home/user/Desktop/airflowproj/py_env/lib/python3.10/site-packages/airflow/example_dags/example_latest_only.py
[2024-06-18T13:04:31.369+0400] {processor.py:830} INFO - Processing file /home/user/Desktop/airflowproj/py_env/lib/python3.10/site-packages/airflow/example_dags/example_latest_only.py for tasks to queue
[2024-06-18T13:04:31.370+0400] {logging_mixin.py:188} INFO - [2024-06-18T13:04:31.369+0400] {dagbag.py:545} INFO - Filling up the DagBag from /home/user/Desktop/airflowproj/py_env/lib/python3.10/site-packages/airflow/example_dags/example_latest_only.py
[2024-06-18T13:04:31.373+0400] {processor.py:840} INFO - DAG(s) 'latest_only' retrieved from /home/user/Desktop/airflowproj/py_env/lib/python3.10/site-packages/airflow/example_dags/example_latest_only.py
[2024-06-18T13:04:31.382+0400] {logging_mixin.py:188} INFO - [2024-06-18T13:04:31.382+0400] {dag.py:3096} INFO - Sync 1 DAGs
[2024-06-18T13:04:31.392+0400] {logging_mixin.py:188} INFO - [2024-06-18T13:04:31.392+0400] {dag.py:3954} INFO - Setting next_dagrun for latest_only to 2024-06-18 04:00:00+00:00, run_after=2024-06-18 08:00:00+00:00
[2024-06-18T13:04:31.405+0400] {processor.py:183} INFO - Processing /home/user/Desktop/airflowproj/py_env/lib/python3.10/site-packages/airflow/example_dags/example_latest_only.py took 0.044 seconds
[2024-06-18T13:05:27.740+0400] {processor.py:161} INFO - Started process (PID=53586) to work on /home/user/Desktop/airflowproj/py_env/lib/python3.10/site-packages/airflow/example_dags/example_latest_only.py
[2024-06-18T13:05:27.742+0400] {processor.py:830} INFO - Processing file /home/user/Desktop/airflowproj/py_env/lib/python3.10/site-packages/airflow/example_dags/example_latest_only.py for tasks to queue
[2024-06-18T13:05:27.743+0400] {logging_mixin.py:188} INFO - [2024-06-18T13:05:27.743+0400] {dagbag.py:545} INFO - Filling up the DagBag from /home/user/Desktop/airflowproj/py_env/lib/python3.10/site-packages/airflow/example_dags/example_latest_only.py
[2024-06-18T13:05:27.746+0400] {processor.py:840} INFO - DAG(s) 'latest_only' retrieved from /home/user/Desktop/airflowproj/py_env/lib/python3.10/site-packages/airflow/example_dags/example_latest_only.py
[2024-06-18T13:05:27.754+0400] {logging_mixin.py:188} INFO - [2024-06-18T13:05:27.753+0400] {dag.py:3096} INFO - Sync 1 DAGs
[2024-06-18T13:05:27.762+0400] {logging_mixin.py:188} INFO - [2024-06-18T13:05:27.762+0400] {dag.py:3954} INFO - Setting next_dagrun for latest_only to 2024-06-18 04:00:00+00:00, run_after=2024-06-18 08:00:00+00:00
[2024-06-18T13:05:27.776+0400] {processor.py:183} INFO - Processing /home/user/Desktop/airflowproj/py_env/lib/python3.10/site-packages/airflow/example_dags/example_latest_only.py took 0.040 seconds
[2024-06-18T13:06:26.297+0400] {processor.py:161} INFO - Started process (PID=53792) to work on /home/user/Desktop/airflowproj/py_env/lib/python3.10/site-packages/airflow/example_dags/example_latest_only.py
[2024-06-18T13:06:26.300+0400] {processor.py:830} INFO - Processing file /home/user/Desktop/airflowproj/py_env/lib/python3.10/site-packages/airflow/example_dags/example_latest_only.py for tasks to queue
[2024-06-18T13:06:26.302+0400] {logging_mixin.py:188} INFO - [2024-06-18T13:06:26.301+0400] {dagbag.py:545} INFO - Filling up the DagBag from /home/user/Desktop/airflowproj/py_env/lib/python3.10/site-packages/airflow/example_dags/example_latest_only.py
[2024-06-18T13:06:26.306+0400] {processor.py:840} INFO - DAG(s) 'latest_only' retrieved from /home/user/Desktop/airflowproj/py_env/lib/python3.10/site-packages/airflow/example_dags/example_latest_only.py
[2024-06-18T13:06:26.313+0400] {logging_mixin.py:188} INFO - [2024-06-18T13:06:26.313+0400] {dag.py:3096} INFO - Sync 1 DAGs
[2024-06-18T13:06:26.322+0400] {logging_mixin.py:188} INFO - [2024-06-18T13:06:26.322+0400] {dag.py:3954} INFO - Setting next_dagrun for latest_only to 2024-06-18 04:00:00+00:00, run_after=2024-06-18 08:00:00+00:00
[2024-06-18T13:06:26.336+0400] {processor.py:183} INFO - Processing /home/user/Desktop/airflowproj/py_env/lib/python3.10/site-packages/airflow/example_dags/example_latest_only.py took 0.044 seconds
[2024-06-18T13:07:28.148+0400] {processor.py:161} INFO - Started process (PID=54002) to work on /home/user/Desktop/airflowproj/py_env/lib/python3.10/site-packages/airflow/example_dags/example_latest_only.py
[2024-06-18T13:07:28.151+0400] {processor.py:830} INFO - Processing file /home/user/Desktop/airflowproj/py_env/lib/python3.10/site-packages/airflow/example_dags/example_latest_only.py for tasks to queue
[2024-06-18T13:07:28.152+0400] {logging_mixin.py:188} INFO - [2024-06-18T13:07:28.151+0400] {dagbag.py:545} INFO - Filling up the DagBag from /home/user/Desktop/airflowproj/py_env/lib/python3.10/site-packages/airflow/example_dags/example_latest_only.py
[2024-06-18T13:07:28.154+0400] {processor.py:840} INFO - DAG(s) 'latest_only' retrieved from /home/user/Desktop/airflowproj/py_env/lib/python3.10/site-packages/airflow/example_dags/example_latest_only.py
[2024-06-18T13:07:28.162+0400] {logging_mixin.py:188} INFO - [2024-06-18T13:07:28.162+0400] {dag.py:3096} INFO - Sync 1 DAGs
[2024-06-18T13:07:28.171+0400] {logging_mixin.py:188} INFO - [2024-06-18T13:07:28.171+0400] {dag.py:3954} INFO - Setting next_dagrun for latest_only to 2024-06-18 04:00:00+00:00, run_after=2024-06-18 08:00:00+00:00
[2024-06-18T13:07:28.184+0400] {processor.py:183} INFO - Processing /home/user/Desktop/airflowproj/py_env/lib/python3.10/site-packages/airflow/example_dags/example_latest_only.py took 0.039 seconds
[2024-06-18T13:08:30.100+0400] {processor.py:161} INFO - Started process (PID=54251) to work on /home/user/Desktop/airflowproj/py_env/lib/python3.10/site-packages/airflow/example_dags/example_latest_only.py
[2024-06-18T13:08:30.102+0400] {processor.py:830} INFO - Processing file /home/user/Desktop/airflowproj/py_env/lib/python3.10/site-packages/airflow/example_dags/example_latest_only.py for tasks to queue
[2024-06-18T13:08:30.103+0400] {logging_mixin.py:188} INFO - [2024-06-18T13:08:30.103+0400] {dagbag.py:545} INFO - Filling up the DagBag from /home/user/Desktop/airflowproj/py_env/lib/python3.10/site-packages/airflow/example_dags/example_latest_only.py
[2024-06-18T13:08:30.106+0400] {processor.py:840} INFO - DAG(s) 'latest_only' retrieved from /home/user/Desktop/airflowproj/py_env/lib/python3.10/site-packages/airflow/example_dags/example_latest_only.py
[2024-06-18T13:08:30.114+0400] {logging_mixin.py:188} INFO - [2024-06-18T13:08:30.114+0400] {dag.py:3096} INFO - Sync 1 DAGs
[2024-06-18T13:08:30.123+0400] {logging_mixin.py:188} INFO - [2024-06-18T13:08:30.123+0400] {dag.py:3954} INFO - Setting next_dagrun for latest_only to 2024-06-18 04:00:00+00:00, run_after=2024-06-18 08:00:00+00:00
[2024-06-18T13:08:30.137+0400] {processor.py:183} INFO - Processing /home/user/Desktop/airflowproj/py_env/lib/python3.10/site-packages/airflow/example_dags/example_latest_only.py took 0.041 seconds
[2024-06-18T13:09:27.049+0400] {processor.py:161} INFO - Started process (PID=54507) to work on /home/user/Desktop/airflowproj/py_env/lib/python3.10/site-packages/airflow/example_dags/example_latest_only.py
[2024-06-18T13:09:27.051+0400] {processor.py:830} INFO - Processing file /home/user/Desktop/airflowproj/py_env/lib/python3.10/site-packages/airflow/example_dags/example_latest_only.py for tasks to queue
[2024-06-18T13:09:27.052+0400] {logging_mixin.py:188} INFO - [2024-06-18T13:09:27.051+0400] {dagbag.py:545} INFO - Filling up the DagBag from /home/user/Desktop/airflowproj/py_env/lib/python3.10/site-packages/airflow/example_dags/example_latest_only.py
[2024-06-18T13:09:27.054+0400] {processor.py:840} INFO - DAG(s) 'latest_only' retrieved from /home/user/Desktop/airflowproj/py_env/lib/python3.10/site-packages/airflow/example_dags/example_latest_only.py
[2024-06-18T13:09:27.062+0400] {logging_mixin.py:188} INFO - [2024-06-18T13:09:27.062+0400] {dag.py:3096} INFO - Sync 1 DAGs
[2024-06-18T13:09:27.071+0400] {logging_mixin.py:188} INFO - [2024-06-18T13:09:27.071+0400] {dag.py:3954} INFO - Setting next_dagrun for latest_only to 2024-06-18 04:00:00+00:00, run_after=2024-06-18 08:00:00+00:00
[2024-06-18T13:09:27.085+0400] {processor.py:183} INFO - Processing /home/user/Desktop/airflowproj/py_env/lib/python3.10/site-packages/airflow/example_dags/example_latest_only.py took 0.042 seconds
[2024-06-18T13:10:28.124+0400] {processor.py:161} INFO - Started process (PID=54720) to work on /home/user/Desktop/airflowproj/py_env/lib/python3.10/site-packages/airflow/example_dags/example_latest_only.py
[2024-06-18T13:10:28.126+0400] {processor.py:830} INFO - Processing file /home/user/Desktop/airflowproj/py_env/lib/python3.10/site-packages/airflow/example_dags/example_latest_only.py for tasks to queue
[2024-06-18T13:10:28.127+0400] {logging_mixin.py:188} INFO - [2024-06-18T13:10:28.127+0400] {dagbag.py:545} INFO - Filling up the DagBag from /home/user/Desktop/airflowproj/py_env/lib/python3.10/site-packages/airflow/example_dags/example_latest_only.py
[2024-06-18T13:10:28.130+0400] {processor.py:840} INFO - DAG(s) 'latest_only' retrieved from /home/user/Desktop/airflowproj/py_env/lib/python3.10/site-packages/airflow/example_dags/example_latest_only.py
[2024-06-18T13:10:28.138+0400] {logging_mixin.py:188} INFO - [2024-06-18T13:10:28.138+0400] {dag.py:3096} INFO - Sync 1 DAGs
[2024-06-18T13:10:28.147+0400] {logging_mixin.py:188} INFO - [2024-06-18T13:10:28.147+0400] {dag.py:3954} INFO - Setting next_dagrun for latest_only to 2024-06-18 04:00:00+00:00, run_after=2024-06-18 08:00:00+00:00
[2024-06-18T13:10:28.161+0400] {processor.py:183} INFO - Processing /home/user/Desktop/airflowproj/py_env/lib/python3.10/site-packages/airflow/example_dags/example_latest_only.py took 0.042 seconds
[2024-06-18T13:11:29.718+0400] {processor.py:161} INFO - Started process (PID=54923) to work on /home/user/Desktop/airflowproj/py_env/lib/python3.10/site-packages/airflow/example_dags/example_latest_only.py
[2024-06-18T13:11:29.720+0400] {processor.py:830} INFO - Processing file /home/user/Desktop/airflowproj/py_env/lib/python3.10/site-packages/airflow/example_dags/example_latest_only.py for tasks to queue
[2024-06-18T13:11:29.722+0400] {logging_mixin.py:188} INFO - [2024-06-18T13:11:29.721+0400] {dagbag.py:545} INFO - Filling up the DagBag from /home/user/Desktop/airflowproj/py_env/lib/python3.10/site-packages/airflow/example_dags/example_latest_only.py
[2024-06-18T13:11:29.727+0400] {processor.py:840} INFO - DAG(s) 'latest_only' retrieved from /home/user/Desktop/airflowproj/py_env/lib/python3.10/site-packages/airflow/example_dags/example_latest_only.py
[2024-06-18T13:11:29.735+0400] {logging_mixin.py:188} INFO - [2024-06-18T13:11:29.735+0400] {dag.py:3096} INFO - Sync 1 DAGs
[2024-06-18T13:11:29.744+0400] {logging_mixin.py:188} INFO - [2024-06-18T13:11:29.744+0400] {dag.py:3954} INFO - Setting next_dagrun for latest_only to 2024-06-18 04:00:00+00:00, run_after=2024-06-18 08:00:00+00:00
[2024-06-18T13:11:29.756+0400] {processor.py:183} INFO - Processing /home/user/Desktop/airflowproj/py_env/lib/python3.10/site-packages/airflow/example_dags/example_latest_only.py took 0.043 seconds
[2024-06-18T13:12:26.937+0400] {processor.py:161} INFO - Started process (PID=55129) to work on /home/user/Desktop/airflowproj/py_env/lib/python3.10/site-packages/airflow/example_dags/example_latest_only.py
[2024-06-18T13:12:26.939+0400] {processor.py:830} INFO - Processing file /home/user/Desktop/airflowproj/py_env/lib/python3.10/site-packages/airflow/example_dags/example_latest_only.py for tasks to queue
[2024-06-18T13:12:26.939+0400] {logging_mixin.py:188} INFO - [2024-06-18T13:12:26.939+0400] {dagbag.py:545} INFO - Filling up the DagBag from /home/user/Desktop/airflowproj/py_env/lib/python3.10/site-packages/airflow/example_dags/example_latest_only.py
[2024-06-18T13:12:26.942+0400] {processor.py:840} INFO - DAG(s) 'latest_only' retrieved from /home/user/Desktop/airflowproj/py_env/lib/python3.10/site-packages/airflow/example_dags/example_latest_only.py
[2024-06-18T13:12:26.949+0400] {logging_mixin.py:188} INFO - [2024-06-18T13:12:26.949+0400] {dag.py:3096} INFO - Sync 1 DAGs
[2024-06-18T13:12:26.958+0400] {logging_mixin.py:188} INFO - [2024-06-18T13:12:26.958+0400] {dag.py:3954} INFO - Setting next_dagrun for latest_only to 2024-06-18 04:00:00+00:00, run_after=2024-06-18 08:00:00+00:00
[2024-06-18T13:12:26.971+0400] {processor.py:183} INFO - Processing /home/user/Desktop/airflowproj/py_env/lib/python3.10/site-packages/airflow/example_dags/example_latest_only.py took 0.037 seconds
[2024-06-18T13:13:26.572+0400] {processor.py:161} INFO - Started process (PID=55364) to work on /home/user/Desktop/airflowproj/py_env/lib/python3.10/site-packages/airflow/example_dags/example_latest_only.py
[2024-06-18T13:13:26.574+0400] {processor.py:830} INFO - Processing file /home/user/Desktop/airflowproj/py_env/lib/python3.10/site-packages/airflow/example_dags/example_latest_only.py for tasks to queue
[2024-06-18T13:13:26.576+0400] {logging_mixin.py:188} INFO - [2024-06-18T13:13:26.575+0400] {dagbag.py:545} INFO - Filling up the DagBag from /home/user/Desktop/airflowproj/py_env/lib/python3.10/site-packages/airflow/example_dags/example_latest_only.py
[2024-06-18T13:13:26.579+0400] {processor.py:840} INFO - DAG(s) 'latest_only' retrieved from /home/user/Desktop/airflowproj/py_env/lib/python3.10/site-packages/airflow/example_dags/example_latest_only.py
[2024-06-18T13:13:26.586+0400] {logging_mixin.py:188} INFO - [2024-06-18T13:13:26.586+0400] {dag.py:3096} INFO - Sync 1 DAGs
[2024-06-18T13:13:26.595+0400] {logging_mixin.py:188} INFO - [2024-06-18T13:13:26.595+0400] {dag.py:3954} INFO - Setting next_dagrun for latest_only to 2024-06-18 04:00:00+00:00, run_after=2024-06-18 08:00:00+00:00
[2024-06-18T13:13:26.609+0400] {processor.py:183} INFO - Processing /home/user/Desktop/airflowproj/py_env/lib/python3.10/site-packages/airflow/example_dags/example_latest_only.py took 0.042 seconds
[2024-06-18T13:14:26.411+0400] {processor.py:161} INFO - Started process (PID=55581) to work on /home/user/Desktop/airflowproj/py_env/lib/python3.10/site-packages/airflow/example_dags/example_latest_only.py
[2024-06-18T13:14:26.413+0400] {processor.py:830} INFO - Processing file /home/user/Desktop/airflowproj/py_env/lib/python3.10/site-packages/airflow/example_dags/example_latest_only.py for tasks to queue
[2024-06-18T13:14:26.414+0400] {logging_mixin.py:188} INFO - [2024-06-18T13:14:26.414+0400] {dagbag.py:545} INFO - Filling up the DagBag from /home/user/Desktop/airflowproj/py_env/lib/python3.10/site-packages/airflow/example_dags/example_latest_only.py
[2024-06-18T13:14:26.416+0400] {processor.py:840} INFO - DAG(s) 'latest_only' retrieved from /home/user/Desktop/airflowproj/py_env/lib/python3.10/site-packages/airflow/example_dags/example_latest_only.py
[2024-06-18T13:14:26.423+0400] {logging_mixin.py:188} INFO - [2024-06-18T13:14:26.423+0400] {dag.py:3096} INFO - Sync 1 DAGs
[2024-06-18T13:14:26.431+0400] {logging_mixin.py:188} INFO - [2024-06-18T13:14:26.431+0400] {dag.py:3954} INFO - Setting next_dagrun for latest_only to 2024-06-18 04:00:00+00:00, run_after=2024-06-18 08:00:00+00:00
[2024-06-18T13:14:26.444+0400] {processor.py:183} INFO - Processing /home/user/Desktop/airflowproj/py_env/lib/python3.10/site-packages/airflow/example_dags/example_latest_only.py took 0.037 seconds
[2024-06-18T13:15:23.125+0400] {processor.py:161} INFO - Started process (PID=55764) to work on /home/user/Desktop/airflowproj/py_env/lib/python3.10/site-packages/airflow/example_dags/example_latest_only.py
[2024-06-18T13:15:23.127+0400] {processor.py:830} INFO - Processing file /home/user/Desktop/airflowproj/py_env/lib/python3.10/site-packages/airflow/example_dags/example_latest_only.py for tasks to queue
[2024-06-18T13:15:23.128+0400] {logging_mixin.py:188} INFO - [2024-06-18T13:15:23.128+0400] {dagbag.py:545} INFO - Filling up the DagBag from /home/user/Desktop/airflowproj/py_env/lib/python3.10/site-packages/airflow/example_dags/example_latest_only.py
[2024-06-18T13:15:23.131+0400] {processor.py:840} INFO - DAG(s) 'latest_only' retrieved from /home/user/Desktop/airflowproj/py_env/lib/python3.10/site-packages/airflow/example_dags/example_latest_only.py
[2024-06-18T13:15:23.138+0400] {logging_mixin.py:188} INFO - [2024-06-18T13:15:23.138+0400] {dag.py:3096} INFO - Sync 1 DAGs
[2024-06-18T13:15:23.147+0400] {logging_mixin.py:188} INFO - [2024-06-18T13:15:23.147+0400] {dag.py:3954} INFO - Setting next_dagrun for latest_only to 2024-06-18 04:00:00+00:00, run_after=2024-06-18 08:00:00+00:00
[2024-06-18T13:15:23.161+0400] {processor.py:183} INFO - Processing /home/user/Desktop/airflowproj/py_env/lib/python3.10/site-packages/airflow/example_dags/example_latest_only.py took 0.041 seconds
[2024-06-18T13:16:25.984+0400] {processor.py:161} INFO - Started process (PID=55979) to work on /home/user/Desktop/airflowproj/py_env/lib/python3.10/site-packages/airflow/example_dags/example_latest_only.py
[2024-06-18T13:16:25.986+0400] {processor.py:830} INFO - Processing file /home/user/Desktop/airflowproj/py_env/lib/python3.10/site-packages/airflow/example_dags/example_latest_only.py for tasks to queue
[2024-06-18T13:16:25.987+0400] {logging_mixin.py:188} INFO - [2024-06-18T13:16:25.987+0400] {dagbag.py:545} INFO - Filling up the DagBag from /home/user/Desktop/airflowproj/py_env/lib/python3.10/site-packages/airflow/example_dags/example_latest_only.py
[2024-06-18T13:16:25.990+0400] {processor.py:840} INFO - DAG(s) 'latest_only' retrieved from /home/user/Desktop/airflowproj/py_env/lib/python3.10/site-packages/airflow/example_dags/example_latest_only.py
[2024-06-18T13:16:25.998+0400] {logging_mixin.py:188} INFO - [2024-06-18T13:16:25.998+0400] {dag.py:3096} INFO - Sync 1 DAGs
[2024-06-18T13:16:26.007+0400] {logging_mixin.py:188} INFO - [2024-06-18T13:16:26.007+0400] {dag.py:3954} INFO - Setting next_dagrun for latest_only to 2024-06-18 04:00:00+00:00, run_after=2024-06-18 08:00:00+00:00
[2024-06-18T13:16:26.021+0400] {processor.py:183} INFO - Processing /home/user/Desktop/airflowproj/py_env/lib/python3.10/site-packages/airflow/example_dags/example_latest_only.py took 0.042 seconds
[2024-06-18T13:17:20.028+0400] {processor.py:161} INFO - Started process (PID=56176) to work on /home/user/Desktop/airflowproj/py_env/lib/python3.10/site-packages/airflow/example_dags/example_latest_only.py
[2024-06-18T13:17:20.030+0400] {processor.py:830} INFO - Processing file /home/user/Desktop/airflowproj/py_env/lib/python3.10/site-packages/airflow/example_dags/example_latest_only.py for tasks to queue
[2024-06-18T13:17:20.031+0400] {logging_mixin.py:188} INFO - [2024-06-18T13:17:20.031+0400] {dagbag.py:545} INFO - Filling up the DagBag from /home/user/Desktop/airflowproj/py_env/lib/python3.10/site-packages/airflow/example_dags/example_latest_only.py
[2024-06-18T13:17:20.033+0400] {processor.py:840} INFO - DAG(s) 'latest_only' retrieved from /home/user/Desktop/airflowproj/py_env/lib/python3.10/site-packages/airflow/example_dags/example_latest_only.py
[2024-06-18T13:17:20.041+0400] {logging_mixin.py:188} INFO - [2024-06-18T13:17:20.041+0400] {dag.py:3096} INFO - Sync 1 DAGs
[2024-06-18T13:17:20.050+0400] {logging_mixin.py:188} INFO - [2024-06-18T13:17:20.050+0400] {dag.py:3954} INFO - Setting next_dagrun for latest_only to 2024-06-18 04:00:00+00:00, run_after=2024-06-18 08:00:00+00:00
[2024-06-18T13:17:20.064+0400] {processor.py:183} INFO - Processing /home/user/Desktop/airflowproj/py_env/lib/python3.10/site-packages/airflow/example_dags/example_latest_only.py took 0.039 seconds
[2024-06-18T13:18:21.018+0400] {processor.py:161} INFO - Started process (PID=56412) to work on /home/user/Desktop/airflowproj/py_env/lib/python3.10/site-packages/airflow/example_dags/example_latest_only.py
[2024-06-18T13:18:21.020+0400] {processor.py:830} INFO - Processing file /home/user/Desktop/airflowproj/py_env/lib/python3.10/site-packages/airflow/example_dags/example_latest_only.py for tasks to queue
[2024-06-18T13:18:21.021+0400] {logging_mixin.py:188} INFO - [2024-06-18T13:18:21.021+0400] {dagbag.py:545} INFO - Filling up the DagBag from /home/user/Desktop/airflowproj/py_env/lib/python3.10/site-packages/airflow/example_dags/example_latest_only.py
[2024-06-18T13:18:21.024+0400] {processor.py:840} INFO - DAG(s) 'latest_only' retrieved from /home/user/Desktop/airflowproj/py_env/lib/python3.10/site-packages/airflow/example_dags/example_latest_only.py
[2024-06-18T13:18:21.032+0400] {logging_mixin.py:188} INFO - [2024-06-18T13:18:21.032+0400] {dag.py:3096} INFO - Sync 1 DAGs
[2024-06-18T13:18:21.041+0400] {logging_mixin.py:188} INFO - [2024-06-18T13:18:21.040+0400] {dag.py:3954} INFO - Setting next_dagrun for latest_only to 2024-06-18 04:00:00+00:00, run_after=2024-06-18 08:00:00+00:00
[2024-06-18T13:18:21.054+0400] {processor.py:183} INFO - Processing /home/user/Desktop/airflowproj/py_env/lib/python3.10/site-packages/airflow/example_dags/example_latest_only.py took 0.039 seconds
[2024-06-18T13:19:17.161+0400] {processor.py:161} INFO - Started process (PID=56593) to work on /home/user/Desktop/airflowproj/py_env/lib/python3.10/site-packages/airflow/example_dags/example_latest_only.py
[2024-06-18T13:19:17.163+0400] {processor.py:830} INFO - Processing file /home/user/Desktop/airflowproj/py_env/lib/python3.10/site-packages/airflow/example_dags/example_latest_only.py for tasks to queue
[2024-06-18T13:19:17.164+0400] {logging_mixin.py:188} INFO - [2024-06-18T13:19:17.164+0400] {dagbag.py:545} INFO - Filling up the DagBag from /home/user/Desktop/airflowproj/py_env/lib/python3.10/site-packages/airflow/example_dags/example_latest_only.py
[2024-06-18T13:19:17.166+0400] {processor.py:840} INFO - DAG(s) 'latest_only' retrieved from /home/user/Desktop/airflowproj/py_env/lib/python3.10/site-packages/airflow/example_dags/example_latest_only.py
[2024-06-18T13:19:17.174+0400] {logging_mixin.py:188} INFO - [2024-06-18T13:19:17.174+0400] {dag.py:3096} INFO - Sync 1 DAGs
[2024-06-18T13:19:17.182+0400] {logging_mixin.py:188} INFO - [2024-06-18T13:19:17.182+0400] {dag.py:3954} INFO - Setting next_dagrun for latest_only to 2024-06-18 04:00:00+00:00, run_after=2024-06-18 08:00:00+00:00
[2024-06-18T13:19:17.196+0400] {processor.py:183} INFO - Processing /home/user/Desktop/airflowproj/py_env/lib/python3.10/site-packages/airflow/example_dags/example_latest_only.py took 0.038 seconds
[2024-06-18T13:20:15.939+0400] {processor.py:161} INFO - Started process (PID=56803) to work on /home/user/Desktop/airflowproj/py_env/lib/python3.10/site-packages/airflow/example_dags/example_latest_only.py
[2024-06-18T13:20:15.942+0400] {processor.py:830} INFO - Processing file /home/user/Desktop/airflowproj/py_env/lib/python3.10/site-packages/airflow/example_dags/example_latest_only.py for tasks to queue
[2024-06-18T13:20:15.944+0400] {logging_mixin.py:188} INFO - [2024-06-18T13:20:15.943+0400] {dagbag.py:545} INFO - Filling up the DagBag from /home/user/Desktop/airflowproj/py_env/lib/python3.10/site-packages/airflow/example_dags/example_latest_only.py
[2024-06-18T13:20:15.949+0400] {processor.py:840} INFO - DAG(s) 'latest_only' retrieved from /home/user/Desktop/airflowproj/py_env/lib/python3.10/site-packages/airflow/example_dags/example_latest_only.py
[2024-06-18T13:20:15.958+0400] {logging_mixin.py:188} INFO - [2024-06-18T13:20:15.958+0400] {dag.py:3096} INFO - Sync 1 DAGs
[2024-06-18T13:20:15.967+0400] {logging_mixin.py:188} INFO - [2024-06-18T13:20:15.967+0400] {dag.py:3954} INFO - Setting next_dagrun for latest_only to 2024-06-18 04:00:00+00:00, run_after=2024-06-18 08:00:00+00:00
[2024-06-18T13:20:15.981+0400] {processor.py:183} INFO - Processing /home/user/Desktop/airflowproj/py_env/lib/python3.10/site-packages/airflow/example_dags/example_latest_only.py took 0.047 seconds
[2024-06-18T13:21:14.639+0400] {processor.py:161} INFO - Started process (PID=57004) to work on /home/user/Desktop/airflowproj/py_env/lib/python3.10/site-packages/airflow/example_dags/example_latest_only.py
[2024-06-18T13:21:14.642+0400] {processor.py:830} INFO - Processing file /home/user/Desktop/airflowproj/py_env/lib/python3.10/site-packages/airflow/example_dags/example_latest_only.py for tasks to queue
[2024-06-18T13:21:14.644+0400] {logging_mixin.py:188} INFO - [2024-06-18T13:21:14.644+0400] {dagbag.py:545} INFO - Filling up the DagBag from /home/user/Desktop/airflowproj/py_env/lib/python3.10/site-packages/airflow/example_dags/example_latest_only.py
[2024-06-18T13:21:14.649+0400] {processor.py:840} INFO - DAG(s) 'latest_only' retrieved from /home/user/Desktop/airflowproj/py_env/lib/python3.10/site-packages/airflow/example_dags/example_latest_only.py
[2024-06-18T13:21:14.656+0400] {logging_mixin.py:188} INFO - [2024-06-18T13:21:14.656+0400] {dag.py:3096} INFO - Sync 1 DAGs
[2024-06-18T13:21:14.665+0400] {logging_mixin.py:188} INFO - [2024-06-18T13:21:14.665+0400] {dag.py:3954} INFO - Setting next_dagrun for latest_only to 2024-06-18 04:00:00+00:00, run_after=2024-06-18 08:00:00+00:00
[2024-06-18T13:21:14.678+0400] {processor.py:183} INFO - Processing /home/user/Desktop/airflowproj/py_env/lib/python3.10/site-packages/airflow/example_dags/example_latest_only.py took 0.044 seconds
[2024-06-18T13:22:17.487+0400] {processor.py:161} INFO - Started process (PID=57213) to work on /home/user/Desktop/airflowproj/py_env/lib/python3.10/site-packages/airflow/example_dags/example_latest_only.py
[2024-06-18T13:22:17.489+0400] {processor.py:830} INFO - Processing file /home/user/Desktop/airflowproj/py_env/lib/python3.10/site-packages/airflow/example_dags/example_latest_only.py for tasks to queue
[2024-06-18T13:22:17.490+0400] {logging_mixin.py:188} INFO - [2024-06-18T13:22:17.490+0400] {dagbag.py:545} INFO - Filling up the DagBag from /home/user/Desktop/airflowproj/py_env/lib/python3.10/site-packages/airflow/example_dags/example_latest_only.py
[2024-06-18T13:22:17.493+0400] {processor.py:840} INFO - DAG(s) 'latest_only' retrieved from /home/user/Desktop/airflowproj/py_env/lib/python3.10/site-packages/airflow/example_dags/example_latest_only.py
[2024-06-18T13:22:17.501+0400] {logging_mixin.py:188} INFO - [2024-06-18T13:22:17.501+0400] {dag.py:3096} INFO - Sync 1 DAGs
[2024-06-18T13:22:17.510+0400] {logging_mixin.py:188} INFO - [2024-06-18T13:22:17.510+0400] {dag.py:3954} INFO - Setting next_dagrun for latest_only to 2024-06-18 04:00:00+00:00, run_after=2024-06-18 08:00:00+00:00
[2024-06-18T13:22:17.523+0400] {processor.py:183} INFO - Processing /home/user/Desktop/airflowproj/py_env/lib/python3.10/site-packages/airflow/example_dags/example_latest_only.py took 0.041 seconds
[2024-06-18T13:23:14.879+0400] {processor.py:161} INFO - Started process (PID=57449) to work on /home/user/Desktop/airflowproj/py_env/lib/python3.10/site-packages/airflow/example_dags/example_latest_only.py
[2024-06-18T13:23:14.881+0400] {processor.py:830} INFO - Processing file /home/user/Desktop/airflowproj/py_env/lib/python3.10/site-packages/airflow/example_dags/example_latest_only.py for tasks to queue
[2024-06-18T13:23:14.883+0400] {logging_mixin.py:188} INFO - [2024-06-18T13:23:14.882+0400] {dagbag.py:545} INFO - Filling up the DagBag from /home/user/Desktop/airflowproj/py_env/lib/python3.10/site-packages/airflow/example_dags/example_latest_only.py
[2024-06-18T13:23:14.886+0400] {processor.py:840} INFO - DAG(s) 'latest_only' retrieved from /home/user/Desktop/airflowproj/py_env/lib/python3.10/site-packages/airflow/example_dags/example_latest_only.py
[2024-06-18T13:23:14.894+0400] {logging_mixin.py:188} INFO - [2024-06-18T13:23:14.894+0400] {dag.py:3096} INFO - Sync 1 DAGs
[2024-06-18T13:23:14.903+0400] {logging_mixin.py:188} INFO - [2024-06-18T13:23:14.903+0400] {dag.py:3954} INFO - Setting next_dagrun for latest_only to 2024-06-18 04:00:00+00:00, run_after=2024-06-18 08:00:00+00:00
[2024-06-18T13:23:14.915+0400] {processor.py:183} INFO - Processing /home/user/Desktop/airflowproj/py_env/lib/python3.10/site-packages/airflow/example_dags/example_latest_only.py took 0.040 seconds
[2024-06-18T13:24:14.870+0400] {processor.py:161} INFO - Started process (PID=57650) to work on /home/user/Desktop/airflowproj/py_env/lib/python3.10/site-packages/airflow/example_dags/example_latest_only.py
[2024-06-18T13:24:14.873+0400] {processor.py:830} INFO - Processing file /home/user/Desktop/airflowproj/py_env/lib/python3.10/site-packages/airflow/example_dags/example_latest_only.py for tasks to queue
[2024-06-18T13:24:14.874+0400] {logging_mixin.py:188} INFO - [2024-06-18T13:24:14.873+0400] {dagbag.py:545} INFO - Filling up the DagBag from /home/user/Desktop/airflowproj/py_env/lib/python3.10/site-packages/airflow/example_dags/example_latest_only.py
[2024-06-18T13:24:14.877+0400] {processor.py:840} INFO - DAG(s) 'latest_only' retrieved from /home/user/Desktop/airflowproj/py_env/lib/python3.10/site-packages/airflow/example_dags/example_latest_only.py
[2024-06-18T13:24:14.884+0400] {logging_mixin.py:188} INFO - [2024-06-18T13:24:14.884+0400] {dag.py:3096} INFO - Sync 1 DAGs
[2024-06-18T13:24:14.894+0400] {logging_mixin.py:188} INFO - [2024-06-18T13:24:14.893+0400] {dag.py:3954} INFO - Setting next_dagrun for latest_only to 2024-06-18 04:00:00+00:00, run_after=2024-06-18 08:00:00+00:00
[2024-06-18T13:24:14.907+0400] {processor.py:183} INFO - Processing /home/user/Desktop/airflowproj/py_env/lib/python3.10/site-packages/airflow/example_dags/example_latest_only.py took 0.041 seconds
[2024-06-18T13:25:11.698+0400] {processor.py:161} INFO - Started process (PID=57833) to work on /home/user/Desktop/airflowproj/py_env/lib/python3.10/site-packages/airflow/example_dags/example_latest_only.py
[2024-06-18T13:25:11.698+0400] {processor.py:830} INFO - Processing file /home/user/Desktop/airflowproj/py_env/lib/python3.10/site-packages/airflow/example_dags/example_latest_only.py for tasks to queue
[2024-06-18T13:25:11.699+0400] {logging_mixin.py:188} INFO - [2024-06-18T13:25:11.699+0400] {dagbag.py:545} INFO - Filling up the DagBag from /home/user/Desktop/airflowproj/py_env/lib/python3.10/site-packages/airflow/example_dags/example_latest_only.py
[2024-06-18T13:25:11.702+0400] {processor.py:840} INFO - DAG(s) 'latest_only' retrieved from /home/user/Desktop/airflowproj/py_env/lib/python3.10/site-packages/airflow/example_dags/example_latest_only.py
[2024-06-18T13:25:11.709+0400] {logging_mixin.py:188} INFO - [2024-06-18T13:25:11.709+0400] {dag.py:3096} INFO - Sync 1 DAGs
[2024-06-18T13:25:11.718+0400] {logging_mixin.py:188} INFO - [2024-06-18T13:25:11.718+0400] {dag.py:3954} INFO - Setting next_dagrun for latest_only to 2024-06-18 04:00:00+00:00, run_after=2024-06-18 08:00:00+00:00
[2024-06-18T13:25:11.731+0400] {processor.py:183} INFO - Processing /home/user/Desktop/airflowproj/py_env/lib/python3.10/site-packages/airflow/example_dags/example_latest_only.py took 0.037 seconds
[2024-06-18T13:26:10.876+0400] {processor.py:161} INFO - Started process (PID=58034) to work on /home/user/Desktop/airflowproj/py_env/lib/python3.10/site-packages/airflow/example_dags/example_latest_only.py
[2024-06-18T13:26:10.878+0400] {processor.py:830} INFO - Processing file /home/user/Desktop/airflowproj/py_env/lib/python3.10/site-packages/airflow/example_dags/example_latest_only.py for tasks to queue
[2024-06-18T13:26:10.880+0400] {logging_mixin.py:188} INFO - [2024-06-18T13:26:10.879+0400] {dagbag.py:545} INFO - Filling up the DagBag from /home/user/Desktop/airflowproj/py_env/lib/python3.10/site-packages/airflow/example_dags/example_latest_only.py
[2024-06-18T13:26:10.883+0400] {processor.py:840} INFO - DAG(s) 'latest_only' retrieved from /home/user/Desktop/airflowproj/py_env/lib/python3.10/site-packages/airflow/example_dags/example_latest_only.py
[2024-06-18T13:26:10.894+0400] {logging_mixin.py:188} INFO - [2024-06-18T13:26:10.893+0400] {dag.py:3096} INFO - Sync 1 DAGs
[2024-06-18T13:26:10.904+0400] {logging_mixin.py:188} INFO - [2024-06-18T13:26:10.904+0400] {dag.py:3954} INFO - Setting next_dagrun for latest_only to 2024-06-18 04:00:00+00:00, run_after=2024-06-18 08:00:00+00:00
[2024-06-18T13:26:10.917+0400] {processor.py:183} INFO - Processing /home/user/Desktop/airflowproj/py_env/lib/python3.10/site-packages/airflow/example_dags/example_latest_only.py took 0.045 seconds
[2024-06-18T13:27:07.490+0400] {processor.py:161} INFO - Started process (PID=58235) to work on /home/user/Desktop/airflowproj/py_env/lib/python3.10/site-packages/airflow/example_dags/example_latest_only.py
[2024-06-18T13:27:07.493+0400] {processor.py:830} INFO - Processing file /home/user/Desktop/airflowproj/py_env/lib/python3.10/site-packages/airflow/example_dags/example_latest_only.py for tasks to queue
[2024-06-18T13:27:07.494+0400] {logging_mixin.py:188} INFO - [2024-06-18T13:27:07.494+0400] {dagbag.py:545} INFO - Filling up the DagBag from /home/user/Desktop/airflowproj/py_env/lib/python3.10/site-packages/airflow/example_dags/example_latest_only.py
[2024-06-18T13:27:07.497+0400] {processor.py:840} INFO - DAG(s) 'latest_only' retrieved from /home/user/Desktop/airflowproj/py_env/lib/python3.10/site-packages/airflow/example_dags/example_latest_only.py
[2024-06-18T13:27:07.505+0400] {logging_mixin.py:188} INFO - [2024-06-18T13:27:07.505+0400] {dag.py:3096} INFO - Sync 1 DAGs
[2024-06-18T13:27:07.514+0400] {logging_mixin.py:188} INFO - [2024-06-18T13:27:07.514+0400] {dag.py:3954} INFO - Setting next_dagrun for latest_only to 2024-06-18 04:00:00+00:00, run_after=2024-06-18 08:00:00+00:00
[2024-06-18T13:27:07.527+0400] {processor.py:183} INFO - Processing /home/user/Desktop/airflowproj/py_env/lib/python3.10/site-packages/airflow/example_dags/example_latest_only.py took 0.041 seconds
[2024-06-18T13:28:02.602+0400] {processor.py:161} INFO - Started process (PID=58453) to work on /home/user/Desktop/airflowproj/py_env/lib/python3.10/site-packages/airflow/example_dags/example_latest_only.py
[2024-06-18T13:28:02.604+0400] {processor.py:830} INFO - Processing file /home/user/Desktop/airflowproj/py_env/lib/python3.10/site-packages/airflow/example_dags/example_latest_only.py for tasks to queue
[2024-06-18T13:28:02.605+0400] {logging_mixin.py:188} INFO - [2024-06-18T13:28:02.605+0400] {dagbag.py:545} INFO - Filling up the DagBag from /home/user/Desktop/airflowproj/py_env/lib/python3.10/site-packages/airflow/example_dags/example_latest_only.py
[2024-06-18T13:28:02.609+0400] {processor.py:840} INFO - DAG(s) 'latest_only' retrieved from /home/user/Desktop/airflowproj/py_env/lib/python3.10/site-packages/airflow/example_dags/example_latest_only.py
[2024-06-18T13:28:02.616+0400] {logging_mixin.py:188} INFO - [2024-06-18T13:28:02.616+0400] {dag.py:3096} INFO - Sync 1 DAGs
[2024-06-18T13:28:02.625+0400] {logging_mixin.py:188} INFO - [2024-06-18T13:28:02.625+0400] {dag.py:3954} INFO - Setting next_dagrun for latest_only to 2024-06-18 04:00:00+00:00, run_after=2024-06-18 08:00:00+00:00
[2024-06-18T13:28:02.640+0400] {processor.py:183} INFO - Processing /home/user/Desktop/airflowproj/py_env/lib/python3.10/site-packages/airflow/example_dags/example_latest_only.py took 0.042 seconds
[2024-06-18T13:29:00.615+0400] {processor.py:161} INFO - Started process (PID=58663) to work on /home/user/Desktop/airflowproj/py_env/lib/python3.10/site-packages/airflow/example_dags/example_latest_only.py
[2024-06-18T13:29:00.617+0400] {processor.py:830} INFO - Processing file /home/user/Desktop/airflowproj/py_env/lib/python3.10/site-packages/airflow/example_dags/example_latest_only.py for tasks to queue
[2024-06-18T13:29:00.618+0400] {logging_mixin.py:188} INFO - [2024-06-18T13:29:00.618+0400] {dagbag.py:545} INFO - Filling up the DagBag from /home/user/Desktop/airflowproj/py_env/lib/python3.10/site-packages/airflow/example_dags/example_latest_only.py
[2024-06-18T13:29:00.622+0400] {processor.py:840} INFO - DAG(s) 'latest_only' retrieved from /home/user/Desktop/airflowproj/py_env/lib/python3.10/site-packages/airflow/example_dags/example_latest_only.py
[2024-06-18T13:29:00.631+0400] {logging_mixin.py:188} INFO - [2024-06-18T13:29:00.631+0400] {dag.py:3096} INFO - Sync 1 DAGs
[2024-06-18T13:29:00.640+0400] {logging_mixin.py:188} INFO - [2024-06-18T13:29:00.640+0400] {dag.py:3954} INFO - Setting next_dagrun for latest_only to 2024-06-18 04:00:00+00:00, run_after=2024-06-18 08:00:00+00:00
[2024-06-18T13:29:00.655+0400] {processor.py:183} INFO - Processing /home/user/Desktop/airflowproj/py_env/lib/python3.10/site-packages/airflow/example_dags/example_latest_only.py took 0.045 seconds
[2024-06-18T13:29:55.954+0400] {processor.py:161} INFO - Started process (PID=58880) to work on /home/user/Desktop/airflowproj/py_env/lib/python3.10/site-packages/airflow/example_dags/example_latest_only.py
[2024-06-18T13:29:55.955+0400] {processor.py:830} INFO - Processing file /home/user/Desktop/airflowproj/py_env/lib/python3.10/site-packages/airflow/example_dags/example_latest_only.py for tasks to queue
[2024-06-18T13:29:55.957+0400] {logging_mixin.py:188} INFO - [2024-06-18T13:29:55.956+0400] {dagbag.py:545} INFO - Filling up the DagBag from /home/user/Desktop/airflowproj/py_env/lib/python3.10/site-packages/airflow/example_dags/example_latest_only.py
[2024-06-18T13:29:55.960+0400] {processor.py:840} INFO - DAG(s) 'latest_only' retrieved from /home/user/Desktop/airflowproj/py_env/lib/python3.10/site-packages/airflow/example_dags/example_latest_only.py
[2024-06-18T13:29:55.968+0400] {logging_mixin.py:188} INFO - [2024-06-18T13:29:55.968+0400] {dag.py:3096} INFO - Sync 1 DAGs
[2024-06-18T13:29:55.976+0400] {logging_mixin.py:188} INFO - [2024-06-18T13:29:55.976+0400] {dag.py:3954} INFO - Setting next_dagrun for latest_only to 2024-06-18 04:00:00+00:00, run_after=2024-06-18 08:00:00+00:00
[2024-06-18T13:29:55.989+0400] {processor.py:183} INFO - Processing /home/user/Desktop/airflowproj/py_env/lib/python3.10/site-packages/airflow/example_dags/example_latest_only.py took 0.038 seconds
[2024-06-18T13:30:57.143+0400] {processor.py:161} INFO - Started process (PID=59157) to work on /home/user/Desktop/airflowproj/py_env/lib/python3.10/site-packages/airflow/example_dags/example_latest_only.py
[2024-06-18T13:30:57.146+0400] {processor.py:830} INFO - Processing file /home/user/Desktop/airflowproj/py_env/lib/python3.10/site-packages/airflow/example_dags/example_latest_only.py for tasks to queue
[2024-06-18T13:30:57.147+0400] {logging_mixin.py:188} INFO - [2024-06-18T13:30:57.147+0400] {dagbag.py:545} INFO - Filling up the DagBag from /home/user/Desktop/airflowproj/py_env/lib/python3.10/site-packages/airflow/example_dags/example_latest_only.py
[2024-06-18T13:30:57.150+0400] {processor.py:840} INFO - DAG(s) 'latest_only' retrieved from /home/user/Desktop/airflowproj/py_env/lib/python3.10/site-packages/airflow/example_dags/example_latest_only.py
[2024-06-18T13:30:57.158+0400] {logging_mixin.py:188} INFO - [2024-06-18T13:30:57.158+0400] {dag.py:3096} INFO - Sync 1 DAGs
[2024-06-18T13:30:57.167+0400] {logging_mixin.py:188} INFO - [2024-06-18T13:30:57.167+0400] {dag.py:3954} INFO - Setting next_dagrun for latest_only to 2024-06-18 04:00:00+00:00, run_after=2024-06-18 08:00:00+00:00
[2024-06-18T13:30:57.181+0400] {processor.py:183} INFO - Processing /home/user/Desktop/airflowproj/py_env/lib/python3.10/site-packages/airflow/example_dags/example_latest_only.py took 0.044 seconds
[2024-06-18T13:32:01.380+0400] {processor.py:161} INFO - Started process (PID=59559) to work on /home/user/Desktop/airflowproj/py_env/lib/python3.10/site-packages/airflow/example_dags/example_latest_only.py
[2024-06-18T13:32:01.381+0400] {processor.py:830} INFO - Processing file /home/user/Desktop/airflowproj/py_env/lib/python3.10/site-packages/airflow/example_dags/example_latest_only.py for tasks to queue
[2024-06-18T13:32:01.382+0400] {logging_mixin.py:188} INFO - [2024-06-18T13:32:01.381+0400] {dagbag.py:545} INFO - Filling up the DagBag from /home/user/Desktop/airflowproj/py_env/lib/python3.10/site-packages/airflow/example_dags/example_latest_only.py
[2024-06-18T13:32:01.385+0400] {processor.py:840} INFO - DAG(s) 'latest_only' retrieved from /home/user/Desktop/airflowproj/py_env/lib/python3.10/site-packages/airflow/example_dags/example_latest_only.py
[2024-06-18T13:32:01.392+0400] {logging_mixin.py:188} INFO - [2024-06-18T13:32:01.392+0400] {dag.py:3096} INFO - Sync 1 DAGs
[2024-06-18T13:32:01.402+0400] {logging_mixin.py:188} INFO - [2024-06-18T13:32:01.402+0400] {dag.py:3954} INFO - Setting next_dagrun for latest_only to 2024-06-18 04:00:00+00:00, run_after=2024-06-18 08:00:00+00:00
[2024-06-18T13:32:01.417+0400] {processor.py:183} INFO - Processing /home/user/Desktop/airflowproj/py_env/lib/python3.10/site-packages/airflow/example_dags/example_latest_only.py took 0.040 seconds
