[2024-06-18T12:40:36.731+0400] {processor.py:161} INFO - Started process (PID=45720) to work on /home/user/Desktop/airflowproj/py_env/lib/python3.10/site-packages/airflow/example_dags/example_setup_teardown.py
[2024-06-18T12:40:36.731+0400] {processor.py:830} INFO - Processing file /home/user/Desktop/airflowproj/py_env/lib/python3.10/site-packages/airflow/example_dags/example_setup_teardown.py for tasks to queue
[2024-06-18T12:40:36.732+0400] {logging_mixin.py:188} INFO - [2024-06-18T12:40:36.732+0400] {dagbag.py:545} INFO - Filling up the DagBag from /home/user/Desktop/airflowproj/py_env/lib/python3.10/site-packages/airflow/example_dags/example_setup_teardown.py
[2024-06-18T12:40:36.735+0400] {processor.py:840} INFO - DAG(s) 'example_setup_teardown' retrieved from /home/user/Desktop/airflowproj/py_env/lib/python3.10/site-packages/airflow/example_dags/example_setup_teardown.py
[2024-06-18T12:40:36.789+0400] {logging_mixin.py:188} INFO - [2024-06-18T12:40:36.789+0400] {override.py:1829} INFO - Created Permission View: can edit on DAG:example_setup_teardown
[2024-06-18T12:40:36.798+0400] {logging_mixin.py:188} INFO - [2024-06-18T12:40:36.798+0400] {override.py:1829} INFO - Created Permission View: can read on DAG:example_setup_teardown
[2024-06-18T12:40:36.805+0400] {logging_mixin.py:188} INFO - [2024-06-18T12:40:36.805+0400] {override.py:1829} INFO - Created Permission View: can delete on DAG:example_setup_teardown
[2024-06-18T12:40:36.805+0400] {logging_mixin.py:188} INFO - [2024-06-18T12:40:36.805+0400] {dag.py:3096} INFO - Sync 1 DAGs
[2024-06-18T12:40:36.809+0400] {logging_mixin.py:188} INFO - [2024-06-18T12:40:36.809+0400] {dag.py:3118} INFO - Creating ORM DAG for example_setup_teardown
[2024-06-18T12:40:36.864+0400] {logging_mixin.py:188} INFO - [2024-06-18T12:40:36.864+0400] {dag.py:3954} INFO - Setting next_dagrun for example_setup_teardown to 2024-06-17 00:00:00+00:00, run_after=2024-06-18 00:00:00+00:00
[2024-06-18T12:40:36.878+0400] {processor.py:183} INFO - Processing /home/user/Desktop/airflowproj/py_env/lib/python3.10/site-packages/airflow/example_dags/example_setup_teardown.py took 0.151 seconds
[2024-06-18T12:43:11.744+0400] {processor.py:161} INFO - Started process (PID=46611) to work on /home/user/Desktop/airflowproj/py_env/lib/python3.10/site-packages/airflow/example_dags/example_setup_teardown.py
[2024-06-18T12:43:11.745+0400] {processor.py:830} INFO - Processing file /home/user/Desktop/airflowproj/py_env/lib/python3.10/site-packages/airflow/example_dags/example_setup_teardown.py for tasks to queue
[2024-06-18T12:43:11.746+0400] {logging_mixin.py:188} INFO - [2024-06-18T12:43:11.746+0400] {dagbag.py:545} INFO - Filling up the DagBag from /home/user/Desktop/airflowproj/py_env/lib/python3.10/site-packages/airflow/example_dags/example_setup_teardown.py
[2024-06-18T12:43:11.751+0400] {processor.py:840} INFO - DAG(s) 'example_setup_teardown' retrieved from /home/user/Desktop/airflowproj/py_env/lib/python3.10/site-packages/airflow/example_dags/example_setup_teardown.py
[2024-06-18T12:43:11.762+0400] {logging_mixin.py:188} INFO - [2024-06-18T12:43:11.762+0400] {dag.py:3096} INFO - Sync 1 DAGs
[2024-06-18T12:43:11.775+0400] {logging_mixin.py:188} INFO - [2024-06-18T12:43:11.774+0400] {dag.py:3954} INFO - Setting next_dagrun for example_setup_teardown to 2024-06-17 00:00:00+00:00, run_after=2024-06-18 00:00:00+00:00
[2024-06-18T12:43:11.791+0400] {processor.py:183} INFO - Processing /home/user/Desktop/airflowproj/py_env/lib/python3.10/site-packages/airflow/example_dags/example_setup_teardown.py took 0.052 seconds
[2024-06-18T12:44:03.310+0400] {processor.py:161} INFO - Started process (PID=46775) to work on /home/user/Desktop/airflowproj/py_env/lib/python3.10/site-packages/airflow/example_dags/example_setup_teardown.py
[2024-06-18T12:44:03.313+0400] {processor.py:830} INFO - Processing file /home/user/Desktop/airflowproj/py_env/lib/python3.10/site-packages/airflow/example_dags/example_setup_teardown.py for tasks to queue
[2024-06-18T12:44:03.314+0400] {logging_mixin.py:188} INFO - [2024-06-18T12:44:03.314+0400] {dagbag.py:545} INFO - Filling up the DagBag from /home/user/Desktop/airflowproj/py_env/lib/python3.10/site-packages/airflow/example_dags/example_setup_teardown.py
[2024-06-18T12:44:03.319+0400] {processor.py:840} INFO - DAG(s) 'example_setup_teardown' retrieved from /home/user/Desktop/airflowproj/py_env/lib/python3.10/site-packages/airflow/example_dags/example_setup_teardown.py
[2024-06-18T12:44:03.327+0400] {logging_mixin.py:188} INFO - [2024-06-18T12:44:03.327+0400] {dag.py:3096} INFO - Sync 1 DAGs
[2024-06-18T12:44:03.336+0400] {logging_mixin.py:188} INFO - [2024-06-18T12:44:03.336+0400] {dag.py:3954} INFO - Setting next_dagrun for example_setup_teardown to 2024-06-17 00:00:00+00:00, run_after=2024-06-18 00:00:00+00:00
[2024-06-18T12:44:03.349+0400] {processor.py:183} INFO - Processing /home/user/Desktop/airflowproj/py_env/lib/python3.10/site-packages/airflow/example_dags/example_setup_teardown.py took 0.043 seconds
[2024-06-18T12:44:53.630+0400] {processor.py:161} INFO - Started process (PID=46930) to work on /home/user/Desktop/airflowproj/py_env/lib/python3.10/site-packages/airflow/example_dags/example_setup_teardown.py
[2024-06-18T12:44:53.632+0400] {processor.py:830} INFO - Processing file /home/user/Desktop/airflowproj/py_env/lib/python3.10/site-packages/airflow/example_dags/example_setup_teardown.py for tasks to queue
[2024-06-18T12:44:53.633+0400] {logging_mixin.py:188} INFO - [2024-06-18T12:44:53.633+0400] {dagbag.py:545} INFO - Filling up the DagBag from /home/user/Desktop/airflowproj/py_env/lib/python3.10/site-packages/airflow/example_dags/example_setup_teardown.py
[2024-06-18T12:44:53.637+0400] {processor.py:840} INFO - DAG(s) 'example_setup_teardown' retrieved from /home/user/Desktop/airflowproj/py_env/lib/python3.10/site-packages/airflow/example_dags/example_setup_teardown.py
[2024-06-18T12:44:53.696+0400] {logging_mixin.py:188} INFO - [2024-06-18T12:44:53.696+0400] {dag.py:3096} INFO - Sync 1 DAGs
[2024-06-18T12:44:53.705+0400] {logging_mixin.py:188} INFO - [2024-06-18T12:44:53.704+0400] {dag.py:3954} INFO - Setting next_dagrun for example_setup_teardown to 2024-06-17 00:00:00+00:00, run_after=2024-06-18 00:00:00+00:00
[2024-06-18T12:44:53.717+0400] {processor.py:183} INFO - Processing /home/user/Desktop/airflowproj/py_env/lib/python3.10/site-packages/airflow/example_dags/example_setup_teardown.py took 0.092 seconds
[2024-06-18T12:45:52.121+0400] {processor.py:161} INFO - Started process (PID=47081) to work on /home/user/Desktop/airflowproj/py_env/lib/python3.10/site-packages/airflow/example_dags/example_setup_teardown.py
[2024-06-18T12:45:52.123+0400] {processor.py:830} INFO - Processing file /home/user/Desktop/airflowproj/py_env/lib/python3.10/site-packages/airflow/example_dags/example_setup_teardown.py for tasks to queue
[2024-06-18T12:45:52.125+0400] {logging_mixin.py:188} INFO - [2024-06-18T12:45:52.124+0400] {dagbag.py:545} INFO - Filling up the DagBag from /home/user/Desktop/airflowproj/py_env/lib/python3.10/site-packages/airflow/example_dags/example_setup_teardown.py
[2024-06-18T12:45:52.131+0400] {processor.py:840} INFO - DAG(s) 'example_setup_teardown' retrieved from /home/user/Desktop/airflowproj/py_env/lib/python3.10/site-packages/airflow/example_dags/example_setup_teardown.py
[2024-06-18T12:45:52.140+0400] {logging_mixin.py:188} INFO - [2024-06-18T12:45:52.140+0400] {dag.py:3096} INFO - Sync 1 DAGs
[2024-06-18T12:45:52.150+0400] {logging_mixin.py:188} INFO - [2024-06-18T12:45:52.150+0400] {dag.py:3954} INFO - Setting next_dagrun for example_setup_teardown to 2024-06-17 00:00:00+00:00, run_after=2024-06-18 00:00:00+00:00
[2024-06-18T12:45:52.164+0400] {processor.py:183} INFO - Processing /home/user/Desktop/airflowproj/py_env/lib/python3.10/site-packages/airflow/example_dags/example_setup_teardown.py took 0.049 seconds
[2024-06-18T12:46:51.871+0400] {processor.py:161} INFO - Started process (PID=47715) to work on /home/user/Desktop/airflowproj/py_env/lib/python3.10/site-packages/airflow/example_dags/example_setup_teardown.py
[2024-06-18T12:46:51.872+0400] {processor.py:830} INFO - Processing file /home/user/Desktop/airflowproj/py_env/lib/python3.10/site-packages/airflow/example_dags/example_setup_teardown.py for tasks to queue
[2024-06-18T12:46:51.874+0400] {logging_mixin.py:188} INFO - [2024-06-18T12:46:51.874+0400] {dagbag.py:545} INFO - Filling up the DagBag from /home/user/Desktop/airflowproj/py_env/lib/python3.10/site-packages/airflow/example_dags/example_setup_teardown.py
[2024-06-18T12:46:51.877+0400] {processor.py:840} INFO - DAG(s) 'example_setup_teardown' retrieved from /home/user/Desktop/airflowproj/py_env/lib/python3.10/site-packages/airflow/example_dags/example_setup_teardown.py
[2024-06-18T12:46:51.887+0400] {logging_mixin.py:188} INFO - [2024-06-18T12:46:51.887+0400] {dag.py:3096} INFO - Sync 1 DAGs
[2024-06-18T12:46:51.897+0400] {logging_mixin.py:188} INFO - [2024-06-18T12:46:51.897+0400] {dag.py:3954} INFO - Setting next_dagrun for example_setup_teardown to 2024-06-17 00:00:00+00:00, run_after=2024-06-18 00:00:00+00:00
[2024-06-18T12:46:51.912+0400] {processor.py:183} INFO - Processing /home/user/Desktop/airflowproj/py_env/lib/python3.10/site-packages/airflow/example_dags/example_setup_teardown.py took 0.045 seconds
[2024-06-18T12:47:50.538+0400] {processor.py:161} INFO - Started process (PID=48138) to work on /home/user/Desktop/airflowproj/py_env/lib/python3.10/site-packages/airflow/example_dags/example_setup_teardown.py
[2024-06-18T12:47:50.540+0400] {processor.py:830} INFO - Processing file /home/user/Desktop/airflowproj/py_env/lib/python3.10/site-packages/airflow/example_dags/example_setup_teardown.py for tasks to queue
[2024-06-18T12:47:50.542+0400] {logging_mixin.py:188} INFO - [2024-06-18T12:47:50.542+0400] {dagbag.py:545} INFO - Filling up the DagBag from /home/user/Desktop/airflowproj/py_env/lib/python3.10/site-packages/airflow/example_dags/example_setup_teardown.py
[2024-06-18T12:47:50.547+0400] {processor.py:840} INFO - DAG(s) 'example_setup_teardown' retrieved from /home/user/Desktop/airflowproj/py_env/lib/python3.10/site-packages/airflow/example_dags/example_setup_teardown.py
[2024-06-18T12:47:50.555+0400] {logging_mixin.py:188} INFO - [2024-06-18T12:47:50.555+0400] {dag.py:3096} INFO - Sync 1 DAGs
[2024-06-18T12:47:50.564+0400] {logging_mixin.py:188} INFO - [2024-06-18T12:47:50.563+0400] {dag.py:3954} INFO - Setting next_dagrun for example_setup_teardown to 2024-06-17 00:00:00+00:00, run_after=2024-06-18 00:00:00+00:00
[2024-06-18T12:47:50.576+0400] {processor.py:183} INFO - Processing /home/user/Desktop/airflowproj/py_env/lib/python3.10/site-packages/airflow/example_dags/example_setup_teardown.py took 0.042 seconds
[2024-06-18T12:48:42.666+0400] {processor.py:161} INFO - Started process (PID=48336) to work on /home/user/Desktop/airflowproj/py_env/lib/python3.10/site-packages/airflow/example_dags/example_setup_teardown.py
[2024-06-18T12:48:42.668+0400] {processor.py:830} INFO - Processing file /home/user/Desktop/airflowproj/py_env/lib/python3.10/site-packages/airflow/example_dags/example_setup_teardown.py for tasks to queue
[2024-06-18T12:48:42.669+0400] {logging_mixin.py:188} INFO - [2024-06-18T12:48:42.669+0400] {dagbag.py:545} INFO - Filling up the DagBag from /home/user/Desktop/airflowproj/py_env/lib/python3.10/site-packages/airflow/example_dags/example_setup_teardown.py
[2024-06-18T12:48:42.674+0400] {processor.py:840} INFO - DAG(s) 'example_setup_teardown' retrieved from /home/user/Desktop/airflowproj/py_env/lib/python3.10/site-packages/airflow/example_dags/example_setup_teardown.py
[2024-06-18T12:48:42.682+0400] {logging_mixin.py:188} INFO - [2024-06-18T12:48:42.682+0400] {dag.py:3096} INFO - Sync 1 DAGs
[2024-06-18T12:48:42.690+0400] {logging_mixin.py:188} INFO - [2024-06-18T12:48:42.690+0400] {dag.py:3954} INFO - Setting next_dagrun for example_setup_teardown to 2024-06-17 00:00:00+00:00, run_after=2024-06-18 00:00:00+00:00
[2024-06-18T12:48:42.702+0400] {processor.py:183} INFO - Processing /home/user/Desktop/airflowproj/py_env/lib/python3.10/site-packages/airflow/example_dags/example_setup_teardown.py took 0.041 seconds
[2024-06-18T12:49:39.196+0400] {processor.py:161} INFO - Started process (PID=48676) to work on /home/user/Desktop/airflowproj/py_env/lib/python3.10/site-packages/airflow/example_dags/example_setup_teardown.py
[2024-06-18T12:49:39.199+0400] {processor.py:830} INFO - Processing file /home/user/Desktop/airflowproj/py_env/lib/python3.10/site-packages/airflow/example_dags/example_setup_teardown.py for tasks to queue
[2024-06-18T12:49:39.200+0400] {logging_mixin.py:188} INFO - [2024-06-18T12:49:39.200+0400] {dagbag.py:545} INFO - Filling up the DagBag from /home/user/Desktop/airflowproj/py_env/lib/python3.10/site-packages/airflow/example_dags/example_setup_teardown.py
[2024-06-18T12:49:39.204+0400] {processor.py:840} INFO - DAG(s) 'example_setup_teardown' retrieved from /home/user/Desktop/airflowproj/py_env/lib/python3.10/site-packages/airflow/example_dags/example_setup_teardown.py
[2024-06-18T12:49:39.212+0400] {logging_mixin.py:188} INFO - [2024-06-18T12:49:39.212+0400] {dag.py:3096} INFO - Sync 1 DAGs
[2024-06-18T12:49:39.221+0400] {logging_mixin.py:188} INFO - [2024-06-18T12:49:39.221+0400] {dag.py:3954} INFO - Setting next_dagrun for example_setup_teardown to 2024-06-17 00:00:00+00:00, run_after=2024-06-18 00:00:00+00:00
[2024-06-18T12:49:39.234+0400] {processor.py:183} INFO - Processing /home/user/Desktop/airflowproj/py_env/lib/python3.10/site-packages/airflow/example_dags/example_setup_teardown.py took 0.042 seconds
[2024-06-18T12:50:39.564+0400] {processor.py:161} INFO - Started process (PID=48843) to work on /home/user/Desktop/airflowproj/py_env/lib/python3.10/site-packages/airflow/example_dags/example_setup_teardown.py
[2024-06-18T12:50:39.565+0400] {processor.py:830} INFO - Processing file /home/user/Desktop/airflowproj/py_env/lib/python3.10/site-packages/airflow/example_dags/example_setup_teardown.py for tasks to queue
[2024-06-18T12:50:39.566+0400] {logging_mixin.py:188} INFO - [2024-06-18T12:50:39.566+0400] {dagbag.py:545} INFO - Filling up the DagBag from /home/user/Desktop/airflowproj/py_env/lib/python3.10/site-packages/airflow/example_dags/example_setup_teardown.py
[2024-06-18T12:50:39.569+0400] {processor.py:840} INFO - DAG(s) 'example_setup_teardown' retrieved from /home/user/Desktop/airflowproj/py_env/lib/python3.10/site-packages/airflow/example_dags/example_setup_teardown.py
[2024-06-18T12:50:39.578+0400] {logging_mixin.py:188} INFO - [2024-06-18T12:50:39.578+0400] {dag.py:3096} INFO - Sync 1 DAGs
[2024-06-18T12:50:39.588+0400] {logging_mixin.py:188} INFO - [2024-06-18T12:50:39.588+0400] {dag.py:3954} INFO - Setting next_dagrun for example_setup_teardown to 2024-06-17 00:00:00+00:00, run_after=2024-06-18 00:00:00+00:00
[2024-06-18T12:50:39.602+0400] {processor.py:183} INFO - Processing /home/user/Desktop/airflowproj/py_env/lib/python3.10/site-packages/airflow/example_dags/example_setup_teardown.py took 0.042 seconds
[2024-06-18T12:51:37.582+0400] {processor.py:161} INFO - Started process (PID=49067) to work on /home/user/Desktop/airflowproj/py_env/lib/python3.10/site-packages/airflow/example_dags/example_setup_teardown.py
[2024-06-18T12:51:37.584+0400] {processor.py:830} INFO - Processing file /home/user/Desktop/airflowproj/py_env/lib/python3.10/site-packages/airflow/example_dags/example_setup_teardown.py for tasks to queue
[2024-06-18T12:51:37.585+0400] {logging_mixin.py:188} INFO - [2024-06-18T12:51:37.585+0400] {dagbag.py:545} INFO - Filling up the DagBag from /home/user/Desktop/airflowproj/py_env/lib/python3.10/site-packages/airflow/example_dags/example_setup_teardown.py
[2024-06-18T12:51:37.591+0400] {processor.py:840} INFO - DAG(s) 'example_setup_teardown' retrieved from /home/user/Desktop/airflowproj/py_env/lib/python3.10/site-packages/airflow/example_dags/example_setup_teardown.py
[2024-06-18T12:51:37.607+0400] {logging_mixin.py:188} INFO - [2024-06-18T12:51:37.607+0400] {dag.py:3096} INFO - Sync 1 DAGs
[2024-06-18T12:51:37.622+0400] {logging_mixin.py:188} INFO - [2024-06-18T12:51:37.622+0400] {dag.py:3954} INFO - Setting next_dagrun for example_setup_teardown to 2024-06-17 00:00:00+00:00, run_after=2024-06-18 00:00:00+00:00
[2024-06-18T12:51:37.644+0400] {processor.py:183} INFO - Processing /home/user/Desktop/airflowproj/py_env/lib/python3.10/site-packages/airflow/example_dags/example_setup_teardown.py took 0.067 seconds
[2024-06-18T12:52:36.329+0400] {processor.py:161} INFO - Started process (PID=49242) to work on /home/user/Desktop/airflowproj/py_env/lib/python3.10/site-packages/airflow/example_dags/example_setup_teardown.py
[2024-06-18T12:52:36.332+0400] {processor.py:830} INFO - Processing file /home/user/Desktop/airflowproj/py_env/lib/python3.10/site-packages/airflow/example_dags/example_setup_teardown.py for tasks to queue
[2024-06-18T12:52:36.333+0400] {logging_mixin.py:188} INFO - [2024-06-18T12:52:36.332+0400] {dagbag.py:545} INFO - Filling up the DagBag from /home/user/Desktop/airflowproj/py_env/lib/python3.10/site-packages/airflow/example_dags/example_setup_teardown.py
[2024-06-18T12:52:36.336+0400] {processor.py:840} INFO - DAG(s) 'example_setup_teardown' retrieved from /home/user/Desktop/airflowproj/py_env/lib/python3.10/site-packages/airflow/example_dags/example_setup_teardown.py
[2024-06-18T12:52:36.345+0400] {logging_mixin.py:188} INFO - [2024-06-18T12:52:36.345+0400] {dag.py:3096} INFO - Sync 1 DAGs
[2024-06-18T12:52:36.354+0400] {logging_mixin.py:188} INFO - [2024-06-18T12:52:36.354+0400] {dag.py:3954} INFO - Setting next_dagrun for example_setup_teardown to 2024-06-17 00:00:00+00:00, run_after=2024-06-18 00:00:00+00:00
[2024-06-18T12:52:36.369+0400] {processor.py:183} INFO - Processing /home/user/Desktop/airflowproj/py_env/lib/python3.10/site-packages/airflow/example_dags/example_setup_teardown.py took 0.045 seconds
[2024-06-18T12:53:35.248+0400] {processor.py:161} INFO - Started process (PID=49543) to work on /home/user/Desktop/airflowproj/py_env/lib/python3.10/site-packages/airflow/example_dags/example_setup_teardown.py
[2024-06-18T12:53:35.250+0400] {processor.py:830} INFO - Processing file /home/user/Desktop/airflowproj/py_env/lib/python3.10/site-packages/airflow/example_dags/example_setup_teardown.py for tasks to queue
[2024-06-18T12:53:35.250+0400] {logging_mixin.py:188} INFO - [2024-06-18T12:53:35.250+0400] {dagbag.py:545} INFO - Filling up the DagBag from /home/user/Desktop/airflowproj/py_env/lib/python3.10/site-packages/airflow/example_dags/example_setup_teardown.py
[2024-06-18T12:53:35.254+0400] {processor.py:840} INFO - DAG(s) 'example_setup_teardown' retrieved from /home/user/Desktop/airflowproj/py_env/lib/python3.10/site-packages/airflow/example_dags/example_setup_teardown.py
[2024-06-18T12:53:35.261+0400] {logging_mixin.py:188} INFO - [2024-06-18T12:53:35.261+0400] {dag.py:3096} INFO - Sync 1 DAGs
[2024-06-18T12:53:35.270+0400] {logging_mixin.py:188} INFO - [2024-06-18T12:53:35.270+0400] {dag.py:3954} INFO - Setting next_dagrun for example_setup_teardown to 2024-06-17 00:00:00+00:00, run_after=2024-06-18 00:00:00+00:00
[2024-06-18T12:53:35.283+0400] {processor.py:183} INFO - Processing /home/user/Desktop/airflowproj/py_env/lib/python3.10/site-packages/airflow/example_dags/example_setup_teardown.py took 0.038 seconds
[2024-06-18T12:54:32.423+0400] {processor.py:161} INFO - Started process (PID=49705) to work on /home/user/Desktop/airflowproj/py_env/lib/python3.10/site-packages/airflow/example_dags/example_setup_teardown.py
[2024-06-18T12:54:32.424+0400] {processor.py:830} INFO - Processing file /home/user/Desktop/airflowproj/py_env/lib/python3.10/site-packages/airflow/example_dags/example_setup_teardown.py for tasks to queue
[2024-06-18T12:54:32.425+0400] {logging_mixin.py:188} INFO - [2024-06-18T12:54:32.425+0400] {dagbag.py:545} INFO - Filling up the DagBag from /home/user/Desktop/airflowproj/py_env/lib/python3.10/site-packages/airflow/example_dags/example_setup_teardown.py
[2024-06-18T12:54:32.429+0400] {processor.py:840} INFO - DAG(s) 'example_setup_teardown' retrieved from /home/user/Desktop/airflowproj/py_env/lib/python3.10/site-packages/airflow/example_dags/example_setup_teardown.py
[2024-06-18T12:54:32.437+0400] {logging_mixin.py:188} INFO - [2024-06-18T12:54:32.437+0400] {dag.py:3096} INFO - Sync 1 DAGs
[2024-06-18T12:54:32.447+0400] {logging_mixin.py:188} INFO - [2024-06-18T12:54:32.447+0400] {dag.py:3954} INFO - Setting next_dagrun for example_setup_teardown to 2024-06-17 00:00:00+00:00, run_after=2024-06-18 00:00:00+00:00
[2024-06-18T12:54:32.464+0400] {processor.py:183} INFO - Processing /home/user/Desktop/airflowproj/py_env/lib/python3.10/site-packages/airflow/example_dags/example_setup_teardown.py took 0.043 seconds
[2024-06-18T12:55:31.836+0400] {processor.py:161} INFO - Started process (PID=50002) to work on /home/user/Desktop/airflowproj/py_env/lib/python3.10/site-packages/airflow/example_dags/example_setup_teardown.py
[2024-06-18T12:55:31.838+0400] {processor.py:830} INFO - Processing file /home/user/Desktop/airflowproj/py_env/lib/python3.10/site-packages/airflow/example_dags/example_setup_teardown.py for tasks to queue
[2024-06-18T12:55:31.838+0400] {logging_mixin.py:188} INFO - [2024-06-18T12:55:31.838+0400] {dagbag.py:545} INFO - Filling up the DagBag from /home/user/Desktop/airflowproj/py_env/lib/python3.10/site-packages/airflow/example_dags/example_setup_teardown.py
[2024-06-18T12:55:31.842+0400] {processor.py:840} INFO - DAG(s) 'example_setup_teardown' retrieved from /home/user/Desktop/airflowproj/py_env/lib/python3.10/site-packages/airflow/example_dags/example_setup_teardown.py
[2024-06-18T12:55:31.849+0400] {logging_mixin.py:188} INFO - [2024-06-18T12:55:31.849+0400] {dag.py:3096} INFO - Sync 1 DAGs
[2024-06-18T12:55:31.857+0400] {logging_mixin.py:188} INFO - [2024-06-18T12:55:31.857+0400] {dag.py:3954} INFO - Setting next_dagrun for example_setup_teardown to 2024-06-17 00:00:00+00:00, run_after=2024-06-18 00:00:00+00:00
[2024-06-18T12:55:31.870+0400] {processor.py:183} INFO - Processing /home/user/Desktop/airflowproj/py_env/lib/python3.10/site-packages/airflow/example_dags/example_setup_teardown.py took 0.038 seconds
[2024-06-18T12:56:28.405+0400] {processor.py:161} INFO - Started process (PID=50242) to work on /home/user/Desktop/airflowproj/py_env/lib/python3.10/site-packages/airflow/example_dags/example_setup_teardown.py
[2024-06-18T12:56:28.407+0400] {processor.py:830} INFO - Processing file /home/user/Desktop/airflowproj/py_env/lib/python3.10/site-packages/airflow/example_dags/example_setup_teardown.py for tasks to queue
[2024-06-18T12:56:28.409+0400] {logging_mixin.py:188} INFO - [2024-06-18T12:56:28.408+0400] {dagbag.py:545} INFO - Filling up the DagBag from /home/user/Desktop/airflowproj/py_env/lib/python3.10/site-packages/airflow/example_dags/example_setup_teardown.py
[2024-06-18T12:56:28.413+0400] {processor.py:840} INFO - DAG(s) 'example_setup_teardown' retrieved from /home/user/Desktop/airflowproj/py_env/lib/python3.10/site-packages/airflow/example_dags/example_setup_teardown.py
[2024-06-18T12:56:28.419+0400] {logging_mixin.py:188} INFO - [2024-06-18T12:56:28.419+0400] {dag.py:3096} INFO - Sync 1 DAGs
[2024-06-18T12:56:28.428+0400] {logging_mixin.py:188} INFO - [2024-06-18T12:56:28.428+0400] {dag.py:3954} INFO - Setting next_dagrun for example_setup_teardown to 2024-06-17 00:00:00+00:00, run_after=2024-06-18 00:00:00+00:00
[2024-06-18T12:56:28.441+0400] {processor.py:183} INFO - Processing /home/user/Desktop/airflowproj/py_env/lib/python3.10/site-packages/airflow/example_dags/example_setup_teardown.py took 0.040 seconds
[2024-06-18T12:57:28.436+0400] {processor.py:161} INFO - Started process (PID=50456) to work on /home/user/Desktop/airflowproj/py_env/lib/python3.10/site-packages/airflow/example_dags/example_setup_teardown.py
[2024-06-18T12:57:28.438+0400] {processor.py:830} INFO - Processing file /home/user/Desktop/airflowproj/py_env/lib/python3.10/site-packages/airflow/example_dags/example_setup_teardown.py for tasks to queue
[2024-06-18T12:57:28.439+0400] {logging_mixin.py:188} INFO - [2024-06-18T12:57:28.439+0400] {dagbag.py:545} INFO - Filling up the DagBag from /home/user/Desktop/airflowproj/py_env/lib/python3.10/site-packages/airflow/example_dags/example_setup_teardown.py
[2024-06-18T12:57:28.443+0400] {processor.py:840} INFO - DAG(s) 'example_setup_teardown' retrieved from /home/user/Desktop/airflowproj/py_env/lib/python3.10/site-packages/airflow/example_dags/example_setup_teardown.py
[2024-06-18T12:57:28.450+0400] {logging_mixin.py:188} INFO - [2024-06-18T12:57:28.450+0400] {dag.py:3096} INFO - Sync 1 DAGs
[2024-06-18T12:57:28.459+0400] {logging_mixin.py:188} INFO - [2024-06-18T12:57:28.459+0400] {dag.py:3954} INFO - Setting next_dagrun for example_setup_teardown to 2024-06-17 00:00:00+00:00, run_after=2024-06-18 00:00:00+00:00
[2024-06-18T12:57:28.472+0400] {processor.py:183} INFO - Processing /home/user/Desktop/airflowproj/py_env/lib/python3.10/site-packages/airflow/example_dags/example_setup_teardown.py took 0.040 seconds
[2024-06-18T12:58:28.369+0400] {processor.py:161} INFO - Started process (PID=50976) to work on /home/user/Desktop/airflowproj/py_env/lib/python3.10/site-packages/airflow/example_dags/example_setup_teardown.py
[2024-06-18T12:58:28.371+0400] {processor.py:830} INFO - Processing file /home/user/Desktop/airflowproj/py_env/lib/python3.10/site-packages/airflow/example_dags/example_setup_teardown.py for tasks to queue
[2024-06-18T12:58:28.373+0400] {logging_mixin.py:188} INFO - [2024-06-18T12:58:28.372+0400] {dagbag.py:545} INFO - Filling up the DagBag from /home/user/Desktop/airflowproj/py_env/lib/python3.10/site-packages/airflow/example_dags/example_setup_teardown.py
[2024-06-18T12:58:28.377+0400] {processor.py:840} INFO - DAG(s) 'example_setup_teardown' retrieved from /home/user/Desktop/airflowproj/py_env/lib/python3.10/site-packages/airflow/example_dags/example_setup_teardown.py
[2024-06-18T12:58:28.387+0400] {logging_mixin.py:188} INFO - [2024-06-18T12:58:28.387+0400] {dag.py:3096} INFO - Sync 1 DAGs
[2024-06-18T12:58:28.400+0400] {logging_mixin.py:188} INFO - [2024-06-18T12:58:28.400+0400] {dag.py:3954} INFO - Setting next_dagrun for example_setup_teardown to 2024-06-17 00:00:00+00:00, run_after=2024-06-18 00:00:00+00:00
[2024-06-18T12:58:28.423+0400] {processor.py:183} INFO - Processing /home/user/Desktop/airflowproj/py_env/lib/python3.10/site-packages/airflow/example_dags/example_setup_teardown.py took 0.060 seconds
[2024-06-18T12:59:25.456+0400] {processor.py:161} INFO - Started process (PID=51343) to work on /home/user/Desktop/airflowproj/py_env/lib/python3.10/site-packages/airflow/example_dags/example_setup_teardown.py
[2024-06-18T12:59:25.458+0400] {processor.py:830} INFO - Processing file /home/user/Desktop/airflowproj/py_env/lib/python3.10/site-packages/airflow/example_dags/example_setup_teardown.py for tasks to queue
[2024-06-18T12:59:25.459+0400] {logging_mixin.py:188} INFO - [2024-06-18T12:59:25.459+0400] {dagbag.py:545} INFO - Filling up the DagBag from /home/user/Desktop/airflowproj/py_env/lib/python3.10/site-packages/airflow/example_dags/example_setup_teardown.py
[2024-06-18T12:59:25.462+0400] {processor.py:840} INFO - DAG(s) 'example_setup_teardown' retrieved from /home/user/Desktop/airflowproj/py_env/lib/python3.10/site-packages/airflow/example_dags/example_setup_teardown.py
[2024-06-18T12:59:25.469+0400] {logging_mixin.py:188} INFO - [2024-06-18T12:59:25.469+0400] {dag.py:3096} INFO - Sync 1 DAGs
[2024-06-18T12:59:25.478+0400] {logging_mixin.py:188} INFO - [2024-06-18T12:59:25.478+0400] {dag.py:3954} INFO - Setting next_dagrun for example_setup_teardown to 2024-06-17 00:00:00+00:00, run_after=2024-06-18 00:00:00+00:00
[2024-06-18T12:59:25.491+0400] {processor.py:183} INFO - Processing /home/user/Desktop/airflowproj/py_env/lib/python3.10/site-packages/airflow/example_dags/example_setup_teardown.py took 0.038 seconds
[2024-06-18T13:00:19.526+0400] {processor.py:161} INFO - Started process (PID=51708) to work on /home/user/Desktop/airflowproj/py_env/lib/python3.10/site-packages/airflow/example_dags/example_setup_teardown.py
[2024-06-18T13:00:19.528+0400] {processor.py:830} INFO - Processing file /home/user/Desktop/airflowproj/py_env/lib/python3.10/site-packages/airflow/example_dags/example_setup_teardown.py for tasks to queue
[2024-06-18T13:00:19.529+0400] {logging_mixin.py:188} INFO - [2024-06-18T13:00:19.529+0400] {dagbag.py:545} INFO - Filling up the DagBag from /home/user/Desktop/airflowproj/py_env/lib/python3.10/site-packages/airflow/example_dags/example_setup_teardown.py
[2024-06-18T13:00:19.532+0400] {processor.py:840} INFO - DAG(s) 'example_setup_teardown' retrieved from /home/user/Desktop/airflowproj/py_env/lib/python3.10/site-packages/airflow/example_dags/example_setup_teardown.py
[2024-06-18T13:00:19.541+0400] {logging_mixin.py:188} INFO - [2024-06-18T13:00:19.540+0400] {dag.py:3096} INFO - Sync 1 DAGs
[2024-06-18T13:00:19.550+0400] {logging_mixin.py:188} INFO - [2024-06-18T13:00:19.550+0400] {dag.py:3954} INFO - Setting next_dagrun for example_setup_teardown to 2024-06-17 00:00:00+00:00, run_after=2024-06-18 00:00:00+00:00
[2024-06-18T13:00:19.564+0400] {processor.py:183} INFO - Processing /home/user/Desktop/airflowproj/py_env/lib/python3.10/site-packages/airflow/example_dags/example_setup_teardown.py took 0.041 seconds
[2024-06-18T13:01:17.784+0400] {processor.py:161} INFO - Started process (PID=52048) to work on /home/user/Desktop/airflowproj/py_env/lib/python3.10/site-packages/airflow/example_dags/example_setup_teardown.py
[2024-06-18T13:01:17.786+0400] {processor.py:830} INFO - Processing file /home/user/Desktop/airflowproj/py_env/lib/python3.10/site-packages/airflow/example_dags/example_setup_teardown.py for tasks to queue
[2024-06-18T13:01:17.787+0400] {logging_mixin.py:188} INFO - [2024-06-18T13:01:17.787+0400] {dagbag.py:545} INFO - Filling up the DagBag from /home/user/Desktop/airflowproj/py_env/lib/python3.10/site-packages/airflow/example_dags/example_setup_teardown.py
[2024-06-18T13:01:17.791+0400] {processor.py:840} INFO - DAG(s) 'example_setup_teardown' retrieved from /home/user/Desktop/airflowproj/py_env/lib/python3.10/site-packages/airflow/example_dags/example_setup_teardown.py
[2024-06-18T13:01:17.800+0400] {logging_mixin.py:188} INFO - [2024-06-18T13:01:17.800+0400] {dag.py:3096} INFO - Sync 1 DAGs
[2024-06-18T13:01:17.810+0400] {logging_mixin.py:188} INFO - [2024-06-18T13:01:17.810+0400] {dag.py:3954} INFO - Setting next_dagrun for example_setup_teardown to 2024-06-17 00:00:00+00:00, run_after=2024-06-18 00:00:00+00:00
[2024-06-18T13:01:17.825+0400] {processor.py:183} INFO - Processing /home/user/Desktop/airflowproj/py_env/lib/python3.10/site-packages/airflow/example_dags/example_setup_teardown.py took 0.046 seconds
[2024-06-18T13:02:18.327+0400] {processor.py:161} INFO - Started process (PID=52845) to work on /home/user/Desktop/airflowproj/py_env/lib/python3.10/site-packages/airflow/example_dags/example_setup_teardown.py
[2024-06-18T13:02:18.329+0400] {processor.py:830} INFO - Processing file /home/user/Desktop/airflowproj/py_env/lib/python3.10/site-packages/airflow/example_dags/example_setup_teardown.py for tasks to queue
[2024-06-18T13:02:18.330+0400] {logging_mixin.py:188} INFO - [2024-06-18T13:02:18.330+0400] {dagbag.py:545} INFO - Filling up the DagBag from /home/user/Desktop/airflowproj/py_env/lib/python3.10/site-packages/airflow/example_dags/example_setup_teardown.py
[2024-06-18T13:02:18.334+0400] {processor.py:840} INFO - DAG(s) 'example_setup_teardown' retrieved from /home/user/Desktop/airflowproj/py_env/lib/python3.10/site-packages/airflow/example_dags/example_setup_teardown.py
[2024-06-18T13:02:18.342+0400] {logging_mixin.py:188} INFO - [2024-06-18T13:02:18.342+0400] {dag.py:3096} INFO - Sync 1 DAGs
[2024-06-18T13:02:18.352+0400] {logging_mixin.py:188} INFO - [2024-06-18T13:02:18.352+0400] {dag.py:3954} INFO - Setting next_dagrun for example_setup_teardown to 2024-06-17 00:00:00+00:00, run_after=2024-06-18 00:00:00+00:00
[2024-06-18T13:02:18.365+0400] {processor.py:183} INFO - Processing /home/user/Desktop/airflowproj/py_env/lib/python3.10/site-packages/airflow/example_dags/example_setup_teardown.py took 0.042 seconds
[2024-06-18T13:03:16.960+0400] {processor.py:161} INFO - Started process (PID=53077) to work on /home/user/Desktop/airflowproj/py_env/lib/python3.10/site-packages/airflow/example_dags/example_setup_teardown.py
[2024-06-18T13:03:16.963+0400] {processor.py:830} INFO - Processing file /home/user/Desktop/airflowproj/py_env/lib/python3.10/site-packages/airflow/example_dags/example_setup_teardown.py for tasks to queue
[2024-06-18T13:03:16.964+0400] {logging_mixin.py:188} INFO - [2024-06-18T13:03:16.963+0400] {dagbag.py:545} INFO - Filling up the DagBag from /home/user/Desktop/airflowproj/py_env/lib/python3.10/site-packages/airflow/example_dags/example_setup_teardown.py
[2024-06-18T13:03:16.968+0400] {processor.py:840} INFO - DAG(s) 'example_setup_teardown' retrieved from /home/user/Desktop/airflowproj/py_env/lib/python3.10/site-packages/airflow/example_dags/example_setup_teardown.py
[2024-06-18T13:03:16.976+0400] {logging_mixin.py:188} INFO - [2024-06-18T13:03:16.975+0400] {dag.py:3096} INFO - Sync 1 DAGs
[2024-06-18T13:03:16.985+0400] {logging_mixin.py:188} INFO - [2024-06-18T13:03:16.985+0400] {dag.py:3954} INFO - Setting next_dagrun for example_setup_teardown to 2024-06-17 00:00:00+00:00, run_after=2024-06-18 00:00:00+00:00
[2024-06-18T13:03:16.999+0400] {processor.py:183} INFO - Processing /home/user/Desktop/airflowproj/py_env/lib/python3.10/site-packages/airflow/example_dags/example_setup_teardown.py took 0.044 seconds
[2024-06-18T13:04:13.610+0400] {processor.py:161} INFO - Started process (PID=53277) to work on /home/user/Desktop/airflowproj/py_env/lib/python3.10/site-packages/airflow/example_dags/example_setup_teardown.py
[2024-06-18T13:04:13.611+0400] {processor.py:830} INFO - Processing file /home/user/Desktop/airflowproj/py_env/lib/python3.10/site-packages/airflow/example_dags/example_setup_teardown.py for tasks to queue
[2024-06-18T13:04:13.612+0400] {logging_mixin.py:188} INFO - [2024-06-18T13:04:13.612+0400] {dagbag.py:545} INFO - Filling up the DagBag from /home/user/Desktop/airflowproj/py_env/lib/python3.10/site-packages/airflow/example_dags/example_setup_teardown.py
[2024-06-18T13:04:13.617+0400] {processor.py:840} INFO - DAG(s) 'example_setup_teardown' retrieved from /home/user/Desktop/airflowproj/py_env/lib/python3.10/site-packages/airflow/example_dags/example_setup_teardown.py
[2024-06-18T13:04:13.626+0400] {logging_mixin.py:188} INFO - [2024-06-18T13:04:13.626+0400] {dag.py:3096} INFO - Sync 1 DAGs
[2024-06-18T13:04:13.635+0400] {logging_mixin.py:188} INFO - [2024-06-18T13:04:13.635+0400] {dag.py:3954} INFO - Setting next_dagrun for example_setup_teardown to 2024-06-17 00:00:00+00:00, run_after=2024-06-18 00:00:00+00:00
[2024-06-18T13:04:13.649+0400] {processor.py:183} INFO - Processing /home/user/Desktop/airflowproj/py_env/lib/python3.10/site-packages/airflow/example_dags/example_setup_teardown.py took 0.043 seconds
[2024-06-18T13:05:11.293+0400] {processor.py:161} INFO - Started process (PID=53510) to work on /home/user/Desktop/airflowproj/py_env/lib/python3.10/site-packages/airflow/example_dags/example_setup_teardown.py
[2024-06-18T13:05:11.296+0400] {processor.py:830} INFO - Processing file /home/user/Desktop/airflowproj/py_env/lib/python3.10/site-packages/airflow/example_dags/example_setup_teardown.py for tasks to queue
[2024-06-18T13:05:11.297+0400] {logging_mixin.py:188} INFO - [2024-06-18T13:05:11.297+0400] {dagbag.py:545} INFO - Filling up the DagBag from /home/user/Desktop/airflowproj/py_env/lib/python3.10/site-packages/airflow/example_dags/example_setup_teardown.py
[2024-06-18T13:05:11.301+0400] {processor.py:840} INFO - DAG(s) 'example_setup_teardown' retrieved from /home/user/Desktop/airflowproj/py_env/lib/python3.10/site-packages/airflow/example_dags/example_setup_teardown.py
[2024-06-18T13:05:11.309+0400] {logging_mixin.py:188} INFO - [2024-06-18T13:05:11.309+0400] {dag.py:3096} INFO - Sync 1 DAGs
[2024-06-18T13:05:11.317+0400] {logging_mixin.py:188} INFO - [2024-06-18T13:05:11.317+0400] {dag.py:3954} INFO - Setting next_dagrun for example_setup_teardown to 2024-06-17 00:00:00+00:00, run_after=2024-06-18 00:00:00+00:00
[2024-06-18T13:05:11.331+0400] {processor.py:183} INFO - Processing /home/user/Desktop/airflowproj/py_env/lib/python3.10/site-packages/airflow/example_dags/example_setup_teardown.py took 0.042 seconds
[2024-06-18T13:06:09.910+0400] {processor.py:161} INFO - Started process (PID=53732) to work on /home/user/Desktop/airflowproj/py_env/lib/python3.10/site-packages/airflow/example_dags/example_setup_teardown.py
[2024-06-18T13:06:09.912+0400] {processor.py:830} INFO - Processing file /home/user/Desktop/airflowproj/py_env/lib/python3.10/site-packages/airflow/example_dags/example_setup_teardown.py for tasks to queue
[2024-06-18T13:06:09.913+0400] {logging_mixin.py:188} INFO - [2024-06-18T13:06:09.913+0400] {dagbag.py:545} INFO - Filling up the DagBag from /home/user/Desktop/airflowproj/py_env/lib/python3.10/site-packages/airflow/example_dags/example_setup_teardown.py
[2024-06-18T13:06:09.917+0400] {processor.py:840} INFO - DAG(s) 'example_setup_teardown' retrieved from /home/user/Desktop/airflowproj/py_env/lib/python3.10/site-packages/airflow/example_dags/example_setup_teardown.py
[2024-06-18T13:06:09.925+0400] {logging_mixin.py:188} INFO - [2024-06-18T13:06:09.925+0400] {dag.py:3096} INFO - Sync 1 DAGs
[2024-06-18T13:06:09.934+0400] {logging_mixin.py:188} INFO - [2024-06-18T13:06:09.934+0400] {dag.py:3954} INFO - Setting next_dagrun for example_setup_teardown to 2024-06-17 00:00:00+00:00, run_after=2024-06-18 00:00:00+00:00
[2024-06-18T13:06:09.948+0400] {processor.py:183} INFO - Processing /home/user/Desktop/airflowproj/py_env/lib/python3.10/site-packages/airflow/example_dags/example_setup_teardown.py took 0.043 seconds
[2024-06-18T13:07:11.566+0400] {processor.py:161} INFO - Started process (PID=53937) to work on /home/user/Desktop/airflowproj/py_env/lib/python3.10/site-packages/airflow/example_dags/example_setup_teardown.py
[2024-06-18T13:07:11.568+0400] {processor.py:830} INFO - Processing file /home/user/Desktop/airflowproj/py_env/lib/python3.10/site-packages/airflow/example_dags/example_setup_teardown.py for tasks to queue
[2024-06-18T13:07:11.570+0400] {logging_mixin.py:188} INFO - [2024-06-18T13:07:11.569+0400] {dagbag.py:545} INFO - Filling up the DagBag from /home/user/Desktop/airflowproj/py_env/lib/python3.10/site-packages/airflow/example_dags/example_setup_teardown.py
[2024-06-18T13:07:11.574+0400] {processor.py:840} INFO - DAG(s) 'example_setup_teardown' retrieved from /home/user/Desktop/airflowproj/py_env/lib/python3.10/site-packages/airflow/example_dags/example_setup_teardown.py
[2024-06-18T13:07:11.581+0400] {logging_mixin.py:188} INFO - [2024-06-18T13:07:11.581+0400] {dag.py:3096} INFO - Sync 1 DAGs
[2024-06-18T13:07:11.590+0400] {logging_mixin.py:188} INFO - [2024-06-18T13:07:11.590+0400] {dag.py:3954} INFO - Setting next_dagrun for example_setup_teardown to 2024-06-17 00:00:00+00:00, run_after=2024-06-18 00:00:00+00:00
[2024-06-18T13:07:11.604+0400] {processor.py:183} INFO - Processing /home/user/Desktop/airflowproj/py_env/lib/python3.10/site-packages/airflow/example_dags/example_setup_teardown.py took 0.042 seconds
[2024-06-18T13:08:13.252+0400] {processor.py:161} INFO - Started process (PID=54198) to work on /home/user/Desktop/airflowproj/py_env/lib/python3.10/site-packages/airflow/example_dags/example_setup_teardown.py
[2024-06-18T13:08:13.255+0400] {processor.py:830} INFO - Processing file /home/user/Desktop/airflowproj/py_env/lib/python3.10/site-packages/airflow/example_dags/example_setup_teardown.py for tasks to queue
[2024-06-18T13:08:13.256+0400] {logging_mixin.py:188} INFO - [2024-06-18T13:08:13.256+0400] {dagbag.py:545} INFO - Filling up the DagBag from /home/user/Desktop/airflowproj/py_env/lib/python3.10/site-packages/airflow/example_dags/example_setup_teardown.py
[2024-06-18T13:08:13.260+0400] {processor.py:840} INFO - DAG(s) 'example_setup_teardown' retrieved from /home/user/Desktop/airflowproj/py_env/lib/python3.10/site-packages/airflow/example_dags/example_setup_teardown.py
[2024-06-18T13:08:13.268+0400] {logging_mixin.py:188} INFO - [2024-06-18T13:08:13.268+0400] {dag.py:3096} INFO - Sync 1 DAGs
[2024-06-18T13:08:13.277+0400] {logging_mixin.py:188} INFO - [2024-06-18T13:08:13.277+0400] {dag.py:3954} INFO - Setting next_dagrun for example_setup_teardown to 2024-06-17 00:00:00+00:00, run_after=2024-06-18 00:00:00+00:00
[2024-06-18T13:08:13.292+0400] {processor.py:183} INFO - Processing /home/user/Desktop/airflowproj/py_env/lib/python3.10/site-packages/airflow/example_dags/example_setup_teardown.py took 0.044 seconds
[2024-06-18T13:09:10.656+0400] {processor.py:161} INFO - Started process (PID=54445) to work on /home/user/Desktop/airflowproj/py_env/lib/python3.10/site-packages/airflow/example_dags/example_setup_teardown.py
[2024-06-18T13:09:10.658+0400] {processor.py:830} INFO - Processing file /home/user/Desktop/airflowproj/py_env/lib/python3.10/site-packages/airflow/example_dags/example_setup_teardown.py for tasks to queue
[2024-06-18T13:09:10.659+0400] {logging_mixin.py:188} INFO - [2024-06-18T13:09:10.659+0400] {dagbag.py:545} INFO - Filling up the DagBag from /home/user/Desktop/airflowproj/py_env/lib/python3.10/site-packages/airflow/example_dags/example_setup_teardown.py
[2024-06-18T13:09:10.663+0400] {processor.py:840} INFO - DAG(s) 'example_setup_teardown' retrieved from /home/user/Desktop/airflowproj/py_env/lib/python3.10/site-packages/airflow/example_dags/example_setup_teardown.py
[2024-06-18T13:09:10.671+0400] {logging_mixin.py:188} INFO - [2024-06-18T13:09:10.671+0400] {dag.py:3096} INFO - Sync 1 DAGs
[2024-06-18T13:09:10.680+0400] {logging_mixin.py:188} INFO - [2024-06-18T13:09:10.680+0400] {dag.py:3954} INFO - Setting next_dagrun for example_setup_teardown to 2024-06-17 00:00:00+00:00, run_after=2024-06-18 00:00:00+00:00
[2024-06-18T13:09:10.693+0400] {processor.py:183} INFO - Processing /home/user/Desktop/airflowproj/py_env/lib/python3.10/site-packages/airflow/example_dags/example_setup_teardown.py took 0.042 seconds
[2024-06-18T13:10:10.248+0400] {processor.py:161} INFO - Started process (PID=54653) to work on /home/user/Desktop/airflowproj/py_env/lib/python3.10/site-packages/airflow/example_dags/example_setup_teardown.py
[2024-06-18T13:10:10.250+0400] {processor.py:830} INFO - Processing file /home/user/Desktop/airflowproj/py_env/lib/python3.10/site-packages/airflow/example_dags/example_setup_teardown.py for tasks to queue
[2024-06-18T13:10:10.252+0400] {logging_mixin.py:188} INFO - [2024-06-18T13:10:10.252+0400] {dagbag.py:545} INFO - Filling up the DagBag from /home/user/Desktop/airflowproj/py_env/lib/python3.10/site-packages/airflow/example_dags/example_setup_teardown.py
[2024-06-18T13:10:10.257+0400] {processor.py:840} INFO - DAG(s) 'example_setup_teardown' retrieved from /home/user/Desktop/airflowproj/py_env/lib/python3.10/site-packages/airflow/example_dags/example_setup_teardown.py
[2024-06-18T13:10:10.265+0400] {logging_mixin.py:188} INFO - [2024-06-18T13:10:10.265+0400] {dag.py:3096} INFO - Sync 1 DAGs
[2024-06-18T13:10:10.274+0400] {logging_mixin.py:188} INFO - [2024-06-18T13:10:10.274+0400] {dag.py:3954} INFO - Setting next_dagrun for example_setup_teardown to 2024-06-17 00:00:00+00:00, run_after=2024-06-18 00:00:00+00:00
[2024-06-18T13:10:10.287+0400] {processor.py:183} INFO - Processing /home/user/Desktop/airflowproj/py_env/lib/python3.10/site-packages/airflow/example_dags/example_setup_teardown.py took 0.044 seconds
[2024-06-18T13:11:13.474+0400] {processor.py:161} INFO - Started process (PID=54862) to work on /home/user/Desktop/airflowproj/py_env/lib/python3.10/site-packages/airflow/example_dags/example_setup_teardown.py
[2024-06-18T13:11:13.477+0400] {processor.py:830} INFO - Processing file /home/user/Desktop/airflowproj/py_env/lib/python3.10/site-packages/airflow/example_dags/example_setup_teardown.py for tasks to queue
[2024-06-18T13:11:13.478+0400] {logging_mixin.py:188} INFO - [2024-06-18T13:11:13.478+0400] {dagbag.py:545} INFO - Filling up the DagBag from /home/user/Desktop/airflowproj/py_env/lib/python3.10/site-packages/airflow/example_dags/example_setup_teardown.py
[2024-06-18T13:11:13.482+0400] {processor.py:840} INFO - DAG(s) 'example_setup_teardown' retrieved from /home/user/Desktop/airflowproj/py_env/lib/python3.10/site-packages/airflow/example_dags/example_setup_teardown.py
[2024-06-18T13:11:13.490+0400] {logging_mixin.py:188} INFO - [2024-06-18T13:11:13.489+0400] {dag.py:3096} INFO - Sync 1 DAGs
[2024-06-18T13:11:13.498+0400] {logging_mixin.py:188} INFO - [2024-06-18T13:11:13.498+0400] {dag.py:3954} INFO - Setting next_dagrun for example_setup_teardown to 2024-06-17 00:00:00+00:00, run_after=2024-06-18 00:00:00+00:00
[2024-06-18T13:11:13.512+0400] {processor.py:183} INFO - Processing /home/user/Desktop/airflowproj/py_env/lib/python3.10/site-packages/airflow/example_dags/example_setup_teardown.py took 0.042 seconds
[2024-06-18T13:12:10.747+0400] {processor.py:161} INFO - Started process (PID=55064) to work on /home/user/Desktop/airflowproj/py_env/lib/python3.10/site-packages/airflow/example_dags/example_setup_teardown.py
[2024-06-18T13:12:10.749+0400] {processor.py:830} INFO - Processing file /home/user/Desktop/airflowproj/py_env/lib/python3.10/site-packages/airflow/example_dags/example_setup_teardown.py for tasks to queue
[2024-06-18T13:12:10.750+0400] {logging_mixin.py:188} INFO - [2024-06-18T13:12:10.750+0400] {dagbag.py:545} INFO - Filling up the DagBag from /home/user/Desktop/airflowproj/py_env/lib/python3.10/site-packages/airflow/example_dags/example_setup_teardown.py
[2024-06-18T13:12:10.753+0400] {processor.py:840} INFO - DAG(s) 'example_setup_teardown' retrieved from /home/user/Desktop/airflowproj/py_env/lib/python3.10/site-packages/airflow/example_dags/example_setup_teardown.py
[2024-06-18T13:12:10.761+0400] {logging_mixin.py:188} INFO - [2024-06-18T13:12:10.761+0400] {dag.py:3096} INFO - Sync 1 DAGs
[2024-06-18T13:12:10.770+0400] {logging_mixin.py:188} INFO - [2024-06-18T13:12:10.770+0400] {dag.py:3954} INFO - Setting next_dagrun for example_setup_teardown to 2024-06-17 00:00:00+00:00, run_after=2024-06-18 00:00:00+00:00
[2024-06-18T13:12:10.782+0400] {processor.py:183} INFO - Processing /home/user/Desktop/airflowproj/py_env/lib/python3.10/site-packages/airflow/example_dags/example_setup_teardown.py took 0.040 seconds
[2024-06-18T13:13:10.287+0400] {processor.py:161} INFO - Started process (PID=55302) to work on /home/user/Desktop/airflowproj/py_env/lib/python3.10/site-packages/airflow/example_dags/example_setup_teardown.py
[2024-06-18T13:13:10.289+0400] {processor.py:830} INFO - Processing file /home/user/Desktop/airflowproj/py_env/lib/python3.10/site-packages/airflow/example_dags/example_setup_teardown.py for tasks to queue
[2024-06-18T13:13:10.291+0400] {logging_mixin.py:188} INFO - [2024-06-18T13:13:10.290+0400] {dagbag.py:545} INFO - Filling up the DagBag from /home/user/Desktop/airflowproj/py_env/lib/python3.10/site-packages/airflow/example_dags/example_setup_teardown.py
[2024-06-18T13:13:10.297+0400] {processor.py:840} INFO - DAG(s) 'example_setup_teardown' retrieved from /home/user/Desktop/airflowproj/py_env/lib/python3.10/site-packages/airflow/example_dags/example_setup_teardown.py
[2024-06-18T13:13:10.305+0400] {logging_mixin.py:188} INFO - [2024-06-18T13:13:10.305+0400] {dag.py:3096} INFO - Sync 1 DAGs
[2024-06-18T13:13:10.316+0400] {logging_mixin.py:188} INFO - [2024-06-18T13:13:10.316+0400] {dag.py:3954} INFO - Setting next_dagrun for example_setup_teardown to 2024-06-17 00:00:00+00:00, run_after=2024-06-18 00:00:00+00:00
[2024-06-18T13:13:10.330+0400] {processor.py:183} INFO - Processing /home/user/Desktop/airflowproj/py_env/lib/python3.10/site-packages/airflow/example_dags/example_setup_teardown.py took 0.047 seconds
[2024-06-18T13:14:12.014+0400] {processor.py:161} INFO - Started process (PID=55516) to work on /home/user/Desktop/airflowproj/py_env/lib/python3.10/site-packages/airflow/example_dags/example_setup_teardown.py
[2024-06-18T13:14:12.016+0400] {processor.py:830} INFO - Processing file /home/user/Desktop/airflowproj/py_env/lib/python3.10/site-packages/airflow/example_dags/example_setup_teardown.py for tasks to queue
[2024-06-18T13:14:12.017+0400] {logging_mixin.py:188} INFO - [2024-06-18T13:14:12.017+0400] {dagbag.py:545} INFO - Filling up the DagBag from /home/user/Desktop/airflowproj/py_env/lib/python3.10/site-packages/airflow/example_dags/example_setup_teardown.py
[2024-06-18T13:14:12.021+0400] {processor.py:840} INFO - DAG(s) 'example_setup_teardown' retrieved from /home/user/Desktop/airflowproj/py_env/lib/python3.10/site-packages/airflow/example_dags/example_setup_teardown.py
[2024-06-18T13:14:12.029+0400] {logging_mixin.py:188} INFO - [2024-06-18T13:14:12.029+0400] {dag.py:3096} INFO - Sync 1 DAGs
[2024-06-18T13:14:12.038+0400] {logging_mixin.py:188} INFO - [2024-06-18T13:14:12.038+0400] {dag.py:3954} INFO - Setting next_dagrun for example_setup_teardown to 2024-06-17 00:00:00+00:00, run_after=2024-06-18 00:00:00+00:00
[2024-06-18T13:14:12.052+0400] {processor.py:183} INFO - Processing /home/user/Desktop/airflowproj/py_env/lib/python3.10/site-packages/airflow/example_dags/example_setup_teardown.py took 0.043 seconds
[2024-06-18T13:15:08.704+0400] {processor.py:161} INFO - Started process (PID=55724) to work on /home/user/Desktop/airflowproj/py_env/lib/python3.10/site-packages/airflow/example_dags/example_setup_teardown.py
[2024-06-18T13:15:08.707+0400] {processor.py:830} INFO - Processing file /home/user/Desktop/airflowproj/py_env/lib/python3.10/site-packages/airflow/example_dags/example_setup_teardown.py for tasks to queue
[2024-06-18T13:15:08.708+0400] {logging_mixin.py:188} INFO - [2024-06-18T13:15:08.708+0400] {dagbag.py:545} INFO - Filling up the DagBag from /home/user/Desktop/airflowproj/py_env/lib/python3.10/site-packages/airflow/example_dags/example_setup_teardown.py
[2024-06-18T13:15:08.714+0400] {processor.py:840} INFO - DAG(s) 'example_setup_teardown' retrieved from /home/user/Desktop/airflowproj/py_env/lib/python3.10/site-packages/airflow/example_dags/example_setup_teardown.py
[2024-06-18T13:15:08.722+0400] {logging_mixin.py:188} INFO - [2024-06-18T13:15:08.722+0400] {dag.py:3096} INFO - Sync 1 DAGs
[2024-06-18T13:15:08.731+0400] {logging_mixin.py:188} INFO - [2024-06-18T13:15:08.731+0400] {dag.py:3954} INFO - Setting next_dagrun for example_setup_teardown to 2024-06-17 00:00:00+00:00, run_after=2024-06-18 00:00:00+00:00
[2024-06-18T13:15:08.744+0400] {processor.py:183} INFO - Processing /home/user/Desktop/airflowproj/py_env/lib/python3.10/site-packages/airflow/example_dags/example_setup_teardown.py took 0.044 seconds
[2024-06-18T13:16:08.062+0400] {processor.py:161} INFO - Started process (PID=55927) to work on /home/user/Desktop/airflowproj/py_env/lib/python3.10/site-packages/airflow/example_dags/example_setup_teardown.py
[2024-06-18T13:16:08.063+0400] {processor.py:830} INFO - Processing file /home/user/Desktop/airflowproj/py_env/lib/python3.10/site-packages/airflow/example_dags/example_setup_teardown.py for tasks to queue
[2024-06-18T13:16:08.064+0400] {logging_mixin.py:188} INFO - [2024-06-18T13:16:08.064+0400] {dagbag.py:545} INFO - Filling up the DagBag from /home/user/Desktop/airflowproj/py_env/lib/python3.10/site-packages/airflow/example_dags/example_setup_teardown.py
[2024-06-18T13:16:08.067+0400] {processor.py:840} INFO - DAG(s) 'example_setup_teardown' retrieved from /home/user/Desktop/airflowproj/py_env/lib/python3.10/site-packages/airflow/example_dags/example_setup_teardown.py
[2024-06-18T13:16:08.075+0400] {logging_mixin.py:188} INFO - [2024-06-18T13:16:08.075+0400] {dag.py:3096} INFO - Sync 1 DAGs
[2024-06-18T13:16:08.084+0400] {logging_mixin.py:188} INFO - [2024-06-18T13:16:08.084+0400] {dag.py:3954} INFO - Setting next_dagrun for example_setup_teardown to 2024-06-17 00:00:00+00:00, run_after=2024-06-18 00:00:00+00:00
[2024-06-18T13:16:08.096+0400] {processor.py:183} INFO - Processing /home/user/Desktop/airflowproj/py_env/lib/python3.10/site-packages/airflow/example_dags/example_setup_teardown.py took 0.039 seconds
[2024-06-18T13:17:05.725+0400] {processor.py:161} INFO - Started process (PID=56116) to work on /home/user/Desktop/airflowproj/py_env/lib/python3.10/site-packages/airflow/example_dags/example_setup_teardown.py
[2024-06-18T13:17:05.727+0400] {processor.py:830} INFO - Processing file /home/user/Desktop/airflowproj/py_env/lib/python3.10/site-packages/airflow/example_dags/example_setup_teardown.py for tasks to queue
[2024-06-18T13:17:05.729+0400] {logging_mixin.py:188} INFO - [2024-06-18T13:17:05.728+0400] {dagbag.py:545} INFO - Filling up the DagBag from /home/user/Desktop/airflowproj/py_env/lib/python3.10/site-packages/airflow/example_dags/example_setup_teardown.py
[2024-06-18T13:17:05.733+0400] {processor.py:840} INFO - DAG(s) 'example_setup_teardown' retrieved from /home/user/Desktop/airflowproj/py_env/lib/python3.10/site-packages/airflow/example_dags/example_setup_teardown.py
[2024-06-18T13:17:05.741+0400] {logging_mixin.py:188} INFO - [2024-06-18T13:17:05.741+0400] {dag.py:3096} INFO - Sync 1 DAGs
[2024-06-18T13:17:05.750+0400] {logging_mixin.py:188} INFO - [2024-06-18T13:17:05.750+0400] {dag.py:3954} INFO - Setting next_dagrun for example_setup_teardown to 2024-06-17 00:00:00+00:00, run_after=2024-06-18 00:00:00+00:00
[2024-06-18T13:17:05.764+0400] {processor.py:183} INFO - Processing /home/user/Desktop/airflowproj/py_env/lib/python3.10/site-packages/airflow/example_dags/example_setup_teardown.py took 0.044 seconds
[2024-06-18T13:18:03.389+0400] {processor.py:161} INFO - Started process (PID=56349) to work on /home/user/Desktop/airflowproj/py_env/lib/python3.10/site-packages/airflow/example_dags/example_setup_teardown.py
[2024-06-18T13:18:03.391+0400] {processor.py:830} INFO - Processing file /home/user/Desktop/airflowproj/py_env/lib/python3.10/site-packages/airflow/example_dags/example_setup_teardown.py for tasks to queue
[2024-06-18T13:18:03.392+0400] {logging_mixin.py:188} INFO - [2024-06-18T13:18:03.392+0400] {dagbag.py:545} INFO - Filling up the DagBag from /home/user/Desktop/airflowproj/py_env/lib/python3.10/site-packages/airflow/example_dags/example_setup_teardown.py
[2024-06-18T13:18:03.396+0400] {processor.py:840} INFO - DAG(s) 'example_setup_teardown' retrieved from /home/user/Desktop/airflowproj/py_env/lib/python3.10/site-packages/airflow/example_dags/example_setup_teardown.py
[2024-06-18T13:18:03.405+0400] {logging_mixin.py:188} INFO - [2024-06-18T13:18:03.405+0400] {dag.py:3096} INFO - Sync 1 DAGs
[2024-06-18T13:18:03.415+0400] {logging_mixin.py:188} INFO - [2024-06-18T13:18:03.415+0400] {dag.py:3954} INFO - Setting next_dagrun for example_setup_teardown to 2024-06-17 00:00:00+00:00, run_after=2024-06-18 00:00:00+00:00
[2024-06-18T13:18:03.429+0400] {processor.py:183} INFO - Processing /home/user/Desktop/airflowproj/py_env/lib/python3.10/site-packages/airflow/example_dags/example_setup_teardown.py took 0.043 seconds
[2024-06-18T13:19:02.191+0400] {processor.py:161} INFO - Started process (PID=56555) to work on /home/user/Desktop/airflowproj/py_env/lib/python3.10/site-packages/airflow/example_dags/example_setup_teardown.py
[2024-06-18T13:19:02.194+0400] {processor.py:830} INFO - Processing file /home/user/Desktop/airflowproj/py_env/lib/python3.10/site-packages/airflow/example_dags/example_setup_teardown.py for tasks to queue
[2024-06-18T13:19:02.195+0400] {logging_mixin.py:188} INFO - [2024-06-18T13:19:02.195+0400] {dagbag.py:545} INFO - Filling up the DagBag from /home/user/Desktop/airflowproj/py_env/lib/python3.10/site-packages/airflow/example_dags/example_setup_teardown.py
[2024-06-18T13:19:02.199+0400] {processor.py:840} INFO - DAG(s) 'example_setup_teardown' retrieved from /home/user/Desktop/airflowproj/py_env/lib/python3.10/site-packages/airflow/example_dags/example_setup_teardown.py
[2024-06-18T13:19:02.207+0400] {logging_mixin.py:188} INFO - [2024-06-18T13:19:02.207+0400] {dag.py:3096} INFO - Sync 1 DAGs
[2024-06-18T13:19:02.215+0400] {logging_mixin.py:188} INFO - [2024-06-18T13:19:02.215+0400] {dag.py:3954} INFO - Setting next_dagrun for example_setup_teardown to 2024-06-17 00:00:00+00:00, run_after=2024-06-18 00:00:00+00:00
[2024-06-18T13:19:02.230+0400] {processor.py:183} INFO - Processing /home/user/Desktop/airflowproj/py_env/lib/python3.10/site-packages/airflow/example_dags/example_setup_teardown.py took 0.043 seconds
[2024-06-18T13:20:00.499+0400] {processor.py:161} INFO - Started process (PID=56763) to work on /home/user/Desktop/airflowproj/py_env/lib/python3.10/site-packages/airflow/example_dags/example_setup_teardown.py
[2024-06-18T13:20:00.502+0400] {processor.py:830} INFO - Processing file /home/user/Desktop/airflowproj/py_env/lib/python3.10/site-packages/airflow/example_dags/example_setup_teardown.py for tasks to queue
[2024-06-18T13:20:00.503+0400] {logging_mixin.py:188} INFO - [2024-06-18T13:20:00.503+0400] {dagbag.py:545} INFO - Filling up the DagBag from /home/user/Desktop/airflowproj/py_env/lib/python3.10/site-packages/airflow/example_dags/example_setup_teardown.py
[2024-06-18T13:20:00.508+0400] {processor.py:840} INFO - DAG(s) 'example_setup_teardown' retrieved from /home/user/Desktop/airflowproj/py_env/lib/python3.10/site-packages/airflow/example_dags/example_setup_teardown.py
[2024-06-18T13:20:00.516+0400] {logging_mixin.py:188} INFO - [2024-06-18T13:20:00.516+0400] {dag.py:3096} INFO - Sync 1 DAGs
[2024-06-18T13:20:00.524+0400] {logging_mixin.py:188} INFO - [2024-06-18T13:20:00.524+0400] {dag.py:3954} INFO - Setting next_dagrun for example_setup_teardown to 2024-06-17 00:00:00+00:00, run_after=2024-06-18 00:00:00+00:00
[2024-06-18T13:20:00.536+0400] {processor.py:183} INFO - Processing /home/user/Desktop/airflowproj/py_env/lib/python3.10/site-packages/airflow/example_dags/example_setup_teardown.py took 0.041 seconds
[2024-06-18T13:20:59.495+0400] {processor.py:161} INFO - Started process (PID=56947) to work on /home/user/Desktop/airflowproj/py_env/lib/python3.10/site-packages/airflow/example_dags/example_setup_teardown.py
[2024-06-18T13:20:59.497+0400] {processor.py:830} INFO - Processing file /home/user/Desktop/airflowproj/py_env/lib/python3.10/site-packages/airflow/example_dags/example_setup_teardown.py for tasks to queue
[2024-06-18T13:20:59.498+0400] {logging_mixin.py:188} INFO - [2024-06-18T13:20:59.498+0400] {dagbag.py:545} INFO - Filling up the DagBag from /home/user/Desktop/airflowproj/py_env/lib/python3.10/site-packages/airflow/example_dags/example_setup_teardown.py
[2024-06-18T13:20:59.502+0400] {processor.py:840} INFO - DAG(s) 'example_setup_teardown' retrieved from /home/user/Desktop/airflowproj/py_env/lib/python3.10/site-packages/airflow/example_dags/example_setup_teardown.py
[2024-06-18T13:20:59.510+0400] {logging_mixin.py:188} INFO - [2024-06-18T13:20:59.510+0400] {dag.py:3096} INFO - Sync 1 DAGs
[2024-06-18T13:20:59.519+0400] {logging_mixin.py:188} INFO - [2024-06-18T13:20:59.518+0400] {dag.py:3954} INFO - Setting next_dagrun for example_setup_teardown to 2024-06-17 00:00:00+00:00, run_after=2024-06-18 00:00:00+00:00
[2024-06-18T13:20:59.532+0400] {processor.py:183} INFO - Processing /home/user/Desktop/airflowproj/py_env/lib/python3.10/site-packages/airflow/example_dags/example_setup_teardown.py took 0.041 seconds
[2024-06-18T13:22:01.212+0400] {processor.py:161} INFO - Started process (PID=57173) to work on /home/user/Desktop/airflowproj/py_env/lib/python3.10/site-packages/airflow/example_dags/example_setup_teardown.py
[2024-06-18T13:22:01.214+0400] {processor.py:830} INFO - Processing file /home/user/Desktop/airflowproj/py_env/lib/python3.10/site-packages/airflow/example_dags/example_setup_teardown.py for tasks to queue
[2024-06-18T13:22:01.216+0400] {logging_mixin.py:188} INFO - [2024-06-18T13:22:01.215+0400] {dagbag.py:545} INFO - Filling up the DagBag from /home/user/Desktop/airflowproj/py_env/lib/python3.10/site-packages/airflow/example_dags/example_setup_teardown.py
[2024-06-18T13:22:01.221+0400] {processor.py:840} INFO - DAG(s) 'example_setup_teardown' retrieved from /home/user/Desktop/airflowproj/py_env/lib/python3.10/site-packages/airflow/example_dags/example_setup_teardown.py
[2024-06-18T13:22:01.229+0400] {logging_mixin.py:188} INFO - [2024-06-18T13:22:01.229+0400] {dag.py:3096} INFO - Sync 1 DAGs
[2024-06-18T13:22:01.237+0400] {logging_mixin.py:188} INFO - [2024-06-18T13:22:01.237+0400] {dag.py:3954} INFO - Setting next_dagrun for example_setup_teardown to 2024-06-17 00:00:00+00:00, run_after=2024-06-18 00:00:00+00:00
[2024-06-18T13:22:01.250+0400] {processor.py:183} INFO - Processing /home/user/Desktop/airflowproj/py_env/lib/python3.10/site-packages/airflow/example_dags/example_setup_teardown.py took 0.042 seconds
[2024-06-18T13:22:59.434+0400] {processor.py:161} INFO - Started process (PID=57384) to work on /home/user/Desktop/airflowproj/py_env/lib/python3.10/site-packages/airflow/example_dags/example_setup_teardown.py
[2024-06-18T13:22:59.436+0400] {processor.py:830} INFO - Processing file /home/user/Desktop/airflowproj/py_env/lib/python3.10/site-packages/airflow/example_dags/example_setup_teardown.py for tasks to queue
[2024-06-18T13:22:59.437+0400] {logging_mixin.py:188} INFO - [2024-06-18T13:22:59.437+0400] {dagbag.py:545} INFO - Filling up the DagBag from /home/user/Desktop/airflowproj/py_env/lib/python3.10/site-packages/airflow/example_dags/example_setup_teardown.py
[2024-06-18T13:22:59.441+0400] {processor.py:840} INFO - DAG(s) 'example_setup_teardown' retrieved from /home/user/Desktop/airflowproj/py_env/lib/python3.10/site-packages/airflow/example_dags/example_setup_teardown.py
[2024-06-18T13:22:59.449+0400] {logging_mixin.py:188} INFO - [2024-06-18T13:22:59.449+0400] {dag.py:3096} INFO - Sync 1 DAGs
[2024-06-18T13:22:59.458+0400] {logging_mixin.py:188} INFO - [2024-06-18T13:22:59.458+0400] {dag.py:3954} INFO - Setting next_dagrun for example_setup_teardown to 2024-06-17 00:00:00+00:00, run_after=2024-06-18 00:00:00+00:00
[2024-06-18T13:22:59.472+0400] {processor.py:183} INFO - Processing /home/user/Desktop/airflowproj/py_env/lib/python3.10/site-packages/airflow/example_dags/example_setup_teardown.py took 0.041 seconds
[2024-06-18T13:23:59.433+0400] {processor.py:161} INFO - Started process (PID=57595) to work on /home/user/Desktop/airflowproj/py_env/lib/python3.10/site-packages/airflow/example_dags/example_setup_teardown.py
[2024-06-18T13:23:59.435+0400] {processor.py:830} INFO - Processing file /home/user/Desktop/airflowproj/py_env/lib/python3.10/site-packages/airflow/example_dags/example_setup_teardown.py for tasks to queue
[2024-06-18T13:23:59.436+0400] {logging_mixin.py:188} INFO - [2024-06-18T13:23:59.436+0400] {dagbag.py:545} INFO - Filling up the DagBag from /home/user/Desktop/airflowproj/py_env/lib/python3.10/site-packages/airflow/example_dags/example_setup_teardown.py
[2024-06-18T13:23:59.444+0400] {processor.py:840} INFO - DAG(s) 'example_setup_teardown' retrieved from /home/user/Desktop/airflowproj/py_env/lib/python3.10/site-packages/airflow/example_dags/example_setup_teardown.py
[2024-06-18T13:23:59.452+0400] {logging_mixin.py:188} INFO - [2024-06-18T13:23:59.452+0400] {dag.py:3096} INFO - Sync 1 DAGs
[2024-06-18T13:23:59.461+0400] {logging_mixin.py:188} INFO - [2024-06-18T13:23:59.461+0400] {dag.py:3954} INFO - Setting next_dagrun for example_setup_teardown to 2024-06-17 00:00:00+00:00, run_after=2024-06-18 00:00:00+00:00
[2024-06-18T13:23:59.475+0400] {processor.py:183} INFO - Processing /home/user/Desktop/airflowproj/py_env/lib/python3.10/site-packages/airflow/example_dags/example_setup_teardown.py took 0.047 seconds
[2024-06-18T13:24:55.966+0400] {processor.py:161} INFO - Started process (PID=57791) to work on /home/user/Desktop/airflowproj/py_env/lib/python3.10/site-packages/airflow/example_dags/example_setup_teardown.py
[2024-06-18T13:24:55.969+0400] {processor.py:830} INFO - Processing file /home/user/Desktop/airflowproj/py_env/lib/python3.10/site-packages/airflow/example_dags/example_setup_teardown.py for tasks to queue
[2024-06-18T13:24:55.970+0400] {logging_mixin.py:188} INFO - [2024-06-18T13:24:55.970+0400] {dagbag.py:545} INFO - Filling up the DagBag from /home/user/Desktop/airflowproj/py_env/lib/python3.10/site-packages/airflow/example_dags/example_setup_teardown.py
[2024-06-18T13:24:55.974+0400] {processor.py:840} INFO - DAG(s) 'example_setup_teardown' retrieved from /home/user/Desktop/airflowproj/py_env/lib/python3.10/site-packages/airflow/example_dags/example_setup_teardown.py
[2024-06-18T13:24:55.982+0400] {logging_mixin.py:188} INFO - [2024-06-18T13:24:55.982+0400] {dag.py:3096} INFO - Sync 1 DAGs
[2024-06-18T13:24:55.991+0400] {logging_mixin.py:188} INFO - [2024-06-18T13:24:55.990+0400] {dag.py:3954} INFO - Setting next_dagrun for example_setup_teardown to 2024-06-17 00:00:00+00:00, run_after=2024-06-18 00:00:00+00:00
[2024-06-18T13:24:56.005+0400] {processor.py:183} INFO - Processing /home/user/Desktop/airflowproj/py_env/lib/python3.10/site-packages/airflow/example_dags/example_setup_teardown.py took 0.043 seconds
[2024-06-18T13:25:53.298+0400] {processor.py:161} INFO - Started process (PID=57987) to work on /home/user/Desktop/airflowproj/py_env/lib/python3.10/site-packages/airflow/example_dags/example_setup_teardown.py
[2024-06-18T13:25:53.299+0400] {processor.py:830} INFO - Processing file /home/user/Desktop/airflowproj/py_env/lib/python3.10/site-packages/airflow/example_dags/example_setup_teardown.py for tasks to queue
[2024-06-18T13:25:53.301+0400] {logging_mixin.py:188} INFO - [2024-06-18T13:25:53.300+0400] {dagbag.py:545} INFO - Filling up the DagBag from /home/user/Desktop/airflowproj/py_env/lib/python3.10/site-packages/airflow/example_dags/example_setup_teardown.py
[2024-06-18T13:25:53.305+0400] {processor.py:840} INFO - DAG(s) 'example_setup_teardown' retrieved from /home/user/Desktop/airflowproj/py_env/lib/python3.10/site-packages/airflow/example_dags/example_setup_teardown.py
[2024-06-18T13:25:53.313+0400] {logging_mixin.py:188} INFO - [2024-06-18T13:25:53.312+0400] {dag.py:3096} INFO - Sync 1 DAGs
[2024-06-18T13:25:53.321+0400] {logging_mixin.py:188} INFO - [2024-06-18T13:25:53.321+0400] {dag.py:3954} INFO - Setting next_dagrun for example_setup_teardown to 2024-06-17 00:00:00+00:00, run_after=2024-06-18 00:00:00+00:00
[2024-06-18T13:25:53.334+0400] {processor.py:183} INFO - Processing /home/user/Desktop/airflowproj/py_env/lib/python3.10/site-packages/airflow/example_dags/example_setup_teardown.py took 0.042 seconds
[2024-06-18T13:26:51.750+0400] {processor.py:161} INFO - Started process (PID=58180) to work on /home/user/Desktop/airflowproj/py_env/lib/python3.10/site-packages/airflow/example_dags/example_setup_teardown.py
[2024-06-18T13:26:51.752+0400] {processor.py:830} INFO - Processing file /home/user/Desktop/airflowproj/py_env/lib/python3.10/site-packages/airflow/example_dags/example_setup_teardown.py for tasks to queue
[2024-06-18T13:26:51.753+0400] {logging_mixin.py:188} INFO - [2024-06-18T13:26:51.753+0400] {dagbag.py:545} INFO - Filling up the DagBag from /home/user/Desktop/airflowproj/py_env/lib/python3.10/site-packages/airflow/example_dags/example_setup_teardown.py
[2024-06-18T13:26:51.757+0400] {processor.py:840} INFO - DAG(s) 'example_setup_teardown' retrieved from /home/user/Desktop/airflowproj/py_env/lib/python3.10/site-packages/airflow/example_dags/example_setup_teardown.py
[2024-06-18T13:26:51.765+0400] {logging_mixin.py:188} INFO - [2024-06-18T13:26:51.765+0400] {dag.py:3096} INFO - Sync 1 DAGs
[2024-06-18T13:26:51.774+0400] {logging_mixin.py:188} INFO - [2024-06-18T13:26:51.774+0400] {dag.py:3954} INFO - Setting next_dagrun for example_setup_teardown to 2024-06-17 00:00:00+00:00, run_after=2024-06-18 00:00:00+00:00
[2024-06-18T13:26:51.787+0400] {processor.py:183} INFO - Processing /home/user/Desktop/airflowproj/py_env/lib/python3.10/site-packages/airflow/example_dags/example_setup_teardown.py took 0.043 seconds
[2024-06-18T13:27:48.609+0400] {processor.py:161} INFO - Started process (PID=58412) to work on /home/user/Desktop/airflowproj/py_env/lib/python3.10/site-packages/airflow/example_dags/example_setup_teardown.py
[2024-06-18T13:27:48.611+0400] {processor.py:830} INFO - Processing file /home/user/Desktop/airflowproj/py_env/lib/python3.10/site-packages/airflow/example_dags/example_setup_teardown.py for tasks to queue
[2024-06-18T13:27:48.612+0400] {logging_mixin.py:188} INFO - [2024-06-18T13:27:48.612+0400] {dagbag.py:545} INFO - Filling up the DagBag from /home/user/Desktop/airflowproj/py_env/lib/python3.10/site-packages/airflow/example_dags/example_setup_teardown.py
[2024-06-18T13:27:48.616+0400] {processor.py:840} INFO - DAG(s) 'example_setup_teardown' retrieved from /home/user/Desktop/airflowproj/py_env/lib/python3.10/site-packages/airflow/example_dags/example_setup_teardown.py
[2024-06-18T13:27:48.623+0400] {logging_mixin.py:188} INFO - [2024-06-18T13:27:48.623+0400] {dag.py:3096} INFO - Sync 1 DAGs
[2024-06-18T13:27:48.632+0400] {logging_mixin.py:188} INFO - [2024-06-18T13:27:48.632+0400] {dag.py:3954} INFO - Setting next_dagrun for example_setup_teardown to 2024-06-17 00:00:00+00:00, run_after=2024-06-18 00:00:00+00:00
[2024-06-18T13:27:48.646+0400] {processor.py:183} INFO - Processing /home/user/Desktop/airflowproj/py_env/lib/python3.10/site-packages/airflow/example_dags/example_setup_teardown.py took 0.042 seconds
[2024-06-18T13:28:46.389+0400] {processor.py:161} INFO - Started process (PID=58614) to work on /home/user/Desktop/airflowproj/py_env/lib/python3.10/site-packages/airflow/example_dags/example_setup_teardown.py
[2024-06-18T13:28:46.391+0400] {processor.py:830} INFO - Processing file /home/user/Desktop/airflowproj/py_env/lib/python3.10/site-packages/airflow/example_dags/example_setup_teardown.py for tasks to queue
[2024-06-18T13:28:46.392+0400] {logging_mixin.py:188} INFO - [2024-06-18T13:28:46.392+0400] {dagbag.py:545} INFO - Filling up the DagBag from /home/user/Desktop/airflowproj/py_env/lib/python3.10/site-packages/airflow/example_dags/example_setup_teardown.py
[2024-06-18T13:28:46.395+0400] {processor.py:840} INFO - DAG(s) 'example_setup_teardown' retrieved from /home/user/Desktop/airflowproj/py_env/lib/python3.10/site-packages/airflow/example_dags/example_setup_teardown.py
[2024-06-18T13:28:46.403+0400] {logging_mixin.py:188} INFO - [2024-06-18T13:28:46.402+0400] {dag.py:3096} INFO - Sync 1 DAGs
[2024-06-18T13:28:46.411+0400] {logging_mixin.py:188} INFO - [2024-06-18T13:28:46.411+0400] {dag.py:3954} INFO - Setting next_dagrun for example_setup_teardown to 2024-06-17 00:00:00+00:00, run_after=2024-06-18 00:00:00+00:00
[2024-06-18T13:28:46.426+0400] {processor.py:183} INFO - Processing /home/user/Desktop/airflowproj/py_env/lib/python3.10/site-packages/airflow/example_dags/example_setup_teardown.py took 0.040 seconds
[2024-06-18T13:29:42.796+0400] {processor.py:161} INFO - Started process (PID=58807) to work on /home/user/Desktop/airflowproj/py_env/lib/python3.10/site-packages/airflow/example_dags/example_setup_teardown.py
[2024-06-18T13:29:42.798+0400] {processor.py:830} INFO - Processing file /home/user/Desktop/airflowproj/py_env/lib/python3.10/site-packages/airflow/example_dags/example_setup_teardown.py for tasks to queue
[2024-06-18T13:29:42.799+0400] {logging_mixin.py:188} INFO - [2024-06-18T13:29:42.799+0400] {dagbag.py:545} INFO - Filling up the DagBag from /home/user/Desktop/airflowproj/py_env/lib/python3.10/site-packages/airflow/example_dags/example_setup_teardown.py
[2024-06-18T13:29:42.802+0400] {processor.py:840} INFO - DAG(s) 'example_setup_teardown' retrieved from /home/user/Desktop/airflowproj/py_env/lib/python3.10/site-packages/airflow/example_dags/example_setup_teardown.py
[2024-06-18T13:29:42.810+0400] {logging_mixin.py:188} INFO - [2024-06-18T13:29:42.810+0400] {dag.py:3096} INFO - Sync 1 DAGs
[2024-06-18T13:29:42.819+0400] {logging_mixin.py:188} INFO - [2024-06-18T13:29:42.819+0400] {dag.py:3954} INFO - Setting next_dagrun for example_setup_teardown to 2024-06-17 00:00:00+00:00, run_after=2024-06-18 00:00:00+00:00
[2024-06-18T13:29:42.833+0400] {processor.py:183} INFO - Processing /home/user/Desktop/airflowproj/py_env/lib/python3.10/site-packages/airflow/example_dags/example_setup_teardown.py took 0.042 seconds
[2024-06-18T13:30:41.685+0400] {processor.py:161} INFO - Started process (PID=59088) to work on /home/user/Desktop/airflowproj/py_env/lib/python3.10/site-packages/airflow/example_dags/example_setup_teardown.py
[2024-06-18T13:30:41.687+0400] {processor.py:830} INFO - Processing file /home/user/Desktop/airflowproj/py_env/lib/python3.10/site-packages/airflow/example_dags/example_setup_teardown.py for tasks to queue
[2024-06-18T13:30:41.688+0400] {logging_mixin.py:188} INFO - [2024-06-18T13:30:41.688+0400] {dagbag.py:545} INFO - Filling up the DagBag from /home/user/Desktop/airflowproj/py_env/lib/python3.10/site-packages/airflow/example_dags/example_setup_teardown.py
[2024-06-18T13:30:41.692+0400] {processor.py:840} INFO - DAG(s) 'example_setup_teardown' retrieved from /home/user/Desktop/airflowproj/py_env/lib/python3.10/site-packages/airflow/example_dags/example_setup_teardown.py
[2024-06-18T13:30:41.699+0400] {logging_mixin.py:188} INFO - [2024-06-18T13:30:41.699+0400] {dag.py:3096} INFO - Sync 1 DAGs
[2024-06-18T13:30:41.708+0400] {logging_mixin.py:188} INFO - [2024-06-18T13:30:41.708+0400] {dag.py:3954} INFO - Setting next_dagrun for example_setup_teardown to 2024-06-17 00:00:00+00:00, run_after=2024-06-18 00:00:00+00:00
[2024-06-18T13:30:41.722+0400] {processor.py:183} INFO - Processing /home/user/Desktop/airflowproj/py_env/lib/python3.10/site-packages/airflow/example_dags/example_setup_teardown.py took 0.042 seconds
[2024-06-18T13:31:42.051+0400] {processor.py:161} INFO - Started process (PID=59403) to work on /home/user/Desktop/airflowproj/py_env/lib/python3.10/site-packages/airflow/example_dags/example_setup_teardown.py
[2024-06-18T13:31:42.053+0400] {processor.py:830} INFO - Processing file /home/user/Desktop/airflowproj/py_env/lib/python3.10/site-packages/airflow/example_dags/example_setup_teardown.py for tasks to queue
[2024-06-18T13:31:42.054+0400] {logging_mixin.py:188} INFO - [2024-06-18T13:31:42.054+0400] {dagbag.py:545} INFO - Filling up the DagBag from /home/user/Desktop/airflowproj/py_env/lib/python3.10/site-packages/airflow/example_dags/example_setup_teardown.py
[2024-06-18T13:31:42.058+0400] {processor.py:840} INFO - DAG(s) 'example_setup_teardown' retrieved from /home/user/Desktop/airflowproj/py_env/lib/python3.10/site-packages/airflow/example_dags/example_setup_teardown.py
[2024-06-18T13:31:42.066+0400] {logging_mixin.py:188} INFO - [2024-06-18T13:31:42.066+0400] {dag.py:3096} INFO - Sync 1 DAGs
[2024-06-18T13:31:42.076+0400] {logging_mixin.py:188} INFO - [2024-06-18T13:31:42.076+0400] {dag.py:3954} INFO - Setting next_dagrun for example_setup_teardown to 2024-06-17 00:00:00+00:00, run_after=2024-06-18 00:00:00+00:00
[2024-06-18T13:31:42.090+0400] {processor.py:183} INFO - Processing /home/user/Desktop/airflowproj/py_env/lib/python3.10/site-packages/airflow/example_dags/example_setup_teardown.py took 0.041 seconds
