[2024-06-18T12:40:20.913+0400] {processor.py:161} INFO - Started process (PID=45613) to work on /home/user/Desktop/airflowproj/py_env/lib/python3.10/site-packages/airflow/example_dags/example_short_circuit_decorator.py
[2024-06-18T12:40:20.913+0400] {processor.py:830} INFO - Processing file /home/user/Desktop/airflowproj/py_env/lib/python3.10/site-packages/airflow/example_dags/example_short_circuit_decorator.py for tasks to queue
[2024-06-18T12:40:20.914+0400] {logging_mixin.py:188} INFO - [2024-06-18T12:40:20.914+0400] {dagbag.py:545} INFO - Filling up the DagBag from /home/user/Desktop/airflowproj/py_env/lib/python3.10/site-packages/airflow/example_dags/example_short_circuit_decorator.py
[2024-06-18T12:40:20.919+0400] {processor.py:840} INFO - DAG(s) 'example_short_circuit_decorator' retrieved from /home/user/Desktop/airflowproj/py_env/lib/python3.10/site-packages/airflow/example_dags/example_short_circuit_decorator.py
[2024-06-18T12:40:20.975+0400] {logging_mixin.py:188} INFO - [2024-06-18T12:40:20.975+0400] {override.py:1829} INFO - Created Permission View: can edit on DAG:example_short_circuit_decorator
[2024-06-18T12:40:20.984+0400] {logging_mixin.py:188} INFO - [2024-06-18T12:40:20.984+0400] {override.py:1829} INFO - Created Permission View: can read on DAG:example_short_circuit_decorator
[2024-06-18T12:40:20.991+0400] {logging_mixin.py:188} INFO - [2024-06-18T12:40:20.990+0400] {override.py:1829} INFO - Created Permission View: can delete on DAG:example_short_circuit_decorator
[2024-06-18T12:40:20.991+0400] {logging_mixin.py:188} INFO - [2024-06-18T12:40:20.991+0400] {dag.py:3096} INFO - Sync 1 DAGs
[2024-06-18T12:40:20.996+0400] {logging_mixin.py:188} INFO - [2024-06-18T12:40:20.996+0400] {dag.py:3118} INFO - Creating ORM DAG for example_short_circuit_decorator
[2024-06-18T12:40:21.000+0400] {logging_mixin.py:188} INFO - [2024-06-18T12:40:21.000+0400] {dag.py:3954} INFO - Setting next_dagrun for example_short_circuit_decorator to 2024-06-17 00:00:00+00:00, run_after=2024-06-18 00:00:00+00:00
[2024-06-18T12:40:21.060+0400] {processor.py:183} INFO - Processing /home/user/Desktop/airflowproj/py_env/lib/python3.10/site-packages/airflow/example_dags/example_short_circuit_decorator.py took 0.151 seconds
[2024-06-18T12:42:57.459+0400] {processor.py:161} INFO - Started process (PID=46571) to work on /home/user/Desktop/airflowproj/py_env/lib/python3.10/site-packages/airflow/example_dags/example_short_circuit_decorator.py
[2024-06-18T12:42:57.461+0400] {processor.py:830} INFO - Processing file /home/user/Desktop/airflowproj/py_env/lib/python3.10/site-packages/airflow/example_dags/example_short_circuit_decorator.py for tasks to queue
[2024-06-18T12:42:57.463+0400] {logging_mixin.py:188} INFO - [2024-06-18T12:42:57.462+0400] {dagbag.py:545} INFO - Filling up the DagBag from /home/user/Desktop/airflowproj/py_env/lib/python3.10/site-packages/airflow/example_dags/example_short_circuit_decorator.py
[2024-06-18T12:42:57.468+0400] {processor.py:840} INFO - DAG(s) 'example_short_circuit_decorator' retrieved from /home/user/Desktop/airflowproj/py_env/lib/python3.10/site-packages/airflow/example_dags/example_short_circuit_decorator.py
[2024-06-18T12:42:57.476+0400] {logging_mixin.py:188} INFO - [2024-06-18T12:42:57.476+0400] {dag.py:3096} INFO - Sync 1 DAGs
[2024-06-18T12:42:57.485+0400] {logging_mixin.py:188} INFO - [2024-06-18T12:42:57.484+0400] {dag.py:3954} INFO - Setting next_dagrun for example_short_circuit_decorator to 2024-06-17 00:00:00+00:00, run_after=2024-06-18 00:00:00+00:00
[2024-06-18T12:42:57.498+0400] {processor.py:183} INFO - Processing /home/user/Desktop/airflowproj/py_env/lib/python3.10/site-packages/airflow/example_dags/example_short_circuit_decorator.py took 0.044 seconds
[2024-06-18T12:43:49.062+0400] {processor.py:161} INFO - Started process (PID=46749) to work on /home/user/Desktop/airflowproj/py_env/lib/python3.10/site-packages/airflow/example_dags/example_short_circuit_decorator.py
[2024-06-18T12:43:49.064+0400] {processor.py:830} INFO - Processing file /home/user/Desktop/airflowproj/py_env/lib/python3.10/site-packages/airflow/example_dags/example_short_circuit_decorator.py for tasks to queue
[2024-06-18T12:43:49.065+0400] {logging_mixin.py:188} INFO - [2024-06-18T12:43:49.065+0400] {dagbag.py:545} INFO - Filling up the DagBag from /home/user/Desktop/airflowproj/py_env/lib/python3.10/site-packages/airflow/example_dags/example_short_circuit_decorator.py
[2024-06-18T12:43:49.070+0400] {processor.py:840} INFO - DAG(s) 'example_short_circuit_decorator' retrieved from /home/user/Desktop/airflowproj/py_env/lib/python3.10/site-packages/airflow/example_dags/example_short_circuit_decorator.py
[2024-06-18T12:43:49.079+0400] {logging_mixin.py:188} INFO - [2024-06-18T12:43:49.079+0400] {dag.py:3096} INFO - Sync 1 DAGs
[2024-06-18T12:43:49.087+0400] {logging_mixin.py:188} INFO - [2024-06-18T12:43:49.087+0400] {dag.py:3954} INFO - Setting next_dagrun for example_short_circuit_decorator to 2024-06-17 00:00:00+00:00, run_after=2024-06-18 00:00:00+00:00
[2024-06-18T12:43:49.100+0400] {processor.py:183} INFO - Processing /home/user/Desktop/airflowproj/py_env/lib/python3.10/site-packages/airflow/example_dags/example_short_circuit_decorator.py took 0.041 seconds
[2024-06-18T12:44:38.720+0400] {processor.py:161} INFO - Started process (PID=46894) to work on /home/user/Desktop/airflowproj/py_env/lib/python3.10/site-packages/airflow/example_dags/example_short_circuit_decorator.py
[2024-06-18T12:44:38.722+0400] {processor.py:830} INFO - Processing file /home/user/Desktop/airflowproj/py_env/lib/python3.10/site-packages/airflow/example_dags/example_short_circuit_decorator.py for tasks to queue
[2024-06-18T12:44:38.723+0400] {logging_mixin.py:188} INFO - [2024-06-18T12:44:38.723+0400] {dagbag.py:545} INFO - Filling up the DagBag from /home/user/Desktop/airflowproj/py_env/lib/python3.10/site-packages/airflow/example_dags/example_short_circuit_decorator.py
[2024-06-18T12:44:38.729+0400] {processor.py:840} INFO - DAG(s) 'example_short_circuit_decorator' retrieved from /home/user/Desktop/airflowproj/py_env/lib/python3.10/site-packages/airflow/example_dags/example_short_circuit_decorator.py
[2024-06-18T12:44:38.738+0400] {logging_mixin.py:188} INFO - [2024-06-18T12:44:38.738+0400] {dag.py:3096} INFO - Sync 1 DAGs
[2024-06-18T12:44:38.801+0400] {logging_mixin.py:188} INFO - [2024-06-18T12:44:38.801+0400] {dag.py:3954} INFO - Setting next_dagrun for example_short_circuit_decorator to 2024-06-17 00:00:00+00:00, run_after=2024-06-18 00:00:00+00:00
[2024-06-18T12:44:38.815+0400] {processor.py:183} INFO - Processing /home/user/Desktop/airflowproj/py_env/lib/python3.10/site-packages/airflow/example_dags/example_short_circuit_decorator.py took 0.098 seconds
[2024-06-18T12:45:21.682+0400] {processor.py:161} INFO - Started process (PID=47010) to work on /home/user/Desktop/airflowproj/py_env/lib/python3.10/site-packages/airflow/example_dags/example_short_circuit_decorator.py
[2024-06-18T12:45:21.684+0400] {processor.py:830} INFO - Processing file /home/user/Desktop/airflowproj/py_env/lib/python3.10/site-packages/airflow/example_dags/example_short_circuit_decorator.py for tasks to queue
[2024-06-18T12:45:21.685+0400] {logging_mixin.py:188} INFO - [2024-06-18T12:45:21.684+0400] {dagbag.py:545} INFO - Filling up the DagBag from /home/user/Desktop/airflowproj/py_env/lib/python3.10/site-packages/airflow/example_dags/example_short_circuit_decorator.py
[2024-06-18T12:45:21.689+0400] {processor.py:840} INFO - DAG(s) 'example_short_circuit_decorator' retrieved from /home/user/Desktop/airflowproj/py_env/lib/python3.10/site-packages/airflow/example_dags/example_short_circuit_decorator.py
[2024-06-18T12:45:21.698+0400] {logging_mixin.py:188} INFO - [2024-06-18T12:45:21.698+0400] {dag.py:3096} INFO - Sync 1 DAGs
[2024-06-18T12:45:21.707+0400] {logging_mixin.py:188} INFO - [2024-06-18T12:45:21.707+0400] {dag.py:3954} INFO - Setting next_dagrun for example_short_circuit_decorator to 2024-06-17 00:00:00+00:00, run_after=2024-06-18 00:00:00+00:00
[2024-06-18T12:45:21.720+0400] {processor.py:183} INFO - Processing /home/user/Desktop/airflowproj/py_env/lib/python3.10/site-packages/airflow/example_dags/example_short_circuit_decorator.py took 0.043 seconds
[2024-06-18T12:46:04.604+0400] {processor.py:161} INFO - Started process (PID=47104) to work on /home/user/Desktop/airflowproj/py_env/lib/python3.10/site-packages/airflow/example_dags/example_short_circuit_decorator.py
[2024-06-18T12:46:04.606+0400] {processor.py:830} INFO - Processing file /home/user/Desktop/airflowproj/py_env/lib/python3.10/site-packages/airflow/example_dags/example_short_circuit_decorator.py for tasks to queue
[2024-06-18T12:46:04.607+0400] {logging_mixin.py:188} INFO - [2024-06-18T12:46:04.607+0400] {dagbag.py:545} INFO - Filling up the DagBag from /home/user/Desktop/airflowproj/py_env/lib/python3.10/site-packages/airflow/example_dags/example_short_circuit_decorator.py
[2024-06-18T12:46:04.612+0400] {processor.py:840} INFO - DAG(s) 'example_short_circuit_decorator' retrieved from /home/user/Desktop/airflowproj/py_env/lib/python3.10/site-packages/airflow/example_dags/example_short_circuit_decorator.py
[2024-06-18T12:46:04.622+0400] {logging_mixin.py:188} INFO - [2024-06-18T12:46:04.622+0400] {dag.py:3096} INFO - Sync 1 DAGs
[2024-06-18T12:46:04.632+0400] {logging_mixin.py:188} INFO - [2024-06-18T12:46:04.631+0400] {dag.py:3954} INFO - Setting next_dagrun for example_short_circuit_decorator to 2024-06-17 00:00:00+00:00, run_after=2024-06-18 00:00:00+00:00
[2024-06-18T12:46:04.646+0400] {processor.py:183} INFO - Processing /home/user/Desktop/airflowproj/py_env/lib/python3.10/site-packages/airflow/example_dags/example_short_circuit_decorator.py took 0.047 seconds
[2024-06-18T12:47:03.164+0400] {processor.py:161} INFO - Started process (PID=47867) to work on /home/user/Desktop/airflowproj/py_env/lib/python3.10/site-packages/airflow/example_dags/example_short_circuit_decorator.py
[2024-06-18T12:47:03.166+0400] {processor.py:830} INFO - Processing file /home/user/Desktop/airflowproj/py_env/lib/python3.10/site-packages/airflow/example_dags/example_short_circuit_decorator.py for tasks to queue
[2024-06-18T12:47:03.167+0400] {logging_mixin.py:188} INFO - [2024-06-18T12:47:03.167+0400] {dagbag.py:545} INFO - Filling up the DagBag from /home/user/Desktop/airflowproj/py_env/lib/python3.10/site-packages/airflow/example_dags/example_short_circuit_decorator.py
[2024-06-18T12:47:03.173+0400] {processor.py:840} INFO - DAG(s) 'example_short_circuit_decorator' retrieved from /home/user/Desktop/airflowproj/py_env/lib/python3.10/site-packages/airflow/example_dags/example_short_circuit_decorator.py
[2024-06-18T12:47:03.184+0400] {logging_mixin.py:188} INFO - [2024-06-18T12:47:03.183+0400] {dag.py:3096} INFO - Sync 1 DAGs
[2024-06-18T12:47:03.194+0400] {logging_mixin.py:188} INFO - [2024-06-18T12:47:03.194+0400] {dag.py:3954} INFO - Setting next_dagrun for example_short_circuit_decorator to 2024-06-17 00:00:00+00:00, run_after=2024-06-18 00:00:00+00:00
[2024-06-18T12:47:03.211+0400] {processor.py:183} INFO - Processing /home/user/Desktop/airflowproj/py_env/lib/python3.10/site-packages/airflow/example_dags/example_short_circuit_decorator.py took 0.051 seconds
[2024-06-18T12:48:00.979+0400] {processor.py:161} INFO - Started process (PID=48180) to work on /home/user/Desktop/airflowproj/py_env/lib/python3.10/site-packages/airflow/example_dags/example_short_circuit_decorator.py
[2024-06-18T12:48:00.982+0400] {processor.py:830} INFO - Processing file /home/user/Desktop/airflowproj/py_env/lib/python3.10/site-packages/airflow/example_dags/example_short_circuit_decorator.py for tasks to queue
[2024-06-18T12:48:00.983+0400] {logging_mixin.py:188} INFO - [2024-06-18T12:48:00.983+0400] {dagbag.py:545} INFO - Filling up the DagBag from /home/user/Desktop/airflowproj/py_env/lib/python3.10/site-packages/airflow/example_dags/example_short_circuit_decorator.py
[2024-06-18T12:48:00.988+0400] {processor.py:840} INFO - DAG(s) 'example_short_circuit_decorator' retrieved from /home/user/Desktop/airflowproj/py_env/lib/python3.10/site-packages/airflow/example_dags/example_short_circuit_decorator.py
[2024-06-18T12:48:00.998+0400] {logging_mixin.py:188} INFO - [2024-06-18T12:48:00.998+0400] {dag.py:3096} INFO - Sync 1 DAGs
[2024-06-18T12:48:01.008+0400] {logging_mixin.py:188} INFO - [2024-06-18T12:48:01.008+0400] {dag.py:3954} INFO - Setting next_dagrun for example_short_circuit_decorator to 2024-06-17 00:00:00+00:00, run_after=2024-06-18 00:00:00+00:00
[2024-06-18T12:48:01.022+0400] {processor.py:183} INFO - Processing /home/user/Desktop/airflowproj/py_env/lib/python3.10/site-packages/airflow/example_dags/example_short_circuit_decorator.py took 0.047 seconds
[2024-06-18T12:48:51.330+0400] {processor.py:161} INFO - Started process (PID=48444) to work on /home/user/Desktop/airflowproj/py_env/lib/python3.10/site-packages/airflow/example_dags/example_short_circuit_decorator.py
[2024-06-18T12:48:51.332+0400] {processor.py:830} INFO - Processing file /home/user/Desktop/airflowproj/py_env/lib/python3.10/site-packages/airflow/example_dags/example_short_circuit_decorator.py for tasks to queue
[2024-06-18T12:48:51.333+0400] {logging_mixin.py:188} INFO - [2024-06-18T12:48:51.333+0400] {dagbag.py:545} INFO - Filling up the DagBag from /home/user/Desktop/airflowproj/py_env/lib/python3.10/site-packages/airflow/example_dags/example_short_circuit_decorator.py
[2024-06-18T12:48:51.338+0400] {processor.py:840} INFO - DAG(s) 'example_short_circuit_decorator' retrieved from /home/user/Desktop/airflowproj/py_env/lib/python3.10/site-packages/airflow/example_dags/example_short_circuit_decorator.py
[2024-06-18T12:48:51.347+0400] {logging_mixin.py:188} INFO - [2024-06-18T12:48:51.346+0400] {dag.py:3096} INFO - Sync 1 DAGs
[2024-06-18T12:48:51.355+0400] {logging_mixin.py:188} INFO - [2024-06-18T12:48:51.355+0400] {dag.py:3954} INFO - Setting next_dagrun for example_short_circuit_decorator to 2024-06-17 00:00:00+00:00, run_after=2024-06-18 00:00:00+00:00
[2024-06-18T12:48:51.369+0400] {processor.py:183} INFO - Processing /home/user/Desktop/airflowproj/py_env/lib/python3.10/site-packages/airflow/example_dags/example_short_circuit_decorator.py took 0.044 seconds
[2024-06-18T12:49:48.890+0400] {processor.py:161} INFO - Started process (PID=48695) to work on /home/user/Desktop/airflowproj/py_env/lib/python3.10/site-packages/airflow/example_dags/example_short_circuit_decorator.py
[2024-06-18T12:49:48.893+0400] {processor.py:830} INFO - Processing file /home/user/Desktop/airflowproj/py_env/lib/python3.10/site-packages/airflow/example_dags/example_short_circuit_decorator.py for tasks to queue
[2024-06-18T12:49:48.894+0400] {logging_mixin.py:188} INFO - [2024-06-18T12:49:48.893+0400] {dagbag.py:545} INFO - Filling up the DagBag from /home/user/Desktop/airflowproj/py_env/lib/python3.10/site-packages/airflow/example_dags/example_short_circuit_decorator.py
[2024-06-18T12:49:48.899+0400] {processor.py:840} INFO - DAG(s) 'example_short_circuit_decorator' retrieved from /home/user/Desktop/airflowproj/py_env/lib/python3.10/site-packages/airflow/example_dags/example_short_circuit_decorator.py
[2024-06-18T12:49:48.909+0400] {logging_mixin.py:188} INFO - [2024-06-18T12:49:48.908+0400] {dag.py:3096} INFO - Sync 1 DAGs
[2024-06-18T12:49:48.917+0400] {logging_mixin.py:188} INFO - [2024-06-18T12:49:48.917+0400] {dag.py:3954} INFO - Setting next_dagrun for example_short_circuit_decorator to 2024-06-17 00:00:00+00:00, run_after=2024-06-18 00:00:00+00:00
[2024-06-18T12:49:48.930+0400] {processor.py:183} INFO - Processing /home/user/Desktop/airflowproj/py_env/lib/python3.10/site-packages/airflow/example_dags/example_short_circuit_decorator.py took 0.044 seconds
[2024-06-18T12:50:30.138+0400] {processor.py:161} INFO - Started process (PID=48824) to work on /home/user/Desktop/airflowproj/py_env/lib/python3.10/site-packages/airflow/example_dags/example_short_circuit_decorator.py
[2024-06-18T12:50:30.140+0400] {processor.py:830} INFO - Processing file /home/user/Desktop/airflowproj/py_env/lib/python3.10/site-packages/airflow/example_dags/example_short_circuit_decorator.py for tasks to queue
[2024-06-18T12:50:30.141+0400] {logging_mixin.py:188} INFO - [2024-06-18T12:50:30.141+0400] {dagbag.py:545} INFO - Filling up the DagBag from /home/user/Desktop/airflowproj/py_env/lib/python3.10/site-packages/airflow/example_dags/example_short_circuit_decorator.py
[2024-06-18T12:50:30.149+0400] {processor.py:840} INFO - DAG(s) 'example_short_circuit_decorator' retrieved from /home/user/Desktop/airflowproj/py_env/lib/python3.10/site-packages/airflow/example_dags/example_short_circuit_decorator.py
[2024-06-18T12:50:30.160+0400] {logging_mixin.py:188} INFO - [2024-06-18T12:50:30.160+0400] {dag.py:3096} INFO - Sync 1 DAGs
[2024-06-18T12:50:30.169+0400] {logging_mixin.py:188} INFO - [2024-06-18T12:50:30.169+0400] {dag.py:3954} INFO - Setting next_dagrun for example_short_circuit_decorator to 2024-06-17 00:00:00+00:00, run_after=2024-06-18 00:00:00+00:00
[2024-06-18T12:50:30.186+0400] {processor.py:183} INFO - Processing /home/user/Desktop/airflowproj/py_env/lib/python3.10/site-packages/airflow/example_dags/example_short_circuit_decorator.py took 0.052 seconds
[2024-06-18T12:51:10.123+0400] {processor.py:161} INFO - Started process (PID=48956) to work on /home/user/Desktop/airflowproj/py_env/lib/python3.10/site-packages/airflow/example_dags/example_short_circuit_decorator.py
[2024-06-18T12:51:10.125+0400] {processor.py:830} INFO - Processing file /home/user/Desktop/airflowproj/py_env/lib/python3.10/site-packages/airflow/example_dags/example_short_circuit_decorator.py for tasks to queue
[2024-06-18T12:51:10.126+0400] {logging_mixin.py:188} INFO - [2024-06-18T12:51:10.126+0400] {dagbag.py:545} INFO - Filling up the DagBag from /home/user/Desktop/airflowproj/py_env/lib/python3.10/site-packages/airflow/example_dags/example_short_circuit_decorator.py
[2024-06-18T12:51:10.131+0400] {processor.py:840} INFO - DAG(s) 'example_short_circuit_decorator' retrieved from /home/user/Desktop/airflowproj/py_env/lib/python3.10/site-packages/airflow/example_dags/example_short_circuit_decorator.py
[2024-06-18T12:51:10.139+0400] {logging_mixin.py:188} INFO - [2024-06-18T12:51:10.139+0400] {dag.py:3096} INFO - Sync 1 DAGs
[2024-06-18T12:51:10.148+0400] {logging_mixin.py:188} INFO - [2024-06-18T12:51:10.148+0400] {dag.py:3954} INFO - Setting next_dagrun for example_short_circuit_decorator to 2024-06-17 00:00:00+00:00, run_after=2024-06-18 00:00:00+00:00
[2024-06-18T12:51:10.161+0400] {processor.py:183} INFO - Processing /home/user/Desktop/airflowproj/py_env/lib/python3.10/site-packages/airflow/example_dags/example_short_circuit_decorator.py took 0.043 seconds
[2024-06-18T12:52:08.275+0400] {processor.py:161} INFO - Started process (PID=49164) to work on /home/user/Desktop/airflowproj/py_env/lib/python3.10/site-packages/airflow/example_dags/example_short_circuit_decorator.py
[2024-06-18T12:52:08.275+0400] {processor.py:830} INFO - Processing file /home/user/Desktop/airflowproj/py_env/lib/python3.10/site-packages/airflow/example_dags/example_short_circuit_decorator.py for tasks to queue
[2024-06-18T12:52:08.276+0400] {logging_mixin.py:188} INFO - [2024-06-18T12:52:08.276+0400] {dagbag.py:545} INFO - Filling up the DagBag from /home/user/Desktop/airflowproj/py_env/lib/python3.10/site-packages/airflow/example_dags/example_short_circuit_decorator.py
[2024-06-18T12:52:08.285+0400] {processor.py:840} INFO - DAG(s) 'example_short_circuit_decorator' retrieved from /home/user/Desktop/airflowproj/py_env/lib/python3.10/site-packages/airflow/example_dags/example_short_circuit_decorator.py
[2024-06-18T12:52:08.296+0400] {logging_mixin.py:188} INFO - [2024-06-18T12:52:08.296+0400] {dag.py:3096} INFO - Sync 1 DAGs
[2024-06-18T12:52:08.305+0400] {logging_mixin.py:188} INFO - [2024-06-18T12:52:08.305+0400] {dag.py:3954} INFO - Setting next_dagrun for example_short_circuit_decorator to 2024-06-17 00:00:00+00:00, run_after=2024-06-18 00:00:00+00:00
[2024-06-18T12:52:08.319+0400] {processor.py:183} INFO - Processing /home/user/Desktop/airflowproj/py_env/lib/python3.10/site-packages/airflow/example_dags/example_short_circuit_decorator.py took 0.048 seconds
[2024-06-18T12:53:05.598+0400] {processor.py:161} INFO - Started process (PID=49457) to work on /home/user/Desktop/airflowproj/py_env/lib/python3.10/site-packages/airflow/example_dags/example_short_circuit_decorator.py
[2024-06-18T12:53:05.600+0400] {processor.py:830} INFO - Processing file /home/user/Desktop/airflowproj/py_env/lib/python3.10/site-packages/airflow/example_dags/example_short_circuit_decorator.py for tasks to queue
[2024-06-18T12:53:05.601+0400] {logging_mixin.py:188} INFO - [2024-06-18T12:53:05.601+0400] {dagbag.py:545} INFO - Filling up the DagBag from /home/user/Desktop/airflowproj/py_env/lib/python3.10/site-packages/airflow/example_dags/example_short_circuit_decorator.py
[2024-06-18T12:53:05.606+0400] {processor.py:840} INFO - DAG(s) 'example_short_circuit_decorator' retrieved from /home/user/Desktop/airflowproj/py_env/lib/python3.10/site-packages/airflow/example_dags/example_short_circuit_decorator.py
[2024-06-18T12:53:05.616+0400] {logging_mixin.py:188} INFO - [2024-06-18T12:53:05.616+0400] {dag.py:3096} INFO - Sync 1 DAGs
[2024-06-18T12:53:05.627+0400] {logging_mixin.py:188} INFO - [2024-06-18T12:53:05.626+0400] {dag.py:3954} INFO - Setting next_dagrun for example_short_circuit_decorator to 2024-06-17 00:00:00+00:00, run_after=2024-06-18 00:00:00+00:00
[2024-06-18T12:53:05.641+0400] {processor.py:183} INFO - Processing /home/user/Desktop/airflowproj/py_env/lib/python3.10/site-packages/airflow/example_dags/example_short_circuit_decorator.py took 0.047 seconds
[2024-06-18T12:53:44.721+0400] {processor.py:161} INFO - Started process (PID=49596) to work on /home/user/Desktop/airflowproj/py_env/lib/python3.10/site-packages/airflow/example_dags/example_short_circuit_decorator.py
[2024-06-18T12:53:44.722+0400] {processor.py:830} INFO - Processing file /home/user/Desktop/airflowproj/py_env/lib/python3.10/site-packages/airflow/example_dags/example_short_circuit_decorator.py for tasks to queue
[2024-06-18T12:53:44.723+0400] {logging_mixin.py:188} INFO - [2024-06-18T12:53:44.723+0400] {dagbag.py:545} INFO - Filling up the DagBag from /home/user/Desktop/airflowproj/py_env/lib/python3.10/site-packages/airflow/example_dags/example_short_circuit_decorator.py
[2024-06-18T12:53:44.731+0400] {processor.py:840} INFO - DAG(s) 'example_short_circuit_decorator' retrieved from /home/user/Desktop/airflowproj/py_env/lib/python3.10/site-packages/airflow/example_dags/example_short_circuit_decorator.py
[2024-06-18T12:53:44.743+0400] {logging_mixin.py:188} INFO - [2024-06-18T12:53:44.742+0400] {dag.py:3096} INFO - Sync 1 DAGs
[2024-06-18T12:53:44.753+0400] {logging_mixin.py:188} INFO - [2024-06-18T12:53:44.753+0400] {dag.py:3954} INFO - Setting next_dagrun for example_short_circuit_decorator to 2024-06-17 00:00:00+00:00, run_after=2024-06-18 00:00:00+00:00
[2024-06-18T12:53:44.766+0400] {processor.py:183} INFO - Processing /home/user/Desktop/airflowproj/py_env/lib/python3.10/site-packages/airflow/example_dags/example_short_circuit_decorator.py took 0.051 seconds
[2024-06-18T12:54:42.402+0400] {processor.py:161} INFO - Started process (PID=49725) to work on /home/user/Desktop/airflowproj/py_env/lib/python3.10/site-packages/airflow/example_dags/example_short_circuit_decorator.py
[2024-06-18T12:54:42.405+0400] {processor.py:830} INFO - Processing file /home/user/Desktop/airflowproj/py_env/lib/python3.10/site-packages/airflow/example_dags/example_short_circuit_decorator.py for tasks to queue
[2024-06-18T12:54:42.406+0400] {logging_mixin.py:188} INFO - [2024-06-18T12:54:42.406+0400] {dagbag.py:545} INFO - Filling up the DagBag from /home/user/Desktop/airflowproj/py_env/lib/python3.10/site-packages/airflow/example_dags/example_short_circuit_decorator.py
[2024-06-18T12:54:42.411+0400] {processor.py:840} INFO - DAG(s) 'example_short_circuit_decorator' retrieved from /home/user/Desktop/airflowproj/py_env/lib/python3.10/site-packages/airflow/example_dags/example_short_circuit_decorator.py
[2024-06-18T12:54:42.421+0400] {logging_mixin.py:188} INFO - [2024-06-18T12:54:42.421+0400] {dag.py:3096} INFO - Sync 1 DAGs
[2024-06-18T12:54:42.430+0400] {logging_mixin.py:188} INFO - [2024-06-18T12:54:42.429+0400] {dag.py:3954} INFO - Setting next_dagrun for example_short_circuit_decorator to 2024-06-17 00:00:00+00:00, run_after=2024-06-18 00:00:00+00:00
[2024-06-18T12:54:42.443+0400] {processor.py:183} INFO - Processing /home/user/Desktop/airflowproj/py_env/lib/python3.10/site-packages/airflow/example_dags/example_short_circuit_decorator.py took 0.044 seconds
[2024-06-18T12:55:22.158+0400] {processor.py:161} INFO - Started process (PID=49962) to work on /home/user/Desktop/airflowproj/py_env/lib/python3.10/site-packages/airflow/example_dags/example_short_circuit_decorator.py
[2024-06-18T12:55:22.161+0400] {processor.py:830} INFO - Processing file /home/user/Desktop/airflowproj/py_env/lib/python3.10/site-packages/airflow/example_dags/example_short_circuit_decorator.py for tasks to queue
[2024-06-18T12:55:22.163+0400] {logging_mixin.py:188} INFO - [2024-06-18T12:55:22.163+0400] {dagbag.py:545} INFO - Filling up the DagBag from /home/user/Desktop/airflowproj/py_env/lib/python3.10/site-packages/airflow/example_dags/example_short_circuit_decorator.py
[2024-06-18T12:55:22.171+0400] {processor.py:840} INFO - DAG(s) 'example_short_circuit_decorator' retrieved from /home/user/Desktop/airflowproj/py_env/lib/python3.10/site-packages/airflow/example_dags/example_short_circuit_decorator.py
[2024-06-18T12:55:22.180+0400] {logging_mixin.py:188} INFO - [2024-06-18T12:55:22.180+0400] {dag.py:3096} INFO - Sync 1 DAGs
[2024-06-18T12:55:22.190+0400] {logging_mixin.py:188} INFO - [2024-06-18T12:55:22.190+0400] {dag.py:3954} INFO - Setting next_dagrun for example_short_circuit_decorator to 2024-06-17 00:00:00+00:00, run_after=2024-06-18 00:00:00+00:00
[2024-06-18T12:55:22.203+0400] {processor.py:183} INFO - Processing /home/user/Desktop/airflowproj/py_env/lib/python3.10/site-packages/airflow/example_dags/example_short_circuit_decorator.py took 0.051 seconds
[2024-06-18T12:56:17.567+0400] {processor.py:161} INFO - Started process (PID=50166) to work on /home/user/Desktop/airflowproj/py_env/lib/python3.10/site-packages/airflow/example_dags/example_short_circuit_decorator.py
[2024-06-18T12:56:17.569+0400] {processor.py:830} INFO - Processing file /home/user/Desktop/airflowproj/py_env/lib/python3.10/site-packages/airflow/example_dags/example_short_circuit_decorator.py for tasks to queue
[2024-06-18T12:56:17.570+0400] {logging_mixin.py:188} INFO - [2024-06-18T12:56:17.570+0400] {dagbag.py:545} INFO - Filling up the DagBag from /home/user/Desktop/airflowproj/py_env/lib/python3.10/site-packages/airflow/example_dags/example_short_circuit_decorator.py
[2024-06-18T12:56:17.575+0400] {processor.py:840} INFO - DAG(s) 'example_short_circuit_decorator' retrieved from /home/user/Desktop/airflowproj/py_env/lib/python3.10/site-packages/airflow/example_dags/example_short_circuit_decorator.py
[2024-06-18T12:56:17.588+0400] {logging_mixin.py:188} INFO - [2024-06-18T12:56:17.588+0400] {dag.py:3096} INFO - Sync 1 DAGs
[2024-06-18T12:56:17.601+0400] {logging_mixin.py:188} INFO - [2024-06-18T12:56:17.601+0400] {dag.py:3954} INFO - Setting next_dagrun for example_short_circuit_decorator to 2024-06-17 00:00:00+00:00, run_after=2024-06-18 00:00:00+00:00
[2024-06-18T12:56:17.622+0400] {processor.py:183} INFO - Processing /home/user/Desktop/airflowproj/py_env/lib/python3.10/site-packages/airflow/example_dags/example_short_circuit_decorator.py took 0.060 seconds
[2024-06-18T12:56:57.612+0400] {processor.py:161} INFO - Started process (PID=50328) to work on /home/user/Desktop/airflowproj/py_env/lib/python3.10/site-packages/airflow/example_dags/example_short_circuit_decorator.py
[2024-06-18T12:56:57.614+0400] {processor.py:830} INFO - Processing file /home/user/Desktop/airflowproj/py_env/lib/python3.10/site-packages/airflow/example_dags/example_short_circuit_decorator.py for tasks to queue
[2024-06-18T12:56:57.615+0400] {logging_mixin.py:188} INFO - [2024-06-18T12:56:57.615+0400] {dagbag.py:545} INFO - Filling up the DagBag from /home/user/Desktop/airflowproj/py_env/lib/python3.10/site-packages/airflow/example_dags/example_short_circuit_decorator.py
[2024-06-18T12:56:57.622+0400] {processor.py:840} INFO - DAG(s) 'example_short_circuit_decorator' retrieved from /home/user/Desktop/airflowproj/py_env/lib/python3.10/site-packages/airflow/example_dags/example_short_circuit_decorator.py
[2024-06-18T12:56:57.630+0400] {logging_mixin.py:188} INFO - [2024-06-18T12:56:57.630+0400] {dag.py:3096} INFO - Sync 1 DAGs
[2024-06-18T12:56:57.639+0400] {logging_mixin.py:188} INFO - [2024-06-18T12:56:57.639+0400] {dag.py:3954} INFO - Setting next_dagrun for example_short_circuit_decorator to 2024-06-17 00:00:00+00:00, run_after=2024-06-18 00:00:00+00:00
[2024-06-18T12:56:57.652+0400] {processor.py:183} INFO - Processing /home/user/Desktop/airflowproj/py_env/lib/python3.10/site-packages/airflow/example_dags/example_short_circuit_decorator.py took 0.044 seconds
[2024-06-18T12:57:38.746+0400] {processor.py:161} INFO - Started process (PID=50511) to work on /home/user/Desktop/airflowproj/py_env/lib/python3.10/site-packages/airflow/example_dags/example_short_circuit_decorator.py
[2024-06-18T12:57:38.748+0400] {processor.py:830} INFO - Processing file /home/user/Desktop/airflowproj/py_env/lib/python3.10/site-packages/airflow/example_dags/example_short_circuit_decorator.py for tasks to queue
[2024-06-18T12:57:38.749+0400] {logging_mixin.py:188} INFO - [2024-06-18T12:57:38.748+0400] {dagbag.py:545} INFO - Filling up the DagBag from /home/user/Desktop/airflowproj/py_env/lib/python3.10/site-packages/airflow/example_dags/example_short_circuit_decorator.py
[2024-06-18T12:57:38.753+0400] {processor.py:840} INFO - DAG(s) 'example_short_circuit_decorator' retrieved from /home/user/Desktop/airflowproj/py_env/lib/python3.10/site-packages/airflow/example_dags/example_short_circuit_decorator.py
[2024-06-18T12:57:38.763+0400] {logging_mixin.py:188} INFO - [2024-06-18T12:57:38.763+0400] {dag.py:3096} INFO - Sync 1 DAGs
[2024-06-18T12:57:38.772+0400] {logging_mixin.py:188} INFO - [2024-06-18T12:57:38.772+0400] {dag.py:3954} INFO - Setting next_dagrun for example_short_circuit_decorator to 2024-06-17 00:00:00+00:00, run_after=2024-06-18 00:00:00+00:00
[2024-06-18T12:57:38.785+0400] {processor.py:183} INFO - Processing /home/user/Desktop/airflowproj/py_env/lib/python3.10/site-packages/airflow/example_dags/example_short_circuit_decorator.py took 0.043 seconds
[2024-06-18T12:58:18.403+0400] {processor.py:161} INFO - Started process (PID=50897) to work on /home/user/Desktop/airflowproj/py_env/lib/python3.10/site-packages/airflow/example_dags/example_short_circuit_decorator.py
[2024-06-18T12:58:18.406+0400] {processor.py:830} INFO - Processing file /home/user/Desktop/airflowproj/py_env/lib/python3.10/site-packages/airflow/example_dags/example_short_circuit_decorator.py for tasks to queue
[2024-06-18T12:58:18.409+0400] {logging_mixin.py:188} INFO - [2024-06-18T12:58:18.408+0400] {dagbag.py:545} INFO - Filling up the DagBag from /home/user/Desktop/airflowproj/py_env/lib/python3.10/site-packages/airflow/example_dags/example_short_circuit_decorator.py
[2024-06-18T12:58:18.417+0400] {processor.py:840} INFO - DAG(s) 'example_short_circuit_decorator' retrieved from /home/user/Desktop/airflowproj/py_env/lib/python3.10/site-packages/airflow/example_dags/example_short_circuit_decorator.py
[2024-06-18T12:58:18.430+0400] {logging_mixin.py:188} INFO - [2024-06-18T12:58:18.430+0400] {dag.py:3096} INFO - Sync 1 DAGs
[2024-06-18T12:58:18.442+0400] {logging_mixin.py:188} INFO - [2024-06-18T12:58:18.441+0400] {dag.py:3954} INFO - Setting next_dagrun for example_short_circuit_decorator to 2024-06-17 00:00:00+00:00, run_after=2024-06-18 00:00:00+00:00
[2024-06-18T12:58:18.457+0400] {processor.py:183} INFO - Processing /home/user/Desktop/airflowproj/py_env/lib/python3.10/site-packages/airflow/example_dags/example_short_circuit_decorator.py took 0.061 seconds
[2024-06-18T12:59:16.665+0400] {processor.py:161} INFO - Started process (PID=51300) to work on /home/user/Desktop/airflowproj/py_env/lib/python3.10/site-packages/airflow/example_dags/example_short_circuit_decorator.py
[2024-06-18T12:59:16.668+0400] {processor.py:830} INFO - Processing file /home/user/Desktop/airflowproj/py_env/lib/python3.10/site-packages/airflow/example_dags/example_short_circuit_decorator.py for tasks to queue
[2024-06-18T12:59:16.670+0400] {logging_mixin.py:188} INFO - [2024-06-18T12:59:16.670+0400] {dagbag.py:545} INFO - Filling up the DagBag from /home/user/Desktop/airflowproj/py_env/lib/python3.10/site-packages/airflow/example_dags/example_short_circuit_decorator.py
[2024-06-18T12:59:16.676+0400] {processor.py:840} INFO - DAG(s) 'example_short_circuit_decorator' retrieved from /home/user/Desktop/airflowproj/py_env/lib/python3.10/site-packages/airflow/example_dags/example_short_circuit_decorator.py
[2024-06-18T12:59:16.694+0400] {logging_mixin.py:188} INFO - [2024-06-18T12:59:16.694+0400] {dag.py:3096} INFO - Sync 1 DAGs
[2024-06-18T12:59:16.705+0400] {logging_mixin.py:188} INFO - [2024-06-18T12:59:16.705+0400] {dag.py:3954} INFO - Setting next_dagrun for example_short_circuit_decorator to 2024-06-17 00:00:00+00:00, run_after=2024-06-18 00:00:00+00:00
[2024-06-18T12:59:16.718+0400] {processor.py:183} INFO - Processing /home/user/Desktop/airflowproj/py_env/lib/python3.10/site-packages/airflow/example_dags/example_short_circuit_decorator.py took 0.058 seconds
[2024-06-18T13:00:11.159+0400] {processor.py:161} INFO - Started process (PID=51670) to work on /home/user/Desktop/airflowproj/py_env/lib/python3.10/site-packages/airflow/example_dags/example_short_circuit_decorator.py
[2024-06-18T13:00:11.161+0400] {processor.py:830} INFO - Processing file /home/user/Desktop/airflowproj/py_env/lib/python3.10/site-packages/airflow/example_dags/example_short_circuit_decorator.py for tasks to queue
[2024-06-18T13:00:11.162+0400] {logging_mixin.py:188} INFO - [2024-06-18T13:00:11.162+0400] {dagbag.py:545} INFO - Filling up the DagBag from /home/user/Desktop/airflowproj/py_env/lib/python3.10/site-packages/airflow/example_dags/example_short_circuit_decorator.py
[2024-06-18T13:00:11.168+0400] {processor.py:840} INFO - DAG(s) 'example_short_circuit_decorator' retrieved from /home/user/Desktop/airflowproj/py_env/lib/python3.10/site-packages/airflow/example_dags/example_short_circuit_decorator.py
[2024-06-18T13:00:11.177+0400] {logging_mixin.py:188} INFO - [2024-06-18T13:00:11.177+0400] {dag.py:3096} INFO - Sync 1 DAGs
[2024-06-18T13:00:11.188+0400] {logging_mixin.py:188} INFO - [2024-06-18T13:00:11.188+0400] {dag.py:3954} INFO - Setting next_dagrun for example_short_circuit_decorator to 2024-06-17 00:00:00+00:00, run_after=2024-06-18 00:00:00+00:00
[2024-06-18T13:00:11.204+0400] {processor.py:183} INFO - Processing /home/user/Desktop/airflowproj/py_env/lib/python3.10/site-packages/airflow/example_dags/example_short_circuit_decorator.py took 0.049 seconds
[2024-06-18T13:01:08.434+0400] {processor.py:161} INFO - Started process (PID=51982) to work on /home/user/Desktop/airflowproj/py_env/lib/python3.10/site-packages/airflow/example_dags/example_short_circuit_decorator.py
[2024-06-18T13:01:08.435+0400] {processor.py:830} INFO - Processing file /home/user/Desktop/airflowproj/py_env/lib/python3.10/site-packages/airflow/example_dags/example_short_circuit_decorator.py for tasks to queue
[2024-06-18T13:01:08.436+0400] {logging_mixin.py:188} INFO - [2024-06-18T13:01:08.435+0400] {dagbag.py:545} INFO - Filling up the DagBag from /home/user/Desktop/airflowproj/py_env/lib/python3.10/site-packages/airflow/example_dags/example_short_circuit_decorator.py
[2024-06-18T13:01:08.441+0400] {processor.py:840} INFO - DAG(s) 'example_short_circuit_decorator' retrieved from /home/user/Desktop/airflowproj/py_env/lib/python3.10/site-packages/airflow/example_dags/example_short_circuit_decorator.py
[2024-06-18T13:01:08.450+0400] {logging_mixin.py:188} INFO - [2024-06-18T13:01:08.450+0400] {dag.py:3096} INFO - Sync 1 DAGs
[2024-06-18T13:01:08.460+0400] {logging_mixin.py:188} INFO - [2024-06-18T13:01:08.460+0400] {dag.py:3954} INFO - Setting next_dagrun for example_short_circuit_decorator to 2024-06-17 00:00:00+00:00, run_after=2024-06-18 00:00:00+00:00
[2024-06-18T13:01:08.476+0400] {processor.py:183} INFO - Processing /home/user/Desktop/airflowproj/py_env/lib/python3.10/site-packages/airflow/example_dags/example_short_circuit_decorator.py took 0.045 seconds
[2024-06-18T13:01:48.057+0400] {processor.py:161} INFO - Started process (PID=52244) to work on /home/user/Desktop/airflowproj/py_env/lib/python3.10/site-packages/airflow/example_dags/example_short_circuit_decorator.py
[2024-06-18T13:01:48.058+0400] {processor.py:830} INFO - Processing file /home/user/Desktop/airflowproj/py_env/lib/python3.10/site-packages/airflow/example_dags/example_short_circuit_decorator.py for tasks to queue
[2024-06-18T13:01:48.059+0400] {logging_mixin.py:188} INFO - [2024-06-18T13:01:48.059+0400] {dagbag.py:545} INFO - Filling up the DagBag from /home/user/Desktop/airflowproj/py_env/lib/python3.10/site-packages/airflow/example_dags/example_short_circuit_decorator.py
[2024-06-18T13:01:48.065+0400] {processor.py:840} INFO - DAG(s) 'example_short_circuit_decorator' retrieved from /home/user/Desktop/airflowproj/py_env/lib/python3.10/site-packages/airflow/example_dags/example_short_circuit_decorator.py
[2024-06-18T13:01:48.078+0400] {logging_mixin.py:188} INFO - [2024-06-18T13:01:48.078+0400] {dag.py:3096} INFO - Sync 1 DAGs
[2024-06-18T13:01:48.095+0400] {logging_mixin.py:188} INFO - [2024-06-18T13:01:48.094+0400] {dag.py:3954} INFO - Setting next_dagrun for example_short_circuit_decorator to 2024-06-17 00:00:00+00:00, run_after=2024-06-18 00:00:00+00:00
[2024-06-18T13:01:48.120+0400] {processor.py:183} INFO - Processing /home/user/Desktop/airflowproj/py_env/lib/python3.10/site-packages/airflow/example_dags/example_short_circuit_decorator.py took 0.072 seconds
[2024-06-18T13:02:28.875+0400] {processor.py:161} INFO - Started process (PID=52879) to work on /home/user/Desktop/airflowproj/py_env/lib/python3.10/site-packages/airflow/example_dags/example_short_circuit_decorator.py
[2024-06-18T13:02:28.877+0400] {processor.py:830} INFO - Processing file /home/user/Desktop/airflowproj/py_env/lib/python3.10/site-packages/airflow/example_dags/example_short_circuit_decorator.py for tasks to queue
[2024-06-18T13:02:28.878+0400] {logging_mixin.py:188} INFO - [2024-06-18T13:02:28.878+0400] {dagbag.py:545} INFO - Filling up the DagBag from /home/user/Desktop/airflowproj/py_env/lib/python3.10/site-packages/airflow/example_dags/example_short_circuit_decorator.py
[2024-06-18T13:02:28.883+0400] {processor.py:840} INFO - DAG(s) 'example_short_circuit_decorator' retrieved from /home/user/Desktop/airflowproj/py_env/lib/python3.10/site-packages/airflow/example_dags/example_short_circuit_decorator.py
[2024-06-18T13:02:28.893+0400] {logging_mixin.py:188} INFO - [2024-06-18T13:02:28.893+0400] {dag.py:3096} INFO - Sync 1 DAGs
[2024-06-18T13:02:28.902+0400] {logging_mixin.py:188} INFO - [2024-06-18T13:02:28.902+0400] {dag.py:3954} INFO - Setting next_dagrun for example_short_circuit_decorator to 2024-06-17 00:00:00+00:00, run_after=2024-06-18 00:00:00+00:00
[2024-06-18T13:02:28.915+0400] {processor.py:183} INFO - Processing /home/user/Desktop/airflowproj/py_env/lib/python3.10/site-packages/airflow/example_dags/example_short_circuit_decorator.py took 0.046 seconds
[2024-06-18T13:03:27.220+0400] {processor.py:161} INFO - Started process (PID=53110) to work on /home/user/Desktop/airflowproj/py_env/lib/python3.10/site-packages/airflow/example_dags/example_short_circuit_decorator.py
[2024-06-18T13:03:27.222+0400] {processor.py:830} INFO - Processing file /home/user/Desktop/airflowproj/py_env/lib/python3.10/site-packages/airflow/example_dags/example_short_circuit_decorator.py for tasks to queue
[2024-06-18T13:03:27.223+0400] {logging_mixin.py:188} INFO - [2024-06-18T13:03:27.223+0400] {dagbag.py:545} INFO - Filling up the DagBag from /home/user/Desktop/airflowproj/py_env/lib/python3.10/site-packages/airflow/example_dags/example_short_circuit_decorator.py
[2024-06-18T13:03:27.227+0400] {processor.py:840} INFO - DAG(s) 'example_short_circuit_decorator' retrieved from /home/user/Desktop/airflowproj/py_env/lib/python3.10/site-packages/airflow/example_dags/example_short_circuit_decorator.py
[2024-06-18T13:03:27.236+0400] {logging_mixin.py:188} INFO - [2024-06-18T13:03:27.236+0400] {dag.py:3096} INFO - Sync 1 DAGs
[2024-06-18T13:03:27.246+0400] {logging_mixin.py:188} INFO - [2024-06-18T13:03:27.246+0400] {dag.py:3954} INFO - Setting next_dagrun for example_short_circuit_decorator to 2024-06-17 00:00:00+00:00, run_after=2024-06-18 00:00:00+00:00
[2024-06-18T13:03:27.260+0400] {processor.py:183} INFO - Processing /home/user/Desktop/airflowproj/py_env/lib/python3.10/site-packages/airflow/example_dags/example_short_circuit_decorator.py took 0.045 seconds
[2024-06-18T13:04:23.920+0400] {processor.py:161} INFO - Started process (PID=53312) to work on /home/user/Desktop/airflowproj/py_env/lib/python3.10/site-packages/airflow/example_dags/example_short_circuit_decorator.py
[2024-06-18T13:04:23.922+0400] {processor.py:830} INFO - Processing file /home/user/Desktop/airflowproj/py_env/lib/python3.10/site-packages/airflow/example_dags/example_short_circuit_decorator.py for tasks to queue
[2024-06-18T13:04:23.923+0400] {logging_mixin.py:188} INFO - [2024-06-18T13:04:23.923+0400] {dagbag.py:545} INFO - Filling up the DagBag from /home/user/Desktop/airflowproj/py_env/lib/python3.10/site-packages/airflow/example_dags/example_short_circuit_decorator.py
[2024-06-18T13:04:23.928+0400] {processor.py:840} INFO - DAG(s) 'example_short_circuit_decorator' retrieved from /home/user/Desktop/airflowproj/py_env/lib/python3.10/site-packages/airflow/example_dags/example_short_circuit_decorator.py
[2024-06-18T13:04:23.937+0400] {logging_mixin.py:188} INFO - [2024-06-18T13:04:23.937+0400] {dag.py:3096} INFO - Sync 1 DAGs
[2024-06-18T13:04:23.947+0400] {logging_mixin.py:188} INFO - [2024-06-18T13:04:23.947+0400] {dag.py:3954} INFO - Setting next_dagrun for example_short_circuit_decorator to 2024-06-17 00:00:00+00:00, run_after=2024-06-18 00:00:00+00:00
[2024-06-18T13:04:23.961+0400] {processor.py:183} INFO - Processing /home/user/Desktop/airflowproj/py_env/lib/python3.10/site-packages/airflow/example_dags/example_short_circuit_decorator.py took 0.046 seconds
[2024-06-18T13:05:03.377+0400] {processor.py:161} INFO - Started process (PID=53480) to work on /home/user/Desktop/airflowproj/py_env/lib/python3.10/site-packages/airflow/example_dags/example_short_circuit_decorator.py
[2024-06-18T13:05:03.379+0400] {processor.py:830} INFO - Processing file /home/user/Desktop/airflowproj/py_env/lib/python3.10/site-packages/airflow/example_dags/example_short_circuit_decorator.py for tasks to queue
[2024-06-18T13:05:03.381+0400] {logging_mixin.py:188} INFO - [2024-06-18T13:05:03.381+0400] {dagbag.py:545} INFO - Filling up the DagBag from /home/user/Desktop/airflowproj/py_env/lib/python3.10/site-packages/airflow/example_dags/example_short_circuit_decorator.py
[2024-06-18T13:05:03.386+0400] {processor.py:840} INFO - DAG(s) 'example_short_circuit_decorator' retrieved from /home/user/Desktop/airflowproj/py_env/lib/python3.10/site-packages/airflow/example_dags/example_short_circuit_decorator.py
[2024-06-18T13:05:03.396+0400] {logging_mixin.py:188} INFO - [2024-06-18T13:05:03.396+0400] {dag.py:3096} INFO - Sync 1 DAGs
[2024-06-18T13:05:03.406+0400] {logging_mixin.py:188} INFO - [2024-06-18T13:05:03.406+0400] {dag.py:3954} INFO - Setting next_dagrun for example_short_circuit_decorator to 2024-06-17 00:00:00+00:00, run_after=2024-06-18 00:00:00+00:00
[2024-06-18T13:05:03.419+0400] {processor.py:183} INFO - Processing /home/user/Desktop/airflowproj/py_env/lib/python3.10/site-packages/airflow/example_dags/example_short_circuit_decorator.py took 0.045 seconds
[2024-06-18T13:06:00.852+0400] {processor.py:161} INFO - Started process (PID=53698) to work on /home/user/Desktop/airflowproj/py_env/lib/python3.10/site-packages/airflow/example_dags/example_short_circuit_decorator.py
[2024-06-18T13:06:00.853+0400] {processor.py:830} INFO - Processing file /home/user/Desktop/airflowproj/py_env/lib/python3.10/site-packages/airflow/example_dags/example_short_circuit_decorator.py for tasks to queue
[2024-06-18T13:06:00.854+0400] {logging_mixin.py:188} INFO - [2024-06-18T13:06:00.853+0400] {dagbag.py:545} INFO - Filling up the DagBag from /home/user/Desktop/airflowproj/py_env/lib/python3.10/site-packages/airflow/example_dags/example_short_circuit_decorator.py
[2024-06-18T13:06:00.858+0400] {processor.py:840} INFO - DAG(s) 'example_short_circuit_decorator' retrieved from /home/user/Desktop/airflowproj/py_env/lib/python3.10/site-packages/airflow/example_dags/example_short_circuit_decorator.py
[2024-06-18T13:06:00.865+0400] {logging_mixin.py:188} INFO - [2024-06-18T13:06:00.865+0400] {dag.py:3096} INFO - Sync 1 DAGs
[2024-06-18T13:06:00.873+0400] {logging_mixin.py:188} INFO - [2024-06-18T13:06:00.873+0400] {dag.py:3954} INFO - Setting next_dagrun for example_short_circuit_decorator to 2024-06-17 00:00:00+00:00, run_after=2024-06-18 00:00:00+00:00
[2024-06-18T13:06:00.887+0400] {processor.py:183} INFO - Processing /home/user/Desktop/airflowproj/py_env/lib/python3.10/site-packages/airflow/example_dags/example_short_circuit_decorator.py took 0.039 seconds
[2024-06-18T13:07:01.282+0400] {processor.py:161} INFO - Started process (PID=53902) to work on /home/user/Desktop/airflowproj/py_env/lib/python3.10/site-packages/airflow/example_dags/example_short_circuit_decorator.py
[2024-06-18T13:07:01.284+0400] {processor.py:830} INFO - Processing file /home/user/Desktop/airflowproj/py_env/lib/python3.10/site-packages/airflow/example_dags/example_short_circuit_decorator.py for tasks to queue
[2024-06-18T13:07:01.286+0400] {logging_mixin.py:188} INFO - [2024-06-18T13:07:01.286+0400] {dagbag.py:545} INFO - Filling up the DagBag from /home/user/Desktop/airflowproj/py_env/lib/python3.10/site-packages/airflow/example_dags/example_short_circuit_decorator.py
[2024-06-18T13:07:01.295+0400] {processor.py:840} INFO - DAG(s) 'example_short_circuit_decorator' retrieved from /home/user/Desktop/airflowproj/py_env/lib/python3.10/site-packages/airflow/example_dags/example_short_circuit_decorator.py
[2024-06-18T13:07:01.305+0400] {logging_mixin.py:188} INFO - [2024-06-18T13:07:01.305+0400] {dag.py:3096} INFO - Sync 1 DAGs
[2024-06-18T13:07:01.315+0400] {logging_mixin.py:188} INFO - [2024-06-18T13:07:01.315+0400] {dag.py:3954} INFO - Setting next_dagrun for example_short_circuit_decorator to 2024-06-17 00:00:00+00:00, run_after=2024-06-18 00:00:00+00:00
[2024-06-18T13:07:01.331+0400] {processor.py:183} INFO - Processing /home/user/Desktop/airflowproj/py_env/lib/python3.10/site-packages/airflow/example_dags/example_short_circuit_decorator.py took 0.054 seconds
[2024-06-18T13:07:42.614+0400] {processor.py:161} INFO - Started process (PID=54088) to work on /home/user/Desktop/airflowproj/py_env/lib/python3.10/site-packages/airflow/example_dags/example_short_circuit_decorator.py
[2024-06-18T13:07:42.617+0400] {processor.py:830} INFO - Processing file /home/user/Desktop/airflowproj/py_env/lib/python3.10/site-packages/airflow/example_dags/example_short_circuit_decorator.py for tasks to queue
[2024-06-18T13:07:42.618+0400] {logging_mixin.py:188} INFO - [2024-06-18T13:07:42.618+0400] {dagbag.py:545} INFO - Filling up the DagBag from /home/user/Desktop/airflowproj/py_env/lib/python3.10/site-packages/airflow/example_dags/example_short_circuit_decorator.py
[2024-06-18T13:07:42.623+0400] {processor.py:840} INFO - DAG(s) 'example_short_circuit_decorator' retrieved from /home/user/Desktop/airflowproj/py_env/lib/python3.10/site-packages/airflow/example_dags/example_short_circuit_decorator.py
[2024-06-18T13:07:42.632+0400] {logging_mixin.py:188} INFO - [2024-06-18T13:07:42.632+0400] {dag.py:3096} INFO - Sync 1 DAGs
[2024-06-18T13:07:42.640+0400] {logging_mixin.py:188} INFO - [2024-06-18T13:07:42.640+0400] {dag.py:3954} INFO - Setting next_dagrun for example_short_circuit_decorator to 2024-06-17 00:00:00+00:00, run_after=2024-06-18 00:00:00+00:00
[2024-06-18T13:07:42.654+0400] {processor.py:183} INFO - Processing /home/user/Desktop/airflowproj/py_env/lib/python3.10/site-packages/airflow/example_dags/example_short_circuit_decorator.py took 0.044 seconds
[2024-06-18T13:08:22.679+0400] {processor.py:161} INFO - Started process (PID=54225) to work on /home/user/Desktop/airflowproj/py_env/lib/python3.10/site-packages/airflow/example_dags/example_short_circuit_decorator.py
[2024-06-18T13:08:22.681+0400] {processor.py:830} INFO - Processing file /home/user/Desktop/airflowproj/py_env/lib/python3.10/site-packages/airflow/example_dags/example_short_circuit_decorator.py for tasks to queue
[2024-06-18T13:08:22.682+0400] {logging_mixin.py:188} INFO - [2024-06-18T13:08:22.682+0400] {dagbag.py:545} INFO - Filling up the DagBag from /home/user/Desktop/airflowproj/py_env/lib/python3.10/site-packages/airflow/example_dags/example_short_circuit_decorator.py
[2024-06-18T13:08:22.686+0400] {processor.py:840} INFO - DAG(s) 'example_short_circuit_decorator' retrieved from /home/user/Desktop/airflowproj/py_env/lib/python3.10/site-packages/airflow/example_dags/example_short_circuit_decorator.py
[2024-06-18T13:08:22.695+0400] {logging_mixin.py:188} INFO - [2024-06-18T13:08:22.695+0400] {dag.py:3096} INFO - Sync 1 DAGs
[2024-06-18T13:08:22.704+0400] {logging_mixin.py:188} INFO - [2024-06-18T13:08:22.704+0400] {dag.py:3954} INFO - Setting next_dagrun for example_short_circuit_decorator to 2024-06-17 00:00:00+00:00, run_after=2024-06-18 00:00:00+00:00
[2024-06-18T13:08:22.717+0400] {processor.py:183} INFO - Processing /home/user/Desktop/airflowproj/py_env/lib/python3.10/site-packages/airflow/example_dags/example_short_circuit_decorator.py took 0.047 seconds
[2024-06-18T13:09:03.593+0400] {processor.py:161} INFO - Started process (PID=54432) to work on /home/user/Desktop/airflowproj/py_env/lib/python3.10/site-packages/airflow/example_dags/example_short_circuit_decorator.py
[2024-06-18T13:09:03.595+0400] {processor.py:830} INFO - Processing file /home/user/Desktop/airflowproj/py_env/lib/python3.10/site-packages/airflow/example_dags/example_short_circuit_decorator.py for tasks to queue
[2024-06-18T13:09:03.596+0400] {logging_mixin.py:188} INFO - [2024-06-18T13:09:03.596+0400] {dagbag.py:545} INFO - Filling up the DagBag from /home/user/Desktop/airflowproj/py_env/lib/python3.10/site-packages/airflow/example_dags/example_short_circuit_decorator.py
[2024-06-18T13:09:03.600+0400] {processor.py:840} INFO - DAG(s) 'example_short_circuit_decorator' retrieved from /home/user/Desktop/airflowproj/py_env/lib/python3.10/site-packages/airflow/example_dags/example_short_circuit_decorator.py
[2024-06-18T13:09:03.609+0400] {logging_mixin.py:188} INFO - [2024-06-18T13:09:03.609+0400] {dag.py:3096} INFO - Sync 1 DAGs
[2024-06-18T13:09:03.618+0400] {logging_mixin.py:188} INFO - [2024-06-18T13:09:03.618+0400] {dag.py:3954} INFO - Setting next_dagrun for example_short_circuit_decorator to 2024-06-17 00:00:00+00:00, run_after=2024-06-18 00:00:00+00:00
[2024-06-18T13:09:03.632+0400] {processor.py:183} INFO - Processing /home/user/Desktop/airflowproj/py_env/lib/python3.10/site-packages/airflow/example_dags/example_short_circuit_decorator.py took 0.042 seconds
[2024-06-18T13:10:01.246+0400] {processor.py:161} INFO - Started process (PID=54620) to work on /home/user/Desktop/airflowproj/py_env/lib/python3.10/site-packages/airflow/example_dags/example_short_circuit_decorator.py
[2024-06-18T13:10:01.247+0400] {processor.py:830} INFO - Processing file /home/user/Desktop/airflowproj/py_env/lib/python3.10/site-packages/airflow/example_dags/example_short_circuit_decorator.py for tasks to queue
[2024-06-18T13:10:01.248+0400] {logging_mixin.py:188} INFO - [2024-06-18T13:10:01.248+0400] {dagbag.py:545} INFO - Filling up the DagBag from /home/user/Desktop/airflowproj/py_env/lib/python3.10/site-packages/airflow/example_dags/example_short_circuit_decorator.py
[2024-06-18T13:10:01.253+0400] {processor.py:840} INFO - DAG(s) 'example_short_circuit_decorator' retrieved from /home/user/Desktop/airflowproj/py_env/lib/python3.10/site-packages/airflow/example_dags/example_short_circuit_decorator.py
[2024-06-18T13:10:01.261+0400] {logging_mixin.py:188} INFO - [2024-06-18T13:10:01.261+0400] {dag.py:3096} INFO - Sync 1 DAGs
[2024-06-18T13:10:01.271+0400] {logging_mixin.py:188} INFO - [2024-06-18T13:10:01.271+0400] {dag.py:3954} INFO - Setting next_dagrun for example_short_circuit_decorator to 2024-06-17 00:00:00+00:00, run_after=2024-06-18 00:00:00+00:00
[2024-06-18T13:10:01.287+0400] {processor.py:183} INFO - Processing /home/user/Desktop/airflowproj/py_env/lib/python3.10/site-packages/airflow/example_dags/example_short_circuit_decorator.py took 0.045 seconds
[2024-06-18T13:10:43.041+0400] {processor.py:161} INFO - Started process (PID=54759) to work on /home/user/Desktop/airflowproj/py_env/lib/python3.10/site-packages/airflow/example_dags/example_short_circuit_decorator.py
[2024-06-18T13:10:43.044+0400] {processor.py:830} INFO - Processing file /home/user/Desktop/airflowproj/py_env/lib/python3.10/site-packages/airflow/example_dags/example_short_circuit_decorator.py for tasks to queue
[2024-06-18T13:10:43.045+0400] {logging_mixin.py:188} INFO - [2024-06-18T13:10:43.044+0400] {dagbag.py:545} INFO - Filling up the DagBag from /home/user/Desktop/airflowproj/py_env/lib/python3.10/site-packages/airflow/example_dags/example_short_circuit_decorator.py
[2024-06-18T13:10:43.051+0400] {processor.py:840} INFO - DAG(s) 'example_short_circuit_decorator' retrieved from /home/user/Desktop/airflowproj/py_env/lib/python3.10/site-packages/airflow/example_dags/example_short_circuit_decorator.py
[2024-06-18T13:10:43.059+0400] {logging_mixin.py:188} INFO - [2024-06-18T13:10:43.059+0400] {dag.py:3096} INFO - Sync 1 DAGs
[2024-06-18T13:10:43.068+0400] {logging_mixin.py:188} INFO - [2024-06-18T13:10:43.068+0400] {dag.py:3954} INFO - Setting next_dagrun for example_short_circuit_decorator to 2024-06-17 00:00:00+00:00, run_after=2024-06-18 00:00:00+00:00
[2024-06-18T13:10:43.082+0400] {processor.py:183} INFO - Processing /home/user/Desktop/airflowproj/py_env/lib/python3.10/site-packages/airflow/example_dags/example_short_circuit_decorator.py took 0.045 seconds
[2024-06-18T13:11:24.288+0400] {processor.py:161} INFO - Started process (PID=54899) to work on /home/user/Desktop/airflowproj/py_env/lib/python3.10/site-packages/airflow/example_dags/example_short_circuit_decorator.py
[2024-06-18T13:11:24.290+0400] {processor.py:830} INFO - Processing file /home/user/Desktop/airflowproj/py_env/lib/python3.10/site-packages/airflow/example_dags/example_short_circuit_decorator.py for tasks to queue
[2024-06-18T13:11:24.292+0400] {logging_mixin.py:188} INFO - [2024-06-18T13:11:24.291+0400] {dagbag.py:545} INFO - Filling up the DagBag from /home/user/Desktop/airflowproj/py_env/lib/python3.10/site-packages/airflow/example_dags/example_short_circuit_decorator.py
[2024-06-18T13:11:24.297+0400] {processor.py:840} INFO - DAG(s) 'example_short_circuit_decorator' retrieved from /home/user/Desktop/airflowproj/py_env/lib/python3.10/site-packages/airflow/example_dags/example_short_circuit_decorator.py
[2024-06-18T13:11:24.306+0400] {logging_mixin.py:188} INFO - [2024-06-18T13:11:24.305+0400] {dag.py:3096} INFO - Sync 1 DAGs
[2024-06-18T13:11:24.315+0400] {logging_mixin.py:188} INFO - [2024-06-18T13:11:24.315+0400] {dag.py:3954} INFO - Setting next_dagrun for example_short_circuit_decorator to 2024-06-17 00:00:00+00:00, run_after=2024-06-18 00:00:00+00:00
[2024-06-18T13:11:24.329+0400] {processor.py:183} INFO - Processing /home/user/Desktop/airflowproj/py_env/lib/python3.10/site-packages/airflow/example_dags/example_short_circuit_decorator.py took 0.046 seconds
[2024-06-18T13:12:21.789+0400] {processor.py:161} INFO - Started process (PID=55101) to work on /home/user/Desktop/airflowproj/py_env/lib/python3.10/site-packages/airflow/example_dags/example_short_circuit_decorator.py
[2024-06-18T13:12:21.791+0400] {processor.py:830} INFO - Processing file /home/user/Desktop/airflowproj/py_env/lib/python3.10/site-packages/airflow/example_dags/example_short_circuit_decorator.py for tasks to queue
[2024-06-18T13:12:21.791+0400] {logging_mixin.py:188} INFO - [2024-06-18T13:12:21.791+0400] {dagbag.py:545} INFO - Filling up the DagBag from /home/user/Desktop/airflowproj/py_env/lib/python3.10/site-packages/airflow/example_dags/example_short_circuit_decorator.py
[2024-06-18T13:12:21.796+0400] {processor.py:840} INFO - DAG(s) 'example_short_circuit_decorator' retrieved from /home/user/Desktop/airflowproj/py_env/lib/python3.10/site-packages/airflow/example_dags/example_short_circuit_decorator.py
[2024-06-18T13:12:21.804+0400] {logging_mixin.py:188} INFO - [2024-06-18T13:12:21.804+0400] {dag.py:3096} INFO - Sync 1 DAGs
[2024-06-18T13:12:21.813+0400] {logging_mixin.py:188} INFO - [2024-06-18T13:12:21.813+0400] {dag.py:3954} INFO - Setting next_dagrun for example_short_circuit_decorator to 2024-06-17 00:00:00+00:00, run_after=2024-06-18 00:00:00+00:00
[2024-06-18T13:12:21.826+0400] {processor.py:183} INFO - Processing /home/user/Desktop/airflowproj/py_env/lib/python3.10/site-packages/airflow/example_dags/example_short_circuit_decorator.py took 0.040 seconds
[2024-06-18T13:13:01.424+0400] {processor.py:161} INFO - Started process (PID=55271) to work on /home/user/Desktop/airflowproj/py_env/lib/python3.10/site-packages/airflow/example_dags/example_short_circuit_decorator.py
[2024-06-18T13:13:01.424+0400] {processor.py:830} INFO - Processing file /home/user/Desktop/airflowproj/py_env/lib/python3.10/site-packages/airflow/example_dags/example_short_circuit_decorator.py for tasks to queue
[2024-06-18T13:13:01.425+0400] {logging_mixin.py:188} INFO - [2024-06-18T13:13:01.425+0400] {dagbag.py:545} INFO - Filling up the DagBag from /home/user/Desktop/airflowproj/py_env/lib/python3.10/site-packages/airflow/example_dags/example_short_circuit_decorator.py
[2024-06-18T13:13:01.430+0400] {processor.py:840} INFO - DAG(s) 'example_short_circuit_decorator' retrieved from /home/user/Desktop/airflowproj/py_env/lib/python3.10/site-packages/airflow/example_dags/example_short_circuit_decorator.py
[2024-06-18T13:13:01.438+0400] {logging_mixin.py:188} INFO - [2024-06-18T13:13:01.438+0400] {dag.py:3096} INFO - Sync 1 DAGs
[2024-06-18T13:13:01.447+0400] {logging_mixin.py:188} INFO - [2024-06-18T13:13:01.446+0400] {dag.py:3954} INFO - Setting next_dagrun for example_short_circuit_decorator to 2024-06-17 00:00:00+00:00, run_after=2024-06-18 00:00:00+00:00
[2024-06-18T13:13:01.460+0400] {processor.py:183} INFO - Processing /home/user/Desktop/airflowproj/py_env/lib/python3.10/site-packages/airflow/example_dags/example_short_circuit_decorator.py took 0.041 seconds
[2024-06-18T13:13:41.279+0400] {processor.py:161} INFO - Started process (PID=55403) to work on /home/user/Desktop/airflowproj/py_env/lib/python3.10/site-packages/airflow/example_dags/example_short_circuit_decorator.py
[2024-06-18T13:13:41.281+0400] {processor.py:830} INFO - Processing file /home/user/Desktop/airflowproj/py_env/lib/python3.10/site-packages/airflow/example_dags/example_short_circuit_decorator.py for tasks to queue
[2024-06-18T13:13:41.282+0400] {logging_mixin.py:188} INFO - [2024-06-18T13:13:41.282+0400] {dagbag.py:545} INFO - Filling up the DagBag from /home/user/Desktop/airflowproj/py_env/lib/python3.10/site-packages/airflow/example_dags/example_short_circuit_decorator.py
[2024-06-18T13:13:41.287+0400] {processor.py:840} INFO - DAG(s) 'example_short_circuit_decorator' retrieved from /home/user/Desktop/airflowproj/py_env/lib/python3.10/site-packages/airflow/example_dags/example_short_circuit_decorator.py
[2024-06-18T13:13:41.295+0400] {logging_mixin.py:188} INFO - [2024-06-18T13:13:41.295+0400] {dag.py:3096} INFO - Sync 1 DAGs
[2024-06-18T13:13:41.304+0400] {logging_mixin.py:188} INFO - [2024-06-18T13:13:41.304+0400] {dag.py:3954} INFO - Setting next_dagrun for example_short_circuit_decorator to 2024-06-17 00:00:00+00:00, run_after=2024-06-18 00:00:00+00:00
[2024-06-18T13:13:41.317+0400] {processor.py:183} INFO - Processing /home/user/Desktop/airflowproj/py_env/lib/python3.10/site-packages/airflow/example_dags/example_short_circuit_decorator.py took 0.043 seconds
[2024-06-18T13:14:22.402+0400] {processor.py:161} INFO - Started process (PID=55554) to work on /home/user/Desktop/airflowproj/py_env/lib/python3.10/site-packages/airflow/example_dags/example_short_circuit_decorator.py
[2024-06-18T13:14:22.404+0400] {processor.py:830} INFO - Processing file /home/user/Desktop/airflowproj/py_env/lib/python3.10/site-packages/airflow/example_dags/example_short_circuit_decorator.py for tasks to queue
[2024-06-18T13:14:22.405+0400] {logging_mixin.py:188} INFO - [2024-06-18T13:14:22.405+0400] {dagbag.py:545} INFO - Filling up the DagBag from /home/user/Desktop/airflowproj/py_env/lib/python3.10/site-packages/airflow/example_dags/example_short_circuit_decorator.py
[2024-06-18T13:14:22.410+0400] {processor.py:840} INFO - DAG(s) 'example_short_circuit_decorator' retrieved from /home/user/Desktop/airflowproj/py_env/lib/python3.10/site-packages/airflow/example_dags/example_short_circuit_decorator.py
[2024-06-18T13:14:22.419+0400] {logging_mixin.py:188} INFO - [2024-06-18T13:14:22.419+0400] {dag.py:3096} INFO - Sync 1 DAGs
[2024-06-18T13:14:22.428+0400] {logging_mixin.py:188} INFO - [2024-06-18T13:14:22.428+0400] {dag.py:3954} INFO - Setting next_dagrun for example_short_circuit_decorator to 2024-06-17 00:00:00+00:00, run_after=2024-06-18 00:00:00+00:00
[2024-06-18T13:14:22.442+0400] {processor.py:183} INFO - Processing /home/user/Desktop/airflowproj/py_env/lib/python3.10/site-packages/airflow/example_dags/example_short_circuit_decorator.py took 0.045 seconds
[2024-06-18T13:15:18.851+0400] {processor.py:161} INFO - Started process (PID=55758) to work on /home/user/Desktop/airflowproj/py_env/lib/python3.10/site-packages/airflow/example_dags/example_short_circuit_decorator.py
[2024-06-18T13:15:18.854+0400] {processor.py:830} INFO - Processing file /home/user/Desktop/airflowproj/py_env/lib/python3.10/site-packages/airflow/example_dags/example_short_circuit_decorator.py for tasks to queue
[2024-06-18T13:15:18.855+0400] {logging_mixin.py:188} INFO - [2024-06-18T13:15:18.855+0400] {dagbag.py:545} INFO - Filling up the DagBag from /home/user/Desktop/airflowproj/py_env/lib/python3.10/site-packages/airflow/example_dags/example_short_circuit_decorator.py
[2024-06-18T13:15:18.861+0400] {processor.py:840} INFO - DAG(s) 'example_short_circuit_decorator' retrieved from /home/user/Desktop/airflowproj/py_env/lib/python3.10/site-packages/airflow/example_dags/example_short_circuit_decorator.py
[2024-06-18T13:15:18.869+0400] {logging_mixin.py:188} INFO - [2024-06-18T13:15:18.869+0400] {dag.py:3096} INFO - Sync 1 DAGs
[2024-06-18T13:15:18.878+0400] {logging_mixin.py:188} INFO - [2024-06-18T13:15:18.878+0400] {dag.py:3954} INFO - Setting next_dagrun for example_short_circuit_decorator to 2024-06-17 00:00:00+00:00, run_after=2024-06-18 00:00:00+00:00
[2024-06-18T13:15:18.891+0400] {processor.py:183} INFO - Processing /home/user/Desktop/airflowproj/py_env/lib/python3.10/site-packages/airflow/example_dags/example_short_circuit_decorator.py took 0.044 seconds
[2024-06-18T13:16:19.421+0400] {processor.py:161} INFO - Started process (PID=55964) to work on /home/user/Desktop/airflowproj/py_env/lib/python3.10/site-packages/airflow/example_dags/example_short_circuit_decorator.py
[2024-06-18T13:16:19.423+0400] {processor.py:830} INFO - Processing file /home/user/Desktop/airflowproj/py_env/lib/python3.10/site-packages/airflow/example_dags/example_short_circuit_decorator.py for tasks to queue
[2024-06-18T13:16:19.424+0400] {logging_mixin.py:188} INFO - [2024-06-18T13:16:19.424+0400] {dagbag.py:545} INFO - Filling up the DagBag from /home/user/Desktop/airflowproj/py_env/lib/python3.10/site-packages/airflow/example_dags/example_short_circuit_decorator.py
[2024-06-18T13:16:19.429+0400] {processor.py:840} INFO - DAG(s) 'example_short_circuit_decorator' retrieved from /home/user/Desktop/airflowproj/py_env/lib/python3.10/site-packages/airflow/example_dags/example_short_circuit_decorator.py
[2024-06-18T13:16:19.439+0400] {logging_mixin.py:188} INFO - [2024-06-18T13:16:19.439+0400] {dag.py:3096} INFO - Sync 1 DAGs
[2024-06-18T13:16:19.449+0400] {logging_mixin.py:188} INFO - [2024-06-18T13:16:19.449+0400] {dag.py:3954} INFO - Setting next_dagrun for example_short_circuit_decorator to 2024-06-17 00:00:00+00:00, run_after=2024-06-18 00:00:00+00:00
[2024-06-18T13:16:19.463+0400] {processor.py:183} INFO - Processing /home/user/Desktop/airflowproj/py_env/lib/python3.10/site-packages/airflow/example_dags/example_short_circuit_decorator.py took 0.045 seconds
[2024-06-18T13:17:13.708+0400] {processor.py:161} INFO - Started process (PID=56147) to work on /home/user/Desktop/airflowproj/py_env/lib/python3.10/site-packages/airflow/example_dags/example_short_circuit_decorator.py
[2024-06-18T13:17:13.710+0400] {processor.py:830} INFO - Processing file /home/user/Desktop/airflowproj/py_env/lib/python3.10/site-packages/airflow/example_dags/example_short_circuit_decorator.py for tasks to queue
[2024-06-18T13:17:13.712+0400] {logging_mixin.py:188} INFO - [2024-06-18T13:17:13.712+0400] {dagbag.py:545} INFO - Filling up the DagBag from /home/user/Desktop/airflowproj/py_env/lib/python3.10/site-packages/airflow/example_dags/example_short_circuit_decorator.py
[2024-06-18T13:17:13.719+0400] {processor.py:840} INFO - DAG(s) 'example_short_circuit_decorator' retrieved from /home/user/Desktop/airflowproj/py_env/lib/python3.10/site-packages/airflow/example_dags/example_short_circuit_decorator.py
[2024-06-18T13:17:13.728+0400] {logging_mixin.py:188} INFO - [2024-06-18T13:17:13.728+0400] {dag.py:3096} INFO - Sync 1 DAGs
[2024-06-18T13:17:13.737+0400] {logging_mixin.py:188} INFO - [2024-06-18T13:17:13.737+0400] {dag.py:3954} INFO - Setting next_dagrun for example_short_circuit_decorator to 2024-06-17 00:00:00+00:00, run_after=2024-06-18 00:00:00+00:00
[2024-06-18T13:17:13.751+0400] {processor.py:183} INFO - Processing /home/user/Desktop/airflowproj/py_env/lib/python3.10/site-packages/airflow/example_dags/example_short_circuit_decorator.py took 0.049 seconds
[2024-06-18T13:17:55.031+0400] {processor.py:161} INFO - Started process (PID=56319) to work on /home/user/Desktop/airflowproj/py_env/lib/python3.10/site-packages/airflow/example_dags/example_short_circuit_decorator.py
[2024-06-18T13:17:55.033+0400] {processor.py:830} INFO - Processing file /home/user/Desktop/airflowproj/py_env/lib/python3.10/site-packages/airflow/example_dags/example_short_circuit_decorator.py for tasks to queue
[2024-06-18T13:17:55.034+0400] {logging_mixin.py:188} INFO - [2024-06-18T13:17:55.034+0400] {dagbag.py:545} INFO - Filling up the DagBag from /home/user/Desktop/airflowproj/py_env/lib/python3.10/site-packages/airflow/example_dags/example_short_circuit_decorator.py
[2024-06-18T13:17:55.039+0400] {processor.py:840} INFO - DAG(s) 'example_short_circuit_decorator' retrieved from /home/user/Desktop/airflowproj/py_env/lib/python3.10/site-packages/airflow/example_dags/example_short_circuit_decorator.py
[2024-06-18T13:17:55.049+0400] {logging_mixin.py:188} INFO - [2024-06-18T13:17:55.049+0400] {dag.py:3096} INFO - Sync 1 DAGs
[2024-06-18T13:17:55.058+0400] {logging_mixin.py:188} INFO - [2024-06-18T13:17:55.058+0400] {dag.py:3954} INFO - Setting next_dagrun for example_short_circuit_decorator to 2024-06-17 00:00:00+00:00, run_after=2024-06-18 00:00:00+00:00
[2024-06-18T13:17:55.073+0400] {processor.py:183} INFO - Processing /home/user/Desktop/airflowproj/py_env/lib/python3.10/site-packages/airflow/example_dags/example_short_circuit_decorator.py took 0.047 seconds
[2024-06-18T13:18:35.313+0400] {processor.py:161} INFO - Started process (PID=56453) to work on /home/user/Desktop/airflowproj/py_env/lib/python3.10/site-packages/airflow/example_dags/example_short_circuit_decorator.py
[2024-06-18T13:18:35.316+0400] {processor.py:830} INFO - Processing file /home/user/Desktop/airflowproj/py_env/lib/python3.10/site-packages/airflow/example_dags/example_short_circuit_decorator.py for tasks to queue
[2024-06-18T13:18:35.317+0400] {logging_mixin.py:188} INFO - [2024-06-18T13:18:35.317+0400] {dagbag.py:545} INFO - Filling up the DagBag from /home/user/Desktop/airflowproj/py_env/lib/python3.10/site-packages/airflow/example_dags/example_short_circuit_decorator.py
[2024-06-18T13:18:35.322+0400] {processor.py:840} INFO - DAG(s) 'example_short_circuit_decorator' retrieved from /home/user/Desktop/airflowproj/py_env/lib/python3.10/site-packages/airflow/example_dags/example_short_circuit_decorator.py
[2024-06-18T13:18:35.331+0400] {logging_mixin.py:188} INFO - [2024-06-18T13:18:35.331+0400] {dag.py:3096} INFO - Sync 1 DAGs
[2024-06-18T13:18:35.340+0400] {logging_mixin.py:188} INFO - [2024-06-18T13:18:35.340+0400] {dag.py:3954} INFO - Setting next_dagrun for example_short_circuit_decorator to 2024-06-17 00:00:00+00:00, run_after=2024-06-18 00:00:00+00:00
[2024-06-18T13:18:35.354+0400] {processor.py:183} INFO - Processing /home/user/Desktop/airflowproj/py_env/lib/python3.10/site-packages/airflow/example_dags/example_short_circuit_decorator.py took 0.044 seconds
[2024-06-18T13:19:33.191+0400] {processor.py:161} INFO - Started process (PID=56658) to work on /home/user/Desktop/airflowproj/py_env/lib/python3.10/site-packages/airflow/example_dags/example_short_circuit_decorator.py
[2024-06-18T13:19:33.193+0400] {processor.py:830} INFO - Processing file /home/user/Desktop/airflowproj/py_env/lib/python3.10/site-packages/airflow/example_dags/example_short_circuit_decorator.py for tasks to queue
[2024-06-18T13:19:33.194+0400] {logging_mixin.py:188} INFO - [2024-06-18T13:19:33.194+0400] {dagbag.py:545} INFO - Filling up the DagBag from /home/user/Desktop/airflowproj/py_env/lib/python3.10/site-packages/airflow/example_dags/example_short_circuit_decorator.py
[2024-06-18T13:19:33.199+0400] {processor.py:840} INFO - DAG(s) 'example_short_circuit_decorator' retrieved from /home/user/Desktop/airflowproj/py_env/lib/python3.10/site-packages/airflow/example_dags/example_short_circuit_decorator.py
[2024-06-18T13:19:33.208+0400] {logging_mixin.py:188} INFO - [2024-06-18T13:19:33.208+0400] {dag.py:3096} INFO - Sync 1 DAGs
[2024-06-18T13:19:33.218+0400] {logging_mixin.py:188} INFO - [2024-06-18T13:19:33.218+0400] {dag.py:3954} INFO - Setting next_dagrun for example_short_circuit_decorator to 2024-06-17 00:00:00+00:00, run_after=2024-06-18 00:00:00+00:00
[2024-06-18T13:19:33.230+0400] {processor.py:183} INFO - Processing /home/user/Desktop/airflowproj/py_env/lib/python3.10/site-packages/airflow/example_dags/example_short_circuit_decorator.py took 0.044 seconds
[2024-06-18T13:20:31.385+0400] {processor.py:161} INFO - Started process (PID=56860) to work on /home/user/Desktop/airflowproj/py_env/lib/python3.10/site-packages/airflow/example_dags/example_short_circuit_decorator.py
[2024-06-18T13:20:31.388+0400] {processor.py:830} INFO - Processing file /home/user/Desktop/airflowproj/py_env/lib/python3.10/site-packages/airflow/example_dags/example_short_circuit_decorator.py for tasks to queue
[2024-06-18T13:20:31.390+0400] {logging_mixin.py:188} INFO - [2024-06-18T13:20:31.390+0400] {dagbag.py:545} INFO - Filling up the DagBag from /home/user/Desktop/airflowproj/py_env/lib/python3.10/site-packages/airflow/example_dags/example_short_circuit_decorator.py
[2024-06-18T13:20:31.398+0400] {processor.py:840} INFO - DAG(s) 'example_short_circuit_decorator' retrieved from /home/user/Desktop/airflowproj/py_env/lib/python3.10/site-packages/airflow/example_dags/example_short_circuit_decorator.py
[2024-06-18T13:20:31.408+0400] {logging_mixin.py:188} INFO - [2024-06-18T13:20:31.407+0400] {dag.py:3096} INFO - Sync 1 DAGs
[2024-06-18T13:20:31.418+0400] {logging_mixin.py:188} INFO - [2024-06-18T13:20:31.418+0400] {dag.py:3954} INFO - Setting next_dagrun for example_short_circuit_decorator to 2024-06-17 00:00:00+00:00, run_after=2024-06-18 00:00:00+00:00
[2024-06-18T13:20:31.433+0400] {processor.py:183} INFO - Processing /home/user/Desktop/airflowproj/py_env/lib/python3.10/site-packages/airflow/example_dags/example_short_circuit_decorator.py took 0.053 seconds
[2024-06-18T13:21:29.781+0400] {processor.py:161} INFO - Started process (PID=57048) to work on /home/user/Desktop/airflowproj/py_env/lib/python3.10/site-packages/airflow/example_dags/example_short_circuit_decorator.py
[2024-06-18T13:21:29.783+0400] {processor.py:830} INFO - Processing file /home/user/Desktop/airflowproj/py_env/lib/python3.10/site-packages/airflow/example_dags/example_short_circuit_decorator.py for tasks to queue
[2024-06-18T13:21:29.785+0400] {logging_mixin.py:188} INFO - [2024-06-18T13:21:29.784+0400] {dagbag.py:545} INFO - Filling up the DagBag from /home/user/Desktop/airflowproj/py_env/lib/python3.10/site-packages/airflow/example_dags/example_short_circuit_decorator.py
[2024-06-18T13:21:29.793+0400] {processor.py:840} INFO - DAG(s) 'example_short_circuit_decorator' retrieved from /home/user/Desktop/airflowproj/py_env/lib/python3.10/site-packages/airflow/example_dags/example_short_circuit_decorator.py
[2024-06-18T13:21:29.802+0400] {logging_mixin.py:188} INFO - [2024-06-18T13:21:29.802+0400] {dag.py:3096} INFO - Sync 1 DAGs
[2024-06-18T13:21:29.811+0400] {logging_mixin.py:188} INFO - [2024-06-18T13:21:29.811+0400] {dag.py:3954} INFO - Setting next_dagrun for example_short_circuit_decorator to 2024-06-17 00:00:00+00:00, run_after=2024-06-18 00:00:00+00:00
[2024-06-18T13:21:29.824+0400] {processor.py:183} INFO - Processing /home/user/Desktop/airflowproj/py_env/lib/python3.10/site-packages/airflow/example_dags/example_short_circuit_decorator.py took 0.048 seconds
[2024-06-18T13:22:11.655+0400] {processor.py:161} INFO - Started process (PID=57207) to work on /home/user/Desktop/airflowproj/py_env/lib/python3.10/site-packages/airflow/example_dags/example_short_circuit_decorator.py
[2024-06-18T13:22:11.657+0400] {processor.py:830} INFO - Processing file /home/user/Desktop/airflowproj/py_env/lib/python3.10/site-packages/airflow/example_dags/example_short_circuit_decorator.py for tasks to queue
[2024-06-18T13:22:11.658+0400] {logging_mixin.py:188} INFO - [2024-06-18T13:22:11.658+0400] {dagbag.py:545} INFO - Filling up the DagBag from /home/user/Desktop/airflowproj/py_env/lib/python3.10/site-packages/airflow/example_dags/example_short_circuit_decorator.py
[2024-06-18T13:22:11.663+0400] {processor.py:840} INFO - DAG(s) 'example_short_circuit_decorator' retrieved from /home/user/Desktop/airflowproj/py_env/lib/python3.10/site-packages/airflow/example_dags/example_short_circuit_decorator.py
[2024-06-18T13:22:11.671+0400] {logging_mixin.py:188} INFO - [2024-06-18T13:22:11.671+0400] {dag.py:3096} INFO - Sync 1 DAGs
[2024-06-18T13:22:11.679+0400] {logging_mixin.py:188} INFO - [2024-06-18T13:22:11.679+0400] {dag.py:3954} INFO - Setting next_dagrun for example_short_circuit_decorator to 2024-06-17 00:00:00+00:00, run_after=2024-06-18 00:00:00+00:00
[2024-06-18T13:22:11.692+0400] {processor.py:183} INFO - Processing /home/user/Desktop/airflowproj/py_env/lib/python3.10/site-packages/airflow/example_dags/example_short_circuit_decorator.py took 0.042 seconds
[2024-06-18T13:22:50.282+0400] {processor.py:161} INFO - Started process (PID=57349) to work on /home/user/Desktop/airflowproj/py_env/lib/python3.10/site-packages/airflow/example_dags/example_short_circuit_decorator.py
[2024-06-18T13:22:50.285+0400] {processor.py:830} INFO - Processing file /home/user/Desktop/airflowproj/py_env/lib/python3.10/site-packages/airflow/example_dags/example_short_circuit_decorator.py for tasks to queue
[2024-06-18T13:22:50.286+0400] {logging_mixin.py:188} INFO - [2024-06-18T13:22:50.286+0400] {dagbag.py:545} INFO - Filling up the DagBag from /home/user/Desktop/airflowproj/py_env/lib/python3.10/site-packages/airflow/example_dags/example_short_circuit_decorator.py
[2024-06-18T13:22:50.290+0400] {processor.py:840} INFO - DAG(s) 'example_short_circuit_decorator' retrieved from /home/user/Desktop/airflowproj/py_env/lib/python3.10/site-packages/airflow/example_dags/example_short_circuit_decorator.py
[2024-06-18T13:22:50.299+0400] {logging_mixin.py:188} INFO - [2024-06-18T13:22:50.298+0400] {dag.py:3096} INFO - Sync 1 DAGs
[2024-06-18T13:22:50.307+0400] {logging_mixin.py:188} INFO - [2024-06-18T13:22:50.307+0400] {dag.py:3954} INFO - Setting next_dagrun for example_short_circuit_decorator to 2024-06-17 00:00:00+00:00, run_after=2024-06-18 00:00:00+00:00
[2024-06-18T13:22:50.320+0400] {processor.py:183} INFO - Processing /home/user/Desktop/airflowproj/py_env/lib/python3.10/site-packages/airflow/example_dags/example_short_circuit_decorator.py took 0.042 seconds
[2024-06-18T13:23:50.721+0400] {processor.py:161} INFO - Started process (PID=57562) to work on /home/user/Desktop/airflowproj/py_env/lib/python3.10/site-packages/airflow/example_dags/example_short_circuit_decorator.py
[2024-06-18T13:23:50.723+0400] {processor.py:830} INFO - Processing file /home/user/Desktop/airflowproj/py_env/lib/python3.10/site-packages/airflow/example_dags/example_short_circuit_decorator.py for tasks to queue
[2024-06-18T13:23:50.724+0400] {logging_mixin.py:188} INFO - [2024-06-18T13:23:50.724+0400] {dagbag.py:545} INFO - Filling up the DagBag from /home/user/Desktop/airflowproj/py_env/lib/python3.10/site-packages/airflow/example_dags/example_short_circuit_decorator.py
[2024-06-18T13:23:50.729+0400] {processor.py:840} INFO - DAG(s) 'example_short_circuit_decorator' retrieved from /home/user/Desktop/airflowproj/py_env/lib/python3.10/site-packages/airflow/example_dags/example_short_circuit_decorator.py
[2024-06-18T13:23:50.738+0400] {logging_mixin.py:188} INFO - [2024-06-18T13:23:50.738+0400] {dag.py:3096} INFO - Sync 1 DAGs
[2024-06-18T13:23:50.747+0400] {logging_mixin.py:188} INFO - [2024-06-18T13:23:50.747+0400] {dag.py:3954} INFO - Setting next_dagrun for example_short_circuit_decorator to 2024-06-17 00:00:00+00:00, run_after=2024-06-18 00:00:00+00:00
[2024-06-18T13:23:50.762+0400] {processor.py:183} INFO - Processing /home/user/Desktop/airflowproj/py_env/lib/python3.10/site-packages/airflow/example_dags/example_short_circuit_decorator.py took 0.045 seconds
[2024-06-18T13:24:46.583+0400] {processor.py:161} INFO - Started process (PID=57757) to work on /home/user/Desktop/airflowproj/py_env/lib/python3.10/site-packages/airflow/example_dags/example_short_circuit_decorator.py
[2024-06-18T13:24:46.585+0400] {processor.py:830} INFO - Processing file /home/user/Desktop/airflowproj/py_env/lib/python3.10/site-packages/airflow/example_dags/example_short_circuit_decorator.py for tasks to queue
[2024-06-18T13:24:46.587+0400] {logging_mixin.py:188} INFO - [2024-06-18T13:24:46.586+0400] {dagbag.py:545} INFO - Filling up the DagBag from /home/user/Desktop/airflowproj/py_env/lib/python3.10/site-packages/airflow/example_dags/example_short_circuit_decorator.py
[2024-06-18T13:24:46.592+0400] {processor.py:840} INFO - DAG(s) 'example_short_circuit_decorator' retrieved from /home/user/Desktop/airflowproj/py_env/lib/python3.10/site-packages/airflow/example_dags/example_short_circuit_decorator.py
[2024-06-18T13:24:46.600+0400] {logging_mixin.py:188} INFO - [2024-06-18T13:24:46.600+0400] {dag.py:3096} INFO - Sync 1 DAGs
[2024-06-18T13:24:46.609+0400] {logging_mixin.py:188} INFO - [2024-06-18T13:24:46.609+0400] {dag.py:3954} INFO - Setting next_dagrun for example_short_circuit_decorator to 2024-06-17 00:00:00+00:00, run_after=2024-06-18 00:00:00+00:00
[2024-06-18T13:24:46.622+0400] {processor.py:183} INFO - Processing /home/user/Desktop/airflowproj/py_env/lib/python3.10/site-packages/airflow/example_dags/example_short_circuit_decorator.py took 0.044 seconds
[2024-06-18T13:25:44.023+0400] {processor.py:161} INFO - Started process (PID=57952) to work on /home/user/Desktop/airflowproj/py_env/lib/python3.10/site-packages/airflow/example_dags/example_short_circuit_decorator.py
[2024-06-18T13:25:44.024+0400] {processor.py:830} INFO - Processing file /home/user/Desktop/airflowproj/py_env/lib/python3.10/site-packages/airflow/example_dags/example_short_circuit_decorator.py for tasks to queue
[2024-06-18T13:25:44.025+0400] {logging_mixin.py:188} INFO - [2024-06-18T13:25:44.024+0400] {dagbag.py:545} INFO - Filling up the DagBag from /home/user/Desktop/airflowproj/py_env/lib/python3.10/site-packages/airflow/example_dags/example_short_circuit_decorator.py
[2024-06-18T13:25:44.029+0400] {processor.py:840} INFO - DAG(s) 'example_short_circuit_decorator' retrieved from /home/user/Desktop/airflowproj/py_env/lib/python3.10/site-packages/airflow/example_dags/example_short_circuit_decorator.py
[2024-06-18T13:25:44.039+0400] {logging_mixin.py:188} INFO - [2024-06-18T13:25:44.039+0400] {dag.py:3096} INFO - Sync 1 DAGs
[2024-06-18T13:25:44.049+0400] {logging_mixin.py:188} INFO - [2024-06-18T13:25:44.049+0400] {dag.py:3954} INFO - Setting next_dagrun for example_short_circuit_decorator to 2024-06-17 00:00:00+00:00, run_after=2024-06-18 00:00:00+00:00
[2024-06-18T13:25:44.062+0400] {processor.py:183} INFO - Processing /home/user/Desktop/airflowproj/py_env/lib/python3.10/site-packages/airflow/example_dags/example_short_circuit_decorator.py took 0.046 seconds
[2024-06-18T13:26:23.715+0400] {processor.py:161} INFO - Started process (PID=58091) to work on /home/user/Desktop/airflowproj/py_env/lib/python3.10/site-packages/airflow/example_dags/example_short_circuit_decorator.py
[2024-06-18T13:26:23.717+0400] {processor.py:830} INFO - Processing file /home/user/Desktop/airflowproj/py_env/lib/python3.10/site-packages/airflow/example_dags/example_short_circuit_decorator.py for tasks to queue
[2024-06-18T13:26:23.719+0400] {logging_mixin.py:188} INFO - [2024-06-18T13:26:23.718+0400] {dagbag.py:545} INFO - Filling up the DagBag from /home/user/Desktop/airflowproj/py_env/lib/python3.10/site-packages/airflow/example_dags/example_short_circuit_decorator.py
[2024-06-18T13:26:23.723+0400] {processor.py:840} INFO - DAG(s) 'example_short_circuit_decorator' retrieved from /home/user/Desktop/airflowproj/py_env/lib/python3.10/site-packages/airflow/example_dags/example_short_circuit_decorator.py
[2024-06-18T13:26:23.732+0400] {logging_mixin.py:188} INFO - [2024-06-18T13:26:23.732+0400] {dag.py:3096} INFO - Sync 1 DAGs
[2024-06-18T13:26:23.741+0400] {logging_mixin.py:188} INFO - [2024-06-18T13:26:23.741+0400] {dag.py:3954} INFO - Setting next_dagrun for example_short_circuit_decorator to 2024-06-17 00:00:00+00:00, run_after=2024-06-18 00:00:00+00:00
[2024-06-18T13:26:23.753+0400] {processor.py:183} INFO - Processing /home/user/Desktop/airflowproj/py_env/lib/python3.10/site-packages/airflow/example_dags/example_short_circuit_decorator.py took 0.042 seconds
[2024-06-18T13:27:21.419+0400] {processor.py:161} INFO - Started process (PID=58276) to work on /home/user/Desktop/airflowproj/py_env/lib/python3.10/site-packages/airflow/example_dags/example_short_circuit_decorator.py
[2024-06-18T13:27:21.422+0400] {processor.py:830} INFO - Processing file /home/user/Desktop/airflowproj/py_env/lib/python3.10/site-packages/airflow/example_dags/example_short_circuit_decorator.py for tasks to queue
[2024-06-18T13:27:21.423+0400] {logging_mixin.py:188} INFO - [2024-06-18T13:27:21.422+0400] {dagbag.py:545} INFO - Filling up the DagBag from /home/user/Desktop/airflowproj/py_env/lib/python3.10/site-packages/airflow/example_dags/example_short_circuit_decorator.py
[2024-06-18T13:27:21.427+0400] {processor.py:840} INFO - DAG(s) 'example_short_circuit_decorator' retrieved from /home/user/Desktop/airflowproj/py_env/lib/python3.10/site-packages/airflow/example_dags/example_short_circuit_decorator.py
[2024-06-18T13:27:21.437+0400] {logging_mixin.py:188} INFO - [2024-06-18T13:27:21.437+0400] {dag.py:3096} INFO - Sync 1 DAGs
[2024-06-18T13:27:21.445+0400] {logging_mixin.py:188} INFO - [2024-06-18T13:27:21.445+0400] {dag.py:3954} INFO - Setting next_dagrun for example_short_circuit_decorator to 2024-06-17 00:00:00+00:00, run_after=2024-06-18 00:00:00+00:00
[2024-06-18T13:27:21.460+0400] {processor.py:183} INFO - Processing /home/user/Desktop/airflowproj/py_env/lib/python3.10/site-packages/airflow/example_dags/example_short_circuit_decorator.py took 0.046 seconds
[2024-06-18T13:28:16.637+0400] {processor.py:161} INFO - Started process (PID=58509) to work on /home/user/Desktop/airflowproj/py_env/lib/python3.10/site-packages/airflow/example_dags/example_short_circuit_decorator.py
[2024-06-18T13:28:16.639+0400] {processor.py:830} INFO - Processing file /home/user/Desktop/airflowproj/py_env/lib/python3.10/site-packages/airflow/example_dags/example_short_circuit_decorator.py for tasks to queue
[2024-06-18T13:28:16.640+0400] {logging_mixin.py:188} INFO - [2024-06-18T13:28:16.640+0400] {dagbag.py:545} INFO - Filling up the DagBag from /home/user/Desktop/airflowproj/py_env/lib/python3.10/site-packages/airflow/example_dags/example_short_circuit_decorator.py
[2024-06-18T13:28:16.645+0400] {processor.py:840} INFO - DAG(s) 'example_short_circuit_decorator' retrieved from /home/user/Desktop/airflowproj/py_env/lib/python3.10/site-packages/airflow/example_dags/example_short_circuit_decorator.py
[2024-06-18T13:28:16.654+0400] {logging_mixin.py:188} INFO - [2024-06-18T13:28:16.654+0400] {dag.py:3096} INFO - Sync 1 DAGs
[2024-06-18T13:28:16.663+0400] {logging_mixin.py:188} INFO - [2024-06-18T13:28:16.663+0400] {dag.py:3954} INFO - Setting next_dagrun for example_short_circuit_decorator to 2024-06-17 00:00:00+00:00, run_after=2024-06-18 00:00:00+00:00
[2024-06-18T13:28:16.676+0400] {processor.py:183} INFO - Processing /home/user/Desktop/airflowproj/py_env/lib/python3.10/site-packages/airflow/example_dags/example_short_circuit_decorator.py took 0.044 seconds
[2024-06-18T13:28:55.469+0400] {processor.py:161} INFO - Started process (PID=58650) to work on /home/user/Desktop/airflowproj/py_env/lib/python3.10/site-packages/airflow/example_dags/example_short_circuit_decorator.py
[2024-06-18T13:28:55.471+0400] {processor.py:830} INFO - Processing file /home/user/Desktop/airflowproj/py_env/lib/python3.10/site-packages/airflow/example_dags/example_short_circuit_decorator.py for tasks to queue
[2024-06-18T13:28:55.472+0400] {logging_mixin.py:188} INFO - [2024-06-18T13:28:55.472+0400] {dagbag.py:545} INFO - Filling up the DagBag from /home/user/Desktop/airflowproj/py_env/lib/python3.10/site-packages/airflow/example_dags/example_short_circuit_decorator.py
[2024-06-18T13:28:55.477+0400] {processor.py:840} INFO - DAG(s) 'example_short_circuit_decorator' retrieved from /home/user/Desktop/airflowproj/py_env/lib/python3.10/site-packages/airflow/example_dags/example_short_circuit_decorator.py
[2024-06-18T13:28:55.485+0400] {logging_mixin.py:188} INFO - [2024-06-18T13:28:55.485+0400] {dag.py:3096} INFO - Sync 1 DAGs
[2024-06-18T13:28:55.493+0400] {logging_mixin.py:188} INFO - [2024-06-18T13:28:55.493+0400] {dag.py:3954} INFO - Setting next_dagrun for example_short_circuit_decorator to 2024-06-17 00:00:00+00:00, run_after=2024-06-18 00:00:00+00:00
[2024-06-18T13:28:55.506+0400] {processor.py:183} INFO - Processing /home/user/Desktop/airflowproj/py_env/lib/python3.10/site-packages/airflow/example_dags/example_short_circuit_decorator.py took 0.042 seconds
[2024-06-18T13:29:50.808+0400] {processor.py:161} INFO - Started process (PID=58835) to work on /home/user/Desktop/airflowproj/py_env/lib/python3.10/site-packages/airflow/example_dags/example_short_circuit_decorator.py
[2024-06-18T13:29:50.809+0400] {processor.py:830} INFO - Processing file /home/user/Desktop/airflowproj/py_env/lib/python3.10/site-packages/airflow/example_dags/example_short_circuit_decorator.py for tasks to queue
[2024-06-18T13:29:50.809+0400] {logging_mixin.py:188} INFO - [2024-06-18T13:29:50.809+0400] {dagbag.py:545} INFO - Filling up the DagBag from /home/user/Desktop/airflowproj/py_env/lib/python3.10/site-packages/airflow/example_dags/example_short_circuit_decorator.py
[2024-06-18T13:29:50.814+0400] {processor.py:840} INFO - DAG(s) 'example_short_circuit_decorator' retrieved from /home/user/Desktop/airflowproj/py_env/lib/python3.10/site-packages/airflow/example_dags/example_short_circuit_decorator.py
[2024-06-18T13:29:50.822+0400] {logging_mixin.py:188} INFO - [2024-06-18T13:29:50.822+0400] {dag.py:3096} INFO - Sync 1 DAGs
[2024-06-18T13:29:50.831+0400] {logging_mixin.py:188} INFO - [2024-06-18T13:29:50.831+0400] {dag.py:3954} INFO - Setting next_dagrun for example_short_circuit_decorator to 2024-06-17 00:00:00+00:00, run_after=2024-06-18 00:00:00+00:00
[2024-06-18T13:29:50.843+0400] {processor.py:183} INFO - Processing /home/user/Desktop/airflowproj/py_env/lib/python3.10/site-packages/airflow/example_dags/example_short_circuit_decorator.py took 0.040 seconds
[2024-06-18T13:30:50.068+0400] {processor.py:161} INFO - Started process (PID=59124) to work on /home/user/Desktop/airflowproj/py_env/lib/python3.10/site-packages/airflow/example_dags/example_short_circuit_decorator.py
[2024-06-18T13:30:50.070+0400] {processor.py:830} INFO - Processing file /home/user/Desktop/airflowproj/py_env/lib/python3.10/site-packages/airflow/example_dags/example_short_circuit_decorator.py for tasks to queue
[2024-06-18T13:30:50.071+0400] {logging_mixin.py:188} INFO - [2024-06-18T13:30:50.070+0400] {dagbag.py:545} INFO - Filling up the DagBag from /home/user/Desktop/airflowproj/py_env/lib/python3.10/site-packages/airflow/example_dags/example_short_circuit_decorator.py
[2024-06-18T13:30:50.075+0400] {processor.py:840} INFO - DAG(s) 'example_short_circuit_decorator' retrieved from /home/user/Desktop/airflowproj/py_env/lib/python3.10/site-packages/airflow/example_dags/example_short_circuit_decorator.py
[2024-06-18T13:30:50.084+0400] {logging_mixin.py:188} INFO - [2024-06-18T13:30:50.083+0400] {dag.py:3096} INFO - Sync 1 DAGs
[2024-06-18T13:30:50.092+0400] {logging_mixin.py:188} INFO - [2024-06-18T13:30:50.092+0400] {dag.py:3954} INFO - Setting next_dagrun for example_short_circuit_decorator to 2024-06-17 00:00:00+00:00, run_after=2024-06-18 00:00:00+00:00
[2024-06-18T13:30:50.106+0400] {processor.py:183} INFO - Processing /home/user/Desktop/airflowproj/py_env/lib/python3.10/site-packages/airflow/example_dags/example_short_circuit_decorator.py took 0.043 seconds
[2024-06-18T13:31:30.620+0400] {processor.py:161} INFO - Started process (PID=59288) to work on /home/user/Desktop/airflowproj/py_env/lib/python3.10/site-packages/airflow/example_dags/example_short_circuit_decorator.py
[2024-06-18T13:31:30.622+0400] {processor.py:830} INFO - Processing file /home/user/Desktop/airflowproj/py_env/lib/python3.10/site-packages/airflow/example_dags/example_short_circuit_decorator.py for tasks to queue
[2024-06-18T13:31:30.623+0400] {logging_mixin.py:188} INFO - [2024-06-18T13:31:30.623+0400] {dagbag.py:545} INFO - Filling up the DagBag from /home/user/Desktop/airflowproj/py_env/lib/python3.10/site-packages/airflow/example_dags/example_short_circuit_decorator.py
[2024-06-18T13:31:30.627+0400] {processor.py:840} INFO - DAG(s) 'example_short_circuit_decorator' retrieved from /home/user/Desktop/airflowproj/py_env/lib/python3.10/site-packages/airflow/example_dags/example_short_circuit_decorator.py
[2024-06-18T13:31:30.635+0400] {logging_mixin.py:188} INFO - [2024-06-18T13:31:30.635+0400] {dag.py:3096} INFO - Sync 1 DAGs
[2024-06-18T13:31:30.643+0400] {logging_mixin.py:188} INFO - [2024-06-18T13:31:30.643+0400] {dag.py:3954} INFO - Setting next_dagrun for example_short_circuit_decorator to 2024-06-17 00:00:00+00:00, run_after=2024-06-18 00:00:00+00:00
[2024-06-18T13:31:30.656+0400] {processor.py:183} INFO - Processing /home/user/Desktop/airflowproj/py_env/lib/python3.10/site-packages/airflow/example_dags/example_short_circuit_decorator.py took 0.039 seconds
[2024-06-18T13:32:14.542+0400] {processor.py:161} INFO - Started process (PID=59609) to work on /home/user/Desktop/airflowproj/py_env/lib/python3.10/site-packages/airflow/example_dags/example_short_circuit_decorator.py
[2024-06-18T13:32:14.544+0400] {processor.py:830} INFO - Processing file /home/user/Desktop/airflowproj/py_env/lib/python3.10/site-packages/airflow/example_dags/example_short_circuit_decorator.py for tasks to queue
[2024-06-18T13:32:14.545+0400] {logging_mixin.py:188} INFO - [2024-06-18T13:32:14.545+0400] {dagbag.py:545} INFO - Filling up the DagBag from /home/user/Desktop/airflowproj/py_env/lib/python3.10/site-packages/airflow/example_dags/example_short_circuit_decorator.py
[2024-06-18T13:32:14.550+0400] {processor.py:840} INFO - DAG(s) 'example_short_circuit_decorator' retrieved from /home/user/Desktop/airflowproj/py_env/lib/python3.10/site-packages/airflow/example_dags/example_short_circuit_decorator.py
[2024-06-18T13:32:14.558+0400] {logging_mixin.py:188} INFO - [2024-06-18T13:32:14.558+0400] {dag.py:3096} INFO - Sync 1 DAGs
[2024-06-18T13:32:14.566+0400] {logging_mixin.py:188} INFO - [2024-06-18T13:32:14.566+0400] {dag.py:3954} INFO - Setting next_dagrun for example_short_circuit_decorator to 2024-06-17 00:00:00+00:00, run_after=2024-06-18 00:00:00+00:00
[2024-06-18T13:32:14.581+0400] {processor.py:183} INFO - Processing /home/user/Desktop/airflowproj/py_env/lib/python3.10/site-packages/airflow/example_dags/example_short_circuit_decorator.py took 0.043 seconds
