[2024-06-18T12:40:47.319+0400] {processor.py:161} INFO - Started process (PID=45747) to work on /home/user/Desktop/airflowproj/py_env/lib/python3.10/site-packages/airflow/example_dags/example_bash_operator.py
[2024-06-18T12:40:47.320+0400] {processor.py:830} INFO - Processing file /home/user/Desktop/airflowproj/py_env/lib/python3.10/site-packages/airflow/example_dags/example_bash_operator.py for tasks to queue
[2024-06-18T12:40:47.321+0400] {logging_mixin.py:188} INFO - [2024-06-18T12:40:47.320+0400] {dagbag.py:545} INFO - Filling up the DagBag from /home/user/Desktop/airflowproj/py_env/lib/python3.10/site-packages/airflow/example_dags/example_bash_operator.py
[2024-06-18T12:40:47.329+0400] {processor.py:840} INFO - DAG(s) 'example_bash_operator' retrieved from /home/user/Desktop/airflowproj/py_env/lib/python3.10/site-packages/airflow/example_dags/example_bash_operator.py
[2024-06-18T12:40:47.418+0400] {logging_mixin.py:188} INFO - [2024-06-18T12:40:47.417+0400] {override.py:1829} INFO - Created Permission View: can edit on DAG:example_bash_operator
[2024-06-18T12:40:47.431+0400] {logging_mixin.py:188} INFO - [2024-06-18T12:40:47.431+0400] {override.py:1829} INFO - Created Permission View: can read on DAG:example_bash_operator
[2024-06-18T12:40:47.443+0400] {logging_mixin.py:188} INFO - [2024-06-18T12:40:47.443+0400] {override.py:1829} INFO - Created Permission View: can delete on DAG:example_bash_operator
[2024-06-18T12:40:47.443+0400] {logging_mixin.py:188} INFO - [2024-06-18T12:40:47.443+0400] {dag.py:3096} INFO - Sync 1 DAGs
[2024-06-18T12:40:47.523+0400] {logging_mixin.py:188} INFO - [2024-06-18T12:40:47.523+0400] {dag.py:3118} INFO - Creating ORM DAG for example_bash_operator
[2024-06-18T12:40:47.531+0400] {logging_mixin.py:188} INFO - [2024-06-18T12:40:47.531+0400] {dag.py:3954} INFO - Setting next_dagrun for example_bash_operator to 2024-06-17 00:00:00+00:00, run_after=2024-06-18 00:00:00+00:00
[2024-06-18T12:40:47.554+0400] {processor.py:183} INFO - Processing /home/user/Desktop/airflowproj/py_env/lib/python3.10/site-packages/airflow/example_dags/example_bash_operator.py took 0.239 seconds
[2024-06-18T12:43:22.037+0400] {processor.py:161} INFO - Started process (PID=46688) to work on /home/user/Desktop/airflowproj/py_env/lib/python3.10/site-packages/airflow/example_dags/example_bash_operator.py
[2024-06-18T12:43:22.039+0400] {processor.py:830} INFO - Processing file /home/user/Desktop/airflowproj/py_env/lib/python3.10/site-packages/airflow/example_dags/example_bash_operator.py for tasks to queue
[2024-06-18T12:43:22.040+0400] {logging_mixin.py:188} INFO - [2024-06-18T12:43:22.040+0400] {dagbag.py:545} INFO - Filling up the DagBag from /home/user/Desktop/airflowproj/py_env/lib/python3.10/site-packages/airflow/example_dags/example_bash_operator.py
[2024-06-18T12:43:22.047+0400] {processor.py:840} INFO - DAG(s) 'example_bash_operator' retrieved from /home/user/Desktop/airflowproj/py_env/lib/python3.10/site-packages/airflow/example_dags/example_bash_operator.py
[2024-06-18T12:43:22.059+0400] {logging_mixin.py:188} INFO - [2024-06-18T12:43:22.059+0400] {dag.py:3096} INFO - Sync 1 DAGs
[2024-06-18T12:43:22.070+0400] {logging_mixin.py:188} INFO - [2024-06-18T12:43:22.070+0400] {dag.py:3954} INFO - Setting next_dagrun for example_bash_operator to 2024-06-17 00:00:00+00:00, run_after=2024-06-18 00:00:00+00:00
[2024-06-18T12:43:22.085+0400] {processor.py:183} INFO - Processing /home/user/Desktop/airflowproj/py_env/lib/python3.10/site-packages/airflow/example_dags/example_bash_operator.py took 0.051 seconds
[2024-06-18T12:44:27.893+0400] {processor.py:161} INFO - Started process (PID=46873) to work on /home/user/Desktop/airflowproj/py_env/lib/python3.10/site-packages/airflow/example_dags/example_bash_operator.py
[2024-06-18T12:44:27.896+0400] {processor.py:830} INFO - Processing file /home/user/Desktop/airflowproj/py_env/lib/python3.10/site-packages/airflow/example_dags/example_bash_operator.py for tasks to queue
[2024-06-18T12:44:27.897+0400] {logging_mixin.py:188} INFO - [2024-06-18T12:44:27.897+0400] {dagbag.py:545} INFO - Filling up the DagBag from /home/user/Desktop/airflowproj/py_env/lib/python3.10/site-packages/airflow/example_dags/example_bash_operator.py
[2024-06-18T12:44:27.906+0400] {processor.py:840} INFO - DAG(s) 'example_bash_operator' retrieved from /home/user/Desktop/airflowproj/py_env/lib/python3.10/site-packages/airflow/example_dags/example_bash_operator.py
[2024-06-18T12:44:27.919+0400] {logging_mixin.py:188} INFO - [2024-06-18T12:44:27.919+0400] {dag.py:3096} INFO - Sync 1 DAGs
[2024-06-18T12:44:27.985+0400] {logging_mixin.py:188} INFO - [2024-06-18T12:44:27.985+0400] {dag.py:3954} INFO - Setting next_dagrun for example_bash_operator to 2024-06-17 00:00:00+00:00, run_after=2024-06-18 00:00:00+00:00
[2024-06-18T12:44:27.998+0400] {processor.py:183} INFO - Processing /home/user/Desktop/airflowproj/py_env/lib/python3.10/site-packages/airflow/example_dags/example_bash_operator.py took 0.110 seconds
[2024-06-18T12:45:27.509+0400] {processor.py:161} INFO - Started process (PID=47017) to work on /home/user/Desktop/airflowproj/py_env/lib/python3.10/site-packages/airflow/example_dags/example_bash_operator.py
[2024-06-18T12:45:27.510+0400] {processor.py:830} INFO - Processing file /home/user/Desktop/airflowproj/py_env/lib/python3.10/site-packages/airflow/example_dags/example_bash_operator.py for tasks to queue
[2024-06-18T12:45:27.511+0400] {logging_mixin.py:188} INFO - [2024-06-18T12:45:27.511+0400] {dagbag.py:545} INFO - Filling up the DagBag from /home/user/Desktop/airflowproj/py_env/lib/python3.10/site-packages/airflow/example_dags/example_bash_operator.py
[2024-06-18T12:45:27.517+0400] {processor.py:840} INFO - DAG(s) 'example_bash_operator' retrieved from /home/user/Desktop/airflowproj/py_env/lib/python3.10/site-packages/airflow/example_dags/example_bash_operator.py
[2024-06-18T12:45:27.529+0400] {logging_mixin.py:188} INFO - [2024-06-18T12:45:27.529+0400] {dag.py:3096} INFO - Sync 1 DAGs
[2024-06-18T12:45:27.539+0400] {logging_mixin.py:188} INFO - [2024-06-18T12:45:27.539+0400] {dag.py:3954} INFO - Setting next_dagrun for example_bash_operator to 2024-06-17 00:00:00+00:00, run_after=2024-06-18 00:00:00+00:00
[2024-06-18T12:45:27.553+0400] {processor.py:183} INFO - Processing /home/user/Desktop/airflowproj/py_env/lib/python3.10/site-packages/airflow/example_dags/example_bash_operator.py took 0.048 seconds
[2024-06-18T12:46:29.011+0400] {processor.py:161} INFO - Started process (PID=47205) to work on /home/user/Desktop/airflowproj/py_env/lib/python3.10/site-packages/airflow/example_dags/example_bash_operator.py
[2024-06-18T12:46:29.013+0400] {processor.py:830} INFO - Processing file /home/user/Desktop/airflowproj/py_env/lib/python3.10/site-packages/airflow/example_dags/example_bash_operator.py for tasks to queue
[2024-06-18T12:46:29.014+0400] {logging_mixin.py:188} INFO - [2024-06-18T12:46:29.014+0400] {dagbag.py:545} INFO - Filling up the DagBag from /home/user/Desktop/airflowproj/py_env/lib/python3.10/site-packages/airflow/example_dags/example_bash_operator.py
[2024-06-18T12:46:29.020+0400] {processor.py:840} INFO - DAG(s) 'example_bash_operator' retrieved from /home/user/Desktop/airflowproj/py_env/lib/python3.10/site-packages/airflow/example_dags/example_bash_operator.py
[2024-06-18T12:46:29.032+0400] {logging_mixin.py:188} INFO - [2024-06-18T12:46:29.032+0400] {dag.py:3096} INFO - Sync 1 DAGs
[2024-06-18T12:46:29.041+0400] {logging_mixin.py:188} INFO - [2024-06-18T12:46:29.041+0400] {dag.py:3954} INFO - Setting next_dagrun for example_bash_operator to 2024-06-17 00:00:00+00:00, run_after=2024-06-18 00:00:00+00:00
[2024-06-18T12:46:29.054+0400] {processor.py:183} INFO - Processing /home/user/Desktop/airflowproj/py_env/lib/python3.10/site-packages/airflow/example_dags/example_bash_operator.py took 0.051 seconds
[2024-06-18T12:47:25.609+0400] {processor.py:161} INFO - Started process (PID=47956) to work on /home/user/Desktop/airflowproj/py_env/lib/python3.10/site-packages/airflow/example_dags/example_bash_operator.py
[2024-06-18T12:47:25.611+0400] {processor.py:830} INFO - Processing file /home/user/Desktop/airflowproj/py_env/lib/python3.10/site-packages/airflow/example_dags/example_bash_operator.py for tasks to queue
[2024-06-18T12:47:25.612+0400] {logging_mixin.py:188} INFO - [2024-06-18T12:47:25.612+0400] {dagbag.py:545} INFO - Filling up the DagBag from /home/user/Desktop/airflowproj/py_env/lib/python3.10/site-packages/airflow/example_dags/example_bash_operator.py
[2024-06-18T12:47:25.618+0400] {processor.py:840} INFO - DAG(s) 'example_bash_operator' retrieved from /home/user/Desktop/airflowproj/py_env/lib/python3.10/site-packages/airflow/example_dags/example_bash_operator.py
[2024-06-18T12:47:25.629+0400] {logging_mixin.py:188} INFO - [2024-06-18T12:47:25.629+0400] {dag.py:3096} INFO - Sync 1 DAGs
[2024-06-18T12:47:25.639+0400] {logging_mixin.py:188} INFO - [2024-06-18T12:47:25.639+0400] {dag.py:3954} INFO - Setting next_dagrun for example_bash_operator to 2024-06-17 00:00:00+00:00, run_after=2024-06-18 00:00:00+00:00
[2024-06-18T12:47:25.653+0400] {processor.py:183} INFO - Processing /home/user/Desktop/airflowproj/py_env/lib/python3.10/site-packages/airflow/example_dags/example_bash_operator.py took 0.050 seconds
[2024-06-18T12:48:22.075+0400] {processor.py:161} INFO - Started process (PID=48279) to work on /home/user/Desktop/airflowproj/py_env/lib/python3.10/site-packages/airflow/example_dags/example_bash_operator.py
[2024-06-18T12:48:22.076+0400] {processor.py:830} INFO - Processing file /home/user/Desktop/airflowproj/py_env/lib/python3.10/site-packages/airflow/example_dags/example_bash_operator.py for tasks to queue
[2024-06-18T12:48:22.077+0400] {logging_mixin.py:188} INFO - [2024-06-18T12:48:22.077+0400] {dagbag.py:545} INFO - Filling up the DagBag from /home/user/Desktop/airflowproj/py_env/lib/python3.10/site-packages/airflow/example_dags/example_bash_operator.py
[2024-06-18T12:48:22.084+0400] {processor.py:840} INFO - DAG(s) 'example_bash_operator' retrieved from /home/user/Desktop/airflowproj/py_env/lib/python3.10/site-packages/airflow/example_dags/example_bash_operator.py
[2024-06-18T12:48:22.096+0400] {logging_mixin.py:188} INFO - [2024-06-18T12:48:22.096+0400] {dag.py:3096} INFO - Sync 1 DAGs
[2024-06-18T12:48:22.109+0400] {logging_mixin.py:188} INFO - [2024-06-18T12:48:22.109+0400] {dag.py:3954} INFO - Setting next_dagrun for example_bash_operator to 2024-06-17 00:00:00+00:00, run_after=2024-06-18 00:00:00+00:00
[2024-06-18T12:48:22.123+0400] {processor.py:183} INFO - Processing /home/user/Desktop/airflowproj/py_env/lib/python3.10/site-packages/airflow/example_dags/example_bash_operator.py took 0.051 seconds
[2024-06-18T12:49:12.632+0400] {processor.py:161} INFO - Started process (PID=48610) to work on /home/user/Desktop/airflowproj/py_env/lib/python3.10/site-packages/airflow/example_dags/example_bash_operator.py
[2024-06-18T12:49:12.634+0400] {processor.py:830} INFO - Processing file /home/user/Desktop/airflowproj/py_env/lib/python3.10/site-packages/airflow/example_dags/example_bash_operator.py for tasks to queue
[2024-06-18T12:49:12.634+0400] {logging_mixin.py:188} INFO - [2024-06-18T12:49:12.634+0400] {dagbag.py:545} INFO - Filling up the DagBag from /home/user/Desktop/airflowproj/py_env/lib/python3.10/site-packages/airflow/example_dags/example_bash_operator.py
[2024-06-18T12:49:12.641+0400] {processor.py:840} INFO - DAG(s) 'example_bash_operator' retrieved from /home/user/Desktop/airflowproj/py_env/lib/python3.10/site-packages/airflow/example_dags/example_bash_operator.py
[2024-06-18T12:49:12.654+0400] {logging_mixin.py:188} INFO - [2024-06-18T12:49:12.653+0400] {dag.py:3096} INFO - Sync 1 DAGs
[2024-06-18T12:49:12.663+0400] {logging_mixin.py:188} INFO - [2024-06-18T12:49:12.663+0400] {dag.py:3954} INFO - Setting next_dagrun for example_bash_operator to 2024-06-17 00:00:00+00:00, run_after=2024-06-18 00:00:00+00:00
[2024-06-18T12:49:12.678+0400] {processor.py:183} INFO - Processing /home/user/Desktop/airflowproj/py_env/lib/python3.10/site-packages/airflow/example_dags/example_bash_operator.py took 0.050 seconds
[2024-06-18T12:50:13.331+0400] {processor.py:161} INFO - Started process (PID=48781) to work on /home/user/Desktop/airflowproj/py_env/lib/python3.10/site-packages/airflow/example_dags/example_bash_operator.py
[2024-06-18T12:50:13.333+0400] {processor.py:830} INFO - Processing file /home/user/Desktop/airflowproj/py_env/lib/python3.10/site-packages/airflow/example_dags/example_bash_operator.py for tasks to queue
[2024-06-18T12:50:13.334+0400] {logging_mixin.py:188} INFO - [2024-06-18T12:50:13.334+0400] {dagbag.py:545} INFO - Filling up the DagBag from /home/user/Desktop/airflowproj/py_env/lib/python3.10/site-packages/airflow/example_dags/example_bash_operator.py
[2024-06-18T12:50:13.340+0400] {processor.py:840} INFO - DAG(s) 'example_bash_operator' retrieved from /home/user/Desktop/airflowproj/py_env/lib/python3.10/site-packages/airflow/example_dags/example_bash_operator.py
[2024-06-18T12:50:13.350+0400] {logging_mixin.py:188} INFO - [2024-06-18T12:50:13.350+0400] {dag.py:3096} INFO - Sync 1 DAGs
[2024-06-18T12:50:13.360+0400] {logging_mixin.py:188} INFO - [2024-06-18T12:50:13.359+0400] {dag.py:3954} INFO - Setting next_dagrun for example_bash_operator to 2024-06-17 00:00:00+00:00, run_after=2024-06-18 00:00:00+00:00
[2024-06-18T12:50:13.372+0400] {processor.py:183} INFO - Processing /home/user/Desktop/airflowproj/py_env/lib/python3.10/site-packages/airflow/example_dags/example_bash_operator.py took 0.044 seconds
[2024-06-18T12:51:13.275+0400] {processor.py:161} INFO - Started process (PID=48993) to work on /home/user/Desktop/airflowproj/py_env/lib/python3.10/site-packages/airflow/example_dags/example_bash_operator.py
[2024-06-18T12:51:13.277+0400] {processor.py:830} INFO - Processing file /home/user/Desktop/airflowproj/py_env/lib/python3.10/site-packages/airflow/example_dags/example_bash_operator.py for tasks to queue
[2024-06-18T12:51:13.278+0400] {logging_mixin.py:188} INFO - [2024-06-18T12:51:13.277+0400] {dagbag.py:545} INFO - Filling up the DagBag from /home/user/Desktop/airflowproj/py_env/lib/python3.10/site-packages/airflow/example_dags/example_bash_operator.py
[2024-06-18T12:51:13.284+0400] {processor.py:840} INFO - DAG(s) 'example_bash_operator' retrieved from /home/user/Desktop/airflowproj/py_env/lib/python3.10/site-packages/airflow/example_dags/example_bash_operator.py
[2024-06-18T12:51:13.294+0400] {logging_mixin.py:188} INFO - [2024-06-18T12:51:13.294+0400] {dag.py:3096} INFO - Sync 1 DAGs
[2024-06-18T12:51:13.303+0400] {logging_mixin.py:188} INFO - [2024-06-18T12:51:13.302+0400] {dag.py:3954} INFO - Setting next_dagrun for example_bash_operator to 2024-06-17 00:00:00+00:00, run_after=2024-06-18 00:00:00+00:00
[2024-06-18T12:51:13.316+0400] {processor.py:183} INFO - Processing /home/user/Desktop/airflowproj/py_env/lib/python3.10/site-packages/airflow/example_dags/example_bash_operator.py took 0.044 seconds
[2024-06-18T12:52:11.884+0400] {processor.py:161} INFO - Started process (PID=49175) to work on /home/user/Desktop/airflowproj/py_env/lib/python3.10/site-packages/airflow/example_dags/example_bash_operator.py
[2024-06-18T12:52:11.886+0400] {processor.py:830} INFO - Processing file /home/user/Desktop/airflowproj/py_env/lib/python3.10/site-packages/airflow/example_dags/example_bash_operator.py for tasks to queue
[2024-06-18T12:52:11.888+0400] {logging_mixin.py:188} INFO - [2024-06-18T12:52:11.887+0400] {dagbag.py:545} INFO - Filling up the DagBag from /home/user/Desktop/airflowproj/py_env/lib/python3.10/site-packages/airflow/example_dags/example_bash_operator.py
[2024-06-18T12:52:11.896+0400] {processor.py:840} INFO - DAG(s) 'example_bash_operator' retrieved from /home/user/Desktop/airflowproj/py_env/lib/python3.10/site-packages/airflow/example_dags/example_bash_operator.py
[2024-06-18T12:52:11.908+0400] {logging_mixin.py:188} INFO - [2024-06-18T12:52:11.908+0400] {dag.py:3096} INFO - Sync 1 DAGs
[2024-06-18T12:52:11.917+0400] {logging_mixin.py:188} INFO - [2024-06-18T12:52:11.917+0400] {dag.py:3954} INFO - Setting next_dagrun for example_bash_operator to 2024-06-17 00:00:00+00:00, run_after=2024-06-18 00:00:00+00:00
[2024-06-18T12:52:11.931+0400] {processor.py:183} INFO - Processing /home/user/Desktop/airflowproj/py_env/lib/python3.10/site-packages/airflow/example_dags/example_bash_operator.py took 0.050 seconds
[2024-06-18T12:53:10.164+0400] {processor.py:161} INFO - Started process (PID=49467) to work on /home/user/Desktop/airflowproj/py_env/lib/python3.10/site-packages/airflow/example_dags/example_bash_operator.py
[2024-06-18T12:53:10.166+0400] {processor.py:830} INFO - Processing file /home/user/Desktop/airflowproj/py_env/lib/python3.10/site-packages/airflow/example_dags/example_bash_operator.py for tasks to queue
[2024-06-18T12:53:10.167+0400] {logging_mixin.py:188} INFO - [2024-06-18T12:53:10.167+0400] {dagbag.py:545} INFO - Filling up the DagBag from /home/user/Desktop/airflowproj/py_env/lib/python3.10/site-packages/airflow/example_dags/example_bash_operator.py
[2024-06-18T12:53:10.173+0400] {processor.py:840} INFO - DAG(s) 'example_bash_operator' retrieved from /home/user/Desktop/airflowproj/py_env/lib/python3.10/site-packages/airflow/example_dags/example_bash_operator.py
[2024-06-18T12:53:10.188+0400] {logging_mixin.py:188} INFO - [2024-06-18T12:53:10.188+0400] {dag.py:3096} INFO - Sync 1 DAGs
[2024-06-18T12:53:10.198+0400] {logging_mixin.py:188} INFO - [2024-06-18T12:53:10.198+0400] {dag.py:3954} INFO - Setting next_dagrun for example_bash_operator to 2024-06-17 00:00:00+00:00, run_after=2024-06-18 00:00:00+00:00
[2024-06-18T12:53:10.213+0400] {processor.py:183} INFO - Processing /home/user/Desktop/airflowproj/py_env/lib/python3.10/site-packages/airflow/example_dags/example_bash_operator.py took 0.053 seconds
[2024-06-18T12:54:07.887+0400] {processor.py:161} INFO - Started process (PID=49652) to work on /home/user/Desktop/airflowproj/py_env/lib/python3.10/site-packages/airflow/example_dags/example_bash_operator.py
[2024-06-18T12:54:07.889+0400] {processor.py:830} INFO - Processing file /home/user/Desktop/airflowproj/py_env/lib/python3.10/site-packages/airflow/example_dags/example_bash_operator.py for tasks to queue
[2024-06-18T12:54:07.890+0400] {logging_mixin.py:188} INFO - [2024-06-18T12:54:07.890+0400] {dagbag.py:545} INFO - Filling up the DagBag from /home/user/Desktop/airflowproj/py_env/lib/python3.10/site-packages/airflow/example_dags/example_bash_operator.py
[2024-06-18T12:54:07.897+0400] {processor.py:840} INFO - DAG(s) 'example_bash_operator' retrieved from /home/user/Desktop/airflowproj/py_env/lib/python3.10/site-packages/airflow/example_dags/example_bash_operator.py
[2024-06-18T12:54:07.908+0400] {logging_mixin.py:188} INFO - [2024-06-18T12:54:07.908+0400] {dag.py:3096} INFO - Sync 1 DAGs
[2024-06-18T12:54:07.917+0400] {logging_mixin.py:188} INFO - [2024-06-18T12:54:07.917+0400] {dag.py:3954} INFO - Setting next_dagrun for example_bash_operator to 2024-06-17 00:00:00+00:00, run_after=2024-06-18 00:00:00+00:00
[2024-06-18T12:54:07.931+0400] {processor.py:183} INFO - Processing /home/user/Desktop/airflowproj/py_env/lib/python3.10/site-packages/airflow/example_dags/example_bash_operator.py took 0.051 seconds
[2024-06-18T12:55:07.302+0400] {processor.py:161} INFO - Started process (PID=49829) to work on /home/user/Desktop/airflowproj/py_env/lib/python3.10/site-packages/airflow/example_dags/example_bash_operator.py
[2024-06-18T12:55:07.304+0400] {processor.py:830} INFO - Processing file /home/user/Desktop/airflowproj/py_env/lib/python3.10/site-packages/airflow/example_dags/example_bash_operator.py for tasks to queue
[2024-06-18T12:55:07.305+0400] {logging_mixin.py:188} INFO - [2024-06-18T12:55:07.305+0400] {dagbag.py:545} INFO - Filling up the DagBag from /home/user/Desktop/airflowproj/py_env/lib/python3.10/site-packages/airflow/example_dags/example_bash_operator.py
[2024-06-18T12:55:07.311+0400] {processor.py:840} INFO - DAG(s) 'example_bash_operator' retrieved from /home/user/Desktop/airflowproj/py_env/lib/python3.10/site-packages/airflow/example_dags/example_bash_operator.py
[2024-06-18T12:55:07.322+0400] {logging_mixin.py:188} INFO - [2024-06-18T12:55:07.321+0400] {dag.py:3096} INFO - Sync 1 DAGs
[2024-06-18T12:55:07.330+0400] {logging_mixin.py:188} INFO - [2024-06-18T12:55:07.330+0400] {dag.py:3954} INFO - Setting next_dagrun for example_bash_operator to 2024-06-17 00:00:00+00:00, run_after=2024-06-18 00:00:00+00:00
[2024-06-18T12:55:07.345+0400] {processor.py:183} INFO - Processing /home/user/Desktop/airflowproj/py_env/lib/python3.10/site-packages/airflow/example_dags/example_bash_operator.py took 0.048 seconds
[2024-06-18T12:56:03.262+0400] {processor.py:161} INFO - Started process (PID=50107) to work on /home/user/Desktop/airflowproj/py_env/lib/python3.10/site-packages/airflow/example_dags/example_bash_operator.py
[2024-06-18T12:56:03.264+0400] {processor.py:830} INFO - Processing file /home/user/Desktop/airflowproj/py_env/lib/python3.10/site-packages/airflow/example_dags/example_bash_operator.py for tasks to queue
[2024-06-18T12:56:03.265+0400] {logging_mixin.py:188} INFO - [2024-06-18T12:56:03.265+0400] {dagbag.py:545} INFO - Filling up the DagBag from /home/user/Desktop/airflowproj/py_env/lib/python3.10/site-packages/airflow/example_dags/example_bash_operator.py
[2024-06-18T12:56:03.274+0400] {processor.py:840} INFO - DAG(s) 'example_bash_operator' retrieved from /home/user/Desktop/airflowproj/py_env/lib/python3.10/site-packages/airflow/example_dags/example_bash_operator.py
[2024-06-18T12:56:03.292+0400] {logging_mixin.py:188} INFO - [2024-06-18T12:56:03.292+0400] {dag.py:3096} INFO - Sync 1 DAGs
[2024-06-18T12:56:03.311+0400] {logging_mixin.py:188} INFO - [2024-06-18T12:56:03.311+0400] {dag.py:3954} INFO - Setting next_dagrun for example_bash_operator to 2024-06-17 00:00:00+00:00, run_after=2024-06-18 00:00:00+00:00
[2024-06-18T12:56:03.331+0400] {processor.py:183} INFO - Processing /home/user/Desktop/airflowproj/py_env/lib/python3.10/site-packages/airflow/example_dags/example_bash_operator.py took 0.075 seconds
[2024-06-18T12:57:02.711+0400] {processor.py:161} INFO - Started process (PID=50334) to work on /home/user/Desktop/airflowproj/py_env/lib/python3.10/site-packages/airflow/example_dags/example_bash_operator.py
[2024-06-18T12:57:02.713+0400] {processor.py:830} INFO - Processing file /home/user/Desktop/airflowproj/py_env/lib/python3.10/site-packages/airflow/example_dags/example_bash_operator.py for tasks to queue
[2024-06-18T12:57:02.714+0400] {logging_mixin.py:188} INFO - [2024-06-18T12:57:02.714+0400] {dagbag.py:545} INFO - Filling up the DagBag from /home/user/Desktop/airflowproj/py_env/lib/python3.10/site-packages/airflow/example_dags/example_bash_operator.py
[2024-06-18T12:57:02.720+0400] {processor.py:840} INFO - DAG(s) 'example_bash_operator' retrieved from /home/user/Desktop/airflowproj/py_env/lib/python3.10/site-packages/airflow/example_dags/example_bash_operator.py
[2024-06-18T12:57:02.731+0400] {logging_mixin.py:188} INFO - [2024-06-18T12:57:02.731+0400] {dag.py:3096} INFO - Sync 1 DAGs
[2024-06-18T12:57:02.740+0400] {logging_mixin.py:188} INFO - [2024-06-18T12:57:02.740+0400] {dag.py:3954} INFO - Setting next_dagrun for example_bash_operator to 2024-06-17 00:00:00+00:00, run_after=2024-06-18 00:00:00+00:00
[2024-06-18T12:57:02.752+0400] {processor.py:183} INFO - Processing /home/user/Desktop/airflowproj/py_env/lib/python3.10/site-packages/airflow/example_dags/example_bash_operator.py took 0.046 seconds
[2024-06-18T12:58:03.259+0400] {processor.py:161} INFO - Started process (PID=50821) to work on /home/user/Desktop/airflowproj/py_env/lib/python3.10/site-packages/airflow/example_dags/example_bash_operator.py
[2024-06-18T12:58:03.262+0400] {processor.py:830} INFO - Processing file /home/user/Desktop/airflowproj/py_env/lib/python3.10/site-packages/airflow/example_dags/example_bash_operator.py for tasks to queue
[2024-06-18T12:58:03.263+0400] {logging_mixin.py:188} INFO - [2024-06-18T12:58:03.263+0400] {dagbag.py:545} INFO - Filling up the DagBag from /home/user/Desktop/airflowproj/py_env/lib/python3.10/site-packages/airflow/example_dags/example_bash_operator.py
[2024-06-18T12:58:03.269+0400] {processor.py:840} INFO - DAG(s) 'example_bash_operator' retrieved from /home/user/Desktop/airflowproj/py_env/lib/python3.10/site-packages/airflow/example_dags/example_bash_operator.py
[2024-06-18T12:58:03.280+0400] {logging_mixin.py:188} INFO - [2024-06-18T12:58:03.280+0400] {dag.py:3096} INFO - Sync 1 DAGs
[2024-06-18T12:58:03.289+0400] {logging_mixin.py:188} INFO - [2024-06-18T12:58:03.289+0400] {dag.py:3954} INFO - Setting next_dagrun for example_bash_operator to 2024-06-17 00:00:00+00:00, run_after=2024-06-18 00:00:00+00:00
[2024-06-18T12:58:03.302+0400] {processor.py:183} INFO - Processing /home/user/Desktop/airflowproj/py_env/lib/python3.10/site-packages/airflow/example_dags/example_bash_operator.py took 0.046 seconds
[2024-06-18T12:59:00.381+0400] {processor.py:161} INFO - Started process (PID=51193) to work on /home/user/Desktop/airflowproj/py_env/lib/python3.10/site-packages/airflow/example_dags/example_bash_operator.py
[2024-06-18T12:59:00.383+0400] {processor.py:830} INFO - Processing file /home/user/Desktop/airflowproj/py_env/lib/python3.10/site-packages/airflow/example_dags/example_bash_operator.py for tasks to queue
[2024-06-18T12:59:00.385+0400] {logging_mixin.py:188} INFO - [2024-06-18T12:59:00.385+0400] {dagbag.py:545} INFO - Filling up the DagBag from /home/user/Desktop/airflowproj/py_env/lib/python3.10/site-packages/airflow/example_dags/example_bash_operator.py
[2024-06-18T12:59:00.395+0400] {processor.py:840} INFO - DAG(s) 'example_bash_operator' retrieved from /home/user/Desktop/airflowproj/py_env/lib/python3.10/site-packages/airflow/example_dags/example_bash_operator.py
[2024-06-18T12:59:00.414+0400] {logging_mixin.py:188} INFO - [2024-06-18T12:59:00.414+0400] {dag.py:3096} INFO - Sync 1 DAGs
[2024-06-18T12:59:00.433+0400] {logging_mixin.py:188} INFO - [2024-06-18T12:59:00.433+0400] {dag.py:3954} INFO - Setting next_dagrun for example_bash_operator to 2024-06-17 00:00:00+00:00, run_after=2024-06-18 00:00:00+00:00
[2024-06-18T12:59:00.458+0400] {processor.py:183} INFO - Processing /home/user/Desktop/airflowproj/py_env/lib/python3.10/site-packages/airflow/example_dags/example_bash_operator.py took 0.081 seconds
[2024-06-18T12:59:57.475+0400] {processor.py:161} INFO - Started process (PID=51528) to work on /home/user/Desktop/airflowproj/py_env/lib/python3.10/site-packages/airflow/example_dags/example_bash_operator.py
[2024-06-18T12:59:57.477+0400] {processor.py:830} INFO - Processing file /home/user/Desktop/airflowproj/py_env/lib/python3.10/site-packages/airflow/example_dags/example_bash_operator.py for tasks to queue
[2024-06-18T12:59:57.478+0400] {logging_mixin.py:188} INFO - [2024-06-18T12:59:57.478+0400] {dagbag.py:545} INFO - Filling up the DagBag from /home/user/Desktop/airflowproj/py_env/lib/python3.10/site-packages/airflow/example_dags/example_bash_operator.py
[2024-06-18T12:59:57.483+0400] {processor.py:840} INFO - DAG(s) 'example_bash_operator' retrieved from /home/user/Desktop/airflowproj/py_env/lib/python3.10/site-packages/airflow/example_dags/example_bash_operator.py
[2024-06-18T12:59:57.494+0400] {logging_mixin.py:188} INFO - [2024-06-18T12:59:57.494+0400] {dag.py:3096} INFO - Sync 1 DAGs
[2024-06-18T12:59:57.503+0400] {logging_mixin.py:188} INFO - [2024-06-18T12:59:57.503+0400] {dag.py:3954} INFO - Setting next_dagrun for example_bash_operator to 2024-06-17 00:00:00+00:00, run_after=2024-06-18 00:00:00+00:00
[2024-06-18T12:59:57.517+0400] {processor.py:183} INFO - Processing /home/user/Desktop/airflowproj/py_env/lib/python3.10/site-packages/airflow/example_dags/example_bash_operator.py took 0.046 seconds
[2024-06-18T13:00:53.012+0400] {processor.py:161} INFO - Started process (PID=51905) to work on /home/user/Desktop/airflowproj/py_env/lib/python3.10/site-packages/airflow/example_dags/example_bash_operator.py
[2024-06-18T13:00:53.014+0400] {processor.py:830} INFO - Processing file /home/user/Desktop/airflowproj/py_env/lib/python3.10/site-packages/airflow/example_dags/example_bash_operator.py for tasks to queue
[2024-06-18T13:00:53.015+0400] {logging_mixin.py:188} INFO - [2024-06-18T13:00:53.014+0400] {dagbag.py:545} INFO - Filling up the DagBag from /home/user/Desktop/airflowproj/py_env/lib/python3.10/site-packages/airflow/example_dags/example_bash_operator.py
[2024-06-18T13:00:53.022+0400] {processor.py:840} INFO - DAG(s) 'example_bash_operator' retrieved from /home/user/Desktop/airflowproj/py_env/lib/python3.10/site-packages/airflow/example_dags/example_bash_operator.py
[2024-06-18T13:00:53.038+0400] {logging_mixin.py:188} INFO - [2024-06-18T13:00:53.038+0400] {dag.py:3096} INFO - Sync 1 DAGs
[2024-06-18T13:00:53.052+0400] {logging_mixin.py:188} INFO - [2024-06-18T13:00:53.051+0400] {dag.py:3954} INFO - Setting next_dagrun for example_bash_operator to 2024-06-17 00:00:00+00:00, run_after=2024-06-18 00:00:00+00:00
[2024-06-18T13:00:53.066+0400] {processor.py:183} INFO - Processing /home/user/Desktop/airflowproj/py_env/lib/python3.10/site-packages/airflow/example_dags/example_bash_operator.py took 0.057 seconds
[2024-06-18T13:01:52.584+0400] {processor.py:161} INFO - Started process (PID=52489) to work on /home/user/Desktop/airflowproj/py_env/lib/python3.10/site-packages/airflow/example_dags/example_bash_operator.py
[2024-06-18T13:01:52.584+0400] {processor.py:830} INFO - Processing file /home/user/Desktop/airflowproj/py_env/lib/python3.10/site-packages/airflow/example_dags/example_bash_operator.py for tasks to queue
[2024-06-18T13:01:52.586+0400] {logging_mixin.py:188} INFO - [2024-06-18T13:01:52.585+0400] {dagbag.py:545} INFO - Filling up the DagBag from /home/user/Desktop/airflowproj/py_env/lib/python3.10/site-packages/airflow/example_dags/example_bash_operator.py
[2024-06-18T13:01:52.593+0400] {processor.py:840} INFO - DAG(s) 'example_bash_operator' retrieved from /home/user/Desktop/airflowproj/py_env/lib/python3.10/site-packages/airflow/example_dags/example_bash_operator.py
[2024-06-18T13:01:52.605+0400] {logging_mixin.py:188} INFO - [2024-06-18T13:01:52.605+0400] {dag.py:3096} INFO - Sync 1 DAGs
[2024-06-18T13:01:52.614+0400] {logging_mixin.py:188} INFO - [2024-06-18T13:01:52.614+0400] {dag.py:3954} INFO - Setting next_dagrun for example_bash_operator to 2024-06-17 00:00:00+00:00, run_after=2024-06-18 00:00:00+00:00
[2024-06-18T13:01:52.627+0400] {processor.py:183} INFO - Processing /home/user/Desktop/airflowproj/py_env/lib/python3.10/site-packages/airflow/example_dags/example_bash_operator.py took 0.050 seconds
[2024-06-18T13:02:52.372+0400] {processor.py:161} INFO - Started process (PID=52999) to work on /home/user/Desktop/airflowproj/py_env/lib/python3.10/site-packages/airflow/example_dags/example_bash_operator.py
[2024-06-18T13:02:52.374+0400] {processor.py:830} INFO - Processing file /home/user/Desktop/airflowproj/py_env/lib/python3.10/site-packages/airflow/example_dags/example_bash_operator.py for tasks to queue
[2024-06-18T13:02:52.375+0400] {logging_mixin.py:188} INFO - [2024-06-18T13:02:52.374+0400] {dagbag.py:545} INFO - Filling up the DagBag from /home/user/Desktop/airflowproj/py_env/lib/python3.10/site-packages/airflow/example_dags/example_bash_operator.py
[2024-06-18T13:02:52.381+0400] {processor.py:840} INFO - DAG(s) 'example_bash_operator' retrieved from /home/user/Desktop/airflowproj/py_env/lib/python3.10/site-packages/airflow/example_dags/example_bash_operator.py
[2024-06-18T13:02:52.392+0400] {logging_mixin.py:188} INFO - [2024-06-18T13:02:52.392+0400] {dag.py:3096} INFO - Sync 1 DAGs
[2024-06-18T13:02:52.401+0400] {logging_mixin.py:188} INFO - [2024-06-18T13:02:52.401+0400] {dag.py:3954} INFO - Setting next_dagrun for example_bash_operator to 2024-06-17 00:00:00+00:00, run_after=2024-06-18 00:00:00+00:00
[2024-06-18T13:02:52.415+0400] {processor.py:183} INFO - Processing /home/user/Desktop/airflowproj/py_env/lib/python3.10/site-packages/airflow/example_dags/example_bash_operator.py took 0.050 seconds
[2024-06-18T13:03:51.246+0400] {processor.py:161} INFO - Started process (PID=53202) to work on /home/user/Desktop/airflowproj/py_env/lib/python3.10/site-packages/airflow/example_dags/example_bash_operator.py
[2024-06-18T13:03:51.248+0400] {processor.py:830} INFO - Processing file /home/user/Desktop/airflowproj/py_env/lib/python3.10/site-packages/airflow/example_dags/example_bash_operator.py for tasks to queue
[2024-06-18T13:03:51.249+0400] {logging_mixin.py:188} INFO - [2024-06-18T13:03:51.249+0400] {dagbag.py:545} INFO - Filling up the DagBag from /home/user/Desktop/airflowproj/py_env/lib/python3.10/site-packages/airflow/example_dags/example_bash_operator.py
[2024-06-18T13:03:51.258+0400] {processor.py:840} INFO - DAG(s) 'example_bash_operator' retrieved from /home/user/Desktop/airflowproj/py_env/lib/python3.10/site-packages/airflow/example_dags/example_bash_operator.py
[2024-06-18T13:03:51.270+0400] {logging_mixin.py:188} INFO - [2024-06-18T13:03:51.269+0400] {dag.py:3096} INFO - Sync 1 DAGs
[2024-06-18T13:03:51.279+0400] {logging_mixin.py:188} INFO - [2024-06-18T13:03:51.279+0400] {dag.py:3954} INFO - Setting next_dagrun for example_bash_operator to 2024-06-17 00:00:00+00:00, run_after=2024-06-18 00:00:00+00:00
[2024-06-18T13:03:51.292+0400] {processor.py:183} INFO - Processing /home/user/Desktop/airflowproj/py_env/lib/python3.10/site-packages/airflow/example_dags/example_bash_operator.py took 0.049 seconds
[2024-06-18T13:04:48.437+0400] {processor.py:161} INFO - Started process (PID=53395) to work on /home/user/Desktop/airflowproj/py_env/lib/python3.10/site-packages/airflow/example_dags/example_bash_operator.py
[2024-06-18T13:04:48.440+0400] {processor.py:830} INFO - Processing file /home/user/Desktop/airflowproj/py_env/lib/python3.10/site-packages/airflow/example_dags/example_bash_operator.py for tasks to queue
[2024-06-18T13:04:48.442+0400] {logging_mixin.py:188} INFO - [2024-06-18T13:04:48.441+0400] {dagbag.py:545} INFO - Filling up the DagBag from /home/user/Desktop/airflowproj/py_env/lib/python3.10/site-packages/airflow/example_dags/example_bash_operator.py
[2024-06-18T13:04:48.456+0400] {processor.py:840} INFO - DAG(s) 'example_bash_operator' retrieved from /home/user/Desktop/airflowproj/py_env/lib/python3.10/site-packages/airflow/example_dags/example_bash_operator.py
[2024-06-18T13:04:48.468+0400] {logging_mixin.py:188} INFO - [2024-06-18T13:04:48.468+0400] {dag.py:3096} INFO - Sync 1 DAGs
[2024-06-18T13:04:48.477+0400] {logging_mixin.py:188} INFO - [2024-06-18T13:04:48.477+0400] {dag.py:3954} INFO - Setting next_dagrun for example_bash_operator to 2024-06-17 00:00:00+00:00, run_after=2024-06-18 00:00:00+00:00
[2024-06-18T13:04:48.489+0400] {processor.py:183} INFO - Processing /home/user/Desktop/airflowproj/py_env/lib/python3.10/site-packages/airflow/example_dags/example_bash_operator.py took 0.057 seconds
[2024-06-18T13:05:45.744+0400] {processor.py:161} INFO - Started process (PID=53647) to work on /home/user/Desktop/airflowproj/py_env/lib/python3.10/site-packages/airflow/example_dags/example_bash_operator.py
[2024-06-18T13:05:45.746+0400] {processor.py:830} INFO - Processing file /home/user/Desktop/airflowproj/py_env/lib/python3.10/site-packages/airflow/example_dags/example_bash_operator.py for tasks to queue
[2024-06-18T13:05:45.747+0400] {logging_mixin.py:188} INFO - [2024-06-18T13:05:45.747+0400] {dagbag.py:545} INFO - Filling up the DagBag from /home/user/Desktop/airflowproj/py_env/lib/python3.10/site-packages/airflow/example_dags/example_bash_operator.py
[2024-06-18T13:05:45.753+0400] {processor.py:840} INFO - DAG(s) 'example_bash_operator' retrieved from /home/user/Desktop/airflowproj/py_env/lib/python3.10/site-packages/airflow/example_dags/example_bash_operator.py
[2024-06-18T13:05:45.764+0400] {logging_mixin.py:188} INFO - [2024-06-18T13:05:45.764+0400] {dag.py:3096} INFO - Sync 1 DAGs
[2024-06-18T13:05:45.774+0400] {logging_mixin.py:188} INFO - [2024-06-18T13:05:45.773+0400] {dag.py:3954} INFO - Setting next_dagrun for example_bash_operator to 2024-06-17 00:00:00+00:00, run_after=2024-06-18 00:00:00+00:00
[2024-06-18T13:05:45.788+0400] {processor.py:183} INFO - Processing /home/user/Desktop/airflowproj/py_env/lib/python3.10/site-packages/airflow/example_dags/example_bash_operator.py took 0.049 seconds
[2024-06-18T13:06:44.761+0400] {processor.py:161} INFO - Started process (PID=53859) to work on /home/user/Desktop/airflowproj/py_env/lib/python3.10/site-packages/airflow/example_dags/example_bash_operator.py
[2024-06-18T13:06:44.763+0400] {processor.py:830} INFO - Processing file /home/user/Desktop/airflowproj/py_env/lib/python3.10/site-packages/airflow/example_dags/example_bash_operator.py for tasks to queue
[2024-06-18T13:06:44.763+0400] {logging_mixin.py:188} INFO - [2024-06-18T13:06:44.763+0400] {dagbag.py:545} INFO - Filling up the DagBag from /home/user/Desktop/airflowproj/py_env/lib/python3.10/site-packages/airflow/example_dags/example_bash_operator.py
[2024-06-18T13:06:44.769+0400] {processor.py:840} INFO - DAG(s) 'example_bash_operator' retrieved from /home/user/Desktop/airflowproj/py_env/lib/python3.10/site-packages/airflow/example_dags/example_bash_operator.py
[2024-06-18T13:06:44.781+0400] {logging_mixin.py:188} INFO - [2024-06-18T13:06:44.781+0400] {dag.py:3096} INFO - Sync 1 DAGs
[2024-06-18T13:06:44.790+0400] {logging_mixin.py:188} INFO - [2024-06-18T13:06:44.790+0400] {dag.py:3954} INFO - Setting next_dagrun for example_bash_operator to 2024-06-17 00:00:00+00:00, run_after=2024-06-18 00:00:00+00:00
[2024-06-18T13:06:44.803+0400] {processor.py:183} INFO - Processing /home/user/Desktop/airflowproj/py_env/lib/python3.10/site-packages/airflow/example_dags/example_bash_operator.py took 0.046 seconds
[2024-06-18T13:07:46.476+0400] {processor.py:161} INFO - Started process (PID=54099) to work on /home/user/Desktop/airflowproj/py_env/lib/python3.10/site-packages/airflow/example_dags/example_bash_operator.py
[2024-06-18T13:07:46.479+0400] {processor.py:830} INFO - Processing file /home/user/Desktop/airflowproj/py_env/lib/python3.10/site-packages/airflow/example_dags/example_bash_operator.py for tasks to queue
[2024-06-18T13:07:46.480+0400] {logging_mixin.py:188} INFO - [2024-06-18T13:07:46.480+0400] {dagbag.py:545} INFO - Filling up the DagBag from /home/user/Desktop/airflowproj/py_env/lib/python3.10/site-packages/airflow/example_dags/example_bash_operator.py
[2024-06-18T13:07:46.486+0400] {processor.py:840} INFO - DAG(s) 'example_bash_operator' retrieved from /home/user/Desktop/airflowproj/py_env/lib/python3.10/site-packages/airflow/example_dags/example_bash_operator.py
[2024-06-18T13:07:46.497+0400] {logging_mixin.py:188} INFO - [2024-06-18T13:07:46.497+0400] {dag.py:3096} INFO - Sync 1 DAGs
[2024-06-18T13:07:46.507+0400] {logging_mixin.py:188} INFO - [2024-06-18T13:07:46.507+0400] {dag.py:3954} INFO - Setting next_dagrun for example_bash_operator to 2024-06-17 00:00:00+00:00, run_after=2024-06-18 00:00:00+00:00
[2024-06-18T13:07:46.519+0400] {processor.py:183} INFO - Processing /home/user/Desktop/airflowproj/py_env/lib/python3.10/site-packages/airflow/example_dags/example_bash_operator.py took 0.048 seconds
[2024-06-18T13:08:47.023+0400] {processor.py:161} INFO - Started process (PID=54310) to work on /home/user/Desktop/airflowproj/py_env/lib/python3.10/site-packages/airflow/example_dags/example_bash_operator.py
[2024-06-18T13:08:47.025+0400] {processor.py:830} INFO - Processing file /home/user/Desktop/airflowproj/py_env/lib/python3.10/site-packages/airflow/example_dags/example_bash_operator.py for tasks to queue
[2024-06-18T13:08:47.026+0400] {logging_mixin.py:188} INFO - [2024-06-18T13:08:47.026+0400] {dagbag.py:545} INFO - Filling up the DagBag from /home/user/Desktop/airflowproj/py_env/lib/python3.10/site-packages/airflow/example_dags/example_bash_operator.py
[2024-06-18T13:08:47.033+0400] {processor.py:840} INFO - DAG(s) 'example_bash_operator' retrieved from /home/user/Desktop/airflowproj/py_env/lib/python3.10/site-packages/airflow/example_dags/example_bash_operator.py
[2024-06-18T13:08:47.043+0400] {logging_mixin.py:188} INFO - [2024-06-18T13:08:47.043+0400] {dag.py:3096} INFO - Sync 1 DAGs
[2024-06-18T13:08:47.052+0400] {logging_mixin.py:188} INFO - [2024-06-18T13:08:47.052+0400] {dag.py:3954} INFO - Setting next_dagrun for example_bash_operator to 2024-06-17 00:00:00+00:00, run_after=2024-06-18 00:00:00+00:00
[2024-06-18T13:08:47.067+0400] {processor.py:183} INFO - Processing /home/user/Desktop/airflowproj/py_env/lib/python3.10/site-packages/airflow/example_dags/example_bash_operator.py took 0.048 seconds
[2024-06-18T13:09:45.795+0400] {processor.py:161} INFO - Started process (PID=54575) to work on /home/user/Desktop/airflowproj/py_env/lib/python3.10/site-packages/airflow/example_dags/example_bash_operator.py
[2024-06-18T13:09:45.798+0400] {processor.py:830} INFO - Processing file /home/user/Desktop/airflowproj/py_env/lib/python3.10/site-packages/airflow/example_dags/example_bash_operator.py for tasks to queue
[2024-06-18T13:09:45.799+0400] {logging_mixin.py:188} INFO - [2024-06-18T13:09:45.799+0400] {dagbag.py:545} INFO - Filling up the DagBag from /home/user/Desktop/airflowproj/py_env/lib/python3.10/site-packages/airflow/example_dags/example_bash_operator.py
[2024-06-18T13:09:45.805+0400] {processor.py:840} INFO - DAG(s) 'example_bash_operator' retrieved from /home/user/Desktop/airflowproj/py_env/lib/python3.10/site-packages/airflow/example_dags/example_bash_operator.py
[2024-06-18T13:09:45.815+0400] {logging_mixin.py:188} INFO - [2024-06-18T13:09:45.815+0400] {dag.py:3096} INFO - Sync 1 DAGs
[2024-06-18T13:09:45.824+0400] {logging_mixin.py:188} INFO - [2024-06-18T13:09:45.824+0400] {dag.py:3954} INFO - Setting next_dagrun for example_bash_operator to 2024-06-17 00:00:00+00:00, run_after=2024-06-18 00:00:00+00:00
[2024-06-18T13:09:45.837+0400] {processor.py:183} INFO - Processing /home/user/Desktop/airflowproj/py_env/lib/python3.10/site-packages/airflow/example_dags/example_bash_operator.py took 0.047 seconds
[2024-06-18T13:10:48.648+0400] {processor.py:161} INFO - Started process (PID=54780) to work on /home/user/Desktop/airflowproj/py_env/lib/python3.10/site-packages/airflow/example_dags/example_bash_operator.py
[2024-06-18T13:10:48.650+0400] {processor.py:830} INFO - Processing file /home/user/Desktop/airflowproj/py_env/lib/python3.10/site-packages/airflow/example_dags/example_bash_operator.py for tasks to queue
[2024-06-18T13:10:48.652+0400] {logging_mixin.py:188} INFO - [2024-06-18T13:10:48.651+0400] {dagbag.py:545} INFO - Filling up the DagBag from /home/user/Desktop/airflowproj/py_env/lib/python3.10/site-packages/airflow/example_dags/example_bash_operator.py
[2024-06-18T13:10:48.658+0400] {processor.py:840} INFO - DAG(s) 'example_bash_operator' retrieved from /home/user/Desktop/airflowproj/py_env/lib/python3.10/site-packages/airflow/example_dags/example_bash_operator.py
[2024-06-18T13:10:48.669+0400] {logging_mixin.py:188} INFO - [2024-06-18T13:10:48.668+0400] {dag.py:3096} INFO - Sync 1 DAGs
[2024-06-18T13:10:48.678+0400] {logging_mixin.py:188} INFO - [2024-06-18T13:10:48.678+0400] {dag.py:3954} INFO - Setting next_dagrun for example_bash_operator to 2024-06-17 00:00:00+00:00, run_after=2024-06-18 00:00:00+00:00
[2024-06-18T13:10:48.696+0400] {processor.py:183} INFO - Processing /home/user/Desktop/airflowproj/py_env/lib/python3.10/site-packages/airflow/example_dags/example_bash_operator.py took 0.055 seconds
[2024-06-18T13:11:48.036+0400] {processor.py:161} INFO - Started process (PID=54991) to work on /home/user/Desktop/airflowproj/py_env/lib/python3.10/site-packages/airflow/example_dags/example_bash_operator.py
[2024-06-18T13:11:48.039+0400] {processor.py:830} INFO - Processing file /home/user/Desktop/airflowproj/py_env/lib/python3.10/site-packages/airflow/example_dags/example_bash_operator.py for tasks to queue
[2024-06-18T13:11:48.040+0400] {logging_mixin.py:188} INFO - [2024-06-18T13:11:48.040+0400] {dagbag.py:545} INFO - Filling up the DagBag from /home/user/Desktop/airflowproj/py_env/lib/python3.10/site-packages/airflow/example_dags/example_bash_operator.py
[2024-06-18T13:11:48.046+0400] {processor.py:840} INFO - DAG(s) 'example_bash_operator' retrieved from /home/user/Desktop/airflowproj/py_env/lib/python3.10/site-packages/airflow/example_dags/example_bash_operator.py
[2024-06-18T13:11:48.057+0400] {logging_mixin.py:188} INFO - [2024-06-18T13:11:48.057+0400] {dag.py:3096} INFO - Sync 1 DAGs
[2024-06-18T13:11:48.066+0400] {logging_mixin.py:188} INFO - [2024-06-18T13:11:48.066+0400] {dag.py:3954} INFO - Setting next_dagrun for example_bash_operator to 2024-06-17 00:00:00+00:00, run_after=2024-06-18 00:00:00+00:00
[2024-06-18T13:11:48.081+0400] {processor.py:183} INFO - Processing /home/user/Desktop/airflowproj/py_env/lib/python3.10/site-packages/airflow/example_dags/example_bash_operator.py took 0.050 seconds
[2024-06-18T13:12:47.426+0400] {processor.py:161} INFO - Started process (PID=55219) to work on /home/user/Desktop/airflowproj/py_env/lib/python3.10/site-packages/airflow/example_dags/example_bash_operator.py
[2024-06-18T13:12:47.428+0400] {processor.py:830} INFO - Processing file /home/user/Desktop/airflowproj/py_env/lib/python3.10/site-packages/airflow/example_dags/example_bash_operator.py for tasks to queue
[2024-06-18T13:12:47.430+0400] {logging_mixin.py:188} INFO - [2024-06-18T13:12:47.430+0400] {dagbag.py:545} INFO - Filling up the DagBag from /home/user/Desktop/airflowproj/py_env/lib/python3.10/site-packages/airflow/example_dags/example_bash_operator.py
[2024-06-18T13:12:47.437+0400] {processor.py:840} INFO - DAG(s) 'example_bash_operator' retrieved from /home/user/Desktop/airflowproj/py_env/lib/python3.10/site-packages/airflow/example_dags/example_bash_operator.py
[2024-06-18T13:12:47.448+0400] {logging_mixin.py:188} INFO - [2024-06-18T13:12:47.448+0400] {dag.py:3096} INFO - Sync 1 DAGs
[2024-06-18T13:12:47.457+0400] {logging_mixin.py:188} INFO - [2024-06-18T13:12:47.457+0400] {dag.py:3954} INFO - Setting next_dagrun for example_bash_operator to 2024-06-17 00:00:00+00:00, run_after=2024-06-18 00:00:00+00:00
[2024-06-18T13:12:47.471+0400] {processor.py:183} INFO - Processing /home/user/Desktop/airflowproj/py_env/lib/python3.10/site-packages/airflow/example_dags/example_bash_operator.py took 0.050 seconds
[2024-06-18T13:13:47.473+0400] {processor.py:161} INFO - Started process (PID=55432) to work on /home/user/Desktop/airflowproj/py_env/lib/python3.10/site-packages/airflow/example_dags/example_bash_operator.py
[2024-06-18T13:13:47.475+0400] {processor.py:830} INFO - Processing file /home/user/Desktop/airflowproj/py_env/lib/python3.10/site-packages/airflow/example_dags/example_bash_operator.py for tasks to queue
[2024-06-18T13:13:47.476+0400] {logging_mixin.py:188} INFO - [2024-06-18T13:13:47.476+0400] {dagbag.py:545} INFO - Filling up the DagBag from /home/user/Desktop/airflowproj/py_env/lib/python3.10/site-packages/airflow/example_dags/example_bash_operator.py
[2024-06-18T13:13:47.482+0400] {processor.py:840} INFO - DAG(s) 'example_bash_operator' retrieved from /home/user/Desktop/airflowproj/py_env/lib/python3.10/site-packages/airflow/example_dags/example_bash_operator.py
[2024-06-18T13:13:47.493+0400] {logging_mixin.py:188} INFO - [2024-06-18T13:13:47.492+0400] {dag.py:3096} INFO - Sync 1 DAGs
[2024-06-18T13:13:47.502+0400] {logging_mixin.py:188} INFO - [2024-06-18T13:13:47.501+0400] {dag.py:3954} INFO - Setting next_dagrun for example_bash_operator to 2024-06-17 00:00:00+00:00, run_after=2024-06-18 00:00:00+00:00
[2024-06-18T13:13:47.516+0400] {processor.py:183} INFO - Processing /home/user/Desktop/airflowproj/py_env/lib/python3.10/site-packages/airflow/example_dags/example_bash_operator.py took 0.046 seconds
[2024-06-18T13:14:43.703+0400] {processor.py:161} INFO - Started process (PID=55623) to work on /home/user/Desktop/airflowproj/py_env/lib/python3.10/site-packages/airflow/example_dags/example_bash_operator.py
[2024-06-18T13:14:43.706+0400] {processor.py:830} INFO - Processing file /home/user/Desktop/airflowproj/py_env/lib/python3.10/site-packages/airflow/example_dags/example_bash_operator.py for tasks to queue
[2024-06-18T13:14:43.707+0400] {logging_mixin.py:188} INFO - [2024-06-18T13:14:43.707+0400] {dagbag.py:545} INFO - Filling up the DagBag from /home/user/Desktop/airflowproj/py_env/lib/python3.10/site-packages/airflow/example_dags/example_bash_operator.py
[2024-06-18T13:14:43.713+0400] {processor.py:840} INFO - DAG(s) 'example_bash_operator' retrieved from /home/user/Desktop/airflowproj/py_env/lib/python3.10/site-packages/airflow/example_dags/example_bash_operator.py
[2024-06-18T13:14:43.724+0400] {logging_mixin.py:188} INFO - [2024-06-18T13:14:43.723+0400] {dag.py:3096} INFO - Sync 1 DAGs
[2024-06-18T13:14:43.733+0400] {logging_mixin.py:188} INFO - [2024-06-18T13:14:43.733+0400] {dag.py:3954} INFO - Setting next_dagrun for example_bash_operator to 2024-06-17 00:00:00+00:00, run_after=2024-06-18 00:00:00+00:00
[2024-06-18T13:14:43.747+0400] {processor.py:183} INFO - Processing /home/user/Desktop/airflowproj/py_env/lib/python3.10/site-packages/airflow/example_dags/example_bash_operator.py took 0.048 seconds
[2024-06-18T13:15:41.566+0400] {processor.py:161} INFO - Started process (PID=55831) to work on /home/user/Desktop/airflowproj/py_env/lib/python3.10/site-packages/airflow/example_dags/example_bash_operator.py
[2024-06-18T13:15:41.568+0400] {processor.py:830} INFO - Processing file /home/user/Desktop/airflowproj/py_env/lib/python3.10/site-packages/airflow/example_dags/example_bash_operator.py for tasks to queue
[2024-06-18T13:15:41.569+0400] {logging_mixin.py:188} INFO - [2024-06-18T13:15:41.569+0400] {dagbag.py:545} INFO - Filling up the DagBag from /home/user/Desktop/airflowproj/py_env/lib/python3.10/site-packages/airflow/example_dags/example_bash_operator.py
[2024-06-18T13:15:41.575+0400] {processor.py:840} INFO - DAG(s) 'example_bash_operator' retrieved from /home/user/Desktop/airflowproj/py_env/lib/python3.10/site-packages/airflow/example_dags/example_bash_operator.py
[2024-06-18T13:15:41.586+0400] {logging_mixin.py:188} INFO - [2024-06-18T13:15:41.586+0400] {dag.py:3096} INFO - Sync 1 DAGs
[2024-06-18T13:15:41.596+0400] {logging_mixin.py:188} INFO - [2024-06-18T13:15:41.595+0400] {dag.py:3954} INFO - Setting next_dagrun for example_bash_operator to 2024-06-17 00:00:00+00:00, run_after=2024-06-18 00:00:00+00:00
[2024-06-18T13:15:41.611+0400] {processor.py:183} INFO - Processing /home/user/Desktop/airflowproj/py_env/lib/python3.10/site-packages/airflow/example_dags/example_bash_operator.py took 0.051 seconds
[2024-06-18T13:16:43.996+0400] {processor.py:161} INFO - Started process (PID=56039) to work on /home/user/Desktop/airflowproj/py_env/lib/python3.10/site-packages/airflow/example_dags/example_bash_operator.py
[2024-06-18T13:16:43.998+0400] {processor.py:830} INFO - Processing file /home/user/Desktop/airflowproj/py_env/lib/python3.10/site-packages/airflow/example_dags/example_bash_operator.py for tasks to queue
[2024-06-18T13:16:43.999+0400] {logging_mixin.py:188} INFO - [2024-06-18T13:16:43.999+0400] {dagbag.py:545} INFO - Filling up the DagBag from /home/user/Desktop/airflowproj/py_env/lib/python3.10/site-packages/airflow/example_dags/example_bash_operator.py
[2024-06-18T13:16:44.006+0400] {processor.py:840} INFO - DAG(s) 'example_bash_operator' retrieved from /home/user/Desktop/airflowproj/py_env/lib/python3.10/site-packages/airflow/example_dags/example_bash_operator.py
[2024-06-18T13:16:44.017+0400] {logging_mixin.py:188} INFO - [2024-06-18T13:16:44.017+0400] {dag.py:3096} INFO - Sync 1 DAGs
[2024-06-18T13:16:44.026+0400] {logging_mixin.py:188} INFO - [2024-06-18T13:16:44.026+0400] {dag.py:3954} INFO - Setting next_dagrun for example_bash_operator to 2024-06-17 00:00:00+00:00, run_after=2024-06-18 00:00:00+00:00
[2024-06-18T13:16:44.040+0400] {processor.py:183} INFO - Processing /home/user/Desktop/airflowproj/py_env/lib/python3.10/site-packages/airflow/example_dags/example_bash_operator.py took 0.047 seconds
[2024-06-18T13:17:38.224+0400] {processor.py:161} INFO - Started process (PID=56236) to work on /home/user/Desktop/airflowproj/py_env/lib/python3.10/site-packages/airflow/example_dags/example_bash_operator.py
[2024-06-18T13:17:38.226+0400] {processor.py:830} INFO - Processing file /home/user/Desktop/airflowproj/py_env/lib/python3.10/site-packages/airflow/example_dags/example_bash_operator.py for tasks to queue
[2024-06-18T13:17:38.226+0400] {logging_mixin.py:188} INFO - [2024-06-18T13:17:38.226+0400] {dagbag.py:545} INFO - Filling up the DagBag from /home/user/Desktop/airflowproj/py_env/lib/python3.10/site-packages/airflow/example_dags/example_bash_operator.py
[2024-06-18T13:17:38.232+0400] {processor.py:840} INFO - DAG(s) 'example_bash_operator' retrieved from /home/user/Desktop/airflowproj/py_env/lib/python3.10/site-packages/airflow/example_dags/example_bash_operator.py
[2024-06-18T13:17:38.244+0400] {logging_mixin.py:188} INFO - [2024-06-18T13:17:38.244+0400] {dag.py:3096} INFO - Sync 1 DAGs
[2024-06-18T13:17:38.254+0400] {logging_mixin.py:188} INFO - [2024-06-18T13:17:38.254+0400] {dag.py:3954} INFO - Setting next_dagrun for example_bash_operator to 2024-06-17 00:00:00+00:00, run_after=2024-06-18 00:00:00+00:00
[2024-06-18T13:17:38.269+0400] {processor.py:183} INFO - Processing /home/user/Desktop/airflowproj/py_env/lib/python3.10/site-packages/airflow/example_dags/example_bash_operator.py took 0.048 seconds
[2024-06-18T13:18:39.328+0400] {processor.py:161} INFO - Started process (PID=56480) to work on /home/user/Desktop/airflowproj/py_env/lib/python3.10/site-packages/airflow/example_dags/example_bash_operator.py
[2024-06-18T13:18:39.330+0400] {processor.py:830} INFO - Processing file /home/user/Desktop/airflowproj/py_env/lib/python3.10/site-packages/airflow/example_dags/example_bash_operator.py for tasks to queue
[2024-06-18T13:18:39.331+0400] {logging_mixin.py:188} INFO - [2024-06-18T13:18:39.331+0400] {dagbag.py:545} INFO - Filling up the DagBag from /home/user/Desktop/airflowproj/py_env/lib/python3.10/site-packages/airflow/example_dags/example_bash_operator.py
[2024-06-18T13:18:39.337+0400] {processor.py:840} INFO - DAG(s) 'example_bash_operator' retrieved from /home/user/Desktop/airflowproj/py_env/lib/python3.10/site-packages/airflow/example_dags/example_bash_operator.py
[2024-06-18T13:18:39.348+0400] {logging_mixin.py:188} INFO - [2024-06-18T13:18:39.348+0400] {dag.py:3096} INFO - Sync 1 DAGs
[2024-06-18T13:18:39.357+0400] {logging_mixin.py:188} INFO - [2024-06-18T13:18:39.357+0400] {dag.py:3954} INFO - Setting next_dagrun for example_bash_operator to 2024-06-17 00:00:00+00:00, run_after=2024-06-18 00:00:00+00:00
[2024-06-18T13:18:39.370+0400] {processor.py:183} INFO - Processing /home/user/Desktop/airflowproj/py_env/lib/python3.10/site-packages/airflow/example_dags/example_bash_operator.py took 0.046 seconds
[2024-06-18T13:19:37.423+0400] {processor.py:161} INFO - Started process (PID=56663) to work on /home/user/Desktop/airflowproj/py_env/lib/python3.10/site-packages/airflow/example_dags/example_bash_operator.py
[2024-06-18T13:19:37.425+0400] {processor.py:830} INFO - Processing file /home/user/Desktop/airflowproj/py_env/lib/python3.10/site-packages/airflow/example_dags/example_bash_operator.py for tasks to queue
[2024-06-18T13:19:37.426+0400] {logging_mixin.py:188} INFO - [2024-06-18T13:19:37.425+0400] {dagbag.py:545} INFO - Filling up the DagBag from /home/user/Desktop/airflowproj/py_env/lib/python3.10/site-packages/airflow/example_dags/example_bash_operator.py
[2024-06-18T13:19:37.432+0400] {processor.py:840} INFO - DAG(s) 'example_bash_operator' retrieved from /home/user/Desktop/airflowproj/py_env/lib/python3.10/site-packages/airflow/example_dags/example_bash_operator.py
[2024-06-18T13:19:37.443+0400] {logging_mixin.py:188} INFO - [2024-06-18T13:19:37.442+0400] {dag.py:3096} INFO - Sync 1 DAGs
[2024-06-18T13:19:37.452+0400] {logging_mixin.py:188} INFO - [2024-06-18T13:19:37.452+0400] {dag.py:3954} INFO - Setting next_dagrun for example_bash_operator to 2024-06-17 00:00:00+00:00, run_after=2024-06-18 00:00:00+00:00
[2024-06-18T13:19:37.465+0400] {processor.py:183} INFO - Processing /home/user/Desktop/airflowproj/py_env/lib/python3.10/site-packages/airflow/example_dags/example_bash_operator.py took 0.045 seconds
[2024-06-18T13:20:36.536+0400] {processor.py:161} INFO - Started process (PID=56870) to work on /home/user/Desktop/airflowproj/py_env/lib/python3.10/site-packages/airflow/example_dags/example_bash_operator.py
[2024-06-18T13:20:36.538+0400] {processor.py:830} INFO - Processing file /home/user/Desktop/airflowproj/py_env/lib/python3.10/site-packages/airflow/example_dags/example_bash_operator.py for tasks to queue
[2024-06-18T13:20:36.539+0400] {logging_mixin.py:188} INFO - [2024-06-18T13:20:36.539+0400] {dagbag.py:545} INFO - Filling up the DagBag from /home/user/Desktop/airflowproj/py_env/lib/python3.10/site-packages/airflow/example_dags/example_bash_operator.py
[2024-06-18T13:20:36.544+0400] {processor.py:840} INFO - DAG(s) 'example_bash_operator' retrieved from /home/user/Desktop/airflowproj/py_env/lib/python3.10/site-packages/airflow/example_dags/example_bash_operator.py
[2024-06-18T13:20:36.556+0400] {logging_mixin.py:188} INFO - [2024-06-18T13:20:36.555+0400] {dag.py:3096} INFO - Sync 1 DAGs
[2024-06-18T13:20:36.565+0400] {logging_mixin.py:188} INFO - [2024-06-18T13:20:36.565+0400] {dag.py:3954} INFO - Setting next_dagrun for example_bash_operator to 2024-06-17 00:00:00+00:00, run_after=2024-06-18 00:00:00+00:00
[2024-06-18T13:20:36.578+0400] {processor.py:183} INFO - Processing /home/user/Desktop/airflowproj/py_env/lib/python3.10/site-packages/airflow/example_dags/example_bash_operator.py took 0.047 seconds
[2024-06-18T13:21:35.443+0400] {processor.py:161} INFO - Started process (PID=57071) to work on /home/user/Desktop/airflowproj/py_env/lib/python3.10/site-packages/airflow/example_dags/example_bash_operator.py
[2024-06-18T13:21:35.444+0400] {processor.py:830} INFO - Processing file /home/user/Desktop/airflowproj/py_env/lib/python3.10/site-packages/airflow/example_dags/example_bash_operator.py for tasks to queue
[2024-06-18T13:21:35.446+0400] {logging_mixin.py:188} INFO - [2024-06-18T13:21:35.446+0400] {dagbag.py:545} INFO - Filling up the DagBag from /home/user/Desktop/airflowproj/py_env/lib/python3.10/site-packages/airflow/example_dags/example_bash_operator.py
[2024-06-18T13:21:35.454+0400] {processor.py:840} INFO - DAG(s) 'example_bash_operator' retrieved from /home/user/Desktop/airflowproj/py_env/lib/python3.10/site-packages/airflow/example_dags/example_bash_operator.py
[2024-06-18T13:21:35.466+0400] {logging_mixin.py:188} INFO - [2024-06-18T13:21:35.466+0400] {dag.py:3096} INFO - Sync 1 DAGs
[2024-06-18T13:21:35.475+0400] {logging_mixin.py:188} INFO - [2024-06-18T13:21:35.475+0400] {dag.py:3954} INFO - Setting next_dagrun for example_bash_operator to 2024-06-17 00:00:00+00:00, run_after=2024-06-18 00:00:00+00:00
[2024-06-18T13:21:35.488+0400] {processor.py:183} INFO - Processing /home/user/Desktop/airflowproj/py_env/lib/python3.10/site-packages/airflow/example_dags/example_bash_operator.py took 0.050 seconds
[2024-06-18T13:22:37.129+0400] {processor.py:161} INFO - Started process (PID=57281) to work on /home/user/Desktop/airflowproj/py_env/lib/python3.10/site-packages/airflow/example_dags/example_bash_operator.py
[2024-06-18T13:22:37.131+0400] {processor.py:830} INFO - Processing file /home/user/Desktop/airflowproj/py_env/lib/python3.10/site-packages/airflow/example_dags/example_bash_operator.py for tasks to queue
[2024-06-18T13:22:37.132+0400] {logging_mixin.py:188} INFO - [2024-06-18T13:22:37.132+0400] {dagbag.py:545} INFO - Filling up the DagBag from /home/user/Desktop/airflowproj/py_env/lib/python3.10/site-packages/airflow/example_dags/example_bash_operator.py
[2024-06-18T13:22:37.139+0400] {processor.py:840} INFO - DAG(s) 'example_bash_operator' retrieved from /home/user/Desktop/airflowproj/py_env/lib/python3.10/site-packages/airflow/example_dags/example_bash_operator.py
[2024-06-18T13:22:37.149+0400] {logging_mixin.py:188} INFO - [2024-06-18T13:22:37.149+0400] {dag.py:3096} INFO - Sync 1 DAGs
[2024-06-18T13:22:37.159+0400] {logging_mixin.py:188} INFO - [2024-06-18T13:22:37.158+0400] {dag.py:3954} INFO - Setting next_dagrun for example_bash_operator to 2024-06-17 00:00:00+00:00, run_after=2024-06-18 00:00:00+00:00
[2024-06-18T13:22:37.174+0400] {processor.py:183} INFO - Processing /home/user/Desktop/airflowproj/py_env/lib/python3.10/site-packages/airflow/example_dags/example_bash_operator.py took 0.050 seconds
[2024-06-18T13:23:34.893+0400] {processor.py:161} INFO - Started process (PID=57511) to work on /home/user/Desktop/airflowproj/py_env/lib/python3.10/site-packages/airflow/example_dags/example_bash_operator.py
[2024-06-18T13:23:34.895+0400] {processor.py:830} INFO - Processing file /home/user/Desktop/airflowproj/py_env/lib/python3.10/site-packages/airflow/example_dags/example_bash_operator.py for tasks to queue
[2024-06-18T13:23:34.896+0400] {logging_mixin.py:188} INFO - [2024-06-18T13:23:34.896+0400] {dagbag.py:545} INFO - Filling up the DagBag from /home/user/Desktop/airflowproj/py_env/lib/python3.10/site-packages/airflow/example_dags/example_bash_operator.py
[2024-06-18T13:23:34.901+0400] {processor.py:840} INFO - DAG(s) 'example_bash_operator' retrieved from /home/user/Desktop/airflowproj/py_env/lib/python3.10/site-packages/airflow/example_dags/example_bash_operator.py
[2024-06-18T13:23:34.912+0400] {logging_mixin.py:188} INFO - [2024-06-18T13:23:34.912+0400] {dag.py:3096} INFO - Sync 1 DAGs
[2024-06-18T13:23:34.921+0400] {logging_mixin.py:188} INFO - [2024-06-18T13:23:34.921+0400] {dag.py:3954} INFO - Setting next_dagrun for example_bash_operator to 2024-06-17 00:00:00+00:00, run_after=2024-06-18 00:00:00+00:00
[2024-06-18T13:23:34.937+0400] {processor.py:183} INFO - Processing /home/user/Desktop/airflowproj/py_env/lib/python3.10/site-packages/airflow/example_dags/example_bash_operator.py took 0.048 seconds
[2024-06-18T13:24:31.443+0400] {processor.py:161} INFO - Started process (PID=57699) to work on /home/user/Desktop/airflowproj/py_env/lib/python3.10/site-packages/airflow/example_dags/example_bash_operator.py
[2024-06-18T13:24:31.445+0400] {processor.py:830} INFO - Processing file /home/user/Desktop/airflowproj/py_env/lib/python3.10/site-packages/airflow/example_dags/example_bash_operator.py for tasks to queue
[2024-06-18T13:24:31.446+0400] {logging_mixin.py:188} INFO - [2024-06-18T13:24:31.446+0400] {dagbag.py:545} INFO - Filling up the DagBag from /home/user/Desktop/airflowproj/py_env/lib/python3.10/site-packages/airflow/example_dags/example_bash_operator.py
[2024-06-18T13:24:31.453+0400] {processor.py:840} INFO - DAG(s) 'example_bash_operator' retrieved from /home/user/Desktop/airflowproj/py_env/lib/python3.10/site-packages/airflow/example_dags/example_bash_operator.py
[2024-06-18T13:24:31.463+0400] {logging_mixin.py:188} INFO - [2024-06-18T13:24:31.463+0400] {dag.py:3096} INFO - Sync 1 DAGs
[2024-06-18T13:24:31.472+0400] {logging_mixin.py:188} INFO - [2024-06-18T13:24:31.472+0400] {dag.py:3954} INFO - Setting next_dagrun for example_bash_operator to 2024-06-17 00:00:00+00:00, run_after=2024-06-18 00:00:00+00:00
[2024-06-18T13:24:31.486+0400] {processor.py:183} INFO - Processing /home/user/Desktop/airflowproj/py_env/lib/python3.10/site-packages/airflow/example_dags/example_bash_operator.py took 0.047 seconds
[2024-06-18T13:25:29.733+0400] {processor.py:161} INFO - Started process (PID=57898) to work on /home/user/Desktop/airflowproj/py_env/lib/python3.10/site-packages/airflow/example_dags/example_bash_operator.py
[2024-06-18T13:25:29.735+0400] {processor.py:830} INFO - Processing file /home/user/Desktop/airflowproj/py_env/lib/python3.10/site-packages/airflow/example_dags/example_bash_operator.py for tasks to queue
[2024-06-18T13:25:29.736+0400] {logging_mixin.py:188} INFO - [2024-06-18T13:25:29.736+0400] {dagbag.py:545} INFO - Filling up the DagBag from /home/user/Desktop/airflowproj/py_env/lib/python3.10/site-packages/airflow/example_dags/example_bash_operator.py
[2024-06-18T13:25:29.742+0400] {processor.py:840} INFO - DAG(s) 'example_bash_operator' retrieved from /home/user/Desktop/airflowproj/py_env/lib/python3.10/site-packages/airflow/example_dags/example_bash_operator.py
[2024-06-18T13:25:29.753+0400] {logging_mixin.py:188} INFO - [2024-06-18T13:25:29.753+0400] {dag.py:3096} INFO - Sync 1 DAGs
[2024-06-18T13:25:29.762+0400] {logging_mixin.py:188} INFO - [2024-06-18T13:25:29.762+0400] {dag.py:3954} INFO - Setting next_dagrun for example_bash_operator to 2024-06-17 00:00:00+00:00, run_after=2024-06-18 00:00:00+00:00
[2024-06-18T13:25:29.775+0400] {processor.py:183} INFO - Processing /home/user/Desktop/airflowproj/py_env/lib/python3.10/site-packages/airflow/example_dags/example_bash_operator.py took 0.047 seconds
[2024-06-18T13:26:28.594+0400] {processor.py:161} INFO - Started process (PID=58097) to work on /home/user/Desktop/airflowproj/py_env/lib/python3.10/site-packages/airflow/example_dags/example_bash_operator.py
[2024-06-18T13:26:28.596+0400] {processor.py:830} INFO - Processing file /home/user/Desktop/airflowproj/py_env/lib/python3.10/site-packages/airflow/example_dags/example_bash_operator.py for tasks to queue
[2024-06-18T13:26:28.597+0400] {logging_mixin.py:188} INFO - [2024-06-18T13:26:28.597+0400] {dagbag.py:545} INFO - Filling up the DagBag from /home/user/Desktop/airflowproj/py_env/lib/python3.10/site-packages/airflow/example_dags/example_bash_operator.py
[2024-06-18T13:26:28.603+0400] {processor.py:840} INFO - DAG(s) 'example_bash_operator' retrieved from /home/user/Desktop/airflowproj/py_env/lib/python3.10/site-packages/airflow/example_dags/example_bash_operator.py
[2024-06-18T13:26:28.614+0400] {logging_mixin.py:188} INFO - [2024-06-18T13:26:28.614+0400] {dag.py:3096} INFO - Sync 1 DAGs
[2024-06-18T13:26:28.624+0400] {logging_mixin.py:188} INFO - [2024-06-18T13:26:28.624+0400] {dag.py:3954} INFO - Setting next_dagrun for example_bash_operator to 2024-06-17 00:00:00+00:00, run_after=2024-06-18 00:00:00+00:00
[2024-06-18T13:26:28.638+0400] {processor.py:183} INFO - Processing /home/user/Desktop/airflowproj/py_env/lib/python3.10/site-packages/airflow/example_dags/example_bash_operator.py took 0.049 seconds
[2024-06-18T13:27:25.570+0400] {processor.py:161} INFO - Started process (PID=58305) to work on /home/user/Desktop/airflowproj/py_env/lib/python3.10/site-packages/airflow/example_dags/example_bash_operator.py
[2024-06-18T13:27:25.572+0400] {processor.py:830} INFO - Processing file /home/user/Desktop/airflowproj/py_env/lib/python3.10/site-packages/airflow/example_dags/example_bash_operator.py for tasks to queue
[2024-06-18T13:27:25.574+0400] {logging_mixin.py:188} INFO - [2024-06-18T13:27:25.573+0400] {dagbag.py:545} INFO - Filling up the DagBag from /home/user/Desktop/airflowproj/py_env/lib/python3.10/site-packages/airflow/example_dags/example_bash_operator.py
[2024-06-18T13:27:25.579+0400] {processor.py:840} INFO - DAG(s) 'example_bash_operator' retrieved from /home/user/Desktop/airflowproj/py_env/lib/python3.10/site-packages/airflow/example_dags/example_bash_operator.py
[2024-06-18T13:27:25.590+0400] {logging_mixin.py:188} INFO - [2024-06-18T13:27:25.590+0400] {dag.py:3096} INFO - Sync 1 DAGs
[2024-06-18T13:27:25.600+0400] {logging_mixin.py:188} INFO - [2024-06-18T13:27:25.600+0400] {dag.py:3954} INFO - Setting next_dagrun for example_bash_operator to 2024-06-17 00:00:00+00:00, run_after=2024-06-18 00:00:00+00:00
[2024-06-18T13:27:25.612+0400] {processor.py:183} INFO - Processing /home/user/Desktop/airflowproj/py_env/lib/python3.10/site-packages/airflow/example_dags/example_bash_operator.py took 0.048 seconds
[2024-06-18T13:28:21.784+0400] {processor.py:161} INFO - Started process (PID=58522) to work on /home/user/Desktop/airflowproj/py_env/lib/python3.10/site-packages/airflow/example_dags/example_bash_operator.py
[2024-06-18T13:28:21.786+0400] {processor.py:830} INFO - Processing file /home/user/Desktop/airflowproj/py_env/lib/python3.10/site-packages/airflow/example_dags/example_bash_operator.py for tasks to queue
[2024-06-18T13:28:21.787+0400] {logging_mixin.py:188} INFO - [2024-06-18T13:28:21.787+0400] {dagbag.py:545} INFO - Filling up the DagBag from /home/user/Desktop/airflowproj/py_env/lib/python3.10/site-packages/airflow/example_dags/example_bash_operator.py
[2024-06-18T13:28:21.793+0400] {processor.py:840} INFO - DAG(s) 'example_bash_operator' retrieved from /home/user/Desktop/airflowproj/py_env/lib/python3.10/site-packages/airflow/example_dags/example_bash_operator.py
[2024-06-18T13:28:21.803+0400] {logging_mixin.py:188} INFO - [2024-06-18T13:28:21.803+0400] {dag.py:3096} INFO - Sync 1 DAGs
[2024-06-18T13:28:21.812+0400] {logging_mixin.py:188} INFO - [2024-06-18T13:28:21.812+0400] {dag.py:3954} INFO - Setting next_dagrun for example_bash_operator to 2024-06-17 00:00:00+00:00, run_after=2024-06-18 00:00:00+00:00
[2024-06-18T13:28:21.826+0400] {processor.py:183} INFO - Processing /home/user/Desktop/airflowproj/py_env/lib/python3.10/site-packages/airflow/example_dags/example_bash_operator.py took 0.046 seconds
[2024-06-18T13:29:18.003+0400] {processor.py:161} INFO - Started process (PID=58722) to work on /home/user/Desktop/airflowproj/py_env/lib/python3.10/site-packages/airflow/example_dags/example_bash_operator.py
[2024-06-18T13:29:18.005+0400] {processor.py:830} INFO - Processing file /home/user/Desktop/airflowproj/py_env/lib/python3.10/site-packages/airflow/example_dags/example_bash_operator.py for tasks to queue
[2024-06-18T13:29:18.006+0400] {logging_mixin.py:188} INFO - [2024-06-18T13:29:18.006+0400] {dagbag.py:545} INFO - Filling up the DagBag from /home/user/Desktop/airflowproj/py_env/lib/python3.10/site-packages/airflow/example_dags/example_bash_operator.py
[2024-06-18T13:29:18.012+0400] {processor.py:840} INFO - DAG(s) 'example_bash_operator' retrieved from /home/user/Desktop/airflowproj/py_env/lib/python3.10/site-packages/airflow/example_dags/example_bash_operator.py
[2024-06-18T13:29:18.023+0400] {logging_mixin.py:188} INFO - [2024-06-18T13:29:18.022+0400] {dag.py:3096} INFO - Sync 1 DAGs
[2024-06-18T13:29:18.032+0400] {logging_mixin.py:188} INFO - [2024-06-18T13:29:18.032+0400] {dag.py:3954} INFO - Setting next_dagrun for example_bash_operator to 2024-06-17 00:00:00+00:00, run_after=2024-06-18 00:00:00+00:00
[2024-06-18T13:29:18.045+0400] {processor.py:183} INFO - Processing /home/user/Desktop/airflowproj/py_env/lib/python3.10/site-packages/airflow/example_dags/example_bash_operator.py took 0.046 seconds
[2024-06-18T13:30:14.306+0400] {processor.py:161} INFO - Started process (PID=58978) to work on /home/user/Desktop/airflowproj/py_env/lib/python3.10/site-packages/airflow/example_dags/example_bash_operator.py
[2024-06-18T13:30:14.307+0400] {processor.py:830} INFO - Processing file /home/user/Desktop/airflowproj/py_env/lib/python3.10/site-packages/airflow/example_dags/example_bash_operator.py for tasks to queue
[2024-06-18T13:30:14.308+0400] {logging_mixin.py:188} INFO - [2024-06-18T13:30:14.308+0400] {dagbag.py:545} INFO - Filling up the DagBag from /home/user/Desktop/airflowproj/py_env/lib/python3.10/site-packages/airflow/example_dags/example_bash_operator.py
[2024-06-18T13:30:14.314+0400] {processor.py:840} INFO - DAG(s) 'example_bash_operator' retrieved from /home/user/Desktop/airflowproj/py_env/lib/python3.10/site-packages/airflow/example_dags/example_bash_operator.py
[2024-06-18T13:30:14.325+0400] {logging_mixin.py:188} INFO - [2024-06-18T13:30:14.325+0400] {dag.py:3096} INFO - Sync 1 DAGs
[2024-06-18T13:30:14.334+0400] {logging_mixin.py:188} INFO - [2024-06-18T13:30:14.334+0400] {dag.py:3954} INFO - Setting next_dagrun for example_bash_operator to 2024-06-17 00:00:00+00:00, run_after=2024-06-18 00:00:00+00:00
[2024-06-18T13:30:14.347+0400] {processor.py:183} INFO - Processing /home/user/Desktop/airflowproj/py_env/lib/python3.10/site-packages/airflow/example_dags/example_bash_operator.py took 0.045 seconds
[2024-06-18T13:31:15.140+0400] {processor.py:161} INFO - Started process (PID=59202) to work on /home/user/Desktop/airflowproj/py_env/lib/python3.10/site-packages/airflow/example_dags/example_bash_operator.py
[2024-06-18T13:31:15.142+0400] {processor.py:830} INFO - Processing file /home/user/Desktop/airflowproj/py_env/lib/python3.10/site-packages/airflow/example_dags/example_bash_operator.py for tasks to queue
[2024-06-18T13:31:15.143+0400] {logging_mixin.py:188} INFO - [2024-06-18T13:31:15.142+0400] {dagbag.py:545} INFO - Filling up the DagBag from /home/user/Desktop/airflowproj/py_env/lib/python3.10/site-packages/airflow/example_dags/example_bash_operator.py
[2024-06-18T13:31:15.148+0400] {processor.py:840} INFO - DAG(s) 'example_bash_operator' retrieved from /home/user/Desktop/airflowproj/py_env/lib/python3.10/site-packages/airflow/example_dags/example_bash_operator.py
[2024-06-18T13:31:15.159+0400] {logging_mixin.py:188} INFO - [2024-06-18T13:31:15.159+0400] {dag.py:3096} INFO - Sync 1 DAGs
[2024-06-18T13:31:15.169+0400] {logging_mixin.py:188} INFO - [2024-06-18T13:31:15.169+0400] {dag.py:3954} INFO - Setting next_dagrun for example_bash_operator to 2024-06-17 00:00:00+00:00, run_after=2024-06-18 00:00:00+00:00
[2024-06-18T13:31:15.182+0400] {processor.py:183} INFO - Processing /home/user/Desktop/airflowproj/py_env/lib/python3.10/site-packages/airflow/example_dags/example_bash_operator.py took 0.047 seconds
[2024-06-18T13:32:20.848+0400] {processor.py:161} INFO - Started process (PID=59633) to work on /home/user/Desktop/airflowproj/py_env/lib/python3.10/site-packages/airflow/example_dags/example_bash_operator.py
[2024-06-18T13:32:20.851+0400] {processor.py:830} INFO - Processing file /home/user/Desktop/airflowproj/py_env/lib/python3.10/site-packages/airflow/example_dags/example_bash_operator.py for tasks to queue
[2024-06-18T13:32:20.853+0400] {logging_mixin.py:188} INFO - [2024-06-18T13:32:20.852+0400] {dagbag.py:545} INFO - Filling up the DagBag from /home/user/Desktop/airflowproj/py_env/lib/python3.10/site-packages/airflow/example_dags/example_bash_operator.py
[2024-06-18T13:32:20.859+0400] {processor.py:840} INFO - DAG(s) 'example_bash_operator' retrieved from /home/user/Desktop/airflowproj/py_env/lib/python3.10/site-packages/airflow/example_dags/example_bash_operator.py
[2024-06-18T13:32:20.869+0400] {logging_mixin.py:188} INFO - [2024-06-18T13:32:20.869+0400] {dag.py:3096} INFO - Sync 1 DAGs
[2024-06-18T13:32:20.879+0400] {logging_mixin.py:188} INFO - [2024-06-18T13:32:20.879+0400] {dag.py:3954} INFO - Setting next_dagrun for example_bash_operator to 2024-06-17 00:00:00+00:00, run_after=2024-06-18 00:00:00+00:00
[2024-06-18T13:32:20.896+0400] {processor.py:183} INFO - Processing /home/user/Desktop/airflowproj/py_env/lib/python3.10/site-packages/airflow/example_dags/example_bash_operator.py took 0.055 seconds
