[2024-06-18T12:40:30.543+0400] {processor.py:161} INFO - Started process (PID=45680) to work on /home/user/Desktop/airflowproj/py_env/lib/python3.10/site-packages/airflow/example_dags/example_sensor_decorator.py
[2024-06-18T12:40:30.544+0400] {processor.py:830} INFO - Processing file /home/user/Desktop/airflowproj/py_env/lib/python3.10/site-packages/airflow/example_dags/example_sensor_decorator.py for tasks to queue
[2024-06-18T12:40:30.545+0400] {logging_mixin.py:188} INFO - [2024-06-18T12:40:30.545+0400] {dagbag.py:545} INFO - Filling up the DagBag from /home/user/Desktop/airflowproj/py_env/lib/python3.10/site-packages/airflow/example_dags/example_sensor_decorator.py
[2024-06-18T12:40:30.548+0400] {processor.py:840} INFO - DAG(s) 'example_sensor_decorator' retrieved from /home/user/Desktop/airflowproj/py_env/lib/python3.10/site-packages/airflow/example_dags/example_sensor_decorator.py
[2024-06-18T12:40:30.602+0400] {logging_mixin.py:188} INFO - [2024-06-18T12:40:30.602+0400] {override.py:1829} INFO - Created Permission View: can edit on DAG:example_sensor_decorator
[2024-06-18T12:40:30.610+0400] {logging_mixin.py:188} INFO - [2024-06-18T12:40:30.610+0400] {override.py:1829} INFO - Created Permission View: can read on DAG:example_sensor_decorator
[2024-06-18T12:40:30.617+0400] {logging_mixin.py:188} INFO - [2024-06-18T12:40:30.617+0400] {override.py:1829} INFO - Created Permission View: can delete on DAG:example_sensor_decorator
[2024-06-18T12:40:30.617+0400] {logging_mixin.py:188} INFO - [2024-06-18T12:40:30.617+0400] {dag.py:3096} INFO - Sync 1 DAGs
[2024-06-18T12:40:30.622+0400] {logging_mixin.py:188} INFO - [2024-06-18T12:40:30.622+0400] {dag.py:3118} INFO - Creating ORM DAG for example_sensor_decorator
[2024-06-18T12:40:30.622+0400] {logging_mixin.py:188} INFO - [2024-06-18T12:40:30.622+0400] {dag.py:3954} INFO - Setting next_dagrun for example_sensor_decorator to None, run_after=None
[2024-06-18T12:40:30.636+0400] {processor.py:183} INFO - Processing /home/user/Desktop/airflowproj/py_env/lib/python3.10/site-packages/airflow/example_dags/example_sensor_decorator.py took 0.096 seconds
[2024-06-18T12:43:06.621+0400] {processor.py:161} INFO - Started process (PID=46589) to work on /home/user/Desktop/airflowproj/py_env/lib/python3.10/site-packages/airflow/example_dags/example_sensor_decorator.py
[2024-06-18T12:43:06.623+0400] {processor.py:830} INFO - Processing file /home/user/Desktop/airflowproj/py_env/lib/python3.10/site-packages/airflow/example_dags/example_sensor_decorator.py for tasks to queue
[2024-06-18T12:43:06.624+0400] {logging_mixin.py:188} INFO - [2024-06-18T12:43:06.624+0400] {dagbag.py:545} INFO - Filling up the DagBag from /home/user/Desktop/airflowproj/py_env/lib/python3.10/site-packages/airflow/example_dags/example_sensor_decorator.py
[2024-06-18T12:43:06.627+0400] {processor.py:840} INFO - DAG(s) 'example_sensor_decorator' retrieved from /home/user/Desktop/airflowproj/py_env/lib/python3.10/site-packages/airflow/example_dags/example_sensor_decorator.py
[2024-06-18T12:43:06.633+0400] {logging_mixin.py:188} INFO - [2024-06-18T12:43:06.633+0400] {dag.py:3096} INFO - Sync 1 DAGs
[2024-06-18T12:43:06.638+0400] {logging_mixin.py:188} INFO - [2024-06-18T12:43:06.638+0400] {dag.py:3954} INFO - Setting next_dagrun for example_sensor_decorator to None, run_after=None
[2024-06-18T12:43:06.650+0400] {processor.py:183} INFO - Processing /home/user/Desktop/airflowproj/py_env/lib/python3.10/site-packages/airflow/example_dags/example_sensor_decorator.py took 0.032 seconds
[2024-06-18T12:43:58.063+0400] {processor.py:161} INFO - Started process (PID=46770) to work on /home/user/Desktop/airflowproj/py_env/lib/python3.10/site-packages/airflow/example_dags/example_sensor_decorator.py
[2024-06-18T12:43:58.066+0400] {processor.py:830} INFO - Processing file /home/user/Desktop/airflowproj/py_env/lib/python3.10/site-packages/airflow/example_dags/example_sensor_decorator.py for tasks to queue
[2024-06-18T12:43:58.067+0400] {logging_mixin.py:188} INFO - [2024-06-18T12:43:58.066+0400] {dagbag.py:545} INFO - Filling up the DagBag from /home/user/Desktop/airflowproj/py_env/lib/python3.10/site-packages/airflow/example_dags/example_sensor_decorator.py
[2024-06-18T12:43:58.070+0400] {processor.py:840} INFO - DAG(s) 'example_sensor_decorator' retrieved from /home/user/Desktop/airflowproj/py_env/lib/python3.10/site-packages/airflow/example_dags/example_sensor_decorator.py
[2024-06-18T12:43:58.077+0400] {logging_mixin.py:188} INFO - [2024-06-18T12:43:58.077+0400] {dag.py:3096} INFO - Sync 1 DAGs
[2024-06-18T12:43:58.082+0400] {logging_mixin.py:188} INFO - [2024-06-18T12:43:58.082+0400] {dag.py:3954} INFO - Setting next_dagrun for example_sensor_decorator to None, run_after=None
[2024-06-18T12:43:58.096+0400] {processor.py:183} INFO - Processing /home/user/Desktop/airflowproj/py_env/lib/python3.10/site-packages/airflow/example_dags/example_sensor_decorator.py took 0.037 seconds
[2024-06-18T12:44:48.518+0400] {processor.py:161} INFO - Started process (PID=46923) to work on /home/user/Desktop/airflowproj/py_env/lib/python3.10/site-packages/airflow/example_dags/example_sensor_decorator.py
[2024-06-18T12:44:48.520+0400] {processor.py:830} INFO - Processing file /home/user/Desktop/airflowproj/py_env/lib/python3.10/site-packages/airflow/example_dags/example_sensor_decorator.py for tasks to queue
[2024-06-18T12:44:48.521+0400] {logging_mixin.py:188} INFO - [2024-06-18T12:44:48.521+0400] {dagbag.py:545} INFO - Filling up the DagBag from /home/user/Desktop/airflowproj/py_env/lib/python3.10/site-packages/airflow/example_dags/example_sensor_decorator.py
[2024-06-18T12:44:48.525+0400] {processor.py:840} INFO - DAG(s) 'example_sensor_decorator' retrieved from /home/user/Desktop/airflowproj/py_env/lib/python3.10/site-packages/airflow/example_dags/example_sensor_decorator.py
[2024-06-18T12:44:48.590+0400] {logging_mixin.py:188} INFO - [2024-06-18T12:44:48.590+0400] {dag.py:3096} INFO - Sync 1 DAGs
[2024-06-18T12:44:48.596+0400] {logging_mixin.py:188} INFO - [2024-06-18T12:44:48.595+0400] {dag.py:3954} INFO - Setting next_dagrun for example_sensor_decorator to None, run_after=None
[2024-06-18T12:44:48.611+0400] {processor.py:183} INFO - Processing /home/user/Desktop/airflowproj/py_env/lib/python3.10/site-packages/airflow/example_dags/example_sensor_decorator.py took 0.097 seconds
[2024-06-18T12:45:47.403+0400] {processor.py:161} INFO - Started process (PID=47066) to work on /home/user/Desktop/airflowproj/py_env/lib/python3.10/site-packages/airflow/example_dags/example_sensor_decorator.py
[2024-06-18T12:45:47.405+0400] {processor.py:830} INFO - Processing file /home/user/Desktop/airflowproj/py_env/lib/python3.10/site-packages/airflow/example_dags/example_sensor_decorator.py for tasks to queue
[2024-06-18T12:45:47.406+0400] {logging_mixin.py:188} INFO - [2024-06-18T12:45:47.406+0400] {dagbag.py:545} INFO - Filling up the DagBag from /home/user/Desktop/airflowproj/py_env/lib/python3.10/site-packages/airflow/example_dags/example_sensor_decorator.py
[2024-06-18T12:45:47.410+0400] {processor.py:840} INFO - DAG(s) 'example_sensor_decorator' retrieved from /home/user/Desktop/airflowproj/py_env/lib/python3.10/site-packages/airflow/example_dags/example_sensor_decorator.py
[2024-06-18T12:45:47.418+0400] {logging_mixin.py:188} INFO - [2024-06-18T12:45:47.418+0400] {dag.py:3096} INFO - Sync 1 DAGs
[2024-06-18T12:45:47.423+0400] {logging_mixin.py:188} INFO - [2024-06-18T12:45:47.423+0400] {dag.py:3954} INFO - Setting next_dagrun for example_sensor_decorator to None, run_after=None
[2024-06-18T12:45:47.438+0400] {processor.py:183} INFO - Processing /home/user/Desktop/airflowproj/py_env/lib/python3.10/site-packages/airflow/example_dags/example_sensor_decorator.py took 0.038 seconds
[2024-06-18T12:46:46.739+0400] {processor.py:161} INFO - Started process (PID=47347) to work on /home/user/Desktop/airflowproj/py_env/lib/python3.10/site-packages/airflow/example_dags/example_sensor_decorator.py
[2024-06-18T12:46:46.739+0400] {processor.py:830} INFO - Processing file /home/user/Desktop/airflowproj/py_env/lib/python3.10/site-packages/airflow/example_dags/example_sensor_decorator.py for tasks to queue
[2024-06-18T12:46:46.740+0400] {logging_mixin.py:188} INFO - [2024-06-18T12:46:46.740+0400] {dagbag.py:545} INFO - Filling up the DagBag from /home/user/Desktop/airflowproj/py_env/lib/python3.10/site-packages/airflow/example_dags/example_sensor_decorator.py
[2024-06-18T12:46:46.745+0400] {processor.py:840} INFO - DAG(s) 'example_sensor_decorator' retrieved from /home/user/Desktop/airflowproj/py_env/lib/python3.10/site-packages/airflow/example_dags/example_sensor_decorator.py
[2024-06-18T12:46:46.758+0400] {logging_mixin.py:188} INFO - [2024-06-18T12:46:46.758+0400] {dag.py:3096} INFO - Sync 1 DAGs
[2024-06-18T12:46:46.767+0400] {logging_mixin.py:188} INFO - [2024-06-18T12:46:46.767+0400] {dag.py:3954} INFO - Setting next_dagrun for example_sensor_decorator to None, run_after=None
[2024-06-18T12:46:46.786+0400] {processor.py:183} INFO - Processing /home/user/Desktop/airflowproj/py_env/lib/python3.10/site-packages/airflow/example_dags/example_sensor_decorator.py took 0.052 seconds
[2024-06-18T12:47:44.856+0400] {processor.py:161} INFO - Started process (PID=48107) to work on /home/user/Desktop/airflowproj/py_env/lib/python3.10/site-packages/airflow/example_dags/example_sensor_decorator.py
[2024-06-18T12:47:44.857+0400] {processor.py:830} INFO - Processing file /home/user/Desktop/airflowproj/py_env/lib/python3.10/site-packages/airflow/example_dags/example_sensor_decorator.py for tasks to queue
[2024-06-18T12:47:44.858+0400] {logging_mixin.py:188} INFO - [2024-06-18T12:47:44.858+0400] {dagbag.py:545} INFO - Filling up the DagBag from /home/user/Desktop/airflowproj/py_env/lib/python3.10/site-packages/airflow/example_dags/example_sensor_decorator.py
[2024-06-18T12:47:44.862+0400] {processor.py:840} INFO - DAG(s) 'example_sensor_decorator' retrieved from /home/user/Desktop/airflowproj/py_env/lib/python3.10/site-packages/airflow/example_dags/example_sensor_decorator.py
[2024-06-18T12:47:44.869+0400] {logging_mixin.py:188} INFO - [2024-06-18T12:47:44.869+0400] {dag.py:3096} INFO - Sync 1 DAGs
[2024-06-18T12:47:44.874+0400] {logging_mixin.py:188} INFO - [2024-06-18T12:47:44.874+0400] {dag.py:3954} INFO - Setting next_dagrun for example_sensor_decorator to None, run_after=None
[2024-06-18T12:47:44.886+0400] {processor.py:183} INFO - Processing /home/user/Desktop/airflowproj/py_env/lib/python3.10/site-packages/airflow/example_dags/example_sensor_decorator.py took 0.035 seconds
[2024-06-18T12:48:39.274+0400] {processor.py:161} INFO - Started process (PID=48318) to work on /home/user/Desktop/airflowproj/py_env/lib/python3.10/site-packages/airflow/example_dags/example_sensor_decorator.py
[2024-06-18T12:48:39.276+0400] {processor.py:830} INFO - Processing file /home/user/Desktop/airflowproj/py_env/lib/python3.10/site-packages/airflow/example_dags/example_sensor_decorator.py for tasks to queue
[2024-06-18T12:48:39.278+0400] {logging_mixin.py:188} INFO - [2024-06-18T12:48:39.278+0400] {dagbag.py:545} INFO - Filling up the DagBag from /home/user/Desktop/airflowproj/py_env/lib/python3.10/site-packages/airflow/example_dags/example_sensor_decorator.py
[2024-06-18T12:48:39.283+0400] {processor.py:840} INFO - DAG(s) 'example_sensor_decorator' retrieved from /home/user/Desktop/airflowproj/py_env/lib/python3.10/site-packages/airflow/example_dags/example_sensor_decorator.py
[2024-06-18T12:48:39.291+0400] {logging_mixin.py:188} INFO - [2024-06-18T12:48:39.291+0400] {dag.py:3096} INFO - Sync 1 DAGs
[2024-06-18T12:48:39.297+0400] {logging_mixin.py:188} INFO - [2024-06-18T12:48:39.297+0400] {dag.py:3954} INFO - Setting next_dagrun for example_sensor_decorator to None, run_after=None
[2024-06-18T12:48:39.312+0400] {processor.py:183} INFO - Processing /home/user/Desktop/airflowproj/py_env/lib/python3.10/site-packages/airflow/example_dags/example_sensor_decorator.py took 0.043 seconds
[2024-06-18T12:49:34.045+0400] {processor.py:161} INFO - Started process (PID=48662) to work on /home/user/Desktop/airflowproj/py_env/lib/python3.10/site-packages/airflow/example_dags/example_sensor_decorator.py
[2024-06-18T12:49:34.047+0400] {processor.py:830} INFO - Processing file /home/user/Desktop/airflowproj/py_env/lib/python3.10/site-packages/airflow/example_dags/example_sensor_decorator.py for tasks to queue
[2024-06-18T12:49:34.048+0400] {logging_mixin.py:188} INFO - [2024-06-18T12:49:34.048+0400] {dagbag.py:545} INFO - Filling up the DagBag from /home/user/Desktop/airflowproj/py_env/lib/python3.10/site-packages/airflow/example_dags/example_sensor_decorator.py
[2024-06-18T12:49:34.051+0400] {processor.py:840} INFO - DAG(s) 'example_sensor_decorator' retrieved from /home/user/Desktop/airflowproj/py_env/lib/python3.10/site-packages/airflow/example_dags/example_sensor_decorator.py
[2024-06-18T12:49:34.059+0400] {logging_mixin.py:188} INFO - [2024-06-18T12:49:34.059+0400] {dag.py:3096} INFO - Sync 1 DAGs
[2024-06-18T12:49:34.065+0400] {logging_mixin.py:188} INFO - [2024-06-18T12:49:34.065+0400] {dag.py:3954} INFO - Setting next_dagrun for example_sensor_decorator to None, run_after=None
[2024-06-18T12:49:34.078+0400] {processor.py:183} INFO - Processing /home/user/Desktop/airflowproj/py_env/lib/python3.10/site-packages/airflow/example_dags/example_sensor_decorator.py took 0.036 seconds
[2024-06-18T12:50:34.772+0400] {processor.py:161} INFO - Started process (PID=48836) to work on /home/user/Desktop/airflowproj/py_env/lib/python3.10/site-packages/airflow/example_dags/example_sensor_decorator.py
[2024-06-18T12:50:34.774+0400] {processor.py:830} INFO - Processing file /home/user/Desktop/airflowproj/py_env/lib/python3.10/site-packages/airflow/example_dags/example_sensor_decorator.py for tasks to queue
[2024-06-18T12:50:34.776+0400] {logging_mixin.py:188} INFO - [2024-06-18T12:50:34.775+0400] {dagbag.py:545} INFO - Filling up the DagBag from /home/user/Desktop/airflowproj/py_env/lib/python3.10/site-packages/airflow/example_dags/example_sensor_decorator.py
[2024-06-18T12:50:34.779+0400] {processor.py:840} INFO - DAG(s) 'example_sensor_decorator' retrieved from /home/user/Desktop/airflowproj/py_env/lib/python3.10/site-packages/airflow/example_dags/example_sensor_decorator.py
[2024-06-18T12:50:34.787+0400] {logging_mixin.py:188} INFO - [2024-06-18T12:50:34.787+0400] {dag.py:3096} INFO - Sync 1 DAGs
[2024-06-18T12:50:34.793+0400] {logging_mixin.py:188} INFO - [2024-06-18T12:50:34.793+0400] {dag.py:3954} INFO - Setting next_dagrun for example_sensor_decorator to None, run_after=None
[2024-06-18T12:50:34.807+0400] {processor.py:183} INFO - Processing /home/user/Desktop/airflowproj/py_env/lib/python3.10/site-packages/airflow/example_dags/example_sensor_decorator.py took 0.040 seconds
[2024-06-18T12:51:32.430+0400] {processor.py:161} INFO - Started process (PID=49061) to work on /home/user/Desktop/airflowproj/py_env/lib/python3.10/site-packages/airflow/example_dags/example_sensor_decorator.py
[2024-06-18T12:51:32.431+0400] {processor.py:830} INFO - Processing file /home/user/Desktop/airflowproj/py_env/lib/python3.10/site-packages/airflow/example_dags/example_sensor_decorator.py for tasks to queue
[2024-06-18T12:51:32.432+0400] {logging_mixin.py:188} INFO - [2024-06-18T12:51:32.432+0400] {dagbag.py:545} INFO - Filling up the DagBag from /home/user/Desktop/airflowproj/py_env/lib/python3.10/site-packages/airflow/example_dags/example_sensor_decorator.py
[2024-06-18T12:51:32.436+0400] {processor.py:840} INFO - DAG(s) 'example_sensor_decorator' retrieved from /home/user/Desktop/airflowproj/py_env/lib/python3.10/site-packages/airflow/example_dags/example_sensor_decorator.py
[2024-06-18T12:51:32.444+0400] {logging_mixin.py:188} INFO - [2024-06-18T12:51:32.444+0400] {dag.py:3096} INFO - Sync 1 DAGs
[2024-06-18T12:51:32.449+0400] {logging_mixin.py:188} INFO - [2024-06-18T12:51:32.449+0400] {dag.py:3954} INFO - Setting next_dagrun for example_sensor_decorator to None, run_after=None
[2024-06-18T12:51:32.462+0400] {processor.py:183} INFO - Processing /home/user/Desktop/airflowproj/py_env/lib/python3.10/site-packages/airflow/example_dags/example_sensor_decorator.py took 0.035 seconds
[2024-06-18T12:52:31.289+0400] {processor.py:161} INFO - Started process (PID=49230) to work on /home/user/Desktop/airflowproj/py_env/lib/python3.10/site-packages/airflow/example_dags/example_sensor_decorator.py
[2024-06-18T12:52:31.291+0400] {processor.py:830} INFO - Processing file /home/user/Desktop/airflowproj/py_env/lib/python3.10/site-packages/airflow/example_dags/example_sensor_decorator.py for tasks to queue
[2024-06-18T12:52:31.292+0400] {logging_mixin.py:188} INFO - [2024-06-18T12:52:31.292+0400] {dagbag.py:545} INFO - Filling up the DagBag from /home/user/Desktop/airflowproj/py_env/lib/python3.10/site-packages/airflow/example_dags/example_sensor_decorator.py
[2024-06-18T12:52:31.296+0400] {processor.py:840} INFO - DAG(s) 'example_sensor_decorator' retrieved from /home/user/Desktop/airflowproj/py_env/lib/python3.10/site-packages/airflow/example_dags/example_sensor_decorator.py
[2024-06-18T12:52:31.304+0400] {logging_mixin.py:188} INFO - [2024-06-18T12:52:31.303+0400] {dag.py:3096} INFO - Sync 1 DAGs
[2024-06-18T12:52:31.309+0400] {logging_mixin.py:188} INFO - [2024-06-18T12:52:31.309+0400] {dag.py:3954} INFO - Setting next_dagrun for example_sensor_decorator to None, run_after=None
[2024-06-18T12:52:31.323+0400] {processor.py:183} INFO - Processing /home/user/Desktop/airflowproj/py_env/lib/python3.10/site-packages/airflow/example_dags/example_sensor_decorator.py took 0.039 seconds
[2024-06-18T12:53:29.554+0400] {processor.py:161} INFO - Started process (PID=49520) to work on /home/user/Desktop/airflowproj/py_env/lib/python3.10/site-packages/airflow/example_dags/example_sensor_decorator.py
[2024-06-18T12:53:29.556+0400] {processor.py:830} INFO - Processing file /home/user/Desktop/airflowproj/py_env/lib/python3.10/site-packages/airflow/example_dags/example_sensor_decorator.py for tasks to queue
[2024-06-18T12:53:29.557+0400] {logging_mixin.py:188} INFO - [2024-06-18T12:53:29.557+0400] {dagbag.py:545} INFO - Filling up the DagBag from /home/user/Desktop/airflowproj/py_env/lib/python3.10/site-packages/airflow/example_dags/example_sensor_decorator.py
[2024-06-18T12:53:29.563+0400] {processor.py:840} INFO - DAG(s) 'example_sensor_decorator' retrieved from /home/user/Desktop/airflowproj/py_env/lib/python3.10/site-packages/airflow/example_dags/example_sensor_decorator.py
[2024-06-18T12:53:29.571+0400] {logging_mixin.py:188} INFO - [2024-06-18T12:53:29.571+0400] {dag.py:3096} INFO - Sync 1 DAGs
[2024-06-18T12:53:29.576+0400] {logging_mixin.py:188} INFO - [2024-06-18T12:53:29.576+0400] {dag.py:3954} INFO - Setting next_dagrun for example_sensor_decorator to None, run_after=None
[2024-06-18T12:53:29.590+0400] {processor.py:183} INFO - Processing /home/user/Desktop/airflowproj/py_env/lib/python3.10/site-packages/airflow/example_dags/example_sensor_decorator.py took 0.041 seconds
[2024-06-18T12:54:27.341+0400] {processor.py:161} INFO - Started process (PID=49689) to work on /home/user/Desktop/airflowproj/py_env/lib/python3.10/site-packages/airflow/example_dags/example_sensor_decorator.py
[2024-06-18T12:54:27.342+0400] {processor.py:830} INFO - Processing file /home/user/Desktop/airflowproj/py_env/lib/python3.10/site-packages/airflow/example_dags/example_sensor_decorator.py for tasks to queue
[2024-06-18T12:54:27.343+0400] {logging_mixin.py:188} INFO - [2024-06-18T12:54:27.343+0400] {dagbag.py:545} INFO - Filling up the DagBag from /home/user/Desktop/airflowproj/py_env/lib/python3.10/site-packages/airflow/example_dags/example_sensor_decorator.py
[2024-06-18T12:54:27.348+0400] {processor.py:840} INFO - DAG(s) 'example_sensor_decorator' retrieved from /home/user/Desktop/airflowproj/py_env/lib/python3.10/site-packages/airflow/example_dags/example_sensor_decorator.py
[2024-06-18T12:54:27.358+0400] {logging_mixin.py:188} INFO - [2024-06-18T12:54:27.358+0400] {dag.py:3096} INFO - Sync 1 DAGs
[2024-06-18T12:54:27.366+0400] {logging_mixin.py:188} INFO - [2024-06-18T12:54:27.366+0400] {dag.py:3954} INFO - Setting next_dagrun for example_sensor_decorator to None, run_after=None
[2024-06-18T12:54:27.382+0400] {processor.py:183} INFO - Processing /home/user/Desktop/airflowproj/py_env/lib/python3.10/site-packages/airflow/example_dags/example_sensor_decorator.py took 0.047 seconds
[2024-06-18T12:55:27.573+0400] {processor.py:161} INFO - Started process (PID=49993) to work on /home/user/Desktop/airflowproj/py_env/lib/python3.10/site-packages/airflow/example_dags/example_sensor_decorator.py
[2024-06-18T12:55:27.575+0400] {processor.py:830} INFO - Processing file /home/user/Desktop/airflowproj/py_env/lib/python3.10/site-packages/airflow/example_dags/example_sensor_decorator.py for tasks to queue
[2024-06-18T12:55:27.577+0400] {logging_mixin.py:188} INFO - [2024-06-18T12:55:27.576+0400] {dagbag.py:545} INFO - Filling up the DagBag from /home/user/Desktop/airflowproj/py_env/lib/python3.10/site-packages/airflow/example_dags/example_sensor_decorator.py
[2024-06-18T12:55:27.580+0400] {processor.py:840} INFO - DAG(s) 'example_sensor_decorator' retrieved from /home/user/Desktop/airflowproj/py_env/lib/python3.10/site-packages/airflow/example_dags/example_sensor_decorator.py
[2024-06-18T12:55:27.588+0400] {logging_mixin.py:188} INFO - [2024-06-18T12:55:27.588+0400] {dag.py:3096} INFO - Sync 1 DAGs
[2024-06-18T12:55:27.594+0400] {logging_mixin.py:188} INFO - [2024-06-18T12:55:27.594+0400] {dag.py:3954} INFO - Setting next_dagrun for example_sensor_decorator to None, run_after=None
[2024-06-18T12:55:27.608+0400] {processor.py:183} INFO - Processing /home/user/Desktop/airflowproj/py_env/lib/python3.10/site-packages/airflow/example_dags/example_sensor_decorator.py took 0.039 seconds
[2024-06-18T12:56:23.866+0400] {processor.py:161} INFO - Started process (PID=50231) to work on /home/user/Desktop/airflowproj/py_env/lib/python3.10/site-packages/airflow/example_dags/example_sensor_decorator.py
[2024-06-18T12:56:23.868+0400] {processor.py:830} INFO - Processing file /home/user/Desktop/airflowproj/py_env/lib/python3.10/site-packages/airflow/example_dags/example_sensor_decorator.py for tasks to queue
[2024-06-18T12:56:23.870+0400] {logging_mixin.py:188} INFO - [2024-06-18T12:56:23.869+0400] {dagbag.py:545} INFO - Filling up the DagBag from /home/user/Desktop/airflowproj/py_env/lib/python3.10/site-packages/airflow/example_dags/example_sensor_decorator.py
[2024-06-18T12:56:23.873+0400] {processor.py:840} INFO - DAG(s) 'example_sensor_decorator' retrieved from /home/user/Desktop/airflowproj/py_env/lib/python3.10/site-packages/airflow/example_dags/example_sensor_decorator.py
[2024-06-18T12:56:23.881+0400] {logging_mixin.py:188} INFO - [2024-06-18T12:56:23.881+0400] {dag.py:3096} INFO - Sync 1 DAGs
[2024-06-18T12:56:23.886+0400] {logging_mixin.py:188} INFO - [2024-06-18T12:56:23.886+0400] {dag.py:3954} INFO - Setting next_dagrun for example_sensor_decorator to None, run_after=None
[2024-06-18T12:56:23.899+0400] {processor.py:183} INFO - Processing /home/user/Desktop/airflowproj/py_env/lib/python3.10/site-packages/airflow/example_dags/example_sensor_decorator.py took 0.038 seconds
[2024-06-18T12:57:23.293+0400] {processor.py:161} INFO - Started process (PID=50404) to work on /home/user/Desktop/airflowproj/py_env/lib/python3.10/site-packages/airflow/example_dags/example_sensor_decorator.py
[2024-06-18T12:57:23.296+0400] {processor.py:830} INFO - Processing file /home/user/Desktop/airflowproj/py_env/lib/python3.10/site-packages/airflow/example_dags/example_sensor_decorator.py for tasks to queue
[2024-06-18T12:57:23.297+0400] {logging_mixin.py:188} INFO - [2024-06-18T12:57:23.297+0400] {dagbag.py:545} INFO - Filling up the DagBag from /home/user/Desktop/airflowproj/py_env/lib/python3.10/site-packages/airflow/example_dags/example_sensor_decorator.py
[2024-06-18T12:57:23.301+0400] {processor.py:840} INFO - DAG(s) 'example_sensor_decorator' retrieved from /home/user/Desktop/airflowproj/py_env/lib/python3.10/site-packages/airflow/example_dags/example_sensor_decorator.py
[2024-06-18T12:57:23.308+0400] {logging_mixin.py:188} INFO - [2024-06-18T12:57:23.308+0400] {dag.py:3096} INFO - Sync 1 DAGs
[2024-06-18T12:57:23.312+0400] {logging_mixin.py:188} INFO - [2024-06-18T12:57:23.312+0400] {dag.py:3954} INFO - Setting next_dagrun for example_sensor_decorator to None, run_after=None
[2024-06-18T12:57:23.329+0400] {processor.py:183} INFO - Processing /home/user/Desktop/airflowproj/py_env/lib/python3.10/site-packages/airflow/example_dags/example_sensor_decorator.py took 0.040 seconds
[2024-06-18T12:58:23.241+0400] {processor.py:161} INFO - Started process (PID=50925) to work on /home/user/Desktop/airflowproj/py_env/lib/python3.10/site-packages/airflow/example_dags/example_sensor_decorator.py
[2024-06-18T12:58:23.243+0400] {processor.py:830} INFO - Processing file /home/user/Desktop/airflowproj/py_env/lib/python3.10/site-packages/airflow/example_dags/example_sensor_decorator.py for tasks to queue
[2024-06-18T12:58:23.244+0400] {logging_mixin.py:188} INFO - [2024-06-18T12:58:23.244+0400] {dagbag.py:545} INFO - Filling up the DagBag from /home/user/Desktop/airflowproj/py_env/lib/python3.10/site-packages/airflow/example_dags/example_sensor_decorator.py
[2024-06-18T12:58:23.248+0400] {processor.py:840} INFO - DAG(s) 'example_sensor_decorator' retrieved from /home/user/Desktop/airflowproj/py_env/lib/python3.10/site-packages/airflow/example_dags/example_sensor_decorator.py
[2024-06-18T12:58:23.258+0400] {logging_mixin.py:188} INFO - [2024-06-18T12:58:23.257+0400] {dag.py:3096} INFO - Sync 1 DAGs
[2024-06-18T12:58:23.268+0400] {logging_mixin.py:188} INFO - [2024-06-18T12:58:23.268+0400] {dag.py:3954} INFO - Setting next_dagrun for example_sensor_decorator to None, run_after=None
[2024-06-18T12:58:23.286+0400] {processor.py:183} INFO - Processing /home/user/Desktop/airflowproj/py_env/lib/python3.10/site-packages/airflow/example_dags/example_sensor_decorator.py took 0.048 seconds
[2024-06-18T12:59:20.654+0400] {processor.py:161} INFO - Started process (PID=51316) to work on /home/user/Desktop/airflowproj/py_env/lib/python3.10/site-packages/airflow/example_dags/example_sensor_decorator.py
[2024-06-18T12:59:20.655+0400] {processor.py:830} INFO - Processing file /home/user/Desktop/airflowproj/py_env/lib/python3.10/site-packages/airflow/example_dags/example_sensor_decorator.py for tasks to queue
[2024-06-18T12:59:20.656+0400] {logging_mixin.py:188} INFO - [2024-06-18T12:59:20.656+0400] {dagbag.py:545} INFO - Filling up the DagBag from /home/user/Desktop/airflowproj/py_env/lib/python3.10/site-packages/airflow/example_dags/example_sensor_decorator.py
[2024-06-18T12:59:20.659+0400] {processor.py:840} INFO - DAG(s) 'example_sensor_decorator' retrieved from /home/user/Desktop/airflowproj/py_env/lib/python3.10/site-packages/airflow/example_dags/example_sensor_decorator.py
[2024-06-18T12:59:20.666+0400] {logging_mixin.py:188} INFO - [2024-06-18T12:59:20.666+0400] {dag.py:3096} INFO - Sync 1 DAGs
[2024-06-18T12:59:20.671+0400] {logging_mixin.py:188} INFO - [2024-06-18T12:59:20.671+0400] {dag.py:3954} INFO - Setting next_dagrun for example_sensor_decorator to None, run_after=None
[2024-06-18T12:59:20.685+0400] {processor.py:183} INFO - Processing /home/user/Desktop/airflowproj/py_env/lib/python3.10/site-packages/airflow/example_dags/example_sensor_decorator.py took 0.035 seconds
[2024-06-18T13:00:15.192+0400] {processor.py:161} INFO - Started process (PID=51687) to work on /home/user/Desktop/airflowproj/py_env/lib/python3.10/site-packages/airflow/example_dags/example_sensor_decorator.py
[2024-06-18T13:00:15.195+0400] {processor.py:830} INFO - Processing file /home/user/Desktop/airflowproj/py_env/lib/python3.10/site-packages/airflow/example_dags/example_sensor_decorator.py for tasks to queue
[2024-06-18T13:00:15.196+0400] {logging_mixin.py:188} INFO - [2024-06-18T13:00:15.195+0400] {dagbag.py:545} INFO - Filling up the DagBag from /home/user/Desktop/airflowproj/py_env/lib/python3.10/site-packages/airflow/example_dags/example_sensor_decorator.py
[2024-06-18T13:00:15.199+0400] {processor.py:840} INFO - DAG(s) 'example_sensor_decorator' retrieved from /home/user/Desktop/airflowproj/py_env/lib/python3.10/site-packages/airflow/example_dags/example_sensor_decorator.py
[2024-06-18T13:00:15.207+0400] {logging_mixin.py:188} INFO - [2024-06-18T13:00:15.207+0400] {dag.py:3096} INFO - Sync 1 DAGs
[2024-06-18T13:00:15.214+0400] {logging_mixin.py:188} INFO - [2024-06-18T13:00:15.214+0400] {dag.py:3954} INFO - Setting next_dagrun for example_sensor_decorator to None, run_after=None
[2024-06-18T13:00:15.228+0400] {processor.py:183} INFO - Processing /home/user/Desktop/airflowproj/py_env/lib/python3.10/site-packages/airflow/example_dags/example_sensor_decorator.py took 0.041 seconds
[2024-06-18T13:01:13.275+0400] {processor.py:161} INFO - Started process (PID=52022) to work on /home/user/Desktop/airflowproj/py_env/lib/python3.10/site-packages/airflow/example_dags/example_sensor_decorator.py
[2024-06-18T13:01:13.277+0400] {processor.py:830} INFO - Processing file /home/user/Desktop/airflowproj/py_env/lib/python3.10/site-packages/airflow/example_dags/example_sensor_decorator.py for tasks to queue
[2024-06-18T13:01:13.278+0400] {logging_mixin.py:188} INFO - [2024-06-18T13:01:13.278+0400] {dagbag.py:545} INFO - Filling up the DagBag from /home/user/Desktop/airflowproj/py_env/lib/python3.10/site-packages/airflow/example_dags/example_sensor_decorator.py
[2024-06-18T13:01:13.281+0400] {processor.py:840} INFO - DAG(s) 'example_sensor_decorator' retrieved from /home/user/Desktop/airflowproj/py_env/lib/python3.10/site-packages/airflow/example_dags/example_sensor_decorator.py
[2024-06-18T13:01:13.290+0400] {logging_mixin.py:188} INFO - [2024-06-18T13:01:13.289+0400] {dag.py:3096} INFO - Sync 1 DAGs
[2024-06-18T13:01:13.296+0400] {logging_mixin.py:188} INFO - [2024-06-18T13:01:13.296+0400] {dag.py:3954} INFO - Setting next_dagrun for example_sensor_decorator to None, run_after=None
[2024-06-18T13:01:13.310+0400] {processor.py:183} INFO - Processing /home/user/Desktop/airflowproj/py_env/lib/python3.10/site-packages/airflow/example_dags/example_sensor_decorator.py took 0.039 seconds
[2024-06-18T13:02:12.859+0400] {processor.py:161} INFO - Started process (PID=52828) to work on /home/user/Desktop/airflowproj/py_env/lib/python3.10/site-packages/airflow/example_dags/example_sensor_decorator.py
[2024-06-18T13:02:12.862+0400] {processor.py:830} INFO - Processing file /home/user/Desktop/airflowproj/py_env/lib/python3.10/site-packages/airflow/example_dags/example_sensor_decorator.py for tasks to queue
[2024-06-18T13:02:12.863+0400] {logging_mixin.py:188} INFO - [2024-06-18T13:02:12.862+0400] {dagbag.py:545} INFO - Filling up the DagBag from /home/user/Desktop/airflowproj/py_env/lib/python3.10/site-packages/airflow/example_dags/example_sensor_decorator.py
[2024-06-18T13:02:12.866+0400] {processor.py:840} INFO - DAG(s) 'example_sensor_decorator' retrieved from /home/user/Desktop/airflowproj/py_env/lib/python3.10/site-packages/airflow/example_dags/example_sensor_decorator.py
[2024-06-18T13:02:12.874+0400] {logging_mixin.py:188} INFO - [2024-06-18T13:02:12.874+0400] {dag.py:3096} INFO - Sync 1 DAGs
[2024-06-18T13:02:12.880+0400] {logging_mixin.py:188} INFO - [2024-06-18T13:02:12.880+0400] {dag.py:3954} INFO - Setting next_dagrun for example_sensor_decorator to None, run_after=None
[2024-06-18T13:02:12.894+0400] {processor.py:183} INFO - Processing /home/user/Desktop/airflowproj/py_env/lib/python3.10/site-packages/airflow/example_dags/example_sensor_decorator.py took 0.039 seconds
[2024-06-18T13:03:11.813+0400] {processor.py:161} INFO - Started process (PID=53063) to work on /home/user/Desktop/airflowproj/py_env/lib/python3.10/site-packages/airflow/example_dags/example_sensor_decorator.py
[2024-06-18T13:03:11.815+0400] {processor.py:830} INFO - Processing file /home/user/Desktop/airflowproj/py_env/lib/python3.10/site-packages/airflow/example_dags/example_sensor_decorator.py for tasks to queue
[2024-06-18T13:03:11.816+0400] {logging_mixin.py:188} INFO - [2024-06-18T13:03:11.816+0400] {dagbag.py:545} INFO - Filling up the DagBag from /home/user/Desktop/airflowproj/py_env/lib/python3.10/site-packages/airflow/example_dags/example_sensor_decorator.py
[2024-06-18T13:03:11.819+0400] {processor.py:840} INFO - DAG(s) 'example_sensor_decorator' retrieved from /home/user/Desktop/airflowproj/py_env/lib/python3.10/site-packages/airflow/example_dags/example_sensor_decorator.py
[2024-06-18T13:03:11.827+0400] {logging_mixin.py:188} INFO - [2024-06-18T13:03:11.827+0400] {dag.py:3096} INFO - Sync 1 DAGs
[2024-06-18T13:03:11.832+0400] {logging_mixin.py:188} INFO - [2024-06-18T13:03:11.832+0400] {dag.py:3954} INFO - Setting next_dagrun for example_sensor_decorator to None, run_after=None
[2024-06-18T13:03:11.846+0400] {processor.py:183} INFO - Processing /home/user/Desktop/airflowproj/py_env/lib/python3.10/site-packages/airflow/example_dags/example_sensor_decorator.py took 0.039 seconds
[2024-06-18T13:04:08.451+0400] {processor.py:161} INFO - Started process (PID=53253) to work on /home/user/Desktop/airflowproj/py_env/lib/python3.10/site-packages/airflow/example_dags/example_sensor_decorator.py
[2024-06-18T13:04:08.452+0400] {processor.py:830} INFO - Processing file /home/user/Desktop/airflowproj/py_env/lib/python3.10/site-packages/airflow/example_dags/example_sensor_decorator.py for tasks to queue
[2024-06-18T13:04:08.454+0400] {logging_mixin.py:188} INFO - [2024-06-18T13:04:08.453+0400] {dagbag.py:545} INFO - Filling up the DagBag from /home/user/Desktop/airflowproj/py_env/lib/python3.10/site-packages/airflow/example_dags/example_sensor_decorator.py
[2024-06-18T13:04:08.458+0400] {processor.py:840} INFO - DAG(s) 'example_sensor_decorator' retrieved from /home/user/Desktop/airflowproj/py_env/lib/python3.10/site-packages/airflow/example_dags/example_sensor_decorator.py
[2024-06-18T13:04:08.466+0400] {logging_mixin.py:188} INFO - [2024-06-18T13:04:08.466+0400] {dag.py:3096} INFO - Sync 1 DAGs
[2024-06-18T13:04:08.472+0400] {logging_mixin.py:188} INFO - [2024-06-18T13:04:08.472+0400] {dag.py:3954} INFO - Setting next_dagrun for example_sensor_decorator to None, run_after=None
[2024-06-18T13:04:08.485+0400] {processor.py:183} INFO - Processing /home/user/Desktop/airflowproj/py_env/lib/python3.10/site-packages/airflow/example_dags/example_sensor_decorator.py took 0.041 seconds
[2024-06-18T13:05:06.416+0400] {processor.py:161} INFO - Started process (PID=53486) to work on /home/user/Desktop/airflowproj/py_env/lib/python3.10/site-packages/airflow/example_dags/example_sensor_decorator.py
[2024-06-18T13:05:06.418+0400] {processor.py:830} INFO - Processing file /home/user/Desktop/airflowproj/py_env/lib/python3.10/site-packages/airflow/example_dags/example_sensor_decorator.py for tasks to queue
[2024-06-18T13:05:06.420+0400] {logging_mixin.py:188} INFO - [2024-06-18T13:05:06.420+0400] {dagbag.py:545} INFO - Filling up the DagBag from /home/user/Desktop/airflowproj/py_env/lib/python3.10/site-packages/airflow/example_dags/example_sensor_decorator.py
[2024-06-18T13:05:06.425+0400] {processor.py:840} INFO - DAG(s) 'example_sensor_decorator' retrieved from /home/user/Desktop/airflowproj/py_env/lib/python3.10/site-packages/airflow/example_dags/example_sensor_decorator.py
[2024-06-18T13:05:06.433+0400] {logging_mixin.py:188} INFO - [2024-06-18T13:05:06.432+0400] {dag.py:3096} INFO - Sync 1 DAGs
[2024-06-18T13:05:06.439+0400] {logging_mixin.py:188} INFO - [2024-06-18T13:05:06.438+0400] {dag.py:3954} INFO - Setting next_dagrun for example_sensor_decorator to None, run_after=None
[2024-06-18T13:05:06.451+0400] {processor.py:183} INFO - Processing /home/user/Desktop/airflowproj/py_env/lib/python3.10/site-packages/airflow/example_dags/example_sensor_decorator.py took 0.041 seconds
[2024-06-18T13:06:05.274+0400] {processor.py:161} INFO - Started process (PID=53721) to work on /home/user/Desktop/airflowproj/py_env/lib/python3.10/site-packages/airflow/example_dags/example_sensor_decorator.py
[2024-06-18T13:06:05.277+0400] {processor.py:830} INFO - Processing file /home/user/Desktop/airflowproj/py_env/lib/python3.10/site-packages/airflow/example_dags/example_sensor_decorator.py for tasks to queue
[2024-06-18T13:06:05.278+0400] {logging_mixin.py:188} INFO - [2024-06-18T13:06:05.278+0400] {dagbag.py:545} INFO - Filling up the DagBag from /home/user/Desktop/airflowproj/py_env/lib/python3.10/site-packages/airflow/example_dags/example_sensor_decorator.py
[2024-06-18T13:06:05.282+0400] {processor.py:840} INFO - DAG(s) 'example_sensor_decorator' retrieved from /home/user/Desktop/airflowproj/py_env/lib/python3.10/site-packages/airflow/example_dags/example_sensor_decorator.py
[2024-06-18T13:06:05.289+0400] {logging_mixin.py:188} INFO - [2024-06-18T13:06:05.289+0400] {dag.py:3096} INFO - Sync 1 DAGs
[2024-06-18T13:06:05.294+0400] {logging_mixin.py:188} INFO - [2024-06-18T13:06:05.294+0400] {dag.py:3954} INFO - Setting next_dagrun for example_sensor_decorator to None, run_after=None
[2024-06-18T13:06:05.309+0400] {processor.py:183} INFO - Processing /home/user/Desktop/airflowproj/py_env/lib/python3.10/site-packages/airflow/example_dags/example_sensor_decorator.py took 0.039 seconds
[2024-06-18T13:07:06.848+0400] {processor.py:161} INFO - Started process (PID=53931) to work on /home/user/Desktop/airflowproj/py_env/lib/python3.10/site-packages/airflow/example_dags/example_sensor_decorator.py
[2024-06-18T13:07:06.850+0400] {processor.py:830} INFO - Processing file /home/user/Desktop/airflowproj/py_env/lib/python3.10/site-packages/airflow/example_dags/example_sensor_decorator.py for tasks to queue
[2024-06-18T13:07:06.851+0400] {logging_mixin.py:188} INFO - [2024-06-18T13:07:06.851+0400] {dagbag.py:545} INFO - Filling up the DagBag from /home/user/Desktop/airflowproj/py_env/lib/python3.10/site-packages/airflow/example_dags/example_sensor_decorator.py
[2024-06-18T13:07:06.854+0400] {processor.py:840} INFO - DAG(s) 'example_sensor_decorator' retrieved from /home/user/Desktop/airflowproj/py_env/lib/python3.10/site-packages/airflow/example_dags/example_sensor_decorator.py
[2024-06-18T13:07:06.862+0400] {logging_mixin.py:188} INFO - [2024-06-18T13:07:06.862+0400] {dag.py:3096} INFO - Sync 1 DAGs
[2024-06-18T13:07:06.867+0400] {logging_mixin.py:188} INFO - [2024-06-18T13:07:06.867+0400] {dag.py:3954} INFO - Setting next_dagrun for example_sensor_decorator to None, run_after=None
[2024-06-18T13:07:06.880+0400] {processor.py:183} INFO - Processing /home/user/Desktop/airflowproj/py_env/lib/python3.10/site-packages/airflow/example_dags/example_sensor_decorator.py took 0.036 seconds
[2024-06-18T13:08:07.531+0400] {processor.py:161} INFO - Started process (PID=54174) to work on /home/user/Desktop/airflowproj/py_env/lib/python3.10/site-packages/airflow/example_dags/example_sensor_decorator.py
[2024-06-18T13:08:07.531+0400] {processor.py:830} INFO - Processing file /home/user/Desktop/airflowproj/py_env/lib/python3.10/site-packages/airflow/example_dags/example_sensor_decorator.py for tasks to queue
[2024-06-18T13:08:07.532+0400] {logging_mixin.py:188} INFO - [2024-06-18T13:08:07.532+0400] {dagbag.py:545} INFO - Filling up the DagBag from /home/user/Desktop/airflowproj/py_env/lib/python3.10/site-packages/airflow/example_dags/example_sensor_decorator.py
[2024-06-18T13:08:07.536+0400] {processor.py:840} INFO - DAG(s) 'example_sensor_decorator' retrieved from /home/user/Desktop/airflowproj/py_env/lib/python3.10/site-packages/airflow/example_dags/example_sensor_decorator.py
[2024-06-18T13:08:07.543+0400] {logging_mixin.py:188} INFO - [2024-06-18T13:08:07.543+0400] {dag.py:3096} INFO - Sync 1 DAGs
[2024-06-18T13:08:07.548+0400] {logging_mixin.py:188} INFO - [2024-06-18T13:08:07.548+0400] {dag.py:3954} INFO - Setting next_dagrun for example_sensor_decorator to None, run_after=None
[2024-06-18T13:08:07.562+0400] {processor.py:183} INFO - Processing /home/user/Desktop/airflowproj/py_env/lib/python3.10/site-packages/airflow/example_dags/example_sensor_decorator.py took 0.037 seconds
[2024-06-18T13:09:06.458+0400] {processor.py:161} INFO - Started process (PID=54437) to work on /home/user/Desktop/airflowproj/py_env/lib/python3.10/site-packages/airflow/example_dags/example_sensor_decorator.py
[2024-06-18T13:09:06.459+0400] {processor.py:830} INFO - Processing file /home/user/Desktop/airflowproj/py_env/lib/python3.10/site-packages/airflow/example_dags/example_sensor_decorator.py for tasks to queue
[2024-06-18T13:09:06.460+0400] {logging_mixin.py:188} INFO - [2024-06-18T13:09:06.459+0400] {dagbag.py:545} INFO - Filling up the DagBag from /home/user/Desktop/airflowproj/py_env/lib/python3.10/site-packages/airflow/example_dags/example_sensor_decorator.py
[2024-06-18T13:09:06.463+0400] {processor.py:840} INFO - DAG(s) 'example_sensor_decorator' retrieved from /home/user/Desktop/airflowproj/py_env/lib/python3.10/site-packages/airflow/example_dags/example_sensor_decorator.py
[2024-06-18T13:09:06.470+0400] {logging_mixin.py:188} INFO - [2024-06-18T13:09:06.470+0400] {dag.py:3096} INFO - Sync 1 DAGs
[2024-06-18T13:09:06.476+0400] {logging_mixin.py:188} INFO - [2024-06-18T13:09:06.476+0400] {dag.py:3954} INFO - Setting next_dagrun for example_sensor_decorator to None, run_after=None
[2024-06-18T13:09:06.490+0400] {processor.py:183} INFO - Processing /home/user/Desktop/airflowproj/py_env/lib/python3.10/site-packages/airflow/example_dags/example_sensor_decorator.py took 0.037 seconds
[2024-06-18T13:10:05.255+0400] {processor.py:161} INFO - Started process (PID=54642) to work on /home/user/Desktop/airflowproj/py_env/lib/python3.10/site-packages/airflow/example_dags/example_sensor_decorator.py
[2024-06-18T13:10:05.257+0400] {processor.py:830} INFO - Processing file /home/user/Desktop/airflowproj/py_env/lib/python3.10/site-packages/airflow/example_dags/example_sensor_decorator.py for tasks to queue
[2024-06-18T13:10:05.258+0400] {logging_mixin.py:188} INFO - [2024-06-18T13:10:05.258+0400] {dagbag.py:545} INFO - Filling up the DagBag from /home/user/Desktop/airflowproj/py_env/lib/python3.10/site-packages/airflow/example_dags/example_sensor_decorator.py
[2024-06-18T13:10:05.262+0400] {processor.py:840} INFO - DAG(s) 'example_sensor_decorator' retrieved from /home/user/Desktop/airflowproj/py_env/lib/python3.10/site-packages/airflow/example_dags/example_sensor_decorator.py
[2024-06-18T13:10:05.270+0400] {logging_mixin.py:188} INFO - [2024-06-18T13:10:05.270+0400] {dag.py:3096} INFO - Sync 1 DAGs
[2024-06-18T13:10:05.275+0400] {logging_mixin.py:188} INFO - [2024-06-18T13:10:05.275+0400] {dag.py:3954} INFO - Setting next_dagrun for example_sensor_decorator to None, run_after=None
[2024-06-18T13:10:05.290+0400] {processor.py:183} INFO - Processing /home/user/Desktop/airflowproj/py_env/lib/python3.10/site-packages/airflow/example_dags/example_sensor_decorator.py took 0.040 seconds
[2024-06-18T13:11:09.146+0400] {processor.py:161} INFO - Started process (PID=54850) to work on /home/user/Desktop/airflowproj/py_env/lib/python3.10/site-packages/airflow/example_dags/example_sensor_decorator.py
[2024-06-18T13:11:09.148+0400] {processor.py:830} INFO - Processing file /home/user/Desktop/airflowproj/py_env/lib/python3.10/site-packages/airflow/example_dags/example_sensor_decorator.py for tasks to queue
[2024-06-18T13:11:09.149+0400] {logging_mixin.py:188} INFO - [2024-06-18T13:11:09.149+0400] {dagbag.py:545} INFO - Filling up the DagBag from /home/user/Desktop/airflowproj/py_env/lib/python3.10/site-packages/airflow/example_dags/example_sensor_decorator.py
[2024-06-18T13:11:09.153+0400] {processor.py:840} INFO - DAG(s) 'example_sensor_decorator' retrieved from /home/user/Desktop/airflowproj/py_env/lib/python3.10/site-packages/airflow/example_dags/example_sensor_decorator.py
[2024-06-18T13:11:09.160+0400] {logging_mixin.py:188} INFO - [2024-06-18T13:11:09.160+0400] {dag.py:3096} INFO - Sync 1 DAGs
[2024-06-18T13:11:09.166+0400] {logging_mixin.py:188} INFO - [2024-06-18T13:11:09.166+0400] {dag.py:3954} INFO - Setting next_dagrun for example_sensor_decorator to None, run_after=None
[2024-06-18T13:11:09.179+0400] {processor.py:183} INFO - Processing /home/user/Desktop/airflowproj/py_env/lib/python3.10/site-packages/airflow/example_dags/example_sensor_decorator.py took 0.038 seconds
[2024-06-18T13:12:05.752+0400] {processor.py:161} INFO - Started process (PID=55059) to work on /home/user/Desktop/airflowproj/py_env/lib/python3.10/site-packages/airflow/example_dags/example_sensor_decorator.py
[2024-06-18T13:12:05.754+0400] {processor.py:830} INFO - Processing file /home/user/Desktop/airflowproj/py_env/lib/python3.10/site-packages/airflow/example_dags/example_sensor_decorator.py for tasks to queue
[2024-06-18T13:12:05.755+0400] {logging_mixin.py:188} INFO - [2024-06-18T13:12:05.755+0400] {dagbag.py:545} INFO - Filling up the DagBag from /home/user/Desktop/airflowproj/py_env/lib/python3.10/site-packages/airflow/example_dags/example_sensor_decorator.py
[2024-06-18T13:12:05.758+0400] {processor.py:840} INFO - DAG(s) 'example_sensor_decorator' retrieved from /home/user/Desktop/airflowproj/py_env/lib/python3.10/site-packages/airflow/example_dags/example_sensor_decorator.py
[2024-06-18T13:12:05.765+0400] {logging_mixin.py:188} INFO - [2024-06-18T13:12:05.765+0400] {dag.py:3096} INFO - Sync 1 DAGs
[2024-06-18T13:12:05.770+0400] {logging_mixin.py:188} INFO - [2024-06-18T13:12:05.770+0400] {dag.py:3954} INFO - Setting next_dagrun for example_sensor_decorator to None, run_after=None
[2024-06-18T13:12:05.783+0400] {processor.py:183} INFO - Processing /home/user/Desktop/airflowproj/py_env/lib/python3.10/site-packages/airflow/example_dags/example_sensor_decorator.py took 0.037 seconds
[2024-06-18T13:13:05.143+0400] {processor.py:161} INFO - Started process (PID=55275) to work on /home/user/Desktop/airflowproj/py_env/lib/python3.10/site-packages/airflow/example_dags/example_sensor_decorator.py
[2024-06-18T13:13:05.145+0400] {processor.py:830} INFO - Processing file /home/user/Desktop/airflowproj/py_env/lib/python3.10/site-packages/airflow/example_dags/example_sensor_decorator.py for tasks to queue
[2024-06-18T13:13:05.146+0400] {logging_mixin.py:188} INFO - [2024-06-18T13:13:05.146+0400] {dagbag.py:545} INFO - Filling up the DagBag from /home/user/Desktop/airflowproj/py_env/lib/python3.10/site-packages/airflow/example_dags/example_sensor_decorator.py
[2024-06-18T13:13:05.150+0400] {processor.py:840} INFO - DAG(s) 'example_sensor_decorator' retrieved from /home/user/Desktop/airflowproj/py_env/lib/python3.10/site-packages/airflow/example_dags/example_sensor_decorator.py
[2024-06-18T13:13:05.157+0400] {logging_mixin.py:188} INFO - [2024-06-18T13:13:05.157+0400] {dag.py:3096} INFO - Sync 1 DAGs
[2024-06-18T13:13:05.162+0400] {logging_mixin.py:188} INFO - [2024-06-18T13:13:05.162+0400] {dag.py:3954} INFO - Setting next_dagrun for example_sensor_decorator to None, run_after=None
[2024-06-18T13:13:05.175+0400] {processor.py:183} INFO - Processing /home/user/Desktop/airflowproj/py_env/lib/python3.10/site-packages/airflow/example_dags/example_sensor_decorator.py took 0.037 seconds
[2024-06-18T13:14:06.860+0400] {processor.py:161} INFO - Started process (PID=55509) to work on /home/user/Desktop/airflowproj/py_env/lib/python3.10/site-packages/airflow/example_dags/example_sensor_decorator.py
[2024-06-18T13:14:06.862+0400] {processor.py:830} INFO - Processing file /home/user/Desktop/airflowproj/py_env/lib/python3.10/site-packages/airflow/example_dags/example_sensor_decorator.py for tasks to queue
[2024-06-18T13:14:06.863+0400] {logging_mixin.py:188} INFO - [2024-06-18T13:14:06.863+0400] {dagbag.py:545} INFO - Filling up the DagBag from /home/user/Desktop/airflowproj/py_env/lib/python3.10/site-packages/airflow/example_dags/example_sensor_decorator.py
[2024-06-18T13:14:06.867+0400] {processor.py:840} INFO - DAG(s) 'example_sensor_decorator' retrieved from /home/user/Desktop/airflowproj/py_env/lib/python3.10/site-packages/airflow/example_dags/example_sensor_decorator.py
[2024-06-18T13:14:06.874+0400] {logging_mixin.py:188} INFO - [2024-06-18T13:14:06.874+0400] {dag.py:3096} INFO - Sync 1 DAGs
[2024-06-18T13:14:06.880+0400] {logging_mixin.py:188} INFO - [2024-06-18T13:14:06.879+0400] {dag.py:3954} INFO - Setting next_dagrun for example_sensor_decorator to None, run_after=None
[2024-06-18T13:14:06.893+0400] {processor.py:183} INFO - Processing /home/user/Desktop/airflowproj/py_env/lib/python3.10/site-packages/airflow/example_dags/example_sensor_decorator.py took 0.037 seconds
[2024-06-18T13:15:03.985+0400] {processor.py:161} INFO - Started process (PID=55695) to work on /home/user/Desktop/airflowproj/py_env/lib/python3.10/site-packages/airflow/example_dags/example_sensor_decorator.py
[2024-06-18T13:15:03.987+0400] {processor.py:830} INFO - Processing file /home/user/Desktop/airflowproj/py_env/lib/python3.10/site-packages/airflow/example_dags/example_sensor_decorator.py for tasks to queue
[2024-06-18T13:15:03.989+0400] {logging_mixin.py:188} INFO - [2024-06-18T13:15:03.988+0400] {dagbag.py:545} INFO - Filling up the DagBag from /home/user/Desktop/airflowproj/py_env/lib/python3.10/site-packages/airflow/example_dags/example_sensor_decorator.py
[2024-06-18T13:15:03.992+0400] {processor.py:840} INFO - DAG(s) 'example_sensor_decorator' retrieved from /home/user/Desktop/airflowproj/py_env/lib/python3.10/site-packages/airflow/example_dags/example_sensor_decorator.py
[2024-06-18T13:15:04.000+0400] {logging_mixin.py:188} INFO - [2024-06-18T13:15:04.000+0400] {dag.py:3096} INFO - Sync 1 DAGs
[2024-06-18T13:15:04.005+0400] {logging_mixin.py:188} INFO - [2024-06-18T13:15:04.005+0400] {dag.py:3954} INFO - Setting next_dagrun for example_sensor_decorator to None, run_after=None
[2024-06-18T13:15:04.019+0400] {processor.py:183} INFO - Processing /home/user/Desktop/airflowproj/py_env/lib/python3.10/site-packages/airflow/example_dags/example_sensor_decorator.py took 0.038 seconds
[2024-06-18T13:16:02.911+0400] {processor.py:161} INFO - Started process (PID=55906) to work on /home/user/Desktop/airflowproj/py_env/lib/python3.10/site-packages/airflow/example_dags/example_sensor_decorator.py
[2024-06-18T13:16:02.913+0400] {processor.py:830} INFO - Processing file /home/user/Desktop/airflowproj/py_env/lib/python3.10/site-packages/airflow/example_dags/example_sensor_decorator.py for tasks to queue
[2024-06-18T13:16:02.914+0400] {logging_mixin.py:188} INFO - [2024-06-18T13:16:02.914+0400] {dagbag.py:545} INFO - Filling up the DagBag from /home/user/Desktop/airflowproj/py_env/lib/python3.10/site-packages/airflow/example_dags/example_sensor_decorator.py
[2024-06-18T13:16:02.918+0400] {processor.py:840} INFO - DAG(s) 'example_sensor_decorator' retrieved from /home/user/Desktop/airflowproj/py_env/lib/python3.10/site-packages/airflow/example_dags/example_sensor_decorator.py
[2024-06-18T13:16:02.925+0400] {logging_mixin.py:188} INFO - [2024-06-18T13:16:02.925+0400] {dag.py:3096} INFO - Sync 1 DAGs
[2024-06-18T13:16:02.931+0400] {logging_mixin.py:188} INFO - [2024-06-18T13:16:02.931+0400] {dag.py:3954} INFO - Setting next_dagrun for example_sensor_decorator to None, run_after=None
[2024-06-18T13:16:02.946+0400] {processor.py:183} INFO - Processing /home/user/Desktop/airflowproj/py_env/lib/python3.10/site-packages/airflow/example_dags/example_sensor_decorator.py took 0.038 seconds
[2024-06-18T13:17:01.727+0400] {processor.py:161} INFO - Started process (PID=56110) to work on /home/user/Desktop/airflowproj/py_env/lib/python3.10/site-packages/airflow/example_dags/example_sensor_decorator.py
[2024-06-18T13:17:01.729+0400] {processor.py:830} INFO - Processing file /home/user/Desktop/airflowproj/py_env/lib/python3.10/site-packages/airflow/example_dags/example_sensor_decorator.py for tasks to queue
[2024-06-18T13:17:01.730+0400] {logging_mixin.py:188} INFO - [2024-06-18T13:17:01.730+0400] {dagbag.py:545} INFO - Filling up the DagBag from /home/user/Desktop/airflowproj/py_env/lib/python3.10/site-packages/airflow/example_dags/example_sensor_decorator.py
[2024-06-18T13:17:01.734+0400] {processor.py:840} INFO - DAG(s) 'example_sensor_decorator' retrieved from /home/user/Desktop/airflowproj/py_env/lib/python3.10/site-packages/airflow/example_dags/example_sensor_decorator.py
[2024-06-18T13:17:01.742+0400] {logging_mixin.py:188} INFO - [2024-06-18T13:17:01.742+0400] {dag.py:3096} INFO - Sync 1 DAGs
[2024-06-18T13:17:01.747+0400] {logging_mixin.py:188} INFO - [2024-06-18T13:17:01.747+0400] {dag.py:3954} INFO - Setting next_dagrun for example_sensor_decorator to None, run_after=None
[2024-06-18T13:17:01.760+0400] {processor.py:183} INFO - Processing /home/user/Desktop/airflowproj/py_env/lib/python3.10/site-packages/airflow/example_dags/example_sensor_decorator.py took 0.036 seconds
[2024-06-18T13:17:57.938+0400] {processor.py:161} INFO - Started process (PID=56322) to work on /home/user/Desktop/airflowproj/py_env/lib/python3.10/site-packages/airflow/example_dags/example_sensor_decorator.py
[2024-06-18T13:17:57.941+0400] {processor.py:830} INFO - Processing file /home/user/Desktop/airflowproj/py_env/lib/python3.10/site-packages/airflow/example_dags/example_sensor_decorator.py for tasks to queue
[2024-06-18T13:17:57.942+0400] {logging_mixin.py:188} INFO - [2024-06-18T13:17:57.942+0400] {dagbag.py:545} INFO - Filling up the DagBag from /home/user/Desktop/airflowproj/py_env/lib/python3.10/site-packages/airflow/example_dags/example_sensor_decorator.py
[2024-06-18T13:17:57.946+0400] {processor.py:840} INFO - DAG(s) 'example_sensor_decorator' retrieved from /home/user/Desktop/airflowproj/py_env/lib/python3.10/site-packages/airflow/example_dags/example_sensor_decorator.py
[2024-06-18T13:17:57.957+0400] {logging_mixin.py:188} INFO - [2024-06-18T13:17:57.957+0400] {dag.py:3096} INFO - Sync 1 DAGs
[2024-06-18T13:17:57.963+0400] {logging_mixin.py:188} INFO - [2024-06-18T13:17:57.962+0400] {dag.py:3954} INFO - Setting next_dagrun for example_sensor_decorator to None, run_after=None
[2024-06-18T13:17:57.976+0400] {processor.py:183} INFO - Processing /home/user/Desktop/airflowproj/py_env/lib/python3.10/site-packages/airflow/example_dags/example_sensor_decorator.py took 0.041 seconds
[2024-06-18T13:18:57.342+0400] {processor.py:161} INFO - Started process (PID=56534) to work on /home/user/Desktop/airflowproj/py_env/lib/python3.10/site-packages/airflow/example_dags/example_sensor_decorator.py
[2024-06-18T13:18:57.342+0400] {processor.py:830} INFO - Processing file /home/user/Desktop/airflowproj/py_env/lib/python3.10/site-packages/airflow/example_dags/example_sensor_decorator.py for tasks to queue
[2024-06-18T13:18:57.344+0400] {logging_mixin.py:188} INFO - [2024-06-18T13:18:57.343+0400] {dagbag.py:545} INFO - Filling up the DagBag from /home/user/Desktop/airflowproj/py_env/lib/python3.10/site-packages/airflow/example_dags/example_sensor_decorator.py
[2024-06-18T13:18:57.347+0400] {processor.py:840} INFO - DAG(s) 'example_sensor_decorator' retrieved from /home/user/Desktop/airflowproj/py_env/lib/python3.10/site-packages/airflow/example_dags/example_sensor_decorator.py
[2024-06-18T13:18:57.354+0400] {logging_mixin.py:188} INFO - [2024-06-18T13:18:57.354+0400] {dag.py:3096} INFO - Sync 1 DAGs
[2024-06-18T13:18:57.360+0400] {logging_mixin.py:188} INFO - [2024-06-18T13:18:57.360+0400] {dag.py:3954} INFO - Setting next_dagrun for example_sensor_decorator to None, run_after=None
[2024-06-18T13:18:57.374+0400] {processor.py:183} INFO - Processing /home/user/Desktop/airflowproj/py_env/lib/python3.10/site-packages/airflow/example_dags/example_sensor_decorator.py took 0.037 seconds
[2024-06-18T13:19:56.499+0400] {processor.py:161} INFO - Started process (PID=56735) to work on /home/user/Desktop/airflowproj/py_env/lib/python3.10/site-packages/airflow/example_dags/example_sensor_decorator.py
[2024-06-18T13:19:56.502+0400] {processor.py:830} INFO - Processing file /home/user/Desktop/airflowproj/py_env/lib/python3.10/site-packages/airflow/example_dags/example_sensor_decorator.py for tasks to queue
[2024-06-18T13:19:56.503+0400] {logging_mixin.py:188} INFO - [2024-06-18T13:19:56.502+0400] {dagbag.py:545} INFO - Filling up the DagBag from /home/user/Desktop/airflowproj/py_env/lib/python3.10/site-packages/airflow/example_dags/example_sensor_decorator.py
[2024-06-18T13:19:56.506+0400] {processor.py:840} INFO - DAG(s) 'example_sensor_decorator' retrieved from /home/user/Desktop/airflowproj/py_env/lib/python3.10/site-packages/airflow/example_dags/example_sensor_decorator.py
[2024-06-18T13:19:56.514+0400] {logging_mixin.py:188} INFO - [2024-06-18T13:19:56.514+0400] {dag.py:3096} INFO - Sync 1 DAGs
[2024-06-18T13:19:56.519+0400] {logging_mixin.py:188} INFO - [2024-06-18T13:19:56.519+0400] {dag.py:3954} INFO - Setting next_dagrun for example_sensor_decorator to None, run_after=None
[2024-06-18T13:19:56.532+0400] {processor.py:183} INFO - Processing /home/user/Desktop/airflowproj/py_env/lib/python3.10/site-packages/airflow/example_dags/example_sensor_decorator.py took 0.038 seconds
[2024-06-18T13:20:55.394+0400] {processor.py:161} INFO - Started process (PID=56942) to work on /home/user/Desktop/airflowproj/py_env/lib/python3.10/site-packages/airflow/example_dags/example_sensor_decorator.py
[2024-06-18T13:20:55.396+0400] {processor.py:830} INFO - Processing file /home/user/Desktop/airflowproj/py_env/lib/python3.10/site-packages/airflow/example_dags/example_sensor_decorator.py for tasks to queue
[2024-06-18T13:20:55.397+0400] {logging_mixin.py:188} INFO - [2024-06-18T13:20:55.397+0400] {dagbag.py:545} INFO - Filling up the DagBag from /home/user/Desktop/airflowproj/py_env/lib/python3.10/site-packages/airflow/example_dags/example_sensor_decorator.py
[2024-06-18T13:20:55.401+0400] {processor.py:840} INFO - DAG(s) 'example_sensor_decorator' retrieved from /home/user/Desktop/airflowproj/py_env/lib/python3.10/site-packages/airflow/example_dags/example_sensor_decorator.py
[2024-06-18T13:20:55.408+0400] {logging_mixin.py:188} INFO - [2024-06-18T13:20:55.408+0400] {dag.py:3096} INFO - Sync 1 DAGs
[2024-06-18T13:20:55.413+0400] {logging_mixin.py:188} INFO - [2024-06-18T13:20:55.413+0400] {dag.py:3954} INFO - Setting next_dagrun for example_sensor_decorator to None, run_after=None
[2024-06-18T13:20:55.427+0400] {processor.py:183} INFO - Processing /home/user/Desktop/airflowproj/py_env/lib/python3.10/site-packages/airflow/example_dags/example_sensor_decorator.py took 0.038 seconds
[2024-06-18T13:21:57.110+0400] {processor.py:161} INFO - Started process (PID=57146) to work on /home/user/Desktop/airflowproj/py_env/lib/python3.10/site-packages/airflow/example_dags/example_sensor_decorator.py
[2024-06-18T13:21:57.113+0400] {processor.py:830} INFO - Processing file /home/user/Desktop/airflowproj/py_env/lib/python3.10/site-packages/airflow/example_dags/example_sensor_decorator.py for tasks to queue
[2024-06-18T13:21:57.115+0400] {logging_mixin.py:188} INFO - [2024-06-18T13:21:57.115+0400] {dagbag.py:545} INFO - Filling up the DagBag from /home/user/Desktop/airflowproj/py_env/lib/python3.10/site-packages/airflow/example_dags/example_sensor_decorator.py
[2024-06-18T13:21:57.119+0400] {processor.py:840} INFO - DAG(s) 'example_sensor_decorator' retrieved from /home/user/Desktop/airflowproj/py_env/lib/python3.10/site-packages/airflow/example_dags/example_sensor_decorator.py
[2024-06-18T13:21:57.127+0400] {logging_mixin.py:188} INFO - [2024-06-18T13:21:57.127+0400] {dag.py:3096} INFO - Sync 1 DAGs
[2024-06-18T13:21:57.132+0400] {logging_mixin.py:188} INFO - [2024-06-18T13:21:57.132+0400] {dag.py:3954} INFO - Setting next_dagrun for example_sensor_decorator to None, run_after=None
[2024-06-18T13:21:57.145+0400] {processor.py:183} INFO - Processing /home/user/Desktop/airflowproj/py_env/lib/python3.10/site-packages/airflow/example_dags/example_sensor_decorator.py took 0.040 seconds
[2024-06-18T13:22:54.280+0400] {processor.py:161} INFO - Started process (PID=57379) to work on /home/user/Desktop/airflowproj/py_env/lib/python3.10/site-packages/airflow/example_dags/example_sensor_decorator.py
[2024-06-18T13:22:54.282+0400] {processor.py:830} INFO - Processing file /home/user/Desktop/airflowproj/py_env/lib/python3.10/site-packages/airflow/example_dags/example_sensor_decorator.py for tasks to queue
[2024-06-18T13:22:54.283+0400] {logging_mixin.py:188} INFO - [2024-06-18T13:22:54.283+0400] {dagbag.py:545} INFO - Filling up the DagBag from /home/user/Desktop/airflowproj/py_env/lib/python3.10/site-packages/airflow/example_dags/example_sensor_decorator.py
[2024-06-18T13:22:54.286+0400] {processor.py:840} INFO - DAG(s) 'example_sensor_decorator' retrieved from /home/user/Desktop/airflowproj/py_env/lib/python3.10/site-packages/airflow/example_dags/example_sensor_decorator.py
[2024-06-18T13:22:54.294+0400] {logging_mixin.py:188} INFO - [2024-06-18T13:22:54.294+0400] {dag.py:3096} INFO - Sync 1 DAGs
[2024-06-18T13:22:54.299+0400] {logging_mixin.py:188} INFO - [2024-06-18T13:22:54.299+0400] {dag.py:3954} INFO - Setting next_dagrun for example_sensor_decorator to None, run_after=None
[2024-06-18T13:22:54.313+0400] {processor.py:183} INFO - Processing /home/user/Desktop/airflowproj/py_env/lib/python3.10/site-packages/airflow/example_dags/example_sensor_decorator.py took 0.036 seconds
[2024-06-18T13:23:54.297+0400] {processor.py:161} INFO - Started process (PID=57584) to work on /home/user/Desktop/airflowproj/py_env/lib/python3.10/site-packages/airflow/example_dags/example_sensor_decorator.py
[2024-06-18T13:23:54.299+0400] {processor.py:830} INFO - Processing file /home/user/Desktop/airflowproj/py_env/lib/python3.10/site-packages/airflow/example_dags/example_sensor_decorator.py for tasks to queue
[2024-06-18T13:23:54.300+0400] {logging_mixin.py:188} INFO - [2024-06-18T13:23:54.300+0400] {dagbag.py:545} INFO - Filling up the DagBag from /home/user/Desktop/airflowproj/py_env/lib/python3.10/site-packages/airflow/example_dags/example_sensor_decorator.py
[2024-06-18T13:23:54.304+0400] {processor.py:840} INFO - DAG(s) 'example_sensor_decorator' retrieved from /home/user/Desktop/airflowproj/py_env/lib/python3.10/site-packages/airflow/example_dags/example_sensor_decorator.py
[2024-06-18T13:23:54.311+0400] {logging_mixin.py:188} INFO - [2024-06-18T13:23:54.311+0400] {dag.py:3096} INFO - Sync 1 DAGs
[2024-06-18T13:23:54.316+0400] {logging_mixin.py:188} INFO - [2024-06-18T13:23:54.316+0400] {dag.py:3954} INFO - Setting next_dagrun for example_sensor_decorator to None, run_after=None
[2024-06-18T13:23:54.329+0400] {processor.py:183} INFO - Processing /home/user/Desktop/airflowproj/py_env/lib/python3.10/site-packages/airflow/example_dags/example_sensor_decorator.py took 0.037 seconds
[2024-06-18T13:24:50.262+0400] {processor.py:161} INFO - Started process (PID=57761) to work on /home/user/Desktop/airflowproj/py_env/lib/python3.10/site-packages/airflow/example_dags/example_sensor_decorator.py
[2024-06-18T13:24:50.264+0400] {processor.py:830} INFO - Processing file /home/user/Desktop/airflowproj/py_env/lib/python3.10/site-packages/airflow/example_dags/example_sensor_decorator.py for tasks to queue
[2024-06-18T13:24:50.266+0400] {logging_mixin.py:188} INFO - [2024-06-18T13:24:50.265+0400] {dagbag.py:545} INFO - Filling up the DagBag from /home/user/Desktop/airflowproj/py_env/lib/python3.10/site-packages/airflow/example_dags/example_sensor_decorator.py
[2024-06-18T13:24:50.269+0400] {processor.py:840} INFO - DAG(s) 'example_sensor_decorator' retrieved from /home/user/Desktop/airflowproj/py_env/lib/python3.10/site-packages/airflow/example_dags/example_sensor_decorator.py
[2024-06-18T13:24:50.276+0400] {logging_mixin.py:188} INFO - [2024-06-18T13:24:50.276+0400] {dag.py:3096} INFO - Sync 1 DAGs
[2024-06-18T13:24:50.282+0400] {logging_mixin.py:188} INFO - [2024-06-18T13:24:50.282+0400] {dag.py:3954} INFO - Setting next_dagrun for example_sensor_decorator to None, run_after=None
[2024-06-18T13:24:50.295+0400] {processor.py:183} INFO - Processing /home/user/Desktop/airflowproj/py_env/lib/python3.10/site-packages/airflow/example_dags/example_sensor_decorator.py took 0.037 seconds
[2024-06-18T13:25:48.295+0400] {processor.py:161} INFO - Started process (PID=57963) to work on /home/user/Desktop/airflowproj/py_env/lib/python3.10/site-packages/airflow/example_dags/example_sensor_decorator.py
[2024-06-18T13:25:48.298+0400] {processor.py:830} INFO - Processing file /home/user/Desktop/airflowproj/py_env/lib/python3.10/site-packages/airflow/example_dags/example_sensor_decorator.py for tasks to queue
[2024-06-18T13:25:48.299+0400] {logging_mixin.py:188} INFO - [2024-06-18T13:25:48.299+0400] {dagbag.py:545} INFO - Filling up the DagBag from /home/user/Desktop/airflowproj/py_env/lib/python3.10/site-packages/airflow/example_dags/example_sensor_decorator.py
[2024-06-18T13:25:48.303+0400] {processor.py:840} INFO - DAG(s) 'example_sensor_decorator' retrieved from /home/user/Desktop/airflowproj/py_env/lib/python3.10/site-packages/airflow/example_dags/example_sensor_decorator.py
[2024-06-18T13:25:48.310+0400] {logging_mixin.py:188} INFO - [2024-06-18T13:25:48.310+0400] {dag.py:3096} INFO - Sync 1 DAGs
[2024-06-18T13:25:48.315+0400] {logging_mixin.py:188} INFO - [2024-06-18T13:25:48.315+0400] {dag.py:3954} INFO - Setting next_dagrun for example_sensor_decorator to None, run_after=None
[2024-06-18T13:25:48.328+0400] {processor.py:183} INFO - Processing /home/user/Desktop/airflowproj/py_env/lib/python3.10/site-packages/airflow/example_dags/example_sensor_decorator.py took 0.037 seconds
[2024-06-18T13:26:46.592+0400] {processor.py:161} INFO - Started process (PID=58165) to work on /home/user/Desktop/airflowproj/py_env/lib/python3.10/site-packages/airflow/example_dags/example_sensor_decorator.py
[2024-06-18T13:26:46.594+0400] {processor.py:830} INFO - Processing file /home/user/Desktop/airflowproj/py_env/lib/python3.10/site-packages/airflow/example_dags/example_sensor_decorator.py for tasks to queue
[2024-06-18T13:26:46.595+0400] {logging_mixin.py:188} INFO - [2024-06-18T13:26:46.595+0400] {dagbag.py:545} INFO - Filling up the DagBag from /home/user/Desktop/airflowproj/py_env/lib/python3.10/site-packages/airflow/example_dags/example_sensor_decorator.py
[2024-06-18T13:26:46.599+0400] {processor.py:840} INFO - DAG(s) 'example_sensor_decorator' retrieved from /home/user/Desktop/airflowproj/py_env/lib/python3.10/site-packages/airflow/example_dags/example_sensor_decorator.py
[2024-06-18T13:26:46.606+0400] {logging_mixin.py:188} INFO - [2024-06-18T13:26:46.606+0400] {dag.py:3096} INFO - Sync 1 DAGs
[2024-06-18T13:26:46.611+0400] {logging_mixin.py:188} INFO - [2024-06-18T13:26:46.611+0400] {dag.py:3954} INFO - Setting next_dagrun for example_sensor_decorator to None, run_after=None
[2024-06-18T13:26:46.625+0400] {processor.py:183} INFO - Processing /home/user/Desktop/airflowproj/py_env/lib/python3.10/site-packages/airflow/example_dags/example_sensor_decorator.py took 0.037 seconds
[2024-06-18T13:27:44.304+0400] {processor.py:161} INFO - Started process (PID=58400) to work on /home/user/Desktop/airflowproj/py_env/lib/python3.10/site-packages/airflow/example_dags/example_sensor_decorator.py
[2024-06-18T13:27:44.306+0400] {processor.py:830} INFO - Processing file /home/user/Desktop/airflowproj/py_env/lib/python3.10/site-packages/airflow/example_dags/example_sensor_decorator.py for tasks to queue
[2024-06-18T13:27:44.307+0400] {logging_mixin.py:188} INFO - [2024-06-18T13:27:44.307+0400] {dagbag.py:545} INFO - Filling up the DagBag from /home/user/Desktop/airflowproj/py_env/lib/python3.10/site-packages/airflow/example_dags/example_sensor_decorator.py
[2024-06-18T13:27:44.310+0400] {processor.py:840} INFO - DAG(s) 'example_sensor_decorator' retrieved from /home/user/Desktop/airflowproj/py_env/lib/python3.10/site-packages/airflow/example_dags/example_sensor_decorator.py
[2024-06-18T13:27:44.318+0400] {logging_mixin.py:188} INFO - [2024-06-18T13:27:44.317+0400] {dag.py:3096} INFO - Sync 1 DAGs
[2024-06-18T13:27:44.323+0400] {logging_mixin.py:188} INFO - [2024-06-18T13:27:44.323+0400] {dag.py:3954} INFO - Setting next_dagrun for example_sensor_decorator to None, run_after=None
[2024-06-18T13:27:44.337+0400] {processor.py:183} INFO - Processing /home/user/Desktop/airflowproj/py_env/lib/python3.10/site-packages/airflow/example_dags/example_sensor_decorator.py took 0.039 seconds
[2024-06-18T13:28:42.692+0400] {processor.py:161} INFO - Started process (PID=58592) to work on /home/user/Desktop/airflowproj/py_env/lib/python3.10/site-packages/airflow/example_dags/example_sensor_decorator.py
[2024-06-18T13:28:42.694+0400] {processor.py:830} INFO - Processing file /home/user/Desktop/airflowproj/py_env/lib/python3.10/site-packages/airflow/example_dags/example_sensor_decorator.py for tasks to queue
[2024-06-18T13:28:42.696+0400] {logging_mixin.py:188} INFO - [2024-06-18T13:28:42.695+0400] {dagbag.py:545} INFO - Filling up the DagBag from /home/user/Desktop/airflowproj/py_env/lib/python3.10/site-packages/airflow/example_dags/example_sensor_decorator.py
[2024-06-18T13:28:42.701+0400] {processor.py:840} INFO - DAG(s) 'example_sensor_decorator' retrieved from /home/user/Desktop/airflowproj/py_env/lib/python3.10/site-packages/airflow/example_dags/example_sensor_decorator.py
[2024-06-18T13:28:42.709+0400] {logging_mixin.py:188} INFO - [2024-06-18T13:28:42.708+0400] {dag.py:3096} INFO - Sync 1 DAGs
[2024-06-18T13:28:42.714+0400] {logging_mixin.py:188} INFO - [2024-06-18T13:28:42.714+0400] {dag.py:3954} INFO - Setting next_dagrun for example_sensor_decorator to None, run_after=None
[2024-06-18T13:28:42.728+0400] {processor.py:183} INFO - Processing /home/user/Desktop/airflowproj/py_env/lib/python3.10/site-packages/airflow/example_dags/example_sensor_decorator.py took 0.040 seconds
[2024-06-18T13:29:37.647+0400] {processor.py:161} INFO - Started process (PID=58795) to work on /home/user/Desktop/airflowproj/py_env/lib/python3.10/site-packages/airflow/example_dags/example_sensor_decorator.py
[2024-06-18T13:29:37.649+0400] {processor.py:830} INFO - Processing file /home/user/Desktop/airflowproj/py_env/lib/python3.10/site-packages/airflow/example_dags/example_sensor_decorator.py for tasks to queue
[2024-06-18T13:29:37.650+0400] {logging_mixin.py:188} INFO - [2024-06-18T13:29:37.650+0400] {dagbag.py:545} INFO - Filling up the DagBag from /home/user/Desktop/airflowproj/py_env/lib/python3.10/site-packages/airflow/example_dags/example_sensor_decorator.py
[2024-06-18T13:29:37.653+0400] {processor.py:840} INFO - DAG(s) 'example_sensor_decorator' retrieved from /home/user/Desktop/airflowproj/py_env/lib/python3.10/site-packages/airflow/example_dags/example_sensor_decorator.py
[2024-06-18T13:29:37.661+0400] {logging_mixin.py:188} INFO - [2024-06-18T13:29:37.660+0400] {dag.py:3096} INFO - Sync 1 DAGs
[2024-06-18T13:29:37.666+0400] {logging_mixin.py:188} INFO - [2024-06-18T13:29:37.666+0400] {dag.py:3954} INFO - Setting next_dagrun for example_sensor_decorator to None, run_after=None
[2024-06-18T13:29:37.680+0400] {processor.py:183} INFO - Processing /home/user/Desktop/airflowproj/py_env/lib/python3.10/site-packages/airflow/example_dags/example_sensor_decorator.py took 0.037 seconds
[2024-06-18T13:30:36.863+0400] {processor.py:161} INFO - Started process (PID=59081) to work on /home/user/Desktop/airflowproj/py_env/lib/python3.10/site-packages/airflow/example_dags/example_sensor_decorator.py
[2024-06-18T13:30:36.866+0400] {processor.py:830} INFO - Processing file /home/user/Desktop/airflowproj/py_env/lib/python3.10/site-packages/airflow/example_dags/example_sensor_decorator.py for tasks to queue
[2024-06-18T13:30:36.867+0400] {logging_mixin.py:188} INFO - [2024-06-18T13:30:36.867+0400] {dagbag.py:545} INFO - Filling up the DagBag from /home/user/Desktop/airflowproj/py_env/lib/python3.10/site-packages/airflow/example_dags/example_sensor_decorator.py
[2024-06-18T13:30:36.871+0400] {processor.py:840} INFO - DAG(s) 'example_sensor_decorator' retrieved from /home/user/Desktop/airflowproj/py_env/lib/python3.10/site-packages/airflow/example_dags/example_sensor_decorator.py
[2024-06-18T13:30:36.878+0400] {logging_mixin.py:188} INFO - [2024-06-18T13:30:36.878+0400] {dag.py:3096} INFO - Sync 1 DAGs
[2024-06-18T13:30:36.883+0400] {logging_mixin.py:188} INFO - [2024-06-18T13:30:36.883+0400] {dag.py:3954} INFO - Setting next_dagrun for example_sensor_decorator to None, run_after=None
[2024-06-18T13:30:36.898+0400] {processor.py:183} INFO - Processing /home/user/Desktop/airflowproj/py_env/lib/python3.10/site-packages/airflow/example_dags/example_sensor_decorator.py took 0.038 seconds
[2024-06-18T13:31:36.565+0400] {processor.py:161} INFO - Started process (PID=59327) to work on /home/user/Desktop/airflowproj/py_env/lib/python3.10/site-packages/airflow/example_dags/example_sensor_decorator.py
[2024-06-18T13:31:36.565+0400] {processor.py:830} INFO - Processing file /home/user/Desktop/airflowproj/py_env/lib/python3.10/site-packages/airflow/example_dags/example_sensor_decorator.py for tasks to queue
[2024-06-18T13:31:36.566+0400] {logging_mixin.py:188} INFO - [2024-06-18T13:31:36.566+0400] {dagbag.py:545} INFO - Filling up the DagBag from /home/user/Desktop/airflowproj/py_env/lib/python3.10/site-packages/airflow/example_dags/example_sensor_decorator.py
[2024-06-18T13:31:36.570+0400] {processor.py:840} INFO - DAG(s) 'example_sensor_decorator' retrieved from /home/user/Desktop/airflowproj/py_env/lib/python3.10/site-packages/airflow/example_dags/example_sensor_decorator.py
[2024-06-18T13:31:36.586+0400] {logging_mixin.py:188} INFO - [2024-06-18T13:31:36.586+0400] {dag.py:3096} INFO - Sync 1 DAGs
[2024-06-18T13:31:36.592+0400] {logging_mixin.py:188} INFO - [2024-06-18T13:31:36.592+0400] {dag.py:3954} INFO - Setting next_dagrun for example_sensor_decorator to None, run_after=None
[2024-06-18T13:31:36.605+0400] {processor.py:183} INFO - Processing /home/user/Desktop/airflowproj/py_env/lib/python3.10/site-packages/airflow/example_dags/example_sensor_decorator.py took 0.048 seconds
