[2024-06-18T12:40:29.299+0400] {processor.py:161} INFO - Started process (PID=45653) to work on /home/user/Desktop/airflowproj/py_env/lib/python3.10/site-packages/airflow/example_dags/example_time_delta_sensor_async.py
[2024-06-18T12:40:29.299+0400] {processor.py:830} INFO - Processing file /home/user/Desktop/airflowproj/py_env/lib/python3.10/site-packages/airflow/example_dags/example_time_delta_sensor_async.py for tasks to queue
[2024-06-18T12:40:29.300+0400] {logging_mixin.py:188} INFO - [2024-06-18T12:40:29.300+0400] {dagbag.py:545} INFO - Filling up the DagBag from /home/user/Desktop/airflowproj/py_env/lib/python3.10/site-packages/airflow/example_dags/example_time_delta_sensor_async.py
[2024-06-18T12:40:29.303+0400] {processor.py:840} INFO - DAG(s) 'example_time_delta_sensor_async' retrieved from /home/user/Desktop/airflowproj/py_env/lib/python3.10/site-packages/airflow/example_dags/example_time_delta_sensor_async.py
[2024-06-18T12:40:29.373+0400] {logging_mixin.py:188} INFO - [2024-06-18T12:40:29.372+0400] {override.py:1829} INFO - Created Permission View: can edit on DAG:example_time_delta_sensor_async
[2024-06-18T12:40:29.383+0400] {logging_mixin.py:188} INFO - [2024-06-18T12:40:29.383+0400] {override.py:1829} INFO - Created Permission View: can read on DAG:example_time_delta_sensor_async
[2024-06-18T12:40:29.391+0400] {logging_mixin.py:188} INFO - [2024-06-18T12:40:29.391+0400] {override.py:1829} INFO - Created Permission View: can delete on DAG:example_time_delta_sensor_async
[2024-06-18T12:40:29.391+0400] {logging_mixin.py:188} INFO - [2024-06-18T12:40:29.391+0400] {dag.py:3096} INFO - Sync 1 DAGs
[2024-06-18T12:40:29.396+0400] {logging_mixin.py:188} INFO - [2024-06-18T12:40:29.396+0400] {dag.py:3118} INFO - Creating ORM DAG for example_time_delta_sensor_async
[2024-06-18T12:40:29.397+0400] {logging_mixin.py:188} INFO - [2024-06-18T12:40:29.397+0400] {dag.py:3954} INFO - Setting next_dagrun for example_time_delta_sensor_async to None, run_after=None
[2024-06-18T12:40:29.412+0400] {processor.py:183} INFO - Processing /home/user/Desktop/airflowproj/py_env/lib/python3.10/site-packages/airflow/example_dags/example_time_delta_sensor_async.py took 0.116 seconds
[2024-06-18T12:43:05.488+0400] {processor.py:161} INFO - Started process (PID=46588) to work on /home/user/Desktop/airflowproj/py_env/lib/python3.10/site-packages/airflow/example_dags/example_time_delta_sensor_async.py
[2024-06-18T12:43:05.490+0400] {processor.py:830} INFO - Processing file /home/user/Desktop/airflowproj/py_env/lib/python3.10/site-packages/airflow/example_dags/example_time_delta_sensor_async.py for tasks to queue
[2024-06-18T12:43:05.491+0400] {logging_mixin.py:188} INFO - [2024-06-18T12:43:05.491+0400] {dagbag.py:545} INFO - Filling up the DagBag from /home/user/Desktop/airflowproj/py_env/lib/python3.10/site-packages/airflow/example_dags/example_time_delta_sensor_async.py
[2024-06-18T12:43:05.495+0400] {processor.py:840} INFO - DAG(s) 'example_time_delta_sensor_async' retrieved from /home/user/Desktop/airflowproj/py_env/lib/python3.10/site-packages/airflow/example_dags/example_time_delta_sensor_async.py
[2024-06-18T12:43:05.507+0400] {logging_mixin.py:188} INFO - [2024-06-18T12:43:05.507+0400] {dag.py:3096} INFO - Sync 1 DAGs
[2024-06-18T12:43:05.513+0400] {logging_mixin.py:188} INFO - [2024-06-18T12:43:05.512+0400] {dag.py:3954} INFO - Setting next_dagrun for example_time_delta_sensor_async to None, run_after=None
[2024-06-18T12:43:05.529+0400] {processor.py:183} INFO - Processing /home/user/Desktop/airflowproj/py_env/lib/python3.10/site-packages/airflow/example_dags/example_time_delta_sensor_async.py took 0.048 seconds
[2024-06-18T12:43:57.025+0400] {processor.py:161} INFO - Started process (PID=46768) to work on /home/user/Desktop/airflowproj/py_env/lib/python3.10/site-packages/airflow/example_dags/example_time_delta_sensor_async.py
[2024-06-18T12:43:57.026+0400] {processor.py:830} INFO - Processing file /home/user/Desktop/airflowproj/py_env/lib/python3.10/site-packages/airflow/example_dags/example_time_delta_sensor_async.py for tasks to queue
[2024-06-18T12:43:57.028+0400] {logging_mixin.py:188} INFO - [2024-06-18T12:43:57.027+0400] {dagbag.py:545} INFO - Filling up the DagBag from /home/user/Desktop/airflowproj/py_env/lib/python3.10/site-packages/airflow/example_dags/example_time_delta_sensor_async.py
[2024-06-18T12:43:57.031+0400] {processor.py:840} INFO - DAG(s) 'example_time_delta_sensor_async' retrieved from /home/user/Desktop/airflowproj/py_env/lib/python3.10/site-packages/airflow/example_dags/example_time_delta_sensor_async.py
[2024-06-18T12:43:57.040+0400] {logging_mixin.py:188} INFO - [2024-06-18T12:43:57.040+0400] {dag.py:3096} INFO - Sync 1 DAGs
[2024-06-18T12:43:57.046+0400] {logging_mixin.py:188} INFO - [2024-06-18T12:43:57.046+0400] {dag.py:3954} INFO - Setting next_dagrun for example_time_delta_sensor_async to None, run_after=None
[2024-06-18T12:43:57.058+0400] {processor.py:183} INFO - Processing /home/user/Desktop/airflowproj/py_env/lib/python3.10/site-packages/airflow/example_dags/example_time_delta_sensor_async.py took 0.037 seconds
[2024-06-18T12:44:47.386+0400] {processor.py:161} INFO - Started process (PID=46916) to work on /home/user/Desktop/airflowproj/py_env/lib/python3.10/site-packages/airflow/example_dags/example_time_delta_sensor_async.py
[2024-06-18T12:44:47.388+0400] {processor.py:830} INFO - Processing file /home/user/Desktop/airflowproj/py_env/lib/python3.10/site-packages/airflow/example_dags/example_time_delta_sensor_async.py for tasks to queue
[2024-06-18T12:44:47.388+0400] {logging_mixin.py:188} INFO - [2024-06-18T12:44:47.388+0400] {dagbag.py:545} INFO - Filling up the DagBag from /home/user/Desktop/airflowproj/py_env/lib/python3.10/site-packages/airflow/example_dags/example_time_delta_sensor_async.py
[2024-06-18T12:44:47.391+0400] {processor.py:840} INFO - DAG(s) 'example_time_delta_sensor_async' retrieved from /home/user/Desktop/airflowproj/py_env/lib/python3.10/site-packages/airflow/example_dags/example_time_delta_sensor_async.py
[2024-06-18T12:44:47.455+0400] {logging_mixin.py:188} INFO - [2024-06-18T12:44:47.455+0400] {dag.py:3096} INFO - Sync 1 DAGs
[2024-06-18T12:44:47.460+0400] {logging_mixin.py:188} INFO - [2024-06-18T12:44:47.460+0400] {dag.py:3954} INFO - Setting next_dagrun for example_time_delta_sensor_async to None, run_after=None
[2024-06-18T12:44:47.473+0400] {processor.py:183} INFO - Processing /home/user/Desktop/airflowproj/py_env/lib/python3.10/site-packages/airflow/example_dags/example_time_delta_sensor_async.py took 0.092 seconds
[2024-06-18T12:45:46.268+0400] {processor.py:161} INFO - Started process (PID=47065) to work on /home/user/Desktop/airflowproj/py_env/lib/python3.10/site-packages/airflow/example_dags/example_time_delta_sensor_async.py
[2024-06-18T12:45:46.270+0400] {processor.py:830} INFO - Processing file /home/user/Desktop/airflowproj/py_env/lib/python3.10/site-packages/airflow/example_dags/example_time_delta_sensor_async.py for tasks to queue
[2024-06-18T12:45:46.271+0400] {logging_mixin.py:188} INFO - [2024-06-18T12:45:46.271+0400] {dagbag.py:545} INFO - Filling up the DagBag from /home/user/Desktop/airflowproj/py_env/lib/python3.10/site-packages/airflow/example_dags/example_time_delta_sensor_async.py
[2024-06-18T12:45:46.275+0400] {processor.py:840} INFO - DAG(s) 'example_time_delta_sensor_async' retrieved from /home/user/Desktop/airflowproj/py_env/lib/python3.10/site-packages/airflow/example_dags/example_time_delta_sensor_async.py
[2024-06-18T12:45:46.285+0400] {logging_mixin.py:188} INFO - [2024-06-18T12:45:46.285+0400] {dag.py:3096} INFO - Sync 1 DAGs
[2024-06-18T12:45:46.298+0400] {logging_mixin.py:188} INFO - [2024-06-18T12:45:46.298+0400] {dag.py:3954} INFO - Setting next_dagrun for example_time_delta_sensor_async to None, run_after=None
[2024-06-18T12:45:46.312+0400] {processor.py:183} INFO - Processing /home/user/Desktop/airflowproj/py_env/lib/python3.10/site-packages/airflow/example_dags/example_time_delta_sensor_async.py took 0.049 seconds
[2024-06-18T12:46:45.606+0400] {processor.py:161} INFO - Started process (PID=47326) to work on /home/user/Desktop/airflowproj/py_env/lib/python3.10/site-packages/airflow/example_dags/example_time_delta_sensor_async.py
[2024-06-18T12:46:45.608+0400] {processor.py:830} INFO - Processing file /home/user/Desktop/airflowproj/py_env/lib/python3.10/site-packages/airflow/example_dags/example_time_delta_sensor_async.py for tasks to queue
[2024-06-18T12:46:45.609+0400] {logging_mixin.py:188} INFO - [2024-06-18T12:46:45.609+0400] {dagbag.py:545} INFO - Filling up the DagBag from /home/user/Desktop/airflowproj/py_env/lib/python3.10/site-packages/airflow/example_dags/example_time_delta_sensor_async.py
[2024-06-18T12:46:45.613+0400] {processor.py:840} INFO - DAG(s) 'example_time_delta_sensor_async' retrieved from /home/user/Desktop/airflowproj/py_env/lib/python3.10/site-packages/airflow/example_dags/example_time_delta_sensor_async.py
[2024-06-18T12:46:45.623+0400] {logging_mixin.py:188} INFO - [2024-06-18T12:46:45.623+0400] {dag.py:3096} INFO - Sync 1 DAGs
[2024-06-18T12:46:45.632+0400] {logging_mixin.py:188} INFO - [2024-06-18T12:46:45.632+0400] {dag.py:3954} INFO - Setting next_dagrun for example_time_delta_sensor_async to None, run_after=None
[2024-06-18T12:46:45.650+0400] {processor.py:183} INFO - Processing /home/user/Desktop/airflowproj/py_env/lib/python3.10/site-packages/airflow/example_dags/example_time_delta_sensor_async.py took 0.048 seconds
[2024-06-18T12:47:43.717+0400] {processor.py:161} INFO - Started process (PID=48100) to work on /home/user/Desktop/airflowproj/py_env/lib/python3.10/site-packages/airflow/example_dags/example_time_delta_sensor_async.py
[2024-06-18T12:47:43.719+0400] {processor.py:830} INFO - Processing file /home/user/Desktop/airflowproj/py_env/lib/python3.10/site-packages/airflow/example_dags/example_time_delta_sensor_async.py for tasks to queue
[2024-06-18T12:47:43.719+0400] {logging_mixin.py:188} INFO - [2024-06-18T12:47:43.719+0400] {dagbag.py:545} INFO - Filling up the DagBag from /home/user/Desktop/airflowproj/py_env/lib/python3.10/site-packages/airflow/example_dags/example_time_delta_sensor_async.py
[2024-06-18T12:47:43.722+0400] {processor.py:840} INFO - DAG(s) 'example_time_delta_sensor_async' retrieved from /home/user/Desktop/airflowproj/py_env/lib/python3.10/site-packages/airflow/example_dags/example_time_delta_sensor_async.py
[2024-06-18T12:47:43.728+0400] {logging_mixin.py:188} INFO - [2024-06-18T12:47:43.728+0400] {dag.py:3096} INFO - Sync 1 DAGs
[2024-06-18T12:47:43.733+0400] {logging_mixin.py:188} INFO - [2024-06-18T12:47:43.733+0400] {dag.py:3954} INFO - Setting next_dagrun for example_time_delta_sensor_async to None, run_after=None
[2024-06-18T12:47:43.746+0400] {processor.py:183} INFO - Processing /home/user/Desktop/airflowproj/py_env/lib/python3.10/site-packages/airflow/example_dags/example_time_delta_sensor_async.py took 0.032 seconds
[2024-06-18T12:48:38.121+0400] {processor.py:161} INFO - Started process (PID=48317) to work on /home/user/Desktop/airflowproj/py_env/lib/python3.10/site-packages/airflow/example_dags/example_time_delta_sensor_async.py
[2024-06-18T12:48:38.122+0400] {processor.py:830} INFO - Processing file /home/user/Desktop/airflowproj/py_env/lib/python3.10/site-packages/airflow/example_dags/example_time_delta_sensor_async.py for tasks to queue
[2024-06-18T12:48:38.123+0400] {logging_mixin.py:188} INFO - [2024-06-18T12:48:38.123+0400] {dagbag.py:545} INFO - Filling up the DagBag from /home/user/Desktop/airflowproj/py_env/lib/python3.10/site-packages/airflow/example_dags/example_time_delta_sensor_async.py
[2024-06-18T12:48:38.126+0400] {processor.py:840} INFO - DAG(s) 'example_time_delta_sensor_async' retrieved from /home/user/Desktop/airflowproj/py_env/lib/python3.10/site-packages/airflow/example_dags/example_time_delta_sensor_async.py
[2024-06-18T12:48:38.134+0400] {logging_mixin.py:188} INFO - [2024-06-18T12:48:38.134+0400] {dag.py:3096} INFO - Sync 1 DAGs
[2024-06-18T12:48:38.140+0400] {logging_mixin.py:188} INFO - [2024-06-18T12:48:38.140+0400] {dag.py:3954} INFO - Setting next_dagrun for example_time_delta_sensor_async to None, run_after=None
[2024-06-18T12:48:38.155+0400] {processor.py:183} INFO - Processing /home/user/Desktop/airflowproj/py_env/lib/python3.10/site-packages/airflow/example_dags/example_time_delta_sensor_async.py took 0.038 seconds
[2024-06-18T12:49:32.910+0400] {processor.py:161} INFO - Started process (PID=48660) to work on /home/user/Desktop/airflowproj/py_env/lib/python3.10/site-packages/airflow/example_dags/example_time_delta_sensor_async.py
[2024-06-18T12:49:32.910+0400] {processor.py:830} INFO - Processing file /home/user/Desktop/airflowproj/py_env/lib/python3.10/site-packages/airflow/example_dags/example_time_delta_sensor_async.py for tasks to queue
[2024-06-18T12:49:32.911+0400] {logging_mixin.py:188} INFO - [2024-06-18T12:49:32.911+0400] {dagbag.py:545} INFO - Filling up the DagBag from /home/user/Desktop/airflowproj/py_env/lib/python3.10/site-packages/airflow/example_dags/example_time_delta_sensor_async.py
[2024-06-18T12:49:32.914+0400] {processor.py:840} INFO - DAG(s) 'example_time_delta_sensor_async' retrieved from /home/user/Desktop/airflowproj/py_env/lib/python3.10/site-packages/airflow/example_dags/example_time_delta_sensor_async.py
[2024-06-18T12:49:32.925+0400] {logging_mixin.py:188} INFO - [2024-06-18T12:49:32.925+0400] {dag.py:3096} INFO - Sync 1 DAGs
[2024-06-18T12:49:32.932+0400] {logging_mixin.py:188} INFO - [2024-06-18T12:49:32.932+0400] {dag.py:3954} INFO - Setting next_dagrun for example_time_delta_sensor_async to None, run_after=None
[2024-06-18T12:49:32.947+0400] {processor.py:183} INFO - Processing /home/user/Desktop/airflowproj/py_env/lib/python3.10/site-packages/airflow/example_dags/example_time_delta_sensor_async.py took 0.041 seconds
[2024-06-18T12:50:33.624+0400] {processor.py:161} INFO - Started process (PID=48835) to work on /home/user/Desktop/airflowproj/py_env/lib/python3.10/site-packages/airflow/example_dags/example_time_delta_sensor_async.py
[2024-06-18T12:50:33.625+0400] {processor.py:830} INFO - Processing file /home/user/Desktop/airflowproj/py_env/lib/python3.10/site-packages/airflow/example_dags/example_time_delta_sensor_async.py for tasks to queue
[2024-06-18T12:50:33.627+0400] {logging_mixin.py:188} INFO - [2024-06-18T12:50:33.626+0400] {dagbag.py:545} INFO - Filling up the DagBag from /home/user/Desktop/airflowproj/py_env/lib/python3.10/site-packages/airflow/example_dags/example_time_delta_sensor_async.py
[2024-06-18T12:50:33.630+0400] {processor.py:840} INFO - DAG(s) 'example_time_delta_sensor_async' retrieved from /home/user/Desktop/airflowproj/py_env/lib/python3.10/site-packages/airflow/example_dags/example_time_delta_sensor_async.py
[2024-06-18T12:50:33.637+0400] {logging_mixin.py:188} INFO - [2024-06-18T12:50:33.637+0400] {dag.py:3096} INFO - Sync 1 DAGs
[2024-06-18T12:50:33.642+0400] {logging_mixin.py:188} INFO - [2024-06-18T12:50:33.642+0400] {dag.py:3954} INFO - Setting next_dagrun for example_time_delta_sensor_async to None, run_after=None
[2024-06-18T12:50:33.655+0400] {processor.py:183} INFO - Processing /home/user/Desktop/airflowproj/py_env/lib/python3.10/site-packages/airflow/example_dags/example_time_delta_sensor_async.py took 0.038 seconds
[2024-06-18T12:51:31.863+0400] {processor.py:161} INFO - Started process (PID=49060) to work on /home/user/Desktop/airflowproj/py_env/lib/python3.10/site-packages/airflow/example_dags/example_time_delta_sensor_async.py
[2024-06-18T12:51:31.865+0400] {processor.py:830} INFO - Processing file /home/user/Desktop/airflowproj/py_env/lib/python3.10/site-packages/airflow/example_dags/example_time_delta_sensor_async.py for tasks to queue
[2024-06-18T12:51:31.867+0400] {logging_mixin.py:188} INFO - [2024-06-18T12:51:31.867+0400] {dagbag.py:545} INFO - Filling up the DagBag from /home/user/Desktop/airflowproj/py_env/lib/python3.10/site-packages/airflow/example_dags/example_time_delta_sensor_async.py
[2024-06-18T12:51:31.871+0400] {processor.py:840} INFO - DAG(s) 'example_time_delta_sensor_async' retrieved from /home/user/Desktop/airflowproj/py_env/lib/python3.10/site-packages/airflow/example_dags/example_time_delta_sensor_async.py
[2024-06-18T12:51:31.880+0400] {logging_mixin.py:188} INFO - [2024-06-18T12:51:31.880+0400] {dag.py:3096} INFO - Sync 1 DAGs
[2024-06-18T12:51:31.888+0400] {logging_mixin.py:188} INFO - [2024-06-18T12:51:31.888+0400] {dag.py:3954} INFO - Setting next_dagrun for example_time_delta_sensor_async to None, run_after=None
[2024-06-18T12:51:31.907+0400] {processor.py:183} INFO - Processing /home/user/Desktop/airflowproj/py_env/lib/python3.10/site-packages/airflow/example_dags/example_time_delta_sensor_async.py took 0.048 seconds
[2024-06-18T12:52:30.155+0400] {processor.py:161} INFO - Started process (PID=49229) to work on /home/user/Desktop/airflowproj/py_env/lib/python3.10/site-packages/airflow/example_dags/example_time_delta_sensor_async.py
[2024-06-18T12:52:30.157+0400] {processor.py:830} INFO - Processing file /home/user/Desktop/airflowproj/py_env/lib/python3.10/site-packages/airflow/example_dags/example_time_delta_sensor_async.py for tasks to queue
[2024-06-18T12:52:30.158+0400] {logging_mixin.py:188} INFO - [2024-06-18T12:52:30.158+0400] {dagbag.py:545} INFO - Filling up the DagBag from /home/user/Desktop/airflowproj/py_env/lib/python3.10/site-packages/airflow/example_dags/example_time_delta_sensor_async.py
[2024-06-18T12:52:30.161+0400] {processor.py:840} INFO - DAG(s) 'example_time_delta_sensor_async' retrieved from /home/user/Desktop/airflowproj/py_env/lib/python3.10/site-packages/airflow/example_dags/example_time_delta_sensor_async.py
[2024-06-18T12:52:30.169+0400] {logging_mixin.py:188} INFO - [2024-06-18T12:52:30.169+0400] {dag.py:3096} INFO - Sync 1 DAGs
[2024-06-18T12:52:30.175+0400] {logging_mixin.py:188} INFO - [2024-06-18T12:52:30.175+0400] {dag.py:3954} INFO - Setting next_dagrun for example_time_delta_sensor_async to None, run_after=None
[2024-06-18T12:52:30.190+0400] {processor.py:183} INFO - Processing /home/user/Desktop/airflowproj/py_env/lib/python3.10/site-packages/airflow/example_dags/example_time_delta_sensor_async.py took 0.041 seconds
[2024-06-18T12:53:28.412+0400] {processor.py:161} INFO - Started process (PID=49509) to work on /home/user/Desktop/airflowproj/py_env/lib/python3.10/site-packages/airflow/example_dags/example_time_delta_sensor_async.py
[2024-06-18T12:53:28.414+0400] {processor.py:830} INFO - Processing file /home/user/Desktop/airflowproj/py_env/lib/python3.10/site-packages/airflow/example_dags/example_time_delta_sensor_async.py for tasks to queue
[2024-06-18T12:53:28.415+0400] {logging_mixin.py:188} INFO - [2024-06-18T12:53:28.415+0400] {dagbag.py:545} INFO - Filling up the DagBag from /home/user/Desktop/airflowproj/py_env/lib/python3.10/site-packages/airflow/example_dags/example_time_delta_sensor_async.py
[2024-06-18T12:53:28.417+0400] {processor.py:840} INFO - DAG(s) 'example_time_delta_sensor_async' retrieved from /home/user/Desktop/airflowproj/py_env/lib/python3.10/site-packages/airflow/example_dags/example_time_delta_sensor_async.py
[2024-06-18T12:53:28.424+0400] {logging_mixin.py:188} INFO - [2024-06-18T12:53:28.424+0400] {dag.py:3096} INFO - Sync 1 DAGs
[2024-06-18T12:53:28.430+0400] {logging_mixin.py:188} INFO - [2024-06-18T12:53:28.430+0400] {dag.py:3954} INFO - Setting next_dagrun for example_time_delta_sensor_async to None, run_after=None
[2024-06-18T12:53:28.443+0400] {processor.py:183} INFO - Processing /home/user/Desktop/airflowproj/py_env/lib/python3.10/site-packages/airflow/example_dags/example_time_delta_sensor_async.py took 0.034 seconds
[2024-06-18T12:54:26.741+0400] {processor.py:161} INFO - Started process (PID=49688) to work on /home/user/Desktop/airflowproj/py_env/lib/python3.10/site-packages/airflow/example_dags/example_time_delta_sensor_async.py
[2024-06-18T12:54:26.745+0400] {processor.py:830} INFO - Processing file /home/user/Desktop/airflowproj/py_env/lib/python3.10/site-packages/airflow/example_dags/example_time_delta_sensor_async.py for tasks to queue
[2024-06-18T12:54:26.746+0400] {logging_mixin.py:188} INFO - [2024-06-18T12:54:26.745+0400] {dagbag.py:545} INFO - Filling up the DagBag from /home/user/Desktop/airflowproj/py_env/lib/python3.10/site-packages/airflow/example_dags/example_time_delta_sensor_async.py
[2024-06-18T12:54:26.749+0400] {processor.py:840} INFO - DAG(s) 'example_time_delta_sensor_async' retrieved from /home/user/Desktop/airflowproj/py_env/lib/python3.10/site-packages/airflow/example_dags/example_time_delta_sensor_async.py
[2024-06-18T12:54:26.758+0400] {logging_mixin.py:188} INFO - [2024-06-18T12:54:26.758+0400] {dag.py:3096} INFO - Sync 1 DAGs
[2024-06-18T12:54:26.765+0400] {logging_mixin.py:188} INFO - [2024-06-18T12:54:26.765+0400] {dag.py:3954} INFO - Setting next_dagrun for example_time_delta_sensor_async to None, run_after=None
[2024-06-18T12:54:26.779+0400] {processor.py:183} INFO - Processing /home/user/Desktop/airflowproj/py_env/lib/python3.10/site-packages/airflow/example_dags/example_time_delta_sensor_async.py took 0.043 seconds
[2024-06-18T12:55:27.291+0400] {processor.py:161} INFO - Started process (PID=49992) to work on /home/user/Desktop/airflowproj/py_env/lib/python3.10/site-packages/airflow/example_dags/example_time_delta_sensor_async.py
[2024-06-18T12:55:27.293+0400] {processor.py:830} INFO - Processing file /home/user/Desktop/airflowproj/py_env/lib/python3.10/site-packages/airflow/example_dags/example_time_delta_sensor_async.py for tasks to queue
[2024-06-18T12:55:27.295+0400] {logging_mixin.py:188} INFO - [2024-06-18T12:55:27.295+0400] {dagbag.py:545} INFO - Filling up the DagBag from /home/user/Desktop/airflowproj/py_env/lib/python3.10/site-packages/airflow/example_dags/example_time_delta_sensor_async.py
[2024-06-18T12:55:27.298+0400] {processor.py:840} INFO - DAG(s) 'example_time_delta_sensor_async' retrieved from /home/user/Desktop/airflowproj/py_env/lib/python3.10/site-packages/airflow/example_dags/example_time_delta_sensor_async.py
[2024-06-18T12:55:27.306+0400] {logging_mixin.py:188} INFO - [2024-06-18T12:55:27.306+0400] {dag.py:3096} INFO - Sync 1 DAGs
[2024-06-18T12:55:27.312+0400] {logging_mixin.py:188} INFO - [2024-06-18T12:55:27.312+0400] {dag.py:3954} INFO - Setting next_dagrun for example_time_delta_sensor_async to None, run_after=None
[2024-06-18T12:55:27.329+0400] {processor.py:183} INFO - Processing /home/user/Desktop/airflowproj/py_env/lib/python3.10/site-packages/airflow/example_dags/example_time_delta_sensor_async.py took 0.042 seconds
[2024-06-18T12:56:22.733+0400] {processor.py:161} INFO - Started process (PID=50218) to work on /home/user/Desktop/airflowproj/py_env/lib/python3.10/site-packages/airflow/example_dags/example_time_delta_sensor_async.py
[2024-06-18T12:56:22.736+0400] {processor.py:830} INFO - Processing file /home/user/Desktop/airflowproj/py_env/lib/python3.10/site-packages/airflow/example_dags/example_time_delta_sensor_async.py for tasks to queue
[2024-06-18T12:56:22.737+0400] {logging_mixin.py:188} INFO - [2024-06-18T12:56:22.737+0400] {dagbag.py:545} INFO - Filling up the DagBag from /home/user/Desktop/airflowproj/py_env/lib/python3.10/site-packages/airflow/example_dags/example_time_delta_sensor_async.py
[2024-06-18T12:56:22.742+0400] {processor.py:840} INFO - DAG(s) 'example_time_delta_sensor_async' retrieved from /home/user/Desktop/airflowproj/py_env/lib/python3.10/site-packages/airflow/example_dags/example_time_delta_sensor_async.py
[2024-06-18T12:56:22.754+0400] {logging_mixin.py:188} INFO - [2024-06-18T12:56:22.754+0400] {dag.py:3096} INFO - Sync 1 DAGs
[2024-06-18T12:56:22.764+0400] {logging_mixin.py:188} INFO - [2024-06-18T12:56:22.764+0400] {dag.py:3954} INFO - Setting next_dagrun for example_time_delta_sensor_async to None, run_after=None
[2024-06-18T12:56:22.784+0400] {processor.py:183} INFO - Processing /home/user/Desktop/airflowproj/py_env/lib/python3.10/site-packages/airflow/example_dags/example_time_delta_sensor_async.py took 0.056 seconds
[2024-06-18T12:57:22.148+0400] {processor.py:161} INFO - Started process (PID=50403) to work on /home/user/Desktop/airflowproj/py_env/lib/python3.10/site-packages/airflow/example_dags/example_time_delta_sensor_async.py
[2024-06-18T12:57:22.150+0400] {processor.py:830} INFO - Processing file /home/user/Desktop/airflowproj/py_env/lib/python3.10/site-packages/airflow/example_dags/example_time_delta_sensor_async.py for tasks to queue
[2024-06-18T12:57:22.150+0400] {logging_mixin.py:188} INFO - [2024-06-18T12:57:22.150+0400] {dagbag.py:545} INFO - Filling up the DagBag from /home/user/Desktop/airflowproj/py_env/lib/python3.10/site-packages/airflow/example_dags/example_time_delta_sensor_async.py
[2024-06-18T12:57:22.153+0400] {processor.py:840} INFO - DAG(s) 'example_time_delta_sensor_async' retrieved from /home/user/Desktop/airflowproj/py_env/lib/python3.10/site-packages/airflow/example_dags/example_time_delta_sensor_async.py
[2024-06-18T12:57:22.160+0400] {logging_mixin.py:188} INFO - [2024-06-18T12:57:22.160+0400] {dag.py:3096} INFO - Sync 1 DAGs
[2024-06-18T12:57:22.165+0400] {logging_mixin.py:188} INFO - [2024-06-18T12:57:22.165+0400] {dag.py:3954} INFO - Setting next_dagrun for example_time_delta_sensor_async to None, run_after=None
[2024-06-18T12:57:22.177+0400] {processor.py:183} INFO - Processing /home/user/Desktop/airflowproj/py_env/lib/python3.10/site-packages/airflow/example_dags/example_time_delta_sensor_async.py took 0.034 seconds
[2024-06-18T12:58:22.098+0400] {processor.py:161} INFO - Started process (PID=50923) to work on /home/user/Desktop/airflowproj/py_env/lib/python3.10/site-packages/airflow/example_dags/example_time_delta_sensor_async.py
[2024-06-18T12:58:22.100+0400] {processor.py:830} INFO - Processing file /home/user/Desktop/airflowproj/py_env/lib/python3.10/site-packages/airflow/example_dags/example_time_delta_sensor_async.py for tasks to queue
[2024-06-18T12:58:22.101+0400] {logging_mixin.py:188} INFO - [2024-06-18T12:58:22.101+0400] {dagbag.py:545} INFO - Filling up the DagBag from /home/user/Desktop/airflowproj/py_env/lib/python3.10/site-packages/airflow/example_dags/example_time_delta_sensor_async.py
[2024-06-18T12:58:22.104+0400] {processor.py:840} INFO - DAG(s) 'example_time_delta_sensor_async' retrieved from /home/user/Desktop/airflowproj/py_env/lib/python3.10/site-packages/airflow/example_dags/example_time_delta_sensor_async.py
[2024-06-18T12:58:22.111+0400] {logging_mixin.py:188} INFO - [2024-06-18T12:58:22.111+0400] {dag.py:3096} INFO - Sync 1 DAGs
[2024-06-18T12:58:22.116+0400] {logging_mixin.py:188} INFO - [2024-06-18T12:58:22.116+0400] {dag.py:3954} INFO - Setting next_dagrun for example_time_delta_sensor_async to None, run_after=None
[2024-06-18T12:58:22.130+0400] {processor.py:183} INFO - Processing /home/user/Desktop/airflowproj/py_env/lib/python3.10/site-packages/airflow/example_dags/example_time_delta_sensor_async.py took 0.036 seconds
[2024-06-18T12:59:20.317+0400] {processor.py:161} INFO - Started process (PID=51314) to work on /home/user/Desktop/airflowproj/py_env/lib/python3.10/site-packages/airflow/example_dags/example_time_delta_sensor_async.py
[2024-06-18T12:59:20.319+0400] {processor.py:830} INFO - Processing file /home/user/Desktop/airflowproj/py_env/lib/python3.10/site-packages/airflow/example_dags/example_time_delta_sensor_async.py for tasks to queue
[2024-06-18T12:59:20.321+0400] {logging_mixin.py:188} INFO - [2024-06-18T12:59:20.321+0400] {dagbag.py:545} INFO - Filling up the DagBag from /home/user/Desktop/airflowproj/py_env/lib/python3.10/site-packages/airflow/example_dags/example_time_delta_sensor_async.py
[2024-06-18T12:59:20.324+0400] {processor.py:840} INFO - DAG(s) 'example_time_delta_sensor_async' retrieved from /home/user/Desktop/airflowproj/py_env/lib/python3.10/site-packages/airflow/example_dags/example_time_delta_sensor_async.py
[2024-06-18T12:59:20.331+0400] {logging_mixin.py:188} INFO - [2024-06-18T12:59:20.331+0400] {dag.py:3096} INFO - Sync 1 DAGs
[2024-06-18T12:59:20.336+0400] {logging_mixin.py:188} INFO - [2024-06-18T12:59:20.336+0400] {dag.py:3954} INFO - Setting next_dagrun for example_time_delta_sensor_async to None, run_after=None
[2024-06-18T12:59:20.352+0400] {processor.py:183} INFO - Processing /home/user/Desktop/airflowproj/py_env/lib/python3.10/site-packages/airflow/example_dags/example_time_delta_sensor_async.py took 0.039 seconds
[2024-06-18T13:00:14.060+0400] {processor.py:161} INFO - Started process (PID=51676) to work on /home/user/Desktop/airflowproj/py_env/lib/python3.10/site-packages/airflow/example_dags/example_time_delta_sensor_async.py
[2024-06-18T13:00:14.062+0400] {processor.py:830} INFO - Processing file /home/user/Desktop/airflowproj/py_env/lib/python3.10/site-packages/airflow/example_dags/example_time_delta_sensor_async.py for tasks to queue
[2024-06-18T13:00:14.063+0400] {logging_mixin.py:188} INFO - [2024-06-18T13:00:14.063+0400] {dagbag.py:545} INFO - Filling up the DagBag from /home/user/Desktop/airflowproj/py_env/lib/python3.10/site-packages/airflow/example_dags/example_time_delta_sensor_async.py
[2024-06-18T13:00:14.070+0400] {processor.py:840} INFO - DAG(s) 'example_time_delta_sensor_async' retrieved from /home/user/Desktop/airflowproj/py_env/lib/python3.10/site-packages/airflow/example_dags/example_time_delta_sensor_async.py
[2024-06-18T13:00:14.087+0400] {logging_mixin.py:188} INFO - [2024-06-18T13:00:14.086+0400] {dag.py:3096} INFO - Sync 1 DAGs
[2024-06-18T13:00:14.106+0400] {logging_mixin.py:188} INFO - [2024-06-18T13:00:14.106+0400] {dag.py:3954} INFO - Setting next_dagrun for example_time_delta_sensor_async to None, run_after=None
[2024-06-18T13:00:14.125+0400] {processor.py:183} INFO - Processing /home/user/Desktop/airflowproj/py_env/lib/python3.10/site-packages/airflow/example_dags/example_time_delta_sensor_async.py took 0.071 seconds
[2024-06-18T13:01:12.141+0400] {processor.py:161} INFO - Started process (PID=52003) to work on /home/user/Desktop/airflowproj/py_env/lib/python3.10/site-packages/airflow/example_dags/example_time_delta_sensor_async.py
[2024-06-18T13:01:12.143+0400] {processor.py:830} INFO - Processing file /home/user/Desktop/airflowproj/py_env/lib/python3.10/site-packages/airflow/example_dags/example_time_delta_sensor_async.py for tasks to queue
[2024-06-18T13:01:12.144+0400] {logging_mixin.py:188} INFO - [2024-06-18T13:01:12.144+0400] {dagbag.py:545} INFO - Filling up the DagBag from /home/user/Desktop/airflowproj/py_env/lib/python3.10/site-packages/airflow/example_dags/example_time_delta_sensor_async.py
[2024-06-18T13:01:12.146+0400] {processor.py:840} INFO - DAG(s) 'example_time_delta_sensor_async' retrieved from /home/user/Desktop/airflowproj/py_env/lib/python3.10/site-packages/airflow/example_dags/example_time_delta_sensor_async.py
[2024-06-18T13:01:12.154+0400] {logging_mixin.py:188} INFO - [2024-06-18T13:01:12.153+0400] {dag.py:3096} INFO - Sync 1 DAGs
[2024-06-18T13:01:12.159+0400] {logging_mixin.py:188} INFO - [2024-06-18T13:01:12.159+0400] {dag.py:3954} INFO - Setting next_dagrun for example_time_delta_sensor_async to None, run_after=None
[2024-06-18T13:01:12.173+0400] {processor.py:183} INFO - Processing /home/user/Desktop/airflowproj/py_env/lib/python3.10/site-packages/airflow/example_dags/example_time_delta_sensor_async.py took 0.035 seconds
[2024-06-18T13:02:12.352+0400] {processor.py:161} INFO - Started process (PID=52827) to work on /home/user/Desktop/airflowproj/py_env/lib/python3.10/site-packages/airflow/example_dags/example_time_delta_sensor_async.py
[2024-06-18T13:02:12.354+0400] {processor.py:830} INFO - Processing file /home/user/Desktop/airflowproj/py_env/lib/python3.10/site-packages/airflow/example_dags/example_time_delta_sensor_async.py for tasks to queue
[2024-06-18T13:02:12.355+0400] {logging_mixin.py:188} INFO - [2024-06-18T13:02:12.354+0400] {dagbag.py:545} INFO - Filling up the DagBag from /home/user/Desktop/airflowproj/py_env/lib/python3.10/site-packages/airflow/example_dags/example_time_delta_sensor_async.py
[2024-06-18T13:02:12.357+0400] {processor.py:840} INFO - DAG(s) 'example_time_delta_sensor_async' retrieved from /home/user/Desktop/airflowproj/py_env/lib/python3.10/site-packages/airflow/example_dags/example_time_delta_sensor_async.py
[2024-06-18T13:02:12.365+0400] {logging_mixin.py:188} INFO - [2024-06-18T13:02:12.365+0400] {dag.py:3096} INFO - Sync 1 DAGs
[2024-06-18T13:02:12.372+0400] {logging_mixin.py:188} INFO - [2024-06-18T13:02:12.371+0400] {dag.py:3954} INFO - Setting next_dagrun for example_time_delta_sensor_async to None, run_after=None
[2024-06-18T13:02:12.386+0400] {processor.py:183} INFO - Processing /home/user/Desktop/airflowproj/py_env/lib/python3.10/site-packages/airflow/example_dags/example_time_delta_sensor_async.py took 0.040 seconds
[2024-06-18T13:03:11.247+0400] {processor.py:161} INFO - Started process (PID=53061) to work on /home/user/Desktop/airflowproj/py_env/lib/python3.10/site-packages/airflow/example_dags/example_time_delta_sensor_async.py
[2024-06-18T13:03:11.249+0400] {processor.py:830} INFO - Processing file /home/user/Desktop/airflowproj/py_env/lib/python3.10/site-packages/airflow/example_dags/example_time_delta_sensor_async.py for tasks to queue
[2024-06-18T13:03:11.249+0400] {logging_mixin.py:188} INFO - [2024-06-18T13:03:11.249+0400] {dagbag.py:545} INFO - Filling up the DagBag from /home/user/Desktop/airflowproj/py_env/lib/python3.10/site-packages/airflow/example_dags/example_time_delta_sensor_async.py
[2024-06-18T13:03:11.252+0400] {processor.py:840} INFO - DAG(s) 'example_time_delta_sensor_async' retrieved from /home/user/Desktop/airflowproj/py_env/lib/python3.10/site-packages/airflow/example_dags/example_time_delta_sensor_async.py
[2024-06-18T13:03:11.260+0400] {logging_mixin.py:188} INFO - [2024-06-18T13:03:11.260+0400] {dag.py:3096} INFO - Sync 1 DAGs
[2024-06-18T13:03:11.265+0400] {logging_mixin.py:188} INFO - [2024-06-18T13:03:11.265+0400] {dag.py:3954} INFO - Setting next_dagrun for example_time_delta_sensor_async to None, run_after=None
[2024-06-18T13:03:11.279+0400] {processor.py:183} INFO - Processing /home/user/Desktop/airflowproj/py_env/lib/python3.10/site-packages/airflow/example_dags/example_time_delta_sensor_async.py took 0.036 seconds
[2024-06-18T13:04:07.876+0400] {processor.py:161} INFO - Started process (PID=53252) to work on /home/user/Desktop/airflowproj/py_env/lib/python3.10/site-packages/airflow/example_dags/example_time_delta_sensor_async.py
[2024-06-18T13:04:07.878+0400] {processor.py:830} INFO - Processing file /home/user/Desktop/airflowproj/py_env/lib/python3.10/site-packages/airflow/example_dags/example_time_delta_sensor_async.py for tasks to queue
[2024-06-18T13:04:07.879+0400] {logging_mixin.py:188} INFO - [2024-06-18T13:04:07.879+0400] {dagbag.py:545} INFO - Filling up the DagBag from /home/user/Desktop/airflowproj/py_env/lib/python3.10/site-packages/airflow/example_dags/example_time_delta_sensor_async.py
[2024-06-18T13:04:07.882+0400] {processor.py:840} INFO - DAG(s) 'example_time_delta_sensor_async' retrieved from /home/user/Desktop/airflowproj/py_env/lib/python3.10/site-packages/airflow/example_dags/example_time_delta_sensor_async.py
[2024-06-18T13:04:07.889+0400] {logging_mixin.py:188} INFO - [2024-06-18T13:04:07.889+0400] {dag.py:3096} INFO - Sync 1 DAGs
[2024-06-18T13:04:07.895+0400] {logging_mixin.py:188} INFO - [2024-06-18T13:04:07.894+0400] {dag.py:3954} INFO - Setting next_dagrun for example_time_delta_sensor_async to None, run_after=None
[2024-06-18T13:04:07.908+0400] {processor.py:183} INFO - Processing /home/user/Desktop/airflowproj/py_env/lib/python3.10/site-packages/airflow/example_dags/example_time_delta_sensor_async.py took 0.038 seconds
[2024-06-18T13:05:05.281+0400] {processor.py:161} INFO - Started process (PID=53485) to work on /home/user/Desktop/airflowproj/py_env/lib/python3.10/site-packages/airflow/example_dags/example_time_delta_sensor_async.py
[2024-06-18T13:05:05.282+0400] {processor.py:830} INFO - Processing file /home/user/Desktop/airflowproj/py_env/lib/python3.10/site-packages/airflow/example_dags/example_time_delta_sensor_async.py for tasks to queue
[2024-06-18T13:05:05.283+0400] {logging_mixin.py:188} INFO - [2024-06-18T13:05:05.283+0400] {dagbag.py:545} INFO - Filling up the DagBag from /home/user/Desktop/airflowproj/py_env/lib/python3.10/site-packages/airflow/example_dags/example_time_delta_sensor_async.py
[2024-06-18T13:05:05.288+0400] {processor.py:840} INFO - DAG(s) 'example_time_delta_sensor_async' retrieved from /home/user/Desktop/airflowproj/py_env/lib/python3.10/site-packages/airflow/example_dags/example_time_delta_sensor_async.py
[2024-06-18T13:05:05.296+0400] {logging_mixin.py:188} INFO - [2024-06-18T13:05:05.296+0400] {dag.py:3096} INFO - Sync 1 DAGs
[2024-06-18T13:05:05.302+0400] {logging_mixin.py:188} INFO - [2024-06-18T13:05:05.302+0400] {dag.py:3954} INFO - Setting next_dagrun for example_time_delta_sensor_async to None, run_after=None
[2024-06-18T13:05:05.318+0400] {processor.py:183} INFO - Processing /home/user/Desktop/airflowproj/py_env/lib/python3.10/site-packages/airflow/example_dags/example_time_delta_sensor_async.py took 0.042 seconds
[2024-06-18T13:06:04.756+0400] {processor.py:161} INFO - Started process (PID=53720) to work on /home/user/Desktop/airflowproj/py_env/lib/python3.10/site-packages/airflow/example_dags/example_time_delta_sensor_async.py
[2024-06-18T13:06:04.758+0400] {processor.py:830} INFO - Processing file /home/user/Desktop/airflowproj/py_env/lib/python3.10/site-packages/airflow/example_dags/example_time_delta_sensor_async.py for tasks to queue
[2024-06-18T13:06:04.760+0400] {logging_mixin.py:188} INFO - [2024-06-18T13:06:04.759+0400] {dagbag.py:545} INFO - Filling up the DagBag from /home/user/Desktop/airflowproj/py_env/lib/python3.10/site-packages/airflow/example_dags/example_time_delta_sensor_async.py
[2024-06-18T13:06:04.763+0400] {processor.py:840} INFO - DAG(s) 'example_time_delta_sensor_async' retrieved from /home/user/Desktop/airflowproj/py_env/lib/python3.10/site-packages/airflow/example_dags/example_time_delta_sensor_async.py
[2024-06-18T13:06:04.771+0400] {logging_mixin.py:188} INFO - [2024-06-18T13:06:04.771+0400] {dag.py:3096} INFO - Sync 1 DAGs
[2024-06-18T13:06:04.777+0400] {logging_mixin.py:188} INFO - [2024-06-18T13:06:04.777+0400] {dag.py:3954} INFO - Setting next_dagrun for example_time_delta_sensor_async to None, run_after=None
[2024-06-18T13:06:04.791+0400] {processor.py:183} INFO - Processing /home/user/Desktop/airflowproj/py_env/lib/python3.10/site-packages/airflow/example_dags/example_time_delta_sensor_async.py took 0.038 seconds
[2024-06-18T13:07:05.831+0400] {processor.py:161} INFO - Started process (PID=53930) to work on /home/user/Desktop/airflowproj/py_env/lib/python3.10/site-packages/airflow/example_dags/example_time_delta_sensor_async.py
[2024-06-18T13:07:05.833+0400] {processor.py:830} INFO - Processing file /home/user/Desktop/airflowproj/py_env/lib/python3.10/site-packages/airflow/example_dags/example_time_delta_sensor_async.py for tasks to queue
[2024-06-18T13:07:05.834+0400] {logging_mixin.py:188} INFO - [2024-06-18T13:07:05.834+0400] {dagbag.py:545} INFO - Filling up the DagBag from /home/user/Desktop/airflowproj/py_env/lib/python3.10/site-packages/airflow/example_dags/example_time_delta_sensor_async.py
[2024-06-18T13:07:05.837+0400] {processor.py:840} INFO - DAG(s) 'example_time_delta_sensor_async' retrieved from /home/user/Desktop/airflowproj/py_env/lib/python3.10/site-packages/airflow/example_dags/example_time_delta_sensor_async.py
[2024-06-18T13:07:05.845+0400] {logging_mixin.py:188} INFO - [2024-06-18T13:07:05.845+0400] {dag.py:3096} INFO - Sync 1 DAGs
[2024-06-18T13:07:05.850+0400] {logging_mixin.py:188} INFO - [2024-06-18T13:07:05.850+0400] {dag.py:3954} INFO - Setting next_dagrun for example_time_delta_sensor_async to None, run_after=None
[2024-06-18T13:07:05.868+0400] {processor.py:183} INFO - Processing /home/user/Desktop/airflowproj/py_env/lib/python3.10/site-packages/airflow/example_dags/example_time_delta_sensor_async.py took 0.042 seconds
[2024-06-18T13:08:06.386+0400] {processor.py:161} INFO - Started process (PID=54173) to work on /home/user/Desktop/airflowproj/py_env/lib/python3.10/site-packages/airflow/example_dags/example_time_delta_sensor_async.py
[2024-06-18T13:08:06.388+0400] {processor.py:830} INFO - Processing file /home/user/Desktop/airflowproj/py_env/lib/python3.10/site-packages/airflow/example_dags/example_time_delta_sensor_async.py for tasks to queue
[2024-06-18T13:08:06.389+0400] {logging_mixin.py:188} INFO - [2024-06-18T13:08:06.389+0400] {dagbag.py:545} INFO - Filling up the DagBag from /home/user/Desktop/airflowproj/py_env/lib/python3.10/site-packages/airflow/example_dags/example_time_delta_sensor_async.py
[2024-06-18T13:08:06.392+0400] {processor.py:840} INFO - DAG(s) 'example_time_delta_sensor_async' retrieved from /home/user/Desktop/airflowproj/py_env/lib/python3.10/site-packages/airflow/example_dags/example_time_delta_sensor_async.py
[2024-06-18T13:08:06.399+0400] {logging_mixin.py:188} INFO - [2024-06-18T13:08:06.399+0400] {dag.py:3096} INFO - Sync 1 DAGs
[2024-06-18T13:08:06.403+0400] {logging_mixin.py:188} INFO - [2024-06-18T13:08:06.403+0400] {dag.py:3954} INFO - Setting next_dagrun for example_time_delta_sensor_async to None, run_after=None
[2024-06-18T13:08:06.416+0400] {processor.py:183} INFO - Processing /home/user/Desktop/airflowproj/py_env/lib/python3.10/site-packages/airflow/example_dags/example_time_delta_sensor_async.py took 0.033 seconds
[2024-06-18T13:09:05.867+0400] {processor.py:161} INFO - Started process (PID=54434) to work on /home/user/Desktop/airflowproj/py_env/lib/python3.10/site-packages/airflow/example_dags/example_time_delta_sensor_async.py
[2024-06-18T13:09:05.867+0400] {processor.py:830} INFO - Processing file /home/user/Desktop/airflowproj/py_env/lib/python3.10/site-packages/airflow/example_dags/example_time_delta_sensor_async.py for tasks to queue
[2024-06-18T13:09:05.869+0400] {logging_mixin.py:188} INFO - [2024-06-18T13:09:05.868+0400] {dagbag.py:545} INFO - Filling up the DagBag from /home/user/Desktop/airflowproj/py_env/lib/python3.10/site-packages/airflow/example_dags/example_time_delta_sensor_async.py
[2024-06-18T13:09:05.871+0400] {processor.py:840} INFO - DAG(s) 'example_time_delta_sensor_async' retrieved from /home/user/Desktop/airflowproj/py_env/lib/python3.10/site-packages/airflow/example_dags/example_time_delta_sensor_async.py
[2024-06-18T13:09:05.879+0400] {logging_mixin.py:188} INFO - [2024-06-18T13:09:05.879+0400] {dag.py:3096} INFO - Sync 1 DAGs
[2024-06-18T13:09:05.884+0400] {logging_mixin.py:188} INFO - [2024-06-18T13:09:05.884+0400] {dag.py:3954} INFO - Setting next_dagrun for example_time_delta_sensor_async to None, run_after=None
[2024-06-18T13:09:05.898+0400] {processor.py:183} INFO - Processing /home/user/Desktop/airflowproj/py_env/lib/python3.10/site-packages/airflow/example_dags/example_time_delta_sensor_async.py took 0.036 seconds
[2024-06-18T13:10:04.116+0400] {processor.py:161} INFO - Started process (PID=54640) to work on /home/user/Desktop/airflowproj/py_env/lib/python3.10/site-packages/airflow/example_dags/example_time_delta_sensor_async.py
[2024-06-18T13:10:04.118+0400] {processor.py:830} INFO - Processing file /home/user/Desktop/airflowproj/py_env/lib/python3.10/site-packages/airflow/example_dags/example_time_delta_sensor_async.py for tasks to queue
[2024-06-18T13:10:04.119+0400] {logging_mixin.py:188} INFO - [2024-06-18T13:10:04.119+0400] {dagbag.py:545} INFO - Filling up the DagBag from /home/user/Desktop/airflowproj/py_env/lib/python3.10/site-packages/airflow/example_dags/example_time_delta_sensor_async.py
[2024-06-18T13:10:04.122+0400] {processor.py:840} INFO - DAG(s) 'example_time_delta_sensor_async' retrieved from /home/user/Desktop/airflowproj/py_env/lib/python3.10/site-packages/airflow/example_dags/example_time_delta_sensor_async.py
[2024-06-18T13:10:04.129+0400] {logging_mixin.py:188} INFO - [2024-06-18T13:10:04.129+0400] {dag.py:3096} INFO - Sync 1 DAGs
[2024-06-18T13:10:04.135+0400] {logging_mixin.py:188} INFO - [2024-06-18T13:10:04.135+0400] {dag.py:3954} INFO - Setting next_dagrun for example_time_delta_sensor_async to None, run_after=None
[2024-06-18T13:10:04.149+0400] {processor.py:183} INFO - Processing /home/user/Desktop/airflowproj/py_env/lib/python3.10/site-packages/airflow/example_dags/example_time_delta_sensor_async.py took 0.039 seconds
[2024-06-18T13:11:07.999+0400] {processor.py:161} INFO - Started process (PID=54849) to work on /home/user/Desktop/airflowproj/py_env/lib/python3.10/site-packages/airflow/example_dags/example_time_delta_sensor_async.py
[2024-06-18T13:11:08.002+0400] {processor.py:830} INFO - Processing file /home/user/Desktop/airflowproj/py_env/lib/python3.10/site-packages/airflow/example_dags/example_time_delta_sensor_async.py for tasks to queue
[2024-06-18T13:11:08.003+0400] {logging_mixin.py:188} INFO - [2024-06-18T13:11:08.003+0400] {dagbag.py:545} INFO - Filling up the DagBag from /home/user/Desktop/airflowproj/py_env/lib/python3.10/site-packages/airflow/example_dags/example_time_delta_sensor_async.py
[2024-06-18T13:11:08.006+0400] {processor.py:840} INFO - DAG(s) 'example_time_delta_sensor_async' retrieved from /home/user/Desktop/airflowproj/py_env/lib/python3.10/site-packages/airflow/example_dags/example_time_delta_sensor_async.py
[2024-06-18T13:11:08.014+0400] {logging_mixin.py:188} INFO - [2024-06-18T13:11:08.014+0400] {dag.py:3096} INFO - Sync 1 DAGs
[2024-06-18T13:11:08.021+0400] {logging_mixin.py:188} INFO - [2024-06-18T13:11:08.020+0400] {dag.py:3954} INFO - Setting next_dagrun for example_time_delta_sensor_async to None, run_after=None
[2024-06-18T13:11:08.033+0400] {processor.py:183} INFO - Processing /home/user/Desktop/airflowproj/py_env/lib/python3.10/site-packages/airflow/example_dags/example_time_delta_sensor_async.py took 0.038 seconds
[2024-06-18T13:12:04.622+0400] {processor.py:161} INFO - Started process (PID=55036) to work on /home/user/Desktop/airflowproj/py_env/lib/python3.10/site-packages/airflow/example_dags/example_time_delta_sensor_async.py
[2024-06-18T13:12:04.624+0400] {processor.py:830} INFO - Processing file /home/user/Desktop/airflowproj/py_env/lib/python3.10/site-packages/airflow/example_dags/example_time_delta_sensor_async.py for tasks to queue
[2024-06-18T13:12:04.626+0400] {logging_mixin.py:188} INFO - [2024-06-18T13:12:04.626+0400] {dagbag.py:545} INFO - Filling up the DagBag from /home/user/Desktop/airflowproj/py_env/lib/python3.10/site-packages/airflow/example_dags/example_time_delta_sensor_async.py
[2024-06-18T13:12:04.629+0400] {processor.py:840} INFO - DAG(s) 'example_time_delta_sensor_async' retrieved from /home/user/Desktop/airflowproj/py_env/lib/python3.10/site-packages/airflow/example_dags/example_time_delta_sensor_async.py
[2024-06-18T13:12:04.638+0400] {logging_mixin.py:188} INFO - [2024-06-18T13:12:04.637+0400] {dag.py:3096} INFO - Sync 1 DAGs
[2024-06-18T13:12:04.643+0400] {logging_mixin.py:188} INFO - [2024-06-18T13:12:04.643+0400] {dag.py:3954} INFO - Setting next_dagrun for example_time_delta_sensor_async to None, run_after=None
[2024-06-18T13:12:04.658+0400] {processor.py:183} INFO - Processing /home/user/Desktop/airflowproj/py_env/lib/python3.10/site-packages/airflow/example_dags/example_time_delta_sensor_async.py took 0.041 seconds
[2024-06-18T13:13:04.009+0400] {processor.py:161} INFO - Started process (PID=55274) to work on /home/user/Desktop/airflowproj/py_env/lib/python3.10/site-packages/airflow/example_dags/example_time_delta_sensor_async.py
[2024-06-18T13:13:04.011+0400] {processor.py:830} INFO - Processing file /home/user/Desktop/airflowproj/py_env/lib/python3.10/site-packages/airflow/example_dags/example_time_delta_sensor_async.py for tasks to queue
[2024-06-18T13:13:04.012+0400] {logging_mixin.py:188} INFO - [2024-06-18T13:13:04.012+0400] {dagbag.py:545} INFO - Filling up the DagBag from /home/user/Desktop/airflowproj/py_env/lib/python3.10/site-packages/airflow/example_dags/example_time_delta_sensor_async.py
[2024-06-18T13:13:04.015+0400] {processor.py:840} INFO - DAG(s) 'example_time_delta_sensor_async' retrieved from /home/user/Desktop/airflowproj/py_env/lib/python3.10/site-packages/airflow/example_dags/example_time_delta_sensor_async.py
[2024-06-18T13:13:04.022+0400] {logging_mixin.py:188} INFO - [2024-06-18T13:13:04.022+0400] {dag.py:3096} INFO - Sync 1 DAGs
[2024-06-18T13:13:04.027+0400] {logging_mixin.py:188} INFO - [2024-06-18T13:13:04.027+0400] {dag.py:3954} INFO - Setting next_dagrun for example_time_delta_sensor_async to None, run_after=None
[2024-06-18T13:13:04.041+0400] {processor.py:183} INFO - Processing /home/user/Desktop/airflowproj/py_env/lib/python3.10/site-packages/airflow/example_dags/example_time_delta_sensor_async.py took 0.036 seconds
[2024-06-18T13:14:05.721+0400] {processor.py:161} INFO - Started process (PID=55492) to work on /home/user/Desktop/airflowproj/py_env/lib/python3.10/site-packages/airflow/example_dags/example_time_delta_sensor_async.py
[2024-06-18T13:14:05.724+0400] {processor.py:830} INFO - Processing file /home/user/Desktop/airflowproj/py_env/lib/python3.10/site-packages/airflow/example_dags/example_time_delta_sensor_async.py for tasks to queue
[2024-06-18T13:14:05.725+0400] {logging_mixin.py:188} INFO - [2024-06-18T13:14:05.725+0400] {dagbag.py:545} INFO - Filling up the DagBag from /home/user/Desktop/airflowproj/py_env/lib/python3.10/site-packages/airflow/example_dags/example_time_delta_sensor_async.py
[2024-06-18T13:14:05.728+0400] {processor.py:840} INFO - DAG(s) 'example_time_delta_sensor_async' retrieved from /home/user/Desktop/airflowproj/py_env/lib/python3.10/site-packages/airflow/example_dags/example_time_delta_sensor_async.py
[2024-06-18T13:14:05.736+0400] {logging_mixin.py:188} INFO - [2024-06-18T13:14:05.736+0400] {dag.py:3096} INFO - Sync 1 DAGs
[2024-06-18T13:14:05.742+0400] {logging_mixin.py:188} INFO - [2024-06-18T13:14:05.742+0400] {dag.py:3954} INFO - Setting next_dagrun for example_time_delta_sensor_async to None, run_after=None
[2024-06-18T13:14:05.756+0400] {processor.py:183} INFO - Processing /home/user/Desktop/airflowproj/py_env/lib/python3.10/site-packages/airflow/example_dags/example_time_delta_sensor_async.py took 0.039 seconds
[2024-06-18T13:15:02.843+0400] {processor.py:161} INFO - Started process (PID=55693) to work on /home/user/Desktop/airflowproj/py_env/lib/python3.10/site-packages/airflow/example_dags/example_time_delta_sensor_async.py
[2024-06-18T13:15:02.845+0400] {processor.py:830} INFO - Processing file /home/user/Desktop/airflowproj/py_env/lib/python3.10/site-packages/airflow/example_dags/example_time_delta_sensor_async.py for tasks to queue
[2024-06-18T13:15:02.846+0400] {logging_mixin.py:188} INFO - [2024-06-18T13:15:02.846+0400] {dagbag.py:545} INFO - Filling up the DagBag from /home/user/Desktop/airflowproj/py_env/lib/python3.10/site-packages/airflow/example_dags/example_time_delta_sensor_async.py
[2024-06-18T13:15:02.850+0400] {processor.py:840} INFO - DAG(s) 'example_time_delta_sensor_async' retrieved from /home/user/Desktop/airflowproj/py_env/lib/python3.10/site-packages/airflow/example_dags/example_time_delta_sensor_async.py
[2024-06-18T13:15:02.858+0400] {logging_mixin.py:188} INFO - [2024-06-18T13:15:02.858+0400] {dag.py:3096} INFO - Sync 1 DAGs
[2024-06-18T13:15:02.863+0400] {logging_mixin.py:188} INFO - [2024-06-18T13:15:02.863+0400] {dag.py:3954} INFO - Setting next_dagrun for example_time_delta_sensor_async to None, run_after=None
[2024-06-18T13:15:02.880+0400] {processor.py:183} INFO - Processing /home/user/Desktop/airflowproj/py_env/lib/python3.10/site-packages/airflow/example_dags/example_time_delta_sensor_async.py took 0.041 seconds
[2024-06-18T13:16:02.331+0400] {processor.py:161} INFO - Started process (PID=55900) to work on /home/user/Desktop/airflowproj/py_env/lib/python3.10/site-packages/airflow/example_dags/example_time_delta_sensor_async.py
[2024-06-18T13:16:02.333+0400] {processor.py:830} INFO - Processing file /home/user/Desktop/airflowproj/py_env/lib/python3.10/site-packages/airflow/example_dags/example_time_delta_sensor_async.py for tasks to queue
[2024-06-18T13:16:02.334+0400] {logging_mixin.py:188} INFO - [2024-06-18T13:16:02.334+0400] {dagbag.py:545} INFO - Filling up the DagBag from /home/user/Desktop/airflowproj/py_env/lib/python3.10/site-packages/airflow/example_dags/example_time_delta_sensor_async.py
[2024-06-18T13:16:02.337+0400] {processor.py:840} INFO - DAG(s) 'example_time_delta_sensor_async' retrieved from /home/user/Desktop/airflowproj/py_env/lib/python3.10/site-packages/airflow/example_dags/example_time_delta_sensor_async.py
[2024-06-18T13:16:02.344+0400] {logging_mixin.py:188} INFO - [2024-06-18T13:16:02.344+0400] {dag.py:3096} INFO - Sync 1 DAGs
[2024-06-18T13:16:02.350+0400] {logging_mixin.py:188} INFO - [2024-06-18T13:16:02.349+0400] {dag.py:3954} INFO - Setting next_dagrun for example_time_delta_sensor_async to None, run_after=None
[2024-06-18T13:16:02.362+0400] {processor.py:183} INFO - Processing /home/user/Desktop/airflowproj/py_env/lib/python3.10/site-packages/airflow/example_dags/example_time_delta_sensor_async.py took 0.037 seconds
[2024-06-18T13:17:00.582+0400] {processor.py:161} INFO - Started process (PID=56106) to work on /home/user/Desktop/airflowproj/py_env/lib/python3.10/site-packages/airflow/example_dags/example_time_delta_sensor_async.py
[2024-06-18T13:17:00.585+0400] {processor.py:830} INFO - Processing file /home/user/Desktop/airflowproj/py_env/lib/python3.10/site-packages/airflow/example_dags/example_time_delta_sensor_async.py for tasks to queue
[2024-06-18T13:17:00.586+0400] {logging_mixin.py:188} INFO - [2024-06-18T13:17:00.586+0400] {dagbag.py:545} INFO - Filling up the DagBag from /home/user/Desktop/airflowproj/py_env/lib/python3.10/site-packages/airflow/example_dags/example_time_delta_sensor_async.py
[2024-06-18T13:17:00.589+0400] {processor.py:840} INFO - DAG(s) 'example_time_delta_sensor_async' retrieved from /home/user/Desktop/airflowproj/py_env/lib/python3.10/site-packages/airflow/example_dags/example_time_delta_sensor_async.py
[2024-06-18T13:17:00.597+0400] {logging_mixin.py:188} INFO - [2024-06-18T13:17:00.596+0400] {dag.py:3096} INFO - Sync 1 DAGs
[2024-06-18T13:17:00.602+0400] {logging_mixin.py:188} INFO - [2024-06-18T13:17:00.602+0400] {dag.py:3954} INFO - Setting next_dagrun for example_time_delta_sensor_async to None, run_after=None
[2024-06-18T13:17:00.616+0400] {processor.py:183} INFO - Processing /home/user/Desktop/airflowproj/py_env/lib/python3.10/site-packages/airflow/example_dags/example_time_delta_sensor_async.py took 0.039 seconds
[2024-06-18T13:17:56.797+0400] {processor.py:161} INFO - Started process (PID=56321) to work on /home/user/Desktop/airflowproj/py_env/lib/python3.10/site-packages/airflow/example_dags/example_time_delta_sensor_async.py
[2024-06-18T13:17:56.800+0400] {processor.py:830} INFO - Processing file /home/user/Desktop/airflowproj/py_env/lib/python3.10/site-packages/airflow/example_dags/example_time_delta_sensor_async.py for tasks to queue
[2024-06-18T13:17:56.801+0400] {logging_mixin.py:188} INFO - [2024-06-18T13:17:56.800+0400] {dagbag.py:545} INFO - Filling up the DagBag from /home/user/Desktop/airflowproj/py_env/lib/python3.10/site-packages/airflow/example_dags/example_time_delta_sensor_async.py
[2024-06-18T13:17:56.804+0400] {processor.py:840} INFO - DAG(s) 'example_time_delta_sensor_async' retrieved from /home/user/Desktop/airflowproj/py_env/lib/python3.10/site-packages/airflow/example_dags/example_time_delta_sensor_async.py
[2024-06-18T13:17:56.811+0400] {logging_mixin.py:188} INFO - [2024-06-18T13:17:56.811+0400] {dag.py:3096} INFO - Sync 1 DAGs
[2024-06-18T13:17:56.817+0400] {logging_mixin.py:188} INFO - [2024-06-18T13:17:56.816+0400] {dag.py:3954} INFO - Setting next_dagrun for example_time_delta_sensor_async to None, run_after=None
[2024-06-18T13:17:56.831+0400] {processor.py:183} INFO - Processing /home/user/Desktop/airflowproj/py_env/lib/python3.10/site-packages/airflow/example_dags/example_time_delta_sensor_async.py took 0.038 seconds
[2024-06-18T13:18:56.880+0400] {processor.py:161} INFO - Started process (PID=56533) to work on /home/user/Desktop/airflowproj/py_env/lib/python3.10/site-packages/airflow/example_dags/example_time_delta_sensor_async.py
[2024-06-18T13:18:56.883+0400] {processor.py:830} INFO - Processing file /home/user/Desktop/airflowproj/py_env/lib/python3.10/site-packages/airflow/example_dags/example_time_delta_sensor_async.py for tasks to queue
[2024-06-18T13:18:56.884+0400] {logging_mixin.py:188} INFO - [2024-06-18T13:18:56.883+0400] {dagbag.py:545} INFO - Filling up the DagBag from /home/user/Desktop/airflowproj/py_env/lib/python3.10/site-packages/airflow/example_dags/example_time_delta_sensor_async.py
[2024-06-18T13:18:56.887+0400] {processor.py:840} INFO - DAG(s) 'example_time_delta_sensor_async' retrieved from /home/user/Desktop/airflowproj/py_env/lib/python3.10/site-packages/airflow/example_dags/example_time_delta_sensor_async.py
[2024-06-18T13:18:56.894+0400] {logging_mixin.py:188} INFO - [2024-06-18T13:18:56.894+0400] {dag.py:3096} INFO - Sync 1 DAGs
[2024-06-18T13:18:56.900+0400] {logging_mixin.py:188} INFO - [2024-06-18T13:18:56.899+0400] {dag.py:3954} INFO - Setting next_dagrun for example_time_delta_sensor_async to None, run_after=None
[2024-06-18T13:18:56.913+0400] {processor.py:183} INFO - Processing /home/user/Desktop/airflowproj/py_env/lib/python3.10/site-packages/airflow/example_dags/example_time_delta_sensor_async.py took 0.036 seconds
[2024-06-18T13:19:55.359+0400] {processor.py:161} INFO - Started process (PID=56734) to work on /home/user/Desktop/airflowproj/py_env/lib/python3.10/site-packages/airflow/example_dags/example_time_delta_sensor_async.py
[2024-06-18T13:19:55.361+0400] {processor.py:830} INFO - Processing file /home/user/Desktop/airflowproj/py_env/lib/python3.10/site-packages/airflow/example_dags/example_time_delta_sensor_async.py for tasks to queue
[2024-06-18T13:19:55.362+0400] {logging_mixin.py:188} INFO - [2024-06-18T13:19:55.362+0400] {dagbag.py:545} INFO - Filling up the DagBag from /home/user/Desktop/airflowproj/py_env/lib/python3.10/site-packages/airflow/example_dags/example_time_delta_sensor_async.py
[2024-06-18T13:19:55.365+0400] {processor.py:840} INFO - DAG(s) 'example_time_delta_sensor_async' retrieved from /home/user/Desktop/airflowproj/py_env/lib/python3.10/site-packages/airflow/example_dags/example_time_delta_sensor_async.py
[2024-06-18T13:19:55.372+0400] {logging_mixin.py:188} INFO - [2024-06-18T13:19:55.372+0400] {dag.py:3096} INFO - Sync 1 DAGs
[2024-06-18T13:19:55.377+0400] {logging_mixin.py:188} INFO - [2024-06-18T13:19:55.377+0400] {dag.py:3954} INFO - Setting next_dagrun for example_time_delta_sensor_async to None, run_after=None
[2024-06-18T13:19:55.392+0400] {processor.py:183} INFO - Processing /home/user/Desktop/airflowproj/py_env/lib/python3.10/site-packages/airflow/example_dags/example_time_delta_sensor_async.py took 0.037 seconds
[2024-06-18T13:20:54.250+0400] {processor.py:161} INFO - Started process (PID=56941) to work on /home/user/Desktop/airflowproj/py_env/lib/python3.10/site-packages/airflow/example_dags/example_time_delta_sensor_async.py
[2024-06-18T13:20:54.253+0400] {processor.py:830} INFO - Processing file /home/user/Desktop/airflowproj/py_env/lib/python3.10/site-packages/airflow/example_dags/example_time_delta_sensor_async.py for tasks to queue
[2024-06-18T13:20:54.254+0400] {logging_mixin.py:188} INFO - [2024-06-18T13:20:54.253+0400] {dagbag.py:545} INFO - Filling up the DagBag from /home/user/Desktop/airflowproj/py_env/lib/python3.10/site-packages/airflow/example_dags/example_time_delta_sensor_async.py
[2024-06-18T13:20:54.257+0400] {processor.py:840} INFO - DAG(s) 'example_time_delta_sensor_async' retrieved from /home/user/Desktop/airflowproj/py_env/lib/python3.10/site-packages/airflow/example_dags/example_time_delta_sensor_async.py
[2024-06-18T13:20:54.265+0400] {logging_mixin.py:188} INFO - [2024-06-18T13:20:54.265+0400] {dag.py:3096} INFO - Sync 1 DAGs
[2024-06-18T13:20:54.270+0400] {logging_mixin.py:188} INFO - [2024-06-18T13:20:54.270+0400] {dag.py:3954} INFO - Setting next_dagrun for example_time_delta_sensor_async to None, run_after=None
[2024-06-18T13:20:54.283+0400] {processor.py:183} INFO - Processing /home/user/Desktop/airflowproj/py_env/lib/python3.10/site-packages/airflow/example_dags/example_time_delta_sensor_async.py took 0.037 seconds
[2024-06-18T13:21:55.970+0400] {processor.py:161} INFO - Started process (PID=57145) to work on /home/user/Desktop/airflowproj/py_env/lib/python3.10/site-packages/airflow/example_dags/example_time_delta_sensor_async.py
[2024-06-18T13:21:55.971+0400] {processor.py:830} INFO - Processing file /home/user/Desktop/airflowproj/py_env/lib/python3.10/site-packages/airflow/example_dags/example_time_delta_sensor_async.py for tasks to queue
[2024-06-18T13:21:55.972+0400] {logging_mixin.py:188} INFO - [2024-06-18T13:21:55.972+0400] {dagbag.py:545} INFO - Filling up the DagBag from /home/user/Desktop/airflowproj/py_env/lib/python3.10/site-packages/airflow/example_dags/example_time_delta_sensor_async.py
[2024-06-18T13:21:55.975+0400] {processor.py:840} INFO - DAG(s) 'example_time_delta_sensor_async' retrieved from /home/user/Desktop/airflowproj/py_env/lib/python3.10/site-packages/airflow/example_dags/example_time_delta_sensor_async.py
[2024-06-18T13:21:55.982+0400] {logging_mixin.py:188} INFO - [2024-06-18T13:21:55.982+0400] {dag.py:3096} INFO - Sync 1 DAGs
[2024-06-18T13:21:55.988+0400] {logging_mixin.py:188} INFO - [2024-06-18T13:21:55.988+0400] {dag.py:3954} INFO - Setting next_dagrun for example_time_delta_sensor_async to None, run_after=None
[2024-06-18T13:21:56.002+0400] {processor.py:183} INFO - Processing /home/user/Desktop/airflowproj/py_env/lib/python3.10/site-packages/airflow/example_dags/example_time_delta_sensor_async.py took 0.036 seconds
[2024-06-18T13:22:53.698+0400] {processor.py:161} INFO - Started process (PID=57378) to work on /home/user/Desktop/airflowproj/py_env/lib/python3.10/site-packages/airflow/example_dags/example_time_delta_sensor_async.py
[2024-06-18T13:22:53.701+0400] {processor.py:830} INFO - Processing file /home/user/Desktop/airflowproj/py_env/lib/python3.10/site-packages/airflow/example_dags/example_time_delta_sensor_async.py for tasks to queue
[2024-06-18T13:22:53.703+0400] {logging_mixin.py:188} INFO - [2024-06-18T13:22:53.703+0400] {dagbag.py:545} INFO - Filling up the DagBag from /home/user/Desktop/airflowproj/py_env/lib/python3.10/site-packages/airflow/example_dags/example_time_delta_sensor_async.py
[2024-06-18T13:22:53.708+0400] {processor.py:840} INFO - DAG(s) 'example_time_delta_sensor_async' retrieved from /home/user/Desktop/airflowproj/py_env/lib/python3.10/site-packages/airflow/example_dags/example_time_delta_sensor_async.py
[2024-06-18T13:22:53.716+0400] {logging_mixin.py:188} INFO - [2024-06-18T13:22:53.716+0400] {dag.py:3096} INFO - Sync 1 DAGs
[2024-06-18T13:22:53.721+0400] {logging_mixin.py:188} INFO - [2024-06-18T13:22:53.721+0400] {dag.py:3954} INFO - Setting next_dagrun for example_time_delta_sensor_async to None, run_after=None
[2024-06-18T13:22:53.735+0400] {processor.py:183} INFO - Processing /home/user/Desktop/airflowproj/py_env/lib/python3.10/site-packages/airflow/example_dags/example_time_delta_sensor_async.py took 0.042 seconds
[2024-06-18T13:23:53.159+0400] {processor.py:161} INFO - Started process (PID=57583) to work on /home/user/Desktop/airflowproj/py_env/lib/python3.10/site-packages/airflow/example_dags/example_time_delta_sensor_async.py
[2024-06-18T13:23:53.161+0400] {processor.py:830} INFO - Processing file /home/user/Desktop/airflowproj/py_env/lib/python3.10/site-packages/airflow/example_dags/example_time_delta_sensor_async.py for tasks to queue
[2024-06-18T13:23:53.162+0400] {logging_mixin.py:188} INFO - [2024-06-18T13:23:53.162+0400] {dagbag.py:545} INFO - Filling up the DagBag from /home/user/Desktop/airflowproj/py_env/lib/python3.10/site-packages/airflow/example_dags/example_time_delta_sensor_async.py
[2024-06-18T13:23:53.164+0400] {processor.py:840} INFO - DAG(s) 'example_time_delta_sensor_async' retrieved from /home/user/Desktop/airflowproj/py_env/lib/python3.10/site-packages/airflow/example_dags/example_time_delta_sensor_async.py
[2024-06-18T13:23:53.172+0400] {logging_mixin.py:188} INFO - [2024-06-18T13:23:53.172+0400] {dag.py:3096} INFO - Sync 1 DAGs
[2024-06-18T13:23:53.177+0400] {logging_mixin.py:188} INFO - [2024-06-18T13:23:53.177+0400] {dag.py:3954} INFO - Setting next_dagrun for example_time_delta_sensor_async to None, run_after=None
[2024-06-18T13:23:53.191+0400] {processor.py:183} INFO - Processing /home/user/Desktop/airflowproj/py_env/lib/python3.10/site-packages/airflow/example_dags/example_time_delta_sensor_async.py took 0.036 seconds
[2024-06-18T13:24:49.772+0400] {processor.py:161} INFO - Started process (PID=57760) to work on /home/user/Desktop/airflowproj/py_env/lib/python3.10/site-packages/airflow/example_dags/example_time_delta_sensor_async.py
[2024-06-18T13:24:49.774+0400] {processor.py:830} INFO - Processing file /home/user/Desktop/airflowproj/py_env/lib/python3.10/site-packages/airflow/example_dags/example_time_delta_sensor_async.py for tasks to queue
[2024-06-18T13:24:49.775+0400] {logging_mixin.py:188} INFO - [2024-06-18T13:24:49.775+0400] {dagbag.py:545} INFO - Filling up the DagBag from /home/user/Desktop/airflowproj/py_env/lib/python3.10/site-packages/airflow/example_dags/example_time_delta_sensor_async.py
[2024-06-18T13:24:49.777+0400] {processor.py:840} INFO - DAG(s) 'example_time_delta_sensor_async' retrieved from /home/user/Desktop/airflowproj/py_env/lib/python3.10/site-packages/airflow/example_dags/example_time_delta_sensor_async.py
[2024-06-18T13:24:49.785+0400] {logging_mixin.py:188} INFO - [2024-06-18T13:24:49.785+0400] {dag.py:3096} INFO - Sync 1 DAGs
[2024-06-18T13:24:49.790+0400] {logging_mixin.py:188} INFO - [2024-06-18T13:24:49.790+0400] {dag.py:3954} INFO - Setting next_dagrun for example_time_delta_sensor_async to None, run_after=None
[2024-06-18T13:24:49.804+0400] {processor.py:183} INFO - Processing /home/user/Desktop/airflowproj/py_env/lib/python3.10/site-packages/airflow/example_dags/example_time_delta_sensor_async.py took 0.037 seconds
[2024-06-18T13:25:47.162+0400] {processor.py:161} INFO - Started process (PID=57961) to work on /home/user/Desktop/airflowproj/py_env/lib/python3.10/site-packages/airflow/example_dags/example_time_delta_sensor_async.py
[2024-06-18T13:25:47.165+0400] {processor.py:830} INFO - Processing file /home/user/Desktop/airflowproj/py_env/lib/python3.10/site-packages/airflow/example_dags/example_time_delta_sensor_async.py for tasks to queue
[2024-06-18T13:25:47.167+0400] {logging_mixin.py:188} INFO - [2024-06-18T13:25:47.166+0400] {dagbag.py:545} INFO - Filling up the DagBag from /home/user/Desktop/airflowproj/py_env/lib/python3.10/site-packages/airflow/example_dags/example_time_delta_sensor_async.py
[2024-06-18T13:25:47.170+0400] {processor.py:840} INFO - DAG(s) 'example_time_delta_sensor_async' retrieved from /home/user/Desktop/airflowproj/py_env/lib/python3.10/site-packages/airflow/example_dags/example_time_delta_sensor_async.py
[2024-06-18T13:25:47.178+0400] {logging_mixin.py:188} INFO - [2024-06-18T13:25:47.177+0400] {dag.py:3096} INFO - Sync 1 DAGs
[2024-06-18T13:25:47.183+0400] {logging_mixin.py:188} INFO - [2024-06-18T13:25:47.182+0400] {dag.py:3954} INFO - Setting next_dagrun for example_time_delta_sensor_async to None, run_after=None
[2024-06-18T13:25:47.196+0400] {processor.py:183} INFO - Processing /home/user/Desktop/airflowproj/py_env/lib/python3.10/site-packages/airflow/example_dags/example_time_delta_sensor_async.py took 0.041 seconds
[2024-06-18T13:26:45.754+0400] {processor.py:161} INFO - Started process (PID=58164) to work on /home/user/Desktop/airflowproj/py_env/lib/python3.10/site-packages/airflow/example_dags/example_time_delta_sensor_async.py
[2024-06-18T13:26:45.755+0400] {processor.py:830} INFO - Processing file /home/user/Desktop/airflowproj/py_env/lib/python3.10/site-packages/airflow/example_dags/example_time_delta_sensor_async.py for tasks to queue
[2024-06-18T13:26:45.756+0400] {logging_mixin.py:188} INFO - [2024-06-18T13:26:45.756+0400] {dagbag.py:545} INFO - Filling up the DagBag from /home/user/Desktop/airflowproj/py_env/lib/python3.10/site-packages/airflow/example_dags/example_time_delta_sensor_async.py
[2024-06-18T13:26:45.759+0400] {processor.py:840} INFO - DAG(s) 'example_time_delta_sensor_async' retrieved from /home/user/Desktop/airflowproj/py_env/lib/python3.10/site-packages/airflow/example_dags/example_time_delta_sensor_async.py
[2024-06-18T13:26:45.766+0400] {logging_mixin.py:188} INFO - [2024-06-18T13:26:45.766+0400] {dag.py:3096} INFO - Sync 1 DAGs
[2024-06-18T13:26:45.772+0400] {logging_mixin.py:188} INFO - [2024-06-18T13:26:45.772+0400] {dag.py:3954} INFO - Setting next_dagrun for example_time_delta_sensor_async to None, run_after=None
[2024-06-18T13:26:45.791+0400] {processor.py:183} INFO - Processing /home/user/Desktop/airflowproj/py_env/lib/python3.10/site-packages/airflow/example_dags/example_time_delta_sensor_async.py took 0.042 seconds
[2024-06-18T13:27:43.146+0400] {processor.py:161} INFO - Started process (PID=58381) to work on /home/user/Desktop/airflowproj/py_env/lib/python3.10/site-packages/airflow/example_dags/example_time_delta_sensor_async.py
[2024-06-18T13:27:43.149+0400] {processor.py:830} INFO - Processing file /home/user/Desktop/airflowproj/py_env/lib/python3.10/site-packages/airflow/example_dags/example_time_delta_sensor_async.py for tasks to queue
[2024-06-18T13:27:43.150+0400] {logging_mixin.py:188} INFO - [2024-06-18T13:27:43.150+0400] {dagbag.py:545} INFO - Filling up the DagBag from /home/user/Desktop/airflowproj/py_env/lib/python3.10/site-packages/airflow/example_dags/example_time_delta_sensor_async.py
[2024-06-18T13:27:43.154+0400] {processor.py:840} INFO - DAG(s) 'example_time_delta_sensor_async' retrieved from /home/user/Desktop/airflowproj/py_env/lib/python3.10/site-packages/airflow/example_dags/example_time_delta_sensor_async.py
[2024-06-18T13:27:43.161+0400] {logging_mixin.py:188} INFO - [2024-06-18T13:27:43.161+0400] {dag.py:3096} INFO - Sync 1 DAGs
[2024-06-18T13:27:43.167+0400] {logging_mixin.py:188} INFO - [2024-06-18T13:27:43.166+0400] {dag.py:3954} INFO - Setting next_dagrun for example_time_delta_sensor_async to None, run_after=None
[2024-06-18T13:27:43.180+0400] {processor.py:183} INFO - Processing /home/user/Desktop/airflowproj/py_env/lib/python3.10/site-packages/airflow/example_dags/example_time_delta_sensor_async.py took 0.039 seconds
[2024-06-18T13:28:41.547+0400] {processor.py:161} INFO - Started process (PID=58591) to work on /home/user/Desktop/airflowproj/py_env/lib/python3.10/site-packages/airflow/example_dags/example_time_delta_sensor_async.py
[2024-06-18T13:28:41.549+0400] {processor.py:830} INFO - Processing file /home/user/Desktop/airflowproj/py_env/lib/python3.10/site-packages/airflow/example_dags/example_time_delta_sensor_async.py for tasks to queue
[2024-06-18T13:28:41.550+0400] {logging_mixin.py:188} INFO - [2024-06-18T13:28:41.550+0400] {dagbag.py:545} INFO - Filling up the DagBag from /home/user/Desktop/airflowproj/py_env/lib/python3.10/site-packages/airflow/example_dags/example_time_delta_sensor_async.py
[2024-06-18T13:28:41.553+0400] {processor.py:840} INFO - DAG(s) 'example_time_delta_sensor_async' retrieved from /home/user/Desktop/airflowproj/py_env/lib/python3.10/site-packages/airflow/example_dags/example_time_delta_sensor_async.py
[2024-06-18T13:28:41.560+0400] {logging_mixin.py:188} INFO - [2024-06-18T13:28:41.560+0400] {dag.py:3096} INFO - Sync 1 DAGs
[2024-06-18T13:28:41.566+0400] {logging_mixin.py:188} INFO - [2024-06-18T13:28:41.565+0400] {dag.py:3954} INFO - Setting next_dagrun for example_time_delta_sensor_async to None, run_after=None
[2024-06-18T13:28:41.579+0400] {processor.py:183} INFO - Processing /home/user/Desktop/airflowproj/py_env/lib/python3.10/site-packages/airflow/example_dags/example_time_delta_sensor_async.py took 0.036 seconds
[2024-06-18T13:29:36.508+0400] {processor.py:161} INFO - Started process (PID=58794) to work on /home/user/Desktop/airflowproj/py_env/lib/python3.10/site-packages/airflow/example_dags/example_time_delta_sensor_async.py
[2024-06-18T13:29:36.510+0400] {processor.py:830} INFO - Processing file /home/user/Desktop/airflowproj/py_env/lib/python3.10/site-packages/airflow/example_dags/example_time_delta_sensor_async.py for tasks to queue
[2024-06-18T13:29:36.511+0400] {logging_mixin.py:188} INFO - [2024-06-18T13:29:36.511+0400] {dagbag.py:545} INFO - Filling up the DagBag from /home/user/Desktop/airflowproj/py_env/lib/python3.10/site-packages/airflow/example_dags/example_time_delta_sensor_async.py
[2024-06-18T13:29:36.513+0400] {processor.py:840} INFO - DAG(s) 'example_time_delta_sensor_async' retrieved from /home/user/Desktop/airflowproj/py_env/lib/python3.10/site-packages/airflow/example_dags/example_time_delta_sensor_async.py
[2024-06-18T13:29:36.520+0400] {logging_mixin.py:188} INFO - [2024-06-18T13:29:36.520+0400] {dag.py:3096} INFO - Sync 1 DAGs
[2024-06-18T13:29:36.525+0400] {logging_mixin.py:188} INFO - [2024-06-18T13:29:36.524+0400] {dag.py:3954} INFO - Setting next_dagrun for example_time_delta_sensor_async to None, run_after=None
[2024-06-18T13:29:36.537+0400] {processor.py:183} INFO - Processing /home/user/Desktop/airflowproj/py_env/lib/python3.10/site-packages/airflow/example_dags/example_time_delta_sensor_async.py took 0.033 seconds
[2024-06-18T13:30:35.724+0400] {processor.py:161} INFO - Started process (PID=59080) to work on /home/user/Desktop/airflowproj/py_env/lib/python3.10/site-packages/airflow/example_dags/example_time_delta_sensor_async.py
[2024-06-18T13:30:35.726+0400] {processor.py:830} INFO - Processing file /home/user/Desktop/airflowproj/py_env/lib/python3.10/site-packages/airflow/example_dags/example_time_delta_sensor_async.py for tasks to queue
[2024-06-18T13:30:35.727+0400] {logging_mixin.py:188} INFO - [2024-06-18T13:30:35.727+0400] {dagbag.py:545} INFO - Filling up the DagBag from /home/user/Desktop/airflowproj/py_env/lib/python3.10/site-packages/airflow/example_dags/example_time_delta_sensor_async.py
[2024-06-18T13:30:35.730+0400] {processor.py:840} INFO - DAG(s) 'example_time_delta_sensor_async' retrieved from /home/user/Desktop/airflowproj/py_env/lib/python3.10/site-packages/airflow/example_dags/example_time_delta_sensor_async.py
[2024-06-18T13:30:35.739+0400] {logging_mixin.py:188} INFO - [2024-06-18T13:30:35.739+0400] {dag.py:3096} INFO - Sync 1 DAGs
[2024-06-18T13:30:35.743+0400] {logging_mixin.py:188} INFO - [2024-06-18T13:30:35.743+0400] {dag.py:3954} INFO - Setting next_dagrun for example_time_delta_sensor_async to None, run_after=None
[2024-06-18T13:30:35.758+0400] {processor.py:183} INFO - Processing /home/user/Desktop/airflowproj/py_env/lib/python3.10/site-packages/airflow/example_dags/example_time_delta_sensor_async.py took 0.038 seconds
[2024-06-18T13:31:35.421+0400] {processor.py:161} INFO - Started process (PID=59307) to work on /home/user/Desktop/airflowproj/py_env/lib/python3.10/site-packages/airflow/example_dags/example_time_delta_sensor_async.py
[2024-06-18T13:31:35.423+0400] {processor.py:830} INFO - Processing file /home/user/Desktop/airflowproj/py_env/lib/python3.10/site-packages/airflow/example_dags/example_time_delta_sensor_async.py for tasks to queue
[2024-06-18T13:31:35.425+0400] {logging_mixin.py:188} INFO - [2024-06-18T13:31:35.424+0400] {dagbag.py:545} INFO - Filling up the DagBag from /home/user/Desktop/airflowproj/py_env/lib/python3.10/site-packages/airflow/example_dags/example_time_delta_sensor_async.py
[2024-06-18T13:31:35.429+0400] {processor.py:840} INFO - DAG(s) 'example_time_delta_sensor_async' retrieved from /home/user/Desktop/airflowproj/py_env/lib/python3.10/site-packages/airflow/example_dags/example_time_delta_sensor_async.py
[2024-06-18T13:31:35.438+0400] {logging_mixin.py:188} INFO - [2024-06-18T13:31:35.437+0400] {dag.py:3096} INFO - Sync 1 DAGs
[2024-06-18T13:31:35.443+0400] {logging_mixin.py:188} INFO - [2024-06-18T13:31:35.442+0400] {dag.py:3954} INFO - Setting next_dagrun for example_time_delta_sensor_async to None, run_after=None
[2024-06-18T13:31:35.456+0400] {processor.py:183} INFO - Processing /home/user/Desktop/airflowproj/py_env/lib/python3.10/site-packages/airflow/example_dags/example_time_delta_sensor_async.py took 0.040 seconds
[2024-06-18T13:32:19.325+0400] {processor.py:161} INFO - Started process (PID=59631) to work on /home/user/Desktop/airflowproj/py_env/lib/python3.10/site-packages/airflow/example_dags/example_time_delta_sensor_async.py
[2024-06-18T13:32:19.327+0400] {processor.py:830} INFO - Processing file /home/user/Desktop/airflowproj/py_env/lib/python3.10/site-packages/airflow/example_dags/example_time_delta_sensor_async.py for tasks to queue
[2024-06-18T13:32:19.328+0400] {logging_mixin.py:188} INFO - [2024-06-18T13:32:19.328+0400] {dagbag.py:545} INFO - Filling up the DagBag from /home/user/Desktop/airflowproj/py_env/lib/python3.10/site-packages/airflow/example_dags/example_time_delta_sensor_async.py
[2024-06-18T13:32:19.330+0400] {processor.py:840} INFO - DAG(s) 'example_time_delta_sensor_async' retrieved from /home/user/Desktop/airflowproj/py_env/lib/python3.10/site-packages/airflow/example_dags/example_time_delta_sensor_async.py
[2024-06-18T13:32:19.339+0400] {logging_mixin.py:188} INFO - [2024-06-18T13:32:19.339+0400] {dag.py:3096} INFO - Sync 1 DAGs
[2024-06-18T13:32:19.345+0400] {logging_mixin.py:188} INFO - [2024-06-18T13:32:19.345+0400] {dag.py:3954} INFO - Setting next_dagrun for example_time_delta_sensor_async to None, run_after=None
[2024-06-18T13:32:19.359+0400] {processor.py:183} INFO - Processing /home/user/Desktop/airflowproj/py_env/lib/python3.10/site-packages/airflow/example_dags/example_time_delta_sensor_async.py took 0.036 seconds
