[2024-06-18T12:40:49.787+0400] {processor.py:161} INFO - Started process (PID=45788) to work on /home/user/Desktop/airflowproj/py_env/lib/python3.10/site-packages/airflow/example_dags/example_branch_operator.py
[2024-06-18T12:40:49.787+0400] {processor.py:830} INFO - Processing file /home/user/Desktop/airflowproj/py_env/lib/python3.10/site-packages/airflow/example_dags/example_branch_operator.py for tasks to queue
[2024-06-18T12:40:49.789+0400] {logging_mixin.py:188} INFO - [2024-06-18T12:40:49.788+0400] {dagbag.py:545} INFO - Filling up the DagBag from /home/user/Desktop/airflowproj/py_env/lib/python3.10/site-packages/airflow/example_dags/example_branch_operator.py
[2024-06-18T12:40:49.790+0400] {processor.py:842} WARNING - No viable dags retrieved from /home/user/Desktop/airflowproj/py_env/lib/python3.10/site-packages/airflow/example_dags/example_branch_operator.py
[2024-06-18T12:40:49.796+0400] {processor.py:183} INFO - Processing /home/user/Desktop/airflowproj/py_env/lib/python3.10/site-packages/airflow/example_dags/example_branch_operator.py took 0.012 seconds
[2024-06-18T12:43:23.764+0400] {processor.py:161} INFO - Started process (PID=46692) to work on /home/user/Desktop/airflowproj/py_env/lib/python3.10/site-packages/airflow/example_dags/example_branch_operator.py
[2024-06-18T12:43:23.765+0400] {processor.py:830} INFO - Processing file /home/user/Desktop/airflowproj/py_env/lib/python3.10/site-packages/airflow/example_dags/example_branch_operator.py for tasks to queue
[2024-06-18T12:43:23.766+0400] {logging_mixin.py:188} INFO - [2024-06-18T12:43:23.765+0400] {dagbag.py:545} INFO - Filling up the DagBag from /home/user/Desktop/airflowproj/py_env/lib/python3.10/site-packages/airflow/example_dags/example_branch_operator.py
[2024-06-18T12:43:23.767+0400] {processor.py:842} WARNING - No viable dags retrieved from /home/user/Desktop/airflowproj/py_env/lib/python3.10/site-packages/airflow/example_dags/example_branch_operator.py
[2024-06-18T12:43:23.773+0400] {processor.py:183} INFO - Processing /home/user/Desktop/airflowproj/py_env/lib/python3.10/site-packages/airflow/example_dags/example_branch_operator.py took 0.012 seconds
[2024-06-18T12:44:29.726+0400] {processor.py:161} INFO - Started process (PID=46876) to work on /home/user/Desktop/airflowproj/py_env/lib/python3.10/site-packages/airflow/example_dags/example_branch_operator.py
[2024-06-18T12:44:29.729+0400] {processor.py:830} INFO - Processing file /home/user/Desktop/airflowproj/py_env/lib/python3.10/site-packages/airflow/example_dags/example_branch_operator.py for tasks to queue
[2024-06-18T12:44:29.729+0400] {logging_mixin.py:188} INFO - [2024-06-18T12:44:29.729+0400] {dagbag.py:545} INFO - Filling up the DagBag from /home/user/Desktop/airflowproj/py_env/lib/python3.10/site-packages/airflow/example_dags/example_branch_operator.py
[2024-06-18T12:44:29.731+0400] {processor.py:842} WARNING - No viable dags retrieved from /home/user/Desktop/airflowproj/py_env/lib/python3.10/site-packages/airflow/example_dags/example_branch_operator.py
[2024-06-18T12:44:29.736+0400] {processor.py:183} INFO - Processing /home/user/Desktop/airflowproj/py_env/lib/python3.10/site-packages/airflow/example_dags/example_branch_operator.py took 0.013 seconds
[2024-06-18T12:45:29.536+0400] {processor.py:161} INFO - Started process (PID=47019) to work on /home/user/Desktop/airflowproj/py_env/lib/python3.10/site-packages/airflow/example_dags/example_branch_operator.py
[2024-06-18T12:45:29.539+0400] {processor.py:830} INFO - Processing file /home/user/Desktop/airflowproj/py_env/lib/python3.10/site-packages/airflow/example_dags/example_branch_operator.py for tasks to queue
[2024-06-18T12:45:29.540+0400] {logging_mixin.py:188} INFO - [2024-06-18T12:45:29.540+0400] {dagbag.py:545} INFO - Filling up the DagBag from /home/user/Desktop/airflowproj/py_env/lib/python3.10/site-packages/airflow/example_dags/example_branch_operator.py
[2024-06-18T12:45:29.542+0400] {processor.py:842} WARNING - No viable dags retrieved from /home/user/Desktop/airflowproj/py_env/lib/python3.10/site-packages/airflow/example_dags/example_branch_operator.py
[2024-06-18T12:45:29.547+0400] {processor.py:183} INFO - Processing /home/user/Desktop/airflowproj/py_env/lib/python3.10/site-packages/airflow/example_dags/example_branch_operator.py took 0.015 seconds
[2024-06-18T12:46:30.486+0400] {processor.py:161} INFO - Started process (PID=47226) to work on /home/user/Desktop/airflowproj/py_env/lib/python3.10/site-packages/airflow/example_dags/example_branch_operator.py
[2024-06-18T12:46:30.487+0400] {processor.py:830} INFO - Processing file /home/user/Desktop/airflowproj/py_env/lib/python3.10/site-packages/airflow/example_dags/example_branch_operator.py for tasks to queue
[2024-06-18T12:46:30.489+0400] {logging_mixin.py:188} INFO - [2024-06-18T12:46:30.489+0400] {dagbag.py:545} INFO - Filling up the DagBag from /home/user/Desktop/airflowproj/py_env/lib/python3.10/site-packages/airflow/example_dags/example_branch_operator.py
[2024-06-18T12:46:30.491+0400] {processor.py:842} WARNING - No viable dags retrieved from /home/user/Desktop/airflowproj/py_env/lib/python3.10/site-packages/airflow/example_dags/example_branch_operator.py
[2024-06-18T12:46:30.497+0400] {processor.py:183} INFO - Processing /home/user/Desktop/airflowproj/py_env/lib/python3.10/site-packages/airflow/example_dags/example_branch_operator.py took 0.015 seconds
[2024-06-18T12:47:27.885+0400] {processor.py:161} INFO - Started process (PID=47973) to work on /home/user/Desktop/airflowproj/py_env/lib/python3.10/site-packages/airflow/example_dags/example_branch_operator.py
[2024-06-18T12:47:27.885+0400] {processor.py:830} INFO - Processing file /home/user/Desktop/airflowproj/py_env/lib/python3.10/site-packages/airflow/example_dags/example_branch_operator.py for tasks to queue
[2024-06-18T12:47:27.886+0400] {logging_mixin.py:188} INFO - [2024-06-18T12:47:27.886+0400] {dagbag.py:545} INFO - Filling up the DagBag from /home/user/Desktop/airflowproj/py_env/lib/python3.10/site-packages/airflow/example_dags/example_branch_operator.py
[2024-06-18T12:47:27.888+0400] {processor.py:842} WARNING - No viable dags retrieved from /home/user/Desktop/airflowproj/py_env/lib/python3.10/site-packages/airflow/example_dags/example_branch_operator.py
[2024-06-18T12:47:27.894+0400] {processor.py:183} INFO - Processing /home/user/Desktop/airflowproj/py_env/lib/python3.10/site-packages/airflow/example_dags/example_branch_operator.py took 0.013 seconds
[2024-06-18T12:48:24.361+0400] {processor.py:161} INFO - Started process (PID=48285) to work on /home/user/Desktop/airflowproj/py_env/lib/python3.10/site-packages/airflow/example_dags/example_branch_operator.py
[2024-06-18T12:48:24.363+0400] {processor.py:830} INFO - Processing file /home/user/Desktop/airflowproj/py_env/lib/python3.10/site-packages/airflow/example_dags/example_branch_operator.py for tasks to queue
[2024-06-18T12:48:24.364+0400] {logging_mixin.py:188} INFO - [2024-06-18T12:48:24.364+0400] {dagbag.py:545} INFO - Filling up the DagBag from /home/user/Desktop/airflowproj/py_env/lib/python3.10/site-packages/airflow/example_dags/example_branch_operator.py
[2024-06-18T12:48:24.365+0400] {processor.py:842} WARNING - No viable dags retrieved from /home/user/Desktop/airflowproj/py_env/lib/python3.10/site-packages/airflow/example_dags/example_branch_operator.py
[2024-06-18T12:48:24.371+0400] {processor.py:183} INFO - Processing /home/user/Desktop/airflowproj/py_env/lib/python3.10/site-packages/airflow/example_dags/example_branch_operator.py took 0.014 seconds
[2024-06-18T12:49:14.629+0400] {processor.py:161} INFO - Started process (PID=48612) to work on /home/user/Desktop/airflowproj/py_env/lib/python3.10/site-packages/airflow/example_dags/example_branch_operator.py
[2024-06-18T12:49:14.632+0400] {processor.py:830} INFO - Processing file /home/user/Desktop/airflowproj/py_env/lib/python3.10/site-packages/airflow/example_dags/example_branch_operator.py for tasks to queue
[2024-06-18T12:49:14.633+0400] {logging_mixin.py:188} INFO - [2024-06-18T12:49:14.633+0400] {dagbag.py:545} INFO - Filling up the DagBag from /home/user/Desktop/airflowproj/py_env/lib/python3.10/site-packages/airflow/example_dags/example_branch_operator.py
[2024-06-18T12:49:14.635+0400] {processor.py:842} WARNING - No viable dags retrieved from /home/user/Desktop/airflowproj/py_env/lib/python3.10/site-packages/airflow/example_dags/example_branch_operator.py
[2024-06-18T12:49:14.640+0400] {processor.py:183} INFO - Processing /home/user/Desktop/airflowproj/py_env/lib/python3.10/site-packages/airflow/example_dags/example_branch_operator.py took 0.014 seconds
[2024-06-18T12:50:15.193+0400] {processor.py:161} INFO - Started process (PID=48785) to work on /home/user/Desktop/airflowproj/py_env/lib/python3.10/site-packages/airflow/example_dags/example_branch_operator.py
[2024-06-18T12:50:15.194+0400] {processor.py:830} INFO - Processing file /home/user/Desktop/airflowproj/py_env/lib/python3.10/site-packages/airflow/example_dags/example_branch_operator.py for tasks to queue
[2024-06-18T12:50:15.194+0400] {logging_mixin.py:188} INFO - [2024-06-18T12:50:15.194+0400] {dagbag.py:545} INFO - Filling up the DagBag from /home/user/Desktop/airflowproj/py_env/lib/python3.10/site-packages/airflow/example_dags/example_branch_operator.py
[2024-06-18T12:50:15.196+0400] {processor.py:842} WARNING - No viable dags retrieved from /home/user/Desktop/airflowproj/py_env/lib/python3.10/site-packages/airflow/example_dags/example_branch_operator.py
[2024-06-18T12:50:15.201+0400] {processor.py:183} INFO - Processing /home/user/Desktop/airflowproj/py_env/lib/python3.10/site-packages/airflow/example_dags/example_branch_operator.py took 0.011 seconds
[2024-06-18T12:51:15.308+0400] {processor.py:161} INFO - Started process (PID=48997) to work on /home/user/Desktop/airflowproj/py_env/lib/python3.10/site-packages/airflow/example_dags/example_branch_operator.py
[2024-06-18T12:51:15.309+0400] {processor.py:830} INFO - Processing file /home/user/Desktop/airflowproj/py_env/lib/python3.10/site-packages/airflow/example_dags/example_branch_operator.py for tasks to queue
[2024-06-18T12:51:15.310+0400] {logging_mixin.py:188} INFO - [2024-06-18T12:51:15.310+0400] {dagbag.py:545} INFO - Filling up the DagBag from /home/user/Desktop/airflowproj/py_env/lib/python3.10/site-packages/airflow/example_dags/example_branch_operator.py
[2024-06-18T12:51:15.311+0400] {processor.py:842} WARNING - No viable dags retrieved from /home/user/Desktop/airflowproj/py_env/lib/python3.10/site-packages/airflow/example_dags/example_branch_operator.py
[2024-06-18T12:51:15.316+0400] {processor.py:183} INFO - Processing /home/user/Desktop/airflowproj/py_env/lib/python3.10/site-packages/airflow/example_dags/example_branch_operator.py took 0.011 seconds
[2024-06-18T12:52:13.608+0400] {processor.py:161} INFO - Started process (PID=49178) to work on /home/user/Desktop/airflowproj/py_env/lib/python3.10/site-packages/airflow/example_dags/example_branch_operator.py
[2024-06-18T12:52:13.611+0400] {processor.py:830} INFO - Processing file /home/user/Desktop/airflowproj/py_env/lib/python3.10/site-packages/airflow/example_dags/example_branch_operator.py for tasks to queue
[2024-06-18T12:52:13.612+0400] {logging_mixin.py:188} INFO - [2024-06-18T12:52:13.612+0400] {dagbag.py:545} INFO - Filling up the DagBag from /home/user/Desktop/airflowproj/py_env/lib/python3.10/site-packages/airflow/example_dags/example_branch_operator.py
[2024-06-18T12:52:13.614+0400] {processor.py:842} WARNING - No viable dags retrieved from /home/user/Desktop/airflowproj/py_env/lib/python3.10/site-packages/airflow/example_dags/example_branch_operator.py
[2024-06-18T12:52:13.620+0400] {processor.py:183} INFO - Processing /home/user/Desktop/airflowproj/py_env/lib/python3.10/site-packages/airflow/example_dags/example_branch_operator.py took 0.016 seconds
[2024-06-18T12:53:12.452+0400] {processor.py:161} INFO - Started process (PID=49471) to work on /home/user/Desktop/airflowproj/py_env/lib/python3.10/site-packages/airflow/example_dags/example_branch_operator.py
[2024-06-18T12:53:12.454+0400] {processor.py:830} INFO - Processing file /home/user/Desktop/airflowproj/py_env/lib/python3.10/site-packages/airflow/example_dags/example_branch_operator.py for tasks to queue
[2024-06-18T12:53:12.455+0400] {logging_mixin.py:188} INFO - [2024-06-18T12:53:12.455+0400] {dagbag.py:545} INFO - Filling up the DagBag from /home/user/Desktop/airflowproj/py_env/lib/python3.10/site-packages/airflow/example_dags/example_branch_operator.py
[2024-06-18T12:53:12.458+0400] {processor.py:842} WARNING - No viable dags retrieved from /home/user/Desktop/airflowproj/py_env/lib/python3.10/site-packages/airflow/example_dags/example_branch_operator.py
[2024-06-18T12:53:12.464+0400] {processor.py:183} INFO - Processing /home/user/Desktop/airflowproj/py_env/lib/python3.10/site-packages/airflow/example_dags/example_branch_operator.py took 0.016 seconds
[2024-06-18T12:54:10.164+0400] {processor.py:161} INFO - Started process (PID=49656) to work on /home/user/Desktop/airflowproj/py_env/lib/python3.10/site-packages/airflow/example_dags/example_branch_operator.py
[2024-06-18T12:54:10.167+0400] {processor.py:830} INFO - Processing file /home/user/Desktop/airflowproj/py_env/lib/python3.10/site-packages/airflow/example_dags/example_branch_operator.py for tasks to queue
[2024-06-18T12:54:10.169+0400] {logging_mixin.py:188} INFO - [2024-06-18T12:54:10.169+0400] {dagbag.py:545} INFO - Filling up the DagBag from /home/user/Desktop/airflowproj/py_env/lib/python3.10/site-packages/airflow/example_dags/example_branch_operator.py
[2024-06-18T12:54:10.172+0400] {processor.py:842} WARNING - No viable dags retrieved from /home/user/Desktop/airflowproj/py_env/lib/python3.10/site-packages/airflow/example_dags/example_branch_operator.py
[2024-06-18T12:54:10.183+0400] {processor.py:183} INFO - Processing /home/user/Desktop/airflowproj/py_env/lib/python3.10/site-packages/airflow/example_dags/example_branch_operator.py took 0.026 seconds
[2024-06-18T12:55:09.587+0400] {processor.py:161} INFO - Started process (PID=49831) to work on /home/user/Desktop/airflowproj/py_env/lib/python3.10/site-packages/airflow/example_dags/example_branch_operator.py
[2024-06-18T12:55:09.589+0400] {processor.py:830} INFO - Processing file /home/user/Desktop/airflowproj/py_env/lib/python3.10/site-packages/airflow/example_dags/example_branch_operator.py for tasks to queue
[2024-06-18T12:55:09.590+0400] {logging_mixin.py:188} INFO - [2024-06-18T12:55:09.590+0400] {dagbag.py:545} INFO - Filling up the DagBag from /home/user/Desktop/airflowproj/py_env/lib/python3.10/site-packages/airflow/example_dags/example_branch_operator.py
[2024-06-18T12:55:09.592+0400] {processor.py:842} WARNING - No viable dags retrieved from /home/user/Desktop/airflowproj/py_env/lib/python3.10/site-packages/airflow/example_dags/example_branch_operator.py
[2024-06-18T12:55:09.597+0400] {processor.py:183} INFO - Processing /home/user/Desktop/airflowproj/py_env/lib/python3.10/site-packages/airflow/example_dags/example_branch_operator.py took 0.015 seconds
[2024-06-18T12:56:04.999+0400] {processor.py:161} INFO - Started process (PID=50128) to work on /home/user/Desktop/airflowproj/py_env/lib/python3.10/site-packages/airflow/example_dags/example_branch_operator.py
[2024-06-18T12:56:05.001+0400] {processor.py:830} INFO - Processing file /home/user/Desktop/airflowproj/py_env/lib/python3.10/site-packages/airflow/example_dags/example_branch_operator.py for tasks to queue
[2024-06-18T12:56:05.003+0400] {logging_mixin.py:188} INFO - [2024-06-18T12:56:05.002+0400] {dagbag.py:545} INFO - Filling up the DagBag from /home/user/Desktop/airflowproj/py_env/lib/python3.10/site-packages/airflow/example_dags/example_branch_operator.py
[2024-06-18T12:56:05.005+0400] {processor.py:842} WARNING - No viable dags retrieved from /home/user/Desktop/airflowproj/py_env/lib/python3.10/site-packages/airflow/example_dags/example_branch_operator.py
[2024-06-18T12:56:05.010+0400] {processor.py:183} INFO - Processing /home/user/Desktop/airflowproj/py_env/lib/python3.10/site-packages/airflow/example_dags/example_branch_operator.py took 0.017 seconds
[2024-06-18T12:57:04.981+0400] {processor.py:161} INFO - Started process (PID=50342) to work on /home/user/Desktop/airflowproj/py_env/lib/python3.10/site-packages/airflow/example_dags/example_branch_operator.py
[2024-06-18T12:57:04.983+0400] {processor.py:830} INFO - Processing file /home/user/Desktop/airflowproj/py_env/lib/python3.10/site-packages/airflow/example_dags/example_branch_operator.py for tasks to queue
[2024-06-18T12:57:04.984+0400] {logging_mixin.py:188} INFO - [2024-06-18T12:57:04.984+0400] {dagbag.py:545} INFO - Filling up the DagBag from /home/user/Desktop/airflowproj/py_env/lib/python3.10/site-packages/airflow/example_dags/example_branch_operator.py
[2024-06-18T12:57:04.986+0400] {processor.py:842} WARNING - No viable dags retrieved from /home/user/Desktop/airflowproj/py_env/lib/python3.10/site-packages/airflow/example_dags/example_branch_operator.py
[2024-06-18T12:57:04.992+0400] {processor.py:183} INFO - Processing /home/user/Desktop/airflowproj/py_env/lib/python3.10/site-packages/airflow/example_dags/example_branch_operator.py took 0.015 seconds
[2024-06-18T12:58:05.529+0400] {processor.py:161} INFO - Started process (PID=50833) to work on /home/user/Desktop/airflowproj/py_env/lib/python3.10/site-packages/airflow/example_dags/example_branch_operator.py
[2024-06-18T12:58:05.532+0400] {processor.py:830} INFO - Processing file /home/user/Desktop/airflowproj/py_env/lib/python3.10/site-packages/airflow/example_dags/example_branch_operator.py for tasks to queue
[2024-06-18T12:58:05.534+0400] {logging_mixin.py:188} INFO - [2024-06-18T12:58:05.533+0400] {dagbag.py:545} INFO - Filling up the DagBag from /home/user/Desktop/airflowproj/py_env/lib/python3.10/site-packages/airflow/example_dags/example_branch_operator.py
[2024-06-18T12:58:05.536+0400] {processor.py:842} WARNING - No viable dags retrieved from /home/user/Desktop/airflowproj/py_env/lib/python3.10/site-packages/airflow/example_dags/example_branch_operator.py
[2024-06-18T12:58:05.542+0400] {processor.py:183} INFO - Processing /home/user/Desktop/airflowproj/py_env/lib/python3.10/site-packages/airflow/example_dags/example_branch_operator.py took 0.019 seconds
[2024-06-18T12:59:02.664+0400] {processor.py:161} INFO - Started process (PID=51226) to work on /home/user/Desktop/airflowproj/py_env/lib/python3.10/site-packages/airflow/example_dags/example_branch_operator.py
[2024-06-18T12:59:02.667+0400] {processor.py:830} INFO - Processing file /home/user/Desktop/airflowproj/py_env/lib/python3.10/site-packages/airflow/example_dags/example_branch_operator.py for tasks to queue
[2024-06-18T12:59:02.668+0400] {logging_mixin.py:188} INFO - [2024-06-18T12:59:02.668+0400] {dagbag.py:545} INFO - Filling up the DagBag from /home/user/Desktop/airflowproj/py_env/lib/python3.10/site-packages/airflow/example_dags/example_branch_operator.py
[2024-06-18T12:59:02.670+0400] {processor.py:842} WARNING - No viable dags retrieved from /home/user/Desktop/airflowproj/py_env/lib/python3.10/site-packages/airflow/example_dags/example_branch_operator.py
[2024-06-18T12:59:02.675+0400] {processor.py:183} INFO - Processing /home/user/Desktop/airflowproj/py_env/lib/python3.10/site-packages/airflow/example_dags/example_branch_operator.py took 0.014 seconds
[2024-06-18T12:59:59.756+0400] {processor.py:161} INFO - Started process (PID=51536) to work on /home/user/Desktop/airflowproj/py_env/lib/python3.10/site-packages/airflow/example_dags/example_branch_operator.py
[2024-06-18T12:59:59.758+0400] {processor.py:830} INFO - Processing file /home/user/Desktop/airflowproj/py_env/lib/python3.10/site-packages/airflow/example_dags/example_branch_operator.py for tasks to queue
[2024-06-18T12:59:59.759+0400] {logging_mixin.py:188} INFO - [2024-06-18T12:59:59.759+0400] {dagbag.py:545} INFO - Filling up the DagBag from /home/user/Desktop/airflowproj/py_env/lib/python3.10/site-packages/airflow/example_dags/example_branch_operator.py
[2024-06-18T12:59:59.761+0400] {processor.py:842} WARNING - No viable dags retrieved from /home/user/Desktop/airflowproj/py_env/lib/python3.10/site-packages/airflow/example_dags/example_branch_operator.py
[2024-06-18T12:59:59.766+0400] {processor.py:183} INFO - Processing /home/user/Desktop/airflowproj/py_env/lib/python3.10/site-packages/airflow/example_dags/example_branch_operator.py took 0.015 seconds
[2024-06-18T13:00:55.301+0400] {processor.py:161} INFO - Started process (PID=51918) to work on /home/user/Desktop/airflowproj/py_env/lib/python3.10/site-packages/airflow/example_dags/example_branch_operator.py
[2024-06-18T13:00:55.303+0400] {processor.py:830} INFO - Processing file /home/user/Desktop/airflowproj/py_env/lib/python3.10/site-packages/airflow/example_dags/example_branch_operator.py for tasks to queue
[2024-06-18T13:00:55.304+0400] {logging_mixin.py:188} INFO - [2024-06-18T13:00:55.304+0400] {dagbag.py:545} INFO - Filling up the DagBag from /home/user/Desktop/airflowproj/py_env/lib/python3.10/site-packages/airflow/example_dags/example_branch_operator.py
[2024-06-18T13:00:55.305+0400] {processor.py:842} WARNING - No viable dags retrieved from /home/user/Desktop/airflowproj/py_env/lib/python3.10/site-packages/airflow/example_dags/example_branch_operator.py
[2024-06-18T13:00:55.310+0400] {processor.py:183} INFO - Processing /home/user/Desktop/airflowproj/py_env/lib/python3.10/site-packages/airflow/example_dags/example_branch_operator.py took 0.014 seconds
[2024-06-18T13:01:54.633+0400] {processor.py:161} INFO - Started process (PID=52491) to work on /home/user/Desktop/airflowproj/py_env/lib/python3.10/site-packages/airflow/example_dags/example_branch_operator.py
[2024-06-18T13:01:54.634+0400] {processor.py:830} INFO - Processing file /home/user/Desktop/airflowproj/py_env/lib/python3.10/site-packages/airflow/example_dags/example_branch_operator.py for tasks to queue
[2024-06-18T13:01:54.635+0400] {logging_mixin.py:188} INFO - [2024-06-18T13:01:54.635+0400] {dagbag.py:545} INFO - Filling up the DagBag from /home/user/Desktop/airflowproj/py_env/lib/python3.10/site-packages/airflow/example_dags/example_branch_operator.py
[2024-06-18T13:01:54.636+0400] {processor.py:842} WARNING - No viable dags retrieved from /home/user/Desktop/airflowproj/py_env/lib/python3.10/site-packages/airflow/example_dags/example_branch_operator.py
[2024-06-18T13:01:54.642+0400] {processor.py:183} INFO - Processing /home/user/Desktop/airflowproj/py_env/lib/python3.10/site-packages/airflow/example_dags/example_branch_operator.py took 0.016 seconds
[2024-06-18T13:02:54.491+0400] {processor.py:161} INFO - Started process (PID=53006) to work on /home/user/Desktop/airflowproj/py_env/lib/python3.10/site-packages/airflow/example_dags/example_branch_operator.py
[2024-06-18T13:02:54.493+0400] {processor.py:830} INFO - Processing file /home/user/Desktop/airflowproj/py_env/lib/python3.10/site-packages/airflow/example_dags/example_branch_operator.py for tasks to queue
[2024-06-18T13:02:54.497+0400] {logging_mixin.py:188} INFO - [2024-06-18T13:02:54.496+0400] {dagbag.py:545} INFO - Filling up the DagBag from /home/user/Desktop/airflowproj/py_env/lib/python3.10/site-packages/airflow/example_dags/example_branch_operator.py
[2024-06-18T13:02:54.501+0400] {processor.py:842} WARNING - No viable dags retrieved from /home/user/Desktop/airflowproj/py_env/lib/python3.10/site-packages/airflow/example_dags/example_branch_operator.py
[2024-06-18T13:02:54.510+0400] {processor.py:183} INFO - Processing /home/user/Desktop/airflowproj/py_env/lib/python3.10/site-packages/airflow/example_dags/example_branch_operator.py took 0.023 seconds
[2024-06-18T13:03:52.985+0400] {processor.py:161} INFO - Started process (PID=53206) to work on /home/user/Desktop/airflowproj/py_env/lib/python3.10/site-packages/airflow/example_dags/example_branch_operator.py
[2024-06-18T13:03:52.988+0400] {processor.py:830} INFO - Processing file /home/user/Desktop/airflowproj/py_env/lib/python3.10/site-packages/airflow/example_dags/example_branch_operator.py for tasks to queue
[2024-06-18T13:03:52.991+0400] {logging_mixin.py:188} INFO - [2024-06-18T13:03:52.990+0400] {dagbag.py:545} INFO - Filling up the DagBag from /home/user/Desktop/airflowproj/py_env/lib/python3.10/site-packages/airflow/example_dags/example_branch_operator.py
[2024-06-18T13:03:52.996+0400] {processor.py:842} WARNING - No viable dags retrieved from /home/user/Desktop/airflowproj/py_env/lib/python3.10/site-packages/airflow/example_dags/example_branch_operator.py
[2024-06-18T13:03:53.006+0400] {processor.py:183} INFO - Processing /home/user/Desktop/airflowproj/py_env/lib/python3.10/site-packages/airflow/example_dags/example_branch_operator.py took 0.032 seconds
[2024-06-18T13:04:50.701+0400] {processor.py:161} INFO - Started process (PID=53416) to work on /home/user/Desktop/airflowproj/py_env/lib/python3.10/site-packages/airflow/example_dags/example_branch_operator.py
[2024-06-18T13:04:50.703+0400] {processor.py:830} INFO - Processing file /home/user/Desktop/airflowproj/py_env/lib/python3.10/site-packages/airflow/example_dags/example_branch_operator.py for tasks to queue
[2024-06-18T13:04:50.704+0400] {logging_mixin.py:188} INFO - [2024-06-18T13:04:50.704+0400] {dagbag.py:545} INFO - Filling up the DagBag from /home/user/Desktop/airflowproj/py_env/lib/python3.10/site-packages/airflow/example_dags/example_branch_operator.py
[2024-06-18T13:04:50.705+0400] {processor.py:842} WARNING - No viable dags retrieved from /home/user/Desktop/airflowproj/py_env/lib/python3.10/site-packages/airflow/example_dags/example_branch_operator.py
[2024-06-18T13:04:50.710+0400] {processor.py:183} INFO - Processing /home/user/Desktop/airflowproj/py_env/lib/python3.10/site-packages/airflow/example_dags/example_branch_operator.py took 0.011 seconds
[2024-06-18T13:05:47.036+0400] {processor.py:161} INFO - Started process (PID=53654) to work on /home/user/Desktop/airflowproj/py_env/lib/python3.10/site-packages/airflow/example_dags/example_branch_operator.py
[2024-06-18T13:05:47.037+0400] {processor.py:830} INFO - Processing file /home/user/Desktop/airflowproj/py_env/lib/python3.10/site-packages/airflow/example_dags/example_branch_operator.py for tasks to queue
[2024-06-18T13:05:47.037+0400] {logging_mixin.py:188} INFO - [2024-06-18T13:05:47.037+0400] {dagbag.py:545} INFO - Filling up the DagBag from /home/user/Desktop/airflowproj/py_env/lib/python3.10/site-packages/airflow/example_dags/example_branch_operator.py
[2024-06-18T13:05:47.039+0400] {processor.py:842} WARNING - No viable dags retrieved from /home/user/Desktop/airflowproj/py_env/lib/python3.10/site-packages/airflow/example_dags/example_branch_operator.py
[2024-06-18T13:05:47.043+0400] {processor.py:183} INFO - Processing /home/user/Desktop/airflowproj/py_env/lib/python3.10/site-packages/airflow/example_dags/example_branch_operator.py took 0.010 seconds
[2024-06-18T13:06:46.564+0400] {processor.py:161} INFO - Started process (PID=53861) to work on /home/user/Desktop/airflowproj/py_env/lib/python3.10/site-packages/airflow/example_dags/example_branch_operator.py
[2024-06-18T13:06:46.566+0400] {processor.py:830} INFO - Processing file /home/user/Desktop/airflowproj/py_env/lib/python3.10/site-packages/airflow/example_dags/example_branch_operator.py for tasks to queue
[2024-06-18T13:06:46.567+0400] {logging_mixin.py:188} INFO - [2024-06-18T13:06:46.567+0400] {dagbag.py:545} INFO - Filling up the DagBag from /home/user/Desktop/airflowproj/py_env/lib/python3.10/site-packages/airflow/example_dags/example_branch_operator.py
[2024-06-18T13:06:46.569+0400] {processor.py:842} WARNING - No viable dags retrieved from /home/user/Desktop/airflowproj/py_env/lib/python3.10/site-packages/airflow/example_dags/example_branch_operator.py
[2024-06-18T13:06:46.575+0400] {processor.py:183} INFO - Processing /home/user/Desktop/airflowproj/py_env/lib/python3.10/site-packages/airflow/example_dags/example_branch_operator.py took 0.015 seconds
[2024-06-18T13:07:48.433+0400] {processor.py:161} INFO - Started process (PID=54103) to work on /home/user/Desktop/airflowproj/py_env/lib/python3.10/site-packages/airflow/example_dags/example_branch_operator.py
[2024-06-18T13:07:48.435+0400] {processor.py:830} INFO - Processing file /home/user/Desktop/airflowproj/py_env/lib/python3.10/site-packages/airflow/example_dags/example_branch_operator.py for tasks to queue
[2024-06-18T13:07:48.437+0400] {logging_mixin.py:188} INFO - [2024-06-18T13:07:48.437+0400] {dagbag.py:545} INFO - Filling up the DagBag from /home/user/Desktop/airflowproj/py_env/lib/python3.10/site-packages/airflow/example_dags/example_branch_operator.py
[2024-06-18T13:07:48.439+0400] {processor.py:842} WARNING - No viable dags retrieved from /home/user/Desktop/airflowproj/py_env/lib/python3.10/site-packages/airflow/example_dags/example_branch_operator.py
[2024-06-18T13:07:48.445+0400] {processor.py:183} INFO - Processing /home/user/Desktop/airflowproj/py_env/lib/python3.10/site-packages/airflow/example_dags/example_branch_operator.py took 0.016 seconds
[2024-06-18T13:08:49.248+0400] {processor.py:161} INFO - Started process (PID=54314) to work on /home/user/Desktop/airflowproj/py_env/lib/python3.10/site-packages/airflow/example_dags/example_branch_operator.py
[2024-06-18T13:08:49.248+0400] {processor.py:830} INFO - Processing file /home/user/Desktop/airflowproj/py_env/lib/python3.10/site-packages/airflow/example_dags/example_branch_operator.py for tasks to queue
[2024-06-18T13:08:49.249+0400] {logging_mixin.py:188} INFO - [2024-06-18T13:08:49.249+0400] {dagbag.py:545} INFO - Filling up the DagBag from /home/user/Desktop/airflowproj/py_env/lib/python3.10/site-packages/airflow/example_dags/example_branch_operator.py
[2024-06-18T13:08:49.251+0400] {processor.py:842} WARNING - No viable dags retrieved from /home/user/Desktop/airflowproj/py_env/lib/python3.10/site-packages/airflow/example_dags/example_branch_operator.py
[2024-06-18T13:08:49.256+0400] {processor.py:183} INFO - Processing /home/user/Desktop/airflowproj/py_env/lib/python3.10/site-packages/airflow/example_dags/example_branch_operator.py took 0.011 seconds
[2024-06-18T13:09:47.526+0400] {processor.py:161} INFO - Started process (PID=54577) to work on /home/user/Desktop/airflowproj/py_env/lib/python3.10/site-packages/airflow/example_dags/example_branch_operator.py
[2024-06-18T13:09:47.528+0400] {processor.py:830} INFO - Processing file /home/user/Desktop/airflowproj/py_env/lib/python3.10/site-packages/airflow/example_dags/example_branch_operator.py for tasks to queue
[2024-06-18T13:09:47.530+0400] {logging_mixin.py:188} INFO - [2024-06-18T13:09:47.530+0400] {dagbag.py:545} INFO - Filling up the DagBag from /home/user/Desktop/airflowproj/py_env/lib/python3.10/site-packages/airflow/example_dags/example_branch_operator.py
[2024-06-18T13:09:47.532+0400] {processor.py:842} WARNING - No viable dags retrieved from /home/user/Desktop/airflowproj/py_env/lib/python3.10/site-packages/airflow/example_dags/example_branch_operator.py
[2024-06-18T13:09:47.538+0400] {processor.py:183} INFO - Processing /home/user/Desktop/airflowproj/py_env/lib/python3.10/site-packages/airflow/example_dags/example_branch_operator.py took 0.018 seconds
[2024-06-18T13:10:49.768+0400] {processor.py:161} INFO - Started process (PID=54788) to work on /home/user/Desktop/airflowproj/py_env/lib/python3.10/site-packages/airflow/example_dags/example_branch_operator.py
[2024-06-18T13:10:49.770+0400] {processor.py:830} INFO - Processing file /home/user/Desktop/airflowproj/py_env/lib/python3.10/site-packages/airflow/example_dags/example_branch_operator.py for tasks to queue
[2024-06-18T13:10:49.771+0400] {logging_mixin.py:188} INFO - [2024-06-18T13:10:49.770+0400] {dagbag.py:545} INFO - Filling up the DagBag from /home/user/Desktop/airflowproj/py_env/lib/python3.10/site-packages/airflow/example_dags/example_branch_operator.py
[2024-06-18T13:10:49.772+0400] {processor.py:842} WARNING - No viable dags retrieved from /home/user/Desktop/airflowproj/py_env/lib/python3.10/site-packages/airflow/example_dags/example_branch_operator.py
[2024-06-18T13:10:49.776+0400] {processor.py:183} INFO - Processing /home/user/Desktop/airflowproj/py_env/lib/python3.10/site-packages/airflow/example_dags/example_branch_operator.py took 0.012 seconds
[2024-06-18T13:11:50.316+0400] {processor.py:161} INFO - Started process (PID=54994) to work on /home/user/Desktop/airflowproj/py_env/lib/python3.10/site-packages/airflow/example_dags/example_branch_operator.py
[2024-06-18T13:11:50.319+0400] {processor.py:830} INFO - Processing file /home/user/Desktop/airflowproj/py_env/lib/python3.10/site-packages/airflow/example_dags/example_branch_operator.py for tasks to queue
[2024-06-18T13:11:50.320+0400] {logging_mixin.py:188} INFO - [2024-06-18T13:11:50.319+0400] {dagbag.py:545} INFO - Filling up the DagBag from /home/user/Desktop/airflowproj/py_env/lib/python3.10/site-packages/airflow/example_dags/example_branch_operator.py
[2024-06-18T13:11:50.322+0400] {processor.py:842} WARNING - No viable dags retrieved from /home/user/Desktop/airflowproj/py_env/lib/python3.10/site-packages/airflow/example_dags/example_branch_operator.py
[2024-06-18T13:11:50.327+0400] {processor.py:183} INFO - Processing /home/user/Desktop/airflowproj/py_env/lib/python3.10/site-packages/airflow/example_dags/example_branch_operator.py took 0.014 seconds
[2024-06-18T13:12:49.700+0400] {processor.py:161} INFO - Started process (PID=55227) to work on /home/user/Desktop/airflowproj/py_env/lib/python3.10/site-packages/airflow/example_dags/example_branch_operator.py
[2024-06-18T13:12:49.702+0400] {processor.py:830} INFO - Processing file /home/user/Desktop/airflowproj/py_env/lib/python3.10/site-packages/airflow/example_dags/example_branch_operator.py for tasks to queue
[2024-06-18T13:12:49.703+0400] {logging_mixin.py:188} INFO - [2024-06-18T13:12:49.703+0400] {dagbag.py:545} INFO - Filling up the DagBag from /home/user/Desktop/airflowproj/py_env/lib/python3.10/site-packages/airflow/example_dags/example_branch_operator.py
[2024-06-18T13:12:49.705+0400] {processor.py:842} WARNING - No viable dags retrieved from /home/user/Desktop/airflowproj/py_env/lib/python3.10/site-packages/airflow/example_dags/example_branch_operator.py
[2024-06-18T13:12:49.713+0400] {processor.py:183} INFO - Processing /home/user/Desktop/airflowproj/py_env/lib/python3.10/site-packages/airflow/example_dags/example_branch_operator.py took 0.017 seconds
[2024-06-18T13:13:49.191+0400] {processor.py:161} INFO - Started process (PID=55436) to work on /home/user/Desktop/airflowproj/py_env/lib/python3.10/site-packages/airflow/example_dags/example_branch_operator.py
[2024-06-18T13:13:49.193+0400] {processor.py:830} INFO - Processing file /home/user/Desktop/airflowproj/py_env/lib/python3.10/site-packages/airflow/example_dags/example_branch_operator.py for tasks to queue
[2024-06-18T13:13:49.193+0400] {logging_mixin.py:188} INFO - [2024-06-18T13:13:49.193+0400] {dagbag.py:545} INFO - Filling up the DagBag from /home/user/Desktop/airflowproj/py_env/lib/python3.10/site-packages/airflow/example_dags/example_branch_operator.py
[2024-06-18T13:13:49.195+0400] {processor.py:842} WARNING - No viable dags retrieved from /home/user/Desktop/airflowproj/py_env/lib/python3.10/site-packages/airflow/example_dags/example_branch_operator.py
[2024-06-18T13:13:49.200+0400] {processor.py:183} INFO - Processing /home/user/Desktop/airflowproj/py_env/lib/python3.10/site-packages/airflow/example_dags/example_branch_operator.py took 0.014 seconds
[2024-06-18T13:14:45.844+0400] {processor.py:161} INFO - Started process (PID=55626) to work on /home/user/Desktop/airflowproj/py_env/lib/python3.10/site-packages/airflow/example_dags/example_branch_operator.py
[2024-06-18T13:14:45.845+0400] {processor.py:830} INFO - Processing file /home/user/Desktop/airflowproj/py_env/lib/python3.10/site-packages/airflow/example_dags/example_branch_operator.py for tasks to queue
[2024-06-18T13:14:45.846+0400] {logging_mixin.py:188} INFO - [2024-06-18T13:14:45.846+0400] {dagbag.py:545} INFO - Filling up the DagBag from /home/user/Desktop/airflowproj/py_env/lib/python3.10/site-packages/airflow/example_dags/example_branch_operator.py
[2024-06-18T13:14:45.848+0400] {processor.py:842} WARNING - No viable dags retrieved from /home/user/Desktop/airflowproj/py_env/lib/python3.10/site-packages/airflow/example_dags/example_branch_operator.py
[2024-06-18T13:14:45.853+0400] {processor.py:183} INFO - Processing /home/user/Desktop/airflowproj/py_env/lib/python3.10/site-packages/airflow/example_dags/example_branch_operator.py took 0.012 seconds
[2024-06-18T13:15:43.316+0400] {processor.py:161} INFO - Started process (PID=55835) to work on /home/user/Desktop/airflowproj/py_env/lib/python3.10/site-packages/airflow/example_dags/example_branch_operator.py
[2024-06-18T13:15:43.318+0400] {processor.py:830} INFO - Processing file /home/user/Desktop/airflowproj/py_env/lib/python3.10/site-packages/airflow/example_dags/example_branch_operator.py for tasks to queue
[2024-06-18T13:15:43.319+0400] {logging_mixin.py:188} INFO - [2024-06-18T13:15:43.318+0400] {dagbag.py:545} INFO - Filling up the DagBag from /home/user/Desktop/airflowproj/py_env/lib/python3.10/site-packages/airflow/example_dags/example_branch_operator.py
[2024-06-18T13:15:43.320+0400] {processor.py:842} WARNING - No viable dags retrieved from /home/user/Desktop/airflowproj/py_env/lib/python3.10/site-packages/airflow/example_dags/example_branch_operator.py
[2024-06-18T13:15:43.325+0400] {processor.py:183} INFO - Processing /home/user/Desktop/airflowproj/py_env/lib/python3.10/site-packages/airflow/example_dags/example_branch_operator.py took 0.013 seconds
[2024-06-18T13:16:45.294+0400] {processor.py:161} INFO - Started process (PID=56044) to work on /home/user/Desktop/airflowproj/py_env/lib/python3.10/site-packages/airflow/example_dags/example_branch_operator.py
[2024-06-18T13:16:45.297+0400] {processor.py:830} INFO - Processing file /home/user/Desktop/airflowproj/py_env/lib/python3.10/site-packages/airflow/example_dags/example_branch_operator.py for tasks to queue
[2024-06-18T13:16:45.298+0400] {logging_mixin.py:188} INFO - [2024-06-18T13:16:45.298+0400] {dagbag.py:545} INFO - Filling up the DagBag from /home/user/Desktop/airflowproj/py_env/lib/python3.10/site-packages/airflow/example_dags/example_branch_operator.py
[2024-06-18T13:16:45.300+0400] {processor.py:842} WARNING - No viable dags retrieved from /home/user/Desktop/airflowproj/py_env/lib/python3.10/site-packages/airflow/example_dags/example_branch_operator.py
[2024-06-18T13:16:45.305+0400] {processor.py:183} INFO - Processing /home/user/Desktop/airflowproj/py_env/lib/python3.10/site-packages/airflow/example_dags/example_branch_operator.py took 0.015 seconds
[2024-06-18T13:17:40.500+0400] {processor.py:161} INFO - Started process (PID=56268) to work on /home/user/Desktop/airflowproj/py_env/lib/python3.10/site-packages/airflow/example_dags/example_branch_operator.py
[2024-06-18T13:17:40.503+0400] {processor.py:830} INFO - Processing file /home/user/Desktop/airflowproj/py_env/lib/python3.10/site-packages/airflow/example_dags/example_branch_operator.py for tasks to queue
[2024-06-18T13:17:40.504+0400] {logging_mixin.py:188} INFO - [2024-06-18T13:17:40.503+0400] {dagbag.py:545} INFO - Filling up the DagBag from /home/user/Desktop/airflowproj/py_env/lib/python3.10/site-packages/airflow/example_dags/example_branch_operator.py
[2024-06-18T13:17:40.505+0400] {processor.py:842} WARNING - No viable dags retrieved from /home/user/Desktop/airflowproj/py_env/lib/python3.10/site-packages/airflow/example_dags/example_branch_operator.py
[2024-06-18T13:17:40.511+0400] {processor.py:183} INFO - Processing /home/user/Desktop/airflowproj/py_env/lib/python3.10/site-packages/airflow/example_dags/example_branch_operator.py took 0.015 seconds
[2024-06-18T13:18:40.940+0400] {processor.py:161} INFO - Started process (PID=56483) to work on /home/user/Desktop/airflowproj/py_env/lib/python3.10/site-packages/airflow/example_dags/example_branch_operator.py
[2024-06-18T13:18:40.942+0400] {processor.py:830} INFO - Processing file /home/user/Desktop/airflowproj/py_env/lib/python3.10/site-packages/airflow/example_dags/example_branch_operator.py for tasks to queue
[2024-06-18T13:18:40.943+0400] {logging_mixin.py:188} INFO - [2024-06-18T13:18:40.943+0400] {dagbag.py:545} INFO - Filling up the DagBag from /home/user/Desktop/airflowproj/py_env/lib/python3.10/site-packages/airflow/example_dags/example_branch_operator.py
[2024-06-18T13:18:40.945+0400] {processor.py:842} WARNING - No viable dags retrieved from /home/user/Desktop/airflowproj/py_env/lib/python3.10/site-packages/airflow/example_dags/example_branch_operator.py
[2024-06-18T13:18:40.950+0400] {processor.py:183} INFO - Processing /home/user/Desktop/airflowproj/py_env/lib/python3.10/site-packages/airflow/example_dags/example_branch_operator.py took 0.015 seconds
[2024-06-18T13:19:38.812+0400] {processor.py:161} INFO - Started process (PID=56671) to work on /home/user/Desktop/airflowproj/py_env/lib/python3.10/site-packages/airflow/example_dags/example_branch_operator.py
[2024-06-18T13:19:38.814+0400] {processor.py:830} INFO - Processing file /home/user/Desktop/airflowproj/py_env/lib/python3.10/site-packages/airflow/example_dags/example_branch_operator.py for tasks to queue
[2024-06-18T13:19:38.815+0400] {logging_mixin.py:188} INFO - [2024-06-18T13:19:38.814+0400] {dagbag.py:545} INFO - Filling up the DagBag from /home/user/Desktop/airflowproj/py_env/lib/python3.10/site-packages/airflow/example_dags/example_branch_operator.py
[2024-06-18T13:19:38.816+0400] {processor.py:842} WARNING - No viable dags retrieved from /home/user/Desktop/airflowproj/py_env/lib/python3.10/site-packages/airflow/example_dags/example_branch_operator.py
[2024-06-18T13:19:38.822+0400] {processor.py:183} INFO - Processing /home/user/Desktop/airflowproj/py_env/lib/python3.10/site-packages/airflow/example_dags/example_branch_operator.py took 0.013 seconds
[2024-06-18T13:20:38.212+0400] {processor.py:161} INFO - Started process (PID=56874) to work on /home/user/Desktop/airflowproj/py_env/lib/python3.10/site-packages/airflow/example_dags/example_branch_operator.py
[2024-06-18T13:20:38.214+0400] {processor.py:830} INFO - Processing file /home/user/Desktop/airflowproj/py_env/lib/python3.10/site-packages/airflow/example_dags/example_branch_operator.py for tasks to queue
[2024-06-18T13:20:38.216+0400] {logging_mixin.py:188} INFO - [2024-06-18T13:20:38.215+0400] {dagbag.py:545} INFO - Filling up the DagBag from /home/user/Desktop/airflowproj/py_env/lib/python3.10/site-packages/airflow/example_dags/example_branch_operator.py
[2024-06-18T13:20:38.218+0400] {processor.py:842} WARNING - No viable dags retrieved from /home/user/Desktop/airflowproj/py_env/lib/python3.10/site-packages/airflow/example_dags/example_branch_operator.py
[2024-06-18T13:20:38.223+0400] {processor.py:183} INFO - Processing /home/user/Desktop/airflowproj/py_env/lib/python3.10/site-packages/airflow/example_dags/example_branch_operator.py took 0.015 seconds
[2024-06-18T13:21:37.162+0400] {processor.py:161} INFO - Started process (PID=57079) to work on /home/user/Desktop/airflowproj/py_env/lib/python3.10/site-packages/airflow/example_dags/example_branch_operator.py
[2024-06-18T13:21:37.164+0400] {processor.py:830} INFO - Processing file /home/user/Desktop/airflowproj/py_env/lib/python3.10/site-packages/airflow/example_dags/example_branch_operator.py for tasks to queue
[2024-06-18T13:21:37.165+0400] {logging_mixin.py:188} INFO - [2024-06-18T13:21:37.165+0400] {dagbag.py:545} INFO - Filling up the DagBag from /home/user/Desktop/airflowproj/py_env/lib/python3.10/site-packages/airflow/example_dags/example_branch_operator.py
[2024-06-18T13:21:37.167+0400] {processor.py:842} WARNING - No viable dags retrieved from /home/user/Desktop/airflowproj/py_env/lib/python3.10/site-packages/airflow/example_dags/example_branch_operator.py
[2024-06-18T13:21:37.173+0400] {processor.py:183} INFO - Processing /home/user/Desktop/airflowproj/py_env/lib/python3.10/site-packages/airflow/example_dags/example_branch_operator.py took 0.014 seconds
[2024-06-18T13:22:38.553+0400] {processor.py:161} INFO - Started process (PID=57283) to work on /home/user/Desktop/airflowproj/py_env/lib/python3.10/site-packages/airflow/example_dags/example_branch_operator.py
[2024-06-18T13:22:38.555+0400] {processor.py:830} INFO - Processing file /home/user/Desktop/airflowproj/py_env/lib/python3.10/site-packages/airflow/example_dags/example_branch_operator.py for tasks to queue
[2024-06-18T13:22:38.556+0400] {logging_mixin.py:188} INFO - [2024-06-18T13:22:38.556+0400] {dagbag.py:545} INFO - Filling up the DagBag from /home/user/Desktop/airflowproj/py_env/lib/python3.10/site-packages/airflow/example_dags/example_branch_operator.py
[2024-06-18T13:22:38.558+0400] {processor.py:842} WARNING - No viable dags retrieved from /home/user/Desktop/airflowproj/py_env/lib/python3.10/site-packages/airflow/example_dags/example_branch_operator.py
[2024-06-18T13:22:38.564+0400] {processor.py:183} INFO - Processing /home/user/Desktop/airflowproj/py_env/lib/python3.10/site-packages/airflow/example_dags/example_branch_operator.py took 0.015 seconds
[2024-06-18T13:23:36.625+0400] {processor.py:161} INFO - Started process (PID=57519) to work on /home/user/Desktop/airflowproj/py_env/lib/python3.10/site-packages/airflow/example_dags/example_branch_operator.py
[2024-06-18T13:23:36.627+0400] {processor.py:830} INFO - Processing file /home/user/Desktop/airflowproj/py_env/lib/python3.10/site-packages/airflow/example_dags/example_branch_operator.py for tasks to queue
[2024-06-18T13:23:36.628+0400] {logging_mixin.py:188} INFO - [2024-06-18T13:23:36.628+0400] {dagbag.py:545} INFO - Filling up the DagBag from /home/user/Desktop/airflowproj/py_env/lib/python3.10/site-packages/airflow/example_dags/example_branch_operator.py
[2024-06-18T13:23:36.630+0400] {processor.py:842} WARNING - No viable dags retrieved from /home/user/Desktop/airflowproj/py_env/lib/python3.10/site-packages/airflow/example_dags/example_branch_operator.py
[2024-06-18T13:23:36.635+0400] {processor.py:183} INFO - Processing /home/user/Desktop/airflowproj/py_env/lib/python3.10/site-packages/airflow/example_dags/example_branch_operator.py took 0.015 seconds
[2024-06-18T13:24:33.188+0400] {processor.py:161} INFO - Started process (PID=57719) to work on /home/user/Desktop/airflowproj/py_env/lib/python3.10/site-packages/airflow/example_dags/example_branch_operator.py
[2024-06-18T13:24:33.188+0400] {processor.py:830} INFO - Processing file /home/user/Desktop/airflowproj/py_env/lib/python3.10/site-packages/airflow/example_dags/example_branch_operator.py for tasks to queue
[2024-06-18T13:24:33.189+0400] {logging_mixin.py:188} INFO - [2024-06-18T13:24:33.189+0400] {dagbag.py:545} INFO - Filling up the DagBag from /home/user/Desktop/airflowproj/py_env/lib/python3.10/site-packages/airflow/example_dags/example_branch_operator.py
[2024-06-18T13:24:33.190+0400] {processor.py:842} WARNING - No viable dags retrieved from /home/user/Desktop/airflowproj/py_env/lib/python3.10/site-packages/airflow/example_dags/example_branch_operator.py
[2024-06-18T13:24:33.195+0400] {processor.py:183} INFO - Processing /home/user/Desktop/airflowproj/py_env/lib/python3.10/site-packages/airflow/example_dags/example_branch_operator.py took 0.012 seconds
[2024-06-18T13:25:30.870+0400] {processor.py:161} INFO - Started process (PID=57900) to work on /home/user/Desktop/airflowproj/py_env/lib/python3.10/site-packages/airflow/example_dags/example_branch_operator.py
[2024-06-18T13:25:30.871+0400] {processor.py:830} INFO - Processing file /home/user/Desktop/airflowproj/py_env/lib/python3.10/site-packages/airflow/example_dags/example_branch_operator.py for tasks to queue
[2024-06-18T13:25:30.872+0400] {logging_mixin.py:188} INFO - [2024-06-18T13:25:30.871+0400] {dagbag.py:545} INFO - Filling up the DagBag from /home/user/Desktop/airflowproj/py_env/lib/python3.10/site-packages/airflow/example_dags/example_branch_operator.py
[2024-06-18T13:25:30.873+0400] {processor.py:842} WARNING - No viable dags retrieved from /home/user/Desktop/airflowproj/py_env/lib/python3.10/site-packages/airflow/example_dags/example_branch_operator.py
[2024-06-18T13:25:30.878+0400] {processor.py:183} INFO - Processing /home/user/Desktop/airflowproj/py_env/lib/python3.10/site-packages/airflow/example_dags/example_branch_operator.py took 0.011 seconds
[2024-06-18T13:26:30.323+0400] {processor.py:161} INFO - Started process (PID=58105) to work on /home/user/Desktop/airflowproj/py_env/lib/python3.10/site-packages/airflow/example_dags/example_branch_operator.py
[2024-06-18T13:26:30.327+0400] {processor.py:830} INFO - Processing file /home/user/Desktop/airflowproj/py_env/lib/python3.10/site-packages/airflow/example_dags/example_branch_operator.py for tasks to queue
[2024-06-18T13:26:30.327+0400] {logging_mixin.py:188} INFO - [2024-06-18T13:26:30.327+0400] {dagbag.py:545} INFO - Filling up the DagBag from /home/user/Desktop/airflowproj/py_env/lib/python3.10/site-packages/airflow/example_dags/example_branch_operator.py
[2024-06-18T13:26:30.329+0400] {processor.py:842} WARNING - No viable dags retrieved from /home/user/Desktop/airflowproj/py_env/lib/python3.10/site-packages/airflow/example_dags/example_branch_operator.py
[2024-06-18T13:26:30.335+0400] {processor.py:183} INFO - Processing /home/user/Desktop/airflowproj/py_env/lib/python3.10/site-packages/airflow/example_dags/example_branch_operator.py took 0.018 seconds
[2024-06-18T13:27:26.880+0400] {processor.py:161} INFO - Started process (PID=58307) to work on /home/user/Desktop/airflowproj/py_env/lib/python3.10/site-packages/airflow/example_dags/example_branch_operator.py
[2024-06-18T13:27:26.880+0400] {processor.py:830} INFO - Processing file /home/user/Desktop/airflowproj/py_env/lib/python3.10/site-packages/airflow/example_dags/example_branch_operator.py for tasks to queue
[2024-06-18T13:27:26.881+0400] {logging_mixin.py:188} INFO - [2024-06-18T13:27:26.881+0400] {dagbag.py:545} INFO - Filling up the DagBag from /home/user/Desktop/airflowproj/py_env/lib/python3.10/site-packages/airflow/example_dags/example_branch_operator.py
[2024-06-18T13:27:26.882+0400] {processor.py:842} WARNING - No viable dags retrieved from /home/user/Desktop/airflowproj/py_env/lib/python3.10/site-packages/airflow/example_dags/example_branch_operator.py
[2024-06-18T13:27:26.888+0400] {processor.py:183} INFO - Processing /home/user/Desktop/airflowproj/py_env/lib/python3.10/site-packages/airflow/example_dags/example_branch_operator.py took 0.011 seconds
[2024-06-18T13:28:23.508+0400] {processor.py:161} INFO - Started process (PID=58524) to work on /home/user/Desktop/airflowproj/py_env/lib/python3.10/site-packages/airflow/example_dags/example_branch_operator.py
[2024-06-18T13:28:23.510+0400] {processor.py:830} INFO - Processing file /home/user/Desktop/airflowproj/py_env/lib/python3.10/site-packages/airflow/example_dags/example_branch_operator.py for tasks to queue
[2024-06-18T13:28:23.511+0400] {logging_mixin.py:188} INFO - [2024-06-18T13:28:23.511+0400] {dagbag.py:545} INFO - Filling up the DagBag from /home/user/Desktop/airflowproj/py_env/lib/python3.10/site-packages/airflow/example_dags/example_branch_operator.py
[2024-06-18T13:28:23.513+0400] {processor.py:842} WARNING - No viable dags retrieved from /home/user/Desktop/airflowproj/py_env/lib/python3.10/site-packages/airflow/example_dags/example_branch_operator.py
[2024-06-18T13:28:23.519+0400] {processor.py:183} INFO - Processing /home/user/Desktop/airflowproj/py_env/lib/python3.10/site-packages/airflow/example_dags/example_branch_operator.py took 0.015 seconds
[2024-06-18T13:29:19.911+0400] {processor.py:161} INFO - Started process (PID=58725) to work on /home/user/Desktop/airflowproj/py_env/lib/python3.10/site-packages/airflow/example_dags/example_branch_operator.py
[2024-06-18T13:29:19.913+0400] {processor.py:830} INFO - Processing file /home/user/Desktop/airflowproj/py_env/lib/python3.10/site-packages/airflow/example_dags/example_branch_operator.py for tasks to queue
[2024-06-18T13:29:19.914+0400] {logging_mixin.py:188} INFO - [2024-06-18T13:29:19.914+0400] {dagbag.py:545} INFO - Filling up the DagBag from /home/user/Desktop/airflowproj/py_env/lib/python3.10/site-packages/airflow/example_dags/example_branch_operator.py
[2024-06-18T13:29:19.916+0400] {processor.py:842} WARNING - No viable dags retrieved from /home/user/Desktop/airflowproj/py_env/lib/python3.10/site-packages/airflow/example_dags/example_branch_operator.py
[2024-06-18T13:29:19.921+0400] {processor.py:183} INFO - Processing /home/user/Desktop/airflowproj/py_env/lib/python3.10/site-packages/airflow/example_dags/example_branch_operator.py took 0.015 seconds
[2024-06-18T13:30:16.547+0400] {processor.py:161} INFO - Started process (PID=59010) to work on /home/user/Desktop/airflowproj/py_env/lib/python3.10/site-packages/airflow/example_dags/example_branch_operator.py
[2024-06-18T13:30:16.549+0400] {processor.py:830} INFO - Processing file /home/user/Desktop/airflowproj/py_env/lib/python3.10/site-packages/airflow/example_dags/example_branch_operator.py for tasks to queue
[2024-06-18T13:30:16.550+0400] {logging_mixin.py:188} INFO - [2024-06-18T13:30:16.550+0400] {dagbag.py:545} INFO - Filling up the DagBag from /home/user/Desktop/airflowproj/py_env/lib/python3.10/site-packages/airflow/example_dags/example_branch_operator.py
[2024-06-18T13:30:16.552+0400] {processor.py:842} WARNING - No viable dags retrieved from /home/user/Desktop/airflowproj/py_env/lib/python3.10/site-packages/airflow/example_dags/example_branch_operator.py
[2024-06-18T13:30:16.556+0400] {processor.py:183} INFO - Processing /home/user/Desktop/airflowproj/py_env/lib/python3.10/site-packages/airflow/example_dags/example_branch_operator.py took 0.014 seconds
[2024-06-18T13:31:17.418+0400] {processor.py:161} INFO - Started process (PID=59221) to work on /home/user/Desktop/airflowproj/py_env/lib/python3.10/site-packages/airflow/example_dags/example_branch_operator.py
[2024-06-18T13:31:17.421+0400] {processor.py:830} INFO - Processing file /home/user/Desktop/airflowproj/py_env/lib/python3.10/site-packages/airflow/example_dags/example_branch_operator.py for tasks to queue
[2024-06-18T13:31:17.422+0400] {logging_mixin.py:188} INFO - [2024-06-18T13:31:17.422+0400] {dagbag.py:545} INFO - Filling up the DagBag from /home/user/Desktop/airflowproj/py_env/lib/python3.10/site-packages/airflow/example_dags/example_branch_operator.py
[2024-06-18T13:31:17.424+0400] {processor.py:842} WARNING - No viable dags retrieved from /home/user/Desktop/airflowproj/py_env/lib/python3.10/site-packages/airflow/example_dags/example_branch_operator.py
[2024-06-18T13:31:17.431+0400] {processor.py:183} INFO - Processing /home/user/Desktop/airflowproj/py_env/lib/python3.10/site-packages/airflow/example_dags/example_branch_operator.py took 0.017 seconds
[2024-06-18T13:32:23.140+0400] {processor.py:161} INFO - Started process (PID=59638) to work on /home/user/Desktop/airflowproj/py_env/lib/python3.10/site-packages/airflow/example_dags/example_branch_operator.py
[2024-06-18T13:32:23.143+0400] {processor.py:830} INFO - Processing file /home/user/Desktop/airflowproj/py_env/lib/python3.10/site-packages/airflow/example_dags/example_branch_operator.py for tasks to queue
[2024-06-18T13:32:23.144+0400] {logging_mixin.py:188} INFO - [2024-06-18T13:32:23.144+0400] {dagbag.py:545} INFO - Filling up the DagBag from /home/user/Desktop/airflowproj/py_env/lib/python3.10/site-packages/airflow/example_dags/example_branch_operator.py
[2024-06-18T13:32:23.145+0400] {processor.py:842} WARNING - No viable dags retrieved from /home/user/Desktop/airflowproj/py_env/lib/python3.10/site-packages/airflow/example_dags/example_branch_operator.py
[2024-06-18T13:32:23.151+0400] {processor.py:183} INFO - Processing /home/user/Desktop/airflowproj/py_env/lib/python3.10/site-packages/airflow/example_dags/example_branch_operator.py took 0.014 seconds
