[2024-06-18T12:40:48.652+0400] {processor.py:161} INFO - Started process (PID=45771) to work on /home/user/Desktop/airflowproj/py_env/lib/python3.10/site-packages/airflow/example_dags/example_branch_day_of_week_operator.py
[2024-06-18T12:40:48.653+0400] {processor.py:830} INFO - Processing file /home/user/Desktop/airflowproj/py_env/lib/python3.10/site-packages/airflow/example_dags/example_branch_day_of_week_operator.py for tasks to queue
[2024-06-18T12:40:48.654+0400] {logging_mixin.py:188} INFO - [2024-06-18T12:40:48.654+0400] {dagbag.py:545} INFO - Filling up the DagBag from /home/user/Desktop/airflowproj/py_env/lib/python3.10/site-packages/airflow/example_dags/example_branch_day_of_week_operator.py
[2024-06-18T12:40:48.659+0400] {processor.py:840} INFO - DAG(s) 'example_weekday_branch_operator' retrieved from /home/user/Desktop/airflowproj/py_env/lib/python3.10/site-packages/airflow/example_dags/example_branch_day_of_week_operator.py
[2024-06-18T12:40:48.747+0400] {logging_mixin.py:188} INFO - [2024-06-18T12:40:48.746+0400] {override.py:1829} INFO - Created Permission View: can edit on DAG:example_weekday_branch_operator
[2024-06-18T12:40:48.759+0400] {logging_mixin.py:188} INFO - [2024-06-18T12:40:48.759+0400] {override.py:1829} INFO - Created Permission View: can read on DAG:example_weekday_branch_operator
[2024-06-18T12:40:48.771+0400] {logging_mixin.py:188} INFO - [2024-06-18T12:40:48.771+0400] {override.py:1829} INFO - Created Permission View: can delete on DAG:example_weekday_branch_operator
[2024-06-18T12:40:48.772+0400] {logging_mixin.py:188} INFO - [2024-06-18T12:40:48.771+0400] {dag.py:3096} INFO - Sync 1 DAGs
[2024-06-18T12:40:48.853+0400] {logging_mixin.py:188} INFO - [2024-06-18T12:40:48.853+0400] {dag.py:3118} INFO - Creating ORM DAG for example_weekday_branch_operator
[2024-06-18T12:40:48.861+0400] {logging_mixin.py:188} INFO - [2024-06-18T12:40:48.861+0400] {dag.py:3954} INFO - Setting next_dagrun for example_weekday_branch_operator to 2024-06-17 00:00:00+00:00, run_after=2024-06-18 00:00:00+00:00
[2024-06-18T12:40:48.884+0400] {processor.py:183} INFO - Processing /home/user/Desktop/airflowproj/py_env/lib/python3.10/site-packages/airflow/example_dags/example_branch_day_of_week_operator.py took 0.237 seconds
[2024-06-18T12:43:22.692+0400] {processor.py:161} INFO - Started process (PID=46691) to work on /home/user/Desktop/airflowproj/py_env/lib/python3.10/site-packages/airflow/example_dags/example_branch_day_of_week_operator.py
[2024-06-18T12:43:22.695+0400] {processor.py:830} INFO - Processing file /home/user/Desktop/airflowproj/py_env/lib/python3.10/site-packages/airflow/example_dags/example_branch_day_of_week_operator.py for tasks to queue
[2024-06-18T12:43:22.696+0400] {logging_mixin.py:188} INFO - [2024-06-18T12:43:22.696+0400] {dagbag.py:545} INFO - Filling up the DagBag from /home/user/Desktop/airflowproj/py_env/lib/python3.10/site-packages/airflow/example_dags/example_branch_day_of_week_operator.py
[2024-06-18T12:43:22.700+0400] {processor.py:840} INFO - DAG(s) 'example_weekday_branch_operator' retrieved from /home/user/Desktop/airflowproj/py_env/lib/python3.10/site-packages/airflow/example_dags/example_branch_day_of_week_operator.py
[2024-06-18T12:43:22.708+0400] {logging_mixin.py:188} INFO - [2024-06-18T12:43:22.708+0400] {dag.py:3096} INFO - Sync 1 DAGs
[2024-06-18T12:43:22.719+0400] {logging_mixin.py:188} INFO - [2024-06-18T12:43:22.718+0400] {dag.py:3954} INFO - Setting next_dagrun for example_weekday_branch_operator to 2024-06-17 00:00:00+00:00, run_after=2024-06-18 00:00:00+00:00
[2024-06-18T12:43:22.734+0400] {processor.py:183} INFO - Processing /home/user/Desktop/airflowproj/py_env/lib/python3.10/site-packages/airflow/example_dags/example_branch_day_of_week_operator.py took 0.044 seconds
[2024-06-18T12:44:28.485+0400] {processor.py:161} INFO - Started process (PID=46875) to work on /home/user/Desktop/airflowproj/py_env/lib/python3.10/site-packages/airflow/example_dags/example_branch_day_of_week_operator.py
[2024-06-18T12:44:28.487+0400] {processor.py:830} INFO - Processing file /home/user/Desktop/airflowproj/py_env/lib/python3.10/site-packages/airflow/example_dags/example_branch_day_of_week_operator.py for tasks to queue
[2024-06-18T12:44:28.489+0400] {logging_mixin.py:188} INFO - [2024-06-18T12:44:28.488+0400] {dagbag.py:545} INFO - Filling up the DagBag from /home/user/Desktop/airflowproj/py_env/lib/python3.10/site-packages/airflow/example_dags/example_branch_day_of_week_operator.py
[2024-06-18T12:44:28.494+0400] {processor.py:840} INFO - DAG(s) 'example_weekday_branch_operator' retrieved from /home/user/Desktop/airflowproj/py_env/lib/python3.10/site-packages/airflow/example_dags/example_branch_day_of_week_operator.py
[2024-06-18T12:44:28.503+0400] {logging_mixin.py:188} INFO - [2024-06-18T12:44:28.502+0400] {dag.py:3096} INFO - Sync 1 DAGs
[2024-06-18T12:44:28.567+0400] {logging_mixin.py:188} INFO - [2024-06-18T12:44:28.567+0400] {dag.py:3954} INFO - Setting next_dagrun for example_weekday_branch_operator to 2024-06-17 00:00:00+00:00, run_after=2024-06-18 00:00:00+00:00
[2024-06-18T12:44:28.584+0400] {processor.py:183} INFO - Processing /home/user/Desktop/airflowproj/py_env/lib/python3.10/site-packages/airflow/example_dags/example_branch_day_of_week_operator.py took 0.105 seconds
[2024-06-18T12:45:28.654+0400] {processor.py:161} INFO - Started process (PID=47018) to work on /home/user/Desktop/airflowproj/py_env/lib/python3.10/site-packages/airflow/example_dags/example_branch_day_of_week_operator.py
[2024-06-18T12:45:28.656+0400] {processor.py:830} INFO - Processing file /home/user/Desktop/airflowproj/py_env/lib/python3.10/site-packages/airflow/example_dags/example_branch_day_of_week_operator.py for tasks to queue
[2024-06-18T12:45:28.657+0400] {logging_mixin.py:188} INFO - [2024-06-18T12:45:28.656+0400] {dagbag.py:545} INFO - Filling up the DagBag from /home/user/Desktop/airflowproj/py_env/lib/python3.10/site-packages/airflow/example_dags/example_branch_day_of_week_operator.py
[2024-06-18T12:45:28.661+0400] {processor.py:840} INFO - DAG(s) 'example_weekday_branch_operator' retrieved from /home/user/Desktop/airflowproj/py_env/lib/python3.10/site-packages/airflow/example_dags/example_branch_day_of_week_operator.py
[2024-06-18T12:45:28.670+0400] {logging_mixin.py:188} INFO - [2024-06-18T12:45:28.669+0400] {dag.py:3096} INFO - Sync 1 DAGs
[2024-06-18T12:45:28.680+0400] {logging_mixin.py:188} INFO - [2024-06-18T12:45:28.679+0400] {dag.py:3954} INFO - Setting next_dagrun for example_weekday_branch_operator to 2024-06-17 00:00:00+00:00, run_after=2024-06-18 00:00:00+00:00
[2024-06-18T12:45:28.694+0400] {processor.py:183} INFO - Processing /home/user/Desktop/airflowproj/py_env/lib/python3.10/site-packages/airflow/example_dags/example_branch_day_of_week_operator.py took 0.044 seconds
[2024-06-18T12:46:30.153+0400] {processor.py:161} INFO - Started process (PID=47206) to work on /home/user/Desktop/airflowproj/py_env/lib/python3.10/site-packages/airflow/example_dags/example_branch_day_of_week_operator.py
[2024-06-18T12:46:30.156+0400] {processor.py:830} INFO - Processing file /home/user/Desktop/airflowproj/py_env/lib/python3.10/site-packages/airflow/example_dags/example_branch_day_of_week_operator.py for tasks to queue
[2024-06-18T12:46:30.157+0400] {logging_mixin.py:188} INFO - [2024-06-18T12:46:30.157+0400] {dagbag.py:545} INFO - Filling up the DagBag from /home/user/Desktop/airflowproj/py_env/lib/python3.10/site-packages/airflow/example_dags/example_branch_day_of_week_operator.py
[2024-06-18T12:46:30.166+0400] {processor.py:840} INFO - DAG(s) 'example_weekday_branch_operator' retrieved from /home/user/Desktop/airflowproj/py_env/lib/python3.10/site-packages/airflow/example_dags/example_branch_day_of_week_operator.py
[2024-06-18T12:46:30.174+0400] {logging_mixin.py:188} INFO - [2024-06-18T12:46:30.174+0400] {dag.py:3096} INFO - Sync 1 DAGs
[2024-06-18T12:46:30.183+0400] {logging_mixin.py:188} INFO - [2024-06-18T12:46:30.183+0400] {dag.py:3954} INFO - Setting next_dagrun for example_weekday_branch_operator to 2024-06-17 00:00:00+00:00, run_after=2024-06-18 00:00:00+00:00
[2024-06-18T12:46:30.198+0400] {processor.py:183} INFO - Processing /home/user/Desktop/airflowproj/py_env/lib/python3.10/site-packages/airflow/example_dags/example_branch_day_of_week_operator.py took 0.049 seconds
[2024-06-18T12:47:26.752+0400] {processor.py:161} INFO - Started process (PID=47961) to work on /home/user/Desktop/airflowproj/py_env/lib/python3.10/site-packages/airflow/example_dags/example_branch_day_of_week_operator.py
[2024-06-18T12:47:26.755+0400] {processor.py:830} INFO - Processing file /home/user/Desktop/airflowproj/py_env/lib/python3.10/site-packages/airflow/example_dags/example_branch_day_of_week_operator.py for tasks to queue
[2024-06-18T12:47:26.757+0400] {logging_mixin.py:188} INFO - [2024-06-18T12:47:26.757+0400] {dagbag.py:545} INFO - Filling up the DagBag from /home/user/Desktop/airflowproj/py_env/lib/python3.10/site-packages/airflow/example_dags/example_branch_day_of_week_operator.py
[2024-06-18T12:47:26.763+0400] {processor.py:840} INFO - DAG(s) 'example_weekday_branch_operator' retrieved from /home/user/Desktop/airflowproj/py_env/lib/python3.10/site-packages/airflow/example_dags/example_branch_day_of_week_operator.py
[2024-06-18T12:47:26.770+0400] {logging_mixin.py:188} INFO - [2024-06-18T12:47:26.770+0400] {dag.py:3096} INFO - Sync 1 DAGs
[2024-06-18T12:47:26.782+0400] {logging_mixin.py:188} INFO - [2024-06-18T12:47:26.781+0400] {dag.py:3954} INFO - Setting next_dagrun for example_weekday_branch_operator to 2024-06-17 00:00:00+00:00, run_after=2024-06-18 00:00:00+00:00
[2024-06-18T12:47:26.796+0400] {processor.py:183} INFO - Processing /home/user/Desktop/airflowproj/py_env/lib/python3.10/site-packages/airflow/example_dags/example_branch_day_of_week_operator.py took 0.049 seconds
[2024-06-18T12:48:23.225+0400] {processor.py:161} INFO - Started process (PID=48284) to work on /home/user/Desktop/airflowproj/py_env/lib/python3.10/site-packages/airflow/example_dags/example_branch_day_of_week_operator.py
[2024-06-18T12:48:23.227+0400] {processor.py:830} INFO - Processing file /home/user/Desktop/airflowproj/py_env/lib/python3.10/site-packages/airflow/example_dags/example_branch_day_of_week_operator.py for tasks to queue
[2024-06-18T12:48:23.228+0400] {logging_mixin.py:188} INFO - [2024-06-18T12:48:23.228+0400] {dagbag.py:545} INFO - Filling up the DagBag from /home/user/Desktop/airflowproj/py_env/lib/python3.10/site-packages/airflow/example_dags/example_branch_day_of_week_operator.py
[2024-06-18T12:48:23.235+0400] {processor.py:840} INFO - DAG(s) 'example_weekday_branch_operator' retrieved from /home/user/Desktop/airflowproj/py_env/lib/python3.10/site-packages/airflow/example_dags/example_branch_day_of_week_operator.py
[2024-06-18T12:48:23.243+0400] {logging_mixin.py:188} INFO - [2024-06-18T12:48:23.243+0400] {dag.py:3096} INFO - Sync 1 DAGs
[2024-06-18T12:48:23.254+0400] {logging_mixin.py:188} INFO - [2024-06-18T12:48:23.254+0400] {dag.py:3954} INFO - Setting next_dagrun for example_weekday_branch_operator to 2024-06-17 00:00:00+00:00, run_after=2024-06-18 00:00:00+00:00
[2024-06-18T12:48:23.268+0400] {processor.py:183} INFO - Processing /home/user/Desktop/airflowproj/py_env/lib/python3.10/site-packages/airflow/example_dags/example_branch_day_of_week_operator.py took 0.049 seconds
[2024-06-18T12:49:13.485+0400] {processor.py:161} INFO - Started process (PID=48611) to work on /home/user/Desktop/airflowproj/py_env/lib/python3.10/site-packages/airflow/example_dags/example_branch_day_of_week_operator.py
[2024-06-18T12:49:13.486+0400] {processor.py:830} INFO - Processing file /home/user/Desktop/airflowproj/py_env/lib/python3.10/site-packages/airflow/example_dags/example_branch_day_of_week_operator.py for tasks to queue
[2024-06-18T12:49:13.488+0400] {logging_mixin.py:188} INFO - [2024-06-18T12:49:13.488+0400] {dagbag.py:545} INFO - Filling up the DagBag from /home/user/Desktop/airflowproj/py_env/lib/python3.10/site-packages/airflow/example_dags/example_branch_day_of_week_operator.py
[2024-06-18T12:49:13.492+0400] {processor.py:840} INFO - DAG(s) 'example_weekday_branch_operator' retrieved from /home/user/Desktop/airflowproj/py_env/lib/python3.10/site-packages/airflow/example_dags/example_branch_day_of_week_operator.py
[2024-06-18T12:49:13.501+0400] {logging_mixin.py:188} INFO - [2024-06-18T12:49:13.501+0400] {dag.py:3096} INFO - Sync 1 DAGs
[2024-06-18T12:49:13.513+0400] {logging_mixin.py:188} INFO - [2024-06-18T12:49:13.513+0400] {dag.py:3954} INFO - Setting next_dagrun for example_weekday_branch_operator to 2024-06-17 00:00:00+00:00, run_after=2024-06-18 00:00:00+00:00
[2024-06-18T12:49:13.528+0400] {processor.py:183} INFO - Processing /home/user/Desktop/airflowproj/py_env/lib/python3.10/site-packages/airflow/example_dags/example_branch_day_of_week_operator.py took 0.048 seconds
[2024-06-18T12:50:14.475+0400] {processor.py:161} INFO - Started process (PID=48784) to work on /home/user/Desktop/airflowproj/py_env/lib/python3.10/site-packages/airflow/example_dags/example_branch_day_of_week_operator.py
[2024-06-18T12:50:14.477+0400] {processor.py:830} INFO - Processing file /home/user/Desktop/airflowproj/py_env/lib/python3.10/site-packages/airflow/example_dags/example_branch_day_of_week_operator.py for tasks to queue
[2024-06-18T12:50:14.477+0400] {logging_mixin.py:188} INFO - [2024-06-18T12:50:14.477+0400] {dagbag.py:545} INFO - Filling up the DagBag from /home/user/Desktop/airflowproj/py_env/lib/python3.10/site-packages/airflow/example_dags/example_branch_day_of_week_operator.py
[2024-06-18T12:50:14.485+0400] {processor.py:840} INFO - DAG(s) 'example_weekday_branch_operator' retrieved from /home/user/Desktop/airflowproj/py_env/lib/python3.10/site-packages/airflow/example_dags/example_branch_day_of_week_operator.py
[2024-06-18T12:50:14.494+0400] {logging_mixin.py:188} INFO - [2024-06-18T12:50:14.494+0400] {dag.py:3096} INFO - Sync 1 DAGs
[2024-06-18T12:50:14.509+0400] {logging_mixin.py:188} INFO - [2024-06-18T12:50:14.508+0400] {dag.py:3954} INFO - Setting next_dagrun for example_weekday_branch_operator to 2024-06-17 00:00:00+00:00, run_after=2024-06-18 00:00:00+00:00
[2024-06-18T12:50:14.523+0400] {processor.py:183} INFO - Processing /home/user/Desktop/airflowproj/py_env/lib/python3.10/site-packages/airflow/example_dags/example_branch_day_of_week_operator.py took 0.052 seconds
[2024-06-18T12:51:14.176+0400] {processor.py:161} INFO - Started process (PID=48994) to work on /home/user/Desktop/airflowproj/py_env/lib/python3.10/site-packages/airflow/example_dags/example_branch_day_of_week_operator.py
[2024-06-18T12:51:14.178+0400] {processor.py:830} INFO - Processing file /home/user/Desktop/airflowproj/py_env/lib/python3.10/site-packages/airflow/example_dags/example_branch_day_of_week_operator.py for tasks to queue
[2024-06-18T12:51:14.179+0400] {logging_mixin.py:188} INFO - [2024-06-18T12:51:14.179+0400] {dagbag.py:545} INFO - Filling up the DagBag from /home/user/Desktop/airflowproj/py_env/lib/python3.10/site-packages/airflow/example_dags/example_branch_day_of_week_operator.py
[2024-06-18T12:51:14.183+0400] {processor.py:840} INFO - DAG(s) 'example_weekday_branch_operator' retrieved from /home/user/Desktop/airflowproj/py_env/lib/python3.10/site-packages/airflow/example_dags/example_branch_day_of_week_operator.py
[2024-06-18T12:51:14.191+0400] {logging_mixin.py:188} INFO - [2024-06-18T12:51:14.191+0400] {dag.py:3096} INFO - Sync 1 DAGs
[2024-06-18T12:51:14.200+0400] {logging_mixin.py:188} INFO - [2024-06-18T12:51:14.200+0400] {dag.py:3954} INFO - Setting next_dagrun for example_weekday_branch_operator to 2024-06-17 00:00:00+00:00, run_after=2024-06-18 00:00:00+00:00
[2024-06-18T12:51:14.213+0400] {processor.py:183} INFO - Processing /home/user/Desktop/airflowproj/py_env/lib/python3.10/site-packages/airflow/example_dags/example_branch_day_of_week_operator.py took 0.043 seconds
[2024-06-18T12:52:12.713+0400] {processor.py:161} INFO - Started process (PID=49176) to work on /home/user/Desktop/airflowproj/py_env/lib/python3.10/site-packages/airflow/example_dags/example_branch_day_of_week_operator.py
[2024-06-18T12:52:12.715+0400] {processor.py:830} INFO - Processing file /home/user/Desktop/airflowproj/py_env/lib/python3.10/site-packages/airflow/example_dags/example_branch_day_of_week_operator.py for tasks to queue
[2024-06-18T12:52:12.716+0400] {logging_mixin.py:188} INFO - [2024-06-18T12:52:12.716+0400] {dagbag.py:545} INFO - Filling up the DagBag from /home/user/Desktop/airflowproj/py_env/lib/python3.10/site-packages/airflow/example_dags/example_branch_day_of_week_operator.py
[2024-06-18T12:52:12.720+0400] {processor.py:840} INFO - DAG(s) 'example_weekday_branch_operator' retrieved from /home/user/Desktop/airflowproj/py_env/lib/python3.10/site-packages/airflow/example_dags/example_branch_day_of_week_operator.py
[2024-06-18T12:52:12.728+0400] {logging_mixin.py:188} INFO - [2024-06-18T12:52:12.728+0400] {dag.py:3096} INFO - Sync 1 DAGs
[2024-06-18T12:52:12.738+0400] {logging_mixin.py:188} INFO - [2024-06-18T12:52:12.738+0400] {dag.py:3954} INFO - Setting next_dagrun for example_weekday_branch_operator to 2024-06-17 00:00:00+00:00, run_after=2024-06-18 00:00:00+00:00
[2024-06-18T12:52:12.751+0400] {processor.py:183} INFO - Processing /home/user/Desktop/airflowproj/py_env/lib/python3.10/site-packages/airflow/example_dags/example_branch_day_of_week_operator.py took 0.043 seconds
[2024-06-18T12:53:11.311+0400] {processor.py:161} INFO - Started process (PID=49469) to work on /home/user/Desktop/airflowproj/py_env/lib/python3.10/site-packages/airflow/example_dags/example_branch_day_of_week_operator.py
[2024-06-18T12:53:11.313+0400] {processor.py:830} INFO - Processing file /home/user/Desktop/airflowproj/py_env/lib/python3.10/site-packages/airflow/example_dags/example_branch_day_of_week_operator.py for tasks to queue
[2024-06-18T12:53:11.314+0400] {logging_mixin.py:188} INFO - [2024-06-18T12:53:11.314+0400] {dagbag.py:545} INFO - Filling up the DagBag from /home/user/Desktop/airflowproj/py_env/lib/python3.10/site-packages/airflow/example_dags/example_branch_day_of_week_operator.py
[2024-06-18T12:53:11.319+0400] {processor.py:840} INFO - DAG(s) 'example_weekday_branch_operator' retrieved from /home/user/Desktop/airflowproj/py_env/lib/python3.10/site-packages/airflow/example_dags/example_branch_day_of_week_operator.py
[2024-06-18T12:53:11.328+0400] {logging_mixin.py:188} INFO - [2024-06-18T12:53:11.328+0400] {dag.py:3096} INFO - Sync 1 DAGs
[2024-06-18T12:53:11.338+0400] {logging_mixin.py:188} INFO - [2024-06-18T12:53:11.338+0400] {dag.py:3954} INFO - Setting next_dagrun for example_weekday_branch_operator to 2024-06-17 00:00:00+00:00, run_after=2024-06-18 00:00:00+00:00
[2024-06-18T12:53:11.352+0400] {processor.py:183} INFO - Processing /home/user/Desktop/airflowproj/py_env/lib/python3.10/site-packages/airflow/example_dags/example_branch_day_of_week_operator.py took 0.046 seconds
[2024-06-18T12:54:09.014+0400] {processor.py:161} INFO - Started process (PID=49653) to work on /home/user/Desktop/airflowproj/py_env/lib/python3.10/site-packages/airflow/example_dags/example_branch_day_of_week_operator.py
[2024-06-18T12:54:09.016+0400] {processor.py:830} INFO - Processing file /home/user/Desktop/airflowproj/py_env/lib/python3.10/site-packages/airflow/example_dags/example_branch_day_of_week_operator.py for tasks to queue
[2024-06-18T12:54:09.017+0400] {logging_mixin.py:188} INFO - [2024-06-18T12:54:09.017+0400] {dagbag.py:545} INFO - Filling up the DagBag from /home/user/Desktop/airflowproj/py_env/lib/python3.10/site-packages/airflow/example_dags/example_branch_day_of_week_operator.py
[2024-06-18T12:54:09.021+0400] {processor.py:840} INFO - DAG(s) 'example_weekday_branch_operator' retrieved from /home/user/Desktop/airflowproj/py_env/lib/python3.10/site-packages/airflow/example_dags/example_branch_day_of_week_operator.py
[2024-06-18T12:54:09.030+0400] {logging_mixin.py:188} INFO - [2024-06-18T12:54:09.030+0400] {dag.py:3096} INFO - Sync 1 DAGs
[2024-06-18T12:54:09.040+0400] {logging_mixin.py:188} INFO - [2024-06-18T12:54:09.040+0400] {dag.py:3954} INFO - Setting next_dagrun for example_weekday_branch_operator to 2024-06-17 00:00:00+00:00, run_after=2024-06-18 00:00:00+00:00
[2024-06-18T12:54:09.055+0400] {processor.py:183} INFO - Processing /home/user/Desktop/airflowproj/py_env/lib/python3.10/site-packages/airflow/example_dags/example_branch_day_of_week_operator.py took 0.044 seconds
[2024-06-18T12:55:08.439+0400] {processor.py:161} INFO - Started process (PID=49830) to work on /home/user/Desktop/airflowproj/py_env/lib/python3.10/site-packages/airflow/example_dags/example_branch_day_of_week_operator.py
[2024-06-18T12:55:08.441+0400] {processor.py:830} INFO - Processing file /home/user/Desktop/airflowproj/py_env/lib/python3.10/site-packages/airflow/example_dags/example_branch_day_of_week_operator.py for tasks to queue
[2024-06-18T12:55:08.442+0400] {logging_mixin.py:188} INFO - [2024-06-18T12:55:08.442+0400] {dagbag.py:545} INFO - Filling up the DagBag from /home/user/Desktop/airflowproj/py_env/lib/python3.10/site-packages/airflow/example_dags/example_branch_day_of_week_operator.py
[2024-06-18T12:55:08.447+0400] {processor.py:840} INFO - DAG(s) 'example_weekday_branch_operator' retrieved from /home/user/Desktop/airflowproj/py_env/lib/python3.10/site-packages/airflow/example_dags/example_branch_day_of_week_operator.py
[2024-06-18T12:55:08.454+0400] {logging_mixin.py:188} INFO - [2024-06-18T12:55:08.454+0400] {dag.py:3096} INFO - Sync 1 DAGs
[2024-06-18T12:55:08.463+0400] {logging_mixin.py:188} INFO - [2024-06-18T12:55:08.463+0400] {dag.py:3954} INFO - Setting next_dagrun for example_weekday_branch_operator to 2024-06-17 00:00:00+00:00, run_after=2024-06-18 00:00:00+00:00
[2024-06-18T12:55:08.477+0400] {processor.py:183} INFO - Processing /home/user/Desktop/airflowproj/py_env/lib/python3.10/site-packages/airflow/example_dags/example_branch_day_of_week_operator.py took 0.042 seconds
[2024-06-18T12:56:04.399+0400] {processor.py:161} INFO - Started process (PID=50126) to work on /home/user/Desktop/airflowproj/py_env/lib/python3.10/site-packages/airflow/example_dags/example_branch_day_of_week_operator.py
[2024-06-18T12:56:04.401+0400] {processor.py:830} INFO - Processing file /home/user/Desktop/airflowproj/py_env/lib/python3.10/site-packages/airflow/example_dags/example_branch_day_of_week_operator.py for tasks to queue
[2024-06-18T12:56:04.402+0400] {logging_mixin.py:188} INFO - [2024-06-18T12:56:04.402+0400] {dagbag.py:545} INFO - Filling up the DagBag from /home/user/Desktop/airflowproj/py_env/lib/python3.10/site-packages/airflow/example_dags/example_branch_day_of_week_operator.py
[2024-06-18T12:56:04.407+0400] {processor.py:840} INFO - DAG(s) 'example_weekday_branch_operator' retrieved from /home/user/Desktop/airflowproj/py_env/lib/python3.10/site-packages/airflow/example_dags/example_branch_day_of_week_operator.py
[2024-06-18T12:56:04.416+0400] {logging_mixin.py:188} INFO - [2024-06-18T12:56:04.416+0400] {dag.py:3096} INFO - Sync 1 DAGs
[2024-06-18T12:56:04.427+0400] {logging_mixin.py:188} INFO - [2024-06-18T12:56:04.427+0400] {dag.py:3954} INFO - Setting next_dagrun for example_weekday_branch_operator to 2024-06-17 00:00:00+00:00, run_after=2024-06-18 00:00:00+00:00
[2024-06-18T12:56:04.442+0400] {processor.py:183} INFO - Processing /home/user/Desktop/airflowproj/py_env/lib/python3.10/site-packages/airflow/example_dags/example_branch_day_of_week_operator.py took 0.048 seconds
[2024-06-18T12:57:03.850+0400] {processor.py:161} INFO - Started process (PID=50336) to work on /home/user/Desktop/airflowproj/py_env/lib/python3.10/site-packages/airflow/example_dags/example_branch_day_of_week_operator.py
[2024-06-18T12:57:03.853+0400] {processor.py:830} INFO - Processing file /home/user/Desktop/airflowproj/py_env/lib/python3.10/site-packages/airflow/example_dags/example_branch_day_of_week_operator.py for tasks to queue
[2024-06-18T12:57:03.854+0400] {logging_mixin.py:188} INFO - [2024-06-18T12:57:03.853+0400] {dagbag.py:545} INFO - Filling up the DagBag from /home/user/Desktop/airflowproj/py_env/lib/python3.10/site-packages/airflow/example_dags/example_branch_day_of_week_operator.py
[2024-06-18T12:57:03.858+0400] {processor.py:840} INFO - DAG(s) 'example_weekday_branch_operator' retrieved from /home/user/Desktop/airflowproj/py_env/lib/python3.10/site-packages/airflow/example_dags/example_branch_day_of_week_operator.py
[2024-06-18T12:57:03.866+0400] {logging_mixin.py:188} INFO - [2024-06-18T12:57:03.866+0400] {dag.py:3096} INFO - Sync 1 DAGs
[2024-06-18T12:57:03.875+0400] {logging_mixin.py:188} INFO - [2024-06-18T12:57:03.875+0400] {dag.py:3954} INFO - Setting next_dagrun for example_weekday_branch_operator to 2024-06-17 00:00:00+00:00, run_after=2024-06-18 00:00:00+00:00
[2024-06-18T12:57:03.888+0400] {processor.py:183} INFO - Processing /home/user/Desktop/airflowproj/py_env/lib/python3.10/site-packages/airflow/example_dags/example_branch_day_of_week_operator.py took 0.043 seconds
[2024-06-18T12:58:04.398+0400] {processor.py:161} INFO - Started process (PID=50822) to work on /home/user/Desktop/airflowproj/py_env/lib/python3.10/site-packages/airflow/example_dags/example_branch_day_of_week_operator.py
[2024-06-18T12:58:04.400+0400] {processor.py:830} INFO - Processing file /home/user/Desktop/airflowproj/py_env/lib/python3.10/site-packages/airflow/example_dags/example_branch_day_of_week_operator.py for tasks to queue
[2024-06-18T12:58:04.401+0400] {logging_mixin.py:188} INFO - [2024-06-18T12:58:04.401+0400] {dagbag.py:545} INFO - Filling up the DagBag from /home/user/Desktop/airflowproj/py_env/lib/python3.10/site-packages/airflow/example_dags/example_branch_day_of_week_operator.py
[2024-06-18T12:58:04.406+0400] {processor.py:840} INFO - DAG(s) 'example_weekday_branch_operator' retrieved from /home/user/Desktop/airflowproj/py_env/lib/python3.10/site-packages/airflow/example_dags/example_branch_day_of_week_operator.py
[2024-06-18T12:58:04.416+0400] {logging_mixin.py:188} INFO - [2024-06-18T12:58:04.416+0400] {dag.py:3096} INFO - Sync 1 DAGs
[2024-06-18T12:58:04.428+0400] {logging_mixin.py:188} INFO - [2024-06-18T12:58:04.428+0400] {dag.py:3954} INFO - Setting next_dagrun for example_weekday_branch_operator to 2024-06-17 00:00:00+00:00, run_after=2024-06-18 00:00:00+00:00
[2024-06-18T12:58:04.441+0400] {processor.py:183} INFO - Processing /home/user/Desktop/airflowproj/py_env/lib/python3.10/site-packages/airflow/example_dags/example_branch_day_of_week_operator.py took 0.048 seconds
[2024-06-18T12:59:01.517+0400] {processor.py:161} INFO - Started process (PID=51224) to work on /home/user/Desktop/airflowproj/py_env/lib/python3.10/site-packages/airflow/example_dags/example_branch_day_of_week_operator.py
[2024-06-18T12:59:01.518+0400] {processor.py:830} INFO - Processing file /home/user/Desktop/airflowproj/py_env/lib/python3.10/site-packages/airflow/example_dags/example_branch_day_of_week_operator.py for tasks to queue
[2024-06-18T12:59:01.518+0400] {logging_mixin.py:188} INFO - [2024-06-18T12:59:01.518+0400] {dagbag.py:545} INFO - Filling up the DagBag from /home/user/Desktop/airflowproj/py_env/lib/python3.10/site-packages/airflow/example_dags/example_branch_day_of_week_operator.py
[2024-06-18T12:59:01.522+0400] {processor.py:840} INFO - DAG(s) 'example_weekday_branch_operator' retrieved from /home/user/Desktop/airflowproj/py_env/lib/python3.10/site-packages/airflow/example_dags/example_branch_day_of_week_operator.py
[2024-06-18T12:59:01.530+0400] {logging_mixin.py:188} INFO - [2024-06-18T12:59:01.530+0400] {dag.py:3096} INFO - Sync 1 DAGs
[2024-06-18T12:59:01.540+0400] {logging_mixin.py:188} INFO - [2024-06-18T12:59:01.540+0400] {dag.py:3954} INFO - Setting next_dagrun for example_weekday_branch_operator to 2024-06-17 00:00:00+00:00, run_after=2024-06-18 00:00:00+00:00
[2024-06-18T12:59:01.554+0400] {processor.py:183} INFO - Processing /home/user/Desktop/airflowproj/py_env/lib/python3.10/site-packages/airflow/example_dags/example_branch_day_of_week_operator.py took 0.040 seconds
[2024-06-18T12:59:58.611+0400] {processor.py:161} INFO - Started process (PID=51534) to work on /home/user/Desktop/airflowproj/py_env/lib/python3.10/site-packages/airflow/example_dags/example_branch_day_of_week_operator.py
[2024-06-18T12:59:58.612+0400] {processor.py:830} INFO - Processing file /home/user/Desktop/airflowproj/py_env/lib/python3.10/site-packages/airflow/example_dags/example_branch_day_of_week_operator.py for tasks to queue
[2024-06-18T12:59:58.613+0400] {logging_mixin.py:188} INFO - [2024-06-18T12:59:58.613+0400] {dagbag.py:545} INFO - Filling up the DagBag from /home/user/Desktop/airflowproj/py_env/lib/python3.10/site-packages/airflow/example_dags/example_branch_day_of_week_operator.py
[2024-06-18T12:59:58.617+0400] {processor.py:840} INFO - DAG(s) 'example_weekday_branch_operator' retrieved from /home/user/Desktop/airflowproj/py_env/lib/python3.10/site-packages/airflow/example_dags/example_branch_day_of_week_operator.py
[2024-06-18T12:59:58.626+0400] {logging_mixin.py:188} INFO - [2024-06-18T12:59:58.626+0400] {dag.py:3096} INFO - Sync 1 DAGs
[2024-06-18T12:59:58.634+0400] {logging_mixin.py:188} INFO - [2024-06-18T12:59:58.634+0400] {dag.py:3954} INFO - Setting next_dagrun for example_weekday_branch_operator to 2024-06-17 00:00:00+00:00, run_after=2024-06-18 00:00:00+00:00
[2024-06-18T12:59:58.650+0400] {processor.py:183} INFO - Processing /home/user/Desktop/airflowproj/py_env/lib/python3.10/site-packages/airflow/example_dags/example_branch_day_of_week_operator.py took 0.043 seconds
[2024-06-18T13:00:54.161+0400] {processor.py:161} INFO - Started process (PID=51906) to work on /home/user/Desktop/airflowproj/py_env/lib/python3.10/site-packages/airflow/example_dags/example_branch_day_of_week_operator.py
[2024-06-18T13:00:54.164+0400] {processor.py:830} INFO - Processing file /home/user/Desktop/airflowproj/py_env/lib/python3.10/site-packages/airflow/example_dags/example_branch_day_of_week_operator.py for tasks to queue
[2024-06-18T13:00:54.167+0400] {logging_mixin.py:188} INFO - [2024-06-18T13:00:54.166+0400] {dagbag.py:545} INFO - Filling up the DagBag from /home/user/Desktop/airflowproj/py_env/lib/python3.10/site-packages/airflow/example_dags/example_branch_day_of_week_operator.py
[2024-06-18T13:00:54.179+0400] {processor.py:840} INFO - DAG(s) 'example_weekday_branch_operator' retrieved from /home/user/Desktop/airflowproj/py_env/lib/python3.10/site-packages/airflow/example_dags/example_branch_day_of_week_operator.py
[2024-06-18T13:00:54.191+0400] {logging_mixin.py:188} INFO - [2024-06-18T13:00:54.191+0400] {dag.py:3096} INFO - Sync 1 DAGs
[2024-06-18T13:00:54.203+0400] {logging_mixin.py:188} INFO - [2024-06-18T13:00:54.203+0400] {dag.py:3954} INFO - Setting next_dagrun for example_weekday_branch_operator to 2024-06-17 00:00:00+00:00, run_after=2024-06-18 00:00:00+00:00
[2024-06-18T13:00:54.218+0400] {processor.py:183} INFO - Processing /home/user/Desktop/airflowproj/py_env/lib/python3.10/site-packages/airflow/example_dags/example_branch_day_of_week_operator.py took 0.062 seconds
[2024-06-18T13:01:53.730+0400] {processor.py:161} INFO - Started process (PID=52490) to work on /home/user/Desktop/airflowproj/py_env/lib/python3.10/site-packages/airflow/example_dags/example_branch_day_of_week_operator.py
[2024-06-18T13:01:53.732+0400] {processor.py:830} INFO - Processing file /home/user/Desktop/airflowproj/py_env/lib/python3.10/site-packages/airflow/example_dags/example_branch_day_of_week_operator.py for tasks to queue
[2024-06-18T13:01:53.734+0400] {logging_mixin.py:188} INFO - [2024-06-18T13:01:53.733+0400] {dagbag.py:545} INFO - Filling up the DagBag from /home/user/Desktop/airflowproj/py_env/lib/python3.10/site-packages/airflow/example_dags/example_branch_day_of_week_operator.py
[2024-06-18T13:01:53.738+0400] {processor.py:840} INFO - DAG(s) 'example_weekday_branch_operator' retrieved from /home/user/Desktop/airflowproj/py_env/lib/python3.10/site-packages/airflow/example_dags/example_branch_day_of_week_operator.py
[2024-06-18T13:01:53.746+0400] {logging_mixin.py:188} INFO - [2024-06-18T13:01:53.746+0400] {dag.py:3096} INFO - Sync 1 DAGs
[2024-06-18T13:01:53.757+0400] {logging_mixin.py:188} INFO - [2024-06-18T13:01:53.756+0400] {dag.py:3954} INFO - Setting next_dagrun for example_weekday_branch_operator to 2024-06-17 00:00:00+00:00, run_after=2024-06-18 00:00:00+00:00
[2024-06-18T13:01:53.770+0400] {processor.py:183} INFO - Processing /home/user/Desktop/airflowproj/py_env/lib/python3.10/site-packages/airflow/example_dags/example_branch_day_of_week_operator.py took 0.045 seconds
[2024-06-18T13:02:53.347+0400] {processor.py:161} INFO - Started process (PID=53005) to work on /home/user/Desktop/airflowproj/py_env/lib/python3.10/site-packages/airflow/example_dags/example_branch_day_of_week_operator.py
[2024-06-18T13:02:53.350+0400] {processor.py:830} INFO - Processing file /home/user/Desktop/airflowproj/py_env/lib/python3.10/site-packages/airflow/example_dags/example_branch_day_of_week_operator.py for tasks to queue
[2024-06-18T13:02:53.351+0400] {logging_mixin.py:188} INFO - [2024-06-18T13:02:53.350+0400] {dagbag.py:545} INFO - Filling up the DagBag from /home/user/Desktop/airflowproj/py_env/lib/python3.10/site-packages/airflow/example_dags/example_branch_day_of_week_operator.py
[2024-06-18T13:02:53.355+0400] {processor.py:840} INFO - DAG(s) 'example_weekday_branch_operator' retrieved from /home/user/Desktop/airflowproj/py_env/lib/python3.10/site-packages/airflow/example_dags/example_branch_day_of_week_operator.py
[2024-06-18T13:02:53.363+0400] {logging_mixin.py:188} INFO - [2024-06-18T13:02:53.363+0400] {dag.py:3096} INFO - Sync 1 DAGs
[2024-06-18T13:02:53.373+0400] {logging_mixin.py:188} INFO - [2024-06-18T13:02:53.373+0400] {dag.py:3954} INFO - Setting next_dagrun for example_weekday_branch_operator to 2024-06-17 00:00:00+00:00, run_after=2024-06-18 00:00:00+00:00
[2024-06-18T13:02:53.388+0400] {processor.py:183} INFO - Processing /home/user/Desktop/airflowproj/py_env/lib/python3.10/site-packages/airflow/example_dags/example_branch_day_of_week_operator.py took 0.046 seconds
[2024-06-18T13:03:52.385+0400] {processor.py:161} INFO - Started process (PID=53205) to work on /home/user/Desktop/airflowproj/py_env/lib/python3.10/site-packages/airflow/example_dags/example_branch_day_of_week_operator.py
[2024-06-18T13:03:52.387+0400] {processor.py:830} INFO - Processing file /home/user/Desktop/airflowproj/py_env/lib/python3.10/site-packages/airflow/example_dags/example_branch_day_of_week_operator.py for tasks to queue
[2024-06-18T13:03:52.388+0400] {logging_mixin.py:188} INFO - [2024-06-18T13:03:52.388+0400] {dagbag.py:545} INFO - Filling up the DagBag from /home/user/Desktop/airflowproj/py_env/lib/python3.10/site-packages/airflow/example_dags/example_branch_day_of_week_operator.py
[2024-06-18T13:03:52.394+0400] {processor.py:840} INFO - DAG(s) 'example_weekday_branch_operator' retrieved from /home/user/Desktop/airflowproj/py_env/lib/python3.10/site-packages/airflow/example_dags/example_branch_day_of_week_operator.py
[2024-06-18T13:03:52.403+0400] {logging_mixin.py:188} INFO - [2024-06-18T13:03:52.403+0400] {dag.py:3096} INFO - Sync 1 DAGs
[2024-06-18T13:03:52.412+0400] {logging_mixin.py:188} INFO - [2024-06-18T13:03:52.412+0400] {dag.py:3954} INFO - Setting next_dagrun for example_weekday_branch_operator to 2024-06-17 00:00:00+00:00, run_after=2024-06-18 00:00:00+00:00
[2024-06-18T13:03:52.425+0400] {processor.py:183} INFO - Processing /home/user/Desktop/airflowproj/py_env/lib/python3.10/site-packages/airflow/example_dags/example_branch_day_of_week_operator.py took 0.044 seconds
[2024-06-18T13:04:49.554+0400] {processor.py:161} INFO - Started process (PID=53396) to work on /home/user/Desktop/airflowproj/py_env/lib/python3.10/site-packages/airflow/example_dags/example_branch_day_of_week_operator.py
[2024-06-18T13:04:49.556+0400] {processor.py:830} INFO - Processing file /home/user/Desktop/airflowproj/py_env/lib/python3.10/site-packages/airflow/example_dags/example_branch_day_of_week_operator.py for tasks to queue
[2024-06-18T13:04:49.557+0400] {logging_mixin.py:188} INFO - [2024-06-18T13:04:49.556+0400] {dagbag.py:545} INFO - Filling up the DagBag from /home/user/Desktop/airflowproj/py_env/lib/python3.10/site-packages/airflow/example_dags/example_branch_day_of_week_operator.py
[2024-06-18T13:04:49.562+0400] {processor.py:840} INFO - DAG(s) 'example_weekday_branch_operator' retrieved from /home/user/Desktop/airflowproj/py_env/lib/python3.10/site-packages/airflow/example_dags/example_branch_day_of_week_operator.py
[2024-06-18T13:04:49.570+0400] {logging_mixin.py:188} INFO - [2024-06-18T13:04:49.570+0400] {dag.py:3096} INFO - Sync 1 DAGs
[2024-06-18T13:04:49.579+0400] {logging_mixin.py:188} INFO - [2024-06-18T13:04:49.579+0400] {dag.py:3954} INFO - Setting next_dagrun for example_weekday_branch_operator to 2024-06-17 00:00:00+00:00, run_after=2024-06-18 00:00:00+00:00
[2024-06-18T13:04:49.591+0400] {processor.py:183} INFO - Processing /home/user/Desktop/airflowproj/py_env/lib/python3.10/site-packages/airflow/example_dags/example_branch_day_of_week_operator.py took 0.040 seconds
[2024-06-18T13:05:45.886+0400] {processor.py:161} INFO - Started process (PID=53649) to work on /home/user/Desktop/airflowproj/py_env/lib/python3.10/site-packages/airflow/example_dags/example_branch_day_of_week_operator.py
[2024-06-18T13:05:45.887+0400] {processor.py:830} INFO - Processing file /home/user/Desktop/airflowproj/py_env/lib/python3.10/site-packages/airflow/example_dags/example_branch_day_of_week_operator.py for tasks to queue
[2024-06-18T13:05:45.888+0400] {logging_mixin.py:188} INFO - [2024-06-18T13:05:45.887+0400] {dagbag.py:545} INFO - Filling up the DagBag from /home/user/Desktop/airflowproj/py_env/lib/python3.10/site-packages/airflow/example_dags/example_branch_day_of_week_operator.py
[2024-06-18T13:05:45.892+0400] {processor.py:840} INFO - DAG(s) 'example_weekday_branch_operator' retrieved from /home/user/Desktop/airflowproj/py_env/lib/python3.10/site-packages/airflow/example_dags/example_branch_day_of_week_operator.py
[2024-06-18T13:05:45.900+0400] {logging_mixin.py:188} INFO - [2024-06-18T13:05:45.900+0400] {dag.py:3096} INFO - Sync 1 DAGs
[2024-06-18T13:05:45.910+0400] {logging_mixin.py:188} INFO - [2024-06-18T13:05:45.910+0400] {dag.py:3954} INFO - Setting next_dagrun for example_weekday_branch_operator to 2024-06-17 00:00:00+00:00, run_after=2024-06-18 00:00:00+00:00
[2024-06-18T13:05:45.922+0400] {processor.py:183} INFO - Processing /home/user/Desktop/airflowproj/py_env/lib/python3.10/site-packages/airflow/example_dags/example_branch_day_of_week_operator.py took 0.039 seconds
[2024-06-18T13:06:45.907+0400] {processor.py:161} INFO - Started process (PID=53860) to work on /home/user/Desktop/airflowproj/py_env/lib/python3.10/site-packages/airflow/example_dags/example_branch_day_of_week_operator.py
[2024-06-18T13:06:45.907+0400] {processor.py:830} INFO - Processing file /home/user/Desktop/airflowproj/py_env/lib/python3.10/site-packages/airflow/example_dags/example_branch_day_of_week_operator.py for tasks to queue
[2024-06-18T13:06:45.908+0400] {logging_mixin.py:188} INFO - [2024-06-18T13:06:45.908+0400] {dagbag.py:545} INFO - Filling up the DagBag from /home/user/Desktop/airflowproj/py_env/lib/python3.10/site-packages/airflow/example_dags/example_branch_day_of_week_operator.py
[2024-06-18T13:06:45.912+0400] {processor.py:840} INFO - DAG(s) 'example_weekday_branch_operator' retrieved from /home/user/Desktop/airflowproj/py_env/lib/python3.10/site-packages/airflow/example_dags/example_branch_day_of_week_operator.py
[2024-06-18T13:06:45.919+0400] {logging_mixin.py:188} INFO - [2024-06-18T13:06:45.919+0400] {dag.py:3096} INFO - Sync 1 DAGs
[2024-06-18T13:06:45.928+0400] {logging_mixin.py:188} INFO - [2024-06-18T13:06:45.928+0400] {dag.py:3954} INFO - Setting next_dagrun for example_weekday_branch_operator to 2024-06-17 00:00:00+00:00, run_after=2024-06-18 00:00:00+00:00
[2024-06-18T13:06:45.940+0400] {processor.py:183} INFO - Processing /home/user/Desktop/airflowproj/py_env/lib/python3.10/site-packages/airflow/example_dags/example_branch_day_of_week_operator.py took 0.037 seconds
[2024-06-18T13:07:47.296+0400] {processor.py:161} INFO - Started process (PID=54101) to work on /home/user/Desktop/airflowproj/py_env/lib/python3.10/site-packages/airflow/example_dags/example_branch_day_of_week_operator.py
[2024-06-18T13:07:47.298+0400] {processor.py:830} INFO - Processing file /home/user/Desktop/airflowproj/py_env/lib/python3.10/site-packages/airflow/example_dags/example_branch_day_of_week_operator.py for tasks to queue
[2024-06-18T13:07:47.299+0400] {logging_mixin.py:188} INFO - [2024-06-18T13:07:47.298+0400] {dagbag.py:545} INFO - Filling up the DagBag from /home/user/Desktop/airflowproj/py_env/lib/python3.10/site-packages/airflow/example_dags/example_branch_day_of_week_operator.py
[2024-06-18T13:07:47.304+0400] {processor.py:840} INFO - DAG(s) 'example_weekday_branch_operator' retrieved from /home/user/Desktop/airflowproj/py_env/lib/python3.10/site-packages/airflow/example_dags/example_branch_day_of_week_operator.py
[2024-06-18T13:07:47.311+0400] {logging_mixin.py:188} INFO - [2024-06-18T13:07:47.311+0400] {dag.py:3096} INFO - Sync 1 DAGs
[2024-06-18T13:07:47.321+0400] {logging_mixin.py:188} INFO - [2024-06-18T13:07:47.320+0400] {dag.py:3954} INFO - Setting next_dagrun for example_weekday_branch_operator to 2024-06-17 00:00:00+00:00, run_after=2024-06-18 00:00:00+00:00
[2024-06-18T13:07:47.333+0400] {processor.py:183} INFO - Processing /home/user/Desktop/airflowproj/py_env/lib/python3.10/site-packages/airflow/example_dags/example_branch_day_of_week_operator.py took 0.042 seconds
[2024-06-18T13:08:48.104+0400] {processor.py:161} INFO - Started process (PID=54311) to work on /home/user/Desktop/airflowproj/py_env/lib/python3.10/site-packages/airflow/example_dags/example_branch_day_of_week_operator.py
[2024-06-18T13:08:48.107+0400] {processor.py:830} INFO - Processing file /home/user/Desktop/airflowproj/py_env/lib/python3.10/site-packages/airflow/example_dags/example_branch_day_of_week_operator.py for tasks to queue
[2024-06-18T13:08:48.108+0400] {logging_mixin.py:188} INFO - [2024-06-18T13:08:48.108+0400] {dagbag.py:545} INFO - Filling up the DagBag from /home/user/Desktop/airflowproj/py_env/lib/python3.10/site-packages/airflow/example_dags/example_branch_day_of_week_operator.py
[2024-06-18T13:08:48.112+0400] {processor.py:840} INFO - DAG(s) 'example_weekday_branch_operator' retrieved from /home/user/Desktop/airflowproj/py_env/lib/python3.10/site-packages/airflow/example_dags/example_branch_day_of_week_operator.py
[2024-06-18T13:08:48.120+0400] {logging_mixin.py:188} INFO - [2024-06-18T13:08:48.120+0400] {dag.py:3096} INFO - Sync 1 DAGs
[2024-06-18T13:08:48.129+0400] {logging_mixin.py:188} INFO - [2024-06-18T13:08:48.129+0400] {dag.py:3954} INFO - Setting next_dagrun for example_weekday_branch_operator to 2024-06-17 00:00:00+00:00, run_after=2024-06-18 00:00:00+00:00
[2024-06-18T13:08:48.145+0400] {processor.py:183} INFO - Processing /home/user/Desktop/airflowproj/py_env/lib/python3.10/site-packages/airflow/example_dags/example_branch_day_of_week_operator.py took 0.043 seconds
[2024-06-18T13:09:46.934+0400] {processor.py:161} INFO - Started process (PID=54576) to work on /home/user/Desktop/airflowproj/py_env/lib/python3.10/site-packages/airflow/example_dags/example_branch_day_of_week_operator.py
[2024-06-18T13:09:46.936+0400] {processor.py:830} INFO - Processing file /home/user/Desktop/airflowproj/py_env/lib/python3.10/site-packages/airflow/example_dags/example_branch_day_of_week_operator.py for tasks to queue
[2024-06-18T13:09:46.938+0400] {logging_mixin.py:188} INFO - [2024-06-18T13:09:46.938+0400] {dagbag.py:545} INFO - Filling up the DagBag from /home/user/Desktop/airflowproj/py_env/lib/python3.10/site-packages/airflow/example_dags/example_branch_day_of_week_operator.py
[2024-06-18T13:09:46.943+0400] {processor.py:840} INFO - DAG(s) 'example_weekday_branch_operator' retrieved from /home/user/Desktop/airflowproj/py_env/lib/python3.10/site-packages/airflow/example_dags/example_branch_day_of_week_operator.py
[2024-06-18T13:09:46.951+0400] {logging_mixin.py:188} INFO - [2024-06-18T13:09:46.951+0400] {dag.py:3096} INFO - Sync 1 DAGs
[2024-06-18T13:09:46.960+0400] {logging_mixin.py:188} INFO - [2024-06-18T13:09:46.960+0400] {dag.py:3954} INFO - Setting next_dagrun for example_weekday_branch_operator to 2024-06-17 00:00:00+00:00, run_after=2024-06-18 00:00:00+00:00
[2024-06-18T13:09:46.973+0400] {processor.py:183} INFO - Processing /home/user/Desktop/airflowproj/py_env/lib/python3.10/site-packages/airflow/example_dags/example_branch_day_of_week_operator.py took 0.043 seconds
[2024-06-18T13:10:49.218+0400] {processor.py:161} INFO - Started process (PID=54787) to work on /home/user/Desktop/airflowproj/py_env/lib/python3.10/site-packages/airflow/example_dags/example_branch_day_of_week_operator.py
[2024-06-18T13:10:49.220+0400] {processor.py:830} INFO - Processing file /home/user/Desktop/airflowproj/py_env/lib/python3.10/site-packages/airflow/example_dags/example_branch_day_of_week_operator.py for tasks to queue
[2024-06-18T13:10:49.222+0400] {logging_mixin.py:188} INFO - [2024-06-18T13:10:49.221+0400] {dagbag.py:545} INFO - Filling up the DagBag from /home/user/Desktop/airflowproj/py_env/lib/python3.10/site-packages/airflow/example_dags/example_branch_day_of_week_operator.py
[2024-06-18T13:10:49.226+0400] {processor.py:840} INFO - DAG(s) 'example_weekday_branch_operator' retrieved from /home/user/Desktop/airflowproj/py_env/lib/python3.10/site-packages/airflow/example_dags/example_branch_day_of_week_operator.py
[2024-06-18T13:10:49.233+0400] {logging_mixin.py:188} INFO - [2024-06-18T13:10:49.233+0400] {dag.py:3096} INFO - Sync 1 DAGs
[2024-06-18T13:10:49.242+0400] {logging_mixin.py:188} INFO - [2024-06-18T13:10:49.242+0400] {dag.py:3954} INFO - Setting next_dagrun for example_weekday_branch_operator to 2024-06-17 00:00:00+00:00, run_after=2024-06-18 00:00:00+00:00
[2024-06-18T13:10:49.256+0400] {processor.py:183} INFO - Processing /home/user/Desktop/airflowproj/py_env/lib/python3.10/site-packages/airflow/example_dags/example_branch_day_of_week_operator.py took 0.042 seconds
[2024-06-18T13:11:49.175+0400] {processor.py:161} INFO - Started process (PID=54993) to work on /home/user/Desktop/airflowproj/py_env/lib/python3.10/site-packages/airflow/example_dags/example_branch_day_of_week_operator.py
[2024-06-18T13:11:49.177+0400] {processor.py:830} INFO - Processing file /home/user/Desktop/airflowproj/py_env/lib/python3.10/site-packages/airflow/example_dags/example_branch_day_of_week_operator.py for tasks to queue
[2024-06-18T13:11:49.178+0400] {logging_mixin.py:188} INFO - [2024-06-18T13:11:49.178+0400] {dagbag.py:545} INFO - Filling up the DagBag from /home/user/Desktop/airflowproj/py_env/lib/python3.10/site-packages/airflow/example_dags/example_branch_day_of_week_operator.py
[2024-06-18T13:11:49.183+0400] {processor.py:840} INFO - DAG(s) 'example_weekday_branch_operator' retrieved from /home/user/Desktop/airflowproj/py_env/lib/python3.10/site-packages/airflow/example_dags/example_branch_day_of_week_operator.py
[2024-06-18T13:11:49.191+0400] {logging_mixin.py:188} INFO - [2024-06-18T13:11:49.191+0400] {dag.py:3096} INFO - Sync 1 DAGs
[2024-06-18T13:11:49.200+0400] {logging_mixin.py:188} INFO - [2024-06-18T13:11:49.200+0400] {dag.py:3954} INFO - Setting next_dagrun for example_weekday_branch_operator to 2024-06-17 00:00:00+00:00, run_after=2024-06-18 00:00:00+00:00
[2024-06-18T13:11:49.213+0400] {processor.py:183} INFO - Processing /home/user/Desktop/airflowproj/py_env/lib/python3.10/site-packages/airflow/example_dags/example_branch_day_of_week_operator.py took 0.042 seconds
[2024-06-18T13:12:48.575+0400] {processor.py:161} INFO - Started process (PID=55226) to work on /home/user/Desktop/airflowproj/py_env/lib/python3.10/site-packages/airflow/example_dags/example_branch_day_of_week_operator.py
[2024-06-18T13:12:48.577+0400] {processor.py:830} INFO - Processing file /home/user/Desktop/airflowproj/py_env/lib/python3.10/site-packages/airflow/example_dags/example_branch_day_of_week_operator.py for tasks to queue
[2024-06-18T13:12:48.579+0400] {logging_mixin.py:188} INFO - [2024-06-18T13:12:48.578+0400] {dagbag.py:545} INFO - Filling up the DagBag from /home/user/Desktop/airflowproj/py_env/lib/python3.10/site-packages/airflow/example_dags/example_branch_day_of_week_operator.py
[2024-06-18T13:12:48.584+0400] {processor.py:840} INFO - DAG(s) 'example_weekday_branch_operator' retrieved from /home/user/Desktop/airflowproj/py_env/lib/python3.10/site-packages/airflow/example_dags/example_branch_day_of_week_operator.py
[2024-06-18T13:12:48.592+0400] {logging_mixin.py:188} INFO - [2024-06-18T13:12:48.591+0400] {dag.py:3096} INFO - Sync 1 DAGs
[2024-06-18T13:12:48.601+0400] {logging_mixin.py:188} INFO - [2024-06-18T13:12:48.601+0400] {dag.py:3954} INFO - Setting next_dagrun for example_weekday_branch_operator to 2024-06-17 00:00:00+00:00, run_after=2024-06-18 00:00:00+00:00
[2024-06-18T13:12:48.613+0400] {processor.py:183} INFO - Processing /home/user/Desktop/airflowproj/py_env/lib/python3.10/site-packages/airflow/example_dags/example_branch_day_of_week_operator.py took 0.044 seconds
[2024-06-18T13:13:48.612+0400] {processor.py:161} INFO - Started process (PID=55434) to work on /home/user/Desktop/airflowproj/py_env/lib/python3.10/site-packages/airflow/example_dags/example_branch_day_of_week_operator.py
[2024-06-18T13:13:48.614+0400] {processor.py:830} INFO - Processing file /home/user/Desktop/airflowproj/py_env/lib/python3.10/site-packages/airflow/example_dags/example_branch_day_of_week_operator.py for tasks to queue
[2024-06-18T13:13:48.615+0400] {logging_mixin.py:188} INFO - [2024-06-18T13:13:48.615+0400] {dagbag.py:545} INFO - Filling up the DagBag from /home/user/Desktop/airflowproj/py_env/lib/python3.10/site-packages/airflow/example_dags/example_branch_day_of_week_operator.py
[2024-06-18T13:13:48.620+0400] {processor.py:840} INFO - DAG(s) 'example_weekday_branch_operator' retrieved from /home/user/Desktop/airflowproj/py_env/lib/python3.10/site-packages/airflow/example_dags/example_branch_day_of_week_operator.py
[2024-06-18T13:13:48.628+0400] {logging_mixin.py:188} INFO - [2024-06-18T13:13:48.628+0400] {dag.py:3096} INFO - Sync 1 DAGs
[2024-06-18T13:13:48.637+0400] {logging_mixin.py:188} INFO - [2024-06-18T13:13:48.637+0400] {dag.py:3954} INFO - Setting next_dagrun for example_weekday_branch_operator to 2024-06-17 00:00:00+00:00, run_after=2024-06-18 00:00:00+00:00
[2024-06-18T13:13:48.654+0400] {processor.py:183} INFO - Processing /home/user/Desktop/airflowproj/py_env/lib/python3.10/site-packages/airflow/example_dags/example_branch_day_of_week_operator.py took 0.046 seconds
[2024-06-18T13:14:44.840+0400] {processor.py:161} INFO - Started process (PID=55624) to work on /home/user/Desktop/airflowproj/py_env/lib/python3.10/site-packages/airflow/example_dags/example_branch_day_of_week_operator.py
[2024-06-18T13:14:44.843+0400] {processor.py:830} INFO - Processing file /home/user/Desktop/airflowproj/py_env/lib/python3.10/site-packages/airflow/example_dags/example_branch_day_of_week_operator.py for tasks to queue
[2024-06-18T13:14:44.844+0400] {logging_mixin.py:188} INFO - [2024-06-18T13:14:44.844+0400] {dagbag.py:545} INFO - Filling up the DagBag from /home/user/Desktop/airflowproj/py_env/lib/python3.10/site-packages/airflow/example_dags/example_branch_day_of_week_operator.py
[2024-06-18T13:14:44.851+0400] {processor.py:840} INFO - DAG(s) 'example_weekday_branch_operator' retrieved from /home/user/Desktop/airflowproj/py_env/lib/python3.10/site-packages/airflow/example_dags/example_branch_day_of_week_operator.py
[2024-06-18T13:14:44.859+0400] {logging_mixin.py:188} INFO - [2024-06-18T13:14:44.859+0400] {dag.py:3096} INFO - Sync 1 DAGs
[2024-06-18T13:14:44.868+0400] {logging_mixin.py:188} INFO - [2024-06-18T13:14:44.868+0400] {dag.py:3954} INFO - Setting next_dagrun for example_weekday_branch_operator to 2024-06-17 00:00:00+00:00, run_after=2024-06-18 00:00:00+00:00
[2024-06-18T13:14:44.881+0400] {processor.py:183} INFO - Processing /home/user/Desktop/airflowproj/py_env/lib/python3.10/site-packages/airflow/example_dags/example_branch_day_of_week_operator.py took 0.047 seconds
[2024-06-18T13:15:42.323+0400] {processor.py:161} INFO - Started process (PID=55834) to work on /home/user/Desktop/airflowproj/py_env/lib/python3.10/site-packages/airflow/example_dags/example_branch_day_of_week_operator.py
[2024-06-18T13:15:42.325+0400] {processor.py:830} INFO - Processing file /home/user/Desktop/airflowproj/py_env/lib/python3.10/site-packages/airflow/example_dags/example_branch_day_of_week_operator.py for tasks to queue
[2024-06-18T13:15:42.326+0400] {logging_mixin.py:188} INFO - [2024-06-18T13:15:42.326+0400] {dagbag.py:545} INFO - Filling up the DagBag from /home/user/Desktop/airflowproj/py_env/lib/python3.10/site-packages/airflow/example_dags/example_branch_day_of_week_operator.py
[2024-06-18T13:15:42.330+0400] {processor.py:840} INFO - DAG(s) 'example_weekday_branch_operator' retrieved from /home/user/Desktop/airflowproj/py_env/lib/python3.10/site-packages/airflow/example_dags/example_branch_day_of_week_operator.py
[2024-06-18T13:15:42.338+0400] {logging_mixin.py:188} INFO - [2024-06-18T13:15:42.338+0400] {dag.py:3096} INFO - Sync 1 DAGs
[2024-06-18T13:15:42.348+0400] {logging_mixin.py:188} INFO - [2024-06-18T13:15:42.347+0400] {dag.py:3954} INFO - Setting next_dagrun for example_weekday_branch_operator to 2024-06-17 00:00:00+00:00, run_after=2024-06-18 00:00:00+00:00
[2024-06-18T13:15:42.362+0400] {processor.py:183} INFO - Processing /home/user/Desktop/airflowproj/py_env/lib/python3.10/site-packages/airflow/example_dags/example_branch_day_of_week_operator.py took 0.045 seconds
[2024-06-18T13:16:44.153+0400] {processor.py:161} INFO - Started process (PID=56042) to work on /home/user/Desktop/airflowproj/py_env/lib/python3.10/site-packages/airflow/example_dags/example_branch_day_of_week_operator.py
[2024-06-18T13:16:44.154+0400] {processor.py:830} INFO - Processing file /home/user/Desktop/airflowproj/py_env/lib/python3.10/site-packages/airflow/example_dags/example_branch_day_of_week_operator.py for tasks to queue
[2024-06-18T13:16:44.155+0400] {logging_mixin.py:188} INFO - [2024-06-18T13:16:44.155+0400] {dagbag.py:545} INFO - Filling up the DagBag from /home/user/Desktop/airflowproj/py_env/lib/python3.10/site-packages/airflow/example_dags/example_branch_day_of_week_operator.py
[2024-06-18T13:16:44.159+0400] {processor.py:840} INFO - DAG(s) 'example_weekday_branch_operator' retrieved from /home/user/Desktop/airflowproj/py_env/lib/python3.10/site-packages/airflow/example_dags/example_branch_day_of_week_operator.py
[2024-06-18T13:16:44.167+0400] {logging_mixin.py:188} INFO - [2024-06-18T13:16:44.167+0400] {dag.py:3096} INFO - Sync 1 DAGs
[2024-06-18T13:16:44.177+0400] {logging_mixin.py:188} INFO - [2024-06-18T13:16:44.177+0400] {dag.py:3954} INFO - Setting next_dagrun for example_weekday_branch_operator to 2024-06-17 00:00:00+00:00, run_after=2024-06-18 00:00:00+00:00
[2024-06-18T13:16:44.189+0400] {processor.py:183} INFO - Processing /home/user/Desktop/airflowproj/py_env/lib/python3.10/site-packages/airflow/example_dags/example_branch_day_of_week_operator.py took 0.040 seconds
[2024-06-18T13:17:39.359+0400] {processor.py:161} INFO - Started process (PID=56241) to work on /home/user/Desktop/airflowproj/py_env/lib/python3.10/site-packages/airflow/example_dags/example_branch_day_of_week_operator.py
[2024-06-18T13:17:39.361+0400] {processor.py:830} INFO - Processing file /home/user/Desktop/airflowproj/py_env/lib/python3.10/site-packages/airflow/example_dags/example_branch_day_of_week_operator.py for tasks to queue
[2024-06-18T13:17:39.362+0400] {logging_mixin.py:188} INFO - [2024-06-18T13:17:39.362+0400] {dagbag.py:545} INFO - Filling up the DagBag from /home/user/Desktop/airflowproj/py_env/lib/python3.10/site-packages/airflow/example_dags/example_branch_day_of_week_operator.py
[2024-06-18T13:17:39.366+0400] {processor.py:840} INFO - DAG(s) 'example_weekday_branch_operator' retrieved from /home/user/Desktop/airflowproj/py_env/lib/python3.10/site-packages/airflow/example_dags/example_branch_day_of_week_operator.py
[2024-06-18T13:17:39.375+0400] {logging_mixin.py:188} INFO - [2024-06-18T13:17:39.374+0400] {dag.py:3096} INFO - Sync 1 DAGs
[2024-06-18T13:17:39.384+0400] {logging_mixin.py:188} INFO - [2024-06-18T13:17:39.384+0400] {dag.py:3954} INFO - Setting next_dagrun for example_weekday_branch_operator to 2024-06-17 00:00:00+00:00, run_after=2024-06-18 00:00:00+00:00
[2024-06-18T13:17:39.398+0400] {processor.py:183} INFO - Processing /home/user/Desktop/airflowproj/py_env/lib/python3.10/site-packages/airflow/example_dags/example_branch_day_of_week_operator.py took 0.043 seconds
[2024-06-18T13:18:39.796+0400] {processor.py:161} INFO - Started process (PID=56481) to work on /home/user/Desktop/airflowproj/py_env/lib/python3.10/site-packages/airflow/example_dags/example_branch_day_of_week_operator.py
[2024-06-18T13:18:39.798+0400] {processor.py:830} INFO - Processing file /home/user/Desktop/airflowproj/py_env/lib/python3.10/site-packages/airflow/example_dags/example_branch_day_of_week_operator.py for tasks to queue
[2024-06-18T13:18:39.799+0400] {logging_mixin.py:188} INFO - [2024-06-18T13:18:39.798+0400] {dagbag.py:545} INFO - Filling up the DagBag from /home/user/Desktop/airflowproj/py_env/lib/python3.10/site-packages/airflow/example_dags/example_branch_day_of_week_operator.py
[2024-06-18T13:18:39.802+0400] {processor.py:840} INFO - DAG(s) 'example_weekday_branch_operator' retrieved from /home/user/Desktop/airflowproj/py_env/lib/python3.10/site-packages/airflow/example_dags/example_branch_day_of_week_operator.py
[2024-06-18T13:18:39.810+0400] {logging_mixin.py:188} INFO - [2024-06-18T13:18:39.810+0400] {dag.py:3096} INFO - Sync 1 DAGs
[2024-06-18T13:18:39.819+0400] {logging_mixin.py:188} INFO - [2024-06-18T13:18:39.819+0400] {dag.py:3954} INFO - Setting next_dagrun for example_weekday_branch_operator to 2024-06-17 00:00:00+00:00, run_after=2024-06-18 00:00:00+00:00
[2024-06-18T13:18:39.833+0400] {processor.py:183} INFO - Processing /home/user/Desktop/airflowproj/py_env/lib/python3.10/site-packages/airflow/example_dags/example_branch_day_of_week_operator.py took 0.041 seconds
[2024-06-18T13:19:38.568+0400] {processor.py:161} INFO - Started process (PID=56664) to work on /home/user/Desktop/airflowproj/py_env/lib/python3.10/site-packages/airflow/example_dags/example_branch_day_of_week_operator.py
[2024-06-18T13:19:38.571+0400] {processor.py:830} INFO - Processing file /home/user/Desktop/airflowproj/py_env/lib/python3.10/site-packages/airflow/example_dags/example_branch_day_of_week_operator.py for tasks to queue
[2024-06-18T13:19:38.572+0400] {logging_mixin.py:188} INFO - [2024-06-18T13:19:38.572+0400] {dagbag.py:545} INFO - Filling up the DagBag from /home/user/Desktop/airflowproj/py_env/lib/python3.10/site-packages/airflow/example_dags/example_branch_day_of_week_operator.py
[2024-06-18T13:19:38.577+0400] {processor.py:840} INFO - DAG(s) 'example_weekday_branch_operator' retrieved from /home/user/Desktop/airflowproj/py_env/lib/python3.10/site-packages/airflow/example_dags/example_branch_day_of_week_operator.py
[2024-06-18T13:19:38.585+0400] {logging_mixin.py:188} INFO - [2024-06-18T13:19:38.585+0400] {dag.py:3096} INFO - Sync 1 DAGs
[2024-06-18T13:19:38.594+0400] {logging_mixin.py:188} INFO - [2024-06-18T13:19:38.594+0400] {dag.py:3954} INFO - Setting next_dagrun for example_weekday_branch_operator to 2024-06-17 00:00:00+00:00, run_after=2024-06-18 00:00:00+00:00
[2024-06-18T13:19:38.608+0400] {processor.py:183} INFO - Processing /home/user/Desktop/airflowproj/py_env/lib/python3.10/site-packages/airflow/example_dags/example_branch_day_of_week_operator.py took 0.044 seconds
[2024-06-18T13:20:37.069+0400] {processor.py:161} INFO - Started process (PID=56873) to work on /home/user/Desktop/airflowproj/py_env/lib/python3.10/site-packages/airflow/example_dags/example_branch_day_of_week_operator.py
[2024-06-18T13:20:37.071+0400] {processor.py:830} INFO - Processing file /home/user/Desktop/airflowproj/py_env/lib/python3.10/site-packages/airflow/example_dags/example_branch_day_of_week_operator.py for tasks to queue
[2024-06-18T13:20:37.073+0400] {logging_mixin.py:188} INFO - [2024-06-18T13:20:37.073+0400] {dagbag.py:545} INFO - Filling up the DagBag from /home/user/Desktop/airflowproj/py_env/lib/python3.10/site-packages/airflow/example_dags/example_branch_day_of_week_operator.py
[2024-06-18T13:20:37.079+0400] {processor.py:840} INFO - DAG(s) 'example_weekday_branch_operator' retrieved from /home/user/Desktop/airflowproj/py_env/lib/python3.10/site-packages/airflow/example_dags/example_branch_day_of_week_operator.py
[2024-06-18T13:20:37.087+0400] {logging_mixin.py:188} INFO - [2024-06-18T13:20:37.087+0400] {dag.py:3096} INFO - Sync 1 DAGs
[2024-06-18T13:20:37.096+0400] {logging_mixin.py:188} INFO - [2024-06-18T13:20:37.096+0400] {dag.py:3954} INFO - Setting next_dagrun for example_weekday_branch_operator to 2024-06-17 00:00:00+00:00, run_after=2024-06-18 00:00:00+00:00
[2024-06-18T13:20:37.110+0400] {processor.py:183} INFO - Processing /home/user/Desktop/airflowproj/py_env/lib/python3.10/site-packages/airflow/example_dags/example_branch_day_of_week_operator.py took 0.046 seconds
[2024-06-18T13:21:36.583+0400] {processor.py:161} INFO - Started process (PID=57073) to work on /home/user/Desktop/airflowproj/py_env/lib/python3.10/site-packages/airflow/example_dags/example_branch_day_of_week_operator.py
[2024-06-18T13:21:36.585+0400] {processor.py:830} INFO - Processing file /home/user/Desktop/airflowproj/py_env/lib/python3.10/site-packages/airflow/example_dags/example_branch_day_of_week_operator.py for tasks to queue
[2024-06-18T13:21:36.587+0400] {logging_mixin.py:188} INFO - [2024-06-18T13:21:36.586+0400] {dagbag.py:545} INFO - Filling up the DagBag from /home/user/Desktop/airflowproj/py_env/lib/python3.10/site-packages/airflow/example_dags/example_branch_day_of_week_operator.py
[2024-06-18T13:21:36.591+0400] {processor.py:840} INFO - DAG(s) 'example_weekday_branch_operator' retrieved from /home/user/Desktop/airflowproj/py_env/lib/python3.10/site-packages/airflow/example_dags/example_branch_day_of_week_operator.py
[2024-06-18T13:21:36.599+0400] {logging_mixin.py:188} INFO - [2024-06-18T13:21:36.599+0400] {dag.py:3096} INFO - Sync 1 DAGs
[2024-06-18T13:21:36.608+0400] {logging_mixin.py:188} INFO - [2024-06-18T13:21:36.608+0400] {dag.py:3954} INFO - Setting next_dagrun for example_weekday_branch_operator to 2024-06-17 00:00:00+00:00, run_after=2024-06-18 00:00:00+00:00
[2024-06-18T13:21:36.622+0400] {processor.py:183} INFO - Processing /home/user/Desktop/airflowproj/py_env/lib/python3.10/site-packages/airflow/example_dags/example_branch_day_of_week_operator.py took 0.044 seconds
[2024-06-18T13:22:38.286+0400] {processor.py:161} INFO - Started process (PID=57282) to work on /home/user/Desktop/airflowproj/py_env/lib/python3.10/site-packages/airflow/example_dags/example_branch_day_of_week_operator.py
[2024-06-18T13:22:38.287+0400] {processor.py:830} INFO - Processing file /home/user/Desktop/airflowproj/py_env/lib/python3.10/site-packages/airflow/example_dags/example_branch_day_of_week_operator.py for tasks to queue
[2024-06-18T13:22:38.288+0400] {logging_mixin.py:188} INFO - [2024-06-18T13:22:38.288+0400] {dagbag.py:545} INFO - Filling up the DagBag from /home/user/Desktop/airflowproj/py_env/lib/python3.10/site-packages/airflow/example_dags/example_branch_day_of_week_operator.py
[2024-06-18T13:22:38.293+0400] {processor.py:840} INFO - DAG(s) 'example_weekday_branch_operator' retrieved from /home/user/Desktop/airflowproj/py_env/lib/python3.10/site-packages/airflow/example_dags/example_branch_day_of_week_operator.py
[2024-06-18T13:22:38.302+0400] {logging_mixin.py:188} INFO - [2024-06-18T13:22:38.302+0400] {dag.py:3096} INFO - Sync 1 DAGs
[2024-06-18T13:22:38.311+0400] {logging_mixin.py:188} INFO - [2024-06-18T13:22:38.311+0400] {dag.py:3954} INFO - Setting next_dagrun for example_weekday_branch_operator to 2024-06-17 00:00:00+00:00, run_after=2024-06-18 00:00:00+00:00
[2024-06-18T13:22:38.324+0400] {processor.py:183} INFO - Processing /home/user/Desktop/airflowproj/py_env/lib/python3.10/site-packages/airflow/example_dags/example_branch_day_of_week_operator.py took 0.042 seconds
[2024-06-18T13:23:35.469+0400] {processor.py:161} INFO - Started process (PID=57518) to work on /home/user/Desktop/airflowproj/py_env/lib/python3.10/site-packages/airflow/example_dags/example_branch_day_of_week_operator.py
[2024-06-18T13:23:35.471+0400] {processor.py:830} INFO - Processing file /home/user/Desktop/airflowproj/py_env/lib/python3.10/site-packages/airflow/example_dags/example_branch_day_of_week_operator.py for tasks to queue
[2024-06-18T13:23:35.473+0400] {logging_mixin.py:188} INFO - [2024-06-18T13:23:35.472+0400] {dagbag.py:545} INFO - Filling up the DagBag from /home/user/Desktop/airflowproj/py_env/lib/python3.10/site-packages/airflow/example_dags/example_branch_day_of_week_operator.py
[2024-06-18T13:23:35.477+0400] {processor.py:840} INFO - DAG(s) 'example_weekday_branch_operator' retrieved from /home/user/Desktop/airflowproj/py_env/lib/python3.10/site-packages/airflow/example_dags/example_branch_day_of_week_operator.py
[2024-06-18T13:23:35.484+0400] {logging_mixin.py:188} INFO - [2024-06-18T13:23:35.484+0400] {dag.py:3096} INFO - Sync 1 DAGs
[2024-06-18T13:23:35.493+0400] {logging_mixin.py:188} INFO - [2024-06-18T13:23:35.493+0400] {dag.py:3954} INFO - Setting next_dagrun for example_weekday_branch_operator to 2024-06-17 00:00:00+00:00, run_after=2024-06-18 00:00:00+00:00
[2024-06-18T13:23:35.505+0400] {processor.py:183} INFO - Processing /home/user/Desktop/airflowproj/py_env/lib/python3.10/site-packages/airflow/example_dags/example_branch_day_of_week_operator.py took 0.041 seconds
[2024-06-18T13:24:32.033+0400] {processor.py:161} INFO - Started process (PID=57718) to work on /home/user/Desktop/airflowproj/py_env/lib/python3.10/site-packages/airflow/example_dags/example_branch_day_of_week_operator.py
[2024-06-18T13:24:32.036+0400] {processor.py:830} INFO - Processing file /home/user/Desktop/airflowproj/py_env/lib/python3.10/site-packages/airflow/example_dags/example_branch_day_of_week_operator.py for tasks to queue
[2024-06-18T13:24:32.037+0400] {logging_mixin.py:188} INFO - [2024-06-18T13:24:32.037+0400] {dagbag.py:545} INFO - Filling up the DagBag from /home/user/Desktop/airflowproj/py_env/lib/python3.10/site-packages/airflow/example_dags/example_branch_day_of_week_operator.py
[2024-06-18T13:24:32.041+0400] {processor.py:840} INFO - DAG(s) 'example_weekday_branch_operator' retrieved from /home/user/Desktop/airflowproj/py_env/lib/python3.10/site-packages/airflow/example_dags/example_branch_day_of_week_operator.py
[2024-06-18T13:24:32.050+0400] {logging_mixin.py:188} INFO - [2024-06-18T13:24:32.050+0400] {dag.py:3096} INFO - Sync 1 DAGs
[2024-06-18T13:24:32.059+0400] {logging_mixin.py:188} INFO - [2024-06-18T13:24:32.059+0400] {dag.py:3954} INFO - Setting next_dagrun for example_weekday_branch_operator to 2024-06-17 00:00:00+00:00, run_after=2024-06-18 00:00:00+00:00
[2024-06-18T13:24:32.073+0400] {processor.py:183} INFO - Processing /home/user/Desktop/airflowproj/py_env/lib/python3.10/site-packages/airflow/example_dags/example_branch_day_of_week_operator.py took 0.044 seconds
[2024-06-18T13:25:30.720+0400] {processor.py:161} INFO - Started process (PID=57899) to work on /home/user/Desktop/airflowproj/py_env/lib/python3.10/site-packages/airflow/example_dags/example_branch_day_of_week_operator.py
[2024-06-18T13:25:30.723+0400] {processor.py:830} INFO - Processing file /home/user/Desktop/airflowproj/py_env/lib/python3.10/site-packages/airflow/example_dags/example_branch_day_of_week_operator.py for tasks to queue
[2024-06-18T13:25:30.724+0400] {logging_mixin.py:188} INFO - [2024-06-18T13:25:30.723+0400] {dagbag.py:545} INFO - Filling up the DagBag from /home/user/Desktop/airflowproj/py_env/lib/python3.10/site-packages/airflow/example_dags/example_branch_day_of_week_operator.py
[2024-06-18T13:25:30.729+0400] {processor.py:840} INFO - DAG(s) 'example_weekday_branch_operator' retrieved from /home/user/Desktop/airflowproj/py_env/lib/python3.10/site-packages/airflow/example_dags/example_branch_day_of_week_operator.py
[2024-06-18T13:25:30.736+0400] {logging_mixin.py:188} INFO - [2024-06-18T13:25:30.736+0400] {dag.py:3096} INFO - Sync 1 DAGs
[2024-06-18T13:25:30.746+0400] {logging_mixin.py:188} INFO - [2024-06-18T13:25:30.745+0400] {dag.py:3954} INFO - Setting next_dagrun for example_weekday_branch_operator to 2024-06-17 00:00:00+00:00, run_after=2024-06-18 00:00:00+00:00
[2024-06-18T13:25:30.760+0400] {processor.py:183} INFO - Processing /home/user/Desktop/airflowproj/py_env/lib/python3.10/site-packages/airflow/example_dags/example_branch_day_of_week_operator.py took 0.046 seconds
[2024-06-18T13:26:29.730+0400] {processor.py:161} INFO - Started process (PID=58104) to work on /home/user/Desktop/airflowproj/py_env/lib/python3.10/site-packages/airflow/example_dags/example_branch_day_of_week_operator.py
[2024-06-18T13:26:29.732+0400] {processor.py:830} INFO - Processing file /home/user/Desktop/airflowproj/py_env/lib/python3.10/site-packages/airflow/example_dags/example_branch_day_of_week_operator.py for tasks to queue
[2024-06-18T13:26:29.733+0400] {logging_mixin.py:188} INFO - [2024-06-18T13:26:29.733+0400] {dagbag.py:545} INFO - Filling up the DagBag from /home/user/Desktop/airflowproj/py_env/lib/python3.10/site-packages/airflow/example_dags/example_branch_day_of_week_operator.py
[2024-06-18T13:26:29.738+0400] {processor.py:840} INFO - DAG(s) 'example_weekday_branch_operator' retrieved from /home/user/Desktop/airflowproj/py_env/lib/python3.10/site-packages/airflow/example_dags/example_branch_day_of_week_operator.py
[2024-06-18T13:26:29.746+0400] {logging_mixin.py:188} INFO - [2024-06-18T13:26:29.746+0400] {dag.py:3096} INFO - Sync 1 DAGs
[2024-06-18T13:26:29.755+0400] {logging_mixin.py:188} INFO - [2024-06-18T13:26:29.755+0400] {dag.py:3954} INFO - Setting next_dagrun for example_weekday_branch_operator to 2024-06-17 00:00:00+00:00, run_after=2024-06-18 00:00:00+00:00
[2024-06-18T13:26:29.769+0400] {processor.py:183} INFO - Processing /home/user/Desktop/airflowproj/py_env/lib/python3.10/site-packages/airflow/example_dags/example_branch_day_of_week_operator.py took 0.045 seconds
[2024-06-18T13:27:26.710+0400] {processor.py:161} INFO - Started process (PID=58306) to work on /home/user/Desktop/airflowproj/py_env/lib/python3.10/site-packages/airflow/example_dags/example_branch_day_of_week_operator.py
[2024-06-18T13:27:26.713+0400] {processor.py:830} INFO - Processing file /home/user/Desktop/airflowproj/py_env/lib/python3.10/site-packages/airflow/example_dags/example_branch_day_of_week_operator.py for tasks to queue
[2024-06-18T13:27:26.715+0400] {logging_mixin.py:188} INFO - [2024-06-18T13:27:26.715+0400] {dagbag.py:545} INFO - Filling up the DagBag from /home/user/Desktop/airflowproj/py_env/lib/python3.10/site-packages/airflow/example_dags/example_branch_day_of_week_operator.py
[2024-06-18T13:27:26.722+0400] {processor.py:840} INFO - DAG(s) 'example_weekday_branch_operator' retrieved from /home/user/Desktop/airflowproj/py_env/lib/python3.10/site-packages/airflow/example_dags/example_branch_day_of_week_operator.py
[2024-06-18T13:27:26.730+0400] {logging_mixin.py:188} INFO - [2024-06-18T13:27:26.729+0400] {dag.py:3096} INFO - Sync 1 DAGs
[2024-06-18T13:27:26.738+0400] {logging_mixin.py:188} INFO - [2024-06-18T13:27:26.738+0400] {dag.py:3954} INFO - Setting next_dagrun for example_weekday_branch_operator to 2024-06-17 00:00:00+00:00, run_after=2024-06-18 00:00:00+00:00
[2024-06-18T13:27:26.752+0400] {processor.py:183} INFO - Processing /home/user/Desktop/airflowproj/py_env/lib/python3.10/site-packages/airflow/example_dags/example_branch_day_of_week_operator.py took 0.046 seconds
[2024-06-18T13:28:22.764+0400] {processor.py:161} INFO - Started process (PID=58523) to work on /home/user/Desktop/airflowproj/py_env/lib/python3.10/site-packages/airflow/example_dags/example_branch_day_of_week_operator.py
[2024-06-18T13:28:22.766+0400] {processor.py:830} INFO - Processing file /home/user/Desktop/airflowproj/py_env/lib/python3.10/site-packages/airflow/example_dags/example_branch_day_of_week_operator.py for tasks to queue
[2024-06-18T13:28:22.768+0400] {logging_mixin.py:188} INFO - [2024-06-18T13:28:22.767+0400] {dagbag.py:545} INFO - Filling up the DagBag from /home/user/Desktop/airflowproj/py_env/lib/python3.10/site-packages/airflow/example_dags/example_branch_day_of_week_operator.py
[2024-06-18T13:28:22.772+0400] {processor.py:840} INFO - DAG(s) 'example_weekday_branch_operator' retrieved from /home/user/Desktop/airflowproj/py_env/lib/python3.10/site-packages/airflow/example_dags/example_branch_day_of_week_operator.py
[2024-06-18T13:28:22.780+0400] {logging_mixin.py:188} INFO - [2024-06-18T13:28:22.780+0400] {dag.py:3096} INFO - Sync 1 DAGs
[2024-06-18T13:28:22.789+0400] {logging_mixin.py:188} INFO - [2024-06-18T13:28:22.789+0400] {dag.py:3954} INFO - Setting next_dagrun for example_weekday_branch_operator to 2024-06-17 00:00:00+00:00, run_after=2024-06-18 00:00:00+00:00
[2024-06-18T13:28:22.802+0400] {processor.py:183} INFO - Processing /home/user/Desktop/airflowproj/py_env/lib/python3.10/site-packages/airflow/example_dags/example_branch_day_of_week_operator.py took 0.043 seconds
[2024-06-18T13:29:19.143+0400] {processor.py:161} INFO - Started process (PID=58723) to work on /home/user/Desktop/airflowproj/py_env/lib/python3.10/site-packages/airflow/example_dags/example_branch_day_of_week_operator.py
[2024-06-18T13:29:19.145+0400] {processor.py:830} INFO - Processing file /home/user/Desktop/airflowproj/py_env/lib/python3.10/site-packages/airflow/example_dags/example_branch_day_of_week_operator.py for tasks to queue
[2024-06-18T13:29:19.146+0400] {logging_mixin.py:188} INFO - [2024-06-18T13:29:19.146+0400] {dagbag.py:545} INFO - Filling up the DagBag from /home/user/Desktop/airflowproj/py_env/lib/python3.10/site-packages/airflow/example_dags/example_branch_day_of_week_operator.py
[2024-06-18T13:29:19.150+0400] {processor.py:840} INFO - DAG(s) 'example_weekday_branch_operator' retrieved from /home/user/Desktop/airflowproj/py_env/lib/python3.10/site-packages/airflow/example_dags/example_branch_day_of_week_operator.py
[2024-06-18T13:29:19.158+0400] {logging_mixin.py:188} INFO - [2024-06-18T13:29:19.158+0400] {dag.py:3096} INFO - Sync 1 DAGs
[2024-06-18T13:29:19.169+0400] {logging_mixin.py:188} INFO - [2024-06-18T13:29:19.169+0400] {dag.py:3954} INFO - Setting next_dagrun for example_weekday_branch_operator to 2024-06-17 00:00:00+00:00, run_after=2024-06-18 00:00:00+00:00
[2024-06-18T13:29:19.183+0400] {processor.py:183} INFO - Processing /home/user/Desktop/airflowproj/py_env/lib/python3.10/site-packages/airflow/example_dags/example_branch_day_of_week_operator.py took 0.045 seconds
[2024-06-18T13:30:15.440+0400] {processor.py:161} INFO - Started process (PID=59009) to work on /home/user/Desktop/airflowproj/py_env/lib/python3.10/site-packages/airflow/example_dags/example_branch_day_of_week_operator.py
[2024-06-18T13:30:15.442+0400] {processor.py:830} INFO - Processing file /home/user/Desktop/airflowproj/py_env/lib/python3.10/site-packages/airflow/example_dags/example_branch_day_of_week_operator.py for tasks to queue
[2024-06-18T13:30:15.443+0400] {logging_mixin.py:188} INFO - [2024-06-18T13:30:15.443+0400] {dagbag.py:545} INFO - Filling up the DagBag from /home/user/Desktop/airflowproj/py_env/lib/python3.10/site-packages/airflow/example_dags/example_branch_day_of_week_operator.py
[2024-06-18T13:30:15.448+0400] {processor.py:840} INFO - DAG(s) 'example_weekday_branch_operator' retrieved from /home/user/Desktop/airflowproj/py_env/lib/python3.10/site-packages/airflow/example_dags/example_branch_day_of_week_operator.py
[2024-06-18T13:30:15.455+0400] {logging_mixin.py:188} INFO - [2024-06-18T13:30:15.454+0400] {dag.py:3096} INFO - Sync 1 DAGs
[2024-06-18T13:30:15.463+0400] {logging_mixin.py:188} INFO - [2024-06-18T13:30:15.463+0400] {dag.py:3954} INFO - Setting next_dagrun for example_weekday_branch_operator to 2024-06-17 00:00:00+00:00, run_after=2024-06-18 00:00:00+00:00
[2024-06-18T13:30:15.476+0400] {processor.py:183} INFO - Processing /home/user/Desktop/airflowproj/py_env/lib/python3.10/site-packages/airflow/example_dags/example_branch_day_of_week_operator.py took 0.040 seconds
[2024-06-18T13:31:16.284+0400] {processor.py:161} INFO - Started process (PID=59220) to work on /home/user/Desktop/airflowproj/py_env/lib/python3.10/site-packages/airflow/example_dags/example_branch_day_of_week_operator.py
[2024-06-18T13:31:16.286+0400] {processor.py:830} INFO - Processing file /home/user/Desktop/airflowproj/py_env/lib/python3.10/site-packages/airflow/example_dags/example_branch_day_of_week_operator.py for tasks to queue
[2024-06-18T13:31:16.287+0400] {logging_mixin.py:188} INFO - [2024-06-18T13:31:16.286+0400] {dagbag.py:545} INFO - Filling up the DagBag from /home/user/Desktop/airflowproj/py_env/lib/python3.10/site-packages/airflow/example_dags/example_branch_day_of_week_operator.py
[2024-06-18T13:31:16.290+0400] {processor.py:840} INFO - DAG(s) 'example_weekday_branch_operator' retrieved from /home/user/Desktop/airflowproj/py_env/lib/python3.10/site-packages/airflow/example_dags/example_branch_day_of_week_operator.py
[2024-06-18T13:31:16.298+0400] {logging_mixin.py:188} INFO - [2024-06-18T13:31:16.298+0400] {dag.py:3096} INFO - Sync 1 DAGs
[2024-06-18T13:31:16.307+0400] {logging_mixin.py:188} INFO - [2024-06-18T13:31:16.307+0400] {dag.py:3954} INFO - Setting next_dagrun for example_weekday_branch_operator to 2024-06-17 00:00:00+00:00, run_after=2024-06-18 00:00:00+00:00
[2024-06-18T13:31:16.321+0400] {processor.py:183} INFO - Processing /home/user/Desktop/airflowproj/py_env/lib/python3.10/site-packages/airflow/example_dags/example_branch_day_of_week_operator.py took 0.042 seconds
[2024-06-18T13:32:21.994+0400] {processor.py:161} INFO - Started process (PID=59636) to work on /home/user/Desktop/airflowproj/py_env/lib/python3.10/site-packages/airflow/example_dags/example_branch_day_of_week_operator.py
[2024-06-18T13:32:21.998+0400] {processor.py:830} INFO - Processing file /home/user/Desktop/airflowproj/py_env/lib/python3.10/site-packages/airflow/example_dags/example_branch_day_of_week_operator.py for tasks to queue
[2024-06-18T13:32:21.999+0400] {logging_mixin.py:188} INFO - [2024-06-18T13:32:21.999+0400] {dagbag.py:545} INFO - Filling up the DagBag from /home/user/Desktop/airflowproj/py_env/lib/python3.10/site-packages/airflow/example_dags/example_branch_day_of_week_operator.py
[2024-06-18T13:32:22.003+0400] {processor.py:840} INFO - DAG(s) 'example_weekday_branch_operator' retrieved from /home/user/Desktop/airflowproj/py_env/lib/python3.10/site-packages/airflow/example_dags/example_branch_day_of_week_operator.py
[2024-06-18T13:32:22.012+0400] {logging_mixin.py:188} INFO - [2024-06-18T13:32:22.012+0400] {dag.py:3096} INFO - Sync 1 DAGs
[2024-06-18T13:32:22.022+0400] {logging_mixin.py:188} INFO - [2024-06-18T13:32:22.022+0400] {dag.py:3954} INFO - Setting next_dagrun for example_weekday_branch_operator to 2024-06-17 00:00:00+00:00, run_after=2024-06-18 00:00:00+00:00
[2024-06-18T13:32:22.036+0400] {processor.py:183} INFO - Processing /home/user/Desktop/airflowproj/py_env/lib/python3.10/site-packages/airflow/example_dags/example_branch_day_of_week_operator.py took 0.045 seconds
