[2024-06-18T12:40:37.964+0400] {processor.py:161} INFO - Started process (PID=45721) to work on /home/user/Desktop/airflowproj/py_env/lib/python3.10/site-packages/airflow/example_dags/example_dynamic_task_mapping.py
[2024-06-18T12:40:37.964+0400] {processor.py:830} INFO - Processing file /home/user/Desktop/airflowproj/py_env/lib/python3.10/site-packages/airflow/example_dags/example_dynamic_task_mapping.py for tasks to queue
[2024-06-18T12:40:37.965+0400] {logging_mixin.py:188} INFO - [2024-06-18T12:40:37.965+0400] {dagbag.py:545} INFO - Filling up the DagBag from /home/user/Desktop/airflowproj/py_env/lib/python3.10/site-packages/airflow/example_dags/example_dynamic_task_mapping.py
[2024-06-18T12:40:37.970+0400] {processor.py:840} INFO - DAG(s) 'example_dynamic_task_mapping' retrieved from /home/user/Desktop/airflowproj/py_env/lib/python3.10/site-packages/airflow/example_dags/example_dynamic_task_mapping.py
[2024-06-18T12:40:38.024+0400] {logging_mixin.py:188} INFO - [2024-06-18T12:40:38.024+0400] {override.py:1829} INFO - Created Permission View: can edit on DAG:example_dynamic_task_mapping
[2024-06-18T12:40:38.034+0400] {logging_mixin.py:188} INFO - [2024-06-18T12:40:38.033+0400] {override.py:1829} INFO - Created Permission View: can read on DAG:example_dynamic_task_mapping
[2024-06-18T12:40:38.041+0400] {logging_mixin.py:188} INFO - [2024-06-18T12:40:38.041+0400] {override.py:1829} INFO - Created Permission View: can delete on DAG:example_dynamic_task_mapping
[2024-06-18T12:40:38.042+0400] {logging_mixin.py:188} INFO - [2024-06-18T12:40:38.041+0400] {dag.py:3096} INFO - Sync 1 DAGs
[2024-06-18T12:40:38.047+0400] {logging_mixin.py:188} INFO - [2024-06-18T12:40:38.047+0400] {dag.py:3118} INFO - Creating ORM DAG for example_dynamic_task_mapping
[2024-06-18T12:40:38.097+0400] {logging_mixin.py:188} INFO - [2024-06-18T12:40:38.097+0400] {dag.py:3954} INFO - Setting next_dagrun for example_dynamic_task_mapping to 2022-03-04 00:00:00+00:00, run_after=2022-03-05 00:00:00+00:00
[2024-06-18T12:40:38.110+0400] {processor.py:183} INFO - Processing /home/user/Desktop/airflowproj/py_env/lib/python3.10/site-packages/airflow/example_dags/example_dynamic_task_mapping.py took 0.151 seconds
[2024-06-18T12:43:12.878+0400] {processor.py:161} INFO - Started process (PID=46635) to work on /home/user/Desktop/airflowproj/py_env/lib/python3.10/site-packages/airflow/example_dags/example_dynamic_task_mapping.py
[2024-06-18T12:43:12.880+0400] {processor.py:830} INFO - Processing file /home/user/Desktop/airflowproj/py_env/lib/python3.10/site-packages/airflow/example_dags/example_dynamic_task_mapping.py for tasks to queue
[2024-06-18T12:43:12.881+0400] {logging_mixin.py:188} INFO - [2024-06-18T12:43:12.881+0400] {dagbag.py:545} INFO - Filling up the DagBag from /home/user/Desktop/airflowproj/py_env/lib/python3.10/site-packages/airflow/example_dags/example_dynamic_task_mapping.py
[2024-06-18T12:43:12.884+0400] {processor.py:840} INFO - DAG(s) 'example_dynamic_task_mapping' retrieved from /home/user/Desktop/airflowproj/py_env/lib/python3.10/site-packages/airflow/example_dags/example_dynamic_task_mapping.py
[2024-06-18T12:43:12.891+0400] {logging_mixin.py:188} INFO - [2024-06-18T12:43:12.891+0400] {dag.py:3096} INFO - Sync 1 DAGs
[2024-06-18T12:43:12.900+0400] {logging_mixin.py:188} INFO - [2024-06-18T12:43:12.900+0400] {dag.py:3954} INFO - Setting next_dagrun for example_dynamic_task_mapping to 2022-03-04 00:00:00+00:00, run_after=2022-03-05 00:00:00+00:00
[2024-06-18T12:43:12.915+0400] {processor.py:183} INFO - Processing /home/user/Desktop/airflowproj/py_env/lib/python3.10/site-packages/airflow/example_dags/example_dynamic_task_mapping.py took 0.041 seconds
[2024-06-18T12:44:04.455+0400] {processor.py:161} INFO - Started process (PID=46777) to work on /home/user/Desktop/airflowproj/py_env/lib/python3.10/site-packages/airflow/example_dags/example_dynamic_task_mapping.py
[2024-06-18T12:44:04.458+0400] {processor.py:830} INFO - Processing file /home/user/Desktop/airflowproj/py_env/lib/python3.10/site-packages/airflow/example_dags/example_dynamic_task_mapping.py for tasks to queue
[2024-06-18T12:44:04.459+0400] {logging_mixin.py:188} INFO - [2024-06-18T12:44:04.459+0400] {dagbag.py:545} INFO - Filling up the DagBag from /home/user/Desktop/airflowproj/py_env/lib/python3.10/site-packages/airflow/example_dags/example_dynamic_task_mapping.py
[2024-06-18T12:44:04.464+0400] {processor.py:840} INFO - DAG(s) 'example_dynamic_task_mapping' retrieved from /home/user/Desktop/airflowproj/py_env/lib/python3.10/site-packages/airflow/example_dags/example_dynamic_task_mapping.py
[2024-06-18T12:44:04.472+0400] {logging_mixin.py:188} INFO - [2024-06-18T12:44:04.472+0400] {dag.py:3096} INFO - Sync 1 DAGs
[2024-06-18T12:44:04.480+0400] {logging_mixin.py:188} INFO - [2024-06-18T12:44:04.480+0400] {dag.py:3954} INFO - Setting next_dagrun for example_dynamic_task_mapping to 2022-03-04 00:00:00+00:00, run_after=2022-03-05 00:00:00+00:00
[2024-06-18T12:44:04.492+0400] {processor.py:183} INFO - Processing /home/user/Desktop/airflowproj/py_env/lib/python3.10/site-packages/airflow/example_dags/example_dynamic_task_mapping.py took 0.042 seconds
[2024-06-18T12:45:07.938+0400] {processor.py:161} INFO - Started process (PID=46956) to work on /home/user/Desktop/airflowproj/py_env/lib/python3.10/site-packages/airflow/example_dags/example_dynamic_task_mapping.py
[2024-06-18T12:45:07.940+0400] {processor.py:830} INFO - Processing file /home/user/Desktop/airflowproj/py_env/lib/python3.10/site-packages/airflow/example_dags/example_dynamic_task_mapping.py for tasks to queue
[2024-06-18T12:45:07.941+0400] {logging_mixin.py:188} INFO - [2024-06-18T12:45:07.941+0400] {dagbag.py:545} INFO - Filling up the DagBag from /home/user/Desktop/airflowproj/py_env/lib/python3.10/site-packages/airflow/example_dags/example_dynamic_task_mapping.py
[2024-06-18T12:45:07.945+0400] {processor.py:840} INFO - DAG(s) 'example_dynamic_task_mapping' retrieved from /home/user/Desktop/airflowproj/py_env/lib/python3.10/site-packages/airflow/example_dags/example_dynamic_task_mapping.py
[2024-06-18T12:45:07.953+0400] {logging_mixin.py:188} INFO - [2024-06-18T12:45:07.952+0400] {dag.py:3096} INFO - Sync 1 DAGs
[2024-06-18T12:45:07.961+0400] {logging_mixin.py:188} INFO - [2024-06-18T12:45:07.961+0400] {dag.py:3954} INFO - Setting next_dagrun for example_dynamic_task_mapping to 2022-03-04 00:00:00+00:00, run_after=2022-03-05 00:00:00+00:00
[2024-06-18T12:45:07.974+0400] {processor.py:183} INFO - Processing /home/user/Desktop/airflowproj/py_env/lib/python3.10/site-packages/airflow/example_dags/example_dynamic_task_mapping.py took 0.041 seconds
[2024-06-18T12:46:06.886+0400] {processor.py:161} INFO - Started process (PID=47106) to work on /home/user/Desktop/airflowproj/py_env/lib/python3.10/site-packages/airflow/example_dags/example_dynamic_task_mapping.py
[2024-06-18T12:46:06.888+0400] {processor.py:830} INFO - Processing file /home/user/Desktop/airflowproj/py_env/lib/python3.10/site-packages/airflow/example_dags/example_dynamic_task_mapping.py for tasks to queue
[2024-06-18T12:46:06.889+0400] {logging_mixin.py:188} INFO - [2024-06-18T12:46:06.889+0400] {dagbag.py:545} INFO - Filling up the DagBag from /home/user/Desktop/airflowproj/py_env/lib/python3.10/site-packages/airflow/example_dags/example_dynamic_task_mapping.py
[2024-06-18T12:46:06.893+0400] {processor.py:840} INFO - DAG(s) 'example_dynamic_task_mapping' retrieved from /home/user/Desktop/airflowproj/py_env/lib/python3.10/site-packages/airflow/example_dags/example_dynamic_task_mapping.py
[2024-06-18T12:46:06.901+0400] {logging_mixin.py:188} INFO - [2024-06-18T12:46:06.901+0400] {dag.py:3096} INFO - Sync 1 DAGs
[2024-06-18T12:46:06.911+0400] {logging_mixin.py:188} INFO - [2024-06-18T12:46:06.911+0400] {dag.py:3954} INFO - Setting next_dagrun for example_dynamic_task_mapping to 2022-03-04 00:00:00+00:00, run_after=2022-03-05 00:00:00+00:00
[2024-06-18T12:46:06.927+0400] {processor.py:183} INFO - Processing /home/user/Desktop/airflowproj/py_env/lib/python3.10/site-packages/airflow/example_dags/example_dynamic_task_mapping.py took 0.044 seconds
[2024-06-18T12:47:05.038+0400] {processor.py:161} INFO - Started process (PID=47869) to work on /home/user/Desktop/airflowproj/py_env/lib/python3.10/site-packages/airflow/example_dags/example_dynamic_task_mapping.py
[2024-06-18T12:47:05.040+0400] {processor.py:830} INFO - Processing file /home/user/Desktop/airflowproj/py_env/lib/python3.10/site-packages/airflow/example_dags/example_dynamic_task_mapping.py for tasks to queue
[2024-06-18T12:47:05.041+0400] {logging_mixin.py:188} INFO - [2024-06-18T12:47:05.041+0400] {dagbag.py:545} INFO - Filling up the DagBag from /home/user/Desktop/airflowproj/py_env/lib/python3.10/site-packages/airflow/example_dags/example_dynamic_task_mapping.py
[2024-06-18T12:47:05.046+0400] {processor.py:840} INFO - DAG(s) 'example_dynamic_task_mapping' retrieved from /home/user/Desktop/airflowproj/py_env/lib/python3.10/site-packages/airflow/example_dags/example_dynamic_task_mapping.py
[2024-06-18T12:47:05.056+0400] {logging_mixin.py:188} INFO - [2024-06-18T12:47:05.056+0400] {dag.py:3096} INFO - Sync 1 DAGs
[2024-06-18T12:47:05.066+0400] {logging_mixin.py:188} INFO - [2024-06-18T12:47:05.066+0400] {dag.py:3954} INFO - Setting next_dagrun for example_dynamic_task_mapping to 2022-03-04 00:00:00+00:00, run_after=2022-03-05 00:00:00+00:00
[2024-06-18T12:47:05.083+0400] {processor.py:183} INFO - Processing /home/user/Desktop/airflowproj/py_env/lib/python3.10/site-packages/airflow/example_dags/example_dynamic_task_mapping.py took 0.051 seconds
[2024-06-18T12:48:02.855+0400] {processor.py:161} INFO - Started process (PID=48189) to work on /home/user/Desktop/airflowproj/py_env/lib/python3.10/site-packages/airflow/example_dags/example_dynamic_task_mapping.py
[2024-06-18T12:48:02.857+0400] {processor.py:830} INFO - Processing file /home/user/Desktop/airflowproj/py_env/lib/python3.10/site-packages/airflow/example_dags/example_dynamic_task_mapping.py for tasks to queue
[2024-06-18T12:48:02.858+0400] {logging_mixin.py:188} INFO - [2024-06-18T12:48:02.858+0400] {dagbag.py:545} INFO - Filling up the DagBag from /home/user/Desktop/airflowproj/py_env/lib/python3.10/site-packages/airflow/example_dags/example_dynamic_task_mapping.py
[2024-06-18T12:48:02.862+0400] {processor.py:840} INFO - DAG(s) 'example_dynamic_task_mapping' retrieved from /home/user/Desktop/airflowproj/py_env/lib/python3.10/site-packages/airflow/example_dags/example_dynamic_task_mapping.py
[2024-06-18T12:48:02.869+0400] {logging_mixin.py:188} INFO - [2024-06-18T12:48:02.869+0400] {dag.py:3096} INFO - Sync 1 DAGs
[2024-06-18T12:48:02.878+0400] {logging_mixin.py:188} INFO - [2024-06-18T12:48:02.878+0400] {dag.py:3954} INFO - Setting next_dagrun for example_dynamic_task_mapping to 2022-03-04 00:00:00+00:00, run_after=2022-03-05 00:00:00+00:00
[2024-06-18T12:48:02.892+0400] {processor.py:183} INFO - Processing /home/user/Desktop/airflowproj/py_env/lib/python3.10/site-packages/airflow/example_dags/example_dynamic_task_mapping.py took 0.041 seconds
[2024-06-18T12:48:54.099+0400] {processor.py:161} INFO - Started process (PID=48449) to work on /home/user/Desktop/airflowproj/py_env/lib/python3.10/site-packages/airflow/example_dags/example_dynamic_task_mapping.py
[2024-06-18T12:48:54.101+0400] {processor.py:830} INFO - Processing file /home/user/Desktop/airflowproj/py_env/lib/python3.10/site-packages/airflow/example_dags/example_dynamic_task_mapping.py for tasks to queue
[2024-06-18T12:48:54.102+0400] {logging_mixin.py:188} INFO - [2024-06-18T12:48:54.102+0400] {dagbag.py:545} INFO - Filling up the DagBag from /home/user/Desktop/airflowproj/py_env/lib/python3.10/site-packages/airflow/example_dags/example_dynamic_task_mapping.py
[2024-06-18T12:48:54.106+0400] {processor.py:840} INFO - DAG(s) 'example_dynamic_task_mapping' retrieved from /home/user/Desktop/airflowproj/py_env/lib/python3.10/site-packages/airflow/example_dags/example_dynamic_task_mapping.py
[2024-06-18T12:48:54.114+0400] {logging_mixin.py:188} INFO - [2024-06-18T12:48:54.114+0400] {dag.py:3096} INFO - Sync 1 DAGs
[2024-06-18T12:48:54.123+0400] {logging_mixin.py:188} INFO - [2024-06-18T12:48:54.123+0400] {dag.py:3954} INFO - Setting next_dagrun for example_dynamic_task_mapping to 2022-03-04 00:00:00+00:00, run_after=2022-03-05 00:00:00+00:00
[2024-06-18T12:48:54.137+0400] {processor.py:183} INFO - Processing /home/user/Desktop/airflowproj/py_env/lib/python3.10/site-packages/airflow/example_dags/example_dynamic_task_mapping.py took 0.043 seconds
[2024-06-18T12:49:53.181+0400] {processor.py:161} INFO - Started process (PID=48711) to work on /home/user/Desktop/airflowproj/py_env/lib/python3.10/site-packages/airflow/example_dags/example_dynamic_task_mapping.py
[2024-06-18T12:49:53.183+0400] {processor.py:830} INFO - Processing file /home/user/Desktop/airflowproj/py_env/lib/python3.10/site-packages/airflow/example_dags/example_dynamic_task_mapping.py for tasks to queue
[2024-06-18T12:49:53.184+0400] {logging_mixin.py:188} INFO - [2024-06-18T12:49:53.184+0400] {dagbag.py:545} INFO - Filling up the DagBag from /home/user/Desktop/airflowproj/py_env/lib/python3.10/site-packages/airflow/example_dags/example_dynamic_task_mapping.py
[2024-06-18T12:49:53.188+0400] {processor.py:840} INFO - DAG(s) 'example_dynamic_task_mapping' retrieved from /home/user/Desktop/airflowproj/py_env/lib/python3.10/site-packages/airflow/example_dags/example_dynamic_task_mapping.py
[2024-06-18T12:49:53.196+0400] {logging_mixin.py:188} INFO - [2024-06-18T12:49:53.196+0400] {dag.py:3096} INFO - Sync 1 DAGs
[2024-06-18T12:49:53.206+0400] {logging_mixin.py:188} INFO - [2024-06-18T12:49:53.206+0400] {dag.py:3954} INFO - Setting next_dagrun for example_dynamic_task_mapping to 2022-03-04 00:00:00+00:00, run_after=2022-03-05 00:00:00+00:00
[2024-06-18T12:49:53.221+0400] {processor.py:183} INFO - Processing /home/user/Desktop/airflowproj/py_env/lib/python3.10/site-packages/airflow/example_dags/example_dynamic_task_mapping.py took 0.043 seconds
[2024-06-18T12:50:53.895+0400] {processor.py:161} INFO - Started process (PID=48873) to work on /home/user/Desktop/airflowproj/py_env/lib/python3.10/site-packages/airflow/example_dags/example_dynamic_task_mapping.py
[2024-06-18T12:50:53.897+0400] {processor.py:830} INFO - Processing file /home/user/Desktop/airflowproj/py_env/lib/python3.10/site-packages/airflow/example_dags/example_dynamic_task_mapping.py for tasks to queue
[2024-06-18T12:50:53.899+0400] {logging_mixin.py:188} INFO - [2024-06-18T12:50:53.898+0400] {dagbag.py:545} INFO - Filling up the DagBag from /home/user/Desktop/airflowproj/py_env/lib/python3.10/site-packages/airflow/example_dags/example_dynamic_task_mapping.py
[2024-06-18T12:50:53.905+0400] {processor.py:840} INFO - DAG(s) 'example_dynamic_task_mapping' retrieved from /home/user/Desktop/airflowproj/py_env/lib/python3.10/site-packages/airflow/example_dags/example_dynamic_task_mapping.py
[2024-06-18T12:50:53.915+0400] {logging_mixin.py:188} INFO - [2024-06-18T12:50:53.915+0400] {dag.py:3096} INFO - Sync 1 DAGs
[2024-06-18T12:50:53.930+0400] {logging_mixin.py:188} INFO - [2024-06-18T12:50:53.929+0400] {dag.py:3954} INFO - Setting next_dagrun for example_dynamic_task_mapping to 2022-03-04 00:00:00+00:00, run_after=2022-03-05 00:00:00+00:00
[2024-06-18T12:50:53.948+0400] {processor.py:183} INFO - Processing /home/user/Desktop/airflowproj/py_env/lib/python3.10/site-packages/airflow/example_dags/example_dynamic_task_mapping.py took 0.057 seconds
[2024-06-18T12:51:52.428+0400] {processor.py:161} INFO - Started process (PID=49130) to work on /home/user/Desktop/airflowproj/py_env/lib/python3.10/site-packages/airflow/example_dags/example_dynamic_task_mapping.py
[2024-06-18T12:51:52.430+0400] {processor.py:830} INFO - Processing file /home/user/Desktop/airflowproj/py_env/lib/python3.10/site-packages/airflow/example_dags/example_dynamic_task_mapping.py for tasks to queue
[2024-06-18T12:51:52.431+0400] {logging_mixin.py:188} INFO - [2024-06-18T12:51:52.431+0400] {dagbag.py:545} INFO - Filling up the DagBag from /home/user/Desktop/airflowproj/py_env/lib/python3.10/site-packages/airflow/example_dags/example_dynamic_task_mapping.py
[2024-06-18T12:51:52.435+0400] {processor.py:840} INFO - DAG(s) 'example_dynamic_task_mapping' retrieved from /home/user/Desktop/airflowproj/py_env/lib/python3.10/site-packages/airflow/example_dags/example_dynamic_task_mapping.py
[2024-06-18T12:51:52.442+0400] {logging_mixin.py:188} INFO - [2024-06-18T12:51:52.442+0400] {dag.py:3096} INFO - Sync 1 DAGs
[2024-06-18T12:51:52.451+0400] {logging_mixin.py:188} INFO - [2024-06-18T12:51:52.451+0400] {dag.py:3954} INFO - Setting next_dagrun for example_dynamic_task_mapping to 2022-03-04 00:00:00+00:00, run_after=2022-03-05 00:00:00+00:00
[2024-06-18T12:51:52.463+0400] {processor.py:183} INFO - Processing /home/user/Desktop/airflowproj/py_env/lib/python3.10/site-packages/airflow/example_dags/example_dynamic_task_mapping.py took 0.039 seconds
[2024-06-18T12:52:49.614+0400] {processor.py:161} INFO - Started process (PID=49292) to work on /home/user/Desktop/airflowproj/py_env/lib/python3.10/site-packages/airflow/example_dags/example_dynamic_task_mapping.py
[2024-06-18T12:52:49.616+0400] {processor.py:830} INFO - Processing file /home/user/Desktop/airflowproj/py_env/lib/python3.10/site-packages/airflow/example_dags/example_dynamic_task_mapping.py for tasks to queue
[2024-06-18T12:52:49.617+0400] {logging_mixin.py:188} INFO - [2024-06-18T12:52:49.617+0400] {dagbag.py:545} INFO - Filling up the DagBag from /home/user/Desktop/airflowproj/py_env/lib/python3.10/site-packages/airflow/example_dags/example_dynamic_task_mapping.py
[2024-06-18T12:52:49.621+0400] {processor.py:840} INFO - DAG(s) 'example_dynamic_task_mapping' retrieved from /home/user/Desktop/airflowproj/py_env/lib/python3.10/site-packages/airflow/example_dags/example_dynamic_task_mapping.py
[2024-06-18T12:52:49.628+0400] {logging_mixin.py:188} INFO - [2024-06-18T12:52:49.628+0400] {dag.py:3096} INFO - Sync 1 DAGs
[2024-06-18T12:52:49.638+0400] {logging_mixin.py:188} INFO - [2024-06-18T12:52:49.638+0400] {dag.py:3954} INFO - Setting next_dagrun for example_dynamic_task_mapping to 2022-03-04 00:00:00+00:00, run_after=2022-03-05 00:00:00+00:00
[2024-06-18T12:52:49.651+0400] {processor.py:183} INFO - Processing /home/user/Desktop/airflowproj/py_env/lib/python3.10/site-packages/airflow/example_dags/example_dynamic_task_mapping.py took 0.041 seconds
[2024-06-18T12:53:48.441+0400] {processor.py:161} INFO - Started process (PID=49603) to work on /home/user/Desktop/airflowproj/py_env/lib/python3.10/site-packages/airflow/example_dags/example_dynamic_task_mapping.py
[2024-06-18T12:53:48.443+0400] {processor.py:830} INFO - Processing file /home/user/Desktop/airflowproj/py_env/lib/python3.10/site-packages/airflow/example_dags/example_dynamic_task_mapping.py for tasks to queue
[2024-06-18T12:53:48.444+0400] {logging_mixin.py:188} INFO - [2024-06-18T12:53:48.444+0400] {dagbag.py:545} INFO - Filling up the DagBag from /home/user/Desktop/airflowproj/py_env/lib/python3.10/site-packages/airflow/example_dags/example_dynamic_task_mapping.py
[2024-06-18T12:53:48.448+0400] {processor.py:840} INFO - DAG(s) 'example_dynamic_task_mapping' retrieved from /home/user/Desktop/airflowproj/py_env/lib/python3.10/site-packages/airflow/example_dags/example_dynamic_task_mapping.py
[2024-06-18T12:53:48.456+0400] {logging_mixin.py:188} INFO - [2024-06-18T12:53:48.456+0400] {dag.py:3096} INFO - Sync 1 DAGs
[2024-06-18T12:53:48.466+0400] {logging_mixin.py:188} INFO - [2024-06-18T12:53:48.465+0400] {dag.py:3954} INFO - Setting next_dagrun for example_dynamic_task_mapping to 2022-03-04 00:00:00+00:00, run_after=2022-03-05 00:00:00+00:00
[2024-06-18T12:53:48.479+0400] {processor.py:183} INFO - Processing /home/user/Desktop/airflowproj/py_env/lib/python3.10/site-packages/airflow/example_dags/example_dynamic_task_mapping.py took 0.041 seconds
[2024-06-18T12:54:45.292+0400] {processor.py:161} INFO - Started process (PID=49737) to work on /home/user/Desktop/airflowproj/py_env/lib/python3.10/site-packages/airflow/example_dags/example_dynamic_task_mapping.py
[2024-06-18T12:54:45.294+0400] {processor.py:830} INFO - Processing file /home/user/Desktop/airflowproj/py_env/lib/python3.10/site-packages/airflow/example_dags/example_dynamic_task_mapping.py for tasks to queue
[2024-06-18T12:54:45.296+0400] {logging_mixin.py:188} INFO - [2024-06-18T12:54:45.295+0400] {dagbag.py:545} INFO - Filling up the DagBag from /home/user/Desktop/airflowproj/py_env/lib/python3.10/site-packages/airflow/example_dags/example_dynamic_task_mapping.py
[2024-06-18T12:54:45.300+0400] {processor.py:840} INFO - DAG(s) 'example_dynamic_task_mapping' retrieved from /home/user/Desktop/airflowproj/py_env/lib/python3.10/site-packages/airflow/example_dags/example_dynamic_task_mapping.py
[2024-06-18T12:54:45.308+0400] {logging_mixin.py:188} INFO - [2024-06-18T12:54:45.308+0400] {dag.py:3096} INFO - Sync 1 DAGs
[2024-06-18T12:54:45.318+0400] {logging_mixin.py:188} INFO - [2024-06-18T12:54:45.318+0400] {dag.py:3954} INFO - Setting next_dagrun for example_dynamic_task_mapping to 2022-03-04 00:00:00+00:00, run_after=2022-03-05 00:00:00+00:00
[2024-06-18T12:54:45.332+0400] {processor.py:183} INFO - Processing /home/user/Desktop/airflowproj/py_env/lib/python3.10/site-packages/airflow/example_dags/example_dynamic_task_mapping.py took 0.045 seconds
[2024-06-18T12:55:44.510+0400] {processor.py:161} INFO - Started process (PID=50069) to work on /home/user/Desktop/airflowproj/py_env/lib/python3.10/site-packages/airflow/example_dags/example_dynamic_task_mapping.py
[2024-06-18T12:55:44.512+0400] {processor.py:830} INFO - Processing file /home/user/Desktop/airflowproj/py_env/lib/python3.10/site-packages/airflow/example_dags/example_dynamic_task_mapping.py for tasks to queue
[2024-06-18T12:55:44.513+0400] {logging_mixin.py:188} INFO - [2024-06-18T12:55:44.513+0400] {dagbag.py:545} INFO - Filling up the DagBag from /home/user/Desktop/airflowproj/py_env/lib/python3.10/site-packages/airflow/example_dags/example_dynamic_task_mapping.py
[2024-06-18T12:55:44.518+0400] {processor.py:840} INFO - DAG(s) 'example_dynamic_task_mapping' retrieved from /home/user/Desktop/airflowproj/py_env/lib/python3.10/site-packages/airflow/example_dags/example_dynamic_task_mapping.py
[2024-06-18T12:55:44.526+0400] {logging_mixin.py:188} INFO - [2024-06-18T12:55:44.525+0400] {dag.py:3096} INFO - Sync 1 DAGs
[2024-06-18T12:55:44.534+0400] {logging_mixin.py:188} INFO - [2024-06-18T12:55:44.534+0400] {dag.py:3954} INFO - Setting next_dagrun for example_dynamic_task_mapping to 2022-03-04 00:00:00+00:00, run_after=2022-03-05 00:00:00+00:00
[2024-06-18T12:55:44.546+0400] {processor.py:183} INFO - Processing /home/user/Desktop/airflowproj/py_env/lib/python3.10/site-packages/airflow/example_dags/example_dynamic_task_mapping.py took 0.042 seconds
[2024-06-18T12:56:42.173+0400] {processor.py:161} INFO - Started process (PID=50293) to work on /home/user/Desktop/airflowproj/py_env/lib/python3.10/site-packages/airflow/example_dags/example_dynamic_task_mapping.py
[2024-06-18T12:56:42.175+0400] {processor.py:830} INFO - Processing file /home/user/Desktop/airflowproj/py_env/lib/python3.10/site-packages/airflow/example_dags/example_dynamic_task_mapping.py for tasks to queue
[2024-06-18T12:56:42.176+0400] {logging_mixin.py:188} INFO - [2024-06-18T12:56:42.176+0400] {dagbag.py:545} INFO - Filling up the DagBag from /home/user/Desktop/airflowproj/py_env/lib/python3.10/site-packages/airflow/example_dags/example_dynamic_task_mapping.py
[2024-06-18T12:56:42.180+0400] {processor.py:840} INFO - DAG(s) 'example_dynamic_task_mapping' retrieved from /home/user/Desktop/airflowproj/py_env/lib/python3.10/site-packages/airflow/example_dags/example_dynamic_task_mapping.py
[2024-06-18T12:56:42.188+0400] {logging_mixin.py:188} INFO - [2024-06-18T12:56:42.188+0400] {dag.py:3096} INFO - Sync 1 DAGs
[2024-06-18T12:56:42.198+0400] {logging_mixin.py:188} INFO - [2024-06-18T12:56:42.198+0400] {dag.py:3954} INFO - Setting next_dagrun for example_dynamic_task_mapping to 2022-03-04 00:00:00+00:00, run_after=2022-03-05 00:00:00+00:00
[2024-06-18T12:56:42.211+0400] {processor.py:183} INFO - Processing /home/user/Desktop/airflowproj/py_env/lib/python3.10/site-packages/airflow/example_dags/example_dynamic_task_mapping.py took 0.043 seconds
[2024-06-18T12:57:42.708+0400] {processor.py:161} INFO - Started process (PID=50554) to work on /home/user/Desktop/airflowproj/py_env/lib/python3.10/site-packages/airflow/example_dags/example_dynamic_task_mapping.py
[2024-06-18T12:57:42.710+0400] {processor.py:830} INFO - Processing file /home/user/Desktop/airflowproj/py_env/lib/python3.10/site-packages/airflow/example_dags/example_dynamic_task_mapping.py for tasks to queue
[2024-06-18T12:57:42.711+0400] {logging_mixin.py:188} INFO - [2024-06-18T12:57:42.711+0400] {dagbag.py:545} INFO - Filling up the DagBag from /home/user/Desktop/airflowproj/py_env/lib/python3.10/site-packages/airflow/example_dags/example_dynamic_task_mapping.py
[2024-06-18T12:57:42.715+0400] {processor.py:840} INFO - DAG(s) 'example_dynamic_task_mapping' retrieved from /home/user/Desktop/airflowproj/py_env/lib/python3.10/site-packages/airflow/example_dags/example_dynamic_task_mapping.py
[2024-06-18T12:57:42.723+0400] {logging_mixin.py:188} INFO - [2024-06-18T12:57:42.723+0400] {dag.py:3096} INFO - Sync 1 DAGs
[2024-06-18T12:57:42.732+0400] {logging_mixin.py:188} INFO - [2024-06-18T12:57:42.732+0400] {dag.py:3954} INFO - Setting next_dagrun for example_dynamic_task_mapping to 2022-03-04 00:00:00+00:00, run_after=2022-03-05 00:00:00+00:00
[2024-06-18T12:57:42.747+0400] {processor.py:183} INFO - Processing /home/user/Desktop/airflowproj/py_env/lib/python3.10/site-packages/airflow/example_dags/example_dynamic_task_mapping.py took 0.044 seconds
[2024-06-18T12:58:39.418+0400] {processor.py:161} INFO - Started process (PID=51059) to work on /home/user/Desktop/airflowproj/py_env/lib/python3.10/site-packages/airflow/example_dags/example_dynamic_task_mapping.py
[2024-06-18T12:58:39.419+0400] {processor.py:830} INFO - Processing file /home/user/Desktop/airflowproj/py_env/lib/python3.10/site-packages/airflow/example_dags/example_dynamic_task_mapping.py for tasks to queue
[2024-06-18T12:58:39.420+0400] {logging_mixin.py:188} INFO - [2024-06-18T12:58:39.420+0400] {dagbag.py:545} INFO - Filling up the DagBag from /home/user/Desktop/airflowproj/py_env/lib/python3.10/site-packages/airflow/example_dags/example_dynamic_task_mapping.py
[2024-06-18T12:58:39.423+0400] {processor.py:840} INFO - DAG(s) 'example_dynamic_task_mapping' retrieved from /home/user/Desktop/airflowproj/py_env/lib/python3.10/site-packages/airflow/example_dags/example_dynamic_task_mapping.py
[2024-06-18T12:58:39.431+0400] {logging_mixin.py:188} INFO - [2024-06-18T12:58:39.431+0400] {dag.py:3096} INFO - Sync 1 DAGs
[2024-06-18T12:58:39.439+0400] {logging_mixin.py:188} INFO - [2024-06-18T12:58:39.439+0400] {dag.py:3954} INFO - Setting next_dagrun for example_dynamic_task_mapping to 2022-03-04 00:00:00+00:00, run_after=2022-03-05 00:00:00+00:00
[2024-06-18T12:58:39.451+0400] {processor.py:183} INFO - Processing /home/user/Desktop/airflowproj/py_env/lib/python3.10/site-packages/airflow/example_dags/example_dynamic_task_mapping.py took 0.036 seconds
[2024-06-18T12:59:39.167+0400] {processor.py:161} INFO - Started process (PID=51433) to work on /home/user/Desktop/airflowproj/py_env/lib/python3.10/site-packages/airflow/example_dags/example_dynamic_task_mapping.py
[2024-06-18T12:59:39.170+0400] {processor.py:830} INFO - Processing file /home/user/Desktop/airflowproj/py_env/lib/python3.10/site-packages/airflow/example_dags/example_dynamic_task_mapping.py for tasks to queue
[2024-06-18T12:59:39.173+0400] {logging_mixin.py:188} INFO - [2024-06-18T12:59:39.172+0400] {dagbag.py:545} INFO - Filling up the DagBag from /home/user/Desktop/airflowproj/py_env/lib/python3.10/site-packages/airflow/example_dags/example_dynamic_task_mapping.py
[2024-06-18T12:59:39.179+0400] {processor.py:840} INFO - DAG(s) 'example_dynamic_task_mapping' retrieved from /home/user/Desktop/airflowproj/py_env/lib/python3.10/site-packages/airflow/example_dags/example_dynamic_task_mapping.py
[2024-06-18T12:59:39.190+0400] {logging_mixin.py:188} INFO - [2024-06-18T12:59:39.190+0400] {dag.py:3096} INFO - Sync 1 DAGs
[2024-06-18T12:59:39.201+0400] {logging_mixin.py:188} INFO - [2024-06-18T12:59:39.200+0400] {dag.py:3954} INFO - Setting next_dagrun for example_dynamic_task_mapping to 2022-03-04 00:00:00+00:00, run_after=2022-03-05 00:00:00+00:00
[2024-06-18T12:59:39.213+0400] {processor.py:183} INFO - Processing /home/user/Desktop/airflowproj/py_env/lib/python3.10/site-packages/airflow/example_dags/example_dynamic_task_mapping.py took 0.049 seconds
[2024-06-18T13:00:32.357+0400] {processor.py:161} INFO - Started process (PID=51783) to work on /home/user/Desktop/airflowproj/py_env/lib/python3.10/site-packages/airflow/example_dags/example_dynamic_task_mapping.py
[2024-06-18T13:00:32.358+0400] {processor.py:830} INFO - Processing file /home/user/Desktop/airflowproj/py_env/lib/python3.10/site-packages/airflow/example_dags/example_dynamic_task_mapping.py for tasks to queue
[2024-06-18T13:00:32.360+0400] {logging_mixin.py:188} INFO - [2024-06-18T13:00:32.359+0400] {dagbag.py:545} INFO - Filling up the DagBag from /home/user/Desktop/airflowproj/py_env/lib/python3.10/site-packages/airflow/example_dags/example_dynamic_task_mapping.py
[2024-06-18T13:00:32.366+0400] {processor.py:840} INFO - DAG(s) 'example_dynamic_task_mapping' retrieved from /home/user/Desktop/airflowproj/py_env/lib/python3.10/site-packages/airflow/example_dags/example_dynamic_task_mapping.py
[2024-06-18T13:00:32.381+0400] {logging_mixin.py:188} INFO - [2024-06-18T13:00:32.380+0400] {dag.py:3096} INFO - Sync 1 DAGs
[2024-06-18T13:00:32.395+0400] {logging_mixin.py:188} INFO - [2024-06-18T13:00:32.394+0400] {dag.py:3954} INFO - Setting next_dagrun for example_dynamic_task_mapping to 2022-03-04 00:00:00+00:00, run_after=2022-03-05 00:00:00+00:00
[2024-06-18T13:00:32.414+0400] {processor.py:183} INFO - Processing /home/user/Desktop/airflowproj/py_env/lib/python3.10/site-packages/airflow/example_dags/example_dynamic_task_mapping.py took 0.061 seconds
[2024-06-18T13:01:32.293+0400] {processor.py:161} INFO - Started process (PID=52135) to work on /home/user/Desktop/airflowproj/py_env/lib/python3.10/site-packages/airflow/example_dags/example_dynamic_task_mapping.py
[2024-06-18T13:01:32.295+0400] {processor.py:830} INFO - Processing file /home/user/Desktop/airflowproj/py_env/lib/python3.10/site-packages/airflow/example_dags/example_dynamic_task_mapping.py for tasks to queue
[2024-06-18T13:01:32.296+0400] {logging_mixin.py:188} INFO - [2024-06-18T13:01:32.296+0400] {dagbag.py:545} INFO - Filling up the DagBag from /home/user/Desktop/airflowproj/py_env/lib/python3.10/site-packages/airflow/example_dags/example_dynamic_task_mapping.py
[2024-06-18T13:01:32.301+0400] {processor.py:840} INFO - DAG(s) 'example_dynamic_task_mapping' retrieved from /home/user/Desktop/airflowproj/py_env/lib/python3.10/site-packages/airflow/example_dags/example_dynamic_task_mapping.py
[2024-06-18T13:01:32.310+0400] {logging_mixin.py:188} INFO - [2024-06-18T13:01:32.310+0400] {dag.py:3096} INFO - Sync 1 DAGs
[2024-06-18T13:01:32.320+0400] {logging_mixin.py:188} INFO - [2024-06-18T13:01:32.319+0400] {dag.py:3954} INFO - Setting next_dagrun for example_dynamic_task_mapping to 2022-03-04 00:00:00+00:00, run_after=2022-03-05 00:00:00+00:00
[2024-06-18T13:01:32.333+0400] {processor.py:183} INFO - Processing /home/user/Desktop/airflowproj/py_env/lib/python3.10/site-packages/airflow/example_dags/example_dynamic_task_mapping.py took 0.043 seconds
[2024-06-18T13:02:32.882+0400] {processor.py:161} INFO - Started process (PID=52907) to work on /home/user/Desktop/airflowproj/py_env/lib/python3.10/site-packages/airflow/example_dags/example_dynamic_task_mapping.py
[2024-06-18T13:02:32.884+0400] {processor.py:830} INFO - Processing file /home/user/Desktop/airflowproj/py_env/lib/python3.10/site-packages/airflow/example_dags/example_dynamic_task_mapping.py for tasks to queue
[2024-06-18T13:02:32.886+0400] {logging_mixin.py:188} INFO - [2024-06-18T13:02:32.885+0400] {dagbag.py:545} INFO - Filling up the DagBag from /home/user/Desktop/airflowproj/py_env/lib/python3.10/site-packages/airflow/example_dags/example_dynamic_task_mapping.py
[2024-06-18T13:02:32.893+0400] {processor.py:840} INFO - DAG(s) 'example_dynamic_task_mapping' retrieved from /home/user/Desktop/airflowproj/py_env/lib/python3.10/site-packages/airflow/example_dags/example_dynamic_task_mapping.py
[2024-06-18T13:02:32.903+0400] {logging_mixin.py:188} INFO - [2024-06-18T13:02:32.903+0400] {dag.py:3096} INFO - Sync 1 DAGs
[2024-06-18T13:02:32.913+0400] {logging_mixin.py:188} INFO - [2024-06-18T13:02:32.913+0400] {dag.py:3954} INFO - Setting next_dagrun for example_dynamic_task_mapping to 2022-03-04 00:00:00+00:00, run_after=2022-03-05 00:00:00+00:00
[2024-06-18T13:02:32.926+0400] {processor.py:183} INFO - Processing /home/user/Desktop/airflowproj/py_env/lib/python3.10/site-packages/airflow/example_dags/example_dynamic_task_mapping.py took 0.050 seconds
[2024-06-18T13:03:31.798+0400] {processor.py:161} INFO - Started process (PID=53130) to work on /home/user/Desktop/airflowproj/py_env/lib/python3.10/site-packages/airflow/example_dags/example_dynamic_task_mapping.py
[2024-06-18T13:03:31.801+0400] {processor.py:830} INFO - Processing file /home/user/Desktop/airflowproj/py_env/lib/python3.10/site-packages/airflow/example_dags/example_dynamic_task_mapping.py for tasks to queue
[2024-06-18T13:03:31.802+0400] {logging_mixin.py:188} INFO - [2024-06-18T13:03:31.801+0400] {dagbag.py:545} INFO - Filling up the DagBag from /home/user/Desktop/airflowproj/py_env/lib/python3.10/site-packages/airflow/example_dags/example_dynamic_task_mapping.py
[2024-06-18T13:03:31.805+0400] {processor.py:840} INFO - DAG(s) 'example_dynamic_task_mapping' retrieved from /home/user/Desktop/airflowproj/py_env/lib/python3.10/site-packages/airflow/example_dags/example_dynamic_task_mapping.py
[2024-06-18T13:03:31.813+0400] {logging_mixin.py:188} INFO - [2024-06-18T13:03:31.813+0400] {dag.py:3096} INFO - Sync 1 DAGs
[2024-06-18T13:03:31.822+0400] {logging_mixin.py:188} INFO - [2024-06-18T13:03:31.822+0400] {dag.py:3954} INFO - Setting next_dagrun for example_dynamic_task_mapping to 2022-03-04 00:00:00+00:00, run_after=2022-03-05 00:00:00+00:00
[2024-06-18T13:03:31.836+0400] {processor.py:183} INFO - Processing /home/user/Desktop/airflowproj/py_env/lib/python3.10/site-packages/airflow/example_dags/example_dynamic_task_mapping.py took 0.044 seconds
[2024-06-18T13:04:28.145+0400] {processor.py:161} INFO - Started process (PID=53316) to work on /home/user/Desktop/airflowproj/py_env/lib/python3.10/site-packages/airflow/example_dags/example_dynamic_task_mapping.py
[2024-06-18T13:04:28.148+0400] {processor.py:830} INFO - Processing file /home/user/Desktop/airflowproj/py_env/lib/python3.10/site-packages/airflow/example_dags/example_dynamic_task_mapping.py for tasks to queue
[2024-06-18T13:04:28.149+0400] {logging_mixin.py:188} INFO - [2024-06-18T13:04:28.148+0400] {dagbag.py:545} INFO - Filling up the DagBag from /home/user/Desktop/airflowproj/py_env/lib/python3.10/site-packages/airflow/example_dags/example_dynamic_task_mapping.py
[2024-06-18T13:04:28.153+0400] {processor.py:840} INFO - DAG(s) 'example_dynamic_task_mapping' retrieved from /home/user/Desktop/airflowproj/py_env/lib/python3.10/site-packages/airflow/example_dags/example_dynamic_task_mapping.py
[2024-06-18T13:04:28.162+0400] {logging_mixin.py:188} INFO - [2024-06-18T13:04:28.162+0400] {dag.py:3096} INFO - Sync 1 DAGs
[2024-06-18T13:04:28.172+0400] {logging_mixin.py:188} INFO - [2024-06-18T13:04:28.172+0400] {dag.py:3954} INFO - Setting next_dagrun for example_dynamic_task_mapping to 2022-03-04 00:00:00+00:00, run_after=2022-03-05 00:00:00+00:00
[2024-06-18T13:04:28.186+0400] {processor.py:183} INFO - Processing /home/user/Desktop/airflowproj/py_env/lib/python3.10/site-packages/airflow/example_dags/example_dynamic_task_mapping.py took 0.044 seconds
[2024-06-18T13:05:25.011+0400] {processor.py:161} INFO - Started process (PID=53581) to work on /home/user/Desktop/airflowproj/py_env/lib/python3.10/site-packages/airflow/example_dags/example_dynamic_task_mapping.py
[2024-06-18T13:05:25.013+0400] {processor.py:830} INFO - Processing file /home/user/Desktop/airflowproj/py_env/lib/python3.10/site-packages/airflow/example_dags/example_dynamic_task_mapping.py for tasks to queue
[2024-06-18T13:05:25.014+0400] {logging_mixin.py:188} INFO - [2024-06-18T13:05:25.014+0400] {dagbag.py:545} INFO - Filling up the DagBag from /home/user/Desktop/airflowproj/py_env/lib/python3.10/site-packages/airflow/example_dags/example_dynamic_task_mapping.py
[2024-06-18T13:05:25.019+0400] {processor.py:840} INFO - DAG(s) 'example_dynamic_task_mapping' retrieved from /home/user/Desktop/airflowproj/py_env/lib/python3.10/site-packages/airflow/example_dags/example_dynamic_task_mapping.py
[2024-06-18T13:05:25.026+0400] {logging_mixin.py:188} INFO - [2024-06-18T13:05:25.025+0400] {dag.py:3096} INFO - Sync 1 DAGs
[2024-06-18T13:05:25.034+0400] {logging_mixin.py:188} INFO - [2024-06-18T13:05:25.034+0400] {dag.py:3954} INFO - Setting next_dagrun for example_dynamic_task_mapping to 2022-03-04 00:00:00+00:00, run_after=2022-03-05 00:00:00+00:00
[2024-06-18T13:05:25.047+0400] {processor.py:183} INFO - Processing /home/user/Desktop/airflowproj/py_env/lib/python3.10/site-packages/airflow/example_dags/example_dynamic_task_mapping.py took 0.041 seconds
[2024-06-18T13:06:23.075+0400] {processor.py:161} INFO - Started process (PID=53789) to work on /home/user/Desktop/airflowproj/py_env/lib/python3.10/site-packages/airflow/example_dags/example_dynamic_task_mapping.py
[2024-06-18T13:06:23.076+0400] {processor.py:830} INFO - Processing file /home/user/Desktop/airflowproj/py_env/lib/python3.10/site-packages/airflow/example_dags/example_dynamic_task_mapping.py for tasks to queue
[2024-06-18T13:06:23.077+0400] {logging_mixin.py:188} INFO - [2024-06-18T13:06:23.077+0400] {dagbag.py:545} INFO - Filling up the DagBag from /home/user/Desktop/airflowproj/py_env/lib/python3.10/site-packages/airflow/example_dags/example_dynamic_task_mapping.py
[2024-06-18T13:06:23.080+0400] {processor.py:840} INFO - DAG(s) 'example_dynamic_task_mapping' retrieved from /home/user/Desktop/airflowproj/py_env/lib/python3.10/site-packages/airflow/example_dags/example_dynamic_task_mapping.py
[2024-06-18T13:06:23.088+0400] {logging_mixin.py:188} INFO - [2024-06-18T13:06:23.087+0400] {dag.py:3096} INFO - Sync 1 DAGs
[2024-06-18T13:06:23.096+0400] {logging_mixin.py:188} INFO - [2024-06-18T13:06:23.096+0400] {dag.py:3954} INFO - Setting next_dagrun for example_dynamic_task_mapping to 2022-03-04 00:00:00+00:00, run_after=2022-03-05 00:00:00+00:00
[2024-06-18T13:06:23.110+0400] {processor.py:183} INFO - Processing /home/user/Desktop/airflowproj/py_env/lib/python3.10/site-packages/airflow/example_dags/example_dynamic_task_mapping.py took 0.038 seconds
[2024-06-18T13:07:24.729+0400] {processor.py:161} INFO - Started process (PID=53999) to work on /home/user/Desktop/airflowproj/py_env/lib/python3.10/site-packages/airflow/example_dags/example_dynamic_task_mapping.py
[2024-06-18T13:07:24.732+0400] {processor.py:830} INFO - Processing file /home/user/Desktop/airflowproj/py_env/lib/python3.10/site-packages/airflow/example_dags/example_dynamic_task_mapping.py for tasks to queue
[2024-06-18T13:07:24.733+0400] {logging_mixin.py:188} INFO - [2024-06-18T13:07:24.733+0400] {dagbag.py:545} INFO - Filling up the DagBag from /home/user/Desktop/airflowproj/py_env/lib/python3.10/site-packages/airflow/example_dags/example_dynamic_task_mapping.py
[2024-06-18T13:07:24.739+0400] {processor.py:840} INFO - DAG(s) 'example_dynamic_task_mapping' retrieved from /home/user/Desktop/airflowproj/py_env/lib/python3.10/site-packages/airflow/example_dags/example_dynamic_task_mapping.py
[2024-06-18T13:07:24.745+0400] {logging_mixin.py:188} INFO - [2024-06-18T13:07:24.745+0400] {dag.py:3096} INFO - Sync 1 DAGs
[2024-06-18T13:07:24.754+0400] {logging_mixin.py:188} INFO - [2024-06-18T13:07:24.754+0400] {dag.py:3954} INFO - Setting next_dagrun for example_dynamic_task_mapping to 2022-03-04 00:00:00+00:00, run_after=2022-03-05 00:00:00+00:00
[2024-06-18T13:07:24.765+0400] {processor.py:183} INFO - Processing /home/user/Desktop/airflowproj/py_env/lib/python3.10/site-packages/airflow/example_dags/example_dynamic_task_mapping.py took 0.040 seconds
[2024-06-18T13:08:27.564+0400] {processor.py:161} INFO - Started process (PID=54242) to work on /home/user/Desktop/airflowproj/py_env/lib/python3.10/site-packages/airflow/example_dags/example_dynamic_task_mapping.py
[2024-06-18T13:08:27.566+0400] {processor.py:830} INFO - Processing file /home/user/Desktop/airflowproj/py_env/lib/python3.10/site-packages/airflow/example_dags/example_dynamic_task_mapping.py for tasks to queue
[2024-06-18T13:08:27.567+0400] {logging_mixin.py:188} INFO - [2024-06-18T13:08:27.567+0400] {dagbag.py:545} INFO - Filling up the DagBag from /home/user/Desktop/airflowproj/py_env/lib/python3.10/site-packages/airflow/example_dags/example_dynamic_task_mapping.py
[2024-06-18T13:08:27.571+0400] {processor.py:840} INFO - DAG(s) 'example_dynamic_task_mapping' retrieved from /home/user/Desktop/airflowproj/py_env/lib/python3.10/site-packages/airflow/example_dags/example_dynamic_task_mapping.py
[2024-06-18T13:08:27.579+0400] {logging_mixin.py:188} INFO - [2024-06-18T13:08:27.579+0400] {dag.py:3096} INFO - Sync 1 DAGs
[2024-06-18T13:08:27.588+0400] {logging_mixin.py:188} INFO - [2024-06-18T13:08:27.588+0400] {dag.py:3954} INFO - Setting next_dagrun for example_dynamic_task_mapping to 2022-03-04 00:00:00+00:00, run_after=2022-03-05 00:00:00+00:00
[2024-06-18T13:08:27.601+0400] {processor.py:183} INFO - Processing /home/user/Desktop/airflowproj/py_env/lib/python3.10/site-packages/airflow/example_dags/example_dynamic_task_mapping.py took 0.042 seconds
[2024-06-18T13:09:24.384+0400] {processor.py:161} INFO - Started process (PID=54504) to work on /home/user/Desktop/airflowproj/py_env/lib/python3.10/site-packages/airflow/example_dags/example_dynamic_task_mapping.py
[2024-06-18T13:09:24.386+0400] {processor.py:830} INFO - Processing file /home/user/Desktop/airflowproj/py_env/lib/python3.10/site-packages/airflow/example_dags/example_dynamic_task_mapping.py for tasks to queue
[2024-06-18T13:09:24.387+0400] {logging_mixin.py:188} INFO - [2024-06-18T13:09:24.387+0400] {dagbag.py:545} INFO - Filling up the DagBag from /home/user/Desktop/airflowproj/py_env/lib/python3.10/site-packages/airflow/example_dags/example_dynamic_task_mapping.py
[2024-06-18T13:09:24.392+0400] {processor.py:840} INFO - DAG(s) 'example_dynamic_task_mapping' retrieved from /home/user/Desktop/airflowproj/py_env/lib/python3.10/site-packages/airflow/example_dags/example_dynamic_task_mapping.py
[2024-06-18T13:09:24.399+0400] {logging_mixin.py:188} INFO - [2024-06-18T13:09:24.399+0400] {dag.py:3096} INFO - Sync 1 DAGs
[2024-06-18T13:09:24.408+0400] {logging_mixin.py:188} INFO - [2024-06-18T13:09:24.408+0400] {dag.py:3954} INFO - Setting next_dagrun for example_dynamic_task_mapping to 2022-03-04 00:00:00+00:00, run_after=2022-03-05 00:00:00+00:00
[2024-06-18T13:09:24.421+0400] {processor.py:183} INFO - Processing /home/user/Desktop/airflowproj/py_env/lib/python3.10/site-packages/airflow/example_dags/example_dynamic_task_mapping.py took 0.041 seconds
[2024-06-18T13:10:24.706+0400] {processor.py:161} INFO - Started process (PID=54711) to work on /home/user/Desktop/airflowproj/py_env/lib/python3.10/site-packages/airflow/example_dags/example_dynamic_task_mapping.py
[2024-06-18T13:10:24.708+0400] {processor.py:830} INFO - Processing file /home/user/Desktop/airflowproj/py_env/lib/python3.10/site-packages/airflow/example_dags/example_dynamic_task_mapping.py for tasks to queue
[2024-06-18T13:10:24.709+0400] {logging_mixin.py:188} INFO - [2024-06-18T13:10:24.709+0400] {dagbag.py:545} INFO - Filling up the DagBag from /home/user/Desktop/airflowproj/py_env/lib/python3.10/site-packages/airflow/example_dags/example_dynamic_task_mapping.py
[2024-06-18T13:10:24.713+0400] {processor.py:840} INFO - DAG(s) 'example_dynamic_task_mapping' retrieved from /home/user/Desktop/airflowproj/py_env/lib/python3.10/site-packages/airflow/example_dags/example_dynamic_task_mapping.py
[2024-06-18T13:10:24.719+0400] {logging_mixin.py:188} INFO - [2024-06-18T13:10:24.719+0400] {dag.py:3096} INFO - Sync 1 DAGs
[2024-06-18T13:10:24.728+0400] {logging_mixin.py:188} INFO - [2024-06-18T13:10:24.728+0400] {dag.py:3954} INFO - Setting next_dagrun for example_dynamic_task_mapping to 2022-03-04 00:00:00+00:00, run_after=2022-03-05 00:00:00+00:00
[2024-06-18T13:10:24.741+0400] {processor.py:183} INFO - Processing /home/user/Desktop/airflowproj/py_env/lib/python3.10/site-packages/airflow/example_dags/example_dynamic_task_mapping.py took 0.040 seconds
[2024-06-18T13:11:26.303+0400] {processor.py:161} INFO - Started process (PID=54919) to work on /home/user/Desktop/airflowproj/py_env/lib/python3.10/site-packages/airflow/example_dags/example_dynamic_task_mapping.py
[2024-06-18T13:11:26.305+0400] {processor.py:830} INFO - Processing file /home/user/Desktop/airflowproj/py_env/lib/python3.10/site-packages/airflow/example_dags/example_dynamic_task_mapping.py for tasks to queue
[2024-06-18T13:11:26.307+0400] {logging_mixin.py:188} INFO - [2024-06-18T13:11:26.306+0400] {dagbag.py:545} INFO - Filling up the DagBag from /home/user/Desktop/airflowproj/py_env/lib/python3.10/site-packages/airflow/example_dags/example_dynamic_task_mapping.py
[2024-06-18T13:11:26.311+0400] {processor.py:840} INFO - DAG(s) 'example_dynamic_task_mapping' retrieved from /home/user/Desktop/airflowproj/py_env/lib/python3.10/site-packages/airflow/example_dags/example_dynamic_task_mapping.py
[2024-06-18T13:11:26.318+0400] {logging_mixin.py:188} INFO - [2024-06-18T13:11:26.318+0400] {dag.py:3096} INFO - Sync 1 DAGs
[2024-06-18T13:11:26.327+0400] {logging_mixin.py:188} INFO - [2024-06-18T13:11:26.327+0400] {dag.py:3954} INFO - Setting next_dagrun for example_dynamic_task_mapping to 2022-03-04 00:00:00+00:00, run_after=2022-03-05 00:00:00+00:00
[2024-06-18T13:11:26.341+0400] {processor.py:183} INFO - Processing /home/user/Desktop/airflowproj/py_env/lib/python3.10/site-packages/airflow/example_dags/example_dynamic_task_mapping.py took 0.043 seconds
[2024-06-18T13:12:23.716+0400] {processor.py:161} INFO - Started process (PID=55103) to work on /home/user/Desktop/airflowproj/py_env/lib/python3.10/site-packages/airflow/example_dags/example_dynamic_task_mapping.py
[2024-06-18T13:12:23.718+0400] {processor.py:830} INFO - Processing file /home/user/Desktop/airflowproj/py_env/lib/python3.10/site-packages/airflow/example_dags/example_dynamic_task_mapping.py for tasks to queue
[2024-06-18T13:12:23.720+0400] {logging_mixin.py:188} INFO - [2024-06-18T13:12:23.719+0400] {dagbag.py:545} INFO - Filling up the DagBag from /home/user/Desktop/airflowproj/py_env/lib/python3.10/site-packages/airflow/example_dags/example_dynamic_task_mapping.py
[2024-06-18T13:12:23.724+0400] {processor.py:840} INFO - DAG(s) 'example_dynamic_task_mapping' retrieved from /home/user/Desktop/airflowproj/py_env/lib/python3.10/site-packages/airflow/example_dags/example_dynamic_task_mapping.py
[2024-06-18T13:12:23.731+0400] {logging_mixin.py:188} INFO - [2024-06-18T13:12:23.731+0400] {dag.py:3096} INFO - Sync 1 DAGs
[2024-06-18T13:12:23.740+0400] {logging_mixin.py:188} INFO - [2024-06-18T13:12:23.740+0400] {dag.py:3954} INFO - Setting next_dagrun for example_dynamic_task_mapping to 2022-03-04 00:00:00+00:00, run_after=2022-03-05 00:00:00+00:00
[2024-06-18T13:12:23.753+0400] {processor.py:183} INFO - Processing /home/user/Desktop/airflowproj/py_env/lib/python3.10/site-packages/airflow/example_dags/example_dynamic_task_mapping.py took 0.041 seconds
[2024-06-18T13:13:23.444+0400] {processor.py:161} INFO - Started process (PID=55343) to work on /home/user/Desktop/airflowproj/py_env/lib/python3.10/site-packages/airflow/example_dags/example_dynamic_task_mapping.py
[2024-06-18T13:13:23.445+0400] {processor.py:830} INFO - Processing file /home/user/Desktop/airflowproj/py_env/lib/python3.10/site-packages/airflow/example_dags/example_dynamic_task_mapping.py for tasks to queue
[2024-06-18T13:13:23.445+0400] {logging_mixin.py:188} INFO - [2024-06-18T13:13:23.445+0400] {dagbag.py:545} INFO - Filling up the DagBag from /home/user/Desktop/airflowproj/py_env/lib/python3.10/site-packages/airflow/example_dags/example_dynamic_task_mapping.py
[2024-06-18T13:13:23.449+0400] {processor.py:840} INFO - DAG(s) 'example_dynamic_task_mapping' retrieved from /home/user/Desktop/airflowproj/py_env/lib/python3.10/site-packages/airflow/example_dags/example_dynamic_task_mapping.py
[2024-06-18T13:13:23.456+0400] {logging_mixin.py:188} INFO - [2024-06-18T13:13:23.456+0400] {dag.py:3096} INFO - Sync 1 DAGs
[2024-06-18T13:13:23.465+0400] {logging_mixin.py:188} INFO - [2024-06-18T13:13:23.464+0400] {dag.py:3954} INFO - Setting next_dagrun for example_dynamic_task_mapping to 2022-03-04 00:00:00+00:00, run_after=2022-03-05 00:00:00+00:00
[2024-06-18T13:13:23.477+0400] {processor.py:183} INFO - Processing /home/user/Desktop/airflowproj/py_env/lib/python3.10/site-packages/airflow/example_dags/example_dynamic_task_mapping.py took 0.037 seconds
[2024-06-18T13:14:24.674+0400] {processor.py:161} INFO - Started process (PID=55557) to work on /home/user/Desktop/airflowproj/py_env/lib/python3.10/site-packages/airflow/example_dags/example_dynamic_task_mapping.py
[2024-06-18T13:14:24.676+0400] {processor.py:830} INFO - Processing file /home/user/Desktop/airflowproj/py_env/lib/python3.10/site-packages/airflow/example_dags/example_dynamic_task_mapping.py for tasks to queue
[2024-06-18T13:14:24.677+0400] {logging_mixin.py:188} INFO - [2024-06-18T13:14:24.677+0400] {dagbag.py:545} INFO - Filling up the DagBag from /home/user/Desktop/airflowproj/py_env/lib/python3.10/site-packages/airflow/example_dags/example_dynamic_task_mapping.py
[2024-06-18T13:14:24.680+0400] {processor.py:840} INFO - DAG(s) 'example_dynamic_task_mapping' retrieved from /home/user/Desktop/airflowproj/py_env/lib/python3.10/site-packages/airflow/example_dags/example_dynamic_task_mapping.py
[2024-06-18T13:14:24.687+0400] {logging_mixin.py:188} INFO - [2024-06-18T13:14:24.687+0400] {dag.py:3096} INFO - Sync 1 DAGs
[2024-06-18T13:14:24.696+0400] {logging_mixin.py:188} INFO - [2024-06-18T13:14:24.696+0400] {dag.py:3954} INFO - Setting next_dagrun for example_dynamic_task_mapping to 2022-03-04 00:00:00+00:00, run_after=2022-03-05 00:00:00+00:00
[2024-06-18T13:14:24.709+0400] {processor.py:183} INFO - Processing /home/user/Desktop/airflowproj/py_env/lib/python3.10/site-packages/airflow/example_dags/example_dynamic_task_mapping.py took 0.039 seconds
[2024-06-18T13:15:21.127+0400] {processor.py:161} INFO - Started process (PID=55761) to work on /home/user/Desktop/airflowproj/py_env/lib/python3.10/site-packages/airflow/example_dags/example_dynamic_task_mapping.py
[2024-06-18T13:15:21.130+0400] {processor.py:830} INFO - Processing file /home/user/Desktop/airflowproj/py_env/lib/python3.10/site-packages/airflow/example_dags/example_dynamic_task_mapping.py for tasks to queue
[2024-06-18T13:15:21.132+0400] {logging_mixin.py:188} INFO - [2024-06-18T13:15:21.131+0400] {dagbag.py:545} INFO - Filling up the DagBag from /home/user/Desktop/airflowproj/py_env/lib/python3.10/site-packages/airflow/example_dags/example_dynamic_task_mapping.py
[2024-06-18T13:15:21.137+0400] {processor.py:840} INFO - DAG(s) 'example_dynamic_task_mapping' retrieved from /home/user/Desktop/airflowproj/py_env/lib/python3.10/site-packages/airflow/example_dags/example_dynamic_task_mapping.py
[2024-06-18T13:15:21.144+0400] {logging_mixin.py:188} INFO - [2024-06-18T13:15:21.144+0400] {dag.py:3096} INFO - Sync 1 DAGs
[2024-06-18T13:15:21.153+0400] {logging_mixin.py:188} INFO - [2024-06-18T13:15:21.153+0400] {dag.py:3954} INFO - Setting next_dagrun for example_dynamic_task_mapping to 2022-03-04 00:00:00+00:00, run_after=2022-03-05 00:00:00+00:00
[2024-06-18T13:15:21.166+0400] {processor.py:183} INFO - Processing /home/user/Desktop/airflowproj/py_env/lib/python3.10/site-packages/airflow/example_dags/example_dynamic_task_mapping.py took 0.044 seconds
[2024-06-18T13:16:23.420+0400] {processor.py:161} INFO - Started process (PID=55970) to work on /home/user/Desktop/airflowproj/py_env/lib/python3.10/site-packages/airflow/example_dags/example_dynamic_task_mapping.py
[2024-06-18T13:16:23.422+0400] {processor.py:830} INFO - Processing file /home/user/Desktop/airflowproj/py_env/lib/python3.10/site-packages/airflow/example_dags/example_dynamic_task_mapping.py for tasks to queue
[2024-06-18T13:16:23.424+0400] {logging_mixin.py:188} INFO - [2024-06-18T13:16:23.423+0400] {dagbag.py:545} INFO - Filling up the DagBag from /home/user/Desktop/airflowproj/py_env/lib/python3.10/site-packages/airflow/example_dags/example_dynamic_task_mapping.py
[2024-06-18T13:16:23.427+0400] {processor.py:840} INFO - DAG(s) 'example_dynamic_task_mapping' retrieved from /home/user/Desktop/airflowproj/py_env/lib/python3.10/site-packages/airflow/example_dags/example_dynamic_task_mapping.py
[2024-06-18T13:16:23.435+0400] {logging_mixin.py:188} INFO - [2024-06-18T13:16:23.435+0400] {dag.py:3096} INFO - Sync 1 DAGs
[2024-06-18T13:16:23.444+0400] {logging_mixin.py:188} INFO - [2024-06-18T13:16:23.444+0400] {dag.py:3954} INFO - Setting next_dagrun for example_dynamic_task_mapping to 2022-03-04 00:00:00+00:00, run_after=2022-03-05 00:00:00+00:00
[2024-06-18T13:16:23.456+0400] {processor.py:183} INFO - Processing /home/user/Desktop/airflowproj/py_env/lib/python3.10/site-packages/airflow/example_dags/example_dynamic_task_mapping.py took 0.040 seconds
[2024-06-18T13:17:17.166+0400] {processor.py:161} INFO - Started process (PID=56151) to work on /home/user/Desktop/airflowproj/py_env/lib/python3.10/site-packages/airflow/example_dags/example_dynamic_task_mapping.py
[2024-06-18T13:17:17.168+0400] {processor.py:830} INFO - Processing file /home/user/Desktop/airflowproj/py_env/lib/python3.10/site-packages/airflow/example_dags/example_dynamic_task_mapping.py for tasks to queue
[2024-06-18T13:17:17.170+0400] {logging_mixin.py:188} INFO - [2024-06-18T13:17:17.170+0400] {dagbag.py:545} INFO - Filling up the DagBag from /home/user/Desktop/airflowproj/py_env/lib/python3.10/site-packages/airflow/example_dags/example_dynamic_task_mapping.py
[2024-06-18T13:17:17.174+0400] {processor.py:840} INFO - DAG(s) 'example_dynamic_task_mapping' retrieved from /home/user/Desktop/airflowproj/py_env/lib/python3.10/site-packages/airflow/example_dags/example_dynamic_task_mapping.py
[2024-06-18T13:17:17.182+0400] {logging_mixin.py:188} INFO - [2024-06-18T13:17:17.182+0400] {dag.py:3096} INFO - Sync 1 DAGs
[2024-06-18T13:17:17.192+0400] {logging_mixin.py:188} INFO - [2024-06-18T13:17:17.192+0400] {dag.py:3954} INFO - Setting next_dagrun for example_dynamic_task_mapping to 2022-03-04 00:00:00+00:00, run_after=2022-03-05 00:00:00+00:00
[2024-06-18T13:17:17.204+0400] {processor.py:183} INFO - Processing /home/user/Desktop/airflowproj/py_env/lib/python3.10/site-packages/airflow/example_dags/example_dynamic_task_mapping.py took 0.044 seconds
[2024-06-18T13:18:17.601+0400] {processor.py:161} INFO - Started process (PID=56391) to work on /home/user/Desktop/airflowproj/py_env/lib/python3.10/site-packages/airflow/example_dags/example_dynamic_task_mapping.py
[2024-06-18T13:18:17.603+0400] {processor.py:830} INFO - Processing file /home/user/Desktop/airflowproj/py_env/lib/python3.10/site-packages/airflow/example_dags/example_dynamic_task_mapping.py for tasks to queue
[2024-06-18T13:18:17.605+0400] {logging_mixin.py:188} INFO - [2024-06-18T13:18:17.604+0400] {dagbag.py:545} INFO - Filling up the DagBag from /home/user/Desktop/airflowproj/py_env/lib/python3.10/site-packages/airflow/example_dags/example_dynamic_task_mapping.py
[2024-06-18T13:18:17.609+0400] {processor.py:840} INFO - DAG(s) 'example_dynamic_task_mapping' retrieved from /home/user/Desktop/airflowproj/py_env/lib/python3.10/site-packages/airflow/example_dags/example_dynamic_task_mapping.py
[2024-06-18T13:18:17.615+0400] {logging_mixin.py:188} INFO - [2024-06-18T13:18:17.615+0400] {dag.py:3096} INFO - Sync 1 DAGs
[2024-06-18T13:18:17.623+0400] {logging_mixin.py:188} INFO - [2024-06-18T13:18:17.623+0400] {dag.py:3954} INFO - Setting next_dagrun for example_dynamic_task_mapping to 2022-03-04 00:00:00+00:00, run_after=2022-03-05 00:00:00+00:00
[2024-06-18T13:18:17.638+0400] {processor.py:183} INFO - Processing /home/user/Desktop/airflowproj/py_env/lib/python3.10/site-packages/airflow/example_dags/example_dynamic_task_mapping.py took 0.042 seconds
[2024-06-18T13:19:14.219+0400] {processor.py:161} INFO - Started process (PID=56590) to work on /home/user/Desktop/airflowproj/py_env/lib/python3.10/site-packages/airflow/example_dags/example_dynamic_task_mapping.py
[2024-06-18T13:19:14.222+0400] {processor.py:830} INFO - Processing file /home/user/Desktop/airflowproj/py_env/lib/python3.10/site-packages/airflow/example_dags/example_dynamic_task_mapping.py for tasks to queue
[2024-06-18T13:19:14.223+0400] {logging_mixin.py:188} INFO - [2024-06-18T13:19:14.223+0400] {dagbag.py:545} INFO - Filling up the DagBag from /home/user/Desktop/airflowproj/py_env/lib/python3.10/site-packages/airflow/example_dags/example_dynamic_task_mapping.py
[2024-06-18T13:19:14.230+0400] {processor.py:840} INFO - DAG(s) 'example_dynamic_task_mapping' retrieved from /home/user/Desktop/airflowproj/py_env/lib/python3.10/site-packages/airflow/example_dags/example_dynamic_task_mapping.py
[2024-06-18T13:19:14.238+0400] {logging_mixin.py:188} INFO - [2024-06-18T13:19:14.237+0400] {dag.py:3096} INFO - Sync 1 DAGs
[2024-06-18T13:19:14.246+0400] {logging_mixin.py:188} INFO - [2024-06-18T13:19:14.246+0400] {dag.py:3954} INFO - Setting next_dagrun for example_dynamic_task_mapping to 2022-03-04 00:00:00+00:00, run_after=2022-03-05 00:00:00+00:00
[2024-06-18T13:19:14.260+0400] {processor.py:183} INFO - Processing /home/user/Desktop/airflowproj/py_env/lib/python3.10/site-packages/airflow/example_dags/example_dynamic_task_mapping.py took 0.045 seconds
[2024-06-18T13:20:13.053+0400] {processor.py:161} INFO - Started process (PID=56800) to work on /home/user/Desktop/airflowproj/py_env/lib/python3.10/site-packages/airflow/example_dags/example_dynamic_task_mapping.py
[2024-06-18T13:20:13.054+0400] {processor.py:830} INFO - Processing file /home/user/Desktop/airflowproj/py_env/lib/python3.10/site-packages/airflow/example_dags/example_dynamic_task_mapping.py for tasks to queue
[2024-06-18T13:20:13.055+0400] {logging_mixin.py:188} INFO - [2024-06-18T13:20:13.054+0400] {dagbag.py:545} INFO - Filling up the DagBag from /home/user/Desktop/airflowproj/py_env/lib/python3.10/site-packages/airflow/example_dags/example_dynamic_task_mapping.py
[2024-06-18T13:20:13.058+0400] {processor.py:840} INFO - DAG(s) 'example_dynamic_task_mapping' retrieved from /home/user/Desktop/airflowproj/py_env/lib/python3.10/site-packages/airflow/example_dags/example_dynamic_task_mapping.py
[2024-06-18T13:20:13.066+0400] {logging_mixin.py:188} INFO - [2024-06-18T13:20:13.066+0400] {dag.py:3096} INFO - Sync 1 DAGs
[2024-06-18T13:20:13.075+0400] {logging_mixin.py:188} INFO - [2024-06-18T13:20:13.075+0400] {dag.py:3954} INFO - Setting next_dagrun for example_dynamic_task_mapping to 2022-03-04 00:00:00+00:00, run_after=2022-03-05 00:00:00+00:00
[2024-06-18T13:20:13.088+0400] {processor.py:183} INFO - Processing /home/user/Desktop/airflowproj/py_env/lib/python3.10/site-packages/airflow/example_dags/example_dynamic_task_mapping.py took 0.039 seconds
[2024-06-18T13:21:11.415+0400] {processor.py:161} INFO - Started process (PID=57000) to work on /home/user/Desktop/airflowproj/py_env/lib/python3.10/site-packages/airflow/example_dags/example_dynamic_task_mapping.py
[2024-06-18T13:21:11.417+0400] {processor.py:830} INFO - Processing file /home/user/Desktop/airflowproj/py_env/lib/python3.10/site-packages/airflow/example_dags/example_dynamic_task_mapping.py for tasks to queue
[2024-06-18T13:21:11.418+0400] {logging_mixin.py:188} INFO - [2024-06-18T13:21:11.418+0400] {dagbag.py:545} INFO - Filling up the DagBag from /home/user/Desktop/airflowproj/py_env/lib/python3.10/site-packages/airflow/example_dags/example_dynamic_task_mapping.py
[2024-06-18T13:21:11.422+0400] {processor.py:840} INFO - DAG(s) 'example_dynamic_task_mapping' retrieved from /home/user/Desktop/airflowproj/py_env/lib/python3.10/site-packages/airflow/example_dags/example_dynamic_task_mapping.py
[2024-06-18T13:21:11.430+0400] {logging_mixin.py:188} INFO - [2024-06-18T13:21:11.429+0400] {dag.py:3096} INFO - Sync 1 DAGs
[2024-06-18T13:21:11.439+0400] {logging_mixin.py:188} INFO - [2024-06-18T13:21:11.439+0400] {dag.py:3954} INFO - Setting next_dagrun for example_dynamic_task_mapping to 2022-03-04 00:00:00+00:00, run_after=2022-03-05 00:00:00+00:00
[2024-06-18T13:21:11.451+0400] {processor.py:183} INFO - Processing /home/user/Desktop/airflowproj/py_env/lib/python3.10/site-packages/airflow/example_dags/example_dynamic_task_mapping.py took 0.042 seconds
[2024-06-18T13:22:14.073+0400] {processor.py:161} INFO - Started process (PID=57210) to work on /home/user/Desktop/airflowproj/py_env/lib/python3.10/site-packages/airflow/example_dags/example_dynamic_task_mapping.py
[2024-06-18T13:22:14.075+0400] {processor.py:830} INFO - Processing file /home/user/Desktop/airflowproj/py_env/lib/python3.10/site-packages/airflow/example_dags/example_dynamic_task_mapping.py for tasks to queue
[2024-06-18T13:22:14.076+0400] {logging_mixin.py:188} INFO - [2024-06-18T13:22:14.075+0400] {dagbag.py:545} INFO - Filling up the DagBag from /home/user/Desktop/airflowproj/py_env/lib/python3.10/site-packages/airflow/example_dags/example_dynamic_task_mapping.py
[2024-06-18T13:22:14.079+0400] {processor.py:840} INFO - DAG(s) 'example_dynamic_task_mapping' retrieved from /home/user/Desktop/airflowproj/py_env/lib/python3.10/site-packages/airflow/example_dags/example_dynamic_task_mapping.py
[2024-06-18T13:22:14.086+0400] {logging_mixin.py:188} INFO - [2024-06-18T13:22:14.086+0400] {dag.py:3096} INFO - Sync 1 DAGs
[2024-06-18T13:22:14.095+0400] {logging_mixin.py:188} INFO - [2024-06-18T13:22:14.095+0400] {dag.py:3954} INFO - Setting next_dagrun for example_dynamic_task_mapping to 2022-03-04 00:00:00+00:00, run_after=2022-03-05 00:00:00+00:00
[2024-06-18T13:22:14.107+0400] {processor.py:183} INFO - Processing /home/user/Desktop/airflowproj/py_env/lib/python3.10/site-packages/airflow/example_dags/example_dynamic_task_mapping.py took 0.037 seconds
[2024-06-18T13:23:13.157+0400] {processor.py:161} INFO - Started process (PID=57438) to work on /home/user/Desktop/airflowproj/py_env/lib/python3.10/site-packages/airflow/example_dags/example_dynamic_task_mapping.py
[2024-06-18T13:23:13.159+0400] {processor.py:830} INFO - Processing file /home/user/Desktop/airflowproj/py_env/lib/python3.10/site-packages/airflow/example_dags/example_dynamic_task_mapping.py for tasks to queue
[2024-06-18T13:23:13.160+0400] {logging_mixin.py:188} INFO - [2024-06-18T13:23:13.160+0400] {dagbag.py:545} INFO - Filling up the DagBag from /home/user/Desktop/airflowproj/py_env/lib/python3.10/site-packages/airflow/example_dags/example_dynamic_task_mapping.py
[2024-06-18T13:23:13.164+0400] {processor.py:840} INFO - DAG(s) 'example_dynamic_task_mapping' retrieved from /home/user/Desktop/airflowproj/py_env/lib/python3.10/site-packages/airflow/example_dags/example_dynamic_task_mapping.py
[2024-06-18T13:23:13.172+0400] {logging_mixin.py:188} INFO - [2024-06-18T13:23:13.172+0400] {dag.py:3096} INFO - Sync 1 DAGs
[2024-06-18T13:23:13.180+0400] {logging_mixin.py:188} INFO - [2024-06-18T13:23:13.180+0400] {dag.py:3954} INFO - Setting next_dagrun for example_dynamic_task_mapping to 2022-03-04 00:00:00+00:00, run_after=2022-03-05 00:00:00+00:00
[2024-06-18T13:23:13.194+0400] {processor.py:183} INFO - Processing /home/user/Desktop/airflowproj/py_env/lib/python3.10/site-packages/airflow/example_dags/example_dynamic_task_mapping.py took 0.043 seconds
[2024-06-18T13:24:11.450+0400] {processor.py:161} INFO - Started process (PID=57632) to work on /home/user/Desktop/airflowproj/py_env/lib/python3.10/site-packages/airflow/example_dags/example_dynamic_task_mapping.py
[2024-06-18T13:24:11.452+0400] {processor.py:830} INFO - Processing file /home/user/Desktop/airflowproj/py_env/lib/python3.10/site-packages/airflow/example_dags/example_dynamic_task_mapping.py for tasks to queue
[2024-06-18T13:24:11.453+0400] {logging_mixin.py:188} INFO - [2024-06-18T13:24:11.453+0400] {dagbag.py:545} INFO - Filling up the DagBag from /home/user/Desktop/airflowproj/py_env/lib/python3.10/site-packages/airflow/example_dags/example_dynamic_task_mapping.py
[2024-06-18T13:24:11.456+0400] {processor.py:840} INFO - DAG(s) 'example_dynamic_task_mapping' retrieved from /home/user/Desktop/airflowproj/py_env/lib/python3.10/site-packages/airflow/example_dags/example_dynamic_task_mapping.py
[2024-06-18T13:24:11.463+0400] {logging_mixin.py:188} INFO - [2024-06-18T13:24:11.463+0400] {dag.py:3096} INFO - Sync 1 DAGs
[2024-06-18T13:24:11.471+0400] {logging_mixin.py:188} INFO - [2024-06-18T13:24:11.471+0400] {dag.py:3954} INFO - Setting next_dagrun for example_dynamic_task_mapping to 2022-03-04 00:00:00+00:00, run_after=2022-03-05 00:00:00+00:00
[2024-06-18T13:24:11.484+0400] {processor.py:183} INFO - Processing /home/user/Desktop/airflowproj/py_env/lib/python3.10/site-packages/airflow/example_dags/example_dynamic_task_mapping.py took 0.039 seconds
[2024-06-18T13:25:09.138+0400] {processor.py:161} INFO - Started process (PID=57829) to work on /home/user/Desktop/airflowproj/py_env/lib/python3.10/site-packages/airflow/example_dags/example_dynamic_task_mapping.py
[2024-06-18T13:25:09.140+0400] {processor.py:830} INFO - Processing file /home/user/Desktop/airflowproj/py_env/lib/python3.10/site-packages/airflow/example_dags/example_dynamic_task_mapping.py for tasks to queue
[2024-06-18T13:25:09.141+0400] {logging_mixin.py:188} INFO - [2024-06-18T13:25:09.141+0400] {dagbag.py:545} INFO - Filling up the DagBag from /home/user/Desktop/airflowproj/py_env/lib/python3.10/site-packages/airflow/example_dags/example_dynamic_task_mapping.py
[2024-06-18T13:25:09.145+0400] {processor.py:840} INFO - DAG(s) 'example_dynamic_task_mapping' retrieved from /home/user/Desktop/airflowproj/py_env/lib/python3.10/site-packages/airflow/example_dags/example_dynamic_task_mapping.py
[2024-06-18T13:25:09.153+0400] {logging_mixin.py:188} INFO - [2024-06-18T13:25:09.152+0400] {dag.py:3096} INFO - Sync 1 DAGs
[2024-06-18T13:25:09.161+0400] {logging_mixin.py:188} INFO - [2024-06-18T13:25:09.161+0400] {dag.py:3954} INFO - Setting next_dagrun for example_dynamic_task_mapping to 2022-03-04 00:00:00+00:00, run_after=2022-03-05 00:00:00+00:00
[2024-06-18T13:25:09.175+0400] {processor.py:183} INFO - Processing /home/user/Desktop/airflowproj/py_env/lib/python3.10/site-packages/airflow/example_dags/example_dynamic_task_mapping.py took 0.041 seconds
[2024-06-18T13:26:08.010+0400] {processor.py:161} INFO - Started process (PID=58031) to work on /home/user/Desktop/airflowproj/py_env/lib/python3.10/site-packages/airflow/example_dags/example_dynamic_task_mapping.py
[2024-06-18T13:26:08.012+0400] {processor.py:830} INFO - Processing file /home/user/Desktop/airflowproj/py_env/lib/python3.10/site-packages/airflow/example_dags/example_dynamic_task_mapping.py for tasks to queue
[2024-06-18T13:26:08.013+0400] {logging_mixin.py:188} INFO - [2024-06-18T13:26:08.013+0400] {dagbag.py:545} INFO - Filling up the DagBag from /home/user/Desktop/airflowproj/py_env/lib/python3.10/site-packages/airflow/example_dags/example_dynamic_task_mapping.py
[2024-06-18T13:26:08.017+0400] {processor.py:840} INFO - DAG(s) 'example_dynamic_task_mapping' retrieved from /home/user/Desktop/airflowproj/py_env/lib/python3.10/site-packages/airflow/example_dags/example_dynamic_task_mapping.py
[2024-06-18T13:26:08.025+0400] {logging_mixin.py:188} INFO - [2024-06-18T13:26:08.024+0400] {dag.py:3096} INFO - Sync 1 DAGs
[2024-06-18T13:26:08.033+0400] {logging_mixin.py:188} INFO - [2024-06-18T13:26:08.033+0400] {dag.py:3954} INFO - Setting next_dagrun for example_dynamic_task_mapping to 2022-03-04 00:00:00+00:00, run_after=2022-03-05 00:00:00+00:00
[2024-06-18T13:26:08.046+0400] {processor.py:183} INFO - Processing /home/user/Desktop/airflowproj/py_env/lib/python3.10/site-packages/airflow/example_dags/example_dynamic_task_mapping.py took 0.041 seconds
[2024-06-18T13:27:04.155+0400] {processor.py:161} INFO - Started process (PID=58232) to work on /home/user/Desktop/airflowproj/py_env/lib/python3.10/site-packages/airflow/example_dags/example_dynamic_task_mapping.py
[2024-06-18T13:27:04.158+0400] {processor.py:830} INFO - Processing file /home/user/Desktop/airflowproj/py_env/lib/python3.10/site-packages/airflow/example_dags/example_dynamic_task_mapping.py for tasks to queue
[2024-06-18T13:27:04.160+0400] {logging_mixin.py:188} INFO - [2024-06-18T13:27:04.159+0400] {dagbag.py:545} INFO - Filling up the DagBag from /home/user/Desktop/airflowproj/py_env/lib/python3.10/site-packages/airflow/example_dags/example_dynamic_task_mapping.py
[2024-06-18T13:27:04.165+0400] {processor.py:840} INFO - DAG(s) 'example_dynamic_task_mapping' retrieved from /home/user/Desktop/airflowproj/py_env/lib/python3.10/site-packages/airflow/example_dags/example_dynamic_task_mapping.py
[2024-06-18T13:27:04.172+0400] {logging_mixin.py:188} INFO - [2024-06-18T13:27:04.171+0400] {dag.py:3096} INFO - Sync 1 DAGs
[2024-06-18T13:27:04.180+0400] {logging_mixin.py:188} INFO - [2024-06-18T13:27:04.180+0400] {dag.py:3954} INFO - Setting next_dagrun for example_dynamic_task_mapping to 2022-03-04 00:00:00+00:00, run_after=2022-03-05 00:00:00+00:00
[2024-06-18T13:27:04.192+0400] {processor.py:183} INFO - Processing /home/user/Desktop/airflowproj/py_env/lib/python3.10/site-packages/airflow/example_dags/example_dynamic_task_mapping.py took 0.043 seconds
[2024-06-18T13:28:00.047+0400] {processor.py:161} INFO - Started process (PID=58450) to work on /home/user/Desktop/airflowproj/py_env/lib/python3.10/site-packages/airflow/example_dags/example_dynamic_task_mapping.py
[2024-06-18T13:28:00.049+0400] {processor.py:830} INFO - Processing file /home/user/Desktop/airflowproj/py_env/lib/python3.10/site-packages/airflow/example_dags/example_dynamic_task_mapping.py for tasks to queue
[2024-06-18T13:28:00.051+0400] {logging_mixin.py:188} INFO - [2024-06-18T13:28:00.050+0400] {dagbag.py:545} INFO - Filling up the DagBag from /home/user/Desktop/airflowproj/py_env/lib/python3.10/site-packages/airflow/example_dags/example_dynamic_task_mapping.py
[2024-06-18T13:28:00.055+0400] {processor.py:840} INFO - DAG(s) 'example_dynamic_task_mapping' retrieved from /home/user/Desktop/airflowproj/py_env/lib/python3.10/site-packages/airflow/example_dags/example_dynamic_task_mapping.py
[2024-06-18T13:28:00.062+0400] {logging_mixin.py:188} INFO - [2024-06-18T13:28:00.062+0400] {dag.py:3096} INFO - Sync 1 DAGs
[2024-06-18T13:28:00.073+0400] {logging_mixin.py:188} INFO - [2024-06-18T13:28:00.073+0400] {dag.py:3954} INFO - Setting next_dagrun for example_dynamic_task_mapping to 2022-03-04 00:00:00+00:00, run_after=2022-03-05 00:00:00+00:00
[2024-06-18T13:28:00.086+0400] {processor.py:183} INFO - Processing /home/user/Desktop/airflowproj/py_env/lib/python3.10/site-packages/airflow/example_dags/example_dynamic_task_mapping.py took 0.045 seconds
[2024-06-18T13:28:57.752+0400] {processor.py:161} INFO - Started process (PID=58654) to work on /home/user/Desktop/airflowproj/py_env/lib/python3.10/site-packages/airflow/example_dags/example_dynamic_task_mapping.py
[2024-06-18T13:28:57.755+0400] {processor.py:830} INFO - Processing file /home/user/Desktop/airflowproj/py_env/lib/python3.10/site-packages/airflow/example_dags/example_dynamic_task_mapping.py for tasks to queue
[2024-06-18T13:28:57.755+0400] {logging_mixin.py:188} INFO - [2024-06-18T13:28:57.755+0400] {dagbag.py:545} INFO - Filling up the DagBag from /home/user/Desktop/airflowproj/py_env/lib/python3.10/site-packages/airflow/example_dags/example_dynamic_task_mapping.py
[2024-06-18T13:28:57.758+0400] {processor.py:840} INFO - DAG(s) 'example_dynamic_task_mapping' retrieved from /home/user/Desktop/airflowproj/py_env/lib/python3.10/site-packages/airflow/example_dags/example_dynamic_task_mapping.py
[2024-06-18T13:28:57.766+0400] {logging_mixin.py:188} INFO - [2024-06-18T13:28:57.766+0400] {dag.py:3096} INFO - Sync 1 DAGs
[2024-06-18T13:28:57.774+0400] {logging_mixin.py:188} INFO - [2024-06-18T13:28:57.774+0400] {dag.py:3954} INFO - Setting next_dagrun for example_dynamic_task_mapping to 2022-03-04 00:00:00+00:00, run_after=2022-03-05 00:00:00+00:00
[2024-06-18T13:28:57.787+0400] {processor.py:183} INFO - Processing /home/user/Desktop/airflowproj/py_env/lib/python3.10/site-packages/airflow/example_dags/example_dynamic_task_mapping.py took 0.038 seconds
[2024-06-18T13:29:53.103+0400] {processor.py:161} INFO - Started process (PID=58847) to work on /home/user/Desktop/airflowproj/py_env/lib/python3.10/site-packages/airflow/example_dags/example_dynamic_task_mapping.py
[2024-06-18T13:29:53.104+0400] {processor.py:830} INFO - Processing file /home/user/Desktop/airflowproj/py_env/lib/python3.10/site-packages/airflow/example_dags/example_dynamic_task_mapping.py for tasks to queue
[2024-06-18T13:29:53.105+0400] {logging_mixin.py:188} INFO - [2024-06-18T13:29:53.105+0400] {dagbag.py:545} INFO - Filling up the DagBag from /home/user/Desktop/airflowproj/py_env/lib/python3.10/site-packages/airflow/example_dags/example_dynamic_task_mapping.py
[2024-06-18T13:29:53.108+0400] {processor.py:840} INFO - DAG(s) 'example_dynamic_task_mapping' retrieved from /home/user/Desktop/airflowproj/py_env/lib/python3.10/site-packages/airflow/example_dags/example_dynamic_task_mapping.py
[2024-06-18T13:29:53.115+0400] {logging_mixin.py:188} INFO - [2024-06-18T13:29:53.115+0400] {dag.py:3096} INFO - Sync 1 DAGs
[2024-06-18T13:29:53.123+0400] {logging_mixin.py:188} INFO - [2024-06-18T13:29:53.123+0400] {dag.py:3954} INFO - Setting next_dagrun for example_dynamic_task_mapping to 2022-03-04 00:00:00+00:00, run_after=2022-03-05 00:00:00+00:00
[2024-06-18T13:29:53.136+0400] {processor.py:183} INFO - Processing /home/user/Desktop/airflowproj/py_env/lib/python3.10/site-packages/airflow/example_dags/example_dynamic_task_mapping.py took 0.037 seconds
[2024-06-18T13:30:54.613+0400] {processor.py:161} INFO - Started process (PID=59131) to work on /home/user/Desktop/airflowproj/py_env/lib/python3.10/site-packages/airflow/example_dags/example_dynamic_task_mapping.py
[2024-06-18T13:30:54.616+0400] {processor.py:830} INFO - Processing file /home/user/Desktop/airflowproj/py_env/lib/python3.10/site-packages/airflow/example_dags/example_dynamic_task_mapping.py for tasks to queue
[2024-06-18T13:30:54.617+0400] {logging_mixin.py:188} INFO - [2024-06-18T13:30:54.617+0400] {dagbag.py:545} INFO - Filling up the DagBag from /home/user/Desktop/airflowproj/py_env/lib/python3.10/site-packages/airflow/example_dags/example_dynamic_task_mapping.py
[2024-06-18T13:30:54.620+0400] {processor.py:840} INFO - DAG(s) 'example_dynamic_task_mapping' retrieved from /home/user/Desktop/airflowproj/py_env/lib/python3.10/site-packages/airflow/example_dags/example_dynamic_task_mapping.py
[2024-06-18T13:30:54.628+0400] {logging_mixin.py:188} INFO - [2024-06-18T13:30:54.628+0400] {dag.py:3096} INFO - Sync 1 DAGs
[2024-06-18T13:30:54.637+0400] {logging_mixin.py:188} INFO - [2024-06-18T13:30:54.637+0400] {dag.py:3954} INFO - Setting next_dagrun for example_dynamic_task_mapping to 2022-03-04 00:00:00+00:00, run_after=2022-03-05 00:00:00+00:00
[2024-06-18T13:30:54.650+0400] {processor.py:183} INFO - Processing /home/user/Desktop/airflowproj/py_env/lib/python3.10/site-packages/airflow/example_dags/example_dynamic_task_mapping.py took 0.041 seconds
[2024-06-18T13:31:57.971+0400] {processor.py:161} INFO - Started process (PID=59540) to work on /home/user/Desktop/airflowproj/py_env/lib/python3.10/site-packages/airflow/example_dags/example_dynamic_task_mapping.py
[2024-06-18T13:31:57.973+0400] {processor.py:830} INFO - Processing file /home/user/Desktop/airflowproj/py_env/lib/python3.10/site-packages/airflow/example_dags/example_dynamic_task_mapping.py for tasks to queue
[2024-06-18T13:31:57.974+0400] {logging_mixin.py:188} INFO - [2024-06-18T13:31:57.974+0400] {dagbag.py:545} INFO - Filling up the DagBag from /home/user/Desktop/airflowproj/py_env/lib/python3.10/site-packages/airflow/example_dags/example_dynamic_task_mapping.py
[2024-06-18T13:31:57.977+0400] {processor.py:840} INFO - DAG(s) 'example_dynamic_task_mapping' retrieved from /home/user/Desktop/airflowproj/py_env/lib/python3.10/site-packages/airflow/example_dags/example_dynamic_task_mapping.py
[2024-06-18T13:31:57.988+0400] {logging_mixin.py:188} INFO - [2024-06-18T13:31:57.988+0400] {dag.py:3096} INFO - Sync 1 DAGs
[2024-06-18T13:31:57.999+0400] {logging_mixin.py:188} INFO - [2024-06-18T13:31:57.999+0400] {dag.py:3954} INFO - Setting next_dagrun for example_dynamic_task_mapping to 2022-03-04 00:00:00+00:00, run_after=2022-03-05 00:00:00+00:00
[2024-06-18T13:31:58.018+0400] {processor.py:183} INFO - Processing /home/user/Desktop/airflowproj/py_env/lib/python3.10/site-packages/airflow/example_dags/example_dynamic_task_mapping.py took 0.051 seconds
