[2024-06-18T12:40:35.488+0400] {processor.py:161} INFO - Started process (PID=45716) to work on /home/user/Desktop/airflowproj/py_env/lib/python3.10/site-packages/airflow/example_dags/tutorial_dag.py
[2024-06-18T12:40:35.489+0400] {processor.py:830} INFO - Processing file /home/user/Desktop/airflowproj/py_env/lib/python3.10/site-packages/airflow/example_dags/tutorial_dag.py for tasks to queue
[2024-06-18T12:40:35.489+0400] {logging_mixin.py:188} INFO - [2024-06-18T12:40:35.489+0400] {dagbag.py:545} INFO - Filling up the DagBag from /home/user/Desktop/airflowproj/py_env/lib/python3.10/site-packages/airflow/example_dags/tutorial_dag.py
[2024-06-18T12:40:35.493+0400] {processor.py:840} INFO - DAG(s) 'tutorial_dag' retrieved from /home/user/Desktop/airflowproj/py_env/lib/python3.10/site-packages/airflow/example_dags/tutorial_dag.py
[2024-06-18T12:40:35.546+0400] {logging_mixin.py:188} INFO - [2024-06-18T12:40:35.546+0400] {override.py:1829} INFO - Created Permission View: can edit on DAG:tutorial_dag
[2024-06-18T12:40:35.555+0400] {logging_mixin.py:188} INFO - [2024-06-18T12:40:35.555+0400] {override.py:1829} INFO - Created Permission View: can read on DAG:tutorial_dag
[2024-06-18T12:40:35.562+0400] {logging_mixin.py:188} INFO - [2024-06-18T12:40:35.562+0400] {override.py:1829} INFO - Created Permission View: can delete on DAG:tutorial_dag
[2024-06-18T12:40:35.562+0400] {logging_mixin.py:188} INFO - [2024-06-18T12:40:35.562+0400] {dag.py:3096} INFO - Sync 1 DAGs
[2024-06-18T12:40:35.567+0400] {logging_mixin.py:188} INFO - [2024-06-18T12:40:35.567+0400] {dag.py:3118} INFO - Creating ORM DAG for tutorial_dag
[2024-06-18T12:40:35.567+0400] {logging_mixin.py:188} INFO - [2024-06-18T12:40:35.567+0400] {dag.py:3954} INFO - Setting next_dagrun for tutorial_dag to None, run_after=None
[2024-06-18T12:40:35.636+0400] {processor.py:183} INFO - Processing /home/user/Desktop/airflowproj/py_env/lib/python3.10/site-packages/airflow/example_dags/tutorial_dag.py took 0.152 seconds
[2024-06-18T12:43:10.604+0400] {processor.py:161} INFO - Started process (PID=46602) to work on /home/user/Desktop/airflowproj/py_env/lib/python3.10/site-packages/airflow/example_dags/tutorial_dag.py
[2024-06-18T12:43:10.606+0400] {processor.py:830} INFO - Processing file /home/user/Desktop/airflowproj/py_env/lib/python3.10/site-packages/airflow/example_dags/tutorial_dag.py for tasks to queue
[2024-06-18T12:43:10.607+0400] {logging_mixin.py:188} INFO - [2024-06-18T12:43:10.606+0400] {dagbag.py:545} INFO - Filling up the DagBag from /home/user/Desktop/airflowproj/py_env/lib/python3.10/site-packages/airflow/example_dags/tutorial_dag.py
[2024-06-18T12:43:10.610+0400] {processor.py:840} INFO - DAG(s) 'tutorial_dag' retrieved from /home/user/Desktop/airflowproj/py_env/lib/python3.10/site-packages/airflow/example_dags/tutorial_dag.py
[2024-06-18T12:43:10.618+0400] {logging_mixin.py:188} INFO - [2024-06-18T12:43:10.617+0400] {dag.py:3096} INFO - Sync 1 DAGs
[2024-06-18T12:43:10.623+0400] {logging_mixin.py:188} INFO - [2024-06-18T12:43:10.623+0400] {dag.py:3954} INFO - Setting next_dagrun for tutorial_dag to None, run_after=None
[2024-06-18T12:43:10.639+0400] {processor.py:183} INFO - Processing /home/user/Desktop/airflowproj/py_env/lib/python3.10/site-packages/airflow/example_dags/tutorial_dag.py took 0.038 seconds
[2024-06-18T12:44:02.162+0400] {processor.py:161} INFO - Started process (PID=46774) to work on /home/user/Desktop/airflowproj/py_env/lib/python3.10/site-packages/airflow/example_dags/tutorial_dag.py
[2024-06-18T12:44:02.164+0400] {processor.py:830} INFO - Processing file /home/user/Desktop/airflowproj/py_env/lib/python3.10/site-packages/airflow/example_dags/tutorial_dag.py for tasks to queue
[2024-06-18T12:44:02.165+0400] {logging_mixin.py:188} INFO - [2024-06-18T12:44:02.165+0400] {dagbag.py:545} INFO - Filling up the DagBag from /home/user/Desktop/airflowproj/py_env/lib/python3.10/site-packages/airflow/example_dags/tutorial_dag.py
[2024-06-18T12:44:02.168+0400] {processor.py:840} INFO - DAG(s) 'tutorial_dag' retrieved from /home/user/Desktop/airflowproj/py_env/lib/python3.10/site-packages/airflow/example_dags/tutorial_dag.py
[2024-06-18T12:44:02.175+0400] {logging_mixin.py:188} INFO - [2024-06-18T12:44:02.175+0400] {dag.py:3096} INFO - Sync 1 DAGs
[2024-06-18T12:44:02.180+0400] {logging_mixin.py:188} INFO - [2024-06-18T12:44:02.180+0400] {dag.py:3954} INFO - Setting next_dagrun for tutorial_dag to None, run_after=None
[2024-06-18T12:44:02.193+0400] {processor.py:183} INFO - Processing /home/user/Desktop/airflowproj/py_env/lib/python3.10/site-packages/airflow/example_dags/tutorial_dag.py took 0.034 seconds
[2024-06-18T12:44:52.496+0400] {processor.py:161} INFO - Started process (PID=46929) to work on /home/user/Desktop/airflowproj/py_env/lib/python3.10/site-packages/airflow/example_dags/tutorial_dag.py
[2024-06-18T12:44:52.498+0400] {processor.py:830} INFO - Processing file /home/user/Desktop/airflowproj/py_env/lib/python3.10/site-packages/airflow/example_dags/tutorial_dag.py for tasks to queue
[2024-06-18T12:44:52.499+0400] {logging_mixin.py:188} INFO - [2024-06-18T12:44:52.499+0400] {dagbag.py:545} INFO - Filling up the DagBag from /home/user/Desktop/airflowproj/py_env/lib/python3.10/site-packages/airflow/example_dags/tutorial_dag.py
[2024-06-18T12:44:52.504+0400] {processor.py:840} INFO - DAG(s) 'tutorial_dag' retrieved from /home/user/Desktop/airflowproj/py_env/lib/python3.10/site-packages/airflow/example_dags/tutorial_dag.py
[2024-06-18T12:44:52.565+0400] {logging_mixin.py:188} INFO - [2024-06-18T12:44:52.565+0400] {dag.py:3096} INFO - Sync 1 DAGs
[2024-06-18T12:44:52.569+0400] {logging_mixin.py:188} INFO - [2024-06-18T12:44:52.569+0400] {dag.py:3954} INFO - Setting next_dagrun for tutorial_dag to None, run_after=None
[2024-06-18T12:44:52.583+0400] {processor.py:183} INFO - Processing /home/user/Desktop/airflowproj/py_env/lib/python3.10/site-packages/airflow/example_dags/tutorial_dag.py took 0.091 seconds
[2024-06-18T12:45:50.980+0400] {processor.py:161} INFO - Started process (PID=47073) to work on /home/user/Desktop/airflowproj/py_env/lib/python3.10/site-packages/airflow/example_dags/tutorial_dag.py
[2024-06-18T12:45:50.981+0400] {processor.py:830} INFO - Processing file /home/user/Desktop/airflowproj/py_env/lib/python3.10/site-packages/airflow/example_dags/tutorial_dag.py for tasks to queue
[2024-06-18T12:45:50.982+0400] {logging_mixin.py:188} INFO - [2024-06-18T12:45:50.982+0400] {dagbag.py:545} INFO - Filling up the DagBag from /home/user/Desktop/airflowproj/py_env/lib/python3.10/site-packages/airflow/example_dags/tutorial_dag.py
[2024-06-18T12:45:50.986+0400] {processor.py:840} INFO - DAG(s) 'tutorial_dag' retrieved from /home/user/Desktop/airflowproj/py_env/lib/python3.10/site-packages/airflow/example_dags/tutorial_dag.py
[2024-06-18T12:45:50.994+0400] {logging_mixin.py:188} INFO - [2024-06-18T12:45:50.994+0400] {dag.py:3096} INFO - Sync 1 DAGs
[2024-06-18T12:45:50.999+0400] {logging_mixin.py:188} INFO - [2024-06-18T12:45:50.999+0400] {dag.py:3954} INFO - Setting next_dagrun for tutorial_dag to None, run_after=None
[2024-06-18T12:45:51.014+0400] {processor.py:183} INFO - Processing /home/user/Desktop/airflowproj/py_env/lib/python3.10/site-packages/airflow/example_dags/tutorial_dag.py took 0.039 seconds
[2024-06-18T12:46:50.741+0400] {processor.py:161} INFO - Started process (PID=47658) to work on /home/user/Desktop/airflowproj/py_env/lib/python3.10/site-packages/airflow/example_dags/tutorial_dag.py
[2024-06-18T12:46:50.742+0400] {processor.py:830} INFO - Processing file /home/user/Desktop/airflowproj/py_env/lib/python3.10/site-packages/airflow/example_dags/tutorial_dag.py for tasks to queue
[2024-06-18T12:46:50.743+0400] {logging_mixin.py:188} INFO - [2024-06-18T12:46:50.742+0400] {dagbag.py:545} INFO - Filling up the DagBag from /home/user/Desktop/airflowproj/py_env/lib/python3.10/site-packages/airflow/example_dags/tutorial_dag.py
[2024-06-18T12:46:50.745+0400] {processor.py:840} INFO - DAG(s) 'tutorial_dag' retrieved from /home/user/Desktop/airflowproj/py_env/lib/python3.10/site-packages/airflow/example_dags/tutorial_dag.py
[2024-06-18T12:46:50.753+0400] {logging_mixin.py:188} INFO - [2024-06-18T12:46:50.753+0400] {dag.py:3096} INFO - Sync 1 DAGs
[2024-06-18T12:46:50.760+0400] {logging_mixin.py:188} INFO - [2024-06-18T12:46:50.760+0400] {dag.py:3954} INFO - Setting next_dagrun for tutorial_dag to None, run_after=None
[2024-06-18T12:46:50.775+0400] {processor.py:183} INFO - Processing /home/user/Desktop/airflowproj/py_env/lib/python3.10/site-packages/airflow/example_dags/tutorial_dag.py took 0.037 seconds
[2024-06-18T12:47:49.398+0400] {processor.py:161} INFO - Started process (PID=48127) to work on /home/user/Desktop/airflowproj/py_env/lib/python3.10/site-packages/airflow/example_dags/tutorial_dag.py
[2024-06-18T12:47:49.400+0400] {processor.py:830} INFO - Processing file /home/user/Desktop/airflowproj/py_env/lib/python3.10/site-packages/airflow/example_dags/tutorial_dag.py for tasks to queue
[2024-06-18T12:47:49.401+0400] {logging_mixin.py:188} INFO - [2024-06-18T12:47:49.401+0400] {dagbag.py:545} INFO - Filling up the DagBag from /home/user/Desktop/airflowproj/py_env/lib/python3.10/site-packages/airflow/example_dags/tutorial_dag.py
[2024-06-18T12:47:49.404+0400] {processor.py:840} INFO - DAG(s) 'tutorial_dag' retrieved from /home/user/Desktop/airflowproj/py_env/lib/python3.10/site-packages/airflow/example_dags/tutorial_dag.py
[2024-06-18T12:47:49.411+0400] {logging_mixin.py:188} INFO - [2024-06-18T12:47:49.411+0400] {dag.py:3096} INFO - Sync 1 DAGs
[2024-06-18T12:47:49.417+0400] {logging_mixin.py:188} INFO - [2024-06-18T12:47:49.416+0400] {dag.py:3954} INFO - Setting next_dagrun for tutorial_dag to None, run_after=None
[2024-06-18T12:47:49.430+0400] {processor.py:183} INFO - Processing /home/user/Desktop/airflowproj/py_env/lib/python3.10/site-packages/airflow/example_dags/tutorial_dag.py took 0.034 seconds
[2024-06-18T12:48:42.216+0400] {processor.py:161} INFO - Started process (PID=48335) to work on /home/user/Desktop/airflowproj/py_env/lib/python3.10/site-packages/airflow/example_dags/tutorial_dag.py
[2024-06-18T12:48:42.217+0400] {processor.py:830} INFO - Processing file /home/user/Desktop/airflowproj/py_env/lib/python3.10/site-packages/airflow/example_dags/tutorial_dag.py for tasks to queue
[2024-06-18T12:48:42.218+0400] {logging_mixin.py:188} INFO - [2024-06-18T12:48:42.217+0400] {dagbag.py:545} INFO - Filling up the DagBag from /home/user/Desktop/airflowproj/py_env/lib/python3.10/site-packages/airflow/example_dags/tutorial_dag.py
[2024-06-18T12:48:42.221+0400] {processor.py:840} INFO - DAG(s) 'tutorial_dag' retrieved from /home/user/Desktop/airflowproj/py_env/lib/python3.10/site-packages/airflow/example_dags/tutorial_dag.py
[2024-06-18T12:48:42.230+0400] {logging_mixin.py:188} INFO - [2024-06-18T12:48:42.229+0400] {dag.py:3096} INFO - Sync 1 DAGs
[2024-06-18T12:48:42.235+0400] {logging_mixin.py:188} INFO - [2024-06-18T12:48:42.235+0400] {dag.py:3954} INFO - Setting next_dagrun for tutorial_dag to None, run_after=None
[2024-06-18T12:48:42.251+0400] {processor.py:183} INFO - Processing /home/user/Desktop/airflowproj/py_env/lib/python3.10/site-packages/airflow/example_dags/tutorial_dag.py took 0.039 seconds
[2024-06-18T12:49:38.267+0400] {processor.py:161} INFO - Started process (PID=48666) to work on /home/user/Desktop/airflowproj/py_env/lib/python3.10/site-packages/airflow/example_dags/tutorial_dag.py
[2024-06-18T12:49:38.270+0400] {processor.py:830} INFO - Processing file /home/user/Desktop/airflowproj/py_env/lib/python3.10/site-packages/airflow/example_dags/tutorial_dag.py for tasks to queue
[2024-06-18T12:49:38.271+0400] {logging_mixin.py:188} INFO - [2024-06-18T12:49:38.271+0400] {dagbag.py:545} INFO - Filling up the DagBag from /home/user/Desktop/airflowproj/py_env/lib/python3.10/site-packages/airflow/example_dags/tutorial_dag.py
[2024-06-18T12:49:38.274+0400] {processor.py:840} INFO - DAG(s) 'tutorial_dag' retrieved from /home/user/Desktop/airflowproj/py_env/lib/python3.10/site-packages/airflow/example_dags/tutorial_dag.py
[2024-06-18T12:49:38.282+0400] {logging_mixin.py:188} INFO - [2024-06-18T12:49:38.282+0400] {dag.py:3096} INFO - Sync 1 DAGs
[2024-06-18T12:49:38.288+0400] {logging_mixin.py:188} INFO - [2024-06-18T12:49:38.288+0400] {dag.py:3954} INFO - Setting next_dagrun for tutorial_dag to None, run_after=None
[2024-06-18T12:49:38.302+0400] {processor.py:183} INFO - Processing /home/user/Desktop/airflowproj/py_env/lib/python3.10/site-packages/airflow/example_dags/tutorial_dag.py took 0.039 seconds
[2024-06-18T12:50:38.423+0400] {processor.py:161} INFO - Started process (PID=48842) to work on /home/user/Desktop/airflowproj/py_env/lib/python3.10/site-packages/airflow/example_dags/tutorial_dag.py
[2024-06-18T12:50:38.423+0400] {processor.py:830} INFO - Processing file /home/user/Desktop/airflowproj/py_env/lib/python3.10/site-packages/airflow/example_dags/tutorial_dag.py for tasks to queue
[2024-06-18T12:50:38.425+0400] {logging_mixin.py:188} INFO - [2024-06-18T12:50:38.424+0400] {dagbag.py:545} INFO - Filling up the DagBag from /home/user/Desktop/airflowproj/py_env/lib/python3.10/site-packages/airflow/example_dags/tutorial_dag.py
[2024-06-18T12:50:38.429+0400] {processor.py:840} INFO - DAG(s) 'tutorial_dag' retrieved from /home/user/Desktop/airflowproj/py_env/lib/python3.10/site-packages/airflow/example_dags/tutorial_dag.py
[2024-06-18T12:50:38.439+0400] {logging_mixin.py:188} INFO - [2024-06-18T12:50:38.439+0400] {dag.py:3096} INFO - Sync 1 DAGs
[2024-06-18T12:50:38.445+0400] {logging_mixin.py:188} INFO - [2024-06-18T12:50:38.445+0400] {dag.py:3954} INFO - Setting next_dagrun for tutorial_dag to None, run_after=None
[2024-06-18T12:50:38.460+0400] {processor.py:183} INFO - Processing /home/user/Desktop/airflowproj/py_env/lib/python3.10/site-packages/airflow/example_dags/tutorial_dag.py took 0.044 seconds
[2024-06-18T12:51:36.730+0400] {processor.py:161} INFO - Started process (PID=49065) to work on /home/user/Desktop/airflowproj/py_env/lib/python3.10/site-packages/airflow/example_dags/tutorial_dag.py
[2024-06-18T12:51:36.730+0400] {processor.py:830} INFO - Processing file /home/user/Desktop/airflowproj/py_env/lib/python3.10/site-packages/airflow/example_dags/tutorial_dag.py for tasks to queue
[2024-06-18T12:51:36.732+0400] {logging_mixin.py:188} INFO - [2024-06-18T12:51:36.731+0400] {dagbag.py:545} INFO - Filling up the DagBag from /home/user/Desktop/airflowproj/py_env/lib/python3.10/site-packages/airflow/example_dags/tutorial_dag.py
[2024-06-18T12:51:36.736+0400] {processor.py:840} INFO - DAG(s) 'tutorial_dag' retrieved from /home/user/Desktop/airflowproj/py_env/lib/python3.10/site-packages/airflow/example_dags/tutorial_dag.py
[2024-06-18T12:51:36.751+0400] {logging_mixin.py:188} INFO - [2024-06-18T12:51:36.751+0400] {dag.py:3096} INFO - Sync 1 DAGs
[2024-06-18T12:51:36.763+0400] {logging_mixin.py:188} INFO - [2024-06-18T12:51:36.762+0400] {dag.py:3954} INFO - Setting next_dagrun for tutorial_dag to None, run_after=None
[2024-06-18T12:51:36.783+0400] {processor.py:183} INFO - Processing /home/user/Desktop/airflowproj/py_env/lib/python3.10/site-packages/airflow/example_dags/tutorial_dag.py took 0.059 seconds
[2024-06-18T12:52:35.185+0400] {processor.py:161} INFO - Started process (PID=49240) to work on /home/user/Desktop/airflowproj/py_env/lib/python3.10/site-packages/airflow/example_dags/tutorial_dag.py
[2024-06-18T12:52:35.187+0400] {processor.py:830} INFO - Processing file /home/user/Desktop/airflowproj/py_env/lib/python3.10/site-packages/airflow/example_dags/tutorial_dag.py for tasks to queue
[2024-06-18T12:52:35.189+0400] {logging_mixin.py:188} INFO - [2024-06-18T12:52:35.188+0400] {dagbag.py:545} INFO - Filling up the DagBag from /home/user/Desktop/airflowproj/py_env/lib/python3.10/site-packages/airflow/example_dags/tutorial_dag.py
[2024-06-18T12:52:35.192+0400] {processor.py:840} INFO - DAG(s) 'tutorial_dag' retrieved from /home/user/Desktop/airflowproj/py_env/lib/python3.10/site-packages/airflow/example_dags/tutorial_dag.py
[2024-06-18T12:52:35.199+0400] {logging_mixin.py:188} INFO - [2024-06-18T12:52:35.199+0400] {dag.py:3096} INFO - Sync 1 DAGs
[2024-06-18T12:52:35.204+0400] {logging_mixin.py:188} INFO - [2024-06-18T12:52:35.204+0400] {dag.py:3954} INFO - Setting next_dagrun for tutorial_dag to None, run_after=None
[2024-06-18T12:52:35.217+0400] {processor.py:183} INFO - Processing /home/user/Desktop/airflowproj/py_env/lib/python3.10/site-packages/airflow/example_dags/tutorial_dag.py took 0.036 seconds
[2024-06-18T12:53:34.115+0400] {processor.py:161} INFO - Started process (PID=49542) to work on /home/user/Desktop/airflowproj/py_env/lib/python3.10/site-packages/airflow/example_dags/tutorial_dag.py
[2024-06-18T12:53:34.117+0400] {processor.py:830} INFO - Processing file /home/user/Desktop/airflowproj/py_env/lib/python3.10/site-packages/airflow/example_dags/tutorial_dag.py for tasks to queue
[2024-06-18T12:53:34.118+0400] {logging_mixin.py:188} INFO - [2024-06-18T12:53:34.118+0400] {dagbag.py:545} INFO - Filling up the DagBag from /home/user/Desktop/airflowproj/py_env/lib/python3.10/site-packages/airflow/example_dags/tutorial_dag.py
[2024-06-18T12:53:34.121+0400] {processor.py:840} INFO - DAG(s) 'tutorial_dag' retrieved from /home/user/Desktop/airflowproj/py_env/lib/python3.10/site-packages/airflow/example_dags/tutorial_dag.py
[2024-06-18T12:53:34.128+0400] {logging_mixin.py:188} INFO - [2024-06-18T12:53:34.128+0400] {dag.py:3096} INFO - Sync 1 DAGs
[2024-06-18T12:53:34.133+0400] {logging_mixin.py:188} INFO - [2024-06-18T12:53:34.133+0400] {dag.py:3954} INFO - Setting next_dagrun for tutorial_dag to None, run_after=None
[2024-06-18T12:53:34.147+0400] {processor.py:183} INFO - Processing /home/user/Desktop/airflowproj/py_env/lib/python3.10/site-packages/airflow/example_dags/tutorial_dag.py took 0.036 seconds
[2024-06-18T12:54:31.291+0400] {processor.py:161} INFO - Started process (PID=49704) to work on /home/user/Desktop/airflowproj/py_env/lib/python3.10/site-packages/airflow/example_dags/tutorial_dag.py
[2024-06-18T12:54:31.293+0400] {processor.py:830} INFO - Processing file /home/user/Desktop/airflowproj/py_env/lib/python3.10/site-packages/airflow/example_dags/tutorial_dag.py for tasks to queue
[2024-06-18T12:54:31.294+0400] {logging_mixin.py:188} INFO - [2024-06-18T12:54:31.293+0400] {dagbag.py:545} INFO - Filling up the DagBag from /home/user/Desktop/airflowproj/py_env/lib/python3.10/site-packages/airflow/example_dags/tutorial_dag.py
[2024-06-18T12:54:31.298+0400] {processor.py:840} INFO - DAG(s) 'tutorial_dag' retrieved from /home/user/Desktop/airflowproj/py_env/lib/python3.10/site-packages/airflow/example_dags/tutorial_dag.py
[2024-06-18T12:54:31.306+0400] {logging_mixin.py:188} INFO - [2024-06-18T12:54:31.306+0400] {dag.py:3096} INFO - Sync 1 DAGs
[2024-06-18T12:54:31.312+0400] {logging_mixin.py:188} INFO - [2024-06-18T12:54:31.311+0400] {dag.py:3954} INFO - Setting next_dagrun for tutorial_dag to None, run_after=None
[2024-06-18T12:54:31.326+0400] {processor.py:183} INFO - Processing /home/user/Desktop/airflowproj/py_env/lib/python3.10/site-packages/airflow/example_dags/tutorial_dag.py took 0.039 seconds
[2024-06-18T12:55:30.700+0400] {processor.py:161} INFO - Started process (PID=49999) to work on /home/user/Desktop/airflowproj/py_env/lib/python3.10/site-packages/airflow/example_dags/tutorial_dag.py
[2024-06-18T12:55:30.702+0400] {processor.py:830} INFO - Processing file /home/user/Desktop/airflowproj/py_env/lib/python3.10/site-packages/airflow/example_dags/tutorial_dag.py for tasks to queue
[2024-06-18T12:55:30.703+0400] {logging_mixin.py:188} INFO - [2024-06-18T12:55:30.703+0400] {dagbag.py:545} INFO - Filling up the DagBag from /home/user/Desktop/airflowproj/py_env/lib/python3.10/site-packages/airflow/example_dags/tutorial_dag.py
[2024-06-18T12:55:30.707+0400] {processor.py:840} INFO - DAG(s) 'tutorial_dag' retrieved from /home/user/Desktop/airflowproj/py_env/lib/python3.10/site-packages/airflow/example_dags/tutorial_dag.py
[2024-06-18T12:55:30.716+0400] {logging_mixin.py:188} INFO - [2024-06-18T12:55:30.715+0400] {dag.py:3096} INFO - Sync 1 DAGs
[2024-06-18T12:55:30.723+0400] {logging_mixin.py:188} INFO - [2024-06-18T12:55:30.723+0400] {dag.py:3954} INFO - Setting next_dagrun for tutorial_dag to None, run_after=None
[2024-06-18T12:55:30.739+0400] {processor.py:183} INFO - Processing /home/user/Desktop/airflowproj/py_env/lib/python3.10/site-packages/airflow/example_dags/tutorial_dag.py took 0.042 seconds
[2024-06-18T12:56:27.879+0400] {processor.py:161} INFO - Started process (PID=50239) to work on /home/user/Desktop/airflowproj/py_env/lib/python3.10/site-packages/airflow/example_dags/tutorial_dag.py
[2024-06-18T12:56:27.881+0400] {processor.py:830} INFO - Processing file /home/user/Desktop/airflowproj/py_env/lib/python3.10/site-packages/airflow/example_dags/tutorial_dag.py for tasks to queue
[2024-06-18T12:56:27.882+0400] {logging_mixin.py:188} INFO - [2024-06-18T12:56:27.882+0400] {dagbag.py:545} INFO - Filling up the DagBag from /home/user/Desktop/airflowproj/py_env/lib/python3.10/site-packages/airflow/example_dags/tutorial_dag.py
[2024-06-18T12:56:27.885+0400] {processor.py:840} INFO - DAG(s) 'tutorial_dag' retrieved from /home/user/Desktop/airflowproj/py_env/lib/python3.10/site-packages/airflow/example_dags/tutorial_dag.py
[2024-06-18T12:56:27.893+0400] {logging_mixin.py:188} INFO - [2024-06-18T12:56:27.892+0400] {dag.py:3096} INFO - Sync 1 DAGs
[2024-06-18T12:56:27.898+0400] {logging_mixin.py:188} INFO - [2024-06-18T12:56:27.898+0400] {dag.py:3954} INFO - Setting next_dagrun for tutorial_dag to None, run_after=None
[2024-06-18T12:56:27.911+0400] {processor.py:183} INFO - Processing /home/user/Desktop/airflowproj/py_env/lib/python3.10/site-packages/airflow/example_dags/tutorial_dag.py took 0.036 seconds
[2024-06-18T12:57:27.293+0400] {processor.py:161} INFO - Started process (PID=50452) to work on /home/user/Desktop/airflowproj/py_env/lib/python3.10/site-packages/airflow/example_dags/tutorial_dag.py
[2024-06-18T12:57:27.294+0400] {processor.py:830} INFO - Processing file /home/user/Desktop/airflowproj/py_env/lib/python3.10/site-packages/airflow/example_dags/tutorial_dag.py for tasks to queue
[2024-06-18T12:57:27.295+0400] {logging_mixin.py:188} INFO - [2024-06-18T12:57:27.295+0400] {dagbag.py:545} INFO - Filling up the DagBag from /home/user/Desktop/airflowproj/py_env/lib/python3.10/site-packages/airflow/example_dags/tutorial_dag.py
[2024-06-18T12:57:27.300+0400] {processor.py:840} INFO - DAG(s) 'tutorial_dag' retrieved from /home/user/Desktop/airflowproj/py_env/lib/python3.10/site-packages/airflow/example_dags/tutorial_dag.py
[2024-06-18T12:57:27.309+0400] {logging_mixin.py:188} INFO - [2024-06-18T12:57:27.308+0400] {dag.py:3096} INFO - Sync 1 DAGs
[2024-06-18T12:57:27.314+0400] {logging_mixin.py:188} INFO - [2024-06-18T12:57:27.314+0400] {dag.py:3954} INFO - Setting next_dagrun for tutorial_dag to None, run_after=None
[2024-06-18T12:57:27.327+0400] {processor.py:183} INFO - Processing /home/user/Desktop/airflowproj/py_env/lib/python3.10/site-packages/airflow/example_dags/tutorial_dag.py took 0.038 seconds
[2024-06-18T12:58:27.239+0400] {processor.py:161} INFO - Started process (PID=50944) to work on /home/user/Desktop/airflowproj/py_env/lib/python3.10/site-packages/airflow/example_dags/tutorial_dag.py
[2024-06-18T12:58:27.242+0400] {processor.py:830} INFO - Processing file /home/user/Desktop/airflowproj/py_env/lib/python3.10/site-packages/airflow/example_dags/tutorial_dag.py for tasks to queue
[2024-06-18T12:58:27.243+0400] {logging_mixin.py:188} INFO - [2024-06-18T12:58:27.243+0400] {dagbag.py:545} INFO - Filling up the DagBag from /home/user/Desktop/airflowproj/py_env/lib/python3.10/site-packages/airflow/example_dags/tutorial_dag.py
[2024-06-18T12:58:27.247+0400] {processor.py:840} INFO - DAG(s) 'tutorial_dag' retrieved from /home/user/Desktop/airflowproj/py_env/lib/python3.10/site-packages/airflow/example_dags/tutorial_dag.py
[2024-06-18T12:58:27.254+0400] {logging_mixin.py:188} INFO - [2024-06-18T12:58:27.254+0400] {dag.py:3096} INFO - Sync 1 DAGs
[2024-06-18T12:58:27.263+0400] {logging_mixin.py:188} INFO - [2024-06-18T12:58:27.262+0400] {dag.py:3954} INFO - Setting next_dagrun for tutorial_dag to None, run_after=None
[2024-06-18T12:58:27.280+0400] {processor.py:183} INFO - Processing /home/user/Desktop/airflowproj/py_env/lib/python3.10/site-packages/airflow/example_dags/tutorial_dag.py took 0.047 seconds
[2024-06-18T12:59:25.198+0400] {processor.py:161} INFO - Started process (PID=51342) to work on /home/user/Desktop/airflowproj/py_env/lib/python3.10/site-packages/airflow/example_dags/tutorial_dag.py
[2024-06-18T12:59:25.200+0400] {processor.py:830} INFO - Processing file /home/user/Desktop/airflowproj/py_env/lib/python3.10/site-packages/airflow/example_dags/tutorial_dag.py for tasks to queue
[2024-06-18T12:59:25.201+0400] {logging_mixin.py:188} INFO - [2024-06-18T12:59:25.201+0400] {dagbag.py:545} INFO - Filling up the DagBag from /home/user/Desktop/airflowproj/py_env/lib/python3.10/site-packages/airflow/example_dags/tutorial_dag.py
[2024-06-18T12:59:25.204+0400] {processor.py:840} INFO - DAG(s) 'tutorial_dag' retrieved from /home/user/Desktop/airflowproj/py_env/lib/python3.10/site-packages/airflow/example_dags/tutorial_dag.py
[2024-06-18T12:59:25.211+0400] {logging_mixin.py:188} INFO - [2024-06-18T12:59:25.211+0400] {dag.py:3096} INFO - Sync 1 DAGs
[2024-06-18T12:59:25.217+0400] {logging_mixin.py:188} INFO - [2024-06-18T12:59:25.217+0400] {dag.py:3954} INFO - Setting next_dagrun for tutorial_dag to None, run_after=None
[2024-06-18T12:59:25.232+0400] {processor.py:183} INFO - Processing /home/user/Desktop/airflowproj/py_env/lib/python3.10/site-packages/airflow/example_dags/tutorial_dag.py took 0.039 seconds
[2024-06-18T13:00:18.382+0400] {processor.py:161} INFO - Started process (PID=51699) to work on /home/user/Desktop/airflowproj/py_env/lib/python3.10/site-packages/airflow/example_dags/tutorial_dag.py
[2024-06-18T13:00:18.384+0400] {processor.py:830} INFO - Processing file /home/user/Desktop/airflowproj/py_env/lib/python3.10/site-packages/airflow/example_dags/tutorial_dag.py for tasks to queue
[2024-06-18T13:00:18.386+0400] {logging_mixin.py:188} INFO - [2024-06-18T13:00:18.385+0400] {dagbag.py:545} INFO - Filling up the DagBag from /home/user/Desktop/airflowproj/py_env/lib/python3.10/site-packages/airflow/example_dags/tutorial_dag.py
[2024-06-18T13:00:18.389+0400] {processor.py:840} INFO - DAG(s) 'tutorial_dag' retrieved from /home/user/Desktop/airflowproj/py_env/lib/python3.10/site-packages/airflow/example_dags/tutorial_dag.py
[2024-06-18T13:00:18.397+0400] {logging_mixin.py:188} INFO - [2024-06-18T13:00:18.397+0400] {dag.py:3096} INFO - Sync 1 DAGs
[2024-06-18T13:00:18.403+0400] {logging_mixin.py:188} INFO - [2024-06-18T13:00:18.403+0400] {dag.py:3954} INFO - Setting next_dagrun for tutorial_dag to None, run_after=None
[2024-06-18T13:00:18.418+0400] {processor.py:183} INFO - Processing /home/user/Desktop/airflowproj/py_env/lib/python3.10/site-packages/airflow/example_dags/tutorial_dag.py took 0.039 seconds
[2024-06-18T13:01:16.974+0400] {processor.py:161} INFO - Started process (PID=52047) to work on /home/user/Desktop/airflowproj/py_env/lib/python3.10/site-packages/airflow/example_dags/tutorial_dag.py
[2024-06-18T13:01:16.975+0400] {processor.py:830} INFO - Processing file /home/user/Desktop/airflowproj/py_env/lib/python3.10/site-packages/airflow/example_dags/tutorial_dag.py for tasks to queue
[2024-06-18T13:01:16.976+0400] {logging_mixin.py:188} INFO - [2024-06-18T13:01:16.976+0400] {dagbag.py:545} INFO - Filling up the DagBag from /home/user/Desktop/airflowproj/py_env/lib/python3.10/site-packages/airflow/example_dags/tutorial_dag.py
[2024-06-18T13:01:16.978+0400] {processor.py:840} INFO - DAG(s) 'tutorial_dag' retrieved from /home/user/Desktop/airflowproj/py_env/lib/python3.10/site-packages/airflow/example_dags/tutorial_dag.py
[2024-06-18T13:01:16.987+0400] {logging_mixin.py:188} INFO - [2024-06-18T13:01:16.987+0400] {dag.py:3096} INFO - Sync 1 DAGs
[2024-06-18T13:01:16.992+0400] {logging_mixin.py:188} INFO - [2024-06-18T13:01:16.992+0400] {dag.py:3954} INFO - Setting next_dagrun for tutorial_dag to None, run_after=None
[2024-06-18T13:01:17.007+0400] {processor.py:183} INFO - Processing /home/user/Desktop/airflowproj/py_env/lib/python3.10/site-packages/airflow/example_dags/tutorial_dag.py took 0.037 seconds
[2024-06-18T13:02:17.434+0400] {processor.py:161} INFO - Started process (PID=52844) to work on /home/user/Desktop/airflowproj/py_env/lib/python3.10/site-packages/airflow/example_dags/tutorial_dag.py
[2024-06-18T13:02:17.436+0400] {processor.py:830} INFO - Processing file /home/user/Desktop/airflowproj/py_env/lib/python3.10/site-packages/airflow/example_dags/tutorial_dag.py for tasks to queue
[2024-06-18T13:02:17.438+0400] {logging_mixin.py:188} INFO - [2024-06-18T13:02:17.437+0400] {dagbag.py:545} INFO - Filling up the DagBag from /home/user/Desktop/airflowproj/py_env/lib/python3.10/site-packages/airflow/example_dags/tutorial_dag.py
[2024-06-18T13:02:17.442+0400] {processor.py:840} INFO - DAG(s) 'tutorial_dag' retrieved from /home/user/Desktop/airflowproj/py_env/lib/python3.10/site-packages/airflow/example_dags/tutorial_dag.py
[2024-06-18T13:02:17.452+0400] {logging_mixin.py:188} INFO - [2024-06-18T13:02:17.452+0400] {dag.py:3096} INFO - Sync 1 DAGs
[2024-06-18T13:02:17.459+0400] {logging_mixin.py:188} INFO - [2024-06-18T13:02:17.459+0400] {dag.py:3954} INFO - Setting next_dagrun for tutorial_dag to None, run_after=None
[2024-06-18T13:02:17.472+0400] {processor.py:183} INFO - Processing /home/user/Desktop/airflowproj/py_env/lib/python3.10/site-packages/airflow/example_dags/tutorial_dag.py took 0.044 seconds
[2024-06-18T13:03:15.932+0400] {processor.py:161} INFO - Started process (PID=53076) to work on /home/user/Desktop/airflowproj/py_env/lib/python3.10/site-packages/airflow/example_dags/tutorial_dag.py
[2024-06-18T13:03:15.935+0400] {processor.py:830} INFO - Processing file /home/user/Desktop/airflowproj/py_env/lib/python3.10/site-packages/airflow/example_dags/tutorial_dag.py for tasks to queue
[2024-06-18T13:03:15.936+0400] {logging_mixin.py:188} INFO - [2024-06-18T13:03:15.936+0400] {dagbag.py:545} INFO - Filling up the DagBag from /home/user/Desktop/airflowproj/py_env/lib/python3.10/site-packages/airflow/example_dags/tutorial_dag.py
[2024-06-18T13:03:15.941+0400] {processor.py:840} INFO - DAG(s) 'tutorial_dag' retrieved from /home/user/Desktop/airflowproj/py_env/lib/python3.10/site-packages/airflow/example_dags/tutorial_dag.py
[2024-06-18T13:03:15.952+0400] {logging_mixin.py:188} INFO - [2024-06-18T13:03:15.951+0400] {dag.py:3096} INFO - Sync 1 DAGs
[2024-06-18T13:03:15.958+0400] {logging_mixin.py:188} INFO - [2024-06-18T13:03:15.958+0400] {dag.py:3954} INFO - Setting next_dagrun for tutorial_dag to None, run_after=None
[2024-06-18T13:03:15.977+0400] {processor.py:183} INFO - Processing /home/user/Desktop/airflowproj/py_env/lib/python3.10/site-packages/airflow/example_dags/tutorial_dag.py took 0.050 seconds
[2024-06-18T13:04:13.028+0400] {processor.py:161} INFO - Started process (PID=53276) to work on /home/user/Desktop/airflowproj/py_env/lib/python3.10/site-packages/airflow/example_dags/tutorial_dag.py
[2024-06-18T13:04:13.030+0400] {processor.py:830} INFO - Processing file /home/user/Desktop/airflowproj/py_env/lib/python3.10/site-packages/airflow/example_dags/tutorial_dag.py for tasks to queue
[2024-06-18T13:04:13.031+0400] {logging_mixin.py:188} INFO - [2024-06-18T13:04:13.030+0400] {dagbag.py:545} INFO - Filling up the DagBag from /home/user/Desktop/airflowproj/py_env/lib/python3.10/site-packages/airflow/example_dags/tutorial_dag.py
[2024-06-18T13:04:13.034+0400] {processor.py:840} INFO - DAG(s) 'tutorial_dag' retrieved from /home/user/Desktop/airflowproj/py_env/lib/python3.10/site-packages/airflow/example_dags/tutorial_dag.py
[2024-06-18T13:04:13.042+0400] {logging_mixin.py:188} INFO - [2024-06-18T13:04:13.042+0400] {dag.py:3096} INFO - Sync 1 DAGs
[2024-06-18T13:04:13.048+0400] {logging_mixin.py:188} INFO - [2024-06-18T13:04:13.048+0400] {dag.py:3954} INFO - Setting next_dagrun for tutorial_dag to None, run_after=None
[2024-06-18T13:04:13.061+0400] {processor.py:183} INFO - Processing /home/user/Desktop/airflowproj/py_env/lib/python3.10/site-packages/airflow/example_dags/tutorial_dag.py took 0.037 seconds
[2024-06-18T13:05:10.140+0400] {processor.py:161} INFO - Started process (PID=53490) to work on /home/user/Desktop/airflowproj/py_env/lib/python3.10/site-packages/airflow/example_dags/tutorial_dag.py
[2024-06-18T13:05:10.141+0400] {processor.py:830} INFO - Processing file /home/user/Desktop/airflowproj/py_env/lib/python3.10/site-packages/airflow/example_dags/tutorial_dag.py for tasks to queue
[2024-06-18T13:05:10.142+0400] {logging_mixin.py:188} INFO - [2024-06-18T13:05:10.142+0400] {dagbag.py:545} INFO - Filling up the DagBag from /home/user/Desktop/airflowproj/py_env/lib/python3.10/site-packages/airflow/example_dags/tutorial_dag.py
[2024-06-18T13:05:10.145+0400] {processor.py:840} INFO - DAG(s) 'tutorial_dag' retrieved from /home/user/Desktop/airflowproj/py_env/lib/python3.10/site-packages/airflow/example_dags/tutorial_dag.py
[2024-06-18T13:05:10.153+0400] {logging_mixin.py:188} INFO - [2024-06-18T13:05:10.153+0400] {dag.py:3096} INFO - Sync 1 DAGs
[2024-06-18T13:05:10.159+0400] {logging_mixin.py:188} INFO - [2024-06-18T13:05:10.159+0400] {dag.py:3954} INFO - Setting next_dagrun for tutorial_dag to None, run_after=None
[2024-06-18T13:05:10.173+0400] {processor.py:183} INFO - Processing /home/user/Desktop/airflowproj/py_env/lib/python3.10/site-packages/airflow/example_dags/tutorial_dag.py took 0.036 seconds
[2024-06-18T13:06:08.770+0400] {processor.py:161} INFO - Started process (PID=53731) to work on /home/user/Desktop/airflowproj/py_env/lib/python3.10/site-packages/airflow/example_dags/tutorial_dag.py
[2024-06-18T13:06:08.771+0400] {processor.py:830} INFO - Processing file /home/user/Desktop/airflowproj/py_env/lib/python3.10/site-packages/airflow/example_dags/tutorial_dag.py for tasks to queue
[2024-06-18T13:06:08.772+0400] {logging_mixin.py:188} INFO - [2024-06-18T13:06:08.772+0400] {dagbag.py:545} INFO - Filling up the DagBag from /home/user/Desktop/airflowproj/py_env/lib/python3.10/site-packages/airflow/example_dags/tutorial_dag.py
[2024-06-18T13:06:08.777+0400] {processor.py:840} INFO - DAG(s) 'tutorial_dag' retrieved from /home/user/Desktop/airflowproj/py_env/lib/python3.10/site-packages/airflow/example_dags/tutorial_dag.py
[2024-06-18T13:06:08.787+0400] {logging_mixin.py:188} INFO - [2024-06-18T13:06:08.787+0400] {dag.py:3096} INFO - Sync 1 DAGs
[2024-06-18T13:06:08.793+0400] {logging_mixin.py:188} INFO - [2024-06-18T13:06:08.793+0400] {dag.py:3954} INFO - Setting next_dagrun for tutorial_dag to None, run_after=None
[2024-06-18T13:06:08.807+0400] {processor.py:183} INFO - Processing /home/user/Desktop/airflowproj/py_env/lib/python3.10/site-packages/airflow/example_dags/tutorial_dag.py took 0.041 seconds
[2024-06-18T13:07:10.426+0400] {processor.py:161} INFO - Started process (PID=53935) to work on /home/user/Desktop/airflowproj/py_env/lib/python3.10/site-packages/airflow/example_dags/tutorial_dag.py
[2024-06-18T13:07:10.427+0400] {processor.py:830} INFO - Processing file /home/user/Desktop/airflowproj/py_env/lib/python3.10/site-packages/airflow/example_dags/tutorial_dag.py for tasks to queue
[2024-06-18T13:07:10.428+0400] {logging_mixin.py:188} INFO - [2024-06-18T13:07:10.427+0400] {dagbag.py:545} INFO - Filling up the DagBag from /home/user/Desktop/airflowproj/py_env/lib/python3.10/site-packages/airflow/example_dags/tutorial_dag.py
[2024-06-18T13:07:10.431+0400] {processor.py:840} INFO - DAG(s) 'tutorial_dag' retrieved from /home/user/Desktop/airflowproj/py_env/lib/python3.10/site-packages/airflow/example_dags/tutorial_dag.py
[2024-06-18T13:07:10.438+0400] {logging_mixin.py:188} INFO - [2024-06-18T13:07:10.438+0400] {dag.py:3096} INFO - Sync 1 DAGs
[2024-06-18T13:07:10.443+0400] {logging_mixin.py:188} INFO - [2024-06-18T13:07:10.443+0400] {dag.py:3954} INFO - Setting next_dagrun for tutorial_dag to None, run_after=None
[2024-06-18T13:07:10.457+0400] {processor.py:183} INFO - Processing /home/user/Desktop/airflowproj/py_env/lib/python3.10/site-packages/airflow/example_dags/tutorial_dag.py took 0.035 seconds
[2024-06-18T13:08:12.113+0400] {processor.py:161} INFO - Started process (PID=54180) to work on /home/user/Desktop/airflowproj/py_env/lib/python3.10/site-packages/airflow/example_dags/tutorial_dag.py
[2024-06-18T13:08:12.115+0400] {processor.py:830} INFO - Processing file /home/user/Desktop/airflowproj/py_env/lib/python3.10/site-packages/airflow/example_dags/tutorial_dag.py for tasks to queue
[2024-06-18T13:08:12.116+0400] {logging_mixin.py:188} INFO - [2024-06-18T13:08:12.116+0400] {dagbag.py:545} INFO - Filling up the DagBag from /home/user/Desktop/airflowproj/py_env/lib/python3.10/site-packages/airflow/example_dags/tutorial_dag.py
[2024-06-18T13:08:12.120+0400] {processor.py:840} INFO - DAG(s) 'tutorial_dag' retrieved from /home/user/Desktop/airflowproj/py_env/lib/python3.10/site-packages/airflow/example_dags/tutorial_dag.py
[2024-06-18T13:08:12.127+0400] {logging_mixin.py:188} INFO - [2024-06-18T13:08:12.127+0400] {dag.py:3096} INFO - Sync 1 DAGs
[2024-06-18T13:08:12.133+0400] {logging_mixin.py:188} INFO - [2024-06-18T13:08:12.133+0400] {dag.py:3954} INFO - Setting next_dagrun for tutorial_dag to None, run_after=None
[2024-06-18T13:08:12.146+0400] {processor.py:183} INFO - Processing /home/user/Desktop/airflowproj/py_env/lib/python3.10/site-packages/airflow/example_dags/tutorial_dag.py took 0.038 seconds
[2024-06-18T13:09:09.520+0400] {processor.py:161} INFO - Started process (PID=54443) to work on /home/user/Desktop/airflowproj/py_env/lib/python3.10/site-packages/airflow/example_dags/tutorial_dag.py
[2024-06-18T13:09:09.522+0400] {processor.py:830} INFO - Processing file /home/user/Desktop/airflowproj/py_env/lib/python3.10/site-packages/airflow/example_dags/tutorial_dag.py for tasks to queue
[2024-06-18T13:09:09.522+0400] {logging_mixin.py:188} INFO - [2024-06-18T13:09:09.522+0400] {dagbag.py:545} INFO - Filling up the DagBag from /home/user/Desktop/airflowproj/py_env/lib/python3.10/site-packages/airflow/example_dags/tutorial_dag.py
[2024-06-18T13:09:09.525+0400] {processor.py:840} INFO - DAG(s) 'tutorial_dag' retrieved from /home/user/Desktop/airflowproj/py_env/lib/python3.10/site-packages/airflow/example_dags/tutorial_dag.py
[2024-06-18T13:09:09.533+0400] {logging_mixin.py:188} INFO - [2024-06-18T13:09:09.533+0400] {dag.py:3096} INFO - Sync 1 DAGs
[2024-06-18T13:09:09.541+0400] {logging_mixin.py:188} INFO - [2024-06-18T13:09:09.541+0400] {dag.py:3954} INFO - Setting next_dagrun for tutorial_dag to None, run_after=None
[2024-06-18T13:09:09.561+0400] {processor.py:183} INFO - Processing /home/user/Desktop/airflowproj/py_env/lib/python3.10/site-packages/airflow/example_dags/tutorial_dag.py took 0.045 seconds
[2024-06-18T13:10:09.106+0400] {processor.py:161} INFO - Started process (PID=54652) to work on /home/user/Desktop/airflowproj/py_env/lib/python3.10/site-packages/airflow/example_dags/tutorial_dag.py
[2024-06-18T13:10:09.108+0400] {processor.py:830} INFO - Processing file /home/user/Desktop/airflowproj/py_env/lib/python3.10/site-packages/airflow/example_dags/tutorial_dag.py for tasks to queue
[2024-06-18T13:10:09.109+0400] {logging_mixin.py:188} INFO - [2024-06-18T13:10:09.109+0400] {dagbag.py:545} INFO - Filling up the DagBag from /home/user/Desktop/airflowproj/py_env/lib/python3.10/site-packages/airflow/example_dags/tutorial_dag.py
[2024-06-18T13:10:09.114+0400] {processor.py:840} INFO - DAG(s) 'tutorial_dag' retrieved from /home/user/Desktop/airflowproj/py_env/lib/python3.10/site-packages/airflow/example_dags/tutorial_dag.py
[2024-06-18T13:10:09.121+0400] {logging_mixin.py:188} INFO - [2024-06-18T13:10:09.121+0400] {dag.py:3096} INFO - Sync 1 DAGs
[2024-06-18T13:10:09.126+0400] {logging_mixin.py:188} INFO - [2024-06-18T13:10:09.126+0400] {dag.py:3954} INFO - Setting next_dagrun for tutorial_dag to None, run_after=None
[2024-06-18T13:10:09.139+0400] {processor.py:183} INFO - Processing /home/user/Desktop/airflowproj/py_env/lib/python3.10/site-packages/airflow/example_dags/tutorial_dag.py took 0.037 seconds
[2024-06-18T13:11:12.333+0400] {processor.py:161} INFO - Started process (PID=54861) to work on /home/user/Desktop/airflowproj/py_env/lib/python3.10/site-packages/airflow/example_dags/tutorial_dag.py
[2024-06-18T13:11:12.336+0400] {processor.py:830} INFO - Processing file /home/user/Desktop/airflowproj/py_env/lib/python3.10/site-packages/airflow/example_dags/tutorial_dag.py for tasks to queue
[2024-06-18T13:11:12.337+0400] {logging_mixin.py:188} INFO - [2024-06-18T13:11:12.337+0400] {dagbag.py:545} INFO - Filling up the DagBag from /home/user/Desktop/airflowproj/py_env/lib/python3.10/site-packages/airflow/example_dags/tutorial_dag.py
[2024-06-18T13:11:12.340+0400] {processor.py:840} INFO - DAG(s) 'tutorial_dag' retrieved from /home/user/Desktop/airflowproj/py_env/lib/python3.10/site-packages/airflow/example_dags/tutorial_dag.py
[2024-06-18T13:11:12.348+0400] {logging_mixin.py:188} INFO - [2024-06-18T13:11:12.348+0400] {dag.py:3096} INFO - Sync 1 DAGs
[2024-06-18T13:11:12.353+0400] {logging_mixin.py:188} INFO - [2024-06-18T13:11:12.353+0400] {dag.py:3954} INFO - Setting next_dagrun for tutorial_dag to None, run_after=None
[2024-06-18T13:11:12.366+0400] {processor.py:183} INFO - Processing /home/user/Desktop/airflowproj/py_env/lib/python3.10/site-packages/airflow/example_dags/tutorial_dag.py took 0.037 seconds
[2024-06-18T13:12:09.721+0400] {processor.py:161} INFO - Started process (PID=55063) to work on /home/user/Desktop/airflowproj/py_env/lib/python3.10/site-packages/airflow/example_dags/tutorial_dag.py
[2024-06-18T13:12:09.723+0400] {processor.py:830} INFO - Processing file /home/user/Desktop/airflowproj/py_env/lib/python3.10/site-packages/airflow/example_dags/tutorial_dag.py for tasks to queue
[2024-06-18T13:12:09.725+0400] {logging_mixin.py:188} INFO - [2024-06-18T13:12:09.724+0400] {dagbag.py:545} INFO - Filling up the DagBag from /home/user/Desktop/airflowproj/py_env/lib/python3.10/site-packages/airflow/example_dags/tutorial_dag.py
[2024-06-18T13:12:09.728+0400] {processor.py:840} INFO - DAG(s) 'tutorial_dag' retrieved from /home/user/Desktop/airflowproj/py_env/lib/python3.10/site-packages/airflow/example_dags/tutorial_dag.py
[2024-06-18T13:12:09.736+0400] {logging_mixin.py:188} INFO - [2024-06-18T13:12:09.736+0400] {dag.py:3096} INFO - Sync 1 DAGs
[2024-06-18T13:12:09.741+0400] {logging_mixin.py:188} INFO - [2024-06-18T13:12:09.741+0400] {dag.py:3954} INFO - Setting next_dagrun for tutorial_dag to None, run_after=None
[2024-06-18T13:12:09.755+0400] {processor.py:183} INFO - Processing /home/user/Desktop/airflowproj/py_env/lib/python3.10/site-packages/airflow/example_dags/tutorial_dag.py took 0.037 seconds
[2024-06-18T13:13:09.141+0400] {processor.py:161} INFO - Started process (PID=55296) to work on /home/user/Desktop/airflowproj/py_env/lib/python3.10/site-packages/airflow/example_dags/tutorial_dag.py
[2024-06-18T13:13:09.143+0400] {processor.py:830} INFO - Processing file /home/user/Desktop/airflowproj/py_env/lib/python3.10/site-packages/airflow/example_dags/tutorial_dag.py for tasks to queue
[2024-06-18T13:13:09.144+0400] {logging_mixin.py:188} INFO - [2024-06-18T13:13:09.144+0400] {dagbag.py:545} INFO - Filling up the DagBag from /home/user/Desktop/airflowproj/py_env/lib/python3.10/site-packages/airflow/example_dags/tutorial_dag.py
[2024-06-18T13:13:09.148+0400] {processor.py:840} INFO - DAG(s) 'tutorial_dag' retrieved from /home/user/Desktop/airflowproj/py_env/lib/python3.10/site-packages/airflow/example_dags/tutorial_dag.py
[2024-06-18T13:13:09.155+0400] {logging_mixin.py:188} INFO - [2024-06-18T13:13:09.155+0400] {dag.py:3096} INFO - Sync 1 DAGs
[2024-06-18T13:13:09.161+0400] {logging_mixin.py:188} INFO - [2024-06-18T13:13:09.161+0400] {dag.py:3954} INFO - Setting next_dagrun for tutorial_dag to None, run_after=None
[2024-06-18T13:13:09.174+0400] {processor.py:183} INFO - Processing /home/user/Desktop/airflowproj/py_env/lib/python3.10/site-packages/airflow/example_dags/tutorial_dag.py took 0.037 seconds
[2024-06-18T13:14:10.869+0400] {processor.py:161} INFO - Started process (PID=55513) to work on /home/user/Desktop/airflowproj/py_env/lib/python3.10/site-packages/airflow/example_dags/tutorial_dag.py
[2024-06-18T13:14:10.871+0400] {processor.py:830} INFO - Processing file /home/user/Desktop/airflowproj/py_env/lib/python3.10/site-packages/airflow/example_dags/tutorial_dag.py for tasks to queue
[2024-06-18T13:14:10.872+0400] {logging_mixin.py:188} INFO - [2024-06-18T13:14:10.872+0400] {dagbag.py:545} INFO - Filling up the DagBag from /home/user/Desktop/airflowproj/py_env/lib/python3.10/site-packages/airflow/example_dags/tutorial_dag.py
[2024-06-18T13:14:10.875+0400] {processor.py:840} INFO - DAG(s) 'tutorial_dag' retrieved from /home/user/Desktop/airflowproj/py_env/lib/python3.10/site-packages/airflow/example_dags/tutorial_dag.py
[2024-06-18T13:14:10.882+0400] {logging_mixin.py:188} INFO - [2024-06-18T13:14:10.882+0400] {dag.py:3096} INFO - Sync 1 DAGs
[2024-06-18T13:14:10.888+0400] {logging_mixin.py:188} INFO - [2024-06-18T13:14:10.888+0400] {dag.py:3954} INFO - Setting next_dagrun for tutorial_dag to None, run_after=None
[2024-06-18T13:14:10.904+0400] {processor.py:183} INFO - Processing /home/user/Desktop/airflowproj/py_env/lib/python3.10/site-packages/airflow/example_dags/tutorial_dag.py took 0.038 seconds
[2024-06-18T13:15:07.566+0400] {processor.py:161} INFO - Started process (PID=55717) to work on /home/user/Desktop/airflowproj/py_env/lib/python3.10/site-packages/airflow/example_dags/tutorial_dag.py
[2024-06-18T13:15:07.568+0400] {processor.py:830} INFO - Processing file /home/user/Desktop/airflowproj/py_env/lib/python3.10/site-packages/airflow/example_dags/tutorial_dag.py for tasks to queue
[2024-06-18T13:15:07.570+0400] {logging_mixin.py:188} INFO - [2024-06-18T13:15:07.569+0400] {dagbag.py:545} INFO - Filling up the DagBag from /home/user/Desktop/airflowproj/py_env/lib/python3.10/site-packages/airflow/example_dags/tutorial_dag.py
[2024-06-18T13:15:07.573+0400] {processor.py:840} INFO - DAG(s) 'tutorial_dag' retrieved from /home/user/Desktop/airflowproj/py_env/lib/python3.10/site-packages/airflow/example_dags/tutorial_dag.py
[2024-06-18T13:15:07.580+0400] {logging_mixin.py:188} INFO - [2024-06-18T13:15:07.580+0400] {dag.py:3096} INFO - Sync 1 DAGs
[2024-06-18T13:15:07.585+0400] {logging_mixin.py:188} INFO - [2024-06-18T13:15:07.585+0400] {dag.py:3954} INFO - Setting next_dagrun for tutorial_dag to None, run_after=None
[2024-06-18T13:15:07.598+0400] {processor.py:183} INFO - Processing /home/user/Desktop/airflowproj/py_env/lib/python3.10/site-packages/airflow/example_dags/tutorial_dag.py took 0.036 seconds
[2024-06-18T13:16:07.006+0400] {processor.py:161} INFO - Started process (PID=55926) to work on /home/user/Desktop/airflowproj/py_env/lib/python3.10/site-packages/airflow/example_dags/tutorial_dag.py
[2024-06-18T13:16:07.007+0400] {processor.py:830} INFO - Processing file /home/user/Desktop/airflowproj/py_env/lib/python3.10/site-packages/airflow/example_dags/tutorial_dag.py for tasks to queue
[2024-06-18T13:16:07.007+0400] {logging_mixin.py:188} INFO - [2024-06-18T13:16:07.007+0400] {dagbag.py:545} INFO - Filling up the DagBag from /home/user/Desktop/airflowproj/py_env/lib/python3.10/site-packages/airflow/example_dags/tutorial_dag.py
[2024-06-18T13:16:07.010+0400] {processor.py:840} INFO - DAG(s) 'tutorial_dag' retrieved from /home/user/Desktop/airflowproj/py_env/lib/python3.10/site-packages/airflow/example_dags/tutorial_dag.py
[2024-06-18T13:16:07.018+0400] {logging_mixin.py:188} INFO - [2024-06-18T13:16:07.018+0400] {dag.py:3096} INFO - Sync 1 DAGs
[2024-06-18T13:16:07.023+0400] {logging_mixin.py:188} INFO - [2024-06-18T13:16:07.023+0400] {dag.py:3954} INFO - Setting next_dagrun for tutorial_dag to None, run_after=None
[2024-06-18T13:16:07.037+0400] {processor.py:183} INFO - Processing /home/user/Desktop/airflowproj/py_env/lib/python3.10/site-packages/airflow/example_dags/tutorial_dag.py took 0.036 seconds
[2024-06-18T13:17:04.576+0400] {processor.py:161} INFO - Started process (PID=56115) to work on /home/user/Desktop/airflowproj/py_env/lib/python3.10/site-packages/airflow/example_dags/tutorial_dag.py
[2024-06-18T13:17:04.576+0400] {processor.py:830} INFO - Processing file /home/user/Desktop/airflowproj/py_env/lib/python3.10/site-packages/airflow/example_dags/tutorial_dag.py for tasks to queue
[2024-06-18T13:17:04.577+0400] {logging_mixin.py:188} INFO - [2024-06-18T13:17:04.577+0400] {dagbag.py:545} INFO - Filling up the DagBag from /home/user/Desktop/airflowproj/py_env/lib/python3.10/site-packages/airflow/example_dags/tutorial_dag.py
[2024-06-18T13:17:04.580+0400] {processor.py:840} INFO - DAG(s) 'tutorial_dag' retrieved from /home/user/Desktop/airflowproj/py_env/lib/python3.10/site-packages/airflow/example_dags/tutorial_dag.py
[2024-06-18T13:17:04.588+0400] {logging_mixin.py:188} INFO - [2024-06-18T13:17:04.587+0400] {dag.py:3096} INFO - Sync 1 DAGs
[2024-06-18T13:17:04.593+0400] {logging_mixin.py:188} INFO - [2024-06-18T13:17:04.593+0400] {dag.py:3954} INFO - Setting next_dagrun for tutorial_dag to None, run_after=None
[2024-06-18T13:17:04.607+0400] {processor.py:183} INFO - Processing /home/user/Desktop/airflowproj/py_env/lib/python3.10/site-packages/airflow/example_dags/tutorial_dag.py took 0.034 seconds
[2024-06-18T13:18:02.252+0400] {processor.py:161} INFO - Started process (PID=56343) to work on /home/user/Desktop/airflowproj/py_env/lib/python3.10/site-packages/airflow/example_dags/tutorial_dag.py
[2024-06-18T13:18:02.254+0400] {processor.py:830} INFO - Processing file /home/user/Desktop/airflowproj/py_env/lib/python3.10/site-packages/airflow/example_dags/tutorial_dag.py for tasks to queue
[2024-06-18T13:18:02.255+0400] {logging_mixin.py:188} INFO - [2024-06-18T13:18:02.255+0400] {dagbag.py:545} INFO - Filling up the DagBag from /home/user/Desktop/airflowproj/py_env/lib/python3.10/site-packages/airflow/example_dags/tutorial_dag.py
[2024-06-18T13:18:02.258+0400] {processor.py:840} INFO - DAG(s) 'tutorial_dag' retrieved from /home/user/Desktop/airflowproj/py_env/lib/python3.10/site-packages/airflow/example_dags/tutorial_dag.py
[2024-06-18T13:18:02.266+0400] {logging_mixin.py:188} INFO - [2024-06-18T13:18:02.266+0400] {dag.py:3096} INFO - Sync 1 DAGs
[2024-06-18T13:18:02.271+0400] {logging_mixin.py:188} INFO - [2024-06-18T13:18:02.271+0400] {dag.py:3954} INFO - Setting next_dagrun for tutorial_dag to None, run_after=None
[2024-06-18T13:18:02.285+0400] {processor.py:183} INFO - Processing /home/user/Desktop/airflowproj/py_env/lib/python3.10/site-packages/airflow/example_dags/tutorial_dag.py took 0.038 seconds
[2024-06-18T13:19:01.056+0400] {processor.py:161} INFO - Started process (PID=56554) to work on /home/user/Desktop/airflowproj/py_env/lib/python3.10/site-packages/airflow/example_dags/tutorial_dag.py
[2024-06-18T13:19:01.057+0400] {processor.py:830} INFO - Processing file /home/user/Desktop/airflowproj/py_env/lib/python3.10/site-packages/airflow/example_dags/tutorial_dag.py for tasks to queue
[2024-06-18T13:19:01.058+0400] {logging_mixin.py:188} INFO - [2024-06-18T13:19:01.057+0400] {dagbag.py:545} INFO - Filling up the DagBag from /home/user/Desktop/airflowproj/py_env/lib/python3.10/site-packages/airflow/example_dags/tutorial_dag.py
[2024-06-18T13:19:01.061+0400] {processor.py:840} INFO - DAG(s) 'tutorial_dag' retrieved from /home/user/Desktop/airflowproj/py_env/lib/python3.10/site-packages/airflow/example_dags/tutorial_dag.py
[2024-06-18T13:19:01.068+0400] {logging_mixin.py:188} INFO - [2024-06-18T13:19:01.068+0400] {dag.py:3096} INFO - Sync 1 DAGs
[2024-06-18T13:19:01.074+0400] {logging_mixin.py:188} INFO - [2024-06-18T13:19:01.074+0400] {dag.py:3954} INFO - Setting next_dagrun for tutorial_dag to None, run_after=None
[2024-06-18T13:19:01.087+0400] {processor.py:183} INFO - Processing /home/user/Desktop/airflowproj/py_env/lib/python3.10/site-packages/airflow/example_dags/tutorial_dag.py took 0.036 seconds
[2024-06-18T13:19:59.357+0400] {processor.py:161} INFO - Started process (PID=56756) to work on /home/user/Desktop/airflowproj/py_env/lib/python3.10/site-packages/airflow/example_dags/tutorial_dag.py
[2024-06-18T13:19:59.360+0400] {processor.py:830} INFO - Processing file /home/user/Desktop/airflowproj/py_env/lib/python3.10/site-packages/airflow/example_dags/tutorial_dag.py for tasks to queue
[2024-06-18T13:19:59.362+0400] {logging_mixin.py:188} INFO - [2024-06-18T13:19:59.361+0400] {dagbag.py:545} INFO - Filling up the DagBag from /home/user/Desktop/airflowproj/py_env/lib/python3.10/site-packages/airflow/example_dags/tutorial_dag.py
[2024-06-18T13:19:59.368+0400] {processor.py:840} INFO - DAG(s) 'tutorial_dag' retrieved from /home/user/Desktop/airflowproj/py_env/lib/python3.10/site-packages/airflow/example_dags/tutorial_dag.py
[2024-06-18T13:19:59.376+0400] {logging_mixin.py:188} INFO - [2024-06-18T13:19:59.376+0400] {dag.py:3096} INFO - Sync 1 DAGs
[2024-06-18T13:19:59.382+0400] {logging_mixin.py:188} INFO - [2024-06-18T13:19:59.382+0400] {dag.py:3954} INFO - Setting next_dagrun for tutorial_dag to None, run_after=None
[2024-06-18T13:19:59.397+0400] {processor.py:183} INFO - Processing /home/user/Desktop/airflowproj/py_env/lib/python3.10/site-packages/airflow/example_dags/tutorial_dag.py took 0.044 seconds
[2024-06-18T13:20:58.345+0400] {processor.py:161} INFO - Started process (PID=56946) to work on /home/user/Desktop/airflowproj/py_env/lib/python3.10/site-packages/airflow/example_dags/tutorial_dag.py
[2024-06-18T13:20:58.347+0400] {processor.py:830} INFO - Processing file /home/user/Desktop/airflowproj/py_env/lib/python3.10/site-packages/airflow/example_dags/tutorial_dag.py for tasks to queue
[2024-06-18T13:20:58.348+0400] {logging_mixin.py:188} INFO - [2024-06-18T13:20:58.348+0400] {dagbag.py:545} INFO - Filling up the DagBag from /home/user/Desktop/airflowproj/py_env/lib/python3.10/site-packages/airflow/example_dags/tutorial_dag.py
[2024-06-18T13:20:58.351+0400] {processor.py:840} INFO - DAG(s) 'tutorial_dag' retrieved from /home/user/Desktop/airflowproj/py_env/lib/python3.10/site-packages/airflow/example_dags/tutorial_dag.py
[2024-06-18T13:20:58.359+0400] {logging_mixin.py:188} INFO - [2024-06-18T13:20:58.359+0400] {dag.py:3096} INFO - Sync 1 DAGs
[2024-06-18T13:20:58.364+0400] {logging_mixin.py:188} INFO - [2024-06-18T13:20:58.364+0400] {dag.py:3954} INFO - Setting next_dagrun for tutorial_dag to None, run_after=None
[2024-06-18T13:20:58.377+0400] {processor.py:183} INFO - Processing /home/user/Desktop/airflowproj/py_env/lib/python3.10/site-packages/airflow/example_dags/tutorial_dag.py took 0.036 seconds
[2024-06-18T13:22:00.076+0400] {processor.py:161} INFO - Started process (PID=57156) to work on /home/user/Desktop/airflowproj/py_env/lib/python3.10/site-packages/airflow/example_dags/tutorial_dag.py
[2024-06-18T13:22:00.078+0400] {processor.py:830} INFO - Processing file /home/user/Desktop/airflowproj/py_env/lib/python3.10/site-packages/airflow/example_dags/tutorial_dag.py for tasks to queue
[2024-06-18T13:22:00.079+0400] {logging_mixin.py:188} INFO - [2024-06-18T13:22:00.078+0400] {dagbag.py:545} INFO - Filling up the DagBag from /home/user/Desktop/airflowproj/py_env/lib/python3.10/site-packages/airflow/example_dags/tutorial_dag.py
[2024-06-18T13:22:00.082+0400] {processor.py:840} INFO - DAG(s) 'tutorial_dag' retrieved from /home/user/Desktop/airflowproj/py_env/lib/python3.10/site-packages/airflow/example_dags/tutorial_dag.py
[2024-06-18T13:22:00.089+0400] {logging_mixin.py:188} INFO - [2024-06-18T13:22:00.089+0400] {dag.py:3096} INFO - Sync 1 DAGs
[2024-06-18T13:22:00.094+0400] {logging_mixin.py:188} INFO - [2024-06-18T13:22:00.094+0400] {dag.py:3954} INFO - Setting next_dagrun for tutorial_dag to None, run_after=None
[2024-06-18T13:22:00.109+0400] {processor.py:183} INFO - Processing /home/user/Desktop/airflowproj/py_env/lib/python3.10/site-packages/airflow/example_dags/tutorial_dag.py took 0.037 seconds
[2024-06-18T13:22:58.864+0400] {processor.py:161} INFO - Started process (PID=57383) to work on /home/user/Desktop/airflowproj/py_env/lib/python3.10/site-packages/airflow/example_dags/tutorial_dag.py
[2024-06-18T13:22:58.867+0400] {processor.py:830} INFO - Processing file /home/user/Desktop/airflowproj/py_env/lib/python3.10/site-packages/airflow/example_dags/tutorial_dag.py for tasks to queue
[2024-06-18T13:22:58.868+0400] {logging_mixin.py:188} INFO - [2024-06-18T13:22:58.868+0400] {dagbag.py:545} INFO - Filling up the DagBag from /home/user/Desktop/airflowproj/py_env/lib/python3.10/site-packages/airflow/example_dags/tutorial_dag.py
[2024-06-18T13:22:58.874+0400] {processor.py:840} INFO - DAG(s) 'tutorial_dag' retrieved from /home/user/Desktop/airflowproj/py_env/lib/python3.10/site-packages/airflow/example_dags/tutorial_dag.py
[2024-06-18T13:22:58.881+0400] {logging_mixin.py:188} INFO - [2024-06-18T13:22:58.881+0400] {dag.py:3096} INFO - Sync 1 DAGs
[2024-06-18T13:22:58.886+0400] {logging_mixin.py:188} INFO - [2024-06-18T13:22:58.886+0400] {dag.py:3954} INFO - Setting next_dagrun for tutorial_dag to None, run_after=None
[2024-06-18T13:22:58.900+0400] {processor.py:183} INFO - Processing /home/user/Desktop/airflowproj/py_env/lib/python3.10/site-packages/airflow/example_dags/tutorial_dag.py took 0.040 seconds
[2024-06-18T13:23:58.297+0400] {processor.py:161} INFO - Started process (PID=57594) to work on /home/user/Desktop/airflowproj/py_env/lib/python3.10/site-packages/airflow/example_dags/tutorial_dag.py
[2024-06-18T13:23:58.299+0400] {processor.py:830} INFO - Processing file /home/user/Desktop/airflowproj/py_env/lib/python3.10/site-packages/airflow/example_dags/tutorial_dag.py for tasks to queue
[2024-06-18T13:23:58.301+0400] {logging_mixin.py:188} INFO - [2024-06-18T13:23:58.300+0400] {dagbag.py:545} INFO - Filling up the DagBag from /home/user/Desktop/airflowproj/py_env/lib/python3.10/site-packages/airflow/example_dags/tutorial_dag.py
[2024-06-18T13:23:58.304+0400] {processor.py:840} INFO - DAG(s) 'tutorial_dag' retrieved from /home/user/Desktop/airflowproj/py_env/lib/python3.10/site-packages/airflow/example_dags/tutorial_dag.py
[2024-06-18T13:23:58.311+0400] {logging_mixin.py:188} INFO - [2024-06-18T13:23:58.311+0400] {dag.py:3096} INFO - Sync 1 DAGs
[2024-06-18T13:23:58.317+0400] {logging_mixin.py:188} INFO - [2024-06-18T13:23:58.317+0400] {dag.py:3954} INFO - Setting next_dagrun for tutorial_dag to None, run_after=None
[2024-06-18T13:23:58.331+0400] {processor.py:183} INFO - Processing /home/user/Desktop/airflowproj/py_env/lib/python3.10/site-packages/airflow/example_dags/tutorial_dag.py took 0.038 seconds
[2024-06-18T13:24:54.830+0400] {processor.py:161} INFO - Started process (PID=57790) to work on /home/user/Desktop/airflowproj/py_env/lib/python3.10/site-packages/airflow/example_dags/tutorial_dag.py
[2024-06-18T13:24:54.832+0400] {processor.py:830} INFO - Processing file /home/user/Desktop/airflowproj/py_env/lib/python3.10/site-packages/airflow/example_dags/tutorial_dag.py for tasks to queue
[2024-06-18T13:24:54.834+0400] {logging_mixin.py:188} INFO - [2024-06-18T13:24:54.833+0400] {dagbag.py:545} INFO - Filling up the DagBag from /home/user/Desktop/airflowproj/py_env/lib/python3.10/site-packages/airflow/example_dags/tutorial_dag.py
[2024-06-18T13:24:54.837+0400] {processor.py:840} INFO - DAG(s) 'tutorial_dag' retrieved from /home/user/Desktop/airflowproj/py_env/lib/python3.10/site-packages/airflow/example_dags/tutorial_dag.py
[2024-06-18T13:24:54.844+0400] {logging_mixin.py:188} INFO - [2024-06-18T13:24:54.844+0400] {dag.py:3096} INFO - Sync 1 DAGs
[2024-06-18T13:24:54.850+0400] {logging_mixin.py:188} INFO - [2024-06-18T13:24:54.850+0400] {dag.py:3954} INFO - Setting next_dagrun for tutorial_dag to None, run_after=None
[2024-06-18T13:24:54.863+0400] {processor.py:183} INFO - Processing /home/user/Desktop/airflowproj/py_env/lib/python3.10/site-packages/airflow/example_dags/tutorial_dag.py took 0.038 seconds
[2024-06-18T13:25:52.160+0400] {processor.py:161} INFO - Started process (PID=57970) to work on /home/user/Desktop/airflowproj/py_env/lib/python3.10/site-packages/airflow/example_dags/tutorial_dag.py
[2024-06-18T13:25:52.163+0400] {processor.py:830} INFO - Processing file /home/user/Desktop/airflowproj/py_env/lib/python3.10/site-packages/airflow/example_dags/tutorial_dag.py for tasks to queue
[2024-06-18T13:25:52.164+0400] {logging_mixin.py:188} INFO - [2024-06-18T13:25:52.164+0400] {dagbag.py:545} INFO - Filling up the DagBag from /home/user/Desktop/airflowproj/py_env/lib/python3.10/site-packages/airflow/example_dags/tutorial_dag.py
[2024-06-18T13:25:52.170+0400] {processor.py:840} INFO - DAG(s) 'tutorial_dag' retrieved from /home/user/Desktop/airflowproj/py_env/lib/python3.10/site-packages/airflow/example_dags/tutorial_dag.py
[2024-06-18T13:25:52.178+0400] {logging_mixin.py:188} INFO - [2024-06-18T13:25:52.178+0400] {dag.py:3096} INFO - Sync 1 DAGs
[2024-06-18T13:25:52.184+0400] {logging_mixin.py:188} INFO - [2024-06-18T13:25:52.184+0400] {dag.py:3954} INFO - Setting next_dagrun for tutorial_dag to None, run_after=None
[2024-06-18T13:25:52.197+0400] {processor.py:183} INFO - Processing /home/user/Desktop/airflowproj/py_env/lib/python3.10/site-packages/airflow/example_dags/tutorial_dag.py took 0.042 seconds
[2024-06-18T13:26:50.900+0400] {processor.py:161} INFO - Started process (PID=58177) to work on /home/user/Desktop/airflowproj/py_env/lib/python3.10/site-packages/airflow/example_dags/tutorial_dag.py
[2024-06-18T13:26:50.901+0400] {processor.py:830} INFO - Processing file /home/user/Desktop/airflowproj/py_env/lib/python3.10/site-packages/airflow/example_dags/tutorial_dag.py for tasks to queue
[2024-06-18T13:26:50.902+0400] {logging_mixin.py:188} INFO - [2024-06-18T13:26:50.902+0400] {dagbag.py:545} INFO - Filling up the DagBag from /home/user/Desktop/airflowproj/py_env/lib/python3.10/site-packages/airflow/example_dags/tutorial_dag.py
[2024-06-18T13:26:50.906+0400] {processor.py:840} INFO - DAG(s) 'tutorial_dag' retrieved from /home/user/Desktop/airflowproj/py_env/lib/python3.10/site-packages/airflow/example_dags/tutorial_dag.py
[2024-06-18T13:26:50.916+0400] {logging_mixin.py:188} INFO - [2024-06-18T13:26:50.916+0400] {dag.py:3096} INFO - Sync 1 DAGs
[2024-06-18T13:26:50.922+0400] {logging_mixin.py:188} INFO - [2024-06-18T13:26:50.922+0400] {dag.py:3954} INFO - Setting next_dagrun for tutorial_dag to None, run_after=None
[2024-06-18T13:26:50.935+0400] {processor.py:183} INFO - Processing /home/user/Desktop/airflowproj/py_env/lib/python3.10/site-packages/airflow/example_dags/tutorial_dag.py took 0.039 seconds
[2024-06-18T13:27:47.462+0400] {processor.py:161} INFO - Started process (PID=58410) to work on /home/user/Desktop/airflowproj/py_env/lib/python3.10/site-packages/airflow/example_dags/tutorial_dag.py
[2024-06-18T13:27:47.463+0400] {processor.py:830} INFO - Processing file /home/user/Desktop/airflowproj/py_env/lib/python3.10/site-packages/airflow/example_dags/tutorial_dag.py for tasks to queue
[2024-06-18T13:27:47.464+0400] {logging_mixin.py:188} INFO - [2024-06-18T13:27:47.464+0400] {dagbag.py:545} INFO - Filling up the DagBag from /home/user/Desktop/airflowproj/py_env/lib/python3.10/site-packages/airflow/example_dags/tutorial_dag.py
[2024-06-18T13:27:47.467+0400] {processor.py:840} INFO - DAG(s) 'tutorial_dag' retrieved from /home/user/Desktop/airflowproj/py_env/lib/python3.10/site-packages/airflow/example_dags/tutorial_dag.py
[2024-06-18T13:27:47.475+0400] {logging_mixin.py:188} INFO - [2024-06-18T13:27:47.475+0400] {dag.py:3096} INFO - Sync 1 DAGs
[2024-06-18T13:27:47.480+0400] {logging_mixin.py:188} INFO - [2024-06-18T13:27:47.480+0400] {dag.py:3954} INFO - Setting next_dagrun for tutorial_dag to None, run_after=None
[2024-06-18T13:27:47.494+0400] {processor.py:183} INFO - Processing /home/user/Desktop/airflowproj/py_env/lib/python3.10/site-packages/airflow/example_dags/tutorial_dag.py took 0.035 seconds
[2024-06-18T13:28:45.252+0400] {processor.py:161} INFO - Started process (PID=58613) to work on /home/user/Desktop/airflowproj/py_env/lib/python3.10/site-packages/airflow/example_dags/tutorial_dag.py
[2024-06-18T13:28:45.254+0400] {processor.py:830} INFO - Processing file /home/user/Desktop/airflowproj/py_env/lib/python3.10/site-packages/airflow/example_dags/tutorial_dag.py for tasks to queue
[2024-06-18T13:28:45.255+0400] {logging_mixin.py:188} INFO - [2024-06-18T13:28:45.255+0400] {dagbag.py:545} INFO - Filling up the DagBag from /home/user/Desktop/airflowproj/py_env/lib/python3.10/site-packages/airflow/example_dags/tutorial_dag.py
[2024-06-18T13:28:45.259+0400] {processor.py:840} INFO - DAG(s) 'tutorial_dag' retrieved from /home/user/Desktop/airflowproj/py_env/lib/python3.10/site-packages/airflow/example_dags/tutorial_dag.py
[2024-06-18T13:28:45.267+0400] {logging_mixin.py:188} INFO - [2024-06-18T13:28:45.267+0400] {dag.py:3096} INFO - Sync 1 DAGs
[2024-06-18T13:28:45.272+0400] {logging_mixin.py:188} INFO - [2024-06-18T13:28:45.271+0400] {dag.py:3954} INFO - Setting next_dagrun for tutorial_dag to None, run_after=None
[2024-06-18T13:28:45.285+0400] {processor.py:183} INFO - Processing /home/user/Desktop/airflowproj/py_env/lib/python3.10/site-packages/airflow/example_dags/tutorial_dag.py took 0.037 seconds
[2024-06-18T13:29:41.655+0400] {processor.py:161} INFO - Started process (PID=58801) to work on /home/user/Desktop/airflowproj/py_env/lib/python3.10/site-packages/airflow/example_dags/tutorial_dag.py
[2024-06-18T13:29:41.658+0400] {processor.py:830} INFO - Processing file /home/user/Desktop/airflowproj/py_env/lib/python3.10/site-packages/airflow/example_dags/tutorial_dag.py for tasks to queue
[2024-06-18T13:29:41.659+0400] {logging_mixin.py:188} INFO - [2024-06-18T13:29:41.659+0400] {dagbag.py:545} INFO - Filling up the DagBag from /home/user/Desktop/airflowproj/py_env/lib/python3.10/site-packages/airflow/example_dags/tutorial_dag.py
[2024-06-18T13:29:41.664+0400] {processor.py:840} INFO - DAG(s) 'tutorial_dag' retrieved from /home/user/Desktop/airflowproj/py_env/lib/python3.10/site-packages/airflow/example_dags/tutorial_dag.py
[2024-06-18T13:29:41.674+0400] {logging_mixin.py:188} INFO - [2024-06-18T13:29:41.674+0400] {dag.py:3096} INFO - Sync 1 DAGs
[2024-06-18T13:29:41.679+0400] {logging_mixin.py:188} INFO - [2024-06-18T13:29:41.679+0400] {dag.py:3954} INFO - Setting next_dagrun for tutorial_dag to None, run_after=None
[2024-06-18T13:29:41.692+0400] {processor.py:183} INFO - Processing /home/user/Desktop/airflowproj/py_env/lib/python3.10/site-packages/airflow/example_dags/tutorial_dag.py took 0.041 seconds
[2024-06-18T13:30:40.546+0400] {processor.py:161} INFO - Started process (PID=59086) to work on /home/user/Desktop/airflowproj/py_env/lib/python3.10/site-packages/airflow/example_dags/tutorial_dag.py
[2024-06-18T13:30:40.548+0400] {processor.py:830} INFO - Processing file /home/user/Desktop/airflowproj/py_env/lib/python3.10/site-packages/airflow/example_dags/tutorial_dag.py for tasks to queue
[2024-06-18T13:30:40.549+0400] {logging_mixin.py:188} INFO - [2024-06-18T13:30:40.549+0400] {dagbag.py:545} INFO - Filling up the DagBag from /home/user/Desktop/airflowproj/py_env/lib/python3.10/site-packages/airflow/example_dags/tutorial_dag.py
[2024-06-18T13:30:40.553+0400] {processor.py:840} INFO - DAG(s) 'tutorial_dag' retrieved from /home/user/Desktop/airflowproj/py_env/lib/python3.10/site-packages/airflow/example_dags/tutorial_dag.py
[2024-06-18T13:30:40.560+0400] {logging_mixin.py:188} INFO - [2024-06-18T13:30:40.560+0400] {dag.py:3096} INFO - Sync 1 DAGs
[2024-06-18T13:30:40.566+0400] {logging_mixin.py:188} INFO - [2024-06-18T13:30:40.565+0400] {dag.py:3954} INFO - Setting next_dagrun for tutorial_dag to None, run_after=None
[2024-06-18T13:30:40.579+0400] {processor.py:183} INFO - Processing /home/user/Desktop/airflowproj/py_env/lib/python3.10/site-packages/airflow/example_dags/tutorial_dag.py took 0.038 seconds
[2024-06-18T13:31:40.919+0400] {processor.py:161} INFO - Started process (PID=59349) to work on /home/user/Desktop/airflowproj/py_env/lib/python3.10/site-packages/airflow/example_dags/tutorial_dag.py
[2024-06-18T13:31:40.921+0400] {processor.py:830} INFO - Processing file /home/user/Desktop/airflowproj/py_env/lib/python3.10/site-packages/airflow/example_dags/tutorial_dag.py for tasks to queue
[2024-06-18T13:31:40.922+0400] {logging_mixin.py:188} INFO - [2024-06-18T13:31:40.922+0400] {dagbag.py:545} INFO - Filling up the DagBag from /home/user/Desktop/airflowproj/py_env/lib/python3.10/site-packages/airflow/example_dags/tutorial_dag.py
[2024-06-18T13:31:40.925+0400] {processor.py:840} INFO - DAG(s) 'tutorial_dag' retrieved from /home/user/Desktop/airflowproj/py_env/lib/python3.10/site-packages/airflow/example_dags/tutorial_dag.py
[2024-06-18T13:31:40.933+0400] {logging_mixin.py:188} INFO - [2024-06-18T13:31:40.933+0400] {dag.py:3096} INFO - Sync 1 DAGs
[2024-06-18T13:31:40.939+0400] {logging_mixin.py:188} INFO - [2024-06-18T13:31:40.939+0400] {dag.py:3954} INFO - Setting next_dagrun for tutorial_dag to None, run_after=None
[2024-06-18T13:31:40.953+0400] {processor.py:183} INFO - Processing /home/user/Desktop/airflowproj/py_env/lib/python3.10/site-packages/airflow/example_dags/tutorial_dag.py took 0.038 seconds
