[2024-06-18T09:32:54.053+0000] {processor.py:161} INFO - Started process (PID=266) to work on /home/airflow/.local/lib/python3.12/site-packages/airflow/example_dags/example_branch_python_dop_operator_3.py
[2024-06-18T09:32:54.053+0000] {processor.py:830} INFO - Processing file /home/airflow/.local/lib/python3.12/site-packages/airflow/example_dags/example_branch_python_dop_operator_3.py for tasks to queue
[2024-06-18T09:32:54.054+0000] {logging_mixin.py:188} INFO - [2024-06-18T09:32:54.054+0000] {dagbag.py:545} INFO - Filling up the DagBag from /home/airflow/.local/lib/python3.12/site-packages/airflow/example_dags/example_branch_python_dop_operator_3.py
[2024-06-18T09:32:54.062+0000] {processor.py:840} INFO - DAG(s) 'example_branch_dop_operator_v3' retrieved from /home/airflow/.local/lib/python3.12/site-packages/airflow/example_dags/example_branch_python_dop_operator_3.py
[2024-06-18T09:32:54.070+0000] {logging_mixin.py:188} INFO - [2024-06-18T09:32:54.070+0000] {dag.py:3096} INFO - Sync 1 DAGs
[2024-06-18T09:32:54.088+0000] {logging_mixin.py:188} INFO - [2024-06-18T09:32:54.087+0000] {dag.py:3954} INFO - Setting next_dagrun for example_branch_dop_operator_v3 to 2024-06-18 09:31:00+00:00, run_after=2024-06-18 09:32:00+00:00
[2024-06-18T09:32:54.100+0000] {processor.py:183} INFO - Processing /home/airflow/.local/lib/python3.12/site-packages/airflow/example_dags/example_branch_python_dop_operator_3.py took 0.051 seconds
[2024-06-18T09:33:25.211+0000] {processor.py:161} INFO - Started process (PID=528) to work on /home/airflow/.local/lib/python3.12/site-packages/airflow/example_dags/example_branch_python_dop_operator_3.py
[2024-06-18T09:33:25.212+0000] {processor.py:830} INFO - Processing file /home/airflow/.local/lib/python3.12/site-packages/airflow/example_dags/example_branch_python_dop_operator_3.py for tasks to queue
[2024-06-18T09:33:25.212+0000] {logging_mixin.py:188} INFO - [2024-06-18T09:33:25.212+0000] {dagbag.py:545} INFO - Filling up the DagBag from /home/airflow/.local/lib/python3.12/site-packages/airflow/example_dags/example_branch_python_dop_operator_3.py
[2024-06-18T09:33:25.219+0000] {processor.py:840} INFO - DAG(s) 'example_branch_dop_operator_v3' retrieved from /home/airflow/.local/lib/python3.12/site-packages/airflow/example_dags/example_branch_python_dop_operator_3.py
[2024-06-18T09:33:25.280+0000] {logging_mixin.py:188} INFO - [2024-06-18T09:33:25.280+0000] {dag.py:3096} INFO - Sync 1 DAGs
[2024-06-18T09:33:25.293+0000] {logging_mixin.py:188} INFO - [2024-06-18T09:33:25.293+0000] {dag.py:3954} INFO - Setting next_dagrun for example_branch_dop_operator_v3 to 2024-06-18 09:32:00+00:00, run_after=2024-06-18 09:33:00+00:00
[2024-06-18T09:33:25.306+0000] {processor.py:183} INFO - Processing /home/airflow/.local/lib/python3.12/site-packages/airflow/example_dags/example_branch_python_dop_operator_3.py took 0.097 seconds
[2024-06-18T09:33:55.824+0000] {processor.py:161} INFO - Started process (PID=790) to work on /home/airflow/.local/lib/python3.12/site-packages/airflow/example_dags/example_branch_python_dop_operator_3.py
[2024-06-18T09:33:55.824+0000] {processor.py:830} INFO - Processing file /home/airflow/.local/lib/python3.12/site-packages/airflow/example_dags/example_branch_python_dop_operator_3.py for tasks to queue
[2024-06-18T09:33:55.825+0000] {logging_mixin.py:188} INFO - [2024-06-18T09:33:55.825+0000] {dagbag.py:545} INFO - Filling up the DagBag from /home/airflow/.local/lib/python3.12/site-packages/airflow/example_dags/example_branch_python_dop_operator_3.py
[2024-06-18T09:33:55.832+0000] {processor.py:840} INFO - DAG(s) 'example_branch_dop_operator_v3' retrieved from /home/airflow/.local/lib/python3.12/site-packages/airflow/example_dags/example_branch_python_dop_operator_3.py
[2024-06-18T09:33:55.844+0000] {logging_mixin.py:188} INFO - [2024-06-18T09:33:55.844+0000] {dag.py:3096} INFO - Sync 1 DAGs
[2024-06-18T09:33:55.861+0000] {logging_mixin.py:188} INFO - [2024-06-18T09:33:55.860+0000] {dag.py:3954} INFO - Setting next_dagrun for example_branch_dop_operator_v3 to 2024-06-18 09:32:00+00:00, run_after=2024-06-18 09:33:00+00:00
[2024-06-18T09:33:55.873+0000] {processor.py:183} INFO - Processing /home/airflow/.local/lib/python3.12/site-packages/airflow/example_dags/example_branch_python_dop_operator_3.py took 0.053 seconds
[2024-06-18T09:34:25.964+0000] {processor.py:161} INFO - Started process (PID=1052) to work on /home/airflow/.local/lib/python3.12/site-packages/airflow/example_dags/example_branch_python_dop_operator_3.py
[2024-06-18T09:34:25.965+0000] {processor.py:830} INFO - Processing file /home/airflow/.local/lib/python3.12/site-packages/airflow/example_dags/example_branch_python_dop_operator_3.py for tasks to queue
[2024-06-18T09:34:25.965+0000] {logging_mixin.py:188} INFO - [2024-06-18T09:34:25.965+0000] {dagbag.py:545} INFO - Filling up the DagBag from /home/airflow/.local/lib/python3.12/site-packages/airflow/example_dags/example_branch_python_dop_operator_3.py
[2024-06-18T09:34:25.971+0000] {processor.py:840} INFO - DAG(s) 'example_branch_dop_operator_v3' retrieved from /home/airflow/.local/lib/python3.12/site-packages/airflow/example_dags/example_branch_python_dop_operator_3.py
[2024-06-18T09:34:25.988+0000] {logging_mixin.py:188} INFO - [2024-06-18T09:34:25.988+0000] {dag.py:3096} INFO - Sync 1 DAGs
[2024-06-18T09:34:26.008+0000] {logging_mixin.py:188} INFO - [2024-06-18T09:34:26.008+0000] {dag.py:3954} INFO - Setting next_dagrun for example_branch_dop_operator_v3 to 2024-06-18 09:33:00+00:00, run_after=2024-06-18 09:34:00+00:00
[2024-06-18T09:34:26.028+0000] {processor.py:183} INFO - Processing /home/airflow/.local/lib/python3.12/site-packages/airflow/example_dags/example_branch_python_dop_operator_3.py took 0.068 seconds
[2024-06-18T09:34:56.269+0000] {processor.py:161} INFO - Started process (PID=1314) to work on /home/airflow/.local/lib/python3.12/site-packages/airflow/example_dags/example_branch_python_dop_operator_3.py
[2024-06-18T09:34:56.270+0000] {processor.py:830} INFO - Processing file /home/airflow/.local/lib/python3.12/site-packages/airflow/example_dags/example_branch_python_dop_operator_3.py for tasks to queue
[2024-06-18T09:34:56.271+0000] {logging_mixin.py:188} INFO - [2024-06-18T09:34:56.271+0000] {dagbag.py:545} INFO - Filling up the DagBag from /home/airflow/.local/lib/python3.12/site-packages/airflow/example_dags/example_branch_python_dop_operator_3.py
[2024-06-18T09:34:56.277+0000] {processor.py:840} INFO - DAG(s) 'example_branch_dop_operator_v3' retrieved from /home/airflow/.local/lib/python3.12/site-packages/airflow/example_dags/example_branch_python_dop_operator_3.py
[2024-06-18T09:34:56.289+0000] {logging_mixin.py:188} INFO - [2024-06-18T09:34:56.289+0000] {dag.py:3096} INFO - Sync 1 DAGs
[2024-06-18T09:34:56.303+0000] {logging_mixin.py:188} INFO - [2024-06-18T09:34:56.303+0000] {dag.py:3954} INFO - Setting next_dagrun for example_branch_dop_operator_v3 to 2024-06-18 09:33:00+00:00, run_after=2024-06-18 09:34:00+00:00
[2024-06-18T09:34:56.313+0000] {processor.py:183} INFO - Processing /home/airflow/.local/lib/python3.12/site-packages/airflow/example_dags/example_branch_python_dop_operator_3.py took 0.047 seconds
[2024-06-18T09:35:26.384+0000] {processor.py:161} INFO - Started process (PID=1576) to work on /home/airflow/.local/lib/python3.12/site-packages/airflow/example_dags/example_branch_python_dop_operator_3.py
[2024-06-18T09:35:26.385+0000] {processor.py:830} INFO - Processing file /home/airflow/.local/lib/python3.12/site-packages/airflow/example_dags/example_branch_python_dop_operator_3.py for tasks to queue
[2024-06-18T09:35:26.386+0000] {logging_mixin.py:188} INFO - [2024-06-18T09:35:26.386+0000] {dagbag.py:545} INFO - Filling up the DagBag from /home/airflow/.local/lib/python3.12/site-packages/airflow/example_dags/example_branch_python_dop_operator_3.py
[2024-06-18T09:35:26.391+0000] {processor.py:840} INFO - DAG(s) 'example_branch_dop_operator_v3' retrieved from /home/airflow/.local/lib/python3.12/site-packages/airflow/example_dags/example_branch_python_dop_operator_3.py
[2024-06-18T09:35:26.403+0000] {logging_mixin.py:188} INFO - [2024-06-18T09:35:26.403+0000] {dag.py:3096} INFO - Sync 1 DAGs
[2024-06-18T09:35:26.418+0000] {logging_mixin.py:188} INFO - [2024-06-18T09:35:26.418+0000] {dag.py:3954} INFO - Setting next_dagrun for example_branch_dop_operator_v3 to 2024-06-18 09:34:00+00:00, run_after=2024-06-18 09:35:00+00:00
[2024-06-18T09:35:26.428+0000] {processor.py:183} INFO - Processing /home/airflow/.local/lib/python3.12/site-packages/airflow/example_dags/example_branch_python_dop_operator_3.py took 0.048 seconds
[2024-06-18T09:35:56.456+0000] {processor.py:161} INFO - Started process (PID=1835) to work on /home/airflow/.local/lib/python3.12/site-packages/airflow/example_dags/example_branch_python_dop_operator_3.py
[2024-06-18T09:35:56.456+0000] {processor.py:830} INFO - Processing file /home/airflow/.local/lib/python3.12/site-packages/airflow/example_dags/example_branch_python_dop_operator_3.py for tasks to queue
[2024-06-18T09:35:56.457+0000] {logging_mixin.py:188} INFO - [2024-06-18T09:35:56.457+0000] {dagbag.py:545} INFO - Filling up the DagBag from /home/airflow/.local/lib/python3.12/site-packages/airflow/example_dags/example_branch_python_dop_operator_3.py
[2024-06-18T09:35:56.462+0000] {processor.py:840} INFO - DAG(s) 'example_branch_dop_operator_v3' retrieved from /home/airflow/.local/lib/python3.12/site-packages/airflow/example_dags/example_branch_python_dop_operator_3.py
[2024-06-18T09:35:56.474+0000] {logging_mixin.py:188} INFO - [2024-06-18T09:35:56.474+0000] {dag.py:3096} INFO - Sync 1 DAGs
[2024-06-18T09:35:56.493+0000] {logging_mixin.py:188} INFO - [2024-06-18T09:35:56.493+0000] {dag.py:3954} INFO - Setting next_dagrun for example_branch_dop_operator_v3 to 2024-06-18 09:34:00+00:00, run_after=2024-06-18 09:35:00+00:00
[2024-06-18T09:35:56.507+0000] {processor.py:183} INFO - Processing /home/airflow/.local/lib/python3.12/site-packages/airflow/example_dags/example_branch_python_dop_operator_3.py took 0.055 seconds
[2024-06-18T09:36:26.571+0000] {processor.py:161} INFO - Started process (PID=2097) to work on /home/airflow/.local/lib/python3.12/site-packages/airflow/example_dags/example_branch_python_dop_operator_3.py
[2024-06-18T09:36:26.572+0000] {processor.py:830} INFO - Processing file /home/airflow/.local/lib/python3.12/site-packages/airflow/example_dags/example_branch_python_dop_operator_3.py for tasks to queue
[2024-06-18T09:36:26.573+0000] {logging_mixin.py:188} INFO - [2024-06-18T09:36:26.573+0000] {dagbag.py:545} INFO - Filling up the DagBag from /home/airflow/.local/lib/python3.12/site-packages/airflow/example_dags/example_branch_python_dop_operator_3.py
[2024-06-18T09:36:26.577+0000] {processor.py:840} INFO - DAG(s) 'example_branch_dop_operator_v3' retrieved from /home/airflow/.local/lib/python3.12/site-packages/airflow/example_dags/example_branch_python_dop_operator_3.py
[2024-06-18T09:36:26.590+0000] {logging_mixin.py:188} INFO - [2024-06-18T09:36:26.590+0000] {dag.py:3096} INFO - Sync 1 DAGs
[2024-06-18T09:36:26.603+0000] {logging_mixin.py:188} INFO - [2024-06-18T09:36:26.603+0000] {dag.py:3954} INFO - Setting next_dagrun for example_branch_dop_operator_v3 to 2024-06-18 09:35:00+00:00, run_after=2024-06-18 09:36:00+00:00
[2024-06-18T09:36:26.613+0000] {processor.py:183} INFO - Processing /home/airflow/.local/lib/python3.12/site-packages/airflow/example_dags/example_branch_python_dop_operator_3.py took 0.045 seconds
[2024-06-18T09:36:57.004+0000] {processor.py:161} INFO - Started process (PID=2357) to work on /home/airflow/.local/lib/python3.12/site-packages/airflow/example_dags/example_branch_python_dop_operator_3.py
[2024-06-18T09:36:57.005+0000] {processor.py:830} INFO - Processing file /home/airflow/.local/lib/python3.12/site-packages/airflow/example_dags/example_branch_python_dop_operator_3.py for tasks to queue
[2024-06-18T09:36:57.006+0000] {logging_mixin.py:188} INFO - [2024-06-18T09:36:57.006+0000] {dagbag.py:545} INFO - Filling up the DagBag from /home/airflow/.local/lib/python3.12/site-packages/airflow/example_dags/example_branch_python_dop_operator_3.py
[2024-06-18T09:36:57.011+0000] {processor.py:840} INFO - DAG(s) 'example_branch_dop_operator_v3' retrieved from /home/airflow/.local/lib/python3.12/site-packages/airflow/example_dags/example_branch_python_dop_operator_3.py
[2024-06-18T09:36:57.024+0000] {logging_mixin.py:188} INFO - [2024-06-18T09:36:57.023+0000] {dag.py:3096} INFO - Sync 1 DAGs
[2024-06-18T09:36:57.041+0000] {logging_mixin.py:188} INFO - [2024-06-18T09:36:57.041+0000] {dag.py:3954} INFO - Setting next_dagrun for example_branch_dop_operator_v3 to 2024-06-18 09:35:00+00:00, run_after=2024-06-18 09:36:00+00:00
[2024-06-18T09:36:57.054+0000] {processor.py:183} INFO - Processing /home/airflow/.local/lib/python3.12/site-packages/airflow/example_dags/example_branch_python_dop_operator_3.py took 0.054 seconds
[2024-06-18T09:37:27.156+0000] {processor.py:161} INFO - Started process (PID=2621) to work on /home/airflow/.local/lib/python3.12/site-packages/airflow/example_dags/example_branch_python_dop_operator_3.py
[2024-06-18T09:37:27.157+0000] {processor.py:830} INFO - Processing file /home/airflow/.local/lib/python3.12/site-packages/airflow/example_dags/example_branch_python_dop_operator_3.py for tasks to queue
[2024-06-18T09:37:27.158+0000] {logging_mixin.py:188} INFO - [2024-06-18T09:37:27.158+0000] {dagbag.py:545} INFO - Filling up the DagBag from /home/airflow/.local/lib/python3.12/site-packages/airflow/example_dags/example_branch_python_dop_operator_3.py
[2024-06-18T09:37:27.163+0000] {processor.py:840} INFO - DAG(s) 'example_branch_dop_operator_v3' retrieved from /home/airflow/.local/lib/python3.12/site-packages/airflow/example_dags/example_branch_python_dop_operator_3.py
[2024-06-18T09:37:27.174+0000] {logging_mixin.py:188} INFO - [2024-06-18T09:37:27.174+0000] {dag.py:3096} INFO - Sync 1 DAGs
[2024-06-18T09:37:27.188+0000] {logging_mixin.py:188} INFO - [2024-06-18T09:37:27.188+0000] {dag.py:3954} INFO - Setting next_dagrun for example_branch_dop_operator_v3 to 2024-06-18 09:36:00+00:00, run_after=2024-06-18 09:37:00+00:00
[2024-06-18T09:37:27.201+0000] {processor.py:183} INFO - Processing /home/airflow/.local/lib/python3.12/site-packages/airflow/example_dags/example_branch_python_dop_operator_3.py took 0.048 seconds
[2024-06-18T09:37:57.255+0000] {processor.py:161} INFO - Started process (PID=2881) to work on /home/airflow/.local/lib/python3.12/site-packages/airflow/example_dags/example_branch_python_dop_operator_3.py
[2024-06-18T09:37:57.255+0000] {processor.py:830} INFO - Processing file /home/airflow/.local/lib/python3.12/site-packages/airflow/example_dags/example_branch_python_dop_operator_3.py for tasks to queue
[2024-06-18T09:37:57.256+0000] {logging_mixin.py:188} INFO - [2024-06-18T09:37:57.256+0000] {dagbag.py:545} INFO - Filling up the DagBag from /home/airflow/.local/lib/python3.12/site-packages/airflow/example_dags/example_branch_python_dop_operator_3.py
[2024-06-18T09:37:57.261+0000] {processor.py:840} INFO - DAG(s) 'example_branch_dop_operator_v3' retrieved from /home/airflow/.local/lib/python3.12/site-packages/airflow/example_dags/example_branch_python_dop_operator_3.py
[2024-06-18T09:37:57.271+0000] {logging_mixin.py:188} INFO - [2024-06-18T09:37:57.271+0000] {dag.py:3096} INFO - Sync 1 DAGs
[2024-06-18T09:37:57.284+0000] {logging_mixin.py:188} INFO - [2024-06-18T09:37:57.284+0000] {dag.py:3954} INFO - Setting next_dagrun for example_branch_dop_operator_v3 to 2024-06-18 09:36:00+00:00, run_after=2024-06-18 09:37:00+00:00
[2024-06-18T09:37:57.295+0000] {processor.py:183} INFO - Processing /home/airflow/.local/lib/python3.12/site-packages/airflow/example_dags/example_branch_python_dop_operator_3.py took 0.043 seconds
[2024-06-18T09:38:27.406+0000] {processor.py:161} INFO - Started process (PID=3145) to work on /home/airflow/.local/lib/python3.12/site-packages/airflow/example_dags/example_branch_python_dop_operator_3.py
[2024-06-18T09:38:27.406+0000] {processor.py:830} INFO - Processing file /home/airflow/.local/lib/python3.12/site-packages/airflow/example_dags/example_branch_python_dop_operator_3.py for tasks to queue
[2024-06-18T09:38:27.407+0000] {logging_mixin.py:188} INFO - [2024-06-18T09:38:27.407+0000] {dagbag.py:545} INFO - Filling up the DagBag from /home/airflow/.local/lib/python3.12/site-packages/airflow/example_dags/example_branch_python_dop_operator_3.py
[2024-06-18T09:38:27.412+0000] {processor.py:840} INFO - DAG(s) 'example_branch_dop_operator_v3' retrieved from /home/airflow/.local/lib/python3.12/site-packages/airflow/example_dags/example_branch_python_dop_operator_3.py
[2024-06-18T09:38:27.423+0000] {logging_mixin.py:188} INFO - [2024-06-18T09:38:27.423+0000] {dag.py:3096} INFO - Sync 1 DAGs
[2024-06-18T09:38:27.436+0000] {logging_mixin.py:188} INFO - [2024-06-18T09:38:27.436+0000] {dag.py:3954} INFO - Setting next_dagrun for example_branch_dop_operator_v3 to 2024-06-18 09:37:00+00:00, run_after=2024-06-18 09:38:00+00:00
[2024-06-18T09:38:27.446+0000] {processor.py:183} INFO - Processing /home/airflow/.local/lib/python3.12/site-packages/airflow/example_dags/example_branch_python_dop_operator_3.py took 0.043 seconds
[2024-06-18T09:38:57.492+0000] {processor.py:161} INFO - Started process (PID=3407) to work on /home/airflow/.local/lib/python3.12/site-packages/airflow/example_dags/example_branch_python_dop_operator_3.py
[2024-06-18T09:38:57.493+0000] {processor.py:830} INFO - Processing file /home/airflow/.local/lib/python3.12/site-packages/airflow/example_dags/example_branch_python_dop_operator_3.py for tasks to queue
[2024-06-18T09:38:57.494+0000] {logging_mixin.py:188} INFO - [2024-06-18T09:38:57.494+0000] {dagbag.py:545} INFO - Filling up the DagBag from /home/airflow/.local/lib/python3.12/site-packages/airflow/example_dags/example_branch_python_dop_operator_3.py
[2024-06-18T09:38:57.498+0000] {processor.py:840} INFO - DAG(s) 'example_branch_dop_operator_v3' retrieved from /home/airflow/.local/lib/python3.12/site-packages/airflow/example_dags/example_branch_python_dop_operator_3.py
[2024-06-18T09:38:57.511+0000] {logging_mixin.py:188} INFO - [2024-06-18T09:38:57.511+0000] {dag.py:3096} INFO - Sync 1 DAGs
[2024-06-18T09:38:57.526+0000] {logging_mixin.py:188} INFO - [2024-06-18T09:38:57.525+0000] {dag.py:3954} INFO - Setting next_dagrun for example_branch_dop_operator_v3 to 2024-06-18 09:37:00+00:00, run_after=2024-06-18 09:38:00+00:00
[2024-06-18T09:38:57.539+0000] {processor.py:183} INFO - Processing /home/airflow/.local/lib/python3.12/site-packages/airflow/example_dags/example_branch_python_dop_operator_3.py took 0.050 seconds
[2024-06-18T09:39:27.767+0000] {processor.py:161} INFO - Started process (PID=3670) to work on /home/airflow/.local/lib/python3.12/site-packages/airflow/example_dags/example_branch_python_dop_operator_3.py
[2024-06-18T09:39:27.768+0000] {processor.py:830} INFO - Processing file /home/airflow/.local/lib/python3.12/site-packages/airflow/example_dags/example_branch_python_dop_operator_3.py for tasks to queue
[2024-06-18T09:39:27.769+0000] {logging_mixin.py:188} INFO - [2024-06-18T09:39:27.769+0000] {dagbag.py:545} INFO - Filling up the DagBag from /home/airflow/.local/lib/python3.12/site-packages/airflow/example_dags/example_branch_python_dop_operator_3.py
[2024-06-18T09:39:27.774+0000] {processor.py:840} INFO - DAG(s) 'example_branch_dop_operator_v3' retrieved from /home/airflow/.local/lib/python3.12/site-packages/airflow/example_dags/example_branch_python_dop_operator_3.py
[2024-06-18T09:39:27.786+0000] {logging_mixin.py:188} INFO - [2024-06-18T09:39:27.785+0000] {dag.py:3096} INFO - Sync 1 DAGs
[2024-06-18T09:39:27.799+0000] {logging_mixin.py:188} INFO - [2024-06-18T09:39:27.799+0000] {dag.py:3954} INFO - Setting next_dagrun for example_branch_dop_operator_v3 to 2024-06-18 09:38:00+00:00, run_after=2024-06-18 09:39:00+00:00
[2024-06-18T09:39:27.810+0000] {processor.py:183} INFO - Processing /home/airflow/.local/lib/python3.12/site-packages/airflow/example_dags/example_branch_python_dop_operator_3.py took 0.046 seconds
[2024-06-18T09:39:57.874+0000] {processor.py:161} INFO - Started process (PID=3932) to work on /home/airflow/.local/lib/python3.12/site-packages/airflow/example_dags/example_branch_python_dop_operator_3.py
[2024-06-18T09:39:57.875+0000] {processor.py:830} INFO - Processing file /home/airflow/.local/lib/python3.12/site-packages/airflow/example_dags/example_branch_python_dop_operator_3.py for tasks to queue
[2024-06-18T09:39:57.876+0000] {logging_mixin.py:188} INFO - [2024-06-18T09:39:57.876+0000] {dagbag.py:545} INFO - Filling up the DagBag from /home/airflow/.local/lib/python3.12/site-packages/airflow/example_dags/example_branch_python_dop_operator_3.py
[2024-06-18T09:39:57.880+0000] {processor.py:840} INFO - DAG(s) 'example_branch_dop_operator_v3' retrieved from /home/airflow/.local/lib/python3.12/site-packages/airflow/example_dags/example_branch_python_dop_operator_3.py
[2024-06-18T09:39:57.892+0000] {logging_mixin.py:188} INFO - [2024-06-18T09:39:57.892+0000] {dag.py:3096} INFO - Sync 1 DAGs
[2024-06-18T09:39:57.905+0000] {logging_mixin.py:188} INFO - [2024-06-18T09:39:57.905+0000] {dag.py:3954} INFO - Setting next_dagrun for example_branch_dop_operator_v3 to 2024-06-18 09:38:00+00:00, run_after=2024-06-18 09:39:00+00:00
[2024-06-18T09:39:57.915+0000] {processor.py:183} INFO - Processing /home/airflow/.local/lib/python3.12/site-packages/airflow/example_dags/example_branch_python_dop_operator_3.py took 0.045 seconds
[2024-06-18T09:40:28.206+0000] {processor.py:161} INFO - Started process (PID=4192) to work on /home/airflow/.local/lib/python3.12/site-packages/airflow/example_dags/example_branch_python_dop_operator_3.py
[2024-06-18T09:40:28.206+0000] {processor.py:830} INFO - Processing file /home/airflow/.local/lib/python3.12/site-packages/airflow/example_dags/example_branch_python_dop_operator_3.py for tasks to queue
[2024-06-18T09:40:28.207+0000] {logging_mixin.py:188} INFO - [2024-06-18T09:40:28.207+0000] {dagbag.py:545} INFO - Filling up the DagBag from /home/airflow/.local/lib/python3.12/site-packages/airflow/example_dags/example_branch_python_dop_operator_3.py
[2024-06-18T09:40:28.212+0000] {processor.py:840} INFO - DAG(s) 'example_branch_dop_operator_v3' retrieved from /home/airflow/.local/lib/python3.12/site-packages/airflow/example_dags/example_branch_python_dop_operator_3.py
[2024-06-18T09:40:28.223+0000] {logging_mixin.py:188} INFO - [2024-06-18T09:40:28.223+0000] {dag.py:3096} INFO - Sync 1 DAGs
[2024-06-18T09:40:28.237+0000] {logging_mixin.py:188} INFO - [2024-06-18T09:40:28.237+0000] {dag.py:3954} INFO - Setting next_dagrun for example_branch_dop_operator_v3 to 2024-06-18 09:39:00+00:00, run_after=2024-06-18 09:40:00+00:00
[2024-06-18T09:40:28.248+0000] {processor.py:183} INFO - Processing /home/airflow/.local/lib/python3.12/site-packages/airflow/example_dags/example_branch_python_dop_operator_3.py took 0.045 seconds
[2024-06-18T09:40:58.380+0000] {processor.py:161} INFO - Started process (PID=4454) to work on /home/airflow/.local/lib/python3.12/site-packages/airflow/example_dags/example_branch_python_dop_operator_3.py
[2024-06-18T09:40:58.380+0000] {processor.py:830} INFO - Processing file /home/airflow/.local/lib/python3.12/site-packages/airflow/example_dags/example_branch_python_dop_operator_3.py for tasks to queue
[2024-06-18T09:40:58.381+0000] {logging_mixin.py:188} INFO - [2024-06-18T09:40:58.381+0000] {dagbag.py:545} INFO - Filling up the DagBag from /home/airflow/.local/lib/python3.12/site-packages/airflow/example_dags/example_branch_python_dop_operator_3.py
[2024-06-18T09:40:58.386+0000] {processor.py:840} INFO - DAG(s) 'example_branch_dop_operator_v3' retrieved from /home/airflow/.local/lib/python3.12/site-packages/airflow/example_dags/example_branch_python_dop_operator_3.py
[2024-06-18T09:40:58.397+0000] {logging_mixin.py:188} INFO - [2024-06-18T09:40:58.396+0000] {dag.py:3096} INFO - Sync 1 DAGs
[2024-06-18T09:40:58.409+0000] {logging_mixin.py:188} INFO - [2024-06-18T09:40:58.409+0000] {dag.py:3954} INFO - Setting next_dagrun for example_branch_dop_operator_v3 to 2024-06-18 09:39:00+00:00, run_after=2024-06-18 09:40:00+00:00
[2024-06-18T09:40:58.419+0000] {processor.py:183} INFO - Processing /home/airflow/.local/lib/python3.12/site-packages/airflow/example_dags/example_branch_python_dop_operator_3.py took 0.043 seconds
[2024-06-18T09:41:29.114+0000] {processor.py:161} INFO - Started process (PID=4718) to work on /home/airflow/.local/lib/python3.12/site-packages/airflow/example_dags/example_branch_python_dop_operator_3.py
[2024-06-18T09:41:29.115+0000] {processor.py:830} INFO - Processing file /home/airflow/.local/lib/python3.12/site-packages/airflow/example_dags/example_branch_python_dop_operator_3.py for tasks to queue
[2024-06-18T09:41:29.116+0000] {logging_mixin.py:188} INFO - [2024-06-18T09:41:29.115+0000] {dagbag.py:545} INFO - Filling up the DagBag from /home/airflow/.local/lib/python3.12/site-packages/airflow/example_dags/example_branch_python_dop_operator_3.py
[2024-06-18T09:41:29.120+0000] {processor.py:840} INFO - DAG(s) 'example_branch_dop_operator_v3' retrieved from /home/airflow/.local/lib/python3.12/site-packages/airflow/example_dags/example_branch_python_dop_operator_3.py
[2024-06-18T09:41:29.132+0000] {logging_mixin.py:188} INFO - [2024-06-18T09:41:29.132+0000] {dag.py:3096} INFO - Sync 1 DAGs
[2024-06-18T09:41:29.146+0000] {logging_mixin.py:188} INFO - [2024-06-18T09:41:29.146+0000] {dag.py:3954} INFO - Setting next_dagrun for example_branch_dop_operator_v3 to 2024-06-18 09:40:00+00:00, run_after=2024-06-18 09:41:00+00:00
[2024-06-18T09:41:29.156+0000] {processor.py:183} INFO - Processing /home/airflow/.local/lib/python3.12/site-packages/airflow/example_dags/example_branch_python_dop_operator_3.py took 0.045 seconds
[2024-06-18T09:41:59.893+0000] {processor.py:161} INFO - Started process (PID=4980) to work on /home/airflow/.local/lib/python3.12/site-packages/airflow/example_dags/example_branch_python_dop_operator_3.py
[2024-06-18T09:41:59.893+0000] {processor.py:830} INFO - Processing file /home/airflow/.local/lib/python3.12/site-packages/airflow/example_dags/example_branch_python_dop_operator_3.py for tasks to queue
[2024-06-18T09:41:59.894+0000] {logging_mixin.py:188} INFO - [2024-06-18T09:41:59.894+0000] {dagbag.py:545} INFO - Filling up the DagBag from /home/airflow/.local/lib/python3.12/site-packages/airflow/example_dags/example_branch_python_dop_operator_3.py
[2024-06-18T09:41:59.899+0000] {processor.py:840} INFO - DAG(s) 'example_branch_dop_operator_v3' retrieved from /home/airflow/.local/lib/python3.12/site-packages/airflow/example_dags/example_branch_python_dop_operator_3.py
[2024-06-18T09:41:59.910+0000] {logging_mixin.py:188} INFO - [2024-06-18T09:41:59.910+0000] {dag.py:3096} INFO - Sync 1 DAGs
[2024-06-18T09:41:59.924+0000] {logging_mixin.py:188} INFO - [2024-06-18T09:41:59.924+0000] {dag.py:3954} INFO - Setting next_dagrun for example_branch_dop_operator_v3 to 2024-06-18 09:40:00+00:00, run_after=2024-06-18 09:41:00+00:00
[2024-06-18T09:41:59.934+0000] {processor.py:183} INFO - Processing /home/airflow/.local/lib/python3.12/site-packages/airflow/example_dags/example_branch_python_dop_operator_3.py took 0.044 seconds
[2024-06-18T09:42:30.616+0000] {processor.py:161} INFO - Started process (PID=5242) to work on /home/airflow/.local/lib/python3.12/site-packages/airflow/example_dags/example_branch_python_dop_operator_3.py
[2024-06-18T09:42:30.616+0000] {processor.py:830} INFO - Processing file /home/airflow/.local/lib/python3.12/site-packages/airflow/example_dags/example_branch_python_dop_operator_3.py for tasks to queue
[2024-06-18T09:42:30.617+0000] {logging_mixin.py:188} INFO - [2024-06-18T09:42:30.617+0000] {dagbag.py:545} INFO - Filling up the DagBag from /home/airflow/.local/lib/python3.12/site-packages/airflow/example_dags/example_branch_python_dop_operator_3.py
[2024-06-18T09:42:30.622+0000] {processor.py:840} INFO - DAG(s) 'example_branch_dop_operator_v3' retrieved from /home/airflow/.local/lib/python3.12/site-packages/airflow/example_dags/example_branch_python_dop_operator_3.py
[2024-06-18T09:42:30.634+0000] {logging_mixin.py:188} INFO - [2024-06-18T09:42:30.633+0000] {dag.py:3096} INFO - Sync 1 DAGs
[2024-06-18T09:42:30.647+0000] {logging_mixin.py:188} INFO - [2024-06-18T09:42:30.647+0000] {dag.py:3954} INFO - Setting next_dagrun for example_branch_dop_operator_v3 to 2024-06-18 09:41:00+00:00, run_after=2024-06-18 09:42:00+00:00
[2024-06-18T09:42:30.659+0000] {processor.py:183} INFO - Processing /home/airflow/.local/lib/python3.12/site-packages/airflow/example_dags/example_branch_python_dop_operator_3.py took 0.047 seconds
[2024-06-18T09:43:01.467+0000] {processor.py:161} INFO - Started process (PID=5504) to work on /home/airflow/.local/lib/python3.12/site-packages/airflow/example_dags/example_branch_python_dop_operator_3.py
[2024-06-18T09:43:01.468+0000] {processor.py:830} INFO - Processing file /home/airflow/.local/lib/python3.12/site-packages/airflow/example_dags/example_branch_python_dop_operator_3.py for tasks to queue
[2024-06-18T09:43:01.469+0000] {logging_mixin.py:188} INFO - [2024-06-18T09:43:01.469+0000] {dagbag.py:545} INFO - Filling up the DagBag from /home/airflow/.local/lib/python3.12/site-packages/airflow/example_dags/example_branch_python_dop_operator_3.py
[2024-06-18T09:43:01.473+0000] {processor.py:840} INFO - DAG(s) 'example_branch_dop_operator_v3' retrieved from /home/airflow/.local/lib/python3.12/site-packages/airflow/example_dags/example_branch_python_dop_operator_3.py
[2024-06-18T09:43:01.483+0000] {logging_mixin.py:188} INFO - [2024-06-18T09:43:01.483+0000] {dag.py:3096} INFO - Sync 1 DAGs
[2024-06-18T09:43:01.498+0000] {logging_mixin.py:188} INFO - [2024-06-18T09:43:01.497+0000] {dag.py:3954} INFO - Setting next_dagrun for example_branch_dop_operator_v3 to 2024-06-18 09:42:00+00:00, run_after=2024-06-18 09:43:00+00:00
[2024-06-18T09:43:01.508+0000] {processor.py:183} INFO - Processing /home/airflow/.local/lib/python3.12/site-packages/airflow/example_dags/example_branch_python_dop_operator_3.py took 0.043 seconds
[2024-06-18T09:43:31.597+0000] {processor.py:161} INFO - Started process (PID=5766) to work on /home/airflow/.local/lib/python3.12/site-packages/airflow/example_dags/example_branch_python_dop_operator_3.py
[2024-06-18T09:43:31.597+0000] {processor.py:830} INFO - Processing file /home/airflow/.local/lib/python3.12/site-packages/airflow/example_dags/example_branch_python_dop_operator_3.py for tasks to queue
[2024-06-18T09:43:31.598+0000] {logging_mixin.py:188} INFO - [2024-06-18T09:43:31.598+0000] {dagbag.py:545} INFO - Filling up the DagBag from /home/airflow/.local/lib/python3.12/site-packages/airflow/example_dags/example_branch_python_dop_operator_3.py
[2024-06-18T09:43:31.602+0000] {processor.py:840} INFO - DAG(s) 'example_branch_dop_operator_v3' retrieved from /home/airflow/.local/lib/python3.12/site-packages/airflow/example_dags/example_branch_python_dop_operator_3.py
[2024-06-18T09:43:31.613+0000] {logging_mixin.py:188} INFO - [2024-06-18T09:43:31.613+0000] {dag.py:3096} INFO - Sync 1 DAGs
[2024-06-18T09:43:31.627+0000] {logging_mixin.py:188} INFO - [2024-06-18T09:43:31.627+0000] {dag.py:3954} INFO - Setting next_dagrun for example_branch_dop_operator_v3 to 2024-06-18 09:42:00+00:00, run_after=2024-06-18 09:43:00+00:00
[2024-06-18T09:43:31.637+0000] {processor.py:183} INFO - Processing /home/airflow/.local/lib/python3.12/site-packages/airflow/example_dags/example_branch_python_dop_operator_3.py took 0.044 seconds
[2024-06-18T09:44:01.754+0000] {processor.py:161} INFO - Started process (PID=6028) to work on /home/airflow/.local/lib/python3.12/site-packages/airflow/example_dags/example_branch_python_dop_operator_3.py
[2024-06-18T09:44:01.754+0000] {processor.py:830} INFO - Processing file /home/airflow/.local/lib/python3.12/site-packages/airflow/example_dags/example_branch_python_dop_operator_3.py for tasks to queue
[2024-06-18T09:44:01.755+0000] {logging_mixin.py:188} INFO - [2024-06-18T09:44:01.755+0000] {dagbag.py:545} INFO - Filling up the DagBag from /home/airflow/.local/lib/python3.12/site-packages/airflow/example_dags/example_branch_python_dop_operator_3.py
[2024-06-18T09:44:01.760+0000] {processor.py:840} INFO - DAG(s) 'example_branch_dop_operator_v3' retrieved from /home/airflow/.local/lib/python3.12/site-packages/airflow/example_dags/example_branch_python_dop_operator_3.py
[2024-06-18T09:44:01.770+0000] {logging_mixin.py:188} INFO - [2024-06-18T09:44:01.770+0000] {dag.py:3096} INFO - Sync 1 DAGs
[2024-06-18T09:44:01.784+0000] {logging_mixin.py:188} INFO - [2024-06-18T09:44:01.783+0000] {dag.py:3954} INFO - Setting next_dagrun for example_branch_dop_operator_v3 to 2024-06-18 09:43:00+00:00, run_after=2024-06-18 09:44:00+00:00
[2024-06-18T09:44:01.794+0000] {processor.py:183} INFO - Processing /home/airflow/.local/lib/python3.12/site-packages/airflow/example_dags/example_branch_python_dop_operator_3.py took 0.043 seconds
[2024-06-18T09:44:32.644+0000] {processor.py:161} INFO - Started process (PID=6288) to work on /home/airflow/.local/lib/python3.12/site-packages/airflow/example_dags/example_branch_python_dop_operator_3.py
[2024-06-18T09:44:32.645+0000] {processor.py:830} INFO - Processing file /home/airflow/.local/lib/python3.12/site-packages/airflow/example_dags/example_branch_python_dop_operator_3.py for tasks to queue
[2024-06-18T09:44:32.645+0000] {logging_mixin.py:188} INFO - [2024-06-18T09:44:32.645+0000] {dagbag.py:545} INFO - Filling up the DagBag from /home/airflow/.local/lib/python3.12/site-packages/airflow/example_dags/example_branch_python_dop_operator_3.py
[2024-06-18T09:44:32.650+0000] {processor.py:840} INFO - DAG(s) 'example_branch_dop_operator_v3' retrieved from /home/airflow/.local/lib/python3.12/site-packages/airflow/example_dags/example_branch_python_dop_operator_3.py
[2024-06-18T09:44:32.661+0000] {logging_mixin.py:188} INFO - [2024-06-18T09:44:32.661+0000] {dag.py:3096} INFO - Sync 1 DAGs
[2024-06-18T09:44:32.676+0000] {logging_mixin.py:188} INFO - [2024-06-18T09:44:32.676+0000] {dag.py:3954} INFO - Setting next_dagrun for example_branch_dop_operator_v3 to 2024-06-18 09:43:00+00:00, run_after=2024-06-18 09:44:00+00:00
[2024-06-18T09:44:32.688+0000] {processor.py:183} INFO - Processing /home/airflow/.local/lib/python3.12/site-packages/airflow/example_dags/example_branch_python_dop_operator_3.py took 0.047 seconds
[2024-06-18T09:45:02.744+0000] {processor.py:161} INFO - Started process (PID=6549) to work on /home/airflow/.local/lib/python3.12/site-packages/airflow/example_dags/example_branch_python_dop_operator_3.py
[2024-06-18T09:45:02.745+0000] {processor.py:830} INFO - Processing file /home/airflow/.local/lib/python3.12/site-packages/airflow/example_dags/example_branch_python_dop_operator_3.py for tasks to queue
[2024-06-18T09:45:02.746+0000] {logging_mixin.py:188} INFO - [2024-06-18T09:45:02.745+0000] {dagbag.py:545} INFO - Filling up the DagBag from /home/airflow/.local/lib/python3.12/site-packages/airflow/example_dags/example_branch_python_dop_operator_3.py
[2024-06-18T09:45:02.750+0000] {processor.py:840} INFO - DAG(s) 'example_branch_dop_operator_v3' retrieved from /home/airflow/.local/lib/python3.12/site-packages/airflow/example_dags/example_branch_python_dop_operator_3.py
[2024-06-18T09:45:02.761+0000] {logging_mixin.py:188} INFO - [2024-06-18T09:45:02.761+0000] {dag.py:3096} INFO - Sync 1 DAGs
[2024-06-18T09:45:02.774+0000] {logging_mixin.py:188} INFO - [2024-06-18T09:45:02.774+0000] {dag.py:3954} INFO - Setting next_dagrun for example_branch_dop_operator_v3 to 2024-06-18 09:44:00+00:00, run_after=2024-06-18 09:45:00+00:00
[2024-06-18T09:45:02.784+0000] {processor.py:183} INFO - Processing /home/airflow/.local/lib/python3.12/site-packages/airflow/example_dags/example_branch_python_dop_operator_3.py took 0.043 seconds
[2024-06-18T09:45:32.837+0000] {processor.py:161} INFO - Started process (PID=6811) to work on /home/airflow/.local/lib/python3.12/site-packages/airflow/example_dags/example_branch_python_dop_operator_3.py
[2024-06-18T09:45:32.838+0000] {processor.py:830} INFO - Processing file /home/airflow/.local/lib/python3.12/site-packages/airflow/example_dags/example_branch_python_dop_operator_3.py for tasks to queue
[2024-06-18T09:45:32.838+0000] {logging_mixin.py:188} INFO - [2024-06-18T09:45:32.838+0000] {dagbag.py:545} INFO - Filling up the DagBag from /home/airflow/.local/lib/python3.12/site-packages/airflow/example_dags/example_branch_python_dop_operator_3.py
[2024-06-18T09:45:32.843+0000] {processor.py:840} INFO - DAG(s) 'example_branch_dop_operator_v3' retrieved from /home/airflow/.local/lib/python3.12/site-packages/airflow/example_dags/example_branch_python_dop_operator_3.py
[2024-06-18T09:45:32.854+0000] {logging_mixin.py:188} INFO - [2024-06-18T09:45:32.853+0000] {dag.py:3096} INFO - Sync 1 DAGs
[2024-06-18T09:45:32.868+0000] {logging_mixin.py:188} INFO - [2024-06-18T09:45:32.867+0000] {dag.py:3954} INFO - Setting next_dagrun for example_branch_dop_operator_v3 to 2024-06-18 09:44:00+00:00, run_after=2024-06-18 09:45:00+00:00
[2024-06-18T09:45:32.879+0000] {processor.py:183} INFO - Processing /home/airflow/.local/lib/python3.12/site-packages/airflow/example_dags/example_branch_python_dop_operator_3.py took 0.045 seconds
[2024-06-18T09:46:03.058+0000] {processor.py:161} INFO - Started process (PID=7073) to work on /home/airflow/.local/lib/python3.12/site-packages/airflow/example_dags/example_branch_python_dop_operator_3.py
[2024-06-18T09:46:03.059+0000] {processor.py:830} INFO - Processing file /home/airflow/.local/lib/python3.12/site-packages/airflow/example_dags/example_branch_python_dop_operator_3.py for tasks to queue
[2024-06-18T09:46:03.059+0000] {logging_mixin.py:188} INFO - [2024-06-18T09:46:03.059+0000] {dagbag.py:545} INFO - Filling up the DagBag from /home/airflow/.local/lib/python3.12/site-packages/airflow/example_dags/example_branch_python_dop_operator_3.py
[2024-06-18T09:46:03.064+0000] {processor.py:840} INFO - DAG(s) 'example_branch_dop_operator_v3' retrieved from /home/airflow/.local/lib/python3.12/site-packages/airflow/example_dags/example_branch_python_dop_operator_3.py
[2024-06-18T09:46:03.074+0000] {logging_mixin.py:188} INFO - [2024-06-18T09:46:03.074+0000] {dag.py:3096} INFO - Sync 1 DAGs
[2024-06-18T09:46:03.087+0000] {logging_mixin.py:188} INFO - [2024-06-18T09:46:03.087+0000] {dag.py:3954} INFO - Setting next_dagrun for example_branch_dop_operator_v3 to 2024-06-18 09:45:00+00:00, run_after=2024-06-18 09:46:00+00:00
[2024-06-18T09:46:03.100+0000] {processor.py:183} INFO - Processing /home/airflow/.local/lib/python3.12/site-packages/airflow/example_dags/example_branch_python_dop_operator_3.py took 0.045 seconds
[2024-06-18T09:46:33.150+0000] {processor.py:161} INFO - Started process (PID=7335) to work on /home/airflow/.local/lib/python3.12/site-packages/airflow/example_dags/example_branch_python_dop_operator_3.py
[2024-06-18T09:46:33.151+0000] {processor.py:830} INFO - Processing file /home/airflow/.local/lib/python3.12/site-packages/airflow/example_dags/example_branch_python_dop_operator_3.py for tasks to queue
[2024-06-18T09:46:33.152+0000] {logging_mixin.py:188} INFO - [2024-06-18T09:46:33.152+0000] {dagbag.py:545} INFO - Filling up the DagBag from /home/airflow/.local/lib/python3.12/site-packages/airflow/example_dags/example_branch_python_dop_operator_3.py
[2024-06-18T09:46:33.157+0000] {processor.py:840} INFO - DAG(s) 'example_branch_dop_operator_v3' retrieved from /home/airflow/.local/lib/python3.12/site-packages/airflow/example_dags/example_branch_python_dop_operator_3.py
[2024-06-18T09:46:33.168+0000] {logging_mixin.py:188} INFO - [2024-06-18T09:46:33.167+0000] {dag.py:3096} INFO - Sync 1 DAGs
[2024-06-18T09:46:33.181+0000] {logging_mixin.py:188} INFO - [2024-06-18T09:46:33.181+0000] {dag.py:3954} INFO - Setting next_dagrun for example_branch_dop_operator_v3 to 2024-06-18 09:45:00+00:00, run_after=2024-06-18 09:46:00+00:00
[2024-06-18T09:46:33.191+0000] {processor.py:183} INFO - Processing /home/airflow/.local/lib/python3.12/site-packages/airflow/example_dags/example_branch_python_dop_operator_3.py took 0.044 seconds
[2024-06-18T09:47:03.235+0000] {processor.py:161} INFO - Started process (PID=7597) to work on /home/airflow/.local/lib/python3.12/site-packages/airflow/example_dags/example_branch_python_dop_operator_3.py
[2024-06-18T09:47:03.235+0000] {processor.py:830} INFO - Processing file /home/airflow/.local/lib/python3.12/site-packages/airflow/example_dags/example_branch_python_dop_operator_3.py for tasks to queue
[2024-06-18T09:47:03.236+0000] {logging_mixin.py:188} INFO - [2024-06-18T09:47:03.236+0000] {dagbag.py:545} INFO - Filling up the DagBag from /home/airflow/.local/lib/python3.12/site-packages/airflow/example_dags/example_branch_python_dop_operator_3.py
[2024-06-18T09:47:03.241+0000] {processor.py:840} INFO - DAG(s) 'example_branch_dop_operator_v3' retrieved from /home/airflow/.local/lib/python3.12/site-packages/airflow/example_dags/example_branch_python_dop_operator_3.py
[2024-06-18T09:47:03.251+0000] {logging_mixin.py:188} INFO - [2024-06-18T09:47:03.251+0000] {dag.py:3096} INFO - Sync 1 DAGs
[2024-06-18T09:47:03.265+0000] {logging_mixin.py:188} INFO - [2024-06-18T09:47:03.265+0000] {dag.py:3954} INFO - Setting next_dagrun for example_branch_dop_operator_v3 to 2024-06-18 09:46:00+00:00, run_after=2024-06-18 09:47:00+00:00
[2024-06-18T09:47:03.277+0000] {processor.py:183} INFO - Processing /home/airflow/.local/lib/python3.12/site-packages/airflow/example_dags/example_branch_python_dop_operator_3.py took 0.045 seconds
[2024-06-18T09:47:34.021+0000] {processor.py:161} INFO - Started process (PID=7861) to work on /home/airflow/.local/lib/python3.12/site-packages/airflow/example_dags/example_branch_python_dop_operator_3.py
[2024-06-18T09:47:34.021+0000] {processor.py:830} INFO - Processing file /home/airflow/.local/lib/python3.12/site-packages/airflow/example_dags/example_branch_python_dop_operator_3.py for tasks to queue
[2024-06-18T09:47:34.022+0000] {logging_mixin.py:188} INFO - [2024-06-18T09:47:34.022+0000] {dagbag.py:545} INFO - Filling up the DagBag from /home/airflow/.local/lib/python3.12/site-packages/airflow/example_dags/example_branch_python_dop_operator_3.py
[2024-06-18T09:47:34.027+0000] {processor.py:840} INFO - DAG(s) 'example_branch_dop_operator_v3' retrieved from /home/airflow/.local/lib/python3.12/site-packages/airflow/example_dags/example_branch_python_dop_operator_3.py
[2024-06-18T09:47:34.037+0000] {logging_mixin.py:188} INFO - [2024-06-18T09:47:34.037+0000] {dag.py:3096} INFO - Sync 1 DAGs
[2024-06-18T09:47:34.050+0000] {logging_mixin.py:188} INFO - [2024-06-18T09:47:34.050+0000] {dag.py:3954} INFO - Setting next_dagrun for example_branch_dop_operator_v3 to 2024-06-18 09:46:00+00:00, run_after=2024-06-18 09:47:00+00:00
[2024-06-18T09:47:34.060+0000] {processor.py:183} INFO - Processing /home/airflow/.local/lib/python3.12/site-packages/airflow/example_dags/example_branch_python_dop_operator_3.py took 0.043 seconds
[2024-06-18T09:48:04.745+0000] {processor.py:161} INFO - Started process (PID=8121) to work on /home/airflow/.local/lib/python3.12/site-packages/airflow/example_dags/example_branch_python_dop_operator_3.py
[2024-06-18T09:48:04.746+0000] {processor.py:830} INFO - Processing file /home/airflow/.local/lib/python3.12/site-packages/airflow/example_dags/example_branch_python_dop_operator_3.py for tasks to queue
[2024-06-18T09:48:04.747+0000] {logging_mixin.py:188} INFO - [2024-06-18T09:48:04.747+0000] {dagbag.py:545} INFO - Filling up the DagBag from /home/airflow/.local/lib/python3.12/site-packages/airflow/example_dags/example_branch_python_dop_operator_3.py
[2024-06-18T09:48:04.751+0000] {processor.py:840} INFO - DAG(s) 'example_branch_dop_operator_v3' retrieved from /home/airflow/.local/lib/python3.12/site-packages/airflow/example_dags/example_branch_python_dop_operator_3.py
[2024-06-18T09:48:04.762+0000] {logging_mixin.py:188} INFO - [2024-06-18T09:48:04.761+0000] {dag.py:3096} INFO - Sync 1 DAGs
[2024-06-18T09:48:04.775+0000] {logging_mixin.py:188} INFO - [2024-06-18T09:48:04.775+0000] {dag.py:3954} INFO - Setting next_dagrun for example_branch_dop_operator_v3 to 2024-06-18 09:47:00+00:00, run_after=2024-06-18 09:48:00+00:00
[2024-06-18T09:48:04.787+0000] {processor.py:183} INFO - Processing /home/airflow/.local/lib/python3.12/site-packages/airflow/example_dags/example_branch_python_dop_operator_3.py took 0.046 seconds
[2024-06-18T09:48:35.590+0000] {processor.py:161} INFO - Started process (PID=8383) to work on /home/airflow/.local/lib/python3.12/site-packages/airflow/example_dags/example_branch_python_dop_operator_3.py
[2024-06-18T09:48:35.590+0000] {processor.py:830} INFO - Processing file /home/airflow/.local/lib/python3.12/site-packages/airflow/example_dags/example_branch_python_dop_operator_3.py for tasks to queue
[2024-06-18T09:48:35.591+0000] {logging_mixin.py:188} INFO - [2024-06-18T09:48:35.591+0000] {dagbag.py:545} INFO - Filling up the DagBag from /home/airflow/.local/lib/python3.12/site-packages/airflow/example_dags/example_branch_python_dop_operator_3.py
[2024-06-18T09:48:35.596+0000] {processor.py:840} INFO - DAG(s) 'example_branch_dop_operator_v3' retrieved from /home/airflow/.local/lib/python3.12/site-packages/airflow/example_dags/example_branch_python_dop_operator_3.py
[2024-06-18T09:48:35.607+0000] {logging_mixin.py:188} INFO - [2024-06-18T09:48:35.607+0000] {dag.py:3096} INFO - Sync 1 DAGs
[2024-06-18T09:48:35.621+0000] {logging_mixin.py:188} INFO - [2024-06-18T09:48:35.621+0000] {dag.py:3954} INFO - Setting next_dagrun for example_branch_dop_operator_v3 to 2024-06-18 09:47:00+00:00, run_after=2024-06-18 09:48:00+00:00
[2024-06-18T09:48:35.632+0000] {processor.py:183} INFO - Processing /home/airflow/.local/lib/python3.12/site-packages/airflow/example_dags/example_branch_python_dop_operator_3.py took 0.045 seconds
[2024-06-18T09:49:06.365+0000] {processor.py:161} INFO - Started process (PID=8645) to work on /home/airflow/.local/lib/python3.12/site-packages/airflow/example_dags/example_branch_python_dop_operator_3.py
[2024-06-18T09:49:06.366+0000] {processor.py:830} INFO - Processing file /home/airflow/.local/lib/python3.12/site-packages/airflow/example_dags/example_branch_python_dop_operator_3.py for tasks to queue
[2024-06-18T09:49:06.367+0000] {logging_mixin.py:188} INFO - [2024-06-18T09:49:06.367+0000] {dagbag.py:545} INFO - Filling up the DagBag from /home/airflow/.local/lib/python3.12/site-packages/airflow/example_dags/example_branch_python_dop_operator_3.py
[2024-06-18T09:49:06.372+0000] {processor.py:840} INFO - DAG(s) 'example_branch_dop_operator_v3' retrieved from /home/airflow/.local/lib/python3.12/site-packages/airflow/example_dags/example_branch_python_dop_operator_3.py
[2024-06-18T09:49:06.385+0000] {logging_mixin.py:188} INFO - [2024-06-18T09:49:06.385+0000] {dag.py:3096} INFO - Sync 1 DAGs
[2024-06-18T09:49:06.400+0000] {logging_mixin.py:188} INFO - [2024-06-18T09:49:06.400+0000] {dag.py:3954} INFO - Setting next_dagrun for example_branch_dop_operator_v3 to 2024-06-18 09:48:00+00:00, run_after=2024-06-18 09:49:00+00:00
[2024-06-18T09:49:06.412+0000] {processor.py:183} INFO - Processing /home/airflow/.local/lib/python3.12/site-packages/airflow/example_dags/example_branch_python_dop_operator_3.py took 0.050 seconds
[2024-06-18T09:49:36.570+0000] {processor.py:161} INFO - Started process (PID=8907) to work on /home/airflow/.local/lib/python3.12/site-packages/airflow/example_dags/example_branch_python_dop_operator_3.py
[2024-06-18T09:49:36.571+0000] {processor.py:830} INFO - Processing file /home/airflow/.local/lib/python3.12/site-packages/airflow/example_dags/example_branch_python_dop_operator_3.py for tasks to queue
[2024-06-18T09:49:36.572+0000] {logging_mixin.py:188} INFO - [2024-06-18T09:49:36.572+0000] {dagbag.py:545} INFO - Filling up the DagBag from /home/airflow/.local/lib/python3.12/site-packages/airflow/example_dags/example_branch_python_dop_operator_3.py
[2024-06-18T09:49:36.577+0000] {processor.py:840} INFO - DAG(s) 'example_branch_dop_operator_v3' retrieved from /home/airflow/.local/lib/python3.12/site-packages/airflow/example_dags/example_branch_python_dop_operator_3.py
[2024-06-18T09:49:36.589+0000] {logging_mixin.py:188} INFO - [2024-06-18T09:49:36.589+0000] {dag.py:3096} INFO - Sync 1 DAGs
[2024-06-18T09:49:36.604+0000] {logging_mixin.py:188} INFO - [2024-06-18T09:49:36.604+0000] {dag.py:3954} INFO - Setting next_dagrun for example_branch_dop_operator_v3 to 2024-06-18 09:48:00+00:00, run_after=2024-06-18 09:49:00+00:00
[2024-06-18T09:49:36.619+0000] {processor.py:183} INFO - Processing /home/airflow/.local/lib/python3.12/site-packages/airflow/example_dags/example_branch_python_dop_operator_3.py took 0.053 seconds
[2024-06-18T09:50:06.760+0000] {processor.py:161} INFO - Started process (PID=9169) to work on /home/airflow/.local/lib/python3.12/site-packages/airflow/example_dags/example_branch_python_dop_operator_3.py
[2024-06-18T09:50:06.761+0000] {processor.py:830} INFO - Processing file /home/airflow/.local/lib/python3.12/site-packages/airflow/example_dags/example_branch_python_dop_operator_3.py for tasks to queue
[2024-06-18T09:50:06.761+0000] {logging_mixin.py:188} INFO - [2024-06-18T09:50:06.761+0000] {dagbag.py:545} INFO - Filling up the DagBag from /home/airflow/.local/lib/python3.12/site-packages/airflow/example_dags/example_branch_python_dop_operator_3.py
[2024-06-18T09:50:06.766+0000] {processor.py:840} INFO - DAG(s) 'example_branch_dop_operator_v3' retrieved from /home/airflow/.local/lib/python3.12/site-packages/airflow/example_dags/example_branch_python_dop_operator_3.py
[2024-06-18T09:50:06.778+0000] {logging_mixin.py:188} INFO - [2024-06-18T09:50:06.778+0000] {dag.py:3096} INFO - Sync 1 DAGs
[2024-06-18T09:50:06.794+0000] {logging_mixin.py:188} INFO - [2024-06-18T09:50:06.794+0000] {dag.py:3954} INFO - Setting next_dagrun for example_branch_dop_operator_v3 to 2024-06-18 09:49:00+00:00, run_after=2024-06-18 09:50:00+00:00
[2024-06-18T09:50:06.805+0000] {processor.py:183} INFO - Processing /home/airflow/.local/lib/python3.12/site-packages/airflow/example_dags/example_branch_python_dop_operator_3.py took 0.049 seconds
[2024-06-18T09:50:36.975+0000] {processor.py:161} INFO - Started process (PID=9433) to work on /home/airflow/.local/lib/python3.12/site-packages/airflow/example_dags/example_branch_python_dop_operator_3.py
[2024-06-18T09:50:36.976+0000] {processor.py:830} INFO - Processing file /home/airflow/.local/lib/python3.12/site-packages/airflow/example_dags/example_branch_python_dop_operator_3.py for tasks to queue
[2024-06-18T09:50:36.977+0000] {logging_mixin.py:188} INFO - [2024-06-18T09:50:36.977+0000] {dagbag.py:545} INFO - Filling up the DagBag from /home/airflow/.local/lib/python3.12/site-packages/airflow/example_dags/example_branch_python_dop_operator_3.py
[2024-06-18T09:50:36.982+0000] {processor.py:840} INFO - DAG(s) 'example_branch_dop_operator_v3' retrieved from /home/airflow/.local/lib/python3.12/site-packages/airflow/example_dags/example_branch_python_dop_operator_3.py
[2024-06-18T09:50:36.995+0000] {logging_mixin.py:188} INFO - [2024-06-18T09:50:36.995+0000] {dag.py:3096} INFO - Sync 1 DAGs
[2024-06-18T09:50:37.011+0000] {logging_mixin.py:188} INFO - [2024-06-18T09:50:37.011+0000] {dag.py:3954} INFO - Setting next_dagrun for example_branch_dop_operator_v3 to 2024-06-18 09:49:00+00:00, run_after=2024-06-18 09:50:00+00:00
[2024-06-18T09:50:37.021+0000] {processor.py:183} INFO - Processing /home/airflow/.local/lib/python3.12/site-packages/airflow/example_dags/example_branch_python_dop_operator_3.py took 0.049 seconds
[2024-06-18T09:51:07.045+0000] {processor.py:161} INFO - Started process (PID=9695) to work on /home/airflow/.local/lib/python3.12/site-packages/airflow/example_dags/example_branch_python_dop_operator_3.py
[2024-06-18T09:51:07.046+0000] {processor.py:830} INFO - Processing file /home/airflow/.local/lib/python3.12/site-packages/airflow/example_dags/example_branch_python_dop_operator_3.py for tasks to queue
[2024-06-18T09:51:07.047+0000] {logging_mixin.py:188} INFO - [2024-06-18T09:51:07.046+0000] {dagbag.py:545} INFO - Filling up the DagBag from /home/airflow/.local/lib/python3.12/site-packages/airflow/example_dags/example_branch_python_dop_operator_3.py
[2024-06-18T09:51:07.051+0000] {processor.py:840} INFO - DAG(s) 'example_branch_dop_operator_v3' retrieved from /home/airflow/.local/lib/python3.12/site-packages/airflow/example_dags/example_branch_python_dop_operator_3.py
[2024-06-18T09:51:07.064+0000] {logging_mixin.py:188} INFO - [2024-06-18T09:51:07.064+0000] {dag.py:3096} INFO - Sync 1 DAGs
[2024-06-18T09:51:07.079+0000] {logging_mixin.py:188} INFO - [2024-06-18T09:51:07.079+0000] {dag.py:3954} INFO - Setting next_dagrun for example_branch_dop_operator_v3 to 2024-06-18 09:50:00+00:00, run_after=2024-06-18 09:51:00+00:00
[2024-06-18T09:51:07.090+0000] {processor.py:183} INFO - Processing /home/airflow/.local/lib/python3.12/site-packages/airflow/example_dags/example_branch_python_dop_operator_3.py took 0.048 seconds
[2024-06-18T09:51:37.287+0000] {processor.py:161} INFO - Started process (PID=9955) to work on /home/airflow/.local/lib/python3.12/site-packages/airflow/example_dags/example_branch_python_dop_operator_3.py
[2024-06-18T09:51:37.287+0000] {processor.py:830} INFO - Processing file /home/airflow/.local/lib/python3.12/site-packages/airflow/example_dags/example_branch_python_dop_operator_3.py for tasks to queue
[2024-06-18T09:51:37.288+0000] {logging_mixin.py:188} INFO - [2024-06-18T09:51:37.288+0000] {dagbag.py:545} INFO - Filling up the DagBag from /home/airflow/.local/lib/python3.12/site-packages/airflow/example_dags/example_branch_python_dop_operator_3.py
[2024-06-18T09:51:37.293+0000] {processor.py:840} INFO - DAG(s) 'example_branch_dop_operator_v3' retrieved from /home/airflow/.local/lib/python3.12/site-packages/airflow/example_dags/example_branch_python_dop_operator_3.py
[2024-06-18T09:51:37.304+0000] {logging_mixin.py:188} INFO - [2024-06-18T09:51:37.304+0000] {dag.py:3096} INFO - Sync 1 DAGs
[2024-06-18T09:51:37.318+0000] {logging_mixin.py:188} INFO - [2024-06-18T09:51:37.317+0000] {dag.py:3954} INFO - Setting next_dagrun for example_branch_dop_operator_v3 to 2024-06-18 09:50:00+00:00, run_after=2024-06-18 09:51:00+00:00
[2024-06-18T09:51:37.328+0000] {processor.py:183} INFO - Processing /home/airflow/.local/lib/python3.12/site-packages/airflow/example_dags/example_branch_python_dop_operator_3.py took 0.044 seconds
[2024-06-18T09:52:07.981+0000] {processor.py:161} INFO - Started process (PID=10217) to work on /home/airflow/.local/lib/python3.12/site-packages/airflow/example_dags/example_branch_python_dop_operator_3.py
[2024-06-18T09:52:07.981+0000] {processor.py:830} INFO - Processing file /home/airflow/.local/lib/python3.12/site-packages/airflow/example_dags/example_branch_python_dop_operator_3.py for tasks to queue
[2024-06-18T09:52:07.982+0000] {logging_mixin.py:188} INFO - [2024-06-18T09:52:07.982+0000] {dagbag.py:545} INFO - Filling up the DagBag from /home/airflow/.local/lib/python3.12/site-packages/airflow/example_dags/example_branch_python_dop_operator_3.py
[2024-06-18T09:52:07.987+0000] {processor.py:840} INFO - DAG(s) 'example_branch_dop_operator_v3' retrieved from /home/airflow/.local/lib/python3.12/site-packages/airflow/example_dags/example_branch_python_dop_operator_3.py
[2024-06-18T09:52:07.997+0000] {logging_mixin.py:188} INFO - [2024-06-18T09:52:07.997+0000] {dag.py:3096} INFO - Sync 1 DAGs
[2024-06-18T09:52:08.010+0000] {logging_mixin.py:188} INFO - [2024-06-18T09:52:08.010+0000] {dag.py:3954} INFO - Setting next_dagrun for example_branch_dop_operator_v3 to 2024-06-18 09:51:00+00:00, run_after=2024-06-18 09:52:00+00:00
[2024-06-18T09:52:08.021+0000] {processor.py:183} INFO - Processing /home/airflow/.local/lib/python3.12/site-packages/airflow/example_dags/example_branch_python_dop_operator_3.py took 0.043 seconds
[2024-06-18T09:52:38.354+0000] {processor.py:161} INFO - Started process (PID=10479) to work on /home/airflow/.local/lib/python3.12/site-packages/airflow/example_dags/example_branch_python_dop_operator_3.py
[2024-06-18T09:52:38.354+0000] {processor.py:830} INFO - Processing file /home/airflow/.local/lib/python3.12/site-packages/airflow/example_dags/example_branch_python_dop_operator_3.py for tasks to queue
[2024-06-18T09:52:38.355+0000] {logging_mixin.py:188} INFO - [2024-06-18T09:52:38.355+0000] {dagbag.py:545} INFO - Filling up the DagBag from /home/airflow/.local/lib/python3.12/site-packages/airflow/example_dags/example_branch_python_dop_operator_3.py
[2024-06-18T09:52:38.359+0000] {processor.py:840} INFO - DAG(s) 'example_branch_dop_operator_v3' retrieved from /home/airflow/.local/lib/python3.12/site-packages/airflow/example_dags/example_branch_python_dop_operator_3.py
[2024-06-18T09:52:38.374+0000] {logging_mixin.py:188} INFO - [2024-06-18T09:52:38.373+0000] {dag.py:3096} INFO - Sync 1 DAGs
[2024-06-18T09:52:38.391+0000] {logging_mixin.py:188} INFO - [2024-06-18T09:52:38.390+0000] {dag.py:3954} INFO - Setting next_dagrun for example_branch_dop_operator_v3 to 2024-06-18 09:51:00+00:00, run_after=2024-06-18 09:52:00+00:00
[2024-06-18T09:52:38.402+0000] {processor.py:183} INFO - Processing /home/airflow/.local/lib/python3.12/site-packages/airflow/example_dags/example_branch_python_dop_operator_3.py took 0.053 seconds
[2024-06-18T09:53:09.159+0000] {processor.py:161} INFO - Started process (PID=10741) to work on /home/airflow/.local/lib/python3.12/site-packages/airflow/example_dags/example_branch_python_dop_operator_3.py
[2024-06-18T09:53:09.160+0000] {processor.py:830} INFO - Processing file /home/airflow/.local/lib/python3.12/site-packages/airflow/example_dags/example_branch_python_dop_operator_3.py for tasks to queue
[2024-06-18T09:53:09.161+0000] {logging_mixin.py:188} INFO - [2024-06-18T09:53:09.161+0000] {dagbag.py:545} INFO - Filling up the DagBag from /home/airflow/.local/lib/python3.12/site-packages/airflow/example_dags/example_branch_python_dop_operator_3.py
[2024-06-18T09:53:09.166+0000] {processor.py:840} INFO - DAG(s) 'example_branch_dop_operator_v3' retrieved from /home/airflow/.local/lib/python3.12/site-packages/airflow/example_dags/example_branch_python_dop_operator_3.py
[2024-06-18T09:53:09.179+0000] {logging_mixin.py:188} INFO - [2024-06-18T09:53:09.178+0000] {dag.py:3096} INFO - Sync 1 DAGs
[2024-06-18T09:53:09.194+0000] {logging_mixin.py:188} INFO - [2024-06-18T09:53:09.194+0000] {dag.py:3954} INFO - Setting next_dagrun for example_branch_dop_operator_v3 to 2024-06-18 09:52:00+00:00, run_after=2024-06-18 09:53:00+00:00
[2024-06-18T09:53:09.206+0000] {processor.py:183} INFO - Processing /home/airflow/.local/lib/python3.12/site-packages/airflow/example_dags/example_branch_python_dop_operator_3.py took 0.051 seconds
[2024-06-18T09:53:39.302+0000] {processor.py:161} INFO - Started process (PID=11005) to work on /home/airflow/.local/lib/python3.12/site-packages/airflow/example_dags/example_branch_python_dop_operator_3.py
[2024-06-18T09:53:39.302+0000] {processor.py:830} INFO - Processing file /home/airflow/.local/lib/python3.12/site-packages/airflow/example_dags/example_branch_python_dop_operator_3.py for tasks to queue
[2024-06-18T09:53:39.303+0000] {logging_mixin.py:188} INFO - [2024-06-18T09:53:39.303+0000] {dagbag.py:545} INFO - Filling up the DagBag from /home/airflow/.local/lib/python3.12/site-packages/airflow/example_dags/example_branch_python_dop_operator_3.py
[2024-06-18T09:53:39.308+0000] {processor.py:840} INFO - DAG(s) 'example_branch_dop_operator_v3' retrieved from /home/airflow/.local/lib/python3.12/site-packages/airflow/example_dags/example_branch_python_dop_operator_3.py
[2024-06-18T09:53:39.320+0000] {logging_mixin.py:188} INFO - [2024-06-18T09:53:39.320+0000] {dag.py:3096} INFO - Sync 1 DAGs
[2024-06-18T09:53:39.335+0000] {logging_mixin.py:188} INFO - [2024-06-18T09:53:39.334+0000] {dag.py:3954} INFO - Setting next_dagrun for example_branch_dop_operator_v3 to 2024-06-18 09:52:00+00:00, run_after=2024-06-18 09:53:00+00:00
[2024-06-18T09:53:39.346+0000] {processor.py:183} INFO - Processing /home/airflow/.local/lib/python3.12/site-packages/airflow/example_dags/example_branch_python_dop_operator_3.py took 0.048 seconds
[2024-06-18T09:54:09.432+0000] {processor.py:161} INFO - Started process (PID=11267) to work on /home/airflow/.local/lib/python3.12/site-packages/airflow/example_dags/example_branch_python_dop_operator_3.py
[2024-06-18T09:54:09.433+0000] {processor.py:830} INFO - Processing file /home/airflow/.local/lib/python3.12/site-packages/airflow/example_dags/example_branch_python_dop_operator_3.py for tasks to queue
[2024-06-18T09:54:09.434+0000] {logging_mixin.py:188} INFO - [2024-06-18T09:54:09.434+0000] {dagbag.py:545} INFO - Filling up the DagBag from /home/airflow/.local/lib/python3.12/site-packages/airflow/example_dags/example_branch_python_dop_operator_3.py
[2024-06-18T09:54:09.439+0000] {processor.py:840} INFO - DAG(s) 'example_branch_dop_operator_v3' retrieved from /home/airflow/.local/lib/python3.12/site-packages/airflow/example_dags/example_branch_python_dop_operator_3.py
[2024-06-18T09:54:09.451+0000] {logging_mixin.py:188} INFO - [2024-06-18T09:54:09.451+0000] {dag.py:3096} INFO - Sync 1 DAGs
[2024-06-18T09:54:09.465+0000] {logging_mixin.py:188} INFO - [2024-06-18T09:54:09.465+0000] {dag.py:3954} INFO - Setting next_dagrun for example_branch_dop_operator_v3 to 2024-06-18 09:53:00+00:00, run_after=2024-06-18 09:54:00+00:00
[2024-06-18T09:54:09.476+0000] {processor.py:183} INFO - Processing /home/airflow/.local/lib/python3.12/site-packages/airflow/example_dags/example_branch_python_dop_operator_3.py took 0.047 seconds
[2024-06-18T09:54:39.543+0000] {processor.py:161} INFO - Started process (PID=11529) to work on /home/airflow/.local/lib/python3.12/site-packages/airflow/example_dags/example_branch_python_dop_operator_3.py
[2024-06-18T09:54:39.544+0000] {processor.py:830} INFO - Processing file /home/airflow/.local/lib/python3.12/site-packages/airflow/example_dags/example_branch_python_dop_operator_3.py for tasks to queue
[2024-06-18T09:54:39.545+0000] {logging_mixin.py:188} INFO - [2024-06-18T09:54:39.545+0000] {dagbag.py:545} INFO - Filling up the DagBag from /home/airflow/.local/lib/python3.12/site-packages/airflow/example_dags/example_branch_python_dop_operator_3.py
[2024-06-18T09:54:39.549+0000] {processor.py:840} INFO - DAG(s) 'example_branch_dop_operator_v3' retrieved from /home/airflow/.local/lib/python3.12/site-packages/airflow/example_dags/example_branch_python_dop_operator_3.py
[2024-06-18T09:54:39.561+0000] {logging_mixin.py:188} INFO - [2024-06-18T09:54:39.560+0000] {dag.py:3096} INFO - Sync 1 DAGs
[2024-06-18T09:54:39.573+0000] {logging_mixin.py:188} INFO - [2024-06-18T09:54:39.573+0000] {dag.py:3954} INFO - Setting next_dagrun for example_branch_dop_operator_v3 to 2024-06-18 09:53:00+00:00, run_after=2024-06-18 09:54:00+00:00
[2024-06-18T09:54:39.584+0000] {processor.py:183} INFO - Processing /home/airflow/.local/lib/python3.12/site-packages/airflow/example_dags/example_branch_python_dop_operator_3.py took 0.043 seconds
[2024-06-18T09:55:09.744+0000] {processor.py:161} INFO - Started process (PID=11789) to work on /home/airflow/.local/lib/python3.12/site-packages/airflow/example_dags/example_branch_python_dop_operator_3.py
[2024-06-18T09:55:09.745+0000] {processor.py:830} INFO - Processing file /home/airflow/.local/lib/python3.12/site-packages/airflow/example_dags/example_branch_python_dop_operator_3.py for tasks to queue
[2024-06-18T09:55:09.746+0000] {logging_mixin.py:188} INFO - [2024-06-18T09:55:09.746+0000] {dagbag.py:545} INFO - Filling up the DagBag from /home/airflow/.local/lib/python3.12/site-packages/airflow/example_dags/example_branch_python_dop_operator_3.py
[2024-06-18T09:55:09.751+0000] {processor.py:840} INFO - DAG(s) 'example_branch_dop_operator_v3' retrieved from /home/airflow/.local/lib/python3.12/site-packages/airflow/example_dags/example_branch_python_dop_operator_3.py
[2024-06-18T09:55:09.763+0000] {logging_mixin.py:188} INFO - [2024-06-18T09:55:09.763+0000] {dag.py:3096} INFO - Sync 1 DAGs
[2024-06-18T09:55:09.780+0000] {logging_mixin.py:188} INFO - [2024-06-18T09:55:09.780+0000] {dag.py:3954} INFO - Setting next_dagrun for example_branch_dop_operator_v3 to 2024-06-18 09:54:00+00:00, run_after=2024-06-18 09:55:00+00:00
[2024-06-18T09:55:09.793+0000] {processor.py:183} INFO - Processing /home/airflow/.local/lib/python3.12/site-packages/airflow/example_dags/example_branch_python_dop_operator_3.py took 0.053 seconds
[2024-06-18T09:55:39.820+0000] {processor.py:161} INFO - Started process (PID=12051) to work on /home/airflow/.local/lib/python3.12/site-packages/airflow/example_dags/example_branch_python_dop_operator_3.py
[2024-06-18T09:55:39.821+0000] {processor.py:830} INFO - Processing file /home/airflow/.local/lib/python3.12/site-packages/airflow/example_dags/example_branch_python_dop_operator_3.py for tasks to queue
[2024-06-18T09:55:39.822+0000] {logging_mixin.py:188} INFO - [2024-06-18T09:55:39.821+0000] {dagbag.py:545} INFO - Filling up the DagBag from /home/airflow/.local/lib/python3.12/site-packages/airflow/example_dags/example_branch_python_dop_operator_3.py
[2024-06-18T09:55:39.826+0000] {processor.py:840} INFO - DAG(s) 'example_branch_dop_operator_v3' retrieved from /home/airflow/.local/lib/python3.12/site-packages/airflow/example_dags/example_branch_python_dop_operator_3.py
[2024-06-18T09:55:39.839+0000] {logging_mixin.py:188} INFO - [2024-06-18T09:55:39.839+0000] {dag.py:3096} INFO - Sync 1 DAGs
[2024-06-18T09:55:39.855+0000] {logging_mixin.py:188} INFO - [2024-06-18T09:55:39.854+0000] {dag.py:3954} INFO - Setting next_dagrun for example_branch_dop_operator_v3 to 2024-06-18 09:54:00+00:00, run_after=2024-06-18 09:55:00+00:00
[2024-06-18T09:55:39.866+0000] {processor.py:183} INFO - Processing /home/airflow/.local/lib/python3.12/site-packages/airflow/example_dags/example_branch_python_dop_operator_3.py took 0.049 seconds
[2024-06-18T09:56:10.593+0000] {processor.py:161} INFO - Started process (PID=12315) to work on /home/airflow/.local/lib/python3.12/site-packages/airflow/example_dags/example_branch_python_dop_operator_3.py
[2024-06-18T09:56:10.594+0000] {processor.py:830} INFO - Processing file /home/airflow/.local/lib/python3.12/site-packages/airflow/example_dags/example_branch_python_dop_operator_3.py for tasks to queue
[2024-06-18T09:56:10.595+0000] {logging_mixin.py:188} INFO - [2024-06-18T09:56:10.595+0000] {dagbag.py:545} INFO - Filling up the DagBag from /home/airflow/.local/lib/python3.12/site-packages/airflow/example_dags/example_branch_python_dop_operator_3.py
[2024-06-18T09:56:10.600+0000] {processor.py:840} INFO - DAG(s) 'example_branch_dop_operator_v3' retrieved from /home/airflow/.local/lib/python3.12/site-packages/airflow/example_dags/example_branch_python_dop_operator_3.py
[2024-06-18T09:56:10.611+0000] {logging_mixin.py:188} INFO - [2024-06-18T09:56:10.610+0000] {dag.py:3096} INFO - Sync 1 DAGs
[2024-06-18T09:56:10.624+0000] {logging_mixin.py:188} INFO - [2024-06-18T09:56:10.624+0000] {dag.py:3954} INFO - Setting next_dagrun for example_branch_dop_operator_v3 to 2024-06-18 09:55:00+00:00, run_after=2024-06-18 09:56:00+00:00
[2024-06-18T09:56:10.636+0000] {processor.py:183} INFO - Processing /home/airflow/.local/lib/python3.12/site-packages/airflow/example_dags/example_branch_python_dop_operator_3.py took 0.046 seconds
[2024-06-18T09:56:41.356+0000] {processor.py:161} INFO - Started process (PID=12577) to work on /home/airflow/.local/lib/python3.12/site-packages/airflow/example_dags/example_branch_python_dop_operator_3.py
[2024-06-18T09:56:41.356+0000] {processor.py:830} INFO - Processing file /home/airflow/.local/lib/python3.12/site-packages/airflow/example_dags/example_branch_python_dop_operator_3.py for tasks to queue
[2024-06-18T09:56:41.357+0000] {logging_mixin.py:188} INFO - [2024-06-18T09:56:41.357+0000] {dagbag.py:545} INFO - Filling up the DagBag from /home/airflow/.local/lib/python3.12/site-packages/airflow/example_dags/example_branch_python_dop_operator_3.py
[2024-06-18T09:56:41.361+0000] {processor.py:840} INFO - DAG(s) 'example_branch_dop_operator_v3' retrieved from /home/airflow/.local/lib/python3.12/site-packages/airflow/example_dags/example_branch_python_dop_operator_3.py
[2024-06-18T09:56:41.375+0000] {logging_mixin.py:188} INFO - [2024-06-18T09:56:41.375+0000] {dag.py:3096} INFO - Sync 1 DAGs
[2024-06-18T09:56:41.391+0000] {logging_mixin.py:188} INFO - [2024-06-18T09:56:41.390+0000] {dag.py:3954} INFO - Setting next_dagrun for example_branch_dop_operator_v3 to 2024-06-18 09:55:00+00:00, run_after=2024-06-18 09:56:00+00:00
[2024-06-18T09:56:41.404+0000] {processor.py:183} INFO - Processing /home/airflow/.local/lib/python3.12/site-packages/airflow/example_dags/example_branch_python_dop_operator_3.py took 0.052 seconds
[2024-06-18T09:57:11.432+0000] {processor.py:161} INFO - Started process (PID=12839) to work on /home/airflow/.local/lib/python3.12/site-packages/airflow/example_dags/example_branch_python_dop_operator_3.py
[2024-06-18T09:57:11.433+0000] {processor.py:830} INFO - Processing file /home/airflow/.local/lib/python3.12/site-packages/airflow/example_dags/example_branch_python_dop_operator_3.py for tasks to queue
[2024-06-18T09:57:11.433+0000] {logging_mixin.py:188} INFO - [2024-06-18T09:57:11.433+0000] {dagbag.py:545} INFO - Filling up the DagBag from /home/airflow/.local/lib/python3.12/site-packages/airflow/example_dags/example_branch_python_dop_operator_3.py
[2024-06-18T09:57:11.438+0000] {processor.py:840} INFO - DAG(s) 'example_branch_dop_operator_v3' retrieved from /home/airflow/.local/lib/python3.12/site-packages/airflow/example_dags/example_branch_python_dop_operator_3.py
[2024-06-18T09:57:11.448+0000] {logging_mixin.py:188} INFO - [2024-06-18T09:57:11.448+0000] {dag.py:3096} INFO - Sync 1 DAGs
[2024-06-18T09:57:11.460+0000] {logging_mixin.py:188} INFO - [2024-06-18T09:57:11.460+0000] {dag.py:3954} INFO - Setting next_dagrun for example_branch_dop_operator_v3 to 2024-06-18 09:56:00+00:00, run_after=2024-06-18 09:57:00+00:00
[2024-06-18T09:57:11.471+0000] {processor.py:183} INFO - Processing /home/airflow/.local/lib/python3.12/site-packages/airflow/example_dags/example_branch_python_dop_operator_3.py took 0.043 seconds
[2024-06-18T09:57:42.619+0000] {processor.py:161} INFO - Started process (PID=13095) to work on /home/airflow/.local/lib/python3.12/site-packages/airflow/example_dags/example_branch_python_dop_operator_3.py
[2024-06-18T09:57:42.620+0000] {processor.py:830} INFO - Processing file /home/airflow/.local/lib/python3.12/site-packages/airflow/example_dags/example_branch_python_dop_operator_3.py for tasks to queue
[2024-06-18T09:57:42.621+0000] {logging_mixin.py:188} INFO - [2024-06-18T09:57:42.621+0000] {dagbag.py:545} INFO - Filling up the DagBag from /home/airflow/.local/lib/python3.12/site-packages/airflow/example_dags/example_branch_python_dop_operator_3.py
[2024-06-18T09:57:42.626+0000] {processor.py:840} INFO - DAG(s) 'example_branch_dop_operator_v3' retrieved from /home/airflow/.local/lib/python3.12/site-packages/airflow/example_dags/example_branch_python_dop_operator_3.py
[2024-06-18T09:57:42.638+0000] {logging_mixin.py:188} INFO - [2024-06-18T09:57:42.638+0000] {dag.py:3096} INFO - Sync 1 DAGs
[2024-06-18T09:57:42.652+0000] {logging_mixin.py:188} INFO - [2024-06-18T09:57:42.652+0000] {dag.py:3954} INFO - Setting next_dagrun for example_branch_dop_operator_v3 to 2024-06-18 09:56:00+00:00, run_after=2024-06-18 09:57:00+00:00
[2024-06-18T09:57:42.662+0000] {processor.py:183} INFO - Processing /home/airflow/.local/lib/python3.12/site-packages/airflow/example_dags/example_branch_python_dop_operator_3.py took 0.046 seconds
[2024-06-18T09:58:13.532+0000] {processor.py:161} INFO - Started process (PID=13355) to work on /home/airflow/.local/lib/python3.12/site-packages/airflow/example_dags/example_branch_python_dop_operator_3.py
[2024-06-18T09:58:13.532+0000] {processor.py:830} INFO - Processing file /home/airflow/.local/lib/python3.12/site-packages/airflow/example_dags/example_branch_python_dop_operator_3.py for tasks to queue
[2024-06-18T09:58:13.533+0000] {logging_mixin.py:188} INFO - [2024-06-18T09:58:13.533+0000] {dagbag.py:545} INFO - Filling up the DagBag from /home/airflow/.local/lib/python3.12/site-packages/airflow/example_dags/example_branch_python_dop_operator_3.py
[2024-06-18T09:58:13.538+0000] {processor.py:840} INFO - DAG(s) 'example_branch_dop_operator_v3' retrieved from /home/airflow/.local/lib/python3.12/site-packages/airflow/example_dags/example_branch_python_dop_operator_3.py
[2024-06-18T09:58:13.550+0000] {logging_mixin.py:188} INFO - [2024-06-18T09:58:13.550+0000] {dag.py:3096} INFO - Sync 1 DAGs
[2024-06-18T09:58:13.570+0000] {logging_mixin.py:188} INFO - [2024-06-18T09:58:13.570+0000] {dag.py:3954} INFO - Setting next_dagrun for example_branch_dop_operator_v3 to 2024-06-18 09:57:00+00:00, run_after=2024-06-18 09:58:00+00:00
[2024-06-18T09:58:13.582+0000] {processor.py:183} INFO - Processing /home/airflow/.local/lib/python3.12/site-packages/airflow/example_dags/example_branch_python_dop_operator_3.py took 0.054 seconds
[2024-06-18T09:58:44.403+0000] {processor.py:161} INFO - Started process (PID=13619) to work on /home/airflow/.local/lib/python3.12/site-packages/airflow/example_dags/example_branch_python_dop_operator_3.py
[2024-06-18T09:58:44.403+0000] {processor.py:830} INFO - Processing file /home/airflow/.local/lib/python3.12/site-packages/airflow/example_dags/example_branch_python_dop_operator_3.py for tasks to queue
[2024-06-18T09:58:44.404+0000] {logging_mixin.py:188} INFO - [2024-06-18T09:58:44.404+0000] {dagbag.py:545} INFO - Filling up the DagBag from /home/airflow/.local/lib/python3.12/site-packages/airflow/example_dags/example_branch_python_dop_operator_3.py
[2024-06-18T09:58:44.410+0000] {processor.py:840} INFO - DAG(s) 'example_branch_dop_operator_v3' retrieved from /home/airflow/.local/lib/python3.12/site-packages/airflow/example_dags/example_branch_python_dop_operator_3.py
[2024-06-18T09:58:44.422+0000] {logging_mixin.py:188} INFO - [2024-06-18T09:58:44.422+0000] {dag.py:3096} INFO - Sync 1 DAGs
[2024-06-18T09:58:44.436+0000] {logging_mixin.py:188} INFO - [2024-06-18T09:58:44.436+0000] {dag.py:3954} INFO - Setting next_dagrun for example_branch_dop_operator_v3 to 2024-06-18 09:57:00+00:00, run_after=2024-06-18 09:58:00+00:00
[2024-06-18T09:58:44.447+0000] {processor.py:183} INFO - Processing /home/airflow/.local/lib/python3.12/site-packages/airflow/example_dags/example_branch_python_dop_operator_3.py took 0.048 seconds
[2024-06-18T09:59:14.623+0000] {processor.py:161} INFO - Started process (PID=13879) to work on /home/airflow/.local/lib/python3.12/site-packages/airflow/example_dags/example_branch_python_dop_operator_3.py
[2024-06-18T09:59:14.624+0000] {processor.py:830} INFO - Processing file /home/airflow/.local/lib/python3.12/site-packages/airflow/example_dags/example_branch_python_dop_operator_3.py for tasks to queue
[2024-06-18T09:59:14.625+0000] {logging_mixin.py:188} INFO - [2024-06-18T09:59:14.624+0000] {dagbag.py:545} INFO - Filling up the DagBag from /home/airflow/.local/lib/python3.12/site-packages/airflow/example_dags/example_branch_python_dop_operator_3.py
[2024-06-18T09:59:14.629+0000] {processor.py:840} INFO - DAG(s) 'example_branch_dop_operator_v3' retrieved from /home/airflow/.local/lib/python3.12/site-packages/airflow/example_dags/example_branch_python_dop_operator_3.py
[2024-06-18T09:59:14.640+0000] {logging_mixin.py:188} INFO - [2024-06-18T09:59:14.640+0000] {dag.py:3096} INFO - Sync 1 DAGs
[2024-06-18T09:59:14.654+0000] {logging_mixin.py:188} INFO - [2024-06-18T09:59:14.654+0000] {dag.py:3954} INFO - Setting next_dagrun for example_branch_dop_operator_v3 to 2024-06-18 09:58:00+00:00, run_after=2024-06-18 09:59:00+00:00
[2024-06-18T09:59:14.666+0000] {processor.py:183} INFO - Processing /home/airflow/.local/lib/python3.12/site-packages/airflow/example_dags/example_branch_python_dop_operator_3.py took 0.047 seconds
[2024-06-18T09:59:44.744+0000] {processor.py:161} INFO - Started process (PID=14141) to work on /home/airflow/.local/lib/python3.12/site-packages/airflow/example_dags/example_branch_python_dop_operator_3.py
[2024-06-18T09:59:44.745+0000] {processor.py:830} INFO - Processing file /home/airflow/.local/lib/python3.12/site-packages/airflow/example_dags/example_branch_python_dop_operator_3.py for tasks to queue
[2024-06-18T09:59:44.746+0000] {logging_mixin.py:188} INFO - [2024-06-18T09:59:44.745+0000] {dagbag.py:545} INFO - Filling up the DagBag from /home/airflow/.local/lib/python3.12/site-packages/airflow/example_dags/example_branch_python_dop_operator_3.py
[2024-06-18T09:59:44.750+0000] {processor.py:840} INFO - DAG(s) 'example_branch_dop_operator_v3' retrieved from /home/airflow/.local/lib/python3.12/site-packages/airflow/example_dags/example_branch_python_dop_operator_3.py
[2024-06-18T09:59:44.761+0000] {logging_mixin.py:188} INFO - [2024-06-18T09:59:44.761+0000] {dag.py:3096} INFO - Sync 1 DAGs
[2024-06-18T09:59:44.776+0000] {logging_mixin.py:188} INFO - [2024-06-18T09:59:44.776+0000] {dag.py:3954} INFO - Setting next_dagrun for example_branch_dop_operator_v3 to 2024-06-18 09:58:00+00:00, run_after=2024-06-18 09:59:00+00:00
[2024-06-18T09:59:44.785+0000] {processor.py:183} INFO - Processing /home/airflow/.local/lib/python3.12/site-packages/airflow/example_dags/example_branch_python_dop_operator_3.py took 0.045 seconds
