[2024-06-18T09:32:53.767+0000] {processor.py:161} INFO - Started process (PID=231) to work on /home/airflow/.local/lib/python3.12/site-packages/airflow/example_dags/example_latest_only_with_trigger.py
[2024-06-18T09:32:53.767+0000] {processor.py:830} INFO - Processing file /home/airflow/.local/lib/python3.12/site-packages/airflow/example_dags/example_latest_only_with_trigger.py for tasks to queue
[2024-06-18T09:32:53.768+0000] {logging_mixin.py:188} INFO - [2024-06-18T09:32:53.768+0000] {dagbag.py:545} INFO - Filling up the DagBag from /home/airflow/.local/lib/python3.12/site-packages/airflow/example_dags/example_latest_only_with_trigger.py
[2024-06-18T09:32:53.774+0000] {processor.py:840} INFO - DAG(s) 'latest_only_with_trigger' retrieved from /home/airflow/.local/lib/python3.12/site-packages/airflow/example_dags/example_latest_only_with_trigger.py
[2024-06-18T09:32:53.782+0000] {logging_mixin.py:188} INFO - [2024-06-18T09:32:53.782+0000] {dag.py:3096} INFO - Sync 1 DAGs
[2024-06-18T09:32:53.798+0000] {logging_mixin.py:188} INFO - [2024-06-18T09:32:53.798+0000] {dag.py:3954} INFO - Setting next_dagrun for latest_only_with_trigger to 2024-06-18 04:00:00+00:00, run_after=2024-06-18 08:00:00+00:00
[2024-06-18T09:32:53.809+0000] {processor.py:183} INFO - Processing /home/airflow/.local/lib/python3.12/site-packages/airflow/example_dags/example_latest_only_with_trigger.py took 0.046 seconds
[2024-06-18T09:33:24.894+0000] {processor.py:161} INFO - Started process (PID=495) to work on /home/airflow/.local/lib/python3.12/site-packages/airflow/example_dags/example_latest_only_with_trigger.py
[2024-06-18T09:33:24.894+0000] {processor.py:830} INFO - Processing file /home/airflow/.local/lib/python3.12/site-packages/airflow/example_dags/example_latest_only_with_trigger.py for tasks to queue
[2024-06-18T09:33:24.895+0000] {logging_mixin.py:188} INFO - [2024-06-18T09:33:24.895+0000] {dagbag.py:545} INFO - Filling up the DagBag from /home/airflow/.local/lib/python3.12/site-packages/airflow/example_dags/example_latest_only_with_trigger.py
[2024-06-18T09:33:24.898+0000] {processor.py:840} INFO - DAG(s) 'latest_only_with_trigger' retrieved from /home/airflow/.local/lib/python3.12/site-packages/airflow/example_dags/example_latest_only_with_trigger.py
[2024-06-18T09:33:24.959+0000] {logging_mixin.py:188} INFO - [2024-06-18T09:33:24.958+0000] {dag.py:3096} INFO - Sync 1 DAGs
[2024-06-18T09:33:24.969+0000] {logging_mixin.py:188} INFO - [2024-06-18T09:33:24.969+0000] {dag.py:3954} INFO - Setting next_dagrun for latest_only_with_trigger to 2024-06-18 04:00:00+00:00, run_after=2024-06-18 08:00:00+00:00
[2024-06-18T09:33:24.979+0000] {processor.py:183} INFO - Processing /home/airflow/.local/lib/python3.12/site-packages/airflow/example_dags/example_latest_only_with_trigger.py took 0.089 seconds
[2024-06-18T09:33:55.561+0000] {processor.py:161} INFO - Started process (PID=757) to work on /home/airflow/.local/lib/python3.12/site-packages/airflow/example_dags/example_latest_only_with_trigger.py
[2024-06-18T09:33:55.562+0000] {processor.py:830} INFO - Processing file /home/airflow/.local/lib/python3.12/site-packages/airflow/example_dags/example_latest_only_with_trigger.py for tasks to queue
[2024-06-18T09:33:55.563+0000] {logging_mixin.py:188} INFO - [2024-06-18T09:33:55.563+0000] {dagbag.py:545} INFO - Filling up the DagBag from /home/airflow/.local/lib/python3.12/site-packages/airflow/example_dags/example_latest_only_with_trigger.py
[2024-06-18T09:33:55.566+0000] {processor.py:840} INFO - DAG(s) 'latest_only_with_trigger' retrieved from /home/airflow/.local/lib/python3.12/site-packages/airflow/example_dags/example_latest_only_with_trigger.py
[2024-06-18T09:33:55.579+0000] {logging_mixin.py:188} INFO - [2024-06-18T09:33:55.578+0000] {dag.py:3096} INFO - Sync 1 DAGs
[2024-06-18T09:33:55.591+0000] {logging_mixin.py:188} INFO - [2024-06-18T09:33:55.591+0000] {dag.py:3954} INFO - Setting next_dagrun for latest_only_with_trigger to 2024-06-18 04:00:00+00:00, run_after=2024-06-18 08:00:00+00:00
[2024-06-18T09:33:55.603+0000] {processor.py:183} INFO - Processing /home/airflow/.local/lib/python3.12/site-packages/airflow/example_dags/example_latest_only_with_trigger.py took 0.046 seconds
[2024-06-18T09:34:25.642+0000] {processor.py:161} INFO - Started process (PID=1017) to work on /home/airflow/.local/lib/python3.12/site-packages/airflow/example_dags/example_latest_only_with_trigger.py
[2024-06-18T09:34:25.643+0000] {processor.py:830} INFO - Processing file /home/airflow/.local/lib/python3.12/site-packages/airflow/example_dags/example_latest_only_with_trigger.py for tasks to queue
[2024-06-18T09:34:25.644+0000] {logging_mixin.py:188} INFO - [2024-06-18T09:34:25.644+0000] {dagbag.py:545} INFO - Filling up the DagBag from /home/airflow/.local/lib/python3.12/site-packages/airflow/example_dags/example_latest_only_with_trigger.py
[2024-06-18T09:34:25.647+0000] {processor.py:840} INFO - DAG(s) 'latest_only_with_trigger' retrieved from /home/airflow/.local/lib/python3.12/site-packages/airflow/example_dags/example_latest_only_with_trigger.py
[2024-06-18T09:34:25.659+0000] {logging_mixin.py:188} INFO - [2024-06-18T09:34:25.659+0000] {dag.py:3096} INFO - Sync 1 DAGs
[2024-06-18T09:34:25.672+0000] {logging_mixin.py:188} INFO - [2024-06-18T09:34:25.672+0000] {dag.py:3954} INFO - Setting next_dagrun for latest_only_with_trigger to 2024-06-18 04:00:00+00:00, run_after=2024-06-18 08:00:00+00:00
[2024-06-18T09:34:25.684+0000] {processor.py:183} INFO - Processing /home/airflow/.local/lib/python3.12/site-packages/airflow/example_dags/example_latest_only_with_trigger.py took 0.046 seconds
[2024-06-18T09:34:55.988+0000] {processor.py:161} INFO - Started process (PID=1279) to work on /home/airflow/.local/lib/python3.12/site-packages/airflow/example_dags/example_latest_only_with_trigger.py
[2024-06-18T09:34:55.989+0000] {processor.py:830} INFO - Processing file /home/airflow/.local/lib/python3.12/site-packages/airflow/example_dags/example_latest_only_with_trigger.py for tasks to queue
[2024-06-18T09:34:55.990+0000] {logging_mixin.py:188} INFO - [2024-06-18T09:34:55.989+0000] {dagbag.py:545} INFO - Filling up the DagBag from /home/airflow/.local/lib/python3.12/site-packages/airflow/example_dags/example_latest_only_with_trigger.py
[2024-06-18T09:34:55.993+0000] {processor.py:840} INFO - DAG(s) 'latest_only_with_trigger' retrieved from /home/airflow/.local/lib/python3.12/site-packages/airflow/example_dags/example_latest_only_with_trigger.py
[2024-06-18T09:34:56.006+0000] {logging_mixin.py:188} INFO - [2024-06-18T09:34:56.006+0000] {dag.py:3096} INFO - Sync 1 DAGs
[2024-06-18T09:34:56.019+0000] {logging_mixin.py:188} INFO - [2024-06-18T09:34:56.019+0000] {dag.py:3954} INFO - Setting next_dagrun for latest_only_with_trigger to 2024-06-18 04:00:00+00:00, run_after=2024-06-18 08:00:00+00:00
[2024-06-18T09:34:56.031+0000] {processor.py:183} INFO - Processing /home/airflow/.local/lib/python3.12/site-packages/airflow/example_dags/example_latest_only_with_trigger.py took 0.047 seconds
[2024-06-18T09:35:26.083+0000] {processor.py:161} INFO - Started process (PID=1541) to work on /home/airflow/.local/lib/python3.12/site-packages/airflow/example_dags/example_latest_only_with_trigger.py
[2024-06-18T09:35:26.083+0000] {processor.py:830} INFO - Processing file /home/airflow/.local/lib/python3.12/site-packages/airflow/example_dags/example_latest_only_with_trigger.py for tasks to queue
[2024-06-18T09:35:26.084+0000] {logging_mixin.py:188} INFO - [2024-06-18T09:35:26.084+0000] {dagbag.py:545} INFO - Filling up the DagBag from /home/airflow/.local/lib/python3.12/site-packages/airflow/example_dags/example_latest_only_with_trigger.py
[2024-06-18T09:35:26.088+0000] {processor.py:840} INFO - DAG(s) 'latest_only_with_trigger' retrieved from /home/airflow/.local/lib/python3.12/site-packages/airflow/example_dags/example_latest_only_with_trigger.py
[2024-06-18T09:35:26.099+0000] {logging_mixin.py:188} INFO - [2024-06-18T09:35:26.099+0000] {dag.py:3096} INFO - Sync 1 DAGs
[2024-06-18T09:35:26.112+0000] {logging_mixin.py:188} INFO - [2024-06-18T09:35:26.112+0000] {dag.py:3954} INFO - Setting next_dagrun for latest_only_with_trigger to 2024-06-18 04:00:00+00:00, run_after=2024-06-18 08:00:00+00:00
[2024-06-18T09:35:26.123+0000] {processor.py:183} INFO - Processing /home/airflow/.local/lib/python3.12/site-packages/airflow/example_dags/example_latest_only_with_trigger.py took 0.043 seconds
[2024-06-18T09:35:56.222+0000] {processor.py:161} INFO - Started process (PID=1803) to work on /home/airflow/.local/lib/python3.12/site-packages/airflow/example_dags/example_latest_only_with_trigger.py
[2024-06-18T09:35:56.223+0000] {processor.py:830} INFO - Processing file /home/airflow/.local/lib/python3.12/site-packages/airflow/example_dags/example_latest_only_with_trigger.py for tasks to queue
[2024-06-18T09:35:56.223+0000] {logging_mixin.py:188} INFO - [2024-06-18T09:35:56.223+0000] {dagbag.py:545} INFO - Filling up the DagBag from /home/airflow/.local/lib/python3.12/site-packages/airflow/example_dags/example_latest_only_with_trigger.py
[2024-06-18T09:35:56.227+0000] {processor.py:840} INFO - DAG(s) 'latest_only_with_trigger' retrieved from /home/airflow/.local/lib/python3.12/site-packages/airflow/example_dags/example_latest_only_with_trigger.py
[2024-06-18T09:35:56.240+0000] {logging_mixin.py:188} INFO - [2024-06-18T09:35:56.239+0000] {dag.py:3096} INFO - Sync 1 DAGs
[2024-06-18T09:35:56.252+0000] {logging_mixin.py:188} INFO - [2024-06-18T09:35:56.252+0000] {dag.py:3954} INFO - Setting next_dagrun for latest_only_with_trigger to 2024-06-18 04:00:00+00:00, run_after=2024-06-18 08:00:00+00:00
[2024-06-18T09:35:56.267+0000] {processor.py:183} INFO - Processing /home/airflow/.local/lib/python3.12/site-packages/airflow/example_dags/example_latest_only_with_trigger.py took 0.049 seconds
[2024-06-18T09:36:26.336+0000] {processor.py:161} INFO - Started process (PID=2067) to work on /home/airflow/.local/lib/python3.12/site-packages/airflow/example_dags/example_latest_only_with_trigger.py
[2024-06-18T09:36:26.337+0000] {processor.py:830} INFO - Processing file /home/airflow/.local/lib/python3.12/site-packages/airflow/example_dags/example_latest_only_with_trigger.py for tasks to queue
[2024-06-18T09:36:26.337+0000] {logging_mixin.py:188} INFO - [2024-06-18T09:36:26.337+0000] {dagbag.py:545} INFO - Filling up the DagBag from /home/airflow/.local/lib/python3.12/site-packages/airflow/example_dags/example_latest_only_with_trigger.py
[2024-06-18T09:36:26.340+0000] {processor.py:840} INFO - DAG(s) 'latest_only_with_trigger' retrieved from /home/airflow/.local/lib/python3.12/site-packages/airflow/example_dags/example_latest_only_with_trigger.py
[2024-06-18T09:36:26.354+0000] {logging_mixin.py:188} INFO - [2024-06-18T09:36:26.353+0000] {dag.py:3096} INFO - Sync 1 DAGs
[2024-06-18T09:36:26.366+0000] {logging_mixin.py:188} INFO - [2024-06-18T09:36:26.366+0000] {dag.py:3954} INFO - Setting next_dagrun for latest_only_with_trigger to 2024-06-18 04:00:00+00:00, run_after=2024-06-18 08:00:00+00:00
[2024-06-18T09:36:26.376+0000] {processor.py:183} INFO - Processing /home/airflow/.local/lib/python3.12/site-packages/airflow/example_dags/example_latest_only_with_trigger.py took 0.044 seconds
[2024-06-18T09:36:56.811+0000] {processor.py:161} INFO - Started process (PID=2329) to work on /home/airflow/.local/lib/python3.12/site-packages/airflow/example_dags/example_latest_only_with_trigger.py
[2024-06-18T09:36:56.812+0000] {processor.py:830} INFO - Processing file /home/airflow/.local/lib/python3.12/site-packages/airflow/example_dags/example_latest_only_with_trigger.py for tasks to queue
[2024-06-18T09:36:56.813+0000] {logging_mixin.py:188} INFO - [2024-06-18T09:36:56.813+0000] {dagbag.py:545} INFO - Filling up the DagBag from /home/airflow/.local/lib/python3.12/site-packages/airflow/example_dags/example_latest_only_with_trigger.py
[2024-06-18T09:36:56.816+0000] {processor.py:840} INFO - DAG(s) 'latest_only_with_trigger' retrieved from /home/airflow/.local/lib/python3.12/site-packages/airflow/example_dags/example_latest_only_with_trigger.py
[2024-06-18T09:36:56.830+0000] {logging_mixin.py:188} INFO - [2024-06-18T09:36:56.830+0000] {dag.py:3096} INFO - Sync 1 DAGs
[2024-06-18T09:36:56.844+0000] {logging_mixin.py:188} INFO - [2024-06-18T09:36:56.843+0000] {dag.py:3954} INFO - Setting next_dagrun for latest_only_with_trigger to 2024-06-18 04:00:00+00:00, run_after=2024-06-18 08:00:00+00:00
[2024-06-18T09:36:56.858+0000] {processor.py:183} INFO - Processing /home/airflow/.local/lib/python3.12/site-packages/airflow/example_dags/example_latest_only_with_trigger.py took 0.050 seconds
[2024-06-18T09:37:26.880+0000] {processor.py:161} INFO - Started process (PID=2591) to work on /home/airflow/.local/lib/python3.12/site-packages/airflow/example_dags/example_latest_only_with_trigger.py
[2024-06-18T09:37:26.881+0000] {processor.py:830} INFO - Processing file /home/airflow/.local/lib/python3.12/site-packages/airflow/example_dags/example_latest_only_with_trigger.py for tasks to queue
[2024-06-18T09:37:26.881+0000] {logging_mixin.py:188} INFO - [2024-06-18T09:37:26.881+0000] {dagbag.py:545} INFO - Filling up the DagBag from /home/airflow/.local/lib/python3.12/site-packages/airflow/example_dags/example_latest_only_with_trigger.py
[2024-06-18T09:37:26.884+0000] {processor.py:840} INFO - DAG(s) 'latest_only_with_trigger' retrieved from /home/airflow/.local/lib/python3.12/site-packages/airflow/example_dags/example_latest_only_with_trigger.py
[2024-06-18T09:37:26.895+0000] {logging_mixin.py:188} INFO - [2024-06-18T09:37:26.895+0000] {dag.py:3096} INFO - Sync 1 DAGs
[2024-06-18T09:37:26.906+0000] {logging_mixin.py:188} INFO - [2024-06-18T09:37:26.906+0000] {dag.py:3954} INFO - Setting next_dagrun for latest_only_with_trigger to 2024-06-18 04:00:00+00:00, run_after=2024-06-18 08:00:00+00:00
[2024-06-18T09:37:26.916+0000] {processor.py:183} INFO - Processing /home/airflow/.local/lib/python3.12/site-packages/airflow/example_dags/example_latest_only_with_trigger.py took 0.039 seconds
[2024-06-18T09:37:57.078+0000] {processor.py:161} INFO - Started process (PID=2853) to work on /home/airflow/.local/lib/python3.12/site-packages/airflow/example_dags/example_latest_only_with_trigger.py
[2024-06-18T09:37:57.079+0000] {processor.py:830} INFO - Processing file /home/airflow/.local/lib/python3.12/site-packages/airflow/example_dags/example_latest_only_with_trigger.py for tasks to queue
[2024-06-18T09:37:57.079+0000] {logging_mixin.py:188} INFO - [2024-06-18T09:37:57.079+0000] {dagbag.py:545} INFO - Filling up the DagBag from /home/airflow/.local/lib/python3.12/site-packages/airflow/example_dags/example_latest_only_with_trigger.py
[2024-06-18T09:37:57.082+0000] {processor.py:840} INFO - DAG(s) 'latest_only_with_trigger' retrieved from /home/airflow/.local/lib/python3.12/site-packages/airflow/example_dags/example_latest_only_with_trigger.py
[2024-06-18T09:37:57.093+0000] {logging_mixin.py:188} INFO - [2024-06-18T09:37:57.093+0000] {dag.py:3096} INFO - Sync 1 DAGs
[2024-06-18T09:37:57.105+0000] {logging_mixin.py:188} INFO - [2024-06-18T09:37:57.105+0000] {dag.py:3954} INFO - Setting next_dagrun for latest_only_with_trigger to 2024-06-18 04:00:00+00:00, run_after=2024-06-18 08:00:00+00:00
[2024-06-18T09:37:57.115+0000] {processor.py:183} INFO - Processing /home/airflow/.local/lib/python3.12/site-packages/airflow/example_dags/example_latest_only_with_trigger.py took 0.040 seconds
[2024-06-18T09:38:27.136+0000] {processor.py:161} INFO - Started process (PID=3113) to work on /home/airflow/.local/lib/python3.12/site-packages/airflow/example_dags/example_latest_only_with_trigger.py
[2024-06-18T09:38:27.136+0000] {processor.py:830} INFO - Processing file /home/airflow/.local/lib/python3.12/site-packages/airflow/example_dags/example_latest_only_with_trigger.py for tasks to queue
[2024-06-18T09:38:27.137+0000] {logging_mixin.py:188} INFO - [2024-06-18T09:38:27.137+0000] {dagbag.py:545} INFO - Filling up the DagBag from /home/airflow/.local/lib/python3.12/site-packages/airflow/example_dags/example_latest_only_with_trigger.py
[2024-06-18T09:38:27.140+0000] {processor.py:840} INFO - DAG(s) 'latest_only_with_trigger' retrieved from /home/airflow/.local/lib/python3.12/site-packages/airflow/example_dags/example_latest_only_with_trigger.py
[2024-06-18T09:38:27.150+0000] {logging_mixin.py:188} INFO - [2024-06-18T09:38:27.150+0000] {dag.py:3096} INFO - Sync 1 DAGs
[2024-06-18T09:38:27.161+0000] {logging_mixin.py:188} INFO - [2024-06-18T09:38:27.161+0000] {dag.py:3954} INFO - Setting next_dagrun for latest_only_with_trigger to 2024-06-18 04:00:00+00:00, run_after=2024-06-18 08:00:00+00:00
[2024-06-18T09:38:27.172+0000] {processor.py:183} INFO - Processing /home/airflow/.local/lib/python3.12/site-packages/airflow/example_dags/example_latest_only_with_trigger.py took 0.039 seconds
[2024-06-18T09:38:57.215+0000] {processor.py:161} INFO - Started process (PID=3375) to work on /home/airflow/.local/lib/python3.12/site-packages/airflow/example_dags/example_latest_only_with_trigger.py
[2024-06-18T09:38:57.216+0000] {processor.py:830} INFO - Processing file /home/airflow/.local/lib/python3.12/site-packages/airflow/example_dags/example_latest_only_with_trigger.py for tasks to queue
[2024-06-18T09:38:57.217+0000] {logging_mixin.py:188} INFO - [2024-06-18T09:38:57.217+0000] {dagbag.py:545} INFO - Filling up the DagBag from /home/airflow/.local/lib/python3.12/site-packages/airflow/example_dags/example_latest_only_with_trigger.py
[2024-06-18T09:38:57.220+0000] {processor.py:840} INFO - DAG(s) 'latest_only_with_trigger' retrieved from /home/airflow/.local/lib/python3.12/site-packages/airflow/example_dags/example_latest_only_with_trigger.py
[2024-06-18T09:38:57.231+0000] {logging_mixin.py:188} INFO - [2024-06-18T09:38:57.231+0000] {dag.py:3096} INFO - Sync 1 DAGs
[2024-06-18T09:38:57.242+0000] {logging_mixin.py:188} INFO - [2024-06-18T09:38:57.242+0000] {dag.py:3954} INFO - Setting next_dagrun for latest_only_with_trigger to 2024-06-18 04:00:00+00:00, run_after=2024-06-18 08:00:00+00:00
[2024-06-18T09:38:57.254+0000] {processor.py:183} INFO - Processing /home/airflow/.local/lib/python3.12/site-packages/airflow/example_dags/example_latest_only_with_trigger.py took 0.042 seconds
[2024-06-18T09:39:27.536+0000] {processor.py:161} INFO - Started process (PID=3640) to work on /home/airflow/.local/lib/python3.12/site-packages/airflow/example_dags/example_latest_only_with_trigger.py
[2024-06-18T09:39:27.537+0000] {processor.py:830} INFO - Processing file /home/airflow/.local/lib/python3.12/site-packages/airflow/example_dags/example_latest_only_with_trigger.py for tasks to queue
[2024-06-18T09:39:27.538+0000] {logging_mixin.py:188} INFO - [2024-06-18T09:39:27.537+0000] {dagbag.py:545} INFO - Filling up the DagBag from /home/airflow/.local/lib/python3.12/site-packages/airflow/example_dags/example_latest_only_with_trigger.py
[2024-06-18T09:39:27.541+0000] {processor.py:840} INFO - DAG(s) 'latest_only_with_trigger' retrieved from /home/airflow/.local/lib/python3.12/site-packages/airflow/example_dags/example_latest_only_with_trigger.py
[2024-06-18T09:39:27.552+0000] {logging_mixin.py:188} INFO - [2024-06-18T09:39:27.552+0000] {dag.py:3096} INFO - Sync 1 DAGs
[2024-06-18T09:39:27.565+0000] {logging_mixin.py:188} INFO - [2024-06-18T09:39:27.565+0000] {dag.py:3954} INFO - Setting next_dagrun for latest_only_with_trigger to 2024-06-18 04:00:00+00:00, run_after=2024-06-18 08:00:00+00:00
[2024-06-18T09:39:27.576+0000] {processor.py:183} INFO - Processing /home/airflow/.local/lib/python3.12/site-packages/airflow/example_dags/example_latest_only_with_trigger.py took 0.044 seconds
[2024-06-18T09:39:57.648+0000] {processor.py:161} INFO - Started process (PID=3900) to work on /home/airflow/.local/lib/python3.12/site-packages/airflow/example_dags/example_latest_only_with_trigger.py
[2024-06-18T09:39:57.648+0000] {processor.py:830} INFO - Processing file /home/airflow/.local/lib/python3.12/site-packages/airflow/example_dags/example_latest_only_with_trigger.py for tasks to queue
[2024-06-18T09:39:57.649+0000] {logging_mixin.py:188} INFO - [2024-06-18T09:39:57.649+0000] {dagbag.py:545} INFO - Filling up the DagBag from /home/airflow/.local/lib/python3.12/site-packages/airflow/example_dags/example_latest_only_with_trigger.py
[2024-06-18T09:39:57.653+0000] {processor.py:840} INFO - DAG(s) 'latest_only_with_trigger' retrieved from /home/airflow/.local/lib/python3.12/site-packages/airflow/example_dags/example_latest_only_with_trigger.py
[2024-06-18T09:39:57.664+0000] {logging_mixin.py:188} INFO - [2024-06-18T09:39:57.664+0000] {dag.py:3096} INFO - Sync 1 DAGs
[2024-06-18T09:39:57.676+0000] {logging_mixin.py:188} INFO - [2024-06-18T09:39:57.675+0000] {dag.py:3954} INFO - Setting next_dagrun for latest_only_with_trigger to 2024-06-18 04:00:00+00:00, run_after=2024-06-18 08:00:00+00:00
[2024-06-18T09:39:57.687+0000] {processor.py:183} INFO - Processing /home/airflow/.local/lib/python3.12/site-packages/airflow/example_dags/example_latest_only_with_trigger.py took 0.042 seconds
[2024-06-18T09:40:27.972+0000] {processor.py:161} INFO - Started process (PID=4162) to work on /home/airflow/.local/lib/python3.12/site-packages/airflow/example_dags/example_latest_only_with_trigger.py
[2024-06-18T09:40:27.973+0000] {processor.py:830} INFO - Processing file /home/airflow/.local/lib/python3.12/site-packages/airflow/example_dags/example_latest_only_with_trigger.py for tasks to queue
[2024-06-18T09:40:27.973+0000] {logging_mixin.py:188} INFO - [2024-06-18T09:40:27.973+0000] {dagbag.py:545} INFO - Filling up the DagBag from /home/airflow/.local/lib/python3.12/site-packages/airflow/example_dags/example_latest_only_with_trigger.py
[2024-06-18T09:40:27.976+0000] {processor.py:840} INFO - DAG(s) 'latest_only_with_trigger' retrieved from /home/airflow/.local/lib/python3.12/site-packages/airflow/example_dags/example_latest_only_with_trigger.py
[2024-06-18T09:40:27.988+0000] {logging_mixin.py:188} INFO - [2024-06-18T09:40:27.988+0000] {dag.py:3096} INFO - Sync 1 DAGs
[2024-06-18T09:40:27.999+0000] {logging_mixin.py:188} INFO - [2024-06-18T09:40:27.999+0000] {dag.py:3954} INFO - Setting next_dagrun for latest_only_with_trigger to 2024-06-18 04:00:00+00:00, run_after=2024-06-18 08:00:00+00:00
[2024-06-18T09:40:28.009+0000] {processor.py:183} INFO - Processing /home/airflow/.local/lib/python3.12/site-packages/airflow/example_dags/example_latest_only_with_trigger.py took 0.040 seconds
[2024-06-18T09:40:58.156+0000] {processor.py:161} INFO - Started process (PID=4424) to work on /home/airflow/.local/lib/python3.12/site-packages/airflow/example_dags/example_latest_only_with_trigger.py
[2024-06-18T09:40:58.156+0000] {processor.py:830} INFO - Processing file /home/airflow/.local/lib/python3.12/site-packages/airflow/example_dags/example_latest_only_with_trigger.py for tasks to queue
[2024-06-18T09:40:58.157+0000] {logging_mixin.py:188} INFO - [2024-06-18T09:40:58.157+0000] {dagbag.py:545} INFO - Filling up the DagBag from /home/airflow/.local/lib/python3.12/site-packages/airflow/example_dags/example_latest_only_with_trigger.py
[2024-06-18T09:40:58.160+0000] {processor.py:840} INFO - DAG(s) 'latest_only_with_trigger' retrieved from /home/airflow/.local/lib/python3.12/site-packages/airflow/example_dags/example_latest_only_with_trigger.py
[2024-06-18T09:40:58.171+0000] {logging_mixin.py:188} INFO - [2024-06-18T09:40:58.171+0000] {dag.py:3096} INFO - Sync 1 DAGs
[2024-06-18T09:40:58.184+0000] {logging_mixin.py:188} INFO - [2024-06-18T09:40:58.184+0000] {dag.py:3954} INFO - Setting next_dagrun for latest_only_with_trigger to 2024-06-18 04:00:00+00:00, run_after=2024-06-18 08:00:00+00:00
[2024-06-18T09:40:58.199+0000] {processor.py:183} INFO - Processing /home/airflow/.local/lib/python3.12/site-packages/airflow/example_dags/example_latest_only_with_trigger.py took 0.046 seconds
[2024-06-18T09:41:28.898+0000] {processor.py:161} INFO - Started process (PID=4686) to work on /home/airflow/.local/lib/python3.12/site-packages/airflow/example_dags/example_latest_only_with_trigger.py
[2024-06-18T09:41:28.899+0000] {processor.py:830} INFO - Processing file /home/airflow/.local/lib/python3.12/site-packages/airflow/example_dags/example_latest_only_with_trigger.py for tasks to queue
[2024-06-18T09:41:28.899+0000] {logging_mixin.py:188} INFO - [2024-06-18T09:41:28.899+0000] {dagbag.py:545} INFO - Filling up the DagBag from /home/airflow/.local/lib/python3.12/site-packages/airflow/example_dags/example_latest_only_with_trigger.py
[2024-06-18T09:41:28.902+0000] {processor.py:840} INFO - DAG(s) 'latest_only_with_trigger' retrieved from /home/airflow/.local/lib/python3.12/site-packages/airflow/example_dags/example_latest_only_with_trigger.py
[2024-06-18T09:41:28.913+0000] {logging_mixin.py:188} INFO - [2024-06-18T09:41:28.913+0000] {dag.py:3096} INFO - Sync 1 DAGs
[2024-06-18T09:41:28.926+0000] {logging_mixin.py:188} INFO - [2024-06-18T09:41:28.925+0000] {dag.py:3954} INFO - Setting next_dagrun for latest_only_with_trigger to 2024-06-18 04:00:00+00:00, run_after=2024-06-18 08:00:00+00:00
[2024-06-18T09:41:28.937+0000] {processor.py:183} INFO - Processing /home/airflow/.local/lib/python3.12/site-packages/airflow/example_dags/example_latest_only_with_trigger.py took 0.042 seconds
[2024-06-18T09:41:59.679+0000] {processor.py:161} INFO - Started process (PID=4948) to work on /home/airflow/.local/lib/python3.12/site-packages/airflow/example_dags/example_latest_only_with_trigger.py
[2024-06-18T09:41:59.679+0000] {processor.py:830} INFO - Processing file /home/airflow/.local/lib/python3.12/site-packages/airflow/example_dags/example_latest_only_with_trigger.py for tasks to queue
[2024-06-18T09:41:59.680+0000] {logging_mixin.py:188} INFO - [2024-06-18T09:41:59.680+0000] {dagbag.py:545} INFO - Filling up the DagBag from /home/airflow/.local/lib/python3.12/site-packages/airflow/example_dags/example_latest_only_with_trigger.py
[2024-06-18T09:41:59.683+0000] {processor.py:840} INFO - DAG(s) 'latest_only_with_trigger' retrieved from /home/airflow/.local/lib/python3.12/site-packages/airflow/example_dags/example_latest_only_with_trigger.py
[2024-06-18T09:41:59.694+0000] {logging_mixin.py:188} INFO - [2024-06-18T09:41:59.694+0000] {dag.py:3096} INFO - Sync 1 DAGs
[2024-06-18T09:41:59.706+0000] {logging_mixin.py:188} INFO - [2024-06-18T09:41:59.706+0000] {dag.py:3954} INFO - Setting next_dagrun for latest_only_with_trigger to 2024-06-18 04:00:00+00:00, run_after=2024-06-18 08:00:00+00:00
[2024-06-18T09:41:59.719+0000] {processor.py:183} INFO - Processing /home/airflow/.local/lib/python3.12/site-packages/airflow/example_dags/example_latest_only_with_trigger.py took 0.044 seconds
[2024-06-18T09:42:30.399+0000] {processor.py:161} INFO - Started process (PID=5210) to work on /home/airflow/.local/lib/python3.12/site-packages/airflow/example_dags/example_latest_only_with_trigger.py
[2024-06-18T09:42:30.400+0000] {processor.py:830} INFO - Processing file /home/airflow/.local/lib/python3.12/site-packages/airflow/example_dags/example_latest_only_with_trigger.py for tasks to queue
[2024-06-18T09:42:30.401+0000] {logging_mixin.py:188} INFO - [2024-06-18T09:42:30.400+0000] {dagbag.py:545} INFO - Filling up the DagBag from /home/airflow/.local/lib/python3.12/site-packages/airflow/example_dags/example_latest_only_with_trigger.py
[2024-06-18T09:42:30.403+0000] {processor.py:840} INFO - DAG(s) 'latest_only_with_trigger' retrieved from /home/airflow/.local/lib/python3.12/site-packages/airflow/example_dags/example_latest_only_with_trigger.py
[2024-06-18T09:42:30.414+0000] {logging_mixin.py:188} INFO - [2024-06-18T09:42:30.414+0000] {dag.py:3096} INFO - Sync 1 DAGs
[2024-06-18T09:42:30.425+0000] {logging_mixin.py:188} INFO - [2024-06-18T09:42:30.425+0000] {dag.py:3954} INFO - Setting next_dagrun for latest_only_with_trigger to 2024-06-18 04:00:00+00:00, run_after=2024-06-18 08:00:00+00:00
[2024-06-18T09:42:30.438+0000] {processor.py:183} INFO - Processing /home/airflow/.local/lib/python3.12/site-packages/airflow/example_dags/example_latest_only_with_trigger.py took 0.042 seconds
[2024-06-18T09:43:01.194+0000] {processor.py:161} INFO - Started process (PID=5472) to work on /home/airflow/.local/lib/python3.12/site-packages/airflow/example_dags/example_latest_only_with_trigger.py
[2024-06-18T09:43:01.195+0000] {processor.py:830} INFO - Processing file /home/airflow/.local/lib/python3.12/site-packages/airflow/example_dags/example_latest_only_with_trigger.py for tasks to queue
[2024-06-18T09:43:01.196+0000] {logging_mixin.py:188} INFO - [2024-06-18T09:43:01.196+0000] {dagbag.py:545} INFO - Filling up the DagBag from /home/airflow/.local/lib/python3.12/site-packages/airflow/example_dags/example_latest_only_with_trigger.py
[2024-06-18T09:43:01.200+0000] {processor.py:840} INFO - DAG(s) 'latest_only_with_trigger' retrieved from /home/airflow/.local/lib/python3.12/site-packages/airflow/example_dags/example_latest_only_with_trigger.py
[2024-06-18T09:43:01.214+0000] {logging_mixin.py:188} INFO - [2024-06-18T09:43:01.213+0000] {dag.py:3096} INFO - Sync 1 DAGs
[2024-06-18T09:43:01.227+0000] {logging_mixin.py:188} INFO - [2024-06-18T09:43:01.227+0000] {dag.py:3954} INFO - Setting next_dagrun for latest_only_with_trigger to 2024-06-18 04:00:00+00:00, run_after=2024-06-18 08:00:00+00:00
[2024-06-18T09:43:01.239+0000] {processor.py:183} INFO - Processing /home/airflow/.local/lib/python3.12/site-packages/airflow/example_dags/example_latest_only_with_trigger.py took 0.048 seconds
[2024-06-18T09:43:31.378+0000] {processor.py:161} INFO - Started process (PID=5734) to work on /home/airflow/.local/lib/python3.12/site-packages/airflow/example_dags/example_latest_only_with_trigger.py
[2024-06-18T09:43:31.378+0000] {processor.py:830} INFO - Processing file /home/airflow/.local/lib/python3.12/site-packages/airflow/example_dags/example_latest_only_with_trigger.py for tasks to queue
[2024-06-18T09:43:31.379+0000] {logging_mixin.py:188} INFO - [2024-06-18T09:43:31.379+0000] {dagbag.py:545} INFO - Filling up the DagBag from /home/airflow/.local/lib/python3.12/site-packages/airflow/example_dags/example_latest_only_with_trigger.py
[2024-06-18T09:43:31.382+0000] {processor.py:840} INFO - DAG(s) 'latest_only_with_trigger' retrieved from /home/airflow/.local/lib/python3.12/site-packages/airflow/example_dags/example_latest_only_with_trigger.py
[2024-06-18T09:43:31.393+0000] {logging_mixin.py:188} INFO - [2024-06-18T09:43:31.393+0000] {dag.py:3096} INFO - Sync 1 DAGs
[2024-06-18T09:43:31.405+0000] {logging_mixin.py:188} INFO - [2024-06-18T09:43:31.405+0000] {dag.py:3954} INFO - Setting next_dagrun for latest_only_with_trigger to 2024-06-18 04:00:00+00:00, run_after=2024-06-18 08:00:00+00:00
[2024-06-18T09:43:31.415+0000] {processor.py:183} INFO - Processing /home/airflow/.local/lib/python3.12/site-packages/airflow/example_dags/example_latest_only_with_trigger.py took 0.040 seconds
[2024-06-18T09:44:01.544+0000] {processor.py:161} INFO - Started process (PID=5996) to work on /home/airflow/.local/lib/python3.12/site-packages/airflow/example_dags/example_latest_only_with_trigger.py
[2024-06-18T09:44:01.545+0000] {processor.py:830} INFO - Processing file /home/airflow/.local/lib/python3.12/site-packages/airflow/example_dags/example_latest_only_with_trigger.py for tasks to queue
[2024-06-18T09:44:01.545+0000] {logging_mixin.py:188} INFO - [2024-06-18T09:44:01.545+0000] {dagbag.py:545} INFO - Filling up the DagBag from /home/airflow/.local/lib/python3.12/site-packages/airflow/example_dags/example_latest_only_with_trigger.py
[2024-06-18T09:44:01.549+0000] {processor.py:840} INFO - DAG(s) 'latest_only_with_trigger' retrieved from /home/airflow/.local/lib/python3.12/site-packages/airflow/example_dags/example_latest_only_with_trigger.py
[2024-06-18T09:44:01.560+0000] {logging_mixin.py:188} INFO - [2024-06-18T09:44:01.559+0000] {dag.py:3096} INFO - Sync 1 DAGs
[2024-06-18T09:44:01.571+0000] {logging_mixin.py:188} INFO - [2024-06-18T09:44:01.570+0000] {dag.py:3954} INFO - Setting next_dagrun for latest_only_with_trigger to 2024-06-18 04:00:00+00:00, run_after=2024-06-18 08:00:00+00:00
[2024-06-18T09:44:01.581+0000] {processor.py:183} INFO - Processing /home/airflow/.local/lib/python3.12/site-packages/airflow/example_dags/example_latest_only_with_trigger.py took 0.041 seconds
[2024-06-18T09:44:32.386+0000] {processor.py:161} INFO - Started process (PID=6258) to work on /home/airflow/.local/lib/python3.12/site-packages/airflow/example_dags/example_latest_only_with_trigger.py
[2024-06-18T09:44:32.387+0000] {processor.py:830} INFO - Processing file /home/airflow/.local/lib/python3.12/site-packages/airflow/example_dags/example_latest_only_with_trigger.py for tasks to queue
[2024-06-18T09:44:32.388+0000] {logging_mixin.py:188} INFO - [2024-06-18T09:44:32.388+0000] {dagbag.py:545} INFO - Filling up the DagBag from /home/airflow/.local/lib/python3.12/site-packages/airflow/example_dags/example_latest_only_with_trigger.py
[2024-06-18T09:44:32.390+0000] {processor.py:840} INFO - DAG(s) 'latest_only_with_trigger' retrieved from /home/airflow/.local/lib/python3.12/site-packages/airflow/example_dags/example_latest_only_with_trigger.py
[2024-06-18T09:44:32.405+0000] {logging_mixin.py:188} INFO - [2024-06-18T09:44:32.405+0000] {dag.py:3096} INFO - Sync 1 DAGs
[2024-06-18T09:44:32.419+0000] {logging_mixin.py:188} INFO - [2024-06-18T09:44:32.419+0000] {dag.py:3954} INFO - Setting next_dagrun for latest_only_with_trigger to 2024-06-18 04:00:00+00:00, run_after=2024-06-18 08:00:00+00:00
[2024-06-18T09:44:32.431+0000] {processor.py:183} INFO - Processing /home/airflow/.local/lib/python3.12/site-packages/airflow/example_dags/example_latest_only_with_trigger.py took 0.049 seconds
[2024-06-18T09:45:02.516+0000] {processor.py:161} INFO - Started process (PID=6516) to work on /home/airflow/.local/lib/python3.12/site-packages/airflow/example_dags/example_latest_only_with_trigger.py
[2024-06-18T09:45:02.516+0000] {processor.py:830} INFO - Processing file /home/airflow/.local/lib/python3.12/site-packages/airflow/example_dags/example_latest_only_with_trigger.py for tasks to queue
[2024-06-18T09:45:02.517+0000] {logging_mixin.py:188} INFO - [2024-06-18T09:45:02.517+0000] {dagbag.py:545} INFO - Filling up the DagBag from /home/airflow/.local/lib/python3.12/site-packages/airflow/example_dags/example_latest_only_with_trigger.py
[2024-06-18T09:45:02.520+0000] {processor.py:840} INFO - DAG(s) 'latest_only_with_trigger' retrieved from /home/airflow/.local/lib/python3.12/site-packages/airflow/example_dags/example_latest_only_with_trigger.py
[2024-06-18T09:45:02.534+0000] {logging_mixin.py:188} INFO - [2024-06-18T09:45:02.534+0000] {dag.py:3096} INFO - Sync 1 DAGs
[2024-06-18T09:45:02.547+0000] {logging_mixin.py:188} INFO - [2024-06-18T09:45:02.547+0000] {dag.py:3954} INFO - Setting next_dagrun for latest_only_with_trigger to 2024-06-18 04:00:00+00:00, run_after=2024-06-18 08:00:00+00:00
[2024-06-18T09:45:02.556+0000] {processor.py:183} INFO - Processing /home/airflow/.local/lib/python3.12/site-packages/airflow/example_dags/example_latest_only_with_trigger.py took 0.044 seconds
[2024-06-18T09:45:32.615+0000] {processor.py:161} INFO - Started process (PID=6778) to work on /home/airflow/.local/lib/python3.12/site-packages/airflow/example_dags/example_latest_only_with_trigger.py
[2024-06-18T09:45:32.616+0000] {processor.py:830} INFO - Processing file /home/airflow/.local/lib/python3.12/site-packages/airflow/example_dags/example_latest_only_with_trigger.py for tasks to queue
[2024-06-18T09:45:32.617+0000] {logging_mixin.py:188} INFO - [2024-06-18T09:45:32.617+0000] {dagbag.py:545} INFO - Filling up the DagBag from /home/airflow/.local/lib/python3.12/site-packages/airflow/example_dags/example_latest_only_with_trigger.py
[2024-06-18T09:45:32.619+0000] {processor.py:840} INFO - DAG(s) 'latest_only_with_trigger' retrieved from /home/airflow/.local/lib/python3.12/site-packages/airflow/example_dags/example_latest_only_with_trigger.py
[2024-06-18T09:45:32.630+0000] {logging_mixin.py:188} INFO - [2024-06-18T09:45:32.630+0000] {dag.py:3096} INFO - Sync 1 DAGs
[2024-06-18T09:45:32.643+0000] {logging_mixin.py:188} INFO - [2024-06-18T09:45:32.642+0000] {dag.py:3954} INFO - Setting next_dagrun for latest_only_with_trigger to 2024-06-18 04:00:00+00:00, run_after=2024-06-18 08:00:00+00:00
[2024-06-18T09:45:32.655+0000] {processor.py:183} INFO - Processing /home/airflow/.local/lib/python3.12/site-packages/airflow/example_dags/example_latest_only_with_trigger.py took 0.042 seconds
[2024-06-18T09:46:02.829+0000] {processor.py:161} INFO - Started process (PID=7045) to work on /home/airflow/.local/lib/python3.12/site-packages/airflow/example_dags/example_latest_only_with_trigger.py
[2024-06-18T09:46:02.830+0000] {processor.py:830} INFO - Processing file /home/airflow/.local/lib/python3.12/site-packages/airflow/example_dags/example_latest_only_with_trigger.py for tasks to queue
[2024-06-18T09:46:02.831+0000] {logging_mixin.py:188} INFO - [2024-06-18T09:46:02.830+0000] {dagbag.py:545} INFO - Filling up the DagBag from /home/airflow/.local/lib/python3.12/site-packages/airflow/example_dags/example_latest_only_with_trigger.py
[2024-06-18T09:46:02.833+0000] {processor.py:840} INFO - DAG(s) 'latest_only_with_trigger' retrieved from /home/airflow/.local/lib/python3.12/site-packages/airflow/example_dags/example_latest_only_with_trigger.py
[2024-06-18T09:46:02.845+0000] {logging_mixin.py:188} INFO - [2024-06-18T09:46:02.845+0000] {dag.py:3096} INFO - Sync 1 DAGs
[2024-06-18T09:46:02.856+0000] {logging_mixin.py:188} INFO - [2024-06-18T09:46:02.856+0000] {dag.py:3954} INFO - Setting next_dagrun for latest_only_with_trigger to 2024-06-18 04:00:00+00:00, run_after=2024-06-18 08:00:00+00:00
[2024-06-18T09:46:02.867+0000] {processor.py:183} INFO - Processing /home/airflow/.local/lib/python3.12/site-packages/airflow/example_dags/example_latest_only_with_trigger.py took 0.041 seconds
[2024-06-18T09:46:32.984+0000] {processor.py:161} INFO - Started process (PID=7305) to work on /home/airflow/.local/lib/python3.12/site-packages/airflow/example_dags/example_latest_only_with_trigger.py
[2024-06-18T09:46:32.985+0000] {processor.py:830} INFO - Processing file /home/airflow/.local/lib/python3.12/site-packages/airflow/example_dags/example_latest_only_with_trigger.py for tasks to queue
[2024-06-18T09:46:32.985+0000] {logging_mixin.py:188} INFO - [2024-06-18T09:46:32.985+0000] {dagbag.py:545} INFO - Filling up the DagBag from /home/airflow/.local/lib/python3.12/site-packages/airflow/example_dags/example_latest_only_with_trigger.py
[2024-06-18T09:46:32.988+0000] {processor.py:840} INFO - DAG(s) 'latest_only_with_trigger' retrieved from /home/airflow/.local/lib/python3.12/site-packages/airflow/example_dags/example_latest_only_with_trigger.py
[2024-06-18T09:46:33.000+0000] {logging_mixin.py:188} INFO - [2024-06-18T09:46:33.000+0000] {dag.py:3096} INFO - Sync 1 DAGs
[2024-06-18T09:46:33.012+0000] {logging_mixin.py:188} INFO - [2024-06-18T09:46:33.012+0000] {dag.py:3954} INFO - Setting next_dagrun for latest_only_with_trigger to 2024-06-18 04:00:00+00:00, run_after=2024-06-18 08:00:00+00:00
[2024-06-18T09:46:33.022+0000] {processor.py:183} INFO - Processing /home/airflow/.local/lib/python3.12/site-packages/airflow/example_dags/example_latest_only_with_trigger.py took 0.042 seconds
[2024-06-18T09:47:03.071+0000] {processor.py:161} INFO - Started process (PID=7567) to work on /home/airflow/.local/lib/python3.12/site-packages/airflow/example_dags/example_latest_only_with_trigger.py
[2024-06-18T09:47:03.072+0000] {processor.py:830} INFO - Processing file /home/airflow/.local/lib/python3.12/site-packages/airflow/example_dags/example_latest_only_with_trigger.py for tasks to queue
[2024-06-18T09:47:03.072+0000] {logging_mixin.py:188} INFO - [2024-06-18T09:47:03.072+0000] {dagbag.py:545} INFO - Filling up the DagBag from /home/airflow/.local/lib/python3.12/site-packages/airflow/example_dags/example_latest_only_with_trigger.py
[2024-06-18T09:47:03.075+0000] {processor.py:840} INFO - DAG(s) 'latest_only_with_trigger' retrieved from /home/airflow/.local/lib/python3.12/site-packages/airflow/example_dags/example_latest_only_with_trigger.py
[2024-06-18T09:47:03.086+0000] {logging_mixin.py:188} INFO - [2024-06-18T09:47:03.086+0000] {dag.py:3096} INFO - Sync 1 DAGs
[2024-06-18T09:47:03.097+0000] {logging_mixin.py:188} INFO - [2024-06-18T09:47:03.097+0000] {dag.py:3954} INFO - Setting next_dagrun for latest_only_with_trigger to 2024-06-18 04:00:00+00:00, run_after=2024-06-18 08:00:00+00:00
[2024-06-18T09:47:03.108+0000] {processor.py:183} INFO - Processing /home/airflow/.local/lib/python3.12/site-packages/airflow/example_dags/example_latest_only_with_trigger.py took 0.040 seconds
[2024-06-18T09:47:33.812+0000] {processor.py:161} INFO - Started process (PID=7829) to work on /home/airflow/.local/lib/python3.12/site-packages/airflow/example_dags/example_latest_only_with_trigger.py
[2024-06-18T09:47:33.812+0000] {processor.py:830} INFO - Processing file /home/airflow/.local/lib/python3.12/site-packages/airflow/example_dags/example_latest_only_with_trigger.py for tasks to queue
[2024-06-18T09:47:33.813+0000] {logging_mixin.py:188} INFO - [2024-06-18T09:47:33.813+0000] {dagbag.py:545} INFO - Filling up the DagBag from /home/airflow/.local/lib/python3.12/site-packages/airflow/example_dags/example_latest_only_with_trigger.py
[2024-06-18T09:47:33.816+0000] {processor.py:840} INFO - DAG(s) 'latest_only_with_trigger' retrieved from /home/airflow/.local/lib/python3.12/site-packages/airflow/example_dags/example_latest_only_with_trigger.py
[2024-06-18T09:47:33.826+0000] {logging_mixin.py:188} INFO - [2024-06-18T09:47:33.826+0000] {dag.py:3096} INFO - Sync 1 DAGs
[2024-06-18T09:47:33.837+0000] {logging_mixin.py:188} INFO - [2024-06-18T09:47:33.837+0000] {dag.py:3954} INFO - Setting next_dagrun for latest_only_with_trigger to 2024-06-18 04:00:00+00:00, run_after=2024-06-18 08:00:00+00:00
[2024-06-18T09:47:33.847+0000] {processor.py:183} INFO - Processing /home/airflow/.local/lib/python3.12/site-packages/airflow/example_dags/example_latest_only_with_trigger.py took 0.039 seconds
[2024-06-18T09:48:04.565+0000] {processor.py:161} INFO - Started process (PID=8091) to work on /home/airflow/.local/lib/python3.12/site-packages/airflow/example_dags/example_latest_only_with_trigger.py
[2024-06-18T09:48:04.566+0000] {processor.py:830} INFO - Processing file /home/airflow/.local/lib/python3.12/site-packages/airflow/example_dags/example_latest_only_with_trigger.py for tasks to queue
[2024-06-18T09:48:04.566+0000] {logging_mixin.py:188} INFO - [2024-06-18T09:48:04.566+0000] {dagbag.py:545} INFO - Filling up the DagBag from /home/airflow/.local/lib/python3.12/site-packages/airflow/example_dags/example_latest_only_with_trigger.py
[2024-06-18T09:48:04.569+0000] {processor.py:840} INFO - DAG(s) 'latest_only_with_trigger' retrieved from /home/airflow/.local/lib/python3.12/site-packages/airflow/example_dags/example_latest_only_with_trigger.py
[2024-06-18T09:48:04.582+0000] {logging_mixin.py:188} INFO - [2024-06-18T09:48:04.582+0000] {dag.py:3096} INFO - Sync 1 DAGs
[2024-06-18T09:48:04.593+0000] {logging_mixin.py:188} INFO - [2024-06-18T09:48:04.592+0000] {dag.py:3954} INFO - Setting next_dagrun for latest_only_with_trigger to 2024-06-18 04:00:00+00:00, run_after=2024-06-18 08:00:00+00:00
[2024-06-18T09:48:04.602+0000] {processor.py:183} INFO - Processing /home/airflow/.local/lib/python3.12/site-packages/airflow/example_dags/example_latest_only_with_trigger.py took 0.040 seconds
[2024-06-18T09:48:35.427+0000] {processor.py:161} INFO - Started process (PID=8355) to work on /home/airflow/.local/lib/python3.12/site-packages/airflow/example_dags/example_latest_only_with_trigger.py
[2024-06-18T09:48:35.427+0000] {processor.py:830} INFO - Processing file /home/airflow/.local/lib/python3.12/site-packages/airflow/example_dags/example_latest_only_with_trigger.py for tasks to queue
[2024-06-18T09:48:35.428+0000] {logging_mixin.py:188} INFO - [2024-06-18T09:48:35.428+0000] {dagbag.py:545} INFO - Filling up the DagBag from /home/airflow/.local/lib/python3.12/site-packages/airflow/example_dags/example_latest_only_with_trigger.py
[2024-06-18T09:48:35.431+0000] {processor.py:840} INFO - DAG(s) 'latest_only_with_trigger' retrieved from /home/airflow/.local/lib/python3.12/site-packages/airflow/example_dags/example_latest_only_with_trigger.py
[2024-06-18T09:48:35.443+0000] {logging_mixin.py:188} INFO - [2024-06-18T09:48:35.443+0000] {dag.py:3096} INFO - Sync 1 DAGs
[2024-06-18T09:48:35.455+0000] {logging_mixin.py:188} INFO - [2024-06-18T09:48:35.455+0000] {dag.py:3954} INFO - Setting next_dagrun for latest_only_with_trigger to 2024-06-18 04:00:00+00:00, run_after=2024-06-18 08:00:00+00:00
[2024-06-18T09:48:35.465+0000] {processor.py:183} INFO - Processing /home/airflow/.local/lib/python3.12/site-packages/airflow/example_dags/example_latest_only_with_trigger.py took 0.041 seconds
[2024-06-18T09:49:06.183+0000] {processor.py:161} INFO - Started process (PID=8617) to work on /home/airflow/.local/lib/python3.12/site-packages/airflow/example_dags/example_latest_only_with_trigger.py
[2024-06-18T09:49:06.184+0000] {processor.py:830} INFO - Processing file /home/airflow/.local/lib/python3.12/site-packages/airflow/example_dags/example_latest_only_with_trigger.py for tasks to queue
[2024-06-18T09:49:06.185+0000] {logging_mixin.py:188} INFO - [2024-06-18T09:49:06.184+0000] {dagbag.py:545} INFO - Filling up the DagBag from /home/airflow/.local/lib/python3.12/site-packages/airflow/example_dags/example_latest_only_with_trigger.py
[2024-06-18T09:49:06.188+0000] {processor.py:840} INFO - DAG(s) 'latest_only_with_trigger' retrieved from /home/airflow/.local/lib/python3.12/site-packages/airflow/example_dags/example_latest_only_with_trigger.py
[2024-06-18T09:49:06.200+0000] {logging_mixin.py:188} INFO - [2024-06-18T09:49:06.200+0000] {dag.py:3096} INFO - Sync 1 DAGs
[2024-06-18T09:49:06.214+0000] {logging_mixin.py:188} INFO - [2024-06-18T09:49:06.214+0000] {dag.py:3954} INFO - Setting next_dagrun for latest_only_with_trigger to 2024-06-18 04:00:00+00:00, run_after=2024-06-18 08:00:00+00:00
[2024-06-18T09:49:06.226+0000] {processor.py:183} INFO - Processing /home/airflow/.local/lib/python3.12/site-packages/airflow/example_dags/example_latest_only_with_trigger.py took 0.046 seconds
[2024-06-18T09:49:36.365+0000] {processor.py:161} INFO - Started process (PID=8879) to work on /home/airflow/.local/lib/python3.12/site-packages/airflow/example_dags/example_latest_only_with_trigger.py
[2024-06-18T09:49:36.365+0000] {processor.py:830} INFO - Processing file /home/airflow/.local/lib/python3.12/site-packages/airflow/example_dags/example_latest_only_with_trigger.py for tasks to queue
[2024-06-18T09:49:36.366+0000] {logging_mixin.py:188} INFO - [2024-06-18T09:49:36.366+0000] {dagbag.py:545} INFO - Filling up the DagBag from /home/airflow/.local/lib/python3.12/site-packages/airflow/example_dags/example_latest_only_with_trigger.py
[2024-06-18T09:49:36.370+0000] {processor.py:840} INFO - DAG(s) 'latest_only_with_trigger' retrieved from /home/airflow/.local/lib/python3.12/site-packages/airflow/example_dags/example_latest_only_with_trigger.py
[2024-06-18T09:49:36.382+0000] {logging_mixin.py:188} INFO - [2024-06-18T09:49:36.382+0000] {dag.py:3096} INFO - Sync 1 DAGs
[2024-06-18T09:49:36.395+0000] {logging_mixin.py:188} INFO - [2024-06-18T09:49:36.395+0000] {dag.py:3954} INFO - Setting next_dagrun for latest_only_with_trigger to 2024-06-18 04:00:00+00:00, run_after=2024-06-18 08:00:00+00:00
[2024-06-18T09:49:36.408+0000] {processor.py:183} INFO - Processing /home/airflow/.local/lib/python3.12/site-packages/airflow/example_dags/example_latest_only_with_trigger.py took 0.046 seconds
[2024-06-18T09:50:06.577+0000] {processor.py:161} INFO - Started process (PID=9141) to work on /home/airflow/.local/lib/python3.12/site-packages/airflow/example_dags/example_latest_only_with_trigger.py
[2024-06-18T09:50:06.577+0000] {processor.py:830} INFO - Processing file /home/airflow/.local/lib/python3.12/site-packages/airflow/example_dags/example_latest_only_with_trigger.py for tasks to queue
[2024-06-18T09:50:06.578+0000] {logging_mixin.py:188} INFO - [2024-06-18T09:50:06.578+0000] {dagbag.py:545} INFO - Filling up the DagBag from /home/airflow/.local/lib/python3.12/site-packages/airflow/example_dags/example_latest_only_with_trigger.py
[2024-06-18T09:50:06.582+0000] {processor.py:840} INFO - DAG(s) 'latest_only_with_trigger' retrieved from /home/airflow/.local/lib/python3.12/site-packages/airflow/example_dags/example_latest_only_with_trigger.py
[2024-06-18T09:50:06.594+0000] {logging_mixin.py:188} INFO - [2024-06-18T09:50:06.594+0000] {dag.py:3096} INFO - Sync 1 DAGs
[2024-06-18T09:50:06.606+0000] {logging_mixin.py:188} INFO - [2024-06-18T09:50:06.606+0000] {dag.py:3954} INFO - Setting next_dagrun for latest_only_with_trigger to 2024-06-18 04:00:00+00:00, run_after=2024-06-18 08:00:00+00:00
[2024-06-18T09:50:06.618+0000] {processor.py:183} INFO - Processing /home/airflow/.local/lib/python3.12/site-packages/airflow/example_dags/example_latest_only_with_trigger.py took 0.046 seconds
[2024-06-18T09:50:36.673+0000] {processor.py:161} INFO - Started process (PID=9401) to work on /home/airflow/.local/lib/python3.12/site-packages/airflow/example_dags/example_latest_only_with_trigger.py
[2024-06-18T09:50:36.673+0000] {processor.py:830} INFO - Processing file /home/airflow/.local/lib/python3.12/site-packages/airflow/example_dags/example_latest_only_with_trigger.py for tasks to queue
[2024-06-18T09:50:36.674+0000] {logging_mixin.py:188} INFO - [2024-06-18T09:50:36.674+0000] {dagbag.py:545} INFO - Filling up the DagBag from /home/airflow/.local/lib/python3.12/site-packages/airflow/example_dags/example_latest_only_with_trigger.py
[2024-06-18T09:50:36.678+0000] {processor.py:840} INFO - DAG(s) 'latest_only_with_trigger' retrieved from /home/airflow/.local/lib/python3.12/site-packages/airflow/example_dags/example_latest_only_with_trigger.py
[2024-06-18T09:50:36.689+0000] {logging_mixin.py:188} INFO - [2024-06-18T09:50:36.689+0000] {dag.py:3096} INFO - Sync 1 DAGs
[2024-06-18T09:50:36.701+0000] {logging_mixin.py:188} INFO - [2024-06-18T09:50:36.701+0000] {dag.py:3954} INFO - Setting next_dagrun for latest_only_with_trigger to 2024-06-18 04:00:00+00:00, run_after=2024-06-18 08:00:00+00:00
[2024-06-18T09:50:36.712+0000] {processor.py:183} INFO - Processing /home/airflow/.local/lib/python3.12/site-packages/airflow/example_dags/example_latest_only_with_trigger.py took 0.043 seconds
[2024-06-18T09:51:06.757+0000] {processor.py:161} INFO - Started process (PID=9663) to work on /home/airflow/.local/lib/python3.12/site-packages/airflow/example_dags/example_latest_only_with_trigger.py
[2024-06-18T09:51:06.758+0000] {processor.py:830} INFO - Processing file /home/airflow/.local/lib/python3.12/site-packages/airflow/example_dags/example_latest_only_with_trigger.py for tasks to queue
[2024-06-18T09:51:06.758+0000] {logging_mixin.py:188} INFO - [2024-06-18T09:51:06.758+0000] {dagbag.py:545} INFO - Filling up the DagBag from /home/airflow/.local/lib/python3.12/site-packages/airflow/example_dags/example_latest_only_with_trigger.py
[2024-06-18T09:51:06.762+0000] {processor.py:840} INFO - DAG(s) 'latest_only_with_trigger' retrieved from /home/airflow/.local/lib/python3.12/site-packages/airflow/example_dags/example_latest_only_with_trigger.py
[2024-06-18T09:51:06.777+0000] {logging_mixin.py:188} INFO - [2024-06-18T09:51:06.777+0000] {dag.py:3096} INFO - Sync 1 DAGs
[2024-06-18T09:51:06.789+0000] {logging_mixin.py:188} INFO - [2024-06-18T09:51:06.789+0000] {dag.py:3954} INFO - Setting next_dagrun for latest_only_with_trigger to 2024-06-18 04:00:00+00:00, run_after=2024-06-18 08:00:00+00:00
[2024-06-18T09:51:06.801+0000] {processor.py:183} INFO - Processing /home/airflow/.local/lib/python3.12/site-packages/airflow/example_dags/example_latest_only_with_trigger.py took 0.047 seconds
[2024-06-18T09:51:37.056+0000] {processor.py:161} INFO - Started process (PID=9925) to work on /home/airflow/.local/lib/python3.12/site-packages/airflow/example_dags/example_latest_only_with_trigger.py
[2024-06-18T09:51:37.057+0000] {processor.py:830} INFO - Processing file /home/airflow/.local/lib/python3.12/site-packages/airflow/example_dags/example_latest_only_with_trigger.py for tasks to queue
[2024-06-18T09:51:37.058+0000] {logging_mixin.py:188} INFO - [2024-06-18T09:51:37.058+0000] {dagbag.py:545} INFO - Filling up the DagBag from /home/airflow/.local/lib/python3.12/site-packages/airflow/example_dags/example_latest_only_with_trigger.py
[2024-06-18T09:51:37.061+0000] {processor.py:840} INFO - DAG(s) 'latest_only_with_trigger' retrieved from /home/airflow/.local/lib/python3.12/site-packages/airflow/example_dags/example_latest_only_with_trigger.py
[2024-06-18T09:51:37.071+0000] {logging_mixin.py:188} INFO - [2024-06-18T09:51:37.071+0000] {dag.py:3096} INFO - Sync 1 DAGs
[2024-06-18T09:51:37.082+0000] {logging_mixin.py:188} INFO - [2024-06-18T09:51:37.082+0000] {dag.py:3954} INFO - Setting next_dagrun for latest_only_with_trigger to 2024-06-18 04:00:00+00:00, run_after=2024-06-18 08:00:00+00:00
[2024-06-18T09:51:37.094+0000] {processor.py:183} INFO - Processing /home/airflow/.local/lib/python3.12/site-packages/airflow/example_dags/example_latest_only_with_trigger.py took 0.040 seconds
[2024-06-18T09:52:07.759+0000] {processor.py:161} INFO - Started process (PID=10187) to work on /home/airflow/.local/lib/python3.12/site-packages/airflow/example_dags/example_latest_only_with_trigger.py
[2024-06-18T09:52:07.760+0000] {processor.py:830} INFO - Processing file /home/airflow/.local/lib/python3.12/site-packages/airflow/example_dags/example_latest_only_with_trigger.py for tasks to queue
[2024-06-18T09:52:07.760+0000] {logging_mixin.py:188} INFO - [2024-06-18T09:52:07.760+0000] {dagbag.py:545} INFO - Filling up the DagBag from /home/airflow/.local/lib/python3.12/site-packages/airflow/example_dags/example_latest_only_with_trigger.py
[2024-06-18T09:52:07.763+0000] {processor.py:840} INFO - DAG(s) 'latest_only_with_trigger' retrieved from /home/airflow/.local/lib/python3.12/site-packages/airflow/example_dags/example_latest_only_with_trigger.py
[2024-06-18T09:52:07.774+0000] {logging_mixin.py:188} INFO - [2024-06-18T09:52:07.774+0000] {dag.py:3096} INFO - Sync 1 DAGs
[2024-06-18T09:52:07.785+0000] {logging_mixin.py:188} INFO - [2024-06-18T09:52:07.785+0000] {dag.py:3954} INFO - Setting next_dagrun for latest_only_with_trigger to 2024-06-18 04:00:00+00:00, run_after=2024-06-18 08:00:00+00:00
[2024-06-18T09:52:07.795+0000] {processor.py:183} INFO - Processing /home/airflow/.local/lib/python3.12/site-packages/airflow/example_dags/example_latest_only_with_trigger.py took 0.040 seconds
[2024-06-18T09:52:38.097+0000] {processor.py:161} INFO - Started process (PID=10451) to work on /home/airflow/.local/lib/python3.12/site-packages/airflow/example_dags/example_latest_only_with_trigger.py
[2024-06-18T09:52:38.097+0000] {processor.py:830} INFO - Processing file /home/airflow/.local/lib/python3.12/site-packages/airflow/example_dags/example_latest_only_with_trigger.py for tasks to queue
[2024-06-18T09:52:38.098+0000] {logging_mixin.py:188} INFO - [2024-06-18T09:52:38.098+0000] {dagbag.py:545} INFO - Filling up the DagBag from /home/airflow/.local/lib/python3.12/site-packages/airflow/example_dags/example_latest_only_with_trigger.py
[2024-06-18T09:52:38.101+0000] {processor.py:840} INFO - DAG(s) 'latest_only_with_trigger' retrieved from /home/airflow/.local/lib/python3.12/site-packages/airflow/example_dags/example_latest_only_with_trigger.py
[2024-06-18T09:52:38.114+0000] {logging_mixin.py:188} INFO - [2024-06-18T09:52:38.113+0000] {dag.py:3096} INFO - Sync 1 DAGs
[2024-06-18T09:52:38.126+0000] {logging_mixin.py:188} INFO - [2024-06-18T09:52:38.126+0000] {dag.py:3954} INFO - Setting next_dagrun for latest_only_with_trigger to 2024-06-18 04:00:00+00:00, run_after=2024-06-18 08:00:00+00:00
[2024-06-18T09:52:38.137+0000] {processor.py:183} INFO - Processing /home/airflow/.local/lib/python3.12/site-packages/airflow/example_dags/example_latest_only_with_trigger.py took 0.044 seconds
[2024-06-18T09:53:08.719+0000] {processor.py:161} INFO - Started process (PID=10711) to work on /home/airflow/.local/lib/python3.12/site-packages/airflow/example_dags/example_latest_only_with_trigger.py
[2024-06-18T09:53:08.720+0000] {processor.py:830} INFO - Processing file /home/airflow/.local/lib/python3.12/site-packages/airflow/example_dags/example_latest_only_with_trigger.py for tasks to queue
[2024-06-18T09:53:08.722+0000] {logging_mixin.py:188} INFO - [2024-06-18T09:53:08.722+0000] {dagbag.py:545} INFO - Filling up the DagBag from /home/airflow/.local/lib/python3.12/site-packages/airflow/example_dags/example_latest_only_with_trigger.py
[2024-06-18T09:53:08.823+0000] {processor.py:840} INFO - DAG(s) 'latest_only_with_trigger' retrieved from /home/airflow/.local/lib/python3.12/site-packages/airflow/example_dags/example_latest_only_with_trigger.py
[2024-06-18T09:53:08.834+0000] {logging_mixin.py:188} INFO - [2024-06-18T09:53:08.834+0000] {dag.py:3096} INFO - Sync 1 DAGs
[2024-06-18T09:53:08.846+0000] {logging_mixin.py:188} INFO - [2024-06-18T09:53:08.846+0000] {dag.py:3954} INFO - Setting next_dagrun for latest_only_with_trigger to 2024-06-18 04:00:00+00:00, run_after=2024-06-18 08:00:00+00:00
[2024-06-18T09:53:08.857+0000] {processor.py:183} INFO - Processing /home/airflow/.local/lib/python3.12/site-packages/airflow/example_dags/example_latest_only_with_trigger.py took 0.142 seconds
[2024-06-18T09:53:39.052+0000] {processor.py:161} INFO - Started process (PID=10973) to work on /home/airflow/.local/lib/python3.12/site-packages/airflow/example_dags/example_latest_only_with_trigger.py
[2024-06-18T09:53:39.053+0000] {processor.py:830} INFO - Processing file /home/airflow/.local/lib/python3.12/site-packages/airflow/example_dags/example_latest_only_with_trigger.py for tasks to queue
[2024-06-18T09:53:39.054+0000] {logging_mixin.py:188} INFO - [2024-06-18T09:53:39.053+0000] {dagbag.py:545} INFO - Filling up the DagBag from /home/airflow/.local/lib/python3.12/site-packages/airflow/example_dags/example_latest_only_with_trigger.py
[2024-06-18T09:53:39.057+0000] {processor.py:840} INFO - DAG(s) 'latest_only_with_trigger' retrieved from /home/airflow/.local/lib/python3.12/site-packages/airflow/example_dags/example_latest_only_with_trigger.py
[2024-06-18T09:53:39.069+0000] {logging_mixin.py:188} INFO - [2024-06-18T09:53:39.069+0000] {dag.py:3096} INFO - Sync 1 DAGs
[2024-06-18T09:53:39.083+0000] {logging_mixin.py:188} INFO - [2024-06-18T09:53:39.083+0000] {dag.py:3954} INFO - Setting next_dagrun for latest_only_with_trigger to 2024-06-18 04:00:00+00:00, run_after=2024-06-18 08:00:00+00:00
[2024-06-18T09:53:39.095+0000] {processor.py:183} INFO - Processing /home/airflow/.local/lib/python3.12/site-packages/airflow/example_dags/example_latest_only_with_trigger.py took 0.046 seconds
[2024-06-18T09:54:09.191+0000] {processor.py:161} INFO - Started process (PID=11235) to work on /home/airflow/.local/lib/python3.12/site-packages/airflow/example_dags/example_latest_only_with_trigger.py
[2024-06-18T09:54:09.192+0000] {processor.py:830} INFO - Processing file /home/airflow/.local/lib/python3.12/site-packages/airflow/example_dags/example_latest_only_with_trigger.py for tasks to queue
[2024-06-18T09:54:09.194+0000] {logging_mixin.py:188} INFO - [2024-06-18T09:54:09.193+0000] {dagbag.py:545} INFO - Filling up the DagBag from /home/airflow/.local/lib/python3.12/site-packages/airflow/example_dags/example_latest_only_with_trigger.py
[2024-06-18T09:54:09.197+0000] {processor.py:840} INFO - DAG(s) 'latest_only_with_trigger' retrieved from /home/airflow/.local/lib/python3.12/site-packages/airflow/example_dags/example_latest_only_with_trigger.py
[2024-06-18T09:54:09.210+0000] {logging_mixin.py:188} INFO - [2024-06-18T09:54:09.209+0000] {dag.py:3096} INFO - Sync 1 DAGs
[2024-06-18T09:54:09.223+0000] {logging_mixin.py:188} INFO - [2024-06-18T09:54:09.223+0000] {dag.py:3954} INFO - Setting next_dagrun for latest_only_with_trigger to 2024-06-18 04:00:00+00:00, run_after=2024-06-18 08:00:00+00:00
[2024-06-18T09:54:09.235+0000] {processor.py:183} INFO - Processing /home/airflow/.local/lib/python3.12/site-packages/airflow/example_dags/example_latest_only_with_trigger.py took 0.047 seconds
[2024-06-18T09:54:39.276+0000] {processor.py:161} INFO - Started process (PID=11497) to work on /home/airflow/.local/lib/python3.12/site-packages/airflow/example_dags/example_latest_only_with_trigger.py
[2024-06-18T09:54:39.276+0000] {processor.py:830} INFO - Processing file /home/airflow/.local/lib/python3.12/site-packages/airflow/example_dags/example_latest_only_with_trigger.py for tasks to queue
[2024-06-18T09:54:39.277+0000] {logging_mixin.py:188} INFO - [2024-06-18T09:54:39.277+0000] {dagbag.py:545} INFO - Filling up the DagBag from /home/airflow/.local/lib/python3.12/site-packages/airflow/example_dags/example_latest_only_with_trigger.py
[2024-06-18T09:54:39.280+0000] {processor.py:840} INFO - DAG(s) 'latest_only_with_trigger' retrieved from /home/airflow/.local/lib/python3.12/site-packages/airflow/example_dags/example_latest_only_with_trigger.py
[2024-06-18T09:54:39.292+0000] {logging_mixin.py:188} INFO - [2024-06-18T09:54:39.292+0000] {dag.py:3096} INFO - Sync 1 DAGs
[2024-06-18T09:54:39.303+0000] {logging_mixin.py:188} INFO - [2024-06-18T09:54:39.303+0000] {dag.py:3954} INFO - Setting next_dagrun for latest_only_with_trigger to 2024-06-18 04:00:00+00:00, run_after=2024-06-18 08:00:00+00:00
[2024-06-18T09:54:39.314+0000] {processor.py:183} INFO - Processing /home/airflow/.local/lib/python3.12/site-packages/airflow/example_dags/example_latest_only_with_trigger.py took 0.041 seconds
[2024-06-18T09:55:09.539+0000] {processor.py:161} INFO - Started process (PID=11761) to work on /home/airflow/.local/lib/python3.12/site-packages/airflow/example_dags/example_latest_only_with_trigger.py
[2024-06-18T09:55:09.539+0000] {processor.py:830} INFO - Processing file /home/airflow/.local/lib/python3.12/site-packages/airflow/example_dags/example_latest_only_with_trigger.py for tasks to queue
[2024-06-18T09:55:09.540+0000] {logging_mixin.py:188} INFO - [2024-06-18T09:55:09.540+0000] {dagbag.py:545} INFO - Filling up the DagBag from /home/airflow/.local/lib/python3.12/site-packages/airflow/example_dags/example_latest_only_with_trigger.py
[2024-06-18T09:55:09.544+0000] {processor.py:840} INFO - DAG(s) 'latest_only_with_trigger' retrieved from /home/airflow/.local/lib/python3.12/site-packages/airflow/example_dags/example_latest_only_with_trigger.py
[2024-06-18T09:55:09.556+0000] {logging_mixin.py:188} INFO - [2024-06-18T09:55:09.555+0000] {dag.py:3096} INFO - Sync 1 DAGs
[2024-06-18T09:55:09.569+0000] {logging_mixin.py:188} INFO - [2024-06-18T09:55:09.569+0000] {dag.py:3954} INFO - Setting next_dagrun for latest_only_with_trigger to 2024-06-18 04:00:00+00:00, run_after=2024-06-18 08:00:00+00:00
[2024-06-18T09:55:09.580+0000] {processor.py:183} INFO - Processing /home/airflow/.local/lib/python3.12/site-packages/airflow/example_dags/example_latest_only_with_trigger.py took 0.044 seconds
[2024-06-18T09:55:39.632+0000] {processor.py:161} INFO - Started process (PID=12023) to work on /home/airflow/.local/lib/python3.12/site-packages/airflow/example_dags/example_latest_only_with_trigger.py
[2024-06-18T09:55:39.633+0000] {processor.py:830} INFO - Processing file /home/airflow/.local/lib/python3.12/site-packages/airflow/example_dags/example_latest_only_with_trigger.py for tasks to queue
[2024-06-18T09:55:39.634+0000] {logging_mixin.py:188} INFO - [2024-06-18T09:55:39.634+0000] {dagbag.py:545} INFO - Filling up the DagBag from /home/airflow/.local/lib/python3.12/site-packages/airflow/example_dags/example_latest_only_with_trigger.py
[2024-06-18T09:55:39.637+0000] {processor.py:840} INFO - DAG(s) 'latest_only_with_trigger' retrieved from /home/airflow/.local/lib/python3.12/site-packages/airflow/example_dags/example_latest_only_with_trigger.py
[2024-06-18T09:55:39.649+0000] {logging_mixin.py:188} INFO - [2024-06-18T09:55:39.649+0000] {dag.py:3096} INFO - Sync 1 DAGs
[2024-06-18T09:55:39.662+0000] {logging_mixin.py:188} INFO - [2024-06-18T09:55:39.662+0000] {dag.py:3954} INFO - Setting next_dagrun for latest_only_with_trigger to 2024-06-18 04:00:00+00:00, run_after=2024-06-18 08:00:00+00:00
[2024-06-18T09:55:39.672+0000] {processor.py:183} INFO - Processing /home/airflow/.local/lib/python3.12/site-packages/airflow/example_dags/example_latest_only_with_trigger.py took 0.043 seconds
[2024-06-18T09:56:10.369+0000] {processor.py:161} INFO - Started process (PID=12283) to work on /home/airflow/.local/lib/python3.12/site-packages/airflow/example_dags/example_latest_only_with_trigger.py
[2024-06-18T09:56:10.369+0000] {processor.py:830} INFO - Processing file /home/airflow/.local/lib/python3.12/site-packages/airflow/example_dags/example_latest_only_with_trigger.py for tasks to queue
[2024-06-18T09:56:10.370+0000] {logging_mixin.py:188} INFO - [2024-06-18T09:56:10.370+0000] {dagbag.py:545} INFO - Filling up the DagBag from /home/airflow/.local/lib/python3.12/site-packages/airflow/example_dags/example_latest_only_with_trigger.py
[2024-06-18T09:56:10.373+0000] {processor.py:840} INFO - DAG(s) 'latest_only_with_trigger' retrieved from /home/airflow/.local/lib/python3.12/site-packages/airflow/example_dags/example_latest_only_with_trigger.py
[2024-06-18T09:56:10.384+0000] {logging_mixin.py:188} INFO - [2024-06-18T09:56:10.384+0000] {dag.py:3096} INFO - Sync 1 DAGs
[2024-06-18T09:56:10.398+0000] {logging_mixin.py:188} INFO - [2024-06-18T09:56:10.397+0000] {dag.py:3954} INFO - Setting next_dagrun for latest_only_with_trigger to 2024-06-18 04:00:00+00:00, run_after=2024-06-18 08:00:00+00:00
[2024-06-18T09:56:10.409+0000] {processor.py:183} INFO - Processing /home/airflow/.local/lib/python3.12/site-packages/airflow/example_dags/example_latest_only_with_trigger.py took 0.044 seconds
[2024-06-18T09:56:41.130+0000] {processor.py:161} INFO - Started process (PID=12545) to work on /home/airflow/.local/lib/python3.12/site-packages/airflow/example_dags/example_latest_only_with_trigger.py
[2024-06-18T09:56:41.131+0000] {processor.py:830} INFO - Processing file /home/airflow/.local/lib/python3.12/site-packages/airflow/example_dags/example_latest_only_with_trigger.py for tasks to queue
[2024-06-18T09:56:41.132+0000] {logging_mixin.py:188} INFO - [2024-06-18T09:56:41.132+0000] {dagbag.py:545} INFO - Filling up the DagBag from /home/airflow/.local/lib/python3.12/site-packages/airflow/example_dags/example_latest_only_with_trigger.py
[2024-06-18T09:56:41.135+0000] {processor.py:840} INFO - DAG(s) 'latest_only_with_trigger' retrieved from /home/airflow/.local/lib/python3.12/site-packages/airflow/example_dags/example_latest_only_with_trigger.py
[2024-06-18T09:56:41.147+0000] {logging_mixin.py:188} INFO - [2024-06-18T09:56:41.147+0000] {dag.py:3096} INFO - Sync 1 DAGs
[2024-06-18T09:56:41.159+0000] {logging_mixin.py:188} INFO - [2024-06-18T09:56:41.159+0000] {dag.py:3954} INFO - Setting next_dagrun for latest_only_with_trigger to 2024-06-18 04:00:00+00:00, run_after=2024-06-18 08:00:00+00:00
[2024-06-18T09:56:41.172+0000] {processor.py:183} INFO - Processing /home/airflow/.local/lib/python3.12/site-packages/airflow/example_dags/example_latest_only_with_trigger.py took 0.045 seconds
[2024-06-18T09:57:11.216+0000] {processor.py:161} INFO - Started process (PID=12807) to work on /home/airflow/.local/lib/python3.12/site-packages/airflow/example_dags/example_latest_only_with_trigger.py
[2024-06-18T09:57:11.217+0000] {processor.py:830} INFO - Processing file /home/airflow/.local/lib/python3.12/site-packages/airflow/example_dags/example_latest_only_with_trigger.py for tasks to queue
[2024-06-18T09:57:11.217+0000] {logging_mixin.py:188} INFO - [2024-06-18T09:57:11.217+0000] {dagbag.py:545} INFO - Filling up the DagBag from /home/airflow/.local/lib/python3.12/site-packages/airflow/example_dags/example_latest_only_with_trigger.py
[2024-06-18T09:57:11.220+0000] {processor.py:840} INFO - DAG(s) 'latest_only_with_trigger' retrieved from /home/airflow/.local/lib/python3.12/site-packages/airflow/example_dags/example_latest_only_with_trigger.py
[2024-06-18T09:57:11.231+0000] {logging_mixin.py:188} INFO - [2024-06-18T09:57:11.231+0000] {dag.py:3096} INFO - Sync 1 DAGs
[2024-06-18T09:57:11.244+0000] {logging_mixin.py:188} INFO - [2024-06-18T09:57:11.244+0000] {dag.py:3954} INFO - Setting next_dagrun for latest_only_with_trigger to 2024-06-18 04:00:00+00:00, run_after=2024-06-18 08:00:00+00:00
[2024-06-18T09:57:11.255+0000] {processor.py:183} INFO - Processing /home/airflow/.local/lib/python3.12/site-packages/airflow/example_dags/example_latest_only_with_trigger.py took 0.042 seconds
[2024-06-18T09:57:42.286+0000] {processor.py:161} INFO - Started process (PID=13063) to work on /home/airflow/.local/lib/python3.12/site-packages/airflow/example_dags/example_latest_only_with_trigger.py
[2024-06-18T09:57:42.287+0000] {processor.py:830} INFO - Processing file /home/airflow/.local/lib/python3.12/site-packages/airflow/example_dags/example_latest_only_with_trigger.py for tasks to queue
[2024-06-18T09:57:42.288+0000] {logging_mixin.py:188} INFO - [2024-06-18T09:57:42.288+0000] {dagbag.py:545} INFO - Filling up the DagBag from /home/airflow/.local/lib/python3.12/site-packages/airflow/example_dags/example_latest_only_with_trigger.py
[2024-06-18T09:57:42.293+0000] {processor.py:840} INFO - DAG(s) 'latest_only_with_trigger' retrieved from /home/airflow/.local/lib/python3.12/site-packages/airflow/example_dags/example_latest_only_with_trigger.py
[2024-06-18T09:57:42.312+0000] {logging_mixin.py:188} INFO - [2024-06-18T09:57:42.311+0000] {dag.py:3096} INFO - Sync 1 DAGs
[2024-06-18T09:57:42.334+0000] {logging_mixin.py:188} INFO - [2024-06-18T09:57:42.334+0000] {dag.py:3954} INFO - Setting next_dagrun for latest_only_with_trigger to 2024-06-18 04:00:00+00:00, run_after=2024-06-18 08:00:00+00:00
[2024-06-18T09:57:42.352+0000] {processor.py:183} INFO - Processing /home/airflow/.local/lib/python3.12/site-packages/airflow/example_dags/example_latest_only_with_trigger.py took 0.071 seconds
[2024-06-18T09:58:12.376+0000] {processor.py:161} INFO - Started process (PID=13325) to work on /home/airflow/.local/lib/python3.12/site-packages/airflow/example_dags/example_latest_only_with_trigger.py
[2024-06-18T09:58:12.377+0000] {processor.py:830} INFO - Processing file /home/airflow/.local/lib/python3.12/site-packages/airflow/example_dags/example_latest_only_with_trigger.py for tasks to queue
[2024-06-18T09:58:12.378+0000] {logging_mixin.py:188} INFO - [2024-06-18T09:58:12.377+0000] {dagbag.py:545} INFO - Filling up the DagBag from /home/airflow/.local/lib/python3.12/site-packages/airflow/example_dags/example_latest_only_with_trigger.py
[2024-06-18T09:58:12.381+0000] {processor.py:840} INFO - DAG(s) 'latest_only_with_trigger' retrieved from /home/airflow/.local/lib/python3.12/site-packages/airflow/example_dags/example_latest_only_with_trigger.py
[2024-06-18T09:58:12.395+0000] {logging_mixin.py:188} INFO - [2024-06-18T09:58:12.395+0000] {dag.py:3096} INFO - Sync 1 DAGs
[2024-06-18T09:58:12.408+0000] {logging_mixin.py:188} INFO - [2024-06-18T09:58:12.408+0000] {dag.py:3954} INFO - Setting next_dagrun for latest_only_with_trigger to 2024-06-18 04:00:00+00:00, run_after=2024-06-18 08:00:00+00:00
[2024-06-18T09:58:12.422+0000] {processor.py:183} INFO - Processing /home/airflow/.local/lib/python3.12/site-packages/airflow/example_dags/example_latest_only_with_trigger.py took 0.049 seconds
[2024-06-18T09:58:43.191+0000] {processor.py:161} INFO - Started process (PID=13587) to work on /home/airflow/.local/lib/python3.12/site-packages/airflow/example_dags/example_latest_only_with_trigger.py
[2024-06-18T09:58:43.192+0000] {processor.py:830} INFO - Processing file /home/airflow/.local/lib/python3.12/site-packages/airflow/example_dags/example_latest_only_with_trigger.py for tasks to queue
[2024-06-18T09:58:43.193+0000] {logging_mixin.py:188} INFO - [2024-06-18T09:58:43.193+0000] {dagbag.py:545} INFO - Filling up the DagBag from /home/airflow/.local/lib/python3.12/site-packages/airflow/example_dags/example_latest_only_with_trigger.py
[2024-06-18T09:58:43.197+0000] {processor.py:840} INFO - DAG(s) 'latest_only_with_trigger' retrieved from /home/airflow/.local/lib/python3.12/site-packages/airflow/example_dags/example_latest_only_with_trigger.py
[2024-06-18T09:58:43.209+0000] {logging_mixin.py:188} INFO - [2024-06-18T09:58:43.208+0000] {dag.py:3096} INFO - Sync 1 DAGs
[2024-06-18T09:58:43.221+0000] {logging_mixin.py:188} INFO - [2024-06-18T09:58:43.221+0000] {dag.py:3954} INFO - Setting next_dagrun for latest_only_with_trigger to 2024-06-18 04:00:00+00:00, run_after=2024-06-18 08:00:00+00:00
[2024-06-18T09:58:43.231+0000] {processor.py:183} INFO - Processing /home/airflow/.local/lib/python3.12/site-packages/airflow/example_dags/example_latest_only_with_trigger.py took 0.043 seconds
[2024-06-18T09:59:13.430+0000] {processor.py:161} INFO - Started process (PID=13849) to work on /home/airflow/.local/lib/python3.12/site-packages/airflow/example_dags/example_latest_only_with_trigger.py
[2024-06-18T09:59:13.431+0000] {processor.py:830} INFO - Processing file /home/airflow/.local/lib/python3.12/site-packages/airflow/example_dags/example_latest_only_with_trigger.py for tasks to queue
[2024-06-18T09:59:13.431+0000] {logging_mixin.py:188} INFO - [2024-06-18T09:59:13.431+0000] {dagbag.py:545} INFO - Filling up the DagBag from /home/airflow/.local/lib/python3.12/site-packages/airflow/example_dags/example_latest_only_with_trigger.py
[2024-06-18T09:59:13.435+0000] {processor.py:840} INFO - DAG(s) 'latest_only_with_trigger' retrieved from /home/airflow/.local/lib/python3.12/site-packages/airflow/example_dags/example_latest_only_with_trigger.py
[2024-06-18T09:59:13.446+0000] {logging_mixin.py:188} INFO - [2024-06-18T09:59:13.446+0000] {dag.py:3096} INFO - Sync 1 DAGs
[2024-06-18T09:59:13.461+0000] {logging_mixin.py:188} INFO - [2024-06-18T09:59:13.461+0000] {dag.py:3954} INFO - Setting next_dagrun for latest_only_with_trigger to 2024-06-18 04:00:00+00:00, run_after=2024-06-18 08:00:00+00:00
[2024-06-18T09:59:13.473+0000] {processor.py:183} INFO - Processing /home/airflow/.local/lib/python3.12/site-packages/airflow/example_dags/example_latest_only_with_trigger.py took 0.046 seconds
[2024-06-18T09:59:44.503+0000] {processor.py:161} INFO - Started process (PID=14113) to work on /home/airflow/.local/lib/python3.12/site-packages/airflow/example_dags/example_latest_only_with_trigger.py
[2024-06-18T09:59:44.503+0000] {processor.py:830} INFO - Processing file /home/airflow/.local/lib/python3.12/site-packages/airflow/example_dags/example_latest_only_with_trigger.py for tasks to queue
[2024-06-18T09:59:44.504+0000] {logging_mixin.py:188} INFO - [2024-06-18T09:59:44.504+0000] {dagbag.py:545} INFO - Filling up the DagBag from /home/airflow/.local/lib/python3.12/site-packages/airflow/example_dags/example_latest_only_with_trigger.py
[2024-06-18T09:59:44.507+0000] {processor.py:840} INFO - DAG(s) 'latest_only_with_trigger' retrieved from /home/airflow/.local/lib/python3.12/site-packages/airflow/example_dags/example_latest_only_with_trigger.py
[2024-06-18T09:59:44.520+0000] {logging_mixin.py:188} INFO - [2024-06-18T09:59:44.520+0000] {dag.py:3096} INFO - Sync 1 DAGs
[2024-06-18T09:59:44.534+0000] {logging_mixin.py:188} INFO - [2024-06-18T09:59:44.534+0000] {dag.py:3954} INFO - Setting next_dagrun for latest_only_with_trigger to 2024-06-18 04:00:00+00:00, run_after=2024-06-18 08:00:00+00:00
[2024-06-18T09:59:44.544+0000] {processor.py:183} INFO - Processing /home/airflow/.local/lib/python3.12/site-packages/airflow/example_dags/example_latest_only_with_trigger.py took 0.045 seconds
