[2024-06-18T09:32:53.799+0000] {processor.py:161} INFO - Started process (PID=236) to work on /home/airflow/.local/lib/python3.12/site-packages/airflow/example_dags/example_branch_operator.py
[2024-06-18T09:32:53.799+0000] {processor.py:830} INFO - Processing file /home/airflow/.local/lib/python3.12/site-packages/airflow/example_dags/example_branch_operator.py for tasks to queue
[2024-06-18T09:32:53.800+0000] {logging_mixin.py:188} INFO - [2024-06-18T09:32:53.800+0000] {dagbag.py:545} INFO - Filling up the DagBag from /home/airflow/.local/lib/python3.12/site-packages/airflow/example_dags/example_branch_operator.py
[2024-06-18T09:32:53.812+0000] {processor.py:840} INFO - DAG(s) 'example_branch_operator' retrieved from /home/airflow/.local/lib/python3.12/site-packages/airflow/example_dags/example_branch_operator.py
[2024-06-18T09:32:53.820+0000] {logging_mixin.py:188} INFO - [2024-06-18T09:32:53.820+0000] {dag.py:3096} INFO - Sync 1 DAGs
[2024-06-18T09:32:53.841+0000] {logging_mixin.py:188} INFO - [2024-06-18T09:32:53.840+0000] {dag.py:3954} INFO - Setting next_dagrun for example_branch_operator to 2024-06-17 00:00:00+00:00, run_after=2024-06-18 00:00:00+00:00
[2024-06-18T09:32:53.855+0000] {processor.py:183} INFO - Processing /home/airflow/.local/lib/python3.12/site-packages/airflow/example_dags/example_branch_operator.py took 0.060 seconds
[2024-06-18T09:33:24.896+0000] {processor.py:161} INFO - Started process (PID=498) to work on /home/airflow/.local/lib/python3.12/site-packages/airflow/example_dags/example_branch_operator.py
[2024-06-18T09:33:24.897+0000] {processor.py:830} INFO - Processing file /home/airflow/.local/lib/python3.12/site-packages/airflow/example_dags/example_branch_operator.py for tasks to queue
[2024-06-18T09:33:24.897+0000] {logging_mixin.py:188} INFO - [2024-06-18T09:33:24.897+0000] {dagbag.py:545} INFO - Filling up the DagBag from /home/airflow/.local/lib/python3.12/site-packages/airflow/example_dags/example_branch_operator.py
[2024-06-18T09:33:24.906+0000] {processor.py:840} INFO - DAG(s) 'example_branch_operator' retrieved from /home/airflow/.local/lib/python3.12/site-packages/airflow/example_dags/example_branch_operator.py
[2024-06-18T09:33:24.967+0000] {logging_mixin.py:188} INFO - [2024-06-18T09:33:24.967+0000] {dag.py:3096} INFO - Sync 1 DAGs
[2024-06-18T09:33:24.977+0000] {logging_mixin.py:188} INFO - [2024-06-18T09:33:24.977+0000] {dag.py:3954} INFO - Setting next_dagrun for example_branch_operator to 2024-06-17 00:00:00+00:00, run_after=2024-06-18 00:00:00+00:00
[2024-06-18T09:33:24.988+0000] {processor.py:183} INFO - Processing /home/airflow/.local/lib/python3.12/site-packages/airflow/example_dags/example_branch_operator.py took 0.095 seconds
[2024-06-18T09:33:55.565+0000] {processor.py:161} INFO - Started process (PID=760) to work on /home/airflow/.local/lib/python3.12/site-packages/airflow/example_dags/example_branch_operator.py
[2024-06-18T09:33:55.566+0000] {processor.py:830} INFO - Processing file /home/airflow/.local/lib/python3.12/site-packages/airflow/example_dags/example_branch_operator.py for tasks to queue
[2024-06-18T09:33:55.566+0000] {logging_mixin.py:188} INFO - [2024-06-18T09:33:55.566+0000] {dagbag.py:545} INFO - Filling up the DagBag from /home/airflow/.local/lib/python3.12/site-packages/airflow/example_dags/example_branch_operator.py
[2024-06-18T09:33:55.577+0000] {processor.py:840} INFO - DAG(s) 'example_branch_operator' retrieved from /home/airflow/.local/lib/python3.12/site-packages/airflow/example_dags/example_branch_operator.py
[2024-06-18T09:33:55.593+0000] {logging_mixin.py:188} INFO - [2024-06-18T09:33:55.593+0000] {dag.py:3096} INFO - Sync 1 DAGs
[2024-06-18T09:33:55.606+0000] {logging_mixin.py:188} INFO - [2024-06-18T09:33:55.606+0000] {dag.py:3954} INFO - Setting next_dagrun for example_branch_operator to 2024-06-17 00:00:00+00:00, run_after=2024-06-18 00:00:00+00:00
[2024-06-18T09:33:55.619+0000] {processor.py:183} INFO - Processing /home/airflow/.local/lib/python3.12/site-packages/airflow/example_dags/example_branch_operator.py took 0.057 seconds
[2024-06-18T09:34:25.702+0000] {processor.py:161} INFO - Started process (PID=1024) to work on /home/airflow/.local/lib/python3.12/site-packages/airflow/example_dags/example_branch_operator.py
[2024-06-18T09:34:25.703+0000] {processor.py:830} INFO - Processing file /home/airflow/.local/lib/python3.12/site-packages/airflow/example_dags/example_branch_operator.py for tasks to queue
[2024-06-18T09:34:25.703+0000] {logging_mixin.py:188} INFO - [2024-06-18T09:34:25.703+0000] {dagbag.py:545} INFO - Filling up the DagBag from /home/airflow/.local/lib/python3.12/site-packages/airflow/example_dags/example_branch_operator.py
[2024-06-18T09:34:25.712+0000] {processor.py:840} INFO - DAG(s) 'example_branch_operator' retrieved from /home/airflow/.local/lib/python3.12/site-packages/airflow/example_dags/example_branch_operator.py
[2024-06-18T09:34:25.731+0000] {logging_mixin.py:188} INFO - [2024-06-18T09:34:25.730+0000] {dag.py:3096} INFO - Sync 1 DAGs
[2024-06-18T09:34:25.744+0000] {logging_mixin.py:188} INFO - [2024-06-18T09:34:25.744+0000] {dag.py:3954} INFO - Setting next_dagrun for example_branch_operator to 2024-06-17 00:00:00+00:00, run_after=2024-06-18 00:00:00+00:00
[2024-06-18T09:34:25.755+0000] {processor.py:183} INFO - Processing /home/airflow/.local/lib/python3.12/site-packages/airflow/example_dags/example_branch_operator.py took 0.056 seconds
[2024-06-18T09:34:55.999+0000] {processor.py:161} INFO - Started process (PID=1284) to work on /home/airflow/.local/lib/python3.12/site-packages/airflow/example_dags/example_branch_operator.py
[2024-06-18T09:34:56.000+0000] {processor.py:830} INFO - Processing file /home/airflow/.local/lib/python3.12/site-packages/airflow/example_dags/example_branch_operator.py for tasks to queue
[2024-06-18T09:34:56.001+0000] {logging_mixin.py:188} INFO - [2024-06-18T09:34:56.000+0000] {dagbag.py:545} INFO - Filling up the DagBag from /home/airflow/.local/lib/python3.12/site-packages/airflow/example_dags/example_branch_operator.py
[2024-06-18T09:34:56.011+0000] {processor.py:840} INFO - DAG(s) 'example_branch_operator' retrieved from /home/airflow/.local/lib/python3.12/site-packages/airflow/example_dags/example_branch_operator.py
[2024-06-18T09:34:56.030+0000] {logging_mixin.py:188} INFO - [2024-06-18T09:34:56.029+0000] {dag.py:3096} INFO - Sync 1 DAGs
[2024-06-18T09:34:56.044+0000] {logging_mixin.py:188} INFO - [2024-06-18T09:34:56.044+0000] {dag.py:3954} INFO - Setting next_dagrun for example_branch_operator to 2024-06-17 00:00:00+00:00, run_after=2024-06-18 00:00:00+00:00
[2024-06-18T09:34:56.054+0000] {processor.py:183} INFO - Processing /home/airflow/.local/lib/python3.12/site-packages/airflow/example_dags/example_branch_operator.py took 0.059 seconds
[2024-06-18T09:35:26.131+0000] {processor.py:161} INFO - Started process (PID=1548) to work on /home/airflow/.local/lib/python3.12/site-packages/airflow/example_dags/example_branch_operator.py
[2024-06-18T09:35:26.132+0000] {processor.py:830} INFO - Processing file /home/airflow/.local/lib/python3.12/site-packages/airflow/example_dags/example_branch_operator.py for tasks to queue
[2024-06-18T09:35:26.133+0000] {logging_mixin.py:188} INFO - [2024-06-18T09:35:26.133+0000] {dagbag.py:545} INFO - Filling up the DagBag from /home/airflow/.local/lib/python3.12/site-packages/airflow/example_dags/example_branch_operator.py
[2024-06-18T09:35:26.142+0000] {processor.py:840} INFO - DAG(s) 'example_branch_operator' retrieved from /home/airflow/.local/lib/python3.12/site-packages/airflow/example_dags/example_branch_operator.py
[2024-06-18T09:35:26.161+0000] {logging_mixin.py:188} INFO - [2024-06-18T09:35:26.161+0000] {dag.py:3096} INFO - Sync 1 DAGs
[2024-06-18T09:35:26.175+0000] {logging_mixin.py:188} INFO - [2024-06-18T09:35:26.175+0000] {dag.py:3954} INFO - Setting next_dagrun for example_branch_operator to 2024-06-17 00:00:00+00:00, run_after=2024-06-18 00:00:00+00:00
[2024-06-18T09:35:26.187+0000] {processor.py:183} INFO - Processing /home/airflow/.local/lib/python3.12/site-packages/airflow/example_dags/example_branch_operator.py took 0.059 seconds
[2024-06-18T09:35:56.287+0000] {processor.py:161} INFO - Started process (PID=1813) to work on /home/airflow/.local/lib/python3.12/site-packages/airflow/example_dags/example_branch_operator.py
[2024-06-18T09:35:56.288+0000] {processor.py:830} INFO - Processing file /home/airflow/.local/lib/python3.12/site-packages/airflow/example_dags/example_branch_operator.py for tasks to queue
[2024-06-18T09:35:56.289+0000] {logging_mixin.py:188} INFO - [2024-06-18T09:35:56.289+0000] {dagbag.py:545} INFO - Filling up the DagBag from /home/airflow/.local/lib/python3.12/site-packages/airflow/example_dags/example_branch_operator.py
[2024-06-18T09:35:56.299+0000] {processor.py:840} INFO - DAG(s) 'example_branch_operator' retrieved from /home/airflow/.local/lib/python3.12/site-packages/airflow/example_dags/example_branch_operator.py
[2024-06-18T09:35:56.317+0000] {logging_mixin.py:188} INFO - [2024-06-18T09:35:56.317+0000] {dag.py:3096} INFO - Sync 1 DAGs
[2024-06-18T09:35:56.333+0000] {logging_mixin.py:188} INFO - [2024-06-18T09:35:56.333+0000] {dag.py:3954} INFO - Setting next_dagrun for example_branch_operator to 2024-06-17 00:00:00+00:00, run_after=2024-06-18 00:00:00+00:00
[2024-06-18T09:35:56.346+0000] {processor.py:183} INFO - Processing /home/airflow/.local/lib/python3.12/site-packages/airflow/example_dags/example_branch_operator.py took 0.064 seconds
[2024-06-18T09:36:26.390+0000] {processor.py:161} INFO - Started process (PID=2077) to work on /home/airflow/.local/lib/python3.12/site-packages/airflow/example_dags/example_branch_operator.py
[2024-06-18T09:36:26.391+0000] {processor.py:830} INFO - Processing file /home/airflow/.local/lib/python3.12/site-packages/airflow/example_dags/example_branch_operator.py for tasks to queue
[2024-06-18T09:36:26.392+0000] {logging_mixin.py:188} INFO - [2024-06-18T09:36:26.391+0000] {dagbag.py:545} INFO - Filling up the DagBag from /home/airflow/.local/lib/python3.12/site-packages/airflow/example_dags/example_branch_operator.py
[2024-06-18T09:36:26.401+0000] {processor.py:840} INFO - DAG(s) 'example_branch_operator' retrieved from /home/airflow/.local/lib/python3.12/site-packages/airflow/example_dags/example_branch_operator.py
[2024-06-18T09:36:26.417+0000] {logging_mixin.py:188} INFO - [2024-06-18T09:36:26.417+0000] {dag.py:3096} INFO - Sync 1 DAGs
[2024-06-18T09:36:26.429+0000] {logging_mixin.py:188} INFO - [2024-06-18T09:36:26.429+0000] {dag.py:3954} INFO - Setting next_dagrun for example_branch_operator to 2024-06-17 00:00:00+00:00, run_after=2024-06-18 00:00:00+00:00
[2024-06-18T09:36:26.440+0000] {processor.py:183} INFO - Processing /home/airflow/.local/lib/python3.12/site-packages/airflow/example_dags/example_branch_operator.py took 0.053 seconds
[2024-06-18T09:36:56.816+0000] {processor.py:161} INFO - Started process (PID=2332) to work on /home/airflow/.local/lib/python3.12/site-packages/airflow/example_dags/example_branch_operator.py
[2024-06-18T09:36:56.816+0000] {processor.py:830} INFO - Processing file /home/airflow/.local/lib/python3.12/site-packages/airflow/example_dags/example_branch_operator.py for tasks to queue
[2024-06-18T09:36:56.817+0000] {logging_mixin.py:188} INFO - [2024-06-18T09:36:56.817+0000] {dagbag.py:545} INFO - Filling up the DagBag from /home/airflow/.local/lib/python3.12/site-packages/airflow/example_dags/example_branch_operator.py
[2024-06-18T09:36:56.828+0000] {processor.py:840} INFO - DAG(s) 'example_branch_operator' retrieved from /home/airflow/.local/lib/python3.12/site-packages/airflow/example_dags/example_branch_operator.py
[2024-06-18T09:36:56.846+0000] {logging_mixin.py:188} INFO - [2024-06-18T09:36:56.846+0000] {dag.py:3096} INFO - Sync 1 DAGs
[2024-06-18T09:36:56.863+0000] {logging_mixin.py:188} INFO - [2024-06-18T09:36:56.862+0000] {dag.py:3954} INFO - Setting next_dagrun for example_branch_operator to 2024-06-17 00:00:00+00:00, run_after=2024-06-18 00:00:00+00:00
[2024-06-18T09:36:56.875+0000] {processor.py:183} INFO - Processing /home/airflow/.local/lib/python3.12/site-packages/airflow/example_dags/example_branch_operator.py took 0.063 seconds
[2024-06-18T09:37:26.932+0000] {processor.py:161} INFO - Started process (PID=2596) to work on /home/airflow/.local/lib/python3.12/site-packages/airflow/example_dags/example_branch_operator.py
[2024-06-18T09:37:26.933+0000] {processor.py:830} INFO - Processing file /home/airflow/.local/lib/python3.12/site-packages/airflow/example_dags/example_branch_operator.py for tasks to queue
[2024-06-18T09:37:26.934+0000] {logging_mixin.py:188} INFO - [2024-06-18T09:37:26.933+0000] {dagbag.py:545} INFO - Filling up the DagBag from /home/airflow/.local/lib/python3.12/site-packages/airflow/example_dags/example_branch_operator.py
[2024-06-18T09:37:26.942+0000] {processor.py:840} INFO - DAG(s) 'example_branch_operator' retrieved from /home/airflow/.local/lib/python3.12/site-packages/airflow/example_dags/example_branch_operator.py
[2024-06-18T09:37:26.957+0000] {logging_mixin.py:188} INFO - [2024-06-18T09:37:26.957+0000] {dag.py:3096} INFO - Sync 1 DAGs
[2024-06-18T09:37:26.968+0000] {logging_mixin.py:188} INFO - [2024-06-18T09:37:26.968+0000] {dag.py:3954} INFO - Setting next_dagrun for example_branch_operator to 2024-06-17 00:00:00+00:00, run_after=2024-06-18 00:00:00+00:00
[2024-06-18T09:37:26.978+0000] {processor.py:183} INFO - Processing /home/airflow/.local/lib/python3.12/site-packages/airflow/example_dags/example_branch_operator.py took 0.049 seconds
[2024-06-18T09:37:57.132+0000] {processor.py:161} INFO - Started process (PID=2858) to work on /home/airflow/.local/lib/python3.12/site-packages/airflow/example_dags/example_branch_operator.py
[2024-06-18T09:37:57.133+0000] {processor.py:830} INFO - Processing file /home/airflow/.local/lib/python3.12/site-packages/airflow/example_dags/example_branch_operator.py for tasks to queue
[2024-06-18T09:37:57.133+0000] {logging_mixin.py:188} INFO - [2024-06-18T09:37:57.133+0000] {dagbag.py:545} INFO - Filling up the DagBag from /home/airflow/.local/lib/python3.12/site-packages/airflow/example_dags/example_branch_operator.py
[2024-06-18T09:37:57.142+0000] {processor.py:840} INFO - DAG(s) 'example_branch_operator' retrieved from /home/airflow/.local/lib/python3.12/site-packages/airflow/example_dags/example_branch_operator.py
[2024-06-18T09:37:57.159+0000] {logging_mixin.py:188} INFO - [2024-06-18T09:37:57.159+0000] {dag.py:3096} INFO - Sync 1 DAGs
[2024-06-18T09:37:57.172+0000] {logging_mixin.py:188} INFO - [2024-06-18T09:37:57.172+0000] {dag.py:3954} INFO - Setting next_dagrun for example_branch_operator to 2024-06-17 00:00:00+00:00, run_after=2024-06-18 00:00:00+00:00
[2024-06-18T09:37:57.184+0000] {processor.py:183} INFO - Processing /home/airflow/.local/lib/python3.12/site-packages/airflow/example_dags/example_branch_operator.py took 0.055 seconds
[2024-06-18T09:38:27.237+0000] {processor.py:161} INFO - Started process (PID=3125) to work on /home/airflow/.local/lib/python3.12/site-packages/airflow/example_dags/example_branch_operator.py
[2024-06-18T09:38:27.238+0000] {processor.py:830} INFO - Processing file /home/airflow/.local/lib/python3.12/site-packages/airflow/example_dags/example_branch_operator.py for tasks to queue
[2024-06-18T09:38:27.239+0000] {logging_mixin.py:188} INFO - [2024-06-18T09:38:27.238+0000] {dagbag.py:545} INFO - Filling up the DagBag from /home/airflow/.local/lib/python3.12/site-packages/airflow/example_dags/example_branch_operator.py
[2024-06-18T09:38:27.246+0000] {processor.py:840} INFO - DAG(s) 'example_branch_operator' retrieved from /home/airflow/.local/lib/python3.12/site-packages/airflow/example_dags/example_branch_operator.py
[2024-06-18T09:38:27.261+0000] {logging_mixin.py:188} INFO - [2024-06-18T09:38:27.261+0000] {dag.py:3096} INFO - Sync 1 DAGs
[2024-06-18T09:38:27.272+0000] {logging_mixin.py:188} INFO - [2024-06-18T09:38:27.272+0000] {dag.py:3954} INFO - Setting next_dagrun for example_branch_operator to 2024-06-17 00:00:00+00:00, run_after=2024-06-18 00:00:00+00:00
[2024-06-18T09:38:27.282+0000] {processor.py:183} INFO - Processing /home/airflow/.local/lib/python3.12/site-packages/airflow/example_dags/example_branch_operator.py took 0.047 seconds
[2024-06-18T09:38:57.316+0000] {processor.py:161} INFO - Started process (PID=3387) to work on /home/airflow/.local/lib/python3.12/site-packages/airflow/example_dags/example_branch_operator.py
[2024-06-18T09:38:57.318+0000] {processor.py:830} INFO - Processing file /home/airflow/.local/lib/python3.12/site-packages/airflow/example_dags/example_branch_operator.py for tasks to queue
[2024-06-18T09:38:57.319+0000] {logging_mixin.py:188} INFO - [2024-06-18T09:38:57.319+0000] {dagbag.py:545} INFO - Filling up the DagBag from /home/airflow/.local/lib/python3.12/site-packages/airflow/example_dags/example_branch_operator.py
[2024-06-18T09:38:57.327+0000] {processor.py:840} INFO - DAG(s) 'example_branch_operator' retrieved from /home/airflow/.local/lib/python3.12/site-packages/airflow/example_dags/example_branch_operator.py
[2024-06-18T09:38:57.344+0000] {logging_mixin.py:188} INFO - [2024-06-18T09:38:57.344+0000] {dag.py:3096} INFO - Sync 1 DAGs
[2024-06-18T09:38:57.356+0000] {logging_mixin.py:188} INFO - [2024-06-18T09:38:57.356+0000] {dag.py:3954} INFO - Setting next_dagrun for example_branch_operator to 2024-06-17 00:00:00+00:00, run_after=2024-06-18 00:00:00+00:00
[2024-06-18T09:38:57.367+0000] {processor.py:183} INFO - Processing /home/airflow/.local/lib/python3.12/site-packages/airflow/example_dags/example_branch_operator.py took 0.054 seconds
[2024-06-18T09:39:27.592+0000] {processor.py:161} INFO - Started process (PID=3650) to work on /home/airflow/.local/lib/python3.12/site-packages/airflow/example_dags/example_branch_operator.py
[2024-06-18T09:39:27.592+0000] {processor.py:830} INFO - Processing file /home/airflow/.local/lib/python3.12/site-packages/airflow/example_dags/example_branch_operator.py for tasks to queue
[2024-06-18T09:39:27.593+0000] {logging_mixin.py:188} INFO - [2024-06-18T09:39:27.593+0000] {dagbag.py:545} INFO - Filling up the DagBag from /home/airflow/.local/lib/python3.12/site-packages/airflow/example_dags/example_branch_operator.py
[2024-06-18T09:39:27.602+0000] {processor.py:840} INFO - DAG(s) 'example_branch_operator' retrieved from /home/airflow/.local/lib/python3.12/site-packages/airflow/example_dags/example_branch_operator.py
[2024-06-18T09:39:27.618+0000] {logging_mixin.py:188} INFO - [2024-06-18T09:39:27.618+0000] {dag.py:3096} INFO - Sync 1 DAGs
[2024-06-18T09:39:27.630+0000] {logging_mixin.py:188} INFO - [2024-06-18T09:39:27.630+0000] {dag.py:3954} INFO - Setting next_dagrun for example_branch_operator to 2024-06-17 00:00:00+00:00, run_after=2024-06-18 00:00:00+00:00
[2024-06-18T09:39:27.641+0000] {processor.py:183} INFO - Processing /home/airflow/.local/lib/python3.12/site-packages/airflow/example_dags/example_branch_operator.py took 0.052 seconds
[2024-06-18T09:39:57.755+0000] {processor.py:161} INFO - Started process (PID=3912) to work on /home/airflow/.local/lib/python3.12/site-packages/airflow/example_dags/example_branch_operator.py
[2024-06-18T09:39:57.757+0000] {processor.py:830} INFO - Processing file /home/airflow/.local/lib/python3.12/site-packages/airflow/example_dags/example_branch_operator.py for tasks to queue
[2024-06-18T09:39:57.758+0000] {logging_mixin.py:188} INFO - [2024-06-18T09:39:57.758+0000] {dagbag.py:545} INFO - Filling up the DagBag from /home/airflow/.local/lib/python3.12/site-packages/airflow/example_dags/example_branch_operator.py
[2024-06-18T09:39:57.768+0000] {processor.py:840} INFO - DAG(s) 'example_branch_operator' retrieved from /home/airflow/.local/lib/python3.12/site-packages/airflow/example_dags/example_branch_operator.py
[2024-06-18T09:39:57.785+0000] {logging_mixin.py:188} INFO - [2024-06-18T09:39:57.784+0000] {dag.py:3096} INFO - Sync 1 DAGs
[2024-06-18T09:39:57.797+0000] {logging_mixin.py:188} INFO - [2024-06-18T09:39:57.797+0000] {dag.py:3954} INFO - Setting next_dagrun for example_branch_operator to 2024-06-17 00:00:00+00:00, run_after=2024-06-18 00:00:00+00:00
[2024-06-18T09:39:57.808+0000] {processor.py:183} INFO - Processing /home/airflow/.local/lib/python3.12/site-packages/airflow/example_dags/example_branch_operator.py took 0.056 seconds
[2024-06-18T09:40:28.026+0000] {processor.py:161} INFO - Started process (PID=4169) to work on /home/airflow/.local/lib/python3.12/site-packages/airflow/example_dags/example_branch_operator.py
[2024-06-18T09:40:28.027+0000] {processor.py:830} INFO - Processing file /home/airflow/.local/lib/python3.12/site-packages/airflow/example_dags/example_branch_operator.py for tasks to queue
[2024-06-18T09:40:28.027+0000] {logging_mixin.py:188} INFO - [2024-06-18T09:40:28.027+0000] {dagbag.py:545} INFO - Filling up the DagBag from /home/airflow/.local/lib/python3.12/site-packages/airflow/example_dags/example_branch_operator.py
[2024-06-18T09:40:28.037+0000] {processor.py:840} INFO - DAG(s) 'example_branch_operator' retrieved from /home/airflow/.local/lib/python3.12/site-packages/airflow/example_dags/example_branch_operator.py
[2024-06-18T09:40:28.052+0000] {logging_mixin.py:188} INFO - [2024-06-18T09:40:28.052+0000] {dag.py:3096} INFO - Sync 1 DAGs
[2024-06-18T09:40:28.064+0000] {logging_mixin.py:188} INFO - [2024-06-18T09:40:28.064+0000] {dag.py:3954} INFO - Setting next_dagrun for example_branch_operator to 2024-06-17 00:00:00+00:00, run_after=2024-06-18 00:00:00+00:00
[2024-06-18T09:40:28.075+0000] {processor.py:183} INFO - Processing /home/airflow/.local/lib/python3.12/site-packages/airflow/example_dags/example_branch_operator.py took 0.053 seconds
[2024-06-18T09:40:58.207+0000] {processor.py:161} INFO - Started process (PID=4431) to work on /home/airflow/.local/lib/python3.12/site-packages/airflow/example_dags/example_branch_operator.py
[2024-06-18T09:40:58.208+0000] {processor.py:830} INFO - Processing file /home/airflow/.local/lib/python3.12/site-packages/airflow/example_dags/example_branch_operator.py for tasks to queue
[2024-06-18T09:40:58.209+0000] {logging_mixin.py:188} INFO - [2024-06-18T09:40:58.209+0000] {dagbag.py:545} INFO - Filling up the DagBag from /home/airflow/.local/lib/python3.12/site-packages/airflow/example_dags/example_branch_operator.py
[2024-06-18T09:40:58.217+0000] {processor.py:840} INFO - DAG(s) 'example_branch_operator' retrieved from /home/airflow/.local/lib/python3.12/site-packages/airflow/example_dags/example_branch_operator.py
[2024-06-18T09:40:58.233+0000] {logging_mixin.py:188} INFO - [2024-06-18T09:40:58.233+0000] {dag.py:3096} INFO - Sync 1 DAGs
[2024-06-18T09:40:58.245+0000] {logging_mixin.py:188} INFO - [2024-06-18T09:40:58.245+0000] {dag.py:3954} INFO - Setting next_dagrun for example_branch_operator to 2024-06-17 00:00:00+00:00, run_after=2024-06-18 00:00:00+00:00
[2024-06-18T09:40:58.256+0000] {processor.py:183} INFO - Processing /home/airflow/.local/lib/python3.12/site-packages/airflow/example_dags/example_branch_operator.py took 0.051 seconds
[2024-06-18T09:41:28.946+0000] {processor.py:161} INFO - Started process (PID=4693) to work on /home/airflow/.local/lib/python3.12/site-packages/airflow/example_dags/example_branch_operator.py
[2024-06-18T09:41:28.946+0000] {processor.py:830} INFO - Processing file /home/airflow/.local/lib/python3.12/site-packages/airflow/example_dags/example_branch_operator.py for tasks to queue
[2024-06-18T09:41:28.947+0000] {logging_mixin.py:188} INFO - [2024-06-18T09:41:28.947+0000] {dagbag.py:545} INFO - Filling up the DagBag from /home/airflow/.local/lib/python3.12/site-packages/airflow/example_dags/example_branch_operator.py
[2024-06-18T09:41:28.955+0000] {processor.py:840} INFO - DAG(s) 'example_branch_operator' retrieved from /home/airflow/.local/lib/python3.12/site-packages/airflow/example_dags/example_branch_operator.py
[2024-06-18T09:41:28.970+0000] {logging_mixin.py:188} INFO - [2024-06-18T09:41:28.970+0000] {dag.py:3096} INFO - Sync 1 DAGs
[2024-06-18T09:41:28.983+0000] {logging_mixin.py:188} INFO - [2024-06-18T09:41:28.982+0000] {dag.py:3954} INFO - Setting next_dagrun for example_branch_operator to 2024-06-17 00:00:00+00:00, run_after=2024-06-18 00:00:00+00:00
[2024-06-18T09:41:28.993+0000] {processor.py:183} INFO - Processing /home/airflow/.local/lib/python3.12/site-packages/airflow/example_dags/example_branch_operator.py took 0.050 seconds
[2024-06-18T09:41:59.725+0000] {processor.py:161} INFO - Started process (PID=4953) to work on /home/airflow/.local/lib/python3.12/site-packages/airflow/example_dags/example_branch_operator.py
[2024-06-18T09:41:59.726+0000] {processor.py:830} INFO - Processing file /home/airflow/.local/lib/python3.12/site-packages/airflow/example_dags/example_branch_operator.py for tasks to queue
[2024-06-18T09:41:59.727+0000] {logging_mixin.py:188} INFO - [2024-06-18T09:41:59.727+0000] {dagbag.py:545} INFO - Filling up the DagBag from /home/airflow/.local/lib/python3.12/site-packages/airflow/example_dags/example_branch_operator.py
[2024-06-18T09:41:59.736+0000] {processor.py:840} INFO - DAG(s) 'example_branch_operator' retrieved from /home/airflow/.local/lib/python3.12/site-packages/airflow/example_dags/example_branch_operator.py
[2024-06-18T09:41:59.751+0000] {logging_mixin.py:188} INFO - [2024-06-18T09:41:59.751+0000] {dag.py:3096} INFO - Sync 1 DAGs
[2024-06-18T09:41:59.763+0000] {logging_mixin.py:188} INFO - [2024-06-18T09:41:59.763+0000] {dag.py:3954} INFO - Setting next_dagrun for example_branch_operator to 2024-06-17 00:00:00+00:00, run_after=2024-06-18 00:00:00+00:00
[2024-06-18T09:41:59.773+0000] {processor.py:183} INFO - Processing /home/airflow/.local/lib/python3.12/site-packages/airflow/example_dags/example_branch_operator.py took 0.051 seconds
[2024-06-18T09:42:30.443+0000] {processor.py:161} INFO - Started process (PID=5215) to work on /home/airflow/.local/lib/python3.12/site-packages/airflow/example_dags/example_branch_operator.py
[2024-06-18T09:42:30.443+0000] {processor.py:830} INFO - Processing file /home/airflow/.local/lib/python3.12/site-packages/airflow/example_dags/example_branch_operator.py for tasks to queue
[2024-06-18T09:42:30.444+0000] {logging_mixin.py:188} INFO - [2024-06-18T09:42:30.444+0000] {dagbag.py:545} INFO - Filling up the DagBag from /home/airflow/.local/lib/python3.12/site-packages/airflow/example_dags/example_branch_operator.py
[2024-06-18T09:42:30.452+0000] {processor.py:840} INFO - DAG(s) 'example_branch_operator' retrieved from /home/airflow/.local/lib/python3.12/site-packages/airflow/example_dags/example_branch_operator.py
[2024-06-18T09:42:30.469+0000] {logging_mixin.py:188} INFO - [2024-06-18T09:42:30.469+0000] {dag.py:3096} INFO - Sync 1 DAGs
[2024-06-18T09:42:30.481+0000] {logging_mixin.py:188} INFO - [2024-06-18T09:42:30.481+0000] {dag.py:3954} INFO - Setting next_dagrun for example_branch_operator to 2024-06-17 00:00:00+00:00, run_after=2024-06-18 00:00:00+00:00
[2024-06-18T09:42:30.492+0000] {processor.py:183} INFO - Processing /home/airflow/.local/lib/python3.12/site-packages/airflow/example_dags/example_branch_operator.py took 0.052 seconds
[2024-06-18T09:43:01.251+0000] {processor.py:161} INFO - Started process (PID=5479) to work on /home/airflow/.local/lib/python3.12/site-packages/airflow/example_dags/example_branch_operator.py
[2024-06-18T09:43:01.251+0000] {processor.py:830} INFO - Processing file /home/airflow/.local/lib/python3.12/site-packages/airflow/example_dags/example_branch_operator.py for tasks to queue
[2024-06-18T09:43:01.252+0000] {logging_mixin.py:188} INFO - [2024-06-18T09:43:01.252+0000] {dagbag.py:545} INFO - Filling up the DagBag from /home/airflow/.local/lib/python3.12/site-packages/airflow/example_dags/example_branch_operator.py
[2024-06-18T09:43:01.263+0000] {processor.py:840} INFO - DAG(s) 'example_branch_operator' retrieved from /home/airflow/.local/lib/python3.12/site-packages/airflow/example_dags/example_branch_operator.py
[2024-06-18T09:43:01.283+0000] {logging_mixin.py:188} INFO - [2024-06-18T09:43:01.283+0000] {dag.py:3096} INFO - Sync 1 DAGs
[2024-06-18T09:43:01.296+0000] {logging_mixin.py:188} INFO - [2024-06-18T09:43:01.296+0000] {dag.py:3954} INFO - Setting next_dagrun for example_branch_operator to 2024-06-17 00:00:00+00:00, run_after=2024-06-18 00:00:00+00:00
[2024-06-18T09:43:01.308+0000] {processor.py:183} INFO - Processing /home/airflow/.local/lib/python3.12/site-packages/airflow/example_dags/example_branch_operator.py took 0.060 seconds
[2024-06-18T09:43:31.419+0000] {processor.py:161} INFO - Started process (PID=5739) to work on /home/airflow/.local/lib/python3.12/site-packages/airflow/example_dags/example_branch_operator.py
[2024-06-18T09:43:31.419+0000] {processor.py:830} INFO - Processing file /home/airflow/.local/lib/python3.12/site-packages/airflow/example_dags/example_branch_operator.py for tasks to queue
[2024-06-18T09:43:31.420+0000] {logging_mixin.py:188} INFO - [2024-06-18T09:43:31.420+0000] {dagbag.py:545} INFO - Filling up the DagBag from /home/airflow/.local/lib/python3.12/site-packages/airflow/example_dags/example_branch_operator.py
[2024-06-18T09:43:31.429+0000] {processor.py:840} INFO - DAG(s) 'example_branch_operator' retrieved from /home/airflow/.local/lib/python3.12/site-packages/airflow/example_dags/example_branch_operator.py
[2024-06-18T09:43:31.448+0000] {logging_mixin.py:188} INFO - [2024-06-18T09:43:31.448+0000] {dag.py:3096} INFO - Sync 1 DAGs
[2024-06-18T09:43:31.462+0000] {logging_mixin.py:188} INFO - [2024-06-18T09:43:31.462+0000] {dag.py:3954} INFO - Setting next_dagrun for example_branch_operator to 2024-06-17 00:00:00+00:00, run_after=2024-06-18 00:00:00+00:00
[2024-06-18T09:43:31.473+0000] {processor.py:183} INFO - Processing /home/airflow/.local/lib/python3.12/site-packages/airflow/example_dags/example_branch_operator.py took 0.057 seconds
[2024-06-18T09:44:01.586+0000] {processor.py:161} INFO - Started process (PID=6001) to work on /home/airflow/.local/lib/python3.12/site-packages/airflow/example_dags/example_branch_operator.py
[2024-06-18T09:44:01.586+0000] {processor.py:830} INFO - Processing file /home/airflow/.local/lib/python3.12/site-packages/airflow/example_dags/example_branch_operator.py for tasks to queue
[2024-06-18T09:44:01.587+0000] {logging_mixin.py:188} INFO - [2024-06-18T09:44:01.587+0000] {dagbag.py:545} INFO - Filling up the DagBag from /home/airflow/.local/lib/python3.12/site-packages/airflow/example_dags/example_branch_operator.py
[2024-06-18T09:44:01.596+0000] {processor.py:840} INFO - DAG(s) 'example_branch_operator' retrieved from /home/airflow/.local/lib/python3.12/site-packages/airflow/example_dags/example_branch_operator.py
[2024-06-18T09:44:01.611+0000] {logging_mixin.py:188} INFO - [2024-06-18T09:44:01.611+0000] {dag.py:3096} INFO - Sync 1 DAGs
[2024-06-18T09:44:01.623+0000] {logging_mixin.py:188} INFO - [2024-06-18T09:44:01.623+0000] {dag.py:3954} INFO - Setting next_dagrun for example_branch_operator to 2024-06-17 00:00:00+00:00, run_after=2024-06-18 00:00:00+00:00
[2024-06-18T09:44:01.632+0000] {processor.py:183} INFO - Processing /home/airflow/.local/lib/python3.12/site-packages/airflow/example_dags/example_branch_operator.py took 0.050 seconds
[2024-06-18T09:44:32.450+0000] {processor.py:161} INFO - Started process (PID=6265) to work on /home/airflow/.local/lib/python3.12/site-packages/airflow/example_dags/example_branch_operator.py
[2024-06-18T09:44:32.451+0000] {processor.py:830} INFO - Processing file /home/airflow/.local/lib/python3.12/site-packages/airflow/example_dags/example_branch_operator.py for tasks to queue
[2024-06-18T09:44:32.452+0000] {logging_mixin.py:188} INFO - [2024-06-18T09:44:32.452+0000] {dagbag.py:545} INFO - Filling up the DagBag from /home/airflow/.local/lib/python3.12/site-packages/airflow/example_dags/example_branch_operator.py
[2024-06-18T09:44:32.462+0000] {processor.py:840} INFO - DAG(s) 'example_branch_operator' retrieved from /home/airflow/.local/lib/python3.12/site-packages/airflow/example_dags/example_branch_operator.py
[2024-06-18T09:44:32.478+0000] {logging_mixin.py:188} INFO - [2024-06-18T09:44:32.478+0000] {dag.py:3096} INFO - Sync 1 DAGs
[2024-06-18T09:44:32.496+0000] {logging_mixin.py:188} INFO - [2024-06-18T09:44:32.496+0000] {dag.py:3954} INFO - Setting next_dagrun for example_branch_operator to 2024-06-17 00:00:00+00:00, run_after=2024-06-18 00:00:00+00:00
[2024-06-18T09:44:32.511+0000] {processor.py:183} INFO - Processing /home/airflow/.local/lib/python3.12/site-packages/airflow/example_dags/example_branch_operator.py took 0.065 seconds
[2024-06-18T09:45:02.576+0000] {processor.py:161} INFO - Started process (PID=6524) to work on /home/airflow/.local/lib/python3.12/site-packages/airflow/example_dags/example_branch_operator.py
[2024-06-18T09:45:02.576+0000] {processor.py:830} INFO - Processing file /home/airflow/.local/lib/python3.12/site-packages/airflow/example_dags/example_branch_operator.py for tasks to queue
[2024-06-18T09:45:02.577+0000] {logging_mixin.py:188} INFO - [2024-06-18T09:45:02.577+0000] {dagbag.py:545} INFO - Filling up the DagBag from /home/airflow/.local/lib/python3.12/site-packages/airflow/example_dags/example_branch_operator.py
[2024-06-18T09:45:02.586+0000] {processor.py:840} INFO - DAG(s) 'example_branch_operator' retrieved from /home/airflow/.local/lib/python3.12/site-packages/airflow/example_dags/example_branch_operator.py
[2024-06-18T09:45:02.603+0000] {logging_mixin.py:188} INFO - [2024-06-18T09:45:02.603+0000] {dag.py:3096} INFO - Sync 1 DAGs
[2024-06-18T09:45:02.615+0000] {logging_mixin.py:188} INFO - [2024-06-18T09:45:02.614+0000] {dag.py:3954} INFO - Setting next_dagrun for example_branch_operator to 2024-06-17 00:00:00+00:00, run_after=2024-06-18 00:00:00+00:00
[2024-06-18T09:45:02.626+0000] {processor.py:183} INFO - Processing /home/airflow/.local/lib/python3.12/site-packages/airflow/example_dags/example_branch_operator.py took 0.053 seconds
[2024-06-18T09:45:32.675+0000] {processor.py:161} INFO - Started process (PID=6786) to work on /home/airflow/.local/lib/python3.12/site-packages/airflow/example_dags/example_branch_operator.py
[2024-06-18T09:45:32.675+0000] {processor.py:830} INFO - Processing file /home/airflow/.local/lib/python3.12/site-packages/airflow/example_dags/example_branch_operator.py for tasks to queue
[2024-06-18T09:45:32.676+0000] {logging_mixin.py:188} INFO - [2024-06-18T09:45:32.676+0000] {dagbag.py:545} INFO - Filling up the DagBag from /home/airflow/.local/lib/python3.12/site-packages/airflow/example_dags/example_branch_operator.py
[2024-06-18T09:45:32.685+0000] {processor.py:840} INFO - DAG(s) 'example_branch_operator' retrieved from /home/airflow/.local/lib/python3.12/site-packages/airflow/example_dags/example_branch_operator.py
[2024-06-18T09:45:32.700+0000] {logging_mixin.py:188} INFO - [2024-06-18T09:45:32.700+0000] {dag.py:3096} INFO - Sync 1 DAGs
[2024-06-18T09:45:32.713+0000] {logging_mixin.py:188} INFO - [2024-06-18T09:45:32.713+0000] {dag.py:3954} INFO - Setting next_dagrun for example_branch_operator to 2024-06-17 00:00:00+00:00, run_after=2024-06-18 00:00:00+00:00
[2024-06-18T09:45:32.724+0000] {processor.py:183} INFO - Processing /home/airflow/.local/lib/python3.12/site-packages/airflow/example_dags/example_branch_operator.py took 0.052 seconds
[2024-06-18T09:46:02.882+0000] {processor.py:161} INFO - Started process (PID=7050) to work on /home/airflow/.local/lib/python3.12/site-packages/airflow/example_dags/example_branch_operator.py
[2024-06-18T09:46:02.883+0000] {processor.py:830} INFO - Processing file /home/airflow/.local/lib/python3.12/site-packages/airflow/example_dags/example_branch_operator.py for tasks to queue
[2024-06-18T09:46:02.884+0000] {logging_mixin.py:188} INFO - [2024-06-18T09:46:02.884+0000] {dagbag.py:545} INFO - Filling up the DagBag from /home/airflow/.local/lib/python3.12/site-packages/airflow/example_dags/example_branch_operator.py
[2024-06-18T09:46:02.892+0000] {processor.py:840} INFO - DAG(s) 'example_branch_operator' retrieved from /home/airflow/.local/lib/python3.12/site-packages/airflow/example_dags/example_branch_operator.py
[2024-06-18T09:46:02.912+0000] {logging_mixin.py:188} INFO - [2024-06-18T09:46:02.912+0000] {dag.py:3096} INFO - Sync 1 DAGs
[2024-06-18T09:46:02.924+0000] {logging_mixin.py:188} INFO - [2024-06-18T09:46:02.924+0000] {dag.py:3954} INFO - Setting next_dagrun for example_branch_operator to 2024-06-17 00:00:00+00:00, run_after=2024-06-18 00:00:00+00:00
[2024-06-18T09:46:02.934+0000] {processor.py:183} INFO - Processing /home/airflow/.local/lib/python3.12/site-packages/airflow/example_dags/example_branch_operator.py took 0.056 seconds
[2024-06-18T09:46:32.997+0000] {processor.py:161} INFO - Started process (PID=7310) to work on /home/airflow/.local/lib/python3.12/site-packages/airflow/example_dags/example_branch_operator.py
[2024-06-18T09:46:32.997+0000] {processor.py:830} INFO - Processing file /home/airflow/.local/lib/python3.12/site-packages/airflow/example_dags/example_branch_operator.py for tasks to queue
[2024-06-18T09:46:32.998+0000] {logging_mixin.py:188} INFO - [2024-06-18T09:46:32.998+0000] {dagbag.py:545} INFO - Filling up the DagBag from /home/airflow/.local/lib/python3.12/site-packages/airflow/example_dags/example_branch_operator.py
[2024-06-18T09:46:33.006+0000] {processor.py:840} INFO - DAG(s) 'example_branch_operator' retrieved from /home/airflow/.local/lib/python3.12/site-packages/airflow/example_dags/example_branch_operator.py
[2024-06-18T09:46:33.023+0000] {logging_mixin.py:188} INFO - [2024-06-18T09:46:33.023+0000] {dag.py:3096} INFO - Sync 1 DAGs
[2024-06-18T09:46:33.035+0000] {logging_mixin.py:188} INFO - [2024-06-18T09:46:33.035+0000] {dag.py:3954} INFO - Setting next_dagrun for example_branch_operator to 2024-06-17 00:00:00+00:00, run_after=2024-06-18 00:00:00+00:00
[2024-06-18T09:46:33.046+0000] {processor.py:183} INFO - Processing /home/airflow/.local/lib/python3.12/site-packages/airflow/example_dags/example_branch_operator.py took 0.053 seconds
[2024-06-18T09:47:03.116+0000] {processor.py:161} INFO - Started process (PID=7574) to work on /home/airflow/.local/lib/python3.12/site-packages/airflow/example_dags/example_branch_operator.py
[2024-06-18T09:47:03.117+0000] {processor.py:830} INFO - Processing file /home/airflow/.local/lib/python3.12/site-packages/airflow/example_dags/example_branch_operator.py for tasks to queue
[2024-06-18T09:47:03.118+0000] {logging_mixin.py:188} INFO - [2024-06-18T09:47:03.118+0000] {dagbag.py:545} INFO - Filling up the DagBag from /home/airflow/.local/lib/python3.12/site-packages/airflow/example_dags/example_branch_operator.py
[2024-06-18T09:47:03.126+0000] {processor.py:840} INFO - DAG(s) 'example_branch_operator' retrieved from /home/airflow/.local/lib/python3.12/site-packages/airflow/example_dags/example_branch_operator.py
[2024-06-18T09:47:03.142+0000] {logging_mixin.py:188} INFO - [2024-06-18T09:47:03.142+0000] {dag.py:3096} INFO - Sync 1 DAGs
[2024-06-18T09:47:03.154+0000] {logging_mixin.py:188} INFO - [2024-06-18T09:47:03.154+0000] {dag.py:3954} INFO - Setting next_dagrun for example_branch_operator to 2024-06-17 00:00:00+00:00, run_after=2024-06-18 00:00:00+00:00
[2024-06-18T09:47:03.165+0000] {processor.py:183} INFO - Processing /home/airflow/.local/lib/python3.12/site-packages/airflow/example_dags/example_branch_operator.py took 0.052 seconds
[2024-06-18T09:47:33.856+0000] {processor.py:161} INFO - Started process (PID=7836) to work on /home/airflow/.local/lib/python3.12/site-packages/airflow/example_dags/example_branch_operator.py
[2024-06-18T09:47:33.857+0000] {processor.py:830} INFO - Processing file /home/airflow/.local/lib/python3.12/site-packages/airflow/example_dags/example_branch_operator.py for tasks to queue
[2024-06-18T09:47:33.858+0000] {logging_mixin.py:188} INFO - [2024-06-18T09:47:33.858+0000] {dagbag.py:545} INFO - Filling up the DagBag from /home/airflow/.local/lib/python3.12/site-packages/airflow/example_dags/example_branch_operator.py
[2024-06-18T09:47:33.866+0000] {processor.py:840} INFO - DAG(s) 'example_branch_operator' retrieved from /home/airflow/.local/lib/python3.12/site-packages/airflow/example_dags/example_branch_operator.py
[2024-06-18T09:47:33.880+0000] {logging_mixin.py:188} INFO - [2024-06-18T09:47:33.880+0000] {dag.py:3096} INFO - Sync 1 DAGs
[2024-06-18T09:47:33.891+0000] {logging_mixin.py:188} INFO - [2024-06-18T09:47:33.891+0000] {dag.py:3954} INFO - Setting next_dagrun for example_branch_operator to 2024-06-17 00:00:00+00:00, run_after=2024-06-18 00:00:00+00:00
[2024-06-18T09:47:33.902+0000] {processor.py:183} INFO - Processing /home/airflow/.local/lib/python3.12/site-packages/airflow/example_dags/example_branch_operator.py took 0.049 seconds
[2024-06-18T09:48:04.619+0000] {processor.py:161} INFO - Started process (PID=8098) to work on /home/airflow/.local/lib/python3.12/site-packages/airflow/example_dags/example_branch_operator.py
[2024-06-18T09:48:04.620+0000] {processor.py:830} INFO - Processing file /home/airflow/.local/lib/python3.12/site-packages/airflow/example_dags/example_branch_operator.py for tasks to queue
[2024-06-18T09:48:04.621+0000] {logging_mixin.py:188} INFO - [2024-06-18T09:48:04.620+0000] {dagbag.py:545} INFO - Filling up the DagBag from /home/airflow/.local/lib/python3.12/site-packages/airflow/example_dags/example_branch_operator.py
[2024-06-18T09:48:04.630+0000] {processor.py:840} INFO - DAG(s) 'example_branch_operator' retrieved from /home/airflow/.local/lib/python3.12/site-packages/airflow/example_dags/example_branch_operator.py
[2024-06-18T09:48:04.645+0000] {logging_mixin.py:188} INFO - [2024-06-18T09:48:04.645+0000] {dag.py:3096} INFO - Sync 1 DAGs
[2024-06-18T09:48:04.658+0000] {logging_mixin.py:188} INFO - [2024-06-18T09:48:04.657+0000] {dag.py:3954} INFO - Setting next_dagrun for example_branch_operator to 2024-06-17 00:00:00+00:00, run_after=2024-06-18 00:00:00+00:00
[2024-06-18T09:48:04.669+0000] {processor.py:183} INFO - Processing /home/airflow/.local/lib/python3.12/site-packages/airflow/example_dags/example_branch_operator.py took 0.054 seconds
[2024-06-18T09:48:35.430+0000] {processor.py:161} INFO - Started process (PID=8358) to work on /home/airflow/.local/lib/python3.12/site-packages/airflow/example_dags/example_branch_operator.py
[2024-06-18T09:48:35.430+0000] {processor.py:830} INFO - Processing file /home/airflow/.local/lib/python3.12/site-packages/airflow/example_dags/example_branch_operator.py for tasks to queue
[2024-06-18T09:48:35.431+0000] {logging_mixin.py:188} INFO - [2024-06-18T09:48:35.431+0000] {dagbag.py:545} INFO - Filling up the DagBag from /home/airflow/.local/lib/python3.12/site-packages/airflow/example_dags/example_branch_operator.py
[2024-06-18T09:48:35.440+0000] {processor.py:840} INFO - DAG(s) 'example_branch_operator' retrieved from /home/airflow/.local/lib/python3.12/site-packages/airflow/example_dags/example_branch_operator.py
[2024-06-18T09:48:35.456+0000] {logging_mixin.py:188} INFO - [2024-06-18T09:48:35.455+0000] {dag.py:3096} INFO - Sync 1 DAGs
[2024-06-18T09:48:35.467+0000] {logging_mixin.py:188} INFO - [2024-06-18T09:48:35.467+0000] {dag.py:3954} INFO - Setting next_dagrun for example_branch_operator to 2024-06-17 00:00:00+00:00, run_after=2024-06-18 00:00:00+00:00
[2024-06-18T09:48:35.477+0000] {processor.py:183} INFO - Processing /home/airflow/.local/lib/python3.12/site-packages/airflow/example_dags/example_branch_operator.py took 0.051 seconds
[2024-06-18T09:49:06.194+0000] {processor.py:161} INFO - Started process (PID=8620) to work on /home/airflow/.local/lib/python3.12/site-packages/airflow/example_dags/example_branch_operator.py
[2024-06-18T09:49:06.195+0000] {processor.py:830} INFO - Processing file /home/airflow/.local/lib/python3.12/site-packages/airflow/example_dags/example_branch_operator.py for tasks to queue
[2024-06-18T09:49:06.195+0000] {logging_mixin.py:188} INFO - [2024-06-18T09:49:06.195+0000] {dagbag.py:545} INFO - Filling up the DagBag from /home/airflow/.local/lib/python3.12/site-packages/airflow/example_dags/example_branch_operator.py
[2024-06-18T09:49:06.207+0000] {processor.py:840} INFO - DAG(s) 'example_branch_operator' retrieved from /home/airflow/.local/lib/python3.12/site-packages/airflow/example_dags/example_branch_operator.py
[2024-06-18T09:49:06.225+0000] {logging_mixin.py:188} INFO - [2024-06-18T09:49:06.225+0000] {dag.py:3096} INFO - Sync 1 DAGs
[2024-06-18T09:49:06.243+0000] {logging_mixin.py:188} INFO - [2024-06-18T09:49:06.242+0000] {dag.py:3954} INFO - Setting next_dagrun for example_branch_operator to 2024-06-17 00:00:00+00:00, run_after=2024-06-18 00:00:00+00:00
[2024-06-18T09:49:06.255+0000] {processor.py:183} INFO - Processing /home/airflow/.local/lib/python3.12/site-packages/airflow/example_dags/example_branch_operator.py took 0.064 seconds
[2024-06-18T09:49:36.427+0000] {processor.py:161} INFO - Started process (PID=8884) to work on /home/airflow/.local/lib/python3.12/site-packages/airflow/example_dags/example_branch_operator.py
[2024-06-18T09:49:36.428+0000] {processor.py:830} INFO - Processing file /home/airflow/.local/lib/python3.12/site-packages/airflow/example_dags/example_branch_operator.py for tasks to queue
[2024-06-18T09:49:36.429+0000] {logging_mixin.py:188} INFO - [2024-06-18T09:49:36.429+0000] {dagbag.py:545} INFO - Filling up the DagBag from /home/airflow/.local/lib/python3.12/site-packages/airflow/example_dags/example_branch_operator.py
[2024-06-18T09:49:36.439+0000] {processor.py:840} INFO - DAG(s) 'example_branch_operator' retrieved from /home/airflow/.local/lib/python3.12/site-packages/airflow/example_dags/example_branch_operator.py
[2024-06-18T09:49:36.457+0000] {logging_mixin.py:188} INFO - [2024-06-18T09:49:36.457+0000] {dag.py:3096} INFO - Sync 1 DAGs
[2024-06-18T09:49:36.470+0000] {logging_mixin.py:188} INFO - [2024-06-18T09:49:36.470+0000] {dag.py:3954} INFO - Setting next_dagrun for example_branch_operator to 2024-06-17 00:00:00+00:00, run_after=2024-06-18 00:00:00+00:00
[2024-06-18T09:49:36.482+0000] {processor.py:183} INFO - Processing /home/airflow/.local/lib/python3.12/site-packages/airflow/example_dags/example_branch_operator.py took 0.058 seconds
[2024-06-18T09:50:06.579+0000] {processor.py:161} INFO - Started process (PID=9144) to work on /home/airflow/.local/lib/python3.12/site-packages/airflow/example_dags/example_branch_operator.py
[2024-06-18T09:50:06.579+0000] {processor.py:830} INFO - Processing file /home/airflow/.local/lib/python3.12/site-packages/airflow/example_dags/example_branch_operator.py for tasks to queue
[2024-06-18T09:50:06.580+0000] {logging_mixin.py:188} INFO - [2024-06-18T09:50:06.580+0000] {dagbag.py:545} INFO - Filling up the DagBag from /home/airflow/.local/lib/python3.12/site-packages/airflow/example_dags/example_branch_operator.py
[2024-06-18T09:50:06.589+0000] {processor.py:840} INFO - DAG(s) 'example_branch_operator' retrieved from /home/airflow/.local/lib/python3.12/site-packages/airflow/example_dags/example_branch_operator.py
[2024-06-18T09:50:06.609+0000] {logging_mixin.py:188} INFO - [2024-06-18T09:50:06.608+0000] {dag.py:3096} INFO - Sync 1 DAGs
[2024-06-18T09:50:06.622+0000] {logging_mixin.py:188} INFO - [2024-06-18T09:50:06.622+0000] {dag.py:3954} INFO - Setting next_dagrun for example_branch_operator to 2024-06-17 00:00:00+00:00, run_after=2024-06-18 00:00:00+00:00
[2024-06-18T09:50:06.634+0000] {processor.py:183} INFO - Processing /home/airflow/.local/lib/python3.12/site-packages/airflow/example_dags/example_branch_operator.py took 0.058 seconds
[2024-06-18T09:50:36.726+0000] {processor.py:161} INFO - Started process (PID=9408) to work on /home/airflow/.local/lib/python3.12/site-packages/airflow/example_dags/example_branch_operator.py
[2024-06-18T09:50:36.727+0000] {processor.py:830} INFO - Processing file /home/airflow/.local/lib/python3.12/site-packages/airflow/example_dags/example_branch_operator.py for tasks to queue
[2024-06-18T09:50:36.728+0000] {logging_mixin.py:188} INFO - [2024-06-18T09:50:36.728+0000] {dagbag.py:545} INFO - Filling up the DagBag from /home/airflow/.local/lib/python3.12/site-packages/airflow/example_dags/example_branch_operator.py
[2024-06-18T09:50:36.736+0000] {processor.py:840} INFO - DAG(s) 'example_branch_operator' retrieved from /home/airflow/.local/lib/python3.12/site-packages/airflow/example_dags/example_branch_operator.py
[2024-06-18T09:50:36.756+0000] {logging_mixin.py:188} INFO - [2024-06-18T09:50:36.755+0000] {dag.py:3096} INFO - Sync 1 DAGs
[2024-06-18T09:50:36.769+0000] {logging_mixin.py:188} INFO - [2024-06-18T09:50:36.769+0000] {dag.py:3954} INFO - Setting next_dagrun for example_branch_operator to 2024-06-17 00:00:00+00:00, run_after=2024-06-18 00:00:00+00:00
[2024-06-18T09:50:36.782+0000] {processor.py:183} INFO - Processing /home/airflow/.local/lib/python3.12/site-packages/airflow/example_dags/example_branch_operator.py took 0.059 seconds
[2024-06-18T09:51:06.803+0000] {processor.py:161} INFO - Started process (PID=9668) to work on /home/airflow/.local/lib/python3.12/site-packages/airflow/example_dags/example_branch_operator.py
[2024-06-18T09:51:06.804+0000] {processor.py:830} INFO - Processing file /home/airflow/.local/lib/python3.12/site-packages/airflow/example_dags/example_branch_operator.py for tasks to queue
[2024-06-18T09:51:06.805+0000] {logging_mixin.py:188} INFO - [2024-06-18T09:51:06.805+0000] {dagbag.py:545} INFO - Filling up the DagBag from /home/airflow/.local/lib/python3.12/site-packages/airflow/example_dags/example_branch_operator.py
[2024-06-18T09:51:06.815+0000] {processor.py:840} INFO - DAG(s) 'example_branch_operator' retrieved from /home/airflow/.local/lib/python3.12/site-packages/airflow/example_dags/example_branch_operator.py
[2024-06-18T09:51:06.832+0000] {logging_mixin.py:188} INFO - [2024-06-18T09:51:06.832+0000] {dag.py:3096} INFO - Sync 1 DAGs
[2024-06-18T09:51:06.845+0000] {logging_mixin.py:188} INFO - [2024-06-18T09:51:06.845+0000] {dag.py:3954} INFO - Setting next_dagrun for example_branch_operator to 2024-06-17 00:00:00+00:00, run_after=2024-06-18 00:00:00+00:00
[2024-06-18T09:51:06.856+0000] {processor.py:183} INFO - Processing /home/airflow/.local/lib/python3.12/site-packages/airflow/example_dags/example_branch_operator.py took 0.056 seconds
[2024-06-18T09:51:37.106+0000] {processor.py:161} INFO - Started process (PID=9932) to work on /home/airflow/.local/lib/python3.12/site-packages/airflow/example_dags/example_branch_operator.py
[2024-06-18T09:51:37.107+0000] {processor.py:830} INFO - Processing file /home/airflow/.local/lib/python3.12/site-packages/airflow/example_dags/example_branch_operator.py for tasks to queue
[2024-06-18T09:51:37.108+0000] {logging_mixin.py:188} INFO - [2024-06-18T09:51:37.107+0000] {dagbag.py:545} INFO - Filling up the DagBag from /home/airflow/.local/lib/python3.12/site-packages/airflow/example_dags/example_branch_operator.py
[2024-06-18T09:51:37.116+0000] {processor.py:840} INFO - DAG(s) 'example_branch_operator' retrieved from /home/airflow/.local/lib/python3.12/site-packages/airflow/example_dags/example_branch_operator.py
[2024-06-18T09:51:37.132+0000] {logging_mixin.py:188} INFO - [2024-06-18T09:51:37.132+0000] {dag.py:3096} INFO - Sync 1 DAGs
[2024-06-18T09:51:37.144+0000] {logging_mixin.py:188} INFO - [2024-06-18T09:51:37.144+0000] {dag.py:3954} INFO - Setting next_dagrun for example_branch_operator to 2024-06-17 00:00:00+00:00, run_after=2024-06-18 00:00:00+00:00
[2024-06-18T09:51:37.155+0000] {processor.py:183} INFO - Processing /home/airflow/.local/lib/python3.12/site-packages/airflow/example_dags/example_branch_operator.py took 0.052 seconds
[2024-06-18T09:52:07.806+0000] {processor.py:161} INFO - Started process (PID=10194) to work on /home/airflow/.local/lib/python3.12/site-packages/airflow/example_dags/example_branch_operator.py
[2024-06-18T09:52:07.807+0000] {processor.py:830} INFO - Processing file /home/airflow/.local/lib/python3.12/site-packages/airflow/example_dags/example_branch_operator.py for tasks to queue
[2024-06-18T09:52:07.807+0000] {logging_mixin.py:188} INFO - [2024-06-18T09:52:07.807+0000] {dagbag.py:545} INFO - Filling up the DagBag from /home/airflow/.local/lib/python3.12/site-packages/airflow/example_dags/example_branch_operator.py
[2024-06-18T09:52:07.816+0000] {processor.py:840} INFO - DAG(s) 'example_branch_operator' retrieved from /home/airflow/.local/lib/python3.12/site-packages/airflow/example_dags/example_branch_operator.py
[2024-06-18T09:52:07.831+0000] {logging_mixin.py:188} INFO - [2024-06-18T09:52:07.831+0000] {dag.py:3096} INFO - Sync 1 DAGs
[2024-06-18T09:52:07.843+0000] {logging_mixin.py:188} INFO - [2024-06-18T09:52:07.843+0000] {dag.py:3954} INFO - Setting next_dagrun for example_branch_operator to 2024-06-17 00:00:00+00:00, run_after=2024-06-18 00:00:00+00:00
[2024-06-18T09:52:07.852+0000] {processor.py:183} INFO - Processing /home/airflow/.local/lib/python3.12/site-packages/airflow/example_dags/example_branch_operator.py took 0.049 seconds
[2024-06-18T09:52:38.155+0000] {processor.py:161} INFO - Started process (PID=10456) to work on /home/airflow/.local/lib/python3.12/site-packages/airflow/example_dags/example_branch_operator.py
[2024-06-18T09:52:38.156+0000] {processor.py:830} INFO - Processing file /home/airflow/.local/lib/python3.12/site-packages/airflow/example_dags/example_branch_operator.py for tasks to queue
[2024-06-18T09:52:38.157+0000] {logging_mixin.py:188} INFO - [2024-06-18T09:52:38.157+0000] {dagbag.py:545} INFO - Filling up the DagBag from /home/airflow/.local/lib/python3.12/site-packages/airflow/example_dags/example_branch_operator.py
[2024-06-18T09:52:38.167+0000] {processor.py:840} INFO - DAG(s) 'example_branch_operator' retrieved from /home/airflow/.local/lib/python3.12/site-packages/airflow/example_dags/example_branch_operator.py
[2024-06-18T09:52:38.185+0000] {logging_mixin.py:188} INFO - [2024-06-18T09:52:38.184+0000] {dag.py:3096} INFO - Sync 1 DAGs
[2024-06-18T09:52:38.198+0000] {logging_mixin.py:188} INFO - [2024-06-18T09:52:38.198+0000] {dag.py:3954} INFO - Setting next_dagrun for example_branch_operator to 2024-06-17 00:00:00+00:00, run_after=2024-06-18 00:00:00+00:00
[2024-06-18T09:52:38.210+0000] {processor.py:183} INFO - Processing /home/airflow/.local/lib/python3.12/site-packages/airflow/example_dags/example_branch_operator.py took 0.058 seconds
[2024-06-18T09:53:08.955+0000] {processor.py:161} INFO - Started process (PID=10718) to work on /home/airflow/.local/lib/python3.12/site-packages/airflow/example_dags/example_branch_operator.py
[2024-06-18T09:53:08.956+0000] {processor.py:830} INFO - Processing file /home/airflow/.local/lib/python3.12/site-packages/airflow/example_dags/example_branch_operator.py for tasks to queue
[2024-06-18T09:53:08.957+0000] {logging_mixin.py:188} INFO - [2024-06-18T09:53:08.957+0000] {dagbag.py:545} INFO - Filling up the DagBag from /home/airflow/.local/lib/python3.12/site-packages/airflow/example_dags/example_branch_operator.py
[2024-06-18T09:53:08.966+0000] {processor.py:840} INFO - DAG(s) 'example_branch_operator' retrieved from /home/airflow/.local/lib/python3.12/site-packages/airflow/example_dags/example_branch_operator.py
[2024-06-18T09:53:08.984+0000] {logging_mixin.py:188} INFO - [2024-06-18T09:53:08.983+0000] {dag.py:3096} INFO - Sync 1 DAGs
[2024-06-18T09:53:08.997+0000] {logging_mixin.py:188} INFO - [2024-06-18T09:53:08.997+0000] {dag.py:3954} INFO - Setting next_dagrun for example_branch_operator to 2024-06-17 00:00:00+00:00, run_after=2024-06-18 00:00:00+00:00
[2024-06-18T09:53:09.009+0000] {processor.py:183} INFO - Processing /home/airflow/.local/lib/python3.12/site-packages/airflow/example_dags/example_branch_operator.py took 0.058 seconds
[2024-06-18T09:53:39.106+0000] {processor.py:161} INFO - Started process (PID=10980) to work on /home/airflow/.local/lib/python3.12/site-packages/airflow/example_dags/example_branch_operator.py
[2024-06-18T09:53:39.107+0000] {processor.py:830} INFO - Processing file /home/airflow/.local/lib/python3.12/site-packages/airflow/example_dags/example_branch_operator.py for tasks to queue
[2024-06-18T09:53:39.108+0000] {logging_mixin.py:188} INFO - [2024-06-18T09:53:39.108+0000] {dagbag.py:545} INFO - Filling up the DagBag from /home/airflow/.local/lib/python3.12/site-packages/airflow/example_dags/example_branch_operator.py
[2024-06-18T09:53:39.119+0000] {processor.py:840} INFO - DAG(s) 'example_branch_operator' retrieved from /home/airflow/.local/lib/python3.12/site-packages/airflow/example_dags/example_branch_operator.py
[2024-06-18T09:53:39.140+0000] {logging_mixin.py:188} INFO - [2024-06-18T09:53:39.139+0000] {dag.py:3096} INFO - Sync 1 DAGs
[2024-06-18T09:53:39.155+0000] {logging_mixin.py:188} INFO - [2024-06-18T09:53:39.155+0000] {dag.py:3954} INFO - Setting next_dagrun for example_branch_operator to 2024-06-17 00:00:00+00:00, run_after=2024-06-18 00:00:00+00:00
[2024-06-18T09:53:39.166+0000] {processor.py:183} INFO - Processing /home/airflow/.local/lib/python3.12/site-packages/airflow/example_dags/example_branch_operator.py took 0.064 seconds
[2024-06-18T09:54:09.241+0000] {processor.py:161} INFO - Started process (PID=11240) to work on /home/airflow/.local/lib/python3.12/site-packages/airflow/example_dags/example_branch_operator.py
[2024-06-18T09:54:09.241+0000] {processor.py:830} INFO - Processing file /home/airflow/.local/lib/python3.12/site-packages/airflow/example_dags/example_branch_operator.py for tasks to queue
[2024-06-18T09:54:09.242+0000] {logging_mixin.py:188} INFO - [2024-06-18T09:54:09.242+0000] {dagbag.py:545} INFO - Filling up the DagBag from /home/airflow/.local/lib/python3.12/site-packages/airflow/example_dags/example_branch_operator.py
[2024-06-18T09:54:09.253+0000] {processor.py:840} INFO - DAG(s) 'example_branch_operator' retrieved from /home/airflow/.local/lib/python3.12/site-packages/airflow/example_dags/example_branch_operator.py
[2024-06-18T09:54:09.271+0000] {logging_mixin.py:188} INFO - [2024-06-18T09:54:09.271+0000] {dag.py:3096} INFO - Sync 1 DAGs
[2024-06-18T09:54:09.285+0000] {logging_mixin.py:188} INFO - [2024-06-18T09:54:09.285+0000] {dag.py:3954} INFO - Setting next_dagrun for example_branch_operator to 2024-06-17 00:00:00+00:00, run_after=2024-06-18 00:00:00+00:00
[2024-06-18T09:54:09.295+0000] {processor.py:183} INFO - Processing /home/airflow/.local/lib/python3.12/site-packages/airflow/example_dags/example_branch_operator.py took 0.058 seconds
[2024-06-18T09:54:39.322+0000] {processor.py:161} INFO - Started process (PID=11504) to work on /home/airflow/.local/lib/python3.12/site-packages/airflow/example_dags/example_branch_operator.py
[2024-06-18T09:54:39.323+0000] {processor.py:830} INFO - Processing file /home/airflow/.local/lib/python3.12/site-packages/airflow/example_dags/example_branch_operator.py for tasks to queue
[2024-06-18T09:54:39.323+0000] {logging_mixin.py:188} INFO - [2024-06-18T09:54:39.323+0000] {dagbag.py:545} INFO - Filling up the DagBag from /home/airflow/.local/lib/python3.12/site-packages/airflow/example_dags/example_branch_operator.py
[2024-06-18T09:54:39.333+0000] {processor.py:840} INFO - DAG(s) 'example_branch_operator' retrieved from /home/airflow/.local/lib/python3.12/site-packages/airflow/example_dags/example_branch_operator.py
[2024-06-18T09:54:39.350+0000] {logging_mixin.py:188} INFO - [2024-06-18T09:54:39.349+0000] {dag.py:3096} INFO - Sync 1 DAGs
[2024-06-18T09:54:39.362+0000] {logging_mixin.py:188} INFO - [2024-06-18T09:54:39.362+0000] {dag.py:3954} INFO - Setting next_dagrun for example_branch_operator to 2024-06-17 00:00:00+00:00, run_after=2024-06-18 00:00:00+00:00
[2024-06-18T09:54:39.374+0000] {processor.py:183} INFO - Processing /home/airflow/.local/lib/python3.12/site-packages/airflow/example_dags/example_branch_operator.py took 0.055 seconds
[2024-06-18T09:55:09.597+0000] {processor.py:161} INFO - Started process (PID=11766) to work on /home/airflow/.local/lib/python3.12/site-packages/airflow/example_dags/example_branch_operator.py
[2024-06-18T09:55:09.598+0000] {processor.py:830} INFO - Processing file /home/airflow/.local/lib/python3.12/site-packages/airflow/example_dags/example_branch_operator.py for tasks to queue
[2024-06-18T09:55:09.599+0000] {logging_mixin.py:188} INFO - [2024-06-18T09:55:09.599+0000] {dagbag.py:545} INFO - Filling up the DagBag from /home/airflow/.local/lib/python3.12/site-packages/airflow/example_dags/example_branch_operator.py
[2024-06-18T09:55:09.608+0000] {processor.py:840} INFO - DAG(s) 'example_branch_operator' retrieved from /home/airflow/.local/lib/python3.12/site-packages/airflow/example_dags/example_branch_operator.py
[2024-06-18T09:55:09.627+0000] {logging_mixin.py:188} INFO - [2024-06-18T09:55:09.626+0000] {dag.py:3096} INFO - Sync 1 DAGs
[2024-06-18T09:55:09.640+0000] {logging_mixin.py:188} INFO - [2024-06-18T09:55:09.640+0000] {dag.py:3954} INFO - Setting next_dagrun for example_branch_operator to 2024-06-17 00:00:00+00:00, run_after=2024-06-18 00:00:00+00:00
[2024-06-18T09:55:09.654+0000] {processor.py:183} INFO - Processing /home/airflow/.local/lib/python3.12/site-packages/airflow/example_dags/example_branch_operator.py took 0.060 seconds
[2024-06-18T09:55:39.690+0000] {processor.py:161} INFO - Started process (PID=12028) to work on /home/airflow/.local/lib/python3.12/site-packages/airflow/example_dags/example_branch_operator.py
[2024-06-18T09:55:39.691+0000] {processor.py:830} INFO - Processing file /home/airflow/.local/lib/python3.12/site-packages/airflow/example_dags/example_branch_operator.py for tasks to queue
[2024-06-18T09:55:39.692+0000] {logging_mixin.py:188} INFO - [2024-06-18T09:55:39.692+0000] {dagbag.py:545} INFO - Filling up the DagBag from /home/airflow/.local/lib/python3.12/site-packages/airflow/example_dags/example_branch_operator.py
[2024-06-18T09:55:39.702+0000] {processor.py:840} INFO - DAG(s) 'example_branch_operator' retrieved from /home/airflow/.local/lib/python3.12/site-packages/airflow/example_dags/example_branch_operator.py
[2024-06-18T09:55:39.718+0000] {logging_mixin.py:188} INFO - [2024-06-18T09:55:39.718+0000] {dag.py:3096} INFO - Sync 1 DAGs
[2024-06-18T09:55:39.732+0000] {logging_mixin.py:188} INFO - [2024-06-18T09:55:39.732+0000] {dag.py:3954} INFO - Setting next_dagrun for example_branch_operator to 2024-06-17 00:00:00+00:00, run_after=2024-06-18 00:00:00+00:00
[2024-06-18T09:55:39.744+0000] {processor.py:183} INFO - Processing /home/airflow/.local/lib/python3.12/site-packages/airflow/example_dags/example_branch_operator.py took 0.058 seconds
[2024-06-18T09:56:10.419+0000] {processor.py:161} INFO - Started process (PID=12290) to work on /home/airflow/.local/lib/python3.12/site-packages/airflow/example_dags/example_branch_operator.py
[2024-06-18T09:56:10.420+0000] {processor.py:830} INFO - Processing file /home/airflow/.local/lib/python3.12/site-packages/airflow/example_dags/example_branch_operator.py for tasks to queue
[2024-06-18T09:56:10.421+0000] {logging_mixin.py:188} INFO - [2024-06-18T09:56:10.421+0000] {dagbag.py:545} INFO - Filling up the DagBag from /home/airflow/.local/lib/python3.12/site-packages/airflow/example_dags/example_branch_operator.py
[2024-06-18T09:56:10.429+0000] {processor.py:840} INFO - DAG(s) 'example_branch_operator' retrieved from /home/airflow/.local/lib/python3.12/site-packages/airflow/example_dags/example_branch_operator.py
[2024-06-18T09:56:10.444+0000] {logging_mixin.py:188} INFO - [2024-06-18T09:56:10.444+0000] {dag.py:3096} INFO - Sync 1 DAGs
[2024-06-18T09:56:10.458+0000] {logging_mixin.py:188} INFO - [2024-06-18T09:56:10.457+0000] {dag.py:3954} INFO - Setting next_dagrun for example_branch_operator to 2024-06-17 00:00:00+00:00, run_after=2024-06-18 00:00:00+00:00
[2024-06-18T09:56:10.468+0000] {processor.py:183} INFO - Processing /home/airflow/.local/lib/python3.12/site-packages/airflow/example_dags/example_branch_operator.py took 0.052 seconds
[2024-06-18T09:56:41.176+0000] {processor.py:161} INFO - Started process (PID=12550) to work on /home/airflow/.local/lib/python3.12/site-packages/airflow/example_dags/example_branch_operator.py
[2024-06-18T09:56:41.177+0000] {processor.py:830} INFO - Processing file /home/airflow/.local/lib/python3.12/site-packages/airflow/example_dags/example_branch_operator.py for tasks to queue
[2024-06-18T09:56:41.177+0000] {logging_mixin.py:188} INFO - [2024-06-18T09:56:41.177+0000] {dagbag.py:545} INFO - Filling up the DagBag from /home/airflow/.local/lib/python3.12/site-packages/airflow/example_dags/example_branch_operator.py
[2024-06-18T09:56:41.186+0000] {processor.py:840} INFO - DAG(s) 'example_branch_operator' retrieved from /home/airflow/.local/lib/python3.12/site-packages/airflow/example_dags/example_branch_operator.py
[2024-06-18T09:56:41.202+0000] {logging_mixin.py:188} INFO - [2024-06-18T09:56:41.202+0000] {dag.py:3096} INFO - Sync 1 DAGs
[2024-06-18T09:56:41.215+0000] {logging_mixin.py:188} INFO - [2024-06-18T09:56:41.214+0000] {dag.py:3954} INFO - Setting next_dagrun for example_branch_operator to 2024-06-17 00:00:00+00:00, run_after=2024-06-18 00:00:00+00:00
[2024-06-18T09:56:41.227+0000] {processor.py:183} INFO - Processing /home/airflow/.local/lib/python3.12/site-packages/airflow/example_dags/example_branch_operator.py took 0.054 seconds
[2024-06-18T09:57:11.257+0000] {processor.py:161} INFO - Started process (PID=12812) to work on /home/airflow/.local/lib/python3.12/site-packages/airflow/example_dags/example_branch_operator.py
[2024-06-18T09:57:11.257+0000] {processor.py:830} INFO - Processing file /home/airflow/.local/lib/python3.12/site-packages/airflow/example_dags/example_branch_operator.py for tasks to queue
[2024-06-18T09:57:11.258+0000] {logging_mixin.py:188} INFO - [2024-06-18T09:57:11.258+0000] {dagbag.py:545} INFO - Filling up the DagBag from /home/airflow/.local/lib/python3.12/site-packages/airflow/example_dags/example_branch_operator.py
[2024-06-18T09:57:11.267+0000] {processor.py:840} INFO - DAG(s) 'example_branch_operator' retrieved from /home/airflow/.local/lib/python3.12/site-packages/airflow/example_dags/example_branch_operator.py
[2024-06-18T09:57:11.285+0000] {logging_mixin.py:188} INFO - [2024-06-18T09:57:11.284+0000] {dag.py:3096} INFO - Sync 1 DAGs
[2024-06-18T09:57:11.297+0000] {logging_mixin.py:188} INFO - [2024-06-18T09:57:11.297+0000] {dag.py:3954} INFO - Setting next_dagrun for example_branch_operator to 2024-06-17 00:00:00+00:00, run_after=2024-06-18 00:00:00+00:00
[2024-06-18T09:57:11.310+0000] {processor.py:183} INFO - Processing /home/airflow/.local/lib/python3.12/site-packages/airflow/example_dags/example_branch_operator.py took 0.056 seconds
[2024-06-18T09:57:42.372+0000] {processor.py:161} INFO - Started process (PID=13070) to work on /home/airflow/.local/lib/python3.12/site-packages/airflow/example_dags/example_branch_operator.py
[2024-06-18T09:57:42.373+0000] {processor.py:830} INFO - Processing file /home/airflow/.local/lib/python3.12/site-packages/airflow/example_dags/example_branch_operator.py for tasks to queue
[2024-06-18T09:57:42.374+0000] {logging_mixin.py:188} INFO - [2024-06-18T09:57:42.373+0000] {dagbag.py:545} INFO - Filling up the DagBag from /home/airflow/.local/lib/python3.12/site-packages/airflow/example_dags/example_branch_operator.py
[2024-06-18T09:57:42.387+0000] {processor.py:840} INFO - DAG(s) 'example_branch_operator' retrieved from /home/airflow/.local/lib/python3.12/site-packages/airflow/example_dags/example_branch_operator.py
[2024-06-18T09:57:42.421+0000] {logging_mixin.py:188} INFO - [2024-06-18T09:57:42.421+0000] {dag.py:3096} INFO - Sync 1 DAGs
[2024-06-18T09:57:42.446+0000] {logging_mixin.py:188} INFO - [2024-06-18T09:57:42.446+0000] {dag.py:3954} INFO - Setting next_dagrun for example_branch_operator to 2024-06-17 00:00:00+00:00, run_after=2024-06-18 00:00:00+00:00
[2024-06-18T09:57:42.468+0000] {processor.py:183} INFO - Processing /home/airflow/.local/lib/python3.12/site-packages/airflow/example_dags/example_branch_operator.py took 0.102 seconds
[2024-06-18T09:58:13.395+0000] {processor.py:161} INFO - Started process (PID=13332) to work on /home/airflow/.local/lib/python3.12/site-packages/airflow/example_dags/example_branch_operator.py
[2024-06-18T09:58:13.397+0000] {processor.py:830} INFO - Processing file /home/airflow/.local/lib/python3.12/site-packages/airflow/example_dags/example_branch_operator.py for tasks to queue
[2024-06-18T09:58:13.398+0000] {logging_mixin.py:188} INFO - [2024-06-18T09:58:13.398+0000] {dagbag.py:545} INFO - Filling up the DagBag from /home/airflow/.local/lib/python3.12/site-packages/airflow/example_dags/example_branch_operator.py
[2024-06-18T09:58:13.408+0000] {processor.py:840} INFO - DAG(s) 'example_branch_operator' retrieved from /home/airflow/.local/lib/python3.12/site-packages/airflow/example_dags/example_branch_operator.py
[2024-06-18T09:58:13.426+0000] {logging_mixin.py:188} INFO - [2024-06-18T09:58:13.425+0000] {dag.py:3096} INFO - Sync 1 DAGs
[2024-06-18T09:58:13.439+0000] {logging_mixin.py:188} INFO - [2024-06-18T09:58:13.439+0000] {dag.py:3954} INFO - Setting next_dagrun for example_branch_operator to 2024-06-17 00:00:00+00:00, run_after=2024-06-18 00:00:00+00:00
[2024-06-18T09:58:13.450+0000] {processor.py:183} INFO - Processing /home/airflow/.local/lib/python3.12/site-packages/airflow/example_dags/example_branch_operator.py took 0.059 seconds
[2024-06-18T09:58:44.207+0000] {processor.py:161} INFO - Started process (PID=13594) to work on /home/airflow/.local/lib/python3.12/site-packages/airflow/example_dags/example_branch_operator.py
[2024-06-18T09:58:44.209+0000] {processor.py:830} INFO - Processing file /home/airflow/.local/lib/python3.12/site-packages/airflow/example_dags/example_branch_operator.py for tasks to queue
[2024-06-18T09:58:44.210+0000] {logging_mixin.py:188} INFO - [2024-06-18T09:58:44.209+0000] {dagbag.py:545} INFO - Filling up the DagBag from /home/airflow/.local/lib/python3.12/site-packages/airflow/example_dags/example_branch_operator.py
[2024-06-18T09:58:44.219+0000] {processor.py:840} INFO - DAG(s) 'example_branch_operator' retrieved from /home/airflow/.local/lib/python3.12/site-packages/airflow/example_dags/example_branch_operator.py
[2024-06-18T09:58:44.235+0000] {logging_mixin.py:188} INFO - [2024-06-18T09:58:44.235+0000] {dag.py:3096} INFO - Sync 1 DAGs
[2024-06-18T09:58:44.249+0000] {logging_mixin.py:188} INFO - [2024-06-18T09:58:44.248+0000] {dag.py:3954} INFO - Setting next_dagrun for example_branch_operator to 2024-06-17 00:00:00+00:00, run_after=2024-06-18 00:00:00+00:00
[2024-06-18T09:58:44.260+0000] {processor.py:183} INFO - Processing /home/airflow/.local/lib/python3.12/site-packages/airflow/example_dags/example_branch_operator.py took 0.057 seconds
[2024-06-18T09:59:14.492+0000] {processor.py:161} INFO - Started process (PID=13856) to work on /home/airflow/.local/lib/python3.12/site-packages/airflow/example_dags/example_branch_operator.py
[2024-06-18T09:59:14.494+0000] {processor.py:830} INFO - Processing file /home/airflow/.local/lib/python3.12/site-packages/airflow/example_dags/example_branch_operator.py for tasks to queue
[2024-06-18T09:59:14.495+0000] {logging_mixin.py:188} INFO - [2024-06-18T09:59:14.494+0000] {dagbag.py:545} INFO - Filling up the DagBag from /home/airflow/.local/lib/python3.12/site-packages/airflow/example_dags/example_branch_operator.py
[2024-06-18T09:59:14.504+0000] {processor.py:840} INFO - DAG(s) 'example_branch_operator' retrieved from /home/airflow/.local/lib/python3.12/site-packages/airflow/example_dags/example_branch_operator.py
[2024-06-18T09:59:14.521+0000] {logging_mixin.py:188} INFO - [2024-06-18T09:59:14.521+0000] {dag.py:3096} INFO - Sync 1 DAGs
[2024-06-18T09:59:14.534+0000] {logging_mixin.py:188} INFO - [2024-06-18T09:59:14.534+0000] {dag.py:3954} INFO - Setting next_dagrun for example_branch_operator to 2024-06-17 00:00:00+00:00, run_after=2024-06-18 00:00:00+00:00
[2024-06-18T09:59:14.545+0000] {processor.py:183} INFO - Processing /home/airflow/.local/lib/python3.12/site-packages/airflow/example_dags/example_branch_operator.py took 0.057 seconds
[2024-06-18T09:59:44.561+0000] {processor.py:161} INFO - Started process (PID=14118) to work on /home/airflow/.local/lib/python3.12/site-packages/airflow/example_dags/example_branch_operator.py
[2024-06-18T09:59:44.561+0000] {processor.py:830} INFO - Processing file /home/airflow/.local/lib/python3.12/site-packages/airflow/example_dags/example_branch_operator.py for tasks to queue
[2024-06-18T09:59:44.562+0000] {logging_mixin.py:188} INFO - [2024-06-18T09:59:44.562+0000] {dagbag.py:545} INFO - Filling up the DagBag from /home/airflow/.local/lib/python3.12/site-packages/airflow/example_dags/example_branch_operator.py
[2024-06-18T09:59:44.571+0000] {processor.py:840} INFO - DAG(s) 'example_branch_operator' retrieved from /home/airflow/.local/lib/python3.12/site-packages/airflow/example_dags/example_branch_operator.py
[2024-06-18T09:59:44.587+0000] {logging_mixin.py:188} INFO - [2024-06-18T09:59:44.587+0000] {dag.py:3096} INFO - Sync 1 DAGs
[2024-06-18T09:59:44.601+0000] {logging_mixin.py:188} INFO - [2024-06-18T09:59:44.600+0000] {dag.py:3954} INFO - Setting next_dagrun for example_branch_operator to 2024-06-17 00:00:00+00:00, run_after=2024-06-18 00:00:00+00:00
[2024-06-18T09:59:44.613+0000] {processor.py:183} INFO - Processing /home/airflow/.local/lib/python3.12/site-packages/airflow/example_dags/example_branch_operator.py took 0.055 seconds
