[2024-06-18T09:32:54.965+0000] {processor.py:161} INFO - Started process (PID=401) to work on /home/airflow/.local/lib/python3.12/site-packages/airflow/example_dags/example_display_name.py
[2024-06-18T09:32:54.965+0000] {processor.py:830} INFO - Processing file /home/airflow/.local/lib/python3.12/site-packages/airflow/example_dags/example_display_name.py for tasks to queue
[2024-06-18T09:32:54.966+0000] {logging_mixin.py:188} INFO - [2024-06-18T09:32:54.966+0000] {dagbag.py:545} INFO - Filling up the DagBag from /home/airflow/.local/lib/python3.12/site-packages/airflow/example_dags/example_display_name.py
[2024-06-18T09:32:54.969+0000] {processor.py:840} INFO - DAG(s) 'example_display_name' retrieved from /home/airflow/.local/lib/python3.12/site-packages/airflow/example_dags/example_display_name.py
[2024-06-18T09:32:54.976+0000] {logging_mixin.py:188} INFO - [2024-06-18T09:32:54.976+0000] {dag.py:3096} INFO - Sync 1 DAGs
[2024-06-18T09:32:54.984+0000] {logging_mixin.py:188} INFO - [2024-06-18T09:32:54.984+0000] {dag.py:3954} INFO - Setting next_dagrun for example_display_name to None, run_after=None
[2024-06-18T09:32:54.995+0000] {processor.py:183} INFO - Processing /home/airflow/.local/lib/python3.12/site-packages/airflow/example_dags/example_display_name.py took 0.034 seconds
[2024-06-18T09:33:26.799+0000] {processor.py:161} INFO - Started process (PID=663) to work on /home/airflow/.local/lib/python3.12/site-packages/airflow/example_dags/example_display_name.py
[2024-06-18T09:33:26.800+0000] {processor.py:830} INFO - Processing file /home/airflow/.local/lib/python3.12/site-packages/airflow/example_dags/example_display_name.py for tasks to queue
[2024-06-18T09:33:26.801+0000] {logging_mixin.py:188} INFO - [2024-06-18T09:33:26.800+0000] {dagbag.py:545} INFO - Filling up the DagBag from /home/airflow/.local/lib/python3.12/site-packages/airflow/example_dags/example_display_name.py
[2024-06-18T09:33:26.804+0000] {processor.py:840} INFO - DAG(s) 'example_display_name' retrieved from /home/airflow/.local/lib/python3.12/site-packages/airflow/example_dags/example_display_name.py
[2024-06-18T09:33:26.864+0000] {logging_mixin.py:188} INFO - [2024-06-18T09:33:26.864+0000] {dag.py:3096} INFO - Sync 1 DAGs
[2024-06-18T09:33:26.871+0000] {logging_mixin.py:188} INFO - [2024-06-18T09:33:26.871+0000] {dag.py:3954} INFO - Setting next_dagrun for example_display_name to None, run_after=None
[2024-06-18T09:33:26.881+0000] {processor.py:183} INFO - Processing /home/airflow/.local/lib/python3.12/site-packages/airflow/example_dags/example_display_name.py took 0.085 seconds
[2024-06-18T09:33:57.744+0000] {processor.py:161} INFO - Started process (PID=925) to work on /home/airflow/.local/lib/python3.12/site-packages/airflow/example_dags/example_display_name.py
[2024-06-18T09:33:57.745+0000] {processor.py:830} INFO - Processing file /home/airflow/.local/lib/python3.12/site-packages/airflow/example_dags/example_display_name.py for tasks to queue
[2024-06-18T09:33:57.746+0000] {logging_mixin.py:188} INFO - [2024-06-18T09:33:57.746+0000] {dagbag.py:545} INFO - Filling up the DagBag from /home/airflow/.local/lib/python3.12/site-packages/airflow/example_dags/example_display_name.py
[2024-06-18T09:33:57.749+0000] {processor.py:840} INFO - DAG(s) 'example_display_name' retrieved from /home/airflow/.local/lib/python3.12/site-packages/airflow/example_dags/example_display_name.py
[2024-06-18T09:33:57.761+0000] {logging_mixin.py:188} INFO - [2024-06-18T09:33:57.761+0000] {dag.py:3096} INFO - Sync 1 DAGs
[2024-06-18T09:33:57.768+0000] {logging_mixin.py:188} INFO - [2024-06-18T09:33:57.768+0000] {dag.py:3954} INFO - Setting next_dagrun for example_display_name to None, run_after=None
[2024-06-18T09:33:57.780+0000] {processor.py:183} INFO - Processing /home/airflow/.local/lib/python3.12/site-packages/airflow/example_dags/example_display_name.py took 0.039 seconds
[2024-06-18T09:34:27.983+0000] {processor.py:161} INFO - Started process (PID=1187) to work on /home/airflow/.local/lib/python3.12/site-packages/airflow/example_dags/example_display_name.py
[2024-06-18T09:34:27.984+0000] {processor.py:830} INFO - Processing file /home/airflow/.local/lib/python3.12/site-packages/airflow/example_dags/example_display_name.py for tasks to queue
[2024-06-18T09:34:27.985+0000] {logging_mixin.py:188} INFO - [2024-06-18T09:34:27.984+0000] {dagbag.py:545} INFO - Filling up the DagBag from /home/airflow/.local/lib/python3.12/site-packages/airflow/example_dags/example_display_name.py
[2024-06-18T09:34:27.988+0000] {processor.py:840} INFO - DAG(s) 'example_display_name' retrieved from /home/airflow/.local/lib/python3.12/site-packages/airflow/example_dags/example_display_name.py
[2024-06-18T09:34:27.999+0000] {logging_mixin.py:188} INFO - [2024-06-18T09:34:27.999+0000] {dag.py:3096} INFO - Sync 1 DAGs
[2024-06-18T09:34:28.007+0000] {logging_mixin.py:188} INFO - [2024-06-18T09:34:28.006+0000] {dag.py:3954} INFO - Setting next_dagrun for example_display_name to None, run_after=None
[2024-06-18T09:34:28.026+0000] {processor.py:183} INFO - Processing /home/airflow/.local/lib/python3.12/site-packages/airflow/example_dags/example_display_name.py took 0.046 seconds
[2024-06-18T09:34:58.195+0000] {processor.py:161} INFO - Started process (PID=1449) to work on /home/airflow/.local/lib/python3.12/site-packages/airflow/example_dags/example_display_name.py
[2024-06-18T09:34:58.196+0000] {processor.py:830} INFO - Processing file /home/airflow/.local/lib/python3.12/site-packages/airflow/example_dags/example_display_name.py for tasks to queue
[2024-06-18T09:34:58.197+0000] {logging_mixin.py:188} INFO - [2024-06-18T09:34:58.196+0000] {dagbag.py:545} INFO - Filling up the DagBag from /home/airflow/.local/lib/python3.12/site-packages/airflow/example_dags/example_display_name.py
[2024-06-18T09:34:58.200+0000] {processor.py:840} INFO - DAG(s) 'example_display_name' retrieved from /home/airflow/.local/lib/python3.12/site-packages/airflow/example_dags/example_display_name.py
[2024-06-18T09:34:58.211+0000] {logging_mixin.py:188} INFO - [2024-06-18T09:34:58.210+0000] {dag.py:3096} INFO - Sync 1 DAGs
[2024-06-18T09:34:58.218+0000] {logging_mixin.py:188} INFO - [2024-06-18T09:34:58.218+0000] {dag.py:3954} INFO - Setting next_dagrun for example_display_name to None, run_after=None
[2024-06-18T09:34:58.229+0000] {processor.py:183} INFO - Processing /home/airflow/.local/lib/python3.12/site-packages/airflow/example_dags/example_display_name.py took 0.037 seconds
[2024-06-18T09:35:28.312+0000] {processor.py:161} INFO - Started process (PID=1711) to work on /home/airflow/.local/lib/python3.12/site-packages/airflow/example_dags/example_display_name.py
[2024-06-18T09:35:28.313+0000] {processor.py:830} INFO - Processing file /home/airflow/.local/lib/python3.12/site-packages/airflow/example_dags/example_display_name.py for tasks to queue
[2024-06-18T09:35:28.314+0000] {logging_mixin.py:188} INFO - [2024-06-18T09:35:28.314+0000] {dagbag.py:545} INFO - Filling up the DagBag from /home/airflow/.local/lib/python3.12/site-packages/airflow/example_dags/example_display_name.py
[2024-06-18T09:35:28.317+0000] {processor.py:840} INFO - DAG(s) 'example_display_name' retrieved from /home/airflow/.local/lib/python3.12/site-packages/airflow/example_dags/example_display_name.py
[2024-06-18T09:35:28.329+0000] {logging_mixin.py:188} INFO - [2024-06-18T09:35:28.329+0000] {dag.py:3096} INFO - Sync 1 DAGs
[2024-06-18T09:35:28.337+0000] {logging_mixin.py:188} INFO - [2024-06-18T09:35:28.336+0000] {dag.py:3954} INFO - Setting next_dagrun for example_display_name to None, run_after=None
[2024-06-18T09:35:28.348+0000] {processor.py:183} INFO - Processing /home/airflow/.local/lib/python3.12/site-packages/airflow/example_dags/example_display_name.py took 0.039 seconds
[2024-06-18T09:35:58.619+0000] {processor.py:161} INFO - Started process (PID=1973) to work on /home/airflow/.local/lib/python3.12/site-packages/airflow/example_dags/example_display_name.py
[2024-06-18T09:35:58.620+0000] {processor.py:830} INFO - Processing file /home/airflow/.local/lib/python3.12/site-packages/airflow/example_dags/example_display_name.py for tasks to queue
[2024-06-18T09:35:58.621+0000] {logging_mixin.py:188} INFO - [2024-06-18T09:35:58.621+0000] {dagbag.py:545} INFO - Filling up the DagBag from /home/airflow/.local/lib/python3.12/site-packages/airflow/example_dags/example_display_name.py
[2024-06-18T09:35:58.626+0000] {processor.py:840} INFO - DAG(s) 'example_display_name' retrieved from /home/airflow/.local/lib/python3.12/site-packages/airflow/example_dags/example_display_name.py
[2024-06-18T09:35:58.643+0000] {logging_mixin.py:188} INFO - [2024-06-18T09:35:58.642+0000] {dag.py:3096} INFO - Sync 1 DAGs
[2024-06-18T09:35:58.656+0000] {logging_mixin.py:188} INFO - [2024-06-18T09:35:58.656+0000] {dag.py:3954} INFO - Setting next_dagrun for example_display_name to None, run_after=None
[2024-06-18T09:35:58.674+0000] {processor.py:183} INFO - Processing /home/airflow/.local/lib/python3.12/site-packages/airflow/example_dags/example_display_name.py took 0.060 seconds
[2024-06-18T09:36:28.702+0000] {processor.py:161} INFO - Started process (PID=2235) to work on /home/airflow/.local/lib/python3.12/site-packages/airflow/example_dags/example_display_name.py
[2024-06-18T09:36:28.703+0000] {processor.py:830} INFO - Processing file /home/airflow/.local/lib/python3.12/site-packages/airflow/example_dags/example_display_name.py for tasks to queue
[2024-06-18T09:36:28.704+0000] {logging_mixin.py:188} INFO - [2024-06-18T09:36:28.704+0000] {dagbag.py:545} INFO - Filling up the DagBag from /home/airflow/.local/lib/python3.12/site-packages/airflow/example_dags/example_display_name.py
[2024-06-18T09:36:28.707+0000] {processor.py:840} INFO - DAG(s) 'example_display_name' retrieved from /home/airflow/.local/lib/python3.12/site-packages/airflow/example_dags/example_display_name.py
[2024-06-18T09:36:28.719+0000] {logging_mixin.py:188} INFO - [2024-06-18T09:36:28.719+0000] {dag.py:3096} INFO - Sync 1 DAGs
[2024-06-18T09:36:28.727+0000] {logging_mixin.py:188} INFO - [2024-06-18T09:36:28.726+0000] {dag.py:3954} INFO - Setting next_dagrun for example_display_name to None, run_after=None
[2024-06-18T09:36:28.738+0000] {processor.py:183} INFO - Processing /home/airflow/.local/lib/python3.12/site-packages/airflow/example_dags/example_display_name.py took 0.039 seconds
[2024-06-18T09:36:58.928+0000] {processor.py:161} INFO - Started process (PID=2497) to work on /home/airflow/.local/lib/python3.12/site-packages/airflow/example_dags/example_display_name.py
[2024-06-18T09:36:58.928+0000] {processor.py:830} INFO - Processing file /home/airflow/.local/lib/python3.12/site-packages/airflow/example_dags/example_display_name.py for tasks to queue
[2024-06-18T09:36:58.929+0000] {logging_mixin.py:188} INFO - [2024-06-18T09:36:58.929+0000] {dagbag.py:545} INFO - Filling up the DagBag from /home/airflow/.local/lib/python3.12/site-packages/airflow/example_dags/example_display_name.py
[2024-06-18T09:36:58.932+0000] {processor.py:840} INFO - DAG(s) 'example_display_name' retrieved from /home/airflow/.local/lib/python3.12/site-packages/airflow/example_dags/example_display_name.py
[2024-06-18T09:36:58.943+0000] {logging_mixin.py:188} INFO - [2024-06-18T09:36:58.943+0000] {dag.py:3096} INFO - Sync 1 DAGs
[2024-06-18T09:36:58.951+0000] {logging_mixin.py:188} INFO - [2024-06-18T09:36:58.951+0000] {dag.py:3954} INFO - Setting next_dagrun for example_display_name to None, run_after=None
[2024-06-18T09:36:58.963+0000] {processor.py:183} INFO - Processing /home/airflow/.local/lib/python3.12/site-packages/airflow/example_dags/example_display_name.py took 0.038 seconds
[2024-06-18T09:37:29.149+0000] {processor.py:161} INFO - Started process (PID=2759) to work on /home/airflow/.local/lib/python3.12/site-packages/airflow/example_dags/example_display_name.py
[2024-06-18T09:37:29.149+0000] {processor.py:830} INFO - Processing file /home/airflow/.local/lib/python3.12/site-packages/airflow/example_dags/example_display_name.py for tasks to queue
[2024-06-18T09:37:29.150+0000] {logging_mixin.py:188} INFO - [2024-06-18T09:37:29.150+0000] {dagbag.py:545} INFO - Filling up the DagBag from /home/airflow/.local/lib/python3.12/site-packages/airflow/example_dags/example_display_name.py
[2024-06-18T09:37:29.153+0000] {processor.py:840} INFO - DAG(s) 'example_display_name' retrieved from /home/airflow/.local/lib/python3.12/site-packages/airflow/example_dags/example_display_name.py
[2024-06-18T09:37:29.164+0000] {logging_mixin.py:188} INFO - [2024-06-18T09:37:29.164+0000] {dag.py:3096} INFO - Sync 1 DAGs
[2024-06-18T09:37:29.171+0000] {logging_mixin.py:188} INFO - [2024-06-18T09:37:29.171+0000] {dag.py:3954} INFO - Setting next_dagrun for example_display_name to None, run_after=None
[2024-06-18T09:37:29.182+0000] {processor.py:183} INFO - Processing /home/airflow/.local/lib/python3.12/site-packages/airflow/example_dags/example_display_name.py took 0.037 seconds
[2024-06-18T09:37:59.215+0000] {processor.py:161} INFO - Started process (PID=3021) to work on /home/airflow/.local/lib/python3.12/site-packages/airflow/example_dags/example_display_name.py
[2024-06-18T09:37:59.216+0000] {processor.py:830} INFO - Processing file /home/airflow/.local/lib/python3.12/site-packages/airflow/example_dags/example_display_name.py for tasks to queue
[2024-06-18T09:37:59.217+0000] {logging_mixin.py:188} INFO - [2024-06-18T09:37:59.216+0000] {dagbag.py:545} INFO - Filling up the DagBag from /home/airflow/.local/lib/python3.12/site-packages/airflow/example_dags/example_display_name.py
[2024-06-18T09:37:59.220+0000] {processor.py:840} INFO - DAG(s) 'example_display_name' retrieved from /home/airflow/.local/lib/python3.12/site-packages/airflow/example_dags/example_display_name.py
[2024-06-18T09:37:59.231+0000] {logging_mixin.py:188} INFO - [2024-06-18T09:37:59.231+0000] {dag.py:3096} INFO - Sync 1 DAGs
[2024-06-18T09:37:59.238+0000] {logging_mixin.py:188} INFO - [2024-06-18T09:37:59.238+0000] {dag.py:3954} INFO - Setting next_dagrun for example_display_name to None, run_after=None
[2024-06-18T09:37:59.251+0000] {processor.py:183} INFO - Processing /home/airflow/.local/lib/python3.12/site-packages/airflow/example_dags/example_display_name.py took 0.039 seconds
[2024-06-18T09:38:29.348+0000] {processor.py:161} INFO - Started process (PID=3283) to work on /home/airflow/.local/lib/python3.12/site-packages/airflow/example_dags/example_display_name.py
[2024-06-18T09:38:29.349+0000] {processor.py:830} INFO - Processing file /home/airflow/.local/lib/python3.12/site-packages/airflow/example_dags/example_display_name.py for tasks to queue
[2024-06-18T09:38:29.349+0000] {logging_mixin.py:188} INFO - [2024-06-18T09:38:29.349+0000] {dagbag.py:545} INFO - Filling up the DagBag from /home/airflow/.local/lib/python3.12/site-packages/airflow/example_dags/example_display_name.py
[2024-06-18T09:38:29.352+0000] {processor.py:840} INFO - DAG(s) 'example_display_name' retrieved from /home/airflow/.local/lib/python3.12/site-packages/airflow/example_dags/example_display_name.py
[2024-06-18T09:38:29.363+0000] {logging_mixin.py:188} INFO - [2024-06-18T09:38:29.363+0000] {dag.py:3096} INFO - Sync 1 DAGs
[2024-06-18T09:38:29.370+0000] {logging_mixin.py:188} INFO - [2024-06-18T09:38:29.369+0000] {dag.py:3954} INFO - Setting next_dagrun for example_display_name to None, run_after=None
[2024-06-18T09:38:29.380+0000] {processor.py:183} INFO - Processing /home/airflow/.local/lib/python3.12/site-packages/airflow/example_dags/example_display_name.py took 0.036 seconds
[2024-06-18T09:38:59.597+0000] {processor.py:161} INFO - Started process (PID=3545) to work on /home/airflow/.local/lib/python3.12/site-packages/airflow/example_dags/example_display_name.py
[2024-06-18T09:38:59.598+0000] {processor.py:830} INFO - Processing file /home/airflow/.local/lib/python3.12/site-packages/airflow/example_dags/example_display_name.py for tasks to queue
[2024-06-18T09:38:59.599+0000] {logging_mixin.py:188} INFO - [2024-06-18T09:38:59.599+0000] {dagbag.py:545} INFO - Filling up the DagBag from /home/airflow/.local/lib/python3.12/site-packages/airflow/example_dags/example_display_name.py
[2024-06-18T09:38:59.603+0000] {processor.py:840} INFO - DAG(s) 'example_display_name' retrieved from /home/airflow/.local/lib/python3.12/site-packages/airflow/example_dags/example_display_name.py
[2024-06-18T09:38:59.617+0000] {logging_mixin.py:188} INFO - [2024-06-18T09:38:59.617+0000] {dag.py:3096} INFO - Sync 1 DAGs
[2024-06-18T09:38:59.625+0000] {logging_mixin.py:188} INFO - [2024-06-18T09:38:59.625+0000] {dag.py:3954} INFO - Setting next_dagrun for example_display_name to None, run_after=None
[2024-06-18T09:38:59.637+0000] {processor.py:183} INFO - Processing /home/airflow/.local/lib/python3.12/site-packages/airflow/example_dags/example_display_name.py took 0.044 seconds
[2024-06-18T09:39:29.788+0000] {processor.py:161} INFO - Started process (PID=3808) to work on /home/airflow/.local/lib/python3.12/site-packages/airflow/example_dags/example_display_name.py
[2024-06-18T09:39:29.789+0000] {processor.py:830} INFO - Processing file /home/airflow/.local/lib/python3.12/site-packages/airflow/example_dags/example_display_name.py for tasks to queue
[2024-06-18T09:39:29.789+0000] {logging_mixin.py:188} INFO - [2024-06-18T09:39:29.789+0000] {dagbag.py:545} INFO - Filling up the DagBag from /home/airflow/.local/lib/python3.12/site-packages/airflow/example_dags/example_display_name.py
[2024-06-18T09:39:29.793+0000] {processor.py:840} INFO - DAG(s) 'example_display_name' retrieved from /home/airflow/.local/lib/python3.12/site-packages/airflow/example_dags/example_display_name.py
[2024-06-18T09:39:29.804+0000] {logging_mixin.py:188} INFO - [2024-06-18T09:39:29.804+0000] {dag.py:3096} INFO - Sync 1 DAGs
[2024-06-18T09:39:29.812+0000] {logging_mixin.py:188} INFO - [2024-06-18T09:39:29.812+0000] {dag.py:3954} INFO - Setting next_dagrun for example_display_name to None, run_after=None
[2024-06-18T09:39:29.823+0000] {processor.py:183} INFO - Processing /home/airflow/.local/lib/python3.12/site-packages/airflow/example_dags/example_display_name.py took 0.039 seconds
[2024-06-18T09:39:59.990+0000] {processor.py:161} INFO - Started process (PID=4070) to work on /home/airflow/.local/lib/python3.12/site-packages/airflow/example_dags/example_display_name.py
[2024-06-18T09:39:59.990+0000] {processor.py:830} INFO - Processing file /home/airflow/.local/lib/python3.12/site-packages/airflow/example_dags/example_display_name.py for tasks to queue
[2024-06-18T09:39:59.991+0000] {logging_mixin.py:188} INFO - [2024-06-18T09:39:59.991+0000] {dagbag.py:545} INFO - Filling up the DagBag from /home/airflow/.local/lib/python3.12/site-packages/airflow/example_dags/example_display_name.py
[2024-06-18T09:39:59.995+0000] {processor.py:840} INFO - DAG(s) 'example_display_name' retrieved from /home/airflow/.local/lib/python3.12/site-packages/airflow/example_dags/example_display_name.py
[2024-06-18T09:40:00.007+0000] {logging_mixin.py:188} INFO - [2024-06-18T09:40:00.007+0000] {dag.py:3096} INFO - Sync 1 DAGs
[2024-06-18T09:40:00.015+0000] {logging_mixin.py:188} INFO - [2024-06-18T09:40:00.015+0000] {dag.py:3954} INFO - Setting next_dagrun for example_display_name to None, run_after=None
[2024-06-18T09:40:00.027+0000] {processor.py:183} INFO - Processing /home/airflow/.local/lib/python3.12/site-packages/airflow/example_dags/example_display_name.py took 0.041 seconds
[2024-06-18T09:40:30.260+0000] {processor.py:161} INFO - Started process (PID=4332) to work on /home/airflow/.local/lib/python3.12/site-packages/airflow/example_dags/example_display_name.py
[2024-06-18T09:40:30.261+0000] {processor.py:830} INFO - Processing file /home/airflow/.local/lib/python3.12/site-packages/airflow/example_dags/example_display_name.py for tasks to queue
[2024-06-18T09:40:30.262+0000] {logging_mixin.py:188} INFO - [2024-06-18T09:40:30.262+0000] {dagbag.py:545} INFO - Filling up the DagBag from /home/airflow/.local/lib/python3.12/site-packages/airflow/example_dags/example_display_name.py
[2024-06-18T09:40:30.265+0000] {processor.py:840} INFO - DAG(s) 'example_display_name' retrieved from /home/airflow/.local/lib/python3.12/site-packages/airflow/example_dags/example_display_name.py
[2024-06-18T09:40:30.277+0000] {logging_mixin.py:188} INFO - [2024-06-18T09:40:30.276+0000] {dag.py:3096} INFO - Sync 1 DAGs
[2024-06-18T09:40:30.284+0000] {logging_mixin.py:188} INFO - [2024-06-18T09:40:30.284+0000] {dag.py:3954} INFO - Setting next_dagrun for example_display_name to None, run_after=None
[2024-06-18T09:40:30.296+0000] {processor.py:183} INFO - Processing /home/airflow/.local/lib/python3.12/site-packages/airflow/example_dags/example_display_name.py took 0.040 seconds
[2024-06-18T09:41:01.264+0000] {processor.py:161} INFO - Started process (PID=4594) to work on /home/airflow/.local/lib/python3.12/site-packages/airflow/example_dags/example_display_name.py
[2024-06-18T09:41:01.264+0000] {processor.py:830} INFO - Processing file /home/airflow/.local/lib/python3.12/site-packages/airflow/example_dags/example_display_name.py for tasks to queue
[2024-06-18T09:41:01.265+0000] {logging_mixin.py:188} INFO - [2024-06-18T09:41:01.265+0000] {dagbag.py:545} INFO - Filling up the DagBag from /home/airflow/.local/lib/python3.12/site-packages/airflow/example_dags/example_display_name.py
[2024-06-18T09:41:01.269+0000] {processor.py:840} INFO - DAG(s) 'example_display_name' retrieved from /home/airflow/.local/lib/python3.12/site-packages/airflow/example_dags/example_display_name.py
[2024-06-18T09:41:01.280+0000] {logging_mixin.py:188} INFO - [2024-06-18T09:41:01.280+0000] {dag.py:3096} INFO - Sync 1 DAGs
[2024-06-18T09:41:01.287+0000] {logging_mixin.py:188} INFO - [2024-06-18T09:41:01.287+0000] {dag.py:3954} INFO - Setting next_dagrun for example_display_name to None, run_after=None
[2024-06-18T09:41:01.299+0000] {processor.py:183} INFO - Processing /home/airflow/.local/lib/python3.12/site-packages/airflow/example_dags/example_display_name.py took 0.038 seconds
[2024-06-18T09:41:32.038+0000] {processor.py:161} INFO - Started process (PID=4856) to work on /home/airflow/.local/lib/python3.12/site-packages/airflow/example_dags/example_display_name.py
[2024-06-18T09:41:32.039+0000] {processor.py:830} INFO - Processing file /home/airflow/.local/lib/python3.12/site-packages/airflow/example_dags/example_display_name.py for tasks to queue
[2024-06-18T09:41:32.040+0000] {logging_mixin.py:188} INFO - [2024-06-18T09:41:32.040+0000] {dagbag.py:545} INFO - Filling up the DagBag from /home/airflow/.local/lib/python3.12/site-packages/airflow/example_dags/example_display_name.py
[2024-06-18T09:41:32.042+0000] {processor.py:840} INFO - DAG(s) 'example_display_name' retrieved from /home/airflow/.local/lib/python3.12/site-packages/airflow/example_dags/example_display_name.py
[2024-06-18T09:41:32.052+0000] {logging_mixin.py:188} INFO - [2024-06-18T09:41:32.052+0000] {dag.py:3096} INFO - Sync 1 DAGs
[2024-06-18T09:41:32.058+0000] {logging_mixin.py:188} INFO - [2024-06-18T09:41:32.058+0000] {dag.py:3954} INFO - Setting next_dagrun for example_display_name to None, run_after=None
[2024-06-18T09:41:32.071+0000] {processor.py:183} INFO - Processing /home/airflow/.local/lib/python3.12/site-packages/airflow/example_dags/example_display_name.py took 0.035 seconds
[2024-06-18T09:42:02.810+0000] {processor.py:161} INFO - Started process (PID=5118) to work on /home/airflow/.local/lib/python3.12/site-packages/airflow/example_dags/example_display_name.py
[2024-06-18T09:42:02.811+0000] {processor.py:830} INFO - Processing file /home/airflow/.local/lib/python3.12/site-packages/airflow/example_dags/example_display_name.py for tasks to queue
[2024-06-18T09:42:02.811+0000] {logging_mixin.py:188} INFO - [2024-06-18T09:42:02.811+0000] {dagbag.py:545} INFO - Filling up the DagBag from /home/airflow/.local/lib/python3.12/site-packages/airflow/example_dags/example_display_name.py
[2024-06-18T09:42:02.814+0000] {processor.py:840} INFO - DAG(s) 'example_display_name' retrieved from /home/airflow/.local/lib/python3.12/site-packages/airflow/example_dags/example_display_name.py
[2024-06-18T09:42:02.825+0000] {logging_mixin.py:188} INFO - [2024-06-18T09:42:02.825+0000] {dag.py:3096} INFO - Sync 1 DAGs
[2024-06-18T09:42:02.832+0000] {logging_mixin.py:188} INFO - [2024-06-18T09:42:02.832+0000] {dag.py:3954} INFO - Setting next_dagrun for example_display_name to None, run_after=None
[2024-06-18T09:42:02.843+0000] {processor.py:183} INFO - Processing /home/airflow/.local/lib/python3.12/site-packages/airflow/example_dags/example_display_name.py took 0.036 seconds
[2024-06-18T09:42:33.541+0000] {processor.py:161} INFO - Started process (PID=5380) to work on /home/airflow/.local/lib/python3.12/site-packages/airflow/example_dags/example_display_name.py
[2024-06-18T09:42:33.541+0000] {processor.py:830} INFO - Processing file /home/airflow/.local/lib/python3.12/site-packages/airflow/example_dags/example_display_name.py for tasks to queue
[2024-06-18T09:42:33.542+0000] {logging_mixin.py:188} INFO - [2024-06-18T09:42:33.542+0000] {dagbag.py:545} INFO - Filling up the DagBag from /home/airflow/.local/lib/python3.12/site-packages/airflow/example_dags/example_display_name.py
[2024-06-18T09:42:33.545+0000] {processor.py:840} INFO - DAG(s) 'example_display_name' retrieved from /home/airflow/.local/lib/python3.12/site-packages/airflow/example_dags/example_display_name.py
[2024-06-18T09:42:33.556+0000] {logging_mixin.py:188} INFO - [2024-06-18T09:42:33.556+0000] {dag.py:3096} INFO - Sync 1 DAGs
[2024-06-18T09:42:33.562+0000] {logging_mixin.py:188} INFO - [2024-06-18T09:42:33.562+0000] {dag.py:3954} INFO - Setting next_dagrun for example_display_name to None, run_after=None
[2024-06-18T09:42:33.575+0000] {processor.py:183} INFO - Processing /home/airflow/.local/lib/python3.12/site-packages/airflow/example_dags/example_display_name.py took 0.037 seconds
[2024-06-18T09:43:04.509+0000] {processor.py:161} INFO - Started process (PID=5642) to work on /home/airflow/.local/lib/python3.12/site-packages/airflow/example_dags/example_display_name.py
[2024-06-18T09:43:04.510+0000] {processor.py:830} INFO - Processing file /home/airflow/.local/lib/python3.12/site-packages/airflow/example_dags/example_display_name.py for tasks to queue
[2024-06-18T09:43:04.511+0000] {logging_mixin.py:188} INFO - [2024-06-18T09:43:04.511+0000] {dagbag.py:545} INFO - Filling up the DagBag from /home/airflow/.local/lib/python3.12/site-packages/airflow/example_dags/example_display_name.py
[2024-06-18T09:43:04.515+0000] {processor.py:840} INFO - DAG(s) 'example_display_name' retrieved from /home/airflow/.local/lib/python3.12/site-packages/airflow/example_dags/example_display_name.py
[2024-06-18T09:43:04.530+0000] {logging_mixin.py:188} INFO - [2024-06-18T09:43:04.529+0000] {dag.py:3096} INFO - Sync 1 DAGs
[2024-06-18T09:43:04.539+0000] {logging_mixin.py:188} INFO - [2024-06-18T09:43:04.538+0000] {dag.py:3954} INFO - Setting next_dagrun for example_display_name to None, run_after=None
[2024-06-18T09:43:04.553+0000] {processor.py:183} INFO - Processing /home/airflow/.local/lib/python3.12/site-packages/airflow/example_dags/example_display_name.py took 0.046 seconds
[2024-06-18T09:43:34.661+0000] {processor.py:161} INFO - Started process (PID=5904) to work on /home/airflow/.local/lib/python3.12/site-packages/airflow/example_dags/example_display_name.py
[2024-06-18T09:43:34.662+0000] {processor.py:830} INFO - Processing file /home/airflow/.local/lib/python3.12/site-packages/airflow/example_dags/example_display_name.py for tasks to queue
[2024-06-18T09:43:34.663+0000] {logging_mixin.py:188} INFO - [2024-06-18T09:43:34.663+0000] {dagbag.py:545} INFO - Filling up the DagBag from /home/airflow/.local/lib/python3.12/site-packages/airflow/example_dags/example_display_name.py
[2024-06-18T09:43:34.667+0000] {processor.py:840} INFO - DAG(s) 'example_display_name' retrieved from /home/airflow/.local/lib/python3.12/site-packages/airflow/example_dags/example_display_name.py
[2024-06-18T09:43:34.681+0000] {logging_mixin.py:188} INFO - [2024-06-18T09:43:34.681+0000] {dag.py:3096} INFO - Sync 1 DAGs
[2024-06-18T09:43:34.688+0000] {logging_mixin.py:188} INFO - [2024-06-18T09:43:34.688+0000] {dag.py:3954} INFO - Setting next_dagrun for example_display_name to None, run_after=None
[2024-06-18T09:43:34.709+0000] {processor.py:183} INFO - Processing /home/airflow/.local/lib/python3.12/site-packages/airflow/example_dags/example_display_name.py took 0.051 seconds
[2024-06-18T09:44:04.744+0000] {processor.py:161} INFO - Started process (PID=6166) to work on /home/airflow/.local/lib/python3.12/site-packages/airflow/example_dags/example_display_name.py
[2024-06-18T09:44:04.745+0000] {processor.py:830} INFO - Processing file /home/airflow/.local/lib/python3.12/site-packages/airflow/example_dags/example_display_name.py for tasks to queue
[2024-06-18T09:44:04.746+0000] {logging_mixin.py:188} INFO - [2024-06-18T09:44:04.745+0000] {dagbag.py:545} INFO - Filling up the DagBag from /home/airflow/.local/lib/python3.12/site-packages/airflow/example_dags/example_display_name.py
[2024-06-18T09:44:04.749+0000] {processor.py:840} INFO - DAG(s) 'example_display_name' retrieved from /home/airflow/.local/lib/python3.12/site-packages/airflow/example_dags/example_display_name.py
[2024-06-18T09:44:04.760+0000] {logging_mixin.py:188} INFO - [2024-06-18T09:44:04.759+0000] {dag.py:3096} INFO - Sync 1 DAGs
[2024-06-18T09:44:04.769+0000] {logging_mixin.py:188} INFO - [2024-06-18T09:44:04.769+0000] {dag.py:3954} INFO - Setting next_dagrun for example_display_name to None, run_after=None
[2024-06-18T09:44:04.783+0000] {processor.py:183} INFO - Processing /home/airflow/.local/lib/python3.12/site-packages/airflow/example_dags/example_display_name.py took 0.042 seconds
[2024-06-18T09:44:35.561+0000] {processor.py:161} INFO - Started process (PID=6430) to work on /home/airflow/.local/lib/python3.12/site-packages/airflow/example_dags/example_display_name.py
[2024-06-18T09:44:35.562+0000] {processor.py:830} INFO - Processing file /home/airflow/.local/lib/python3.12/site-packages/airflow/example_dags/example_display_name.py for tasks to queue
[2024-06-18T09:44:35.563+0000] {logging_mixin.py:188} INFO - [2024-06-18T09:44:35.563+0000] {dagbag.py:545} INFO - Filling up the DagBag from /home/airflow/.local/lib/python3.12/site-packages/airflow/example_dags/example_display_name.py
[2024-06-18T09:44:35.566+0000] {processor.py:840} INFO - DAG(s) 'example_display_name' retrieved from /home/airflow/.local/lib/python3.12/site-packages/airflow/example_dags/example_display_name.py
[2024-06-18T09:44:35.577+0000] {logging_mixin.py:188} INFO - [2024-06-18T09:44:35.577+0000] {dag.py:3096} INFO - Sync 1 DAGs
[2024-06-18T09:44:35.584+0000] {logging_mixin.py:188} INFO - [2024-06-18T09:44:35.584+0000] {dag.py:3954} INFO - Setting next_dagrun for example_display_name to None, run_after=None
[2024-06-18T09:44:35.595+0000] {processor.py:183} INFO - Processing /home/airflow/.local/lib/python3.12/site-packages/airflow/example_dags/example_display_name.py took 0.036 seconds
[2024-06-18T09:45:05.708+0000] {processor.py:161} INFO - Started process (PID=6689) to work on /home/airflow/.local/lib/python3.12/site-packages/airflow/example_dags/example_display_name.py
[2024-06-18T09:45:05.709+0000] {processor.py:830} INFO - Processing file /home/airflow/.local/lib/python3.12/site-packages/airflow/example_dags/example_display_name.py for tasks to queue
[2024-06-18T09:45:05.710+0000] {logging_mixin.py:188} INFO - [2024-06-18T09:45:05.710+0000] {dagbag.py:545} INFO - Filling up the DagBag from /home/airflow/.local/lib/python3.12/site-packages/airflow/example_dags/example_display_name.py
[2024-06-18T09:45:05.714+0000] {processor.py:840} INFO - DAG(s) 'example_display_name' retrieved from /home/airflow/.local/lib/python3.12/site-packages/airflow/example_dags/example_display_name.py
[2024-06-18T09:45:05.727+0000] {logging_mixin.py:188} INFO - [2024-06-18T09:45:05.727+0000] {dag.py:3096} INFO - Sync 1 DAGs
[2024-06-18T09:45:05.737+0000] {logging_mixin.py:188} INFO - [2024-06-18T09:45:05.737+0000] {dag.py:3954} INFO - Setting next_dagrun for example_display_name to None, run_after=None
[2024-06-18T09:45:05.747+0000] {processor.py:183} INFO - Processing /home/airflow/.local/lib/python3.12/site-packages/airflow/example_dags/example_display_name.py took 0.042 seconds
[2024-06-18T09:45:35.915+0000] {processor.py:161} INFO - Started process (PID=6951) to work on /home/airflow/.local/lib/python3.12/site-packages/airflow/example_dags/example_display_name.py
[2024-06-18T09:45:35.915+0000] {processor.py:830} INFO - Processing file /home/airflow/.local/lib/python3.12/site-packages/airflow/example_dags/example_display_name.py for tasks to queue
[2024-06-18T09:45:35.916+0000] {logging_mixin.py:188} INFO - [2024-06-18T09:45:35.916+0000] {dagbag.py:545} INFO - Filling up the DagBag from /home/airflow/.local/lib/python3.12/site-packages/airflow/example_dags/example_display_name.py
[2024-06-18T09:45:35.919+0000] {processor.py:840} INFO - DAG(s) 'example_display_name' retrieved from /home/airflow/.local/lib/python3.12/site-packages/airflow/example_dags/example_display_name.py
[2024-06-18T09:45:35.931+0000] {logging_mixin.py:188} INFO - [2024-06-18T09:45:35.931+0000] {dag.py:3096} INFO - Sync 1 DAGs
[2024-06-18T09:45:35.938+0000] {logging_mixin.py:188} INFO - [2024-06-18T09:45:35.938+0000] {dag.py:3954} INFO - Setting next_dagrun for example_display_name to None, run_after=None
[2024-06-18T09:45:35.948+0000] {processor.py:183} INFO - Processing /home/airflow/.local/lib/python3.12/site-packages/airflow/example_dags/example_display_name.py took 0.037 seconds
[2024-06-18T09:46:06.051+0000] {processor.py:161} INFO - Started process (PID=7215) to work on /home/airflow/.local/lib/python3.12/site-packages/airflow/example_dags/example_display_name.py
[2024-06-18T09:46:06.052+0000] {processor.py:830} INFO - Processing file /home/airflow/.local/lib/python3.12/site-packages/airflow/example_dags/example_display_name.py for tasks to queue
[2024-06-18T09:46:06.053+0000] {logging_mixin.py:188} INFO - [2024-06-18T09:46:06.052+0000] {dagbag.py:545} INFO - Filling up the DagBag from /home/airflow/.local/lib/python3.12/site-packages/airflow/example_dags/example_display_name.py
[2024-06-18T09:46:06.055+0000] {processor.py:840} INFO - DAG(s) 'example_display_name' retrieved from /home/airflow/.local/lib/python3.12/site-packages/airflow/example_dags/example_display_name.py
[2024-06-18T09:46:06.065+0000] {logging_mixin.py:188} INFO - [2024-06-18T09:46:06.065+0000] {dag.py:3096} INFO - Sync 1 DAGs
[2024-06-18T09:46:06.072+0000] {logging_mixin.py:188} INFO - [2024-06-18T09:46:06.072+0000] {dag.py:3954} INFO - Setting next_dagrun for example_display_name to None, run_after=None
[2024-06-18T09:46:06.083+0000] {processor.py:183} INFO - Processing /home/airflow/.local/lib/python3.12/site-packages/airflow/example_dags/example_display_name.py took 0.034 seconds
[2024-06-18T09:46:36.188+0000] {processor.py:161} INFO - Started process (PID=7475) to work on /home/airflow/.local/lib/python3.12/site-packages/airflow/example_dags/example_display_name.py
[2024-06-18T09:46:36.189+0000] {processor.py:830} INFO - Processing file /home/airflow/.local/lib/python3.12/site-packages/airflow/example_dags/example_display_name.py for tasks to queue
[2024-06-18T09:46:36.189+0000] {logging_mixin.py:188} INFO - [2024-06-18T09:46:36.189+0000] {dagbag.py:545} INFO - Filling up the DagBag from /home/airflow/.local/lib/python3.12/site-packages/airflow/example_dags/example_display_name.py
[2024-06-18T09:46:36.192+0000] {processor.py:840} INFO - DAG(s) 'example_display_name' retrieved from /home/airflow/.local/lib/python3.12/site-packages/airflow/example_dags/example_display_name.py
[2024-06-18T09:46:36.204+0000] {logging_mixin.py:188} INFO - [2024-06-18T09:46:36.204+0000] {dag.py:3096} INFO - Sync 1 DAGs
[2024-06-18T09:46:36.211+0000] {logging_mixin.py:188} INFO - [2024-06-18T09:46:36.211+0000] {dag.py:3954} INFO - Setting next_dagrun for example_display_name to None, run_after=None
[2024-06-18T09:46:36.222+0000] {processor.py:183} INFO - Processing /home/airflow/.local/lib/python3.12/site-packages/airflow/example_dags/example_display_name.py took 0.037 seconds
[2024-06-18T09:47:07.188+0000] {processor.py:161} INFO - Started process (PID=7737) to work on /home/airflow/.local/lib/python3.12/site-packages/airflow/example_dags/example_display_name.py
[2024-06-18T09:47:07.189+0000] {processor.py:830} INFO - Processing file /home/airflow/.local/lib/python3.12/site-packages/airflow/example_dags/example_display_name.py for tasks to queue
[2024-06-18T09:47:07.189+0000] {logging_mixin.py:188} INFO - [2024-06-18T09:47:07.189+0000] {dagbag.py:545} INFO - Filling up the DagBag from /home/airflow/.local/lib/python3.12/site-packages/airflow/example_dags/example_display_name.py
[2024-06-18T09:47:07.192+0000] {processor.py:840} INFO - DAG(s) 'example_display_name' retrieved from /home/airflow/.local/lib/python3.12/site-packages/airflow/example_dags/example_display_name.py
[2024-06-18T09:47:07.203+0000] {logging_mixin.py:188} INFO - [2024-06-18T09:47:07.203+0000] {dag.py:3096} INFO - Sync 1 DAGs
[2024-06-18T09:47:07.210+0000] {logging_mixin.py:188} INFO - [2024-06-18T09:47:07.210+0000] {dag.py:3954} INFO - Setting next_dagrun for example_display_name to None, run_after=None
[2024-06-18T09:47:07.220+0000] {processor.py:183} INFO - Processing /home/airflow/.local/lib/python3.12/site-packages/airflow/example_dags/example_display_name.py took 0.036 seconds
[2024-06-18T09:47:37.953+0000] {processor.py:161} INFO - Started process (PID=7999) to work on /home/airflow/.local/lib/python3.12/site-packages/airflow/example_dags/example_display_name.py
[2024-06-18T09:47:37.954+0000] {processor.py:830} INFO - Processing file /home/airflow/.local/lib/python3.12/site-packages/airflow/example_dags/example_display_name.py for tasks to queue
[2024-06-18T09:47:37.955+0000] {logging_mixin.py:188} INFO - [2024-06-18T09:47:37.955+0000] {dagbag.py:545} INFO - Filling up the DagBag from /home/airflow/.local/lib/python3.12/site-packages/airflow/example_dags/example_display_name.py
[2024-06-18T09:47:37.958+0000] {processor.py:840} INFO - DAG(s) 'example_display_name' retrieved from /home/airflow/.local/lib/python3.12/site-packages/airflow/example_dags/example_display_name.py
[2024-06-18T09:47:37.969+0000] {logging_mixin.py:188} INFO - [2024-06-18T09:47:37.969+0000] {dag.py:3096} INFO - Sync 1 DAGs
[2024-06-18T09:47:37.977+0000] {logging_mixin.py:188} INFO - [2024-06-18T09:47:37.977+0000] {dag.py:3954} INFO - Setting next_dagrun for example_display_name to None, run_after=None
[2024-06-18T09:47:37.988+0000] {processor.py:183} INFO - Processing /home/airflow/.local/lib/python3.12/site-packages/airflow/example_dags/example_display_name.py took 0.038 seconds
[2024-06-18T09:48:08.776+0000] {processor.py:161} INFO - Started process (PID=8261) to work on /home/airflow/.local/lib/python3.12/site-packages/airflow/example_dags/example_display_name.py
[2024-06-18T09:48:08.776+0000] {processor.py:830} INFO - Processing file /home/airflow/.local/lib/python3.12/site-packages/airflow/example_dags/example_display_name.py for tasks to queue
[2024-06-18T09:48:08.777+0000] {logging_mixin.py:188} INFO - [2024-06-18T09:48:08.777+0000] {dagbag.py:545} INFO - Filling up the DagBag from /home/airflow/.local/lib/python3.12/site-packages/airflow/example_dags/example_display_name.py
[2024-06-18T09:48:08.780+0000] {processor.py:840} INFO - DAG(s) 'example_display_name' retrieved from /home/airflow/.local/lib/python3.12/site-packages/airflow/example_dags/example_display_name.py
[2024-06-18T09:48:08.791+0000] {logging_mixin.py:188} INFO - [2024-06-18T09:48:08.791+0000] {dag.py:3096} INFO - Sync 1 DAGs
[2024-06-18T09:48:08.798+0000] {logging_mixin.py:188} INFO - [2024-06-18T09:48:08.798+0000] {dag.py:3954} INFO - Setting next_dagrun for example_display_name to None, run_after=None
[2024-06-18T09:48:08.809+0000] {processor.py:183} INFO - Processing /home/airflow/.local/lib/python3.12/site-packages/airflow/example_dags/example_display_name.py took 0.036 seconds
[2024-06-18T09:48:39.496+0000] {processor.py:161} INFO - Started process (PID=8524) to work on /home/airflow/.local/lib/python3.12/site-packages/airflow/example_dags/example_display_name.py
[2024-06-18T09:48:39.496+0000] {processor.py:830} INFO - Processing file /home/airflow/.local/lib/python3.12/site-packages/airflow/example_dags/example_display_name.py for tasks to queue
[2024-06-18T09:48:39.497+0000] {logging_mixin.py:188} INFO - [2024-06-18T09:48:39.497+0000] {dagbag.py:545} INFO - Filling up the DagBag from /home/airflow/.local/lib/python3.12/site-packages/airflow/example_dags/example_display_name.py
[2024-06-18T09:48:39.500+0000] {processor.py:840} INFO - DAG(s) 'example_display_name' retrieved from /home/airflow/.local/lib/python3.12/site-packages/airflow/example_dags/example_display_name.py
[2024-06-18T09:48:39.510+0000] {logging_mixin.py:188} INFO - [2024-06-18T09:48:39.510+0000] {dag.py:3096} INFO - Sync 1 DAGs
[2024-06-18T09:48:39.517+0000] {logging_mixin.py:188} INFO - [2024-06-18T09:48:39.517+0000] {dag.py:3954} INFO - Setting next_dagrun for example_display_name to None, run_after=None
[2024-06-18T09:48:39.528+0000] {processor.py:183} INFO - Processing /home/airflow/.local/lib/python3.12/site-packages/airflow/example_dags/example_display_name.py took 0.036 seconds
[2024-06-18T09:49:10.335+0000] {processor.py:161} INFO - Started process (PID=8785) to work on /home/airflow/.local/lib/python3.12/site-packages/airflow/example_dags/example_display_name.py
[2024-06-18T09:49:10.336+0000] {processor.py:830} INFO - Processing file /home/airflow/.local/lib/python3.12/site-packages/airflow/example_dags/example_display_name.py for tasks to queue
[2024-06-18T09:49:10.336+0000] {logging_mixin.py:188} INFO - [2024-06-18T09:49:10.336+0000] {dagbag.py:545} INFO - Filling up the DagBag from /home/airflow/.local/lib/python3.12/site-packages/airflow/example_dags/example_display_name.py
[2024-06-18T09:49:10.340+0000] {processor.py:840} INFO - DAG(s) 'example_display_name' retrieved from /home/airflow/.local/lib/python3.12/site-packages/airflow/example_dags/example_display_name.py
[2024-06-18T09:49:10.351+0000] {logging_mixin.py:188} INFO - [2024-06-18T09:49:10.350+0000] {dag.py:3096} INFO - Sync 1 DAGs
[2024-06-18T09:49:10.358+0000] {logging_mixin.py:188} INFO - [2024-06-18T09:49:10.358+0000] {dag.py:3954} INFO - Setting next_dagrun for example_display_name to None, run_after=None
[2024-06-18T09:49:10.369+0000] {processor.py:183} INFO - Processing /home/airflow/.local/lib/python3.12/site-packages/airflow/example_dags/example_display_name.py took 0.038 seconds
[2024-06-18T09:49:40.584+0000] {processor.py:161} INFO - Started process (PID=9047) to work on /home/airflow/.local/lib/python3.12/site-packages/airflow/example_dags/example_display_name.py
[2024-06-18T09:49:40.585+0000] {processor.py:830} INFO - Processing file /home/airflow/.local/lib/python3.12/site-packages/airflow/example_dags/example_display_name.py for tasks to queue
[2024-06-18T09:49:40.586+0000] {logging_mixin.py:188} INFO - [2024-06-18T09:49:40.586+0000] {dagbag.py:545} INFO - Filling up the DagBag from /home/airflow/.local/lib/python3.12/site-packages/airflow/example_dags/example_display_name.py
[2024-06-18T09:49:40.589+0000] {processor.py:840} INFO - DAG(s) 'example_display_name' retrieved from /home/airflow/.local/lib/python3.12/site-packages/airflow/example_dags/example_display_name.py
[2024-06-18T09:49:40.600+0000] {logging_mixin.py:188} INFO - [2024-06-18T09:49:40.600+0000] {dag.py:3096} INFO - Sync 1 DAGs
[2024-06-18T09:49:40.608+0000] {logging_mixin.py:188} INFO - [2024-06-18T09:49:40.608+0000] {dag.py:3954} INFO - Setting next_dagrun for example_display_name to None, run_after=None
[2024-06-18T09:49:40.619+0000] {processor.py:183} INFO - Processing /home/airflow/.local/lib/python3.12/site-packages/airflow/example_dags/example_display_name.py took 0.038 seconds
[2024-06-18T09:50:10.768+0000] {processor.py:161} INFO - Started process (PID=9309) to work on /home/airflow/.local/lib/python3.12/site-packages/airflow/example_dags/example_display_name.py
[2024-06-18T09:50:10.768+0000] {processor.py:830} INFO - Processing file /home/airflow/.local/lib/python3.12/site-packages/airflow/example_dags/example_display_name.py for tasks to queue
[2024-06-18T09:50:10.769+0000] {logging_mixin.py:188} INFO - [2024-06-18T09:50:10.769+0000] {dagbag.py:545} INFO - Filling up the DagBag from /home/airflow/.local/lib/python3.12/site-packages/airflow/example_dags/example_display_name.py
[2024-06-18T09:50:10.772+0000] {processor.py:840} INFO - DAG(s) 'example_display_name' retrieved from /home/airflow/.local/lib/python3.12/site-packages/airflow/example_dags/example_display_name.py
[2024-06-18T09:50:10.784+0000] {logging_mixin.py:188} INFO - [2024-06-18T09:50:10.784+0000] {dag.py:3096} INFO - Sync 1 DAGs
[2024-06-18T09:50:10.791+0000] {logging_mixin.py:188} INFO - [2024-06-18T09:50:10.791+0000] {dag.py:3954} INFO - Setting next_dagrun for example_display_name to None, run_after=None
[2024-06-18T09:50:10.801+0000] {processor.py:183} INFO - Processing /home/airflow/.local/lib/python3.12/site-packages/airflow/example_dags/example_display_name.py took 0.036 seconds
[2024-06-18T09:50:41.098+0000] {processor.py:161} INFO - Started process (PID=9571) to work on /home/airflow/.local/lib/python3.12/site-packages/airflow/example_dags/example_display_name.py
[2024-06-18T09:50:41.099+0000] {processor.py:830} INFO - Processing file /home/airflow/.local/lib/python3.12/site-packages/airflow/example_dags/example_display_name.py for tasks to queue
[2024-06-18T09:50:41.099+0000] {logging_mixin.py:188} INFO - [2024-06-18T09:50:41.099+0000] {dagbag.py:545} INFO - Filling up the DagBag from /home/airflow/.local/lib/python3.12/site-packages/airflow/example_dags/example_display_name.py
[2024-06-18T09:50:41.102+0000] {processor.py:840} INFO - DAG(s) 'example_display_name' retrieved from /home/airflow/.local/lib/python3.12/site-packages/airflow/example_dags/example_display_name.py
[2024-06-18T09:50:41.114+0000] {logging_mixin.py:188} INFO - [2024-06-18T09:50:41.114+0000] {dag.py:3096} INFO - Sync 1 DAGs
[2024-06-18T09:50:41.122+0000] {logging_mixin.py:188} INFO - [2024-06-18T09:50:41.122+0000] {dag.py:3954} INFO - Setting next_dagrun for example_display_name to None, run_after=None
[2024-06-18T09:50:41.133+0000] {processor.py:183} INFO - Processing /home/airflow/.local/lib/python3.12/site-packages/airflow/example_dags/example_display_name.py took 0.038 seconds
[2024-06-18T09:51:11.475+0000] {processor.py:161} INFO - Started process (PID=9833) to work on /home/airflow/.local/lib/python3.12/site-packages/airflow/example_dags/example_display_name.py
[2024-06-18T09:51:11.476+0000] {processor.py:830} INFO - Processing file /home/airflow/.local/lib/python3.12/site-packages/airflow/example_dags/example_display_name.py for tasks to queue
[2024-06-18T09:51:11.477+0000] {logging_mixin.py:188} INFO - [2024-06-18T09:51:11.477+0000] {dagbag.py:545} INFO - Filling up the DagBag from /home/airflow/.local/lib/python3.12/site-packages/airflow/example_dags/example_display_name.py
[2024-06-18T09:51:11.480+0000] {processor.py:840} INFO - DAG(s) 'example_display_name' retrieved from /home/airflow/.local/lib/python3.12/site-packages/airflow/example_dags/example_display_name.py
[2024-06-18T09:51:11.491+0000] {logging_mixin.py:188} INFO - [2024-06-18T09:51:11.491+0000] {dag.py:3096} INFO - Sync 1 DAGs
[2024-06-18T09:51:11.500+0000] {logging_mixin.py:188} INFO - [2024-06-18T09:51:11.499+0000] {dag.py:3954} INFO - Setting next_dagrun for example_display_name to None, run_after=None
[2024-06-18T09:51:11.511+0000] {processor.py:183} INFO - Processing /home/airflow/.local/lib/python3.12/site-packages/airflow/example_dags/example_display_name.py took 0.039 seconds
[2024-06-18T09:51:42.074+0000] {processor.py:161} INFO - Started process (PID=10097) to work on /home/airflow/.local/lib/python3.12/site-packages/airflow/example_dags/example_display_name.py
[2024-06-18T09:51:42.075+0000] {processor.py:830} INFO - Processing file /home/airflow/.local/lib/python3.12/site-packages/airflow/example_dags/example_display_name.py for tasks to queue
[2024-06-18T09:51:42.076+0000] {logging_mixin.py:188} INFO - [2024-06-18T09:51:42.076+0000] {dagbag.py:545} INFO - Filling up the DagBag from /home/airflow/.local/lib/python3.12/site-packages/airflow/example_dags/example_display_name.py
[2024-06-18T09:51:42.081+0000] {processor.py:840} INFO - DAG(s) 'example_display_name' retrieved from /home/airflow/.local/lib/python3.12/site-packages/airflow/example_dags/example_display_name.py
[2024-06-18T09:51:42.097+0000] {logging_mixin.py:188} INFO - [2024-06-18T09:51:42.096+0000] {dag.py:3096} INFO - Sync 1 DAGs
[2024-06-18T09:51:42.108+0000] {logging_mixin.py:188} INFO - [2024-06-18T09:51:42.107+0000] {dag.py:3954} INFO - Setting next_dagrun for example_display_name to None, run_after=None
[2024-06-18T09:51:42.123+0000] {processor.py:183} INFO - Processing /home/airflow/.local/lib/python3.12/site-packages/airflow/example_dags/example_display_name.py took 0.055 seconds
[2024-06-18T09:52:12.338+0000] {processor.py:161} INFO - Started process (PID=10357) to work on /home/airflow/.local/lib/python3.12/site-packages/airflow/example_dags/example_display_name.py
[2024-06-18T09:52:12.339+0000] {processor.py:830} INFO - Processing file /home/airflow/.local/lib/python3.12/site-packages/airflow/example_dags/example_display_name.py for tasks to queue
[2024-06-18T09:52:12.339+0000] {logging_mixin.py:188} INFO - [2024-06-18T09:52:12.339+0000] {dagbag.py:545} INFO - Filling up the DagBag from /home/airflow/.local/lib/python3.12/site-packages/airflow/example_dags/example_display_name.py
[2024-06-18T09:52:12.342+0000] {processor.py:840} INFO - DAG(s) 'example_display_name' retrieved from /home/airflow/.local/lib/python3.12/site-packages/airflow/example_dags/example_display_name.py
[2024-06-18T09:52:12.354+0000] {logging_mixin.py:188} INFO - [2024-06-18T09:52:12.354+0000] {dag.py:3096} INFO - Sync 1 DAGs
[2024-06-18T09:52:12.361+0000] {logging_mixin.py:188} INFO - [2024-06-18T09:52:12.361+0000] {dag.py:3954} INFO - Setting next_dagrun for example_display_name to None, run_after=None
[2024-06-18T09:52:12.451+0000] {processor.py:183} INFO - Processing /home/airflow/.local/lib/python3.12/site-packages/airflow/example_dags/example_display_name.py took 0.116 seconds
[2024-06-18T09:52:42.543+0000] {processor.py:161} INFO - Started process (PID=10619) to work on /home/airflow/.local/lib/python3.12/site-packages/airflow/example_dags/example_display_name.py
[2024-06-18T09:52:42.543+0000] {processor.py:830} INFO - Processing file /home/airflow/.local/lib/python3.12/site-packages/airflow/example_dags/example_display_name.py for tasks to queue
[2024-06-18T09:52:42.544+0000] {logging_mixin.py:188} INFO - [2024-06-18T09:52:42.544+0000] {dagbag.py:545} INFO - Filling up the DagBag from /home/airflow/.local/lib/python3.12/site-packages/airflow/example_dags/example_display_name.py
[2024-06-18T09:52:42.547+0000] {processor.py:840} INFO - DAG(s) 'example_display_name' retrieved from /home/airflow/.local/lib/python3.12/site-packages/airflow/example_dags/example_display_name.py
[2024-06-18T09:52:42.558+0000] {logging_mixin.py:188} INFO - [2024-06-18T09:52:42.558+0000] {dag.py:3096} INFO - Sync 1 DAGs
[2024-06-18T09:52:42.564+0000] {logging_mixin.py:188} INFO - [2024-06-18T09:52:42.564+0000] {dag.py:3954} INFO - Setting next_dagrun for example_display_name to None, run_after=None
[2024-06-18T09:52:42.575+0000] {processor.py:183} INFO - Processing /home/airflow/.local/lib/python3.12/site-packages/airflow/example_dags/example_display_name.py took 0.035 seconds
[2024-06-18T09:53:13.348+0000] {processor.py:161} INFO - Started process (PID=10883) to work on /home/airflow/.local/lib/python3.12/site-packages/airflow/example_dags/example_display_name.py
[2024-06-18T09:53:13.349+0000] {processor.py:830} INFO - Processing file /home/airflow/.local/lib/python3.12/site-packages/airflow/example_dags/example_display_name.py for tasks to queue
[2024-06-18T09:53:13.350+0000] {logging_mixin.py:188} INFO - [2024-06-18T09:53:13.350+0000] {dagbag.py:545} INFO - Filling up the DagBag from /home/airflow/.local/lib/python3.12/site-packages/airflow/example_dags/example_display_name.py
[2024-06-18T09:53:13.355+0000] {processor.py:840} INFO - DAG(s) 'example_display_name' retrieved from /home/airflow/.local/lib/python3.12/site-packages/airflow/example_dags/example_display_name.py
[2024-06-18T09:53:13.373+0000] {logging_mixin.py:188} INFO - [2024-06-18T09:53:13.372+0000] {dag.py:3096} INFO - Sync 1 DAGs
[2024-06-18T09:53:13.386+0000] {logging_mixin.py:188} INFO - [2024-06-18T09:53:13.385+0000] {dag.py:3954} INFO - Setting next_dagrun for example_display_name to None, run_after=None
[2024-06-18T09:53:13.402+0000] {processor.py:183} INFO - Processing /home/airflow/.local/lib/python3.12/site-packages/airflow/example_dags/example_display_name.py took 0.060 seconds
[2024-06-18T09:53:44.372+0000] {processor.py:161} INFO - Started process (PID=11143) to work on /home/airflow/.local/lib/python3.12/site-packages/airflow/example_dags/example_display_name.py
[2024-06-18T09:53:44.372+0000] {processor.py:830} INFO - Processing file /home/airflow/.local/lib/python3.12/site-packages/airflow/example_dags/example_display_name.py for tasks to queue
[2024-06-18T09:53:44.373+0000] {logging_mixin.py:188} INFO - [2024-06-18T09:53:44.373+0000] {dagbag.py:545} INFO - Filling up the DagBag from /home/airflow/.local/lib/python3.12/site-packages/airflow/example_dags/example_display_name.py
[2024-06-18T09:53:44.376+0000] {processor.py:840} INFO - DAG(s) 'example_display_name' retrieved from /home/airflow/.local/lib/python3.12/site-packages/airflow/example_dags/example_display_name.py
[2024-06-18T09:53:44.387+0000] {logging_mixin.py:188} INFO - [2024-06-18T09:53:44.387+0000] {dag.py:3096} INFO - Sync 1 DAGs
[2024-06-18T09:53:44.395+0000] {logging_mixin.py:188} INFO - [2024-06-18T09:53:44.395+0000] {dag.py:3954} INFO - Setting next_dagrun for example_display_name to None, run_after=None
[2024-06-18T09:53:44.410+0000] {processor.py:183} INFO - Processing /home/airflow/.local/lib/python3.12/site-packages/airflow/example_dags/example_display_name.py took 0.042 seconds
[2024-06-18T09:54:14.451+0000] {processor.py:161} INFO - Started process (PID=11405) to work on /home/airflow/.local/lib/python3.12/site-packages/airflow/example_dags/example_display_name.py
[2024-06-18T09:54:14.452+0000] {processor.py:830} INFO - Processing file /home/airflow/.local/lib/python3.12/site-packages/airflow/example_dags/example_display_name.py for tasks to queue
[2024-06-18T09:54:14.453+0000] {logging_mixin.py:188} INFO - [2024-06-18T09:54:14.452+0000] {dagbag.py:545} INFO - Filling up the DagBag from /home/airflow/.local/lib/python3.12/site-packages/airflow/example_dags/example_display_name.py
[2024-06-18T09:54:14.456+0000] {processor.py:840} INFO - DAG(s) 'example_display_name' retrieved from /home/airflow/.local/lib/python3.12/site-packages/airflow/example_dags/example_display_name.py
[2024-06-18T09:54:14.466+0000] {logging_mixin.py:188} INFO - [2024-06-18T09:54:14.466+0000] {dag.py:3096} INFO - Sync 1 DAGs
[2024-06-18T09:54:14.473+0000] {logging_mixin.py:188} INFO - [2024-06-18T09:54:14.473+0000] {dag.py:3954} INFO - Setting next_dagrun for example_display_name to None, run_after=None
[2024-06-18T09:54:14.484+0000] {processor.py:183} INFO - Processing /home/airflow/.local/lib/python3.12/site-packages/airflow/example_dags/example_display_name.py took 0.036 seconds
[2024-06-18T09:54:44.604+0000] {processor.py:161} INFO - Started process (PID=11667) to work on /home/airflow/.local/lib/python3.12/site-packages/airflow/example_dags/example_display_name.py
[2024-06-18T09:54:44.605+0000] {processor.py:830} INFO - Processing file /home/airflow/.local/lib/python3.12/site-packages/airflow/example_dags/example_display_name.py for tasks to queue
[2024-06-18T09:54:44.607+0000] {logging_mixin.py:188} INFO - [2024-06-18T09:54:44.606+0000] {dagbag.py:545} INFO - Filling up the DagBag from /home/airflow/.local/lib/python3.12/site-packages/airflow/example_dags/example_display_name.py
[2024-06-18T09:54:44.613+0000] {processor.py:840} INFO - DAG(s) 'example_display_name' retrieved from /home/airflow/.local/lib/python3.12/site-packages/airflow/example_dags/example_display_name.py
[2024-06-18T09:54:44.632+0000] {logging_mixin.py:188} INFO - [2024-06-18T09:54:44.631+0000] {dag.py:3096} INFO - Sync 1 DAGs
[2024-06-18T09:54:44.645+0000] {logging_mixin.py:188} INFO - [2024-06-18T09:54:44.644+0000] {dag.py:3954} INFO - Setting next_dagrun for example_display_name to None, run_after=None
[2024-06-18T09:54:44.671+0000] {processor.py:183} INFO - Processing /home/airflow/.local/lib/python3.12/site-packages/airflow/example_dags/example_display_name.py took 0.073 seconds
[2024-06-18T09:55:14.771+0000] {processor.py:161} INFO - Started process (PID=11929) to work on /home/airflow/.local/lib/python3.12/site-packages/airflow/example_dags/example_display_name.py
[2024-06-18T09:55:14.771+0000] {processor.py:830} INFO - Processing file /home/airflow/.local/lib/python3.12/site-packages/airflow/example_dags/example_display_name.py for tasks to queue
[2024-06-18T09:55:14.772+0000] {logging_mixin.py:188} INFO - [2024-06-18T09:55:14.772+0000] {dagbag.py:545} INFO - Filling up the DagBag from /home/airflow/.local/lib/python3.12/site-packages/airflow/example_dags/example_display_name.py
[2024-06-18T09:55:14.775+0000] {processor.py:840} INFO - DAG(s) 'example_display_name' retrieved from /home/airflow/.local/lib/python3.12/site-packages/airflow/example_dags/example_display_name.py
[2024-06-18T09:55:14.788+0000] {logging_mixin.py:188} INFO - [2024-06-18T09:55:14.788+0000] {dag.py:3096} INFO - Sync 1 DAGs
[2024-06-18T09:55:14.798+0000] {logging_mixin.py:188} INFO - [2024-06-18T09:55:14.798+0000] {dag.py:3954} INFO - Setting next_dagrun for example_display_name to None, run_after=None
[2024-06-18T09:55:14.813+0000] {processor.py:183} INFO - Processing /home/airflow/.local/lib/python3.12/site-packages/airflow/example_dags/example_display_name.py took 0.046 seconds
[2024-06-18T09:55:45.773+0000] {processor.py:161} INFO - Started process (PID=12191) to work on /home/airflow/.local/lib/python3.12/site-packages/airflow/example_dags/example_display_name.py
[2024-06-18T09:55:45.774+0000] {processor.py:830} INFO - Processing file /home/airflow/.local/lib/python3.12/site-packages/airflow/example_dags/example_display_name.py for tasks to queue
[2024-06-18T09:55:45.775+0000] {logging_mixin.py:188} INFO - [2024-06-18T09:55:45.774+0000] {dagbag.py:545} INFO - Filling up the DagBag from /home/airflow/.local/lib/python3.12/site-packages/airflow/example_dags/example_display_name.py
[2024-06-18T09:55:45.778+0000] {processor.py:840} INFO - DAG(s) 'example_display_name' retrieved from /home/airflow/.local/lib/python3.12/site-packages/airflow/example_dags/example_display_name.py
[2024-06-18T09:55:45.790+0000] {logging_mixin.py:188} INFO - [2024-06-18T09:55:45.790+0000] {dag.py:3096} INFO - Sync 1 DAGs
[2024-06-18T09:55:45.797+0000] {logging_mixin.py:188} INFO - [2024-06-18T09:55:45.797+0000] {dag.py:3954} INFO - Setting next_dagrun for example_display_name to None, run_after=None
[2024-06-18T09:55:45.808+0000] {processor.py:183} INFO - Processing /home/airflow/.local/lib/python3.12/site-packages/airflow/example_dags/example_display_name.py took 0.038 seconds
[2024-06-18T09:56:16.499+0000] {processor.py:161} INFO - Started process (PID=12453) to work on /home/airflow/.local/lib/python3.12/site-packages/airflow/example_dags/example_display_name.py
[2024-06-18T09:56:16.500+0000] {processor.py:830} INFO - Processing file /home/airflow/.local/lib/python3.12/site-packages/airflow/example_dags/example_display_name.py for tasks to queue
[2024-06-18T09:56:16.501+0000] {logging_mixin.py:188} INFO - [2024-06-18T09:56:16.500+0000] {dagbag.py:545} INFO - Filling up the DagBag from /home/airflow/.local/lib/python3.12/site-packages/airflow/example_dags/example_display_name.py
[2024-06-18T09:56:16.504+0000] {processor.py:840} INFO - DAG(s) 'example_display_name' retrieved from /home/airflow/.local/lib/python3.12/site-packages/airflow/example_dags/example_display_name.py
[2024-06-18T09:56:16.517+0000] {logging_mixin.py:188} INFO - [2024-06-18T09:56:16.517+0000] {dag.py:3096} INFO - Sync 1 DAGs
[2024-06-18T09:56:16.525+0000] {logging_mixin.py:188} INFO - [2024-06-18T09:56:16.524+0000] {dag.py:3954} INFO - Setting next_dagrun for example_display_name to None, run_after=None
[2024-06-18T09:56:16.538+0000] {processor.py:183} INFO - Processing /home/airflow/.local/lib/python3.12/site-packages/airflow/example_dags/example_display_name.py took 0.043 seconds
[2024-06-18T09:56:47.384+0000] {processor.py:161} INFO - Started process (PID=12721) to work on /home/airflow/.local/lib/python3.12/site-packages/airflow/example_dags/example_display_name.py
[2024-06-18T09:56:47.384+0000] {processor.py:830} INFO - Processing file /home/airflow/.local/lib/python3.12/site-packages/airflow/example_dags/example_display_name.py for tasks to queue
[2024-06-18T09:56:47.386+0000] {logging_mixin.py:188} INFO - [2024-06-18T09:56:47.385+0000] {dagbag.py:545} INFO - Filling up the DagBag from /home/airflow/.local/lib/python3.12/site-packages/airflow/example_dags/example_display_name.py
[2024-06-18T09:56:47.389+0000] {processor.py:840} INFO - DAG(s) 'example_display_name' retrieved from /home/airflow/.local/lib/python3.12/site-packages/airflow/example_dags/example_display_name.py
[2024-06-18T09:56:47.401+0000] {logging_mixin.py:188} INFO - [2024-06-18T09:56:47.401+0000] {dag.py:3096} INFO - Sync 1 DAGs
[2024-06-18T09:56:47.410+0000] {logging_mixin.py:188} INFO - [2024-06-18T09:56:47.409+0000] {dag.py:3954} INFO - Setting next_dagrun for example_display_name to None, run_after=None
[2024-06-18T09:56:47.421+0000] {processor.py:183} INFO - Processing /home/airflow/.local/lib/python3.12/site-packages/airflow/example_dags/example_display_name.py took 0.041 seconds
[2024-06-18T09:57:17.488+0000] {processor.py:161} INFO - Started process (PID=12983) to work on /home/airflow/.local/lib/python3.12/site-packages/airflow/example_dags/example_display_name.py
[2024-06-18T09:57:17.489+0000] {processor.py:830} INFO - Processing file /home/airflow/.local/lib/python3.12/site-packages/airflow/example_dags/example_display_name.py for tasks to queue
[2024-06-18T09:57:17.490+0000] {logging_mixin.py:188} INFO - [2024-06-18T09:57:17.490+0000] {dagbag.py:545} INFO - Filling up the DagBag from /home/airflow/.local/lib/python3.12/site-packages/airflow/example_dags/example_display_name.py
[2024-06-18T09:57:17.493+0000] {processor.py:840} INFO - DAG(s) 'example_display_name' retrieved from /home/airflow/.local/lib/python3.12/site-packages/airflow/example_dags/example_display_name.py
[2024-06-18T09:57:17.505+0000] {logging_mixin.py:188} INFO - [2024-06-18T09:57:17.504+0000] {dag.py:3096} INFO - Sync 1 DAGs
[2024-06-18T09:57:17.511+0000] {logging_mixin.py:188} INFO - [2024-06-18T09:57:17.511+0000] {dag.py:3954} INFO - Setting next_dagrun for example_display_name to None, run_after=None
[2024-06-18T09:57:17.523+0000] {processor.py:183} INFO - Processing /home/airflow/.local/lib/python3.12/site-packages/airflow/example_dags/example_display_name.py took 0.037 seconds
[2024-06-18T09:57:47.690+0000] {processor.py:161} INFO - Started process (PID=13245) to work on /home/airflow/.local/lib/python3.12/site-packages/airflow/example_dags/example_display_name.py
[2024-06-18T09:57:47.691+0000] {processor.py:830} INFO - Processing file /home/airflow/.local/lib/python3.12/site-packages/airflow/example_dags/example_display_name.py for tasks to queue
[2024-06-18T09:57:47.691+0000] {logging_mixin.py:188} INFO - [2024-06-18T09:57:47.691+0000] {dagbag.py:545} INFO - Filling up the DagBag from /home/airflow/.local/lib/python3.12/site-packages/airflow/example_dags/example_display_name.py
[2024-06-18T09:57:47.694+0000] {processor.py:840} INFO - DAG(s) 'example_display_name' retrieved from /home/airflow/.local/lib/python3.12/site-packages/airflow/example_dags/example_display_name.py
[2024-06-18T09:57:47.704+0000] {logging_mixin.py:188} INFO - [2024-06-18T09:57:47.704+0000] {dag.py:3096} INFO - Sync 1 DAGs
[2024-06-18T09:57:47.711+0000] {logging_mixin.py:188} INFO - [2024-06-18T09:57:47.711+0000] {dag.py:3954} INFO - Setting next_dagrun for example_display_name to None, run_after=None
[2024-06-18T09:57:47.720+0000] {processor.py:183} INFO - Processing /home/airflow/.local/lib/python3.12/site-packages/airflow/example_dags/example_display_name.py took 0.033 seconds
[2024-06-18T09:58:18.589+0000] {processor.py:161} INFO - Started process (PID=13507) to work on /home/airflow/.local/lib/python3.12/site-packages/airflow/example_dags/example_display_name.py
[2024-06-18T09:58:18.590+0000] {processor.py:830} INFO - Processing file /home/airflow/.local/lib/python3.12/site-packages/airflow/example_dags/example_display_name.py for tasks to queue
[2024-06-18T09:58:18.591+0000] {logging_mixin.py:188} INFO - [2024-06-18T09:58:18.590+0000] {dagbag.py:545} INFO - Filling up the DagBag from /home/airflow/.local/lib/python3.12/site-packages/airflow/example_dags/example_display_name.py
[2024-06-18T09:58:18.594+0000] {processor.py:840} INFO - DAG(s) 'example_display_name' retrieved from /home/airflow/.local/lib/python3.12/site-packages/airflow/example_dags/example_display_name.py
[2024-06-18T09:58:18.607+0000] {logging_mixin.py:188} INFO - [2024-06-18T09:58:18.607+0000] {dag.py:3096} INFO - Sync 1 DAGs
[2024-06-18T09:58:18.614+0000] {logging_mixin.py:188} INFO - [2024-06-18T09:58:18.614+0000] {dag.py:3954} INFO - Setting next_dagrun for example_display_name to None, run_after=None
[2024-06-18T09:58:18.625+0000] {processor.py:183} INFO - Processing /home/airflow/.local/lib/python3.12/site-packages/airflow/example_dags/example_display_name.py took 0.040 seconds
[2024-06-18T09:58:48.811+0000] {processor.py:161} INFO - Started process (PID=13769) to work on /home/airflow/.local/lib/python3.12/site-packages/airflow/example_dags/example_display_name.py
[2024-06-18T09:58:48.812+0000] {processor.py:830} INFO - Processing file /home/airflow/.local/lib/python3.12/site-packages/airflow/example_dags/example_display_name.py for tasks to queue
[2024-06-18T09:58:48.813+0000] {logging_mixin.py:188} INFO - [2024-06-18T09:58:48.813+0000] {dagbag.py:545} INFO - Filling up the DagBag from /home/airflow/.local/lib/python3.12/site-packages/airflow/example_dags/example_display_name.py
[2024-06-18T09:58:48.816+0000] {processor.py:840} INFO - DAG(s) 'example_display_name' retrieved from /home/airflow/.local/lib/python3.12/site-packages/airflow/example_dags/example_display_name.py
[2024-06-18T09:58:48.829+0000] {logging_mixin.py:188} INFO - [2024-06-18T09:58:48.828+0000] {dag.py:3096} INFO - Sync 1 DAGs
[2024-06-18T09:58:48.837+0000] {logging_mixin.py:188} INFO - [2024-06-18T09:58:48.836+0000] {dag.py:3954} INFO - Setting next_dagrun for example_display_name to None, run_after=None
[2024-06-18T09:58:48.848+0000] {processor.py:183} INFO - Processing /home/airflow/.local/lib/python3.12/site-packages/airflow/example_dags/example_display_name.py took 0.040 seconds
[2024-06-18T09:59:19.808+0000] {processor.py:161} INFO - Started process (PID=14031) to work on /home/airflow/.local/lib/python3.12/site-packages/airflow/example_dags/example_display_name.py
[2024-06-18T09:59:19.809+0000] {processor.py:830} INFO - Processing file /home/airflow/.local/lib/python3.12/site-packages/airflow/example_dags/example_display_name.py for tasks to queue
[2024-06-18T09:59:19.810+0000] {logging_mixin.py:188} INFO - [2024-06-18T09:59:19.810+0000] {dagbag.py:545} INFO - Filling up the DagBag from /home/airflow/.local/lib/python3.12/site-packages/airflow/example_dags/example_display_name.py
[2024-06-18T09:59:19.814+0000] {processor.py:840} INFO - DAG(s) 'example_display_name' retrieved from /home/airflow/.local/lib/python3.12/site-packages/airflow/example_dags/example_display_name.py
[2024-06-18T09:59:19.826+0000] {logging_mixin.py:188} INFO - [2024-06-18T09:59:19.826+0000] {dag.py:3096} INFO - Sync 1 DAGs
[2024-06-18T09:59:19.834+0000] {logging_mixin.py:188} INFO - [2024-06-18T09:59:19.834+0000] {dag.py:3954} INFO - Setting next_dagrun for example_display_name to None, run_after=None
[2024-06-18T09:59:19.846+0000] {processor.py:183} INFO - Processing /home/airflow/.local/lib/python3.12/site-packages/airflow/example_dags/example_display_name.py took 0.041 seconds
[2024-06-18T09:59:49.924+0000] {processor.py:161} INFO - Started process (PID=14293) to work on /home/airflow/.local/lib/python3.12/site-packages/airflow/example_dags/example_display_name.py
[2024-06-18T09:59:49.924+0000] {processor.py:830} INFO - Processing file /home/airflow/.local/lib/python3.12/site-packages/airflow/example_dags/example_display_name.py for tasks to queue
[2024-06-18T09:59:49.925+0000] {logging_mixin.py:188} INFO - [2024-06-18T09:59:49.925+0000] {dagbag.py:545} INFO - Filling up the DagBag from /home/airflow/.local/lib/python3.12/site-packages/airflow/example_dags/example_display_name.py
[2024-06-18T09:59:49.929+0000] {processor.py:840} INFO - DAG(s) 'example_display_name' retrieved from /home/airflow/.local/lib/python3.12/site-packages/airflow/example_dags/example_display_name.py
[2024-06-18T09:59:49.943+0000] {logging_mixin.py:188} INFO - [2024-06-18T09:59:49.943+0000] {dag.py:3096} INFO - Sync 1 DAGs
[2024-06-18T09:59:49.951+0000] {logging_mixin.py:188} INFO - [2024-06-18T09:59:49.950+0000] {dag.py:3954} INFO - Setting next_dagrun for example_display_name to None, run_after=None
[2024-06-18T09:59:49.963+0000] {processor.py:183} INFO - Processing /home/airflow/.local/lib/python3.12/site-packages/airflow/example_dags/example_display_name.py took 0.043 seconds
