[2024-06-18T09:32:53.578+0000] {processor.py:161} INFO - Started process (PID=206) to work on /home/airflow/.local/lib/python3.12/site-packages/airflow/example_dags/example_xcom.py
[2024-06-18T09:32:53.578+0000] {processor.py:830} INFO - Processing file /home/airflow/.local/lib/python3.12/site-packages/airflow/example_dags/example_xcom.py for tasks to queue
[2024-06-18T09:32:53.579+0000] {logging_mixin.py:188} INFO - [2024-06-18T09:32:53.579+0000] {dagbag.py:545} INFO - Filling up the DagBag from /home/airflow/.local/lib/python3.12/site-packages/airflow/example_dags/example_xcom.py
[2024-06-18T09:32:53.585+0000] {processor.py:840} INFO - DAG(s) 'example_xcom' retrieved from /home/airflow/.local/lib/python3.12/site-packages/airflow/example_dags/example_xcom.py
[2024-06-18T09:32:53.592+0000] {logging_mixin.py:188} INFO - [2024-06-18T09:32:53.592+0000] {dag.py:3096} INFO - Sync 1 DAGs
[2024-06-18T09:32:53.608+0000] {logging_mixin.py:188} INFO - [2024-06-18T09:32:53.608+0000] {dag.py:3954} INFO - Setting next_dagrun for example_xcom to 2021-01-01 00:00:00+00:00, run_after=2021-01-01 00:00:00+00:00
[2024-06-18T09:32:53.620+0000] {processor.py:183} INFO - Processing /home/airflow/.local/lib/python3.12/site-packages/airflow/example_dags/example_xcom.py took 0.046 seconds
[2024-06-18T09:33:24.484+0000] {processor.py:161} INFO - Started process (PID=468) to work on /home/airflow/.local/lib/python3.12/site-packages/airflow/example_dags/example_xcom.py
[2024-06-18T09:33:24.484+0000] {processor.py:830} INFO - Processing file /home/airflow/.local/lib/python3.12/site-packages/airflow/example_dags/example_xcom.py for tasks to queue
[2024-06-18T09:33:24.485+0000] {logging_mixin.py:188} INFO - [2024-06-18T09:33:24.485+0000] {dagbag.py:545} INFO - Filling up the DagBag from /home/airflow/.local/lib/python3.12/site-packages/airflow/example_dags/example_xcom.py
[2024-06-18T09:33:24.489+0000] {processor.py:840} INFO - DAG(s) 'example_xcom' retrieved from /home/airflow/.local/lib/python3.12/site-packages/airflow/example_dags/example_xcom.py
[2024-06-18T09:33:24.547+0000] {logging_mixin.py:188} INFO - [2024-06-18T09:33:24.547+0000] {dag.py:3096} INFO - Sync 1 DAGs
[2024-06-18T09:33:24.557+0000] {logging_mixin.py:188} INFO - [2024-06-18T09:33:24.556+0000] {dag.py:3954} INFO - Setting next_dagrun for example_xcom to 2021-01-01 00:00:00+00:00, run_after=2021-01-01 00:00:00+00:00
[2024-06-18T09:33:24.567+0000] {processor.py:183} INFO - Processing /home/airflow/.local/lib/python3.12/site-packages/airflow/example_dags/example_xcom.py took 0.087 seconds
[2024-06-18T09:33:55.330+0000] {processor.py:161} INFO - Started process (PID=730) to work on /home/airflow/.local/lib/python3.12/site-packages/airflow/example_dags/example_xcom.py
[2024-06-18T09:33:55.331+0000] {processor.py:830} INFO - Processing file /home/airflow/.local/lib/python3.12/site-packages/airflow/example_dags/example_xcom.py for tasks to queue
[2024-06-18T09:33:55.333+0000] {logging_mixin.py:188} INFO - [2024-06-18T09:33:55.332+0000] {dagbag.py:545} INFO - Filling up the DagBag from /home/airflow/.local/lib/python3.12/site-packages/airflow/example_dags/example_xcom.py
[2024-06-18T09:33:55.338+0000] {processor.py:840} INFO - DAG(s) 'example_xcom' retrieved from /home/airflow/.local/lib/python3.12/site-packages/airflow/example_dags/example_xcom.py
[2024-06-18T09:33:55.351+0000] {logging_mixin.py:188} INFO - [2024-06-18T09:33:55.351+0000] {dag.py:3096} INFO - Sync 1 DAGs
[2024-06-18T09:33:55.363+0000] {logging_mixin.py:188} INFO - [2024-06-18T09:33:55.363+0000] {dag.py:3954} INFO - Setting next_dagrun for example_xcom to 2021-01-01 00:00:00+00:00, run_after=2021-01-01 00:00:00+00:00
[2024-06-18T09:33:55.375+0000] {processor.py:183} INFO - Processing /home/airflow/.local/lib/python3.12/site-packages/airflow/example_dags/example_xcom.py took 0.048 seconds
[2024-06-18T09:34:25.473+0000] {processor.py:161} INFO - Started process (PID=992) to work on /home/airflow/.local/lib/python3.12/site-packages/airflow/example_dags/example_xcom.py
[2024-06-18T09:34:25.474+0000] {processor.py:830} INFO - Processing file /home/airflow/.local/lib/python3.12/site-packages/airflow/example_dags/example_xcom.py for tasks to queue
[2024-06-18T09:34:25.474+0000] {logging_mixin.py:188} INFO - [2024-06-18T09:34:25.474+0000] {dagbag.py:545} INFO - Filling up the DagBag from /home/airflow/.local/lib/python3.12/site-packages/airflow/example_dags/example_xcom.py
[2024-06-18T09:34:25.479+0000] {processor.py:840} INFO - DAG(s) 'example_xcom' retrieved from /home/airflow/.local/lib/python3.12/site-packages/airflow/example_dags/example_xcom.py
[2024-06-18T09:34:25.492+0000] {logging_mixin.py:188} INFO - [2024-06-18T09:34:25.492+0000] {dag.py:3096} INFO - Sync 1 DAGs
[2024-06-18T09:34:25.505+0000] {logging_mixin.py:188} INFO - [2024-06-18T09:34:25.505+0000] {dag.py:3954} INFO - Setting next_dagrun for example_xcom to 2021-01-01 00:00:00+00:00, run_after=2021-01-01 00:00:00+00:00
[2024-06-18T09:34:25.517+0000] {processor.py:183} INFO - Processing /home/airflow/.local/lib/python3.12/site-packages/airflow/example_dags/example_xcom.py took 0.048 seconds
[2024-06-18T09:34:55.804+0000] {processor.py:161} INFO - Started process (PID=1256) to work on /home/airflow/.local/lib/python3.12/site-packages/airflow/example_dags/example_xcom.py
[2024-06-18T09:34:55.806+0000] {processor.py:830} INFO - Processing file /home/airflow/.local/lib/python3.12/site-packages/airflow/example_dags/example_xcom.py for tasks to queue
[2024-06-18T09:34:55.807+0000] {logging_mixin.py:188} INFO - [2024-06-18T09:34:55.807+0000] {dagbag.py:545} INFO - Filling up the DagBag from /home/airflow/.local/lib/python3.12/site-packages/airflow/example_dags/example_xcom.py
[2024-06-18T09:34:55.811+0000] {processor.py:840} INFO - DAG(s) 'example_xcom' retrieved from /home/airflow/.local/lib/python3.12/site-packages/airflow/example_dags/example_xcom.py
[2024-06-18T09:34:55.825+0000] {logging_mixin.py:188} INFO - [2024-06-18T09:34:55.824+0000] {dag.py:3096} INFO - Sync 1 DAGs
[2024-06-18T09:34:55.838+0000] {logging_mixin.py:188} INFO - [2024-06-18T09:34:55.837+0000] {dag.py:3954} INFO - Setting next_dagrun for example_xcom to 2021-01-01 00:00:00+00:00, run_after=2021-01-01 00:00:00+00:00
[2024-06-18T09:34:55.849+0000] {processor.py:183} INFO - Processing /home/airflow/.local/lib/python3.12/site-packages/airflow/example_dags/example_xcom.py took 0.048 seconds
[2024-06-18T09:35:25.956+0000] {processor.py:161} INFO - Started process (PID=1518) to work on /home/airflow/.local/lib/python3.12/site-packages/airflow/example_dags/example_xcom.py
[2024-06-18T09:35:25.956+0000] {processor.py:830} INFO - Processing file /home/airflow/.local/lib/python3.12/site-packages/airflow/example_dags/example_xcom.py for tasks to queue
[2024-06-18T09:35:25.957+0000] {logging_mixin.py:188} INFO - [2024-06-18T09:35:25.957+0000] {dagbag.py:545} INFO - Filling up the DagBag from /home/airflow/.local/lib/python3.12/site-packages/airflow/example_dags/example_xcom.py
[2024-06-18T09:35:25.962+0000] {processor.py:840} INFO - DAG(s) 'example_xcom' retrieved from /home/airflow/.local/lib/python3.12/site-packages/airflow/example_dags/example_xcom.py
[2024-06-18T09:35:25.975+0000] {logging_mixin.py:188} INFO - [2024-06-18T09:35:25.975+0000] {dag.py:3096} INFO - Sync 1 DAGs
[2024-06-18T09:35:25.988+0000] {logging_mixin.py:188} INFO - [2024-06-18T09:35:25.987+0000] {dag.py:3954} INFO - Setting next_dagrun for example_xcom to 2021-01-01 00:00:00+00:00, run_after=2021-01-01 00:00:00+00:00
[2024-06-18T09:35:25.998+0000] {processor.py:183} INFO - Processing /home/airflow/.local/lib/python3.12/site-packages/airflow/example_dags/example_xcom.py took 0.046 seconds
[2024-06-18T09:35:56.085+0000] {processor.py:161} INFO - Started process (PID=1780) to work on /home/airflow/.local/lib/python3.12/site-packages/airflow/example_dags/example_xcom.py
[2024-06-18T09:35:56.085+0000] {processor.py:830} INFO - Processing file /home/airflow/.local/lib/python3.12/site-packages/airflow/example_dags/example_xcom.py for tasks to queue
[2024-06-18T09:35:56.086+0000] {logging_mixin.py:188} INFO - [2024-06-18T09:35:56.086+0000] {dagbag.py:545} INFO - Filling up the DagBag from /home/airflow/.local/lib/python3.12/site-packages/airflow/example_dags/example_xcom.py
[2024-06-18T09:35:56.090+0000] {processor.py:840} INFO - DAG(s) 'example_xcom' retrieved from /home/airflow/.local/lib/python3.12/site-packages/airflow/example_dags/example_xcom.py
[2024-06-18T09:35:56.104+0000] {logging_mixin.py:188} INFO - [2024-06-18T09:35:56.104+0000] {dag.py:3096} INFO - Sync 1 DAGs
[2024-06-18T09:35:56.117+0000] {logging_mixin.py:188} INFO - [2024-06-18T09:35:56.116+0000] {dag.py:3954} INFO - Setting next_dagrun for example_xcom to 2021-01-01 00:00:00+00:00, run_after=2021-01-01 00:00:00+00:00
[2024-06-18T09:35:56.128+0000] {processor.py:183} INFO - Processing /home/airflow/.local/lib/python3.12/site-packages/airflow/example_dags/example_xcom.py took 0.047 seconds
[2024-06-18T09:36:26.170+0000] {processor.py:161} INFO - Started process (PID=2042) to work on /home/airflow/.local/lib/python3.12/site-packages/airflow/example_dags/example_xcom.py
[2024-06-18T09:36:26.170+0000] {processor.py:830} INFO - Processing file /home/airflow/.local/lib/python3.12/site-packages/airflow/example_dags/example_xcom.py for tasks to queue
[2024-06-18T09:36:26.171+0000] {logging_mixin.py:188} INFO - [2024-06-18T09:36:26.171+0000] {dagbag.py:545} INFO - Filling up the DagBag from /home/airflow/.local/lib/python3.12/site-packages/airflow/example_dags/example_xcom.py
[2024-06-18T09:36:26.175+0000] {processor.py:840} INFO - DAG(s) 'example_xcom' retrieved from /home/airflow/.local/lib/python3.12/site-packages/airflow/example_dags/example_xcom.py
[2024-06-18T09:36:26.188+0000] {logging_mixin.py:188} INFO - [2024-06-18T09:36:26.188+0000] {dag.py:3096} INFO - Sync 1 DAGs
[2024-06-18T09:36:26.200+0000] {logging_mixin.py:188} INFO - [2024-06-18T09:36:26.200+0000] {dag.py:3954} INFO - Setting next_dagrun for example_xcom to 2021-01-01 00:00:00+00:00, run_after=2021-01-01 00:00:00+00:00
[2024-06-18T09:36:26.211+0000] {processor.py:183} INFO - Processing /home/airflow/.local/lib/python3.12/site-packages/airflow/example_dags/example_xcom.py took 0.045 seconds
[2024-06-18T09:36:56.568+0000] {processor.py:161} INFO - Started process (PID=2302) to work on /home/airflow/.local/lib/python3.12/site-packages/airflow/example_dags/example_xcom.py
[2024-06-18T09:36:56.569+0000] {processor.py:830} INFO - Processing file /home/airflow/.local/lib/python3.12/site-packages/airflow/example_dags/example_xcom.py for tasks to queue
[2024-06-18T09:36:56.570+0000] {logging_mixin.py:188} INFO - [2024-06-18T09:36:56.569+0000] {dagbag.py:545} INFO - Filling up the DagBag from /home/airflow/.local/lib/python3.12/site-packages/airflow/example_dags/example_xcom.py
[2024-06-18T09:36:56.575+0000] {processor.py:840} INFO - DAG(s) 'example_xcom' retrieved from /home/airflow/.local/lib/python3.12/site-packages/airflow/example_dags/example_xcom.py
[2024-06-18T09:36:56.587+0000] {logging_mixin.py:188} INFO - [2024-06-18T09:36:56.587+0000] {dag.py:3096} INFO - Sync 1 DAGs
[2024-06-18T09:36:56.601+0000] {logging_mixin.py:188} INFO - [2024-06-18T09:36:56.601+0000] {dag.py:3954} INFO - Setting next_dagrun for example_xcom to 2021-01-01 00:00:00+00:00, run_after=2021-01-01 00:00:00+00:00
[2024-06-18T09:36:56.614+0000] {processor.py:183} INFO - Processing /home/airflow/.local/lib/python3.12/site-packages/airflow/example_dags/example_xcom.py took 0.050 seconds
[2024-06-18T09:37:26.712+0000] {processor.py:161} INFO - Started process (PID=2566) to work on /home/airflow/.local/lib/python3.12/site-packages/airflow/example_dags/example_xcom.py
[2024-06-18T09:37:26.712+0000] {processor.py:830} INFO - Processing file /home/airflow/.local/lib/python3.12/site-packages/airflow/example_dags/example_xcom.py for tasks to queue
[2024-06-18T09:37:26.713+0000] {logging_mixin.py:188} INFO - [2024-06-18T09:37:26.713+0000] {dagbag.py:545} INFO - Filling up the DagBag from /home/airflow/.local/lib/python3.12/site-packages/airflow/example_dags/example_xcom.py
[2024-06-18T09:37:26.717+0000] {processor.py:840} INFO - DAG(s) 'example_xcom' retrieved from /home/airflow/.local/lib/python3.12/site-packages/airflow/example_dags/example_xcom.py
[2024-06-18T09:37:26.729+0000] {logging_mixin.py:188} INFO - [2024-06-18T09:37:26.729+0000] {dag.py:3096} INFO - Sync 1 DAGs
[2024-06-18T09:37:26.740+0000] {logging_mixin.py:188} INFO - [2024-06-18T09:37:26.739+0000] {dag.py:3954} INFO - Setting next_dagrun for example_xcom to 2021-01-01 00:00:00+00:00, run_after=2021-01-01 00:00:00+00:00
[2024-06-18T09:37:26.751+0000] {processor.py:183} INFO - Processing /home/airflow/.local/lib/python3.12/site-packages/airflow/example_dags/example_xcom.py took 0.043 seconds
[2024-06-18T09:37:56.915+0000] {processor.py:161} INFO - Started process (PID=2828) to work on /home/airflow/.local/lib/python3.12/site-packages/airflow/example_dags/example_xcom.py
[2024-06-18T09:37:56.916+0000] {processor.py:830} INFO - Processing file /home/airflow/.local/lib/python3.12/site-packages/airflow/example_dags/example_xcom.py for tasks to queue
[2024-06-18T09:37:56.916+0000] {logging_mixin.py:188} INFO - [2024-06-18T09:37:56.916+0000] {dagbag.py:545} INFO - Filling up the DagBag from /home/airflow/.local/lib/python3.12/site-packages/airflow/example_dags/example_xcom.py
[2024-06-18T09:37:56.920+0000] {processor.py:840} INFO - DAG(s) 'example_xcom' retrieved from /home/airflow/.local/lib/python3.12/site-packages/airflow/example_dags/example_xcom.py
[2024-06-18T09:37:56.932+0000] {logging_mixin.py:188} INFO - [2024-06-18T09:37:56.932+0000] {dag.py:3096} INFO - Sync 1 DAGs
[2024-06-18T09:37:56.943+0000] {logging_mixin.py:188} INFO - [2024-06-18T09:37:56.943+0000] {dag.py:3954} INFO - Setting next_dagrun for example_xcom to 2021-01-01 00:00:00+00:00, run_after=2021-01-01 00:00:00+00:00
[2024-06-18T09:37:56.954+0000] {processor.py:183} INFO - Processing /home/airflow/.local/lib/python3.12/site-packages/airflow/example_dags/example_xcom.py took 0.042 seconds
[2024-06-18T09:38:26.984+0000] {processor.py:161} INFO - Started process (PID=3090) to work on /home/airflow/.local/lib/python3.12/site-packages/airflow/example_dags/example_xcom.py
[2024-06-18T09:38:26.985+0000] {processor.py:830} INFO - Processing file /home/airflow/.local/lib/python3.12/site-packages/airflow/example_dags/example_xcom.py for tasks to queue
[2024-06-18T09:38:26.985+0000] {logging_mixin.py:188} INFO - [2024-06-18T09:38:26.985+0000] {dagbag.py:545} INFO - Filling up the DagBag from /home/airflow/.local/lib/python3.12/site-packages/airflow/example_dags/example_xcom.py
[2024-06-18T09:38:26.989+0000] {processor.py:840} INFO - DAG(s) 'example_xcom' retrieved from /home/airflow/.local/lib/python3.12/site-packages/airflow/example_dags/example_xcom.py
[2024-06-18T09:38:27.001+0000] {logging_mixin.py:188} INFO - [2024-06-18T09:38:27.001+0000] {dag.py:3096} INFO - Sync 1 DAGs
[2024-06-18T09:38:27.012+0000] {logging_mixin.py:188} INFO - [2024-06-18T09:38:27.011+0000] {dag.py:3954} INFO - Setting next_dagrun for example_xcom to 2021-01-01 00:00:00+00:00, run_after=2021-01-01 00:00:00+00:00
[2024-06-18T09:38:27.022+0000] {processor.py:183} INFO - Processing /home/airflow/.local/lib/python3.12/site-packages/airflow/example_dags/example_xcom.py took 0.041 seconds
[2024-06-18T09:38:57.095+0000] {processor.py:161} INFO - Started process (PID=3352) to work on /home/airflow/.local/lib/python3.12/site-packages/airflow/example_dags/example_xcom.py
[2024-06-18T09:38:57.095+0000] {processor.py:830} INFO - Processing file /home/airflow/.local/lib/python3.12/site-packages/airflow/example_dags/example_xcom.py for tasks to queue
[2024-06-18T09:38:57.096+0000] {logging_mixin.py:188} INFO - [2024-06-18T09:38:57.096+0000] {dagbag.py:545} INFO - Filling up the DagBag from /home/airflow/.local/lib/python3.12/site-packages/airflow/example_dags/example_xcom.py
[2024-06-18T09:38:57.100+0000] {processor.py:840} INFO - DAG(s) 'example_xcom' retrieved from /home/airflow/.local/lib/python3.12/site-packages/airflow/example_dags/example_xcom.py
[2024-06-18T09:38:57.112+0000] {logging_mixin.py:188} INFO - [2024-06-18T09:38:57.112+0000] {dag.py:3096} INFO - Sync 1 DAGs
[2024-06-18T09:38:57.124+0000] {logging_mixin.py:188} INFO - [2024-06-18T09:38:57.124+0000] {dag.py:3954} INFO - Setting next_dagrun for example_xcom to 2021-01-01 00:00:00+00:00, run_after=2021-01-01 00:00:00+00:00
[2024-06-18T09:38:57.135+0000] {processor.py:183} INFO - Processing /home/airflow/.local/lib/python3.12/site-packages/airflow/example_dags/example_xcom.py took 0.044 seconds
[2024-06-18T09:39:27.361+0000] {processor.py:161} INFO - Started process (PID=3615) to work on /home/airflow/.local/lib/python3.12/site-packages/airflow/example_dags/example_xcom.py
[2024-06-18T09:39:27.362+0000] {processor.py:830} INFO - Processing file /home/airflow/.local/lib/python3.12/site-packages/airflow/example_dags/example_xcom.py for tasks to queue
[2024-06-18T09:39:27.363+0000] {logging_mixin.py:188} INFO - [2024-06-18T09:39:27.363+0000] {dagbag.py:545} INFO - Filling up the DagBag from /home/airflow/.local/lib/python3.12/site-packages/airflow/example_dags/example_xcom.py
[2024-06-18T09:39:27.367+0000] {processor.py:840} INFO - DAG(s) 'example_xcom' retrieved from /home/airflow/.local/lib/python3.12/site-packages/airflow/example_dags/example_xcom.py
[2024-06-18T09:39:27.380+0000] {logging_mixin.py:188} INFO - [2024-06-18T09:39:27.380+0000] {dag.py:3096} INFO - Sync 1 DAGs
[2024-06-18T09:39:27.391+0000] {logging_mixin.py:188} INFO - [2024-06-18T09:39:27.391+0000] {dag.py:3954} INFO - Setting next_dagrun for example_xcom to 2021-01-01 00:00:00+00:00, run_after=2021-01-01 00:00:00+00:00
[2024-06-18T09:39:27.402+0000] {processor.py:183} INFO - Processing /home/airflow/.local/lib/python3.12/site-packages/airflow/example_dags/example_xcom.py took 0.044 seconds
[2024-06-18T09:39:57.476+0000] {processor.py:161} INFO - Started process (PID=3877) to work on /home/airflow/.local/lib/python3.12/site-packages/airflow/example_dags/example_xcom.py
[2024-06-18T09:39:57.476+0000] {processor.py:830} INFO - Processing file /home/airflow/.local/lib/python3.12/site-packages/airflow/example_dags/example_xcom.py for tasks to queue
[2024-06-18T09:39:57.477+0000] {logging_mixin.py:188} INFO - [2024-06-18T09:39:57.477+0000] {dagbag.py:545} INFO - Filling up the DagBag from /home/airflow/.local/lib/python3.12/site-packages/airflow/example_dags/example_xcom.py
[2024-06-18T09:39:57.481+0000] {processor.py:840} INFO - DAG(s) 'example_xcom' retrieved from /home/airflow/.local/lib/python3.12/site-packages/airflow/example_dags/example_xcom.py
[2024-06-18T09:39:57.494+0000] {logging_mixin.py:188} INFO - [2024-06-18T09:39:57.493+0000] {dag.py:3096} INFO - Sync 1 DAGs
[2024-06-18T09:39:57.505+0000] {logging_mixin.py:188} INFO - [2024-06-18T09:39:57.505+0000] {dag.py:3954} INFO - Setting next_dagrun for example_xcom to 2021-01-01 00:00:00+00:00, run_after=2021-01-01 00:00:00+00:00
[2024-06-18T09:39:57.517+0000] {processor.py:183} INFO - Processing /home/airflow/.local/lib/python3.12/site-packages/airflow/example_dags/example_xcom.py took 0.045 seconds
[2024-06-18T09:40:27.806+0000] {processor.py:161} INFO - Started process (PID=4139) to work on /home/airflow/.local/lib/python3.12/site-packages/airflow/example_dags/example_xcom.py
[2024-06-18T09:40:27.807+0000] {processor.py:830} INFO - Processing file /home/airflow/.local/lib/python3.12/site-packages/airflow/example_dags/example_xcom.py for tasks to queue
[2024-06-18T09:40:27.807+0000] {logging_mixin.py:188} INFO - [2024-06-18T09:40:27.807+0000] {dagbag.py:545} INFO - Filling up the DagBag from /home/airflow/.local/lib/python3.12/site-packages/airflow/example_dags/example_xcom.py
[2024-06-18T09:40:27.811+0000] {processor.py:840} INFO - DAG(s) 'example_xcom' retrieved from /home/airflow/.local/lib/python3.12/site-packages/airflow/example_dags/example_xcom.py
[2024-06-18T09:40:27.824+0000] {logging_mixin.py:188} INFO - [2024-06-18T09:40:27.824+0000] {dag.py:3096} INFO - Sync 1 DAGs
[2024-06-18T09:40:27.836+0000] {logging_mixin.py:188} INFO - [2024-06-18T09:40:27.835+0000] {dag.py:3954} INFO - Setting next_dagrun for example_xcom to 2021-01-01 00:00:00+00:00, run_after=2021-01-01 00:00:00+00:00
[2024-06-18T09:40:27.846+0000] {processor.py:183} INFO - Processing /home/airflow/.local/lib/python3.12/site-packages/airflow/example_dags/example_xcom.py took 0.043 seconds
[2024-06-18T09:40:58.047+0000] {processor.py:161} INFO - Started process (PID=4401) to work on /home/airflow/.local/lib/python3.12/site-packages/airflow/example_dags/example_xcom.py
[2024-06-18T09:40:58.048+0000] {processor.py:830} INFO - Processing file /home/airflow/.local/lib/python3.12/site-packages/airflow/example_dags/example_xcom.py for tasks to queue
[2024-06-18T09:40:58.049+0000] {logging_mixin.py:188} INFO - [2024-06-18T09:40:58.049+0000] {dagbag.py:545} INFO - Filling up the DagBag from /home/airflow/.local/lib/python3.12/site-packages/airflow/example_dags/example_xcom.py
[2024-06-18T09:40:58.052+0000] {processor.py:840} INFO - DAG(s) 'example_xcom' retrieved from /home/airflow/.local/lib/python3.12/site-packages/airflow/example_dags/example_xcom.py
[2024-06-18T09:40:58.064+0000] {logging_mixin.py:188} INFO - [2024-06-18T09:40:58.064+0000] {dag.py:3096} INFO - Sync 1 DAGs
[2024-06-18T09:40:58.076+0000] {logging_mixin.py:188} INFO - [2024-06-18T09:40:58.076+0000] {dag.py:3954} INFO - Setting next_dagrun for example_xcom to 2021-01-01 00:00:00+00:00, run_after=2021-01-01 00:00:00+00:00
[2024-06-18T09:40:58.087+0000] {processor.py:183} INFO - Processing /home/airflow/.local/lib/python3.12/site-packages/airflow/example_dags/example_xcom.py took 0.043 seconds
[2024-06-18T09:41:28.787+0000] {processor.py:161} INFO - Started process (PID=4663) to work on /home/airflow/.local/lib/python3.12/site-packages/airflow/example_dags/example_xcom.py
[2024-06-18T09:41:28.787+0000] {processor.py:830} INFO - Processing file /home/airflow/.local/lib/python3.12/site-packages/airflow/example_dags/example_xcom.py for tasks to queue
[2024-06-18T09:41:28.788+0000] {logging_mixin.py:188} INFO - [2024-06-18T09:41:28.788+0000] {dagbag.py:545} INFO - Filling up the DagBag from /home/airflow/.local/lib/python3.12/site-packages/airflow/example_dags/example_xcom.py
[2024-06-18T09:41:28.792+0000] {processor.py:840} INFO - DAG(s) 'example_xcom' retrieved from /home/airflow/.local/lib/python3.12/site-packages/airflow/example_dags/example_xcom.py
[2024-06-18T09:41:28.805+0000] {logging_mixin.py:188} INFO - [2024-06-18T09:41:28.805+0000] {dag.py:3096} INFO - Sync 1 DAGs
[2024-06-18T09:41:28.817+0000] {logging_mixin.py:188} INFO - [2024-06-18T09:41:28.816+0000] {dag.py:3954} INFO - Setting next_dagrun for example_xcom to 2021-01-01 00:00:00+00:00, run_after=2021-01-01 00:00:00+00:00
[2024-06-18T09:41:28.828+0000] {processor.py:183} INFO - Processing /home/airflow/.local/lib/python3.12/site-packages/airflow/example_dags/example_xcom.py took 0.044 seconds
[2024-06-18T09:41:59.563+0000] {processor.py:161} INFO - Started process (PID=4925) to work on /home/airflow/.local/lib/python3.12/site-packages/airflow/example_dags/example_xcom.py
[2024-06-18T09:41:59.564+0000] {processor.py:830} INFO - Processing file /home/airflow/.local/lib/python3.12/site-packages/airflow/example_dags/example_xcom.py for tasks to queue
[2024-06-18T09:41:59.564+0000] {logging_mixin.py:188} INFO - [2024-06-18T09:41:59.564+0000] {dagbag.py:545} INFO - Filling up the DagBag from /home/airflow/.local/lib/python3.12/site-packages/airflow/example_dags/example_xcom.py
[2024-06-18T09:41:59.568+0000] {processor.py:840} INFO - DAG(s) 'example_xcom' retrieved from /home/airflow/.local/lib/python3.12/site-packages/airflow/example_dags/example_xcom.py
[2024-06-18T09:41:59.580+0000] {logging_mixin.py:188} INFO - [2024-06-18T09:41:59.580+0000] {dag.py:3096} INFO - Sync 1 DAGs
[2024-06-18T09:41:59.592+0000] {logging_mixin.py:188} INFO - [2024-06-18T09:41:59.592+0000] {dag.py:3954} INFO - Setting next_dagrun for example_xcom to 2021-01-01 00:00:00+00:00, run_after=2021-01-01 00:00:00+00:00
[2024-06-18T09:41:59.603+0000] {processor.py:183} INFO - Processing /home/airflow/.local/lib/python3.12/site-packages/airflow/example_dags/example_xcom.py took 0.043 seconds
[2024-06-18T09:42:30.285+0000] {processor.py:161} INFO - Started process (PID=5187) to work on /home/airflow/.local/lib/python3.12/site-packages/airflow/example_dags/example_xcom.py
[2024-06-18T09:42:30.285+0000] {processor.py:830} INFO - Processing file /home/airflow/.local/lib/python3.12/site-packages/airflow/example_dags/example_xcom.py for tasks to queue
[2024-06-18T09:42:30.286+0000] {logging_mixin.py:188} INFO - [2024-06-18T09:42:30.286+0000] {dagbag.py:545} INFO - Filling up the DagBag from /home/airflow/.local/lib/python3.12/site-packages/airflow/example_dags/example_xcom.py
[2024-06-18T09:42:30.290+0000] {processor.py:840} INFO - DAG(s) 'example_xcom' retrieved from /home/airflow/.local/lib/python3.12/site-packages/airflow/example_dags/example_xcom.py
[2024-06-18T09:42:30.302+0000] {logging_mixin.py:188} INFO - [2024-06-18T09:42:30.302+0000] {dag.py:3096} INFO - Sync 1 DAGs
[2024-06-18T09:42:30.313+0000] {logging_mixin.py:188} INFO - [2024-06-18T09:42:30.313+0000] {dag.py:3954} INFO - Setting next_dagrun for example_xcom to 2021-01-01 00:00:00+00:00, run_after=2021-01-01 00:00:00+00:00
[2024-06-18T09:42:30.324+0000] {processor.py:183} INFO - Processing /home/airflow/.local/lib/python3.12/site-packages/airflow/example_dags/example_xcom.py took 0.042 seconds
[2024-06-18T09:43:01.052+0000] {processor.py:161} INFO - Started process (PID=5449) to work on /home/airflow/.local/lib/python3.12/site-packages/airflow/example_dags/example_xcom.py
[2024-06-18T09:43:01.053+0000] {processor.py:830} INFO - Processing file /home/airflow/.local/lib/python3.12/site-packages/airflow/example_dags/example_xcom.py for tasks to queue
[2024-06-18T09:43:01.054+0000] {logging_mixin.py:188} INFO - [2024-06-18T09:43:01.053+0000] {dagbag.py:545} INFO - Filling up the DagBag from /home/airflow/.local/lib/python3.12/site-packages/airflow/example_dags/example_xcom.py
[2024-06-18T09:43:01.058+0000] {processor.py:840} INFO - DAG(s) 'example_xcom' retrieved from /home/airflow/.local/lib/python3.12/site-packages/airflow/example_dags/example_xcom.py
[2024-06-18T09:43:01.073+0000] {logging_mixin.py:188} INFO - [2024-06-18T09:43:01.072+0000] {dag.py:3096} INFO - Sync 1 DAGs
[2024-06-18T09:43:01.085+0000] {logging_mixin.py:188} INFO - [2024-06-18T09:43:01.085+0000] {dag.py:3954} INFO - Setting next_dagrun for example_xcom to 2021-01-01 00:00:00+00:00, run_after=2021-01-01 00:00:00+00:00
[2024-06-18T09:43:01.097+0000] {processor.py:183} INFO - Processing /home/airflow/.local/lib/python3.12/site-packages/airflow/example_dags/example_xcom.py took 0.049 seconds
[2024-06-18T09:43:31.261+0000] {processor.py:161} INFO - Started process (PID=5711) to work on /home/airflow/.local/lib/python3.12/site-packages/airflow/example_dags/example_xcom.py
[2024-06-18T09:43:31.262+0000] {processor.py:830} INFO - Processing file /home/airflow/.local/lib/python3.12/site-packages/airflow/example_dags/example_xcom.py for tasks to queue
[2024-06-18T09:43:31.262+0000] {logging_mixin.py:188} INFO - [2024-06-18T09:43:31.262+0000] {dagbag.py:545} INFO - Filling up the DagBag from /home/airflow/.local/lib/python3.12/site-packages/airflow/example_dags/example_xcom.py
[2024-06-18T09:43:31.266+0000] {processor.py:840} INFO - DAG(s) 'example_xcom' retrieved from /home/airflow/.local/lib/python3.12/site-packages/airflow/example_dags/example_xcom.py
[2024-06-18T09:43:31.278+0000] {logging_mixin.py:188} INFO - [2024-06-18T09:43:31.278+0000] {dag.py:3096} INFO - Sync 1 DAGs
[2024-06-18T09:43:31.289+0000] {logging_mixin.py:188} INFO - [2024-06-18T09:43:31.289+0000] {dag.py:3954} INFO - Setting next_dagrun for example_xcom to 2021-01-01 00:00:00+00:00, run_after=2021-01-01 00:00:00+00:00
[2024-06-18T09:43:31.300+0000] {processor.py:183} INFO - Processing /home/airflow/.local/lib/python3.12/site-packages/airflow/example_dags/example_xcom.py took 0.042 seconds
[2024-06-18T09:44:01.425+0000] {processor.py:161} INFO - Started process (PID=5973) to work on /home/airflow/.local/lib/python3.12/site-packages/airflow/example_dags/example_xcom.py
[2024-06-18T09:44:01.425+0000] {processor.py:830} INFO - Processing file /home/airflow/.local/lib/python3.12/site-packages/airflow/example_dags/example_xcom.py for tasks to queue
[2024-06-18T09:44:01.426+0000] {logging_mixin.py:188} INFO - [2024-06-18T09:44:01.426+0000] {dagbag.py:545} INFO - Filling up the DagBag from /home/airflow/.local/lib/python3.12/site-packages/airflow/example_dags/example_xcom.py
[2024-06-18T09:44:01.430+0000] {processor.py:840} INFO - DAG(s) 'example_xcom' retrieved from /home/airflow/.local/lib/python3.12/site-packages/airflow/example_dags/example_xcom.py
[2024-06-18T09:44:01.443+0000] {logging_mixin.py:188} INFO - [2024-06-18T09:44:01.443+0000] {dag.py:3096} INFO - Sync 1 DAGs
[2024-06-18T09:44:01.454+0000] {logging_mixin.py:188} INFO - [2024-06-18T09:44:01.454+0000] {dag.py:3954} INFO - Setting next_dagrun for example_xcom to 2021-01-01 00:00:00+00:00, run_after=2021-01-01 00:00:00+00:00
[2024-06-18T09:44:01.463+0000] {processor.py:183} INFO - Processing /home/airflow/.local/lib/python3.12/site-packages/airflow/example_dags/example_xcom.py took 0.042 seconds
[2024-06-18T09:44:32.186+0000] {processor.py:161} INFO - Started process (PID=6233) to work on /home/airflow/.local/lib/python3.12/site-packages/airflow/example_dags/example_xcom.py
[2024-06-18T09:44:32.186+0000] {processor.py:830} INFO - Processing file /home/airflow/.local/lib/python3.12/site-packages/airflow/example_dags/example_xcom.py for tasks to queue
[2024-06-18T09:44:32.187+0000] {logging_mixin.py:188} INFO - [2024-06-18T09:44:32.187+0000] {dagbag.py:545} INFO - Filling up the DagBag from /home/airflow/.local/lib/python3.12/site-packages/airflow/example_dags/example_xcom.py
[2024-06-18T09:44:32.191+0000] {processor.py:840} INFO - DAG(s) 'example_xcom' retrieved from /home/airflow/.local/lib/python3.12/site-packages/airflow/example_dags/example_xcom.py
[2024-06-18T09:44:32.203+0000] {logging_mixin.py:188} INFO - [2024-06-18T09:44:32.203+0000] {dag.py:3096} INFO - Sync 1 DAGs
[2024-06-18T09:44:32.215+0000] {logging_mixin.py:188} INFO - [2024-06-18T09:44:32.215+0000] {dag.py:3954} INFO - Setting next_dagrun for example_xcom to 2021-01-01 00:00:00+00:00, run_after=2021-01-01 00:00:00+00:00
[2024-06-18T09:44:32.229+0000] {processor.py:183} INFO - Processing /home/airflow/.local/lib/python3.12/site-packages/airflow/example_dags/example_xcom.py took 0.048 seconds
[2024-06-18T09:45:02.246+0000] {processor.py:161} INFO - Started process (PID=6491) to work on /home/airflow/.local/lib/python3.12/site-packages/airflow/example_dags/example_xcom.py
[2024-06-18T09:45:02.247+0000] {processor.py:830} INFO - Processing file /home/airflow/.local/lib/python3.12/site-packages/airflow/example_dags/example_xcom.py for tasks to queue
[2024-06-18T09:45:02.249+0000] {logging_mixin.py:188} INFO - [2024-06-18T09:45:02.248+0000] {dagbag.py:545} INFO - Filling up the DagBag from /home/airflow/.local/lib/python3.12/site-packages/airflow/example_dags/example_xcom.py
[2024-06-18T09:45:02.253+0000] {processor.py:840} INFO - DAG(s) 'example_xcom' retrieved from /home/airflow/.local/lib/python3.12/site-packages/airflow/example_dags/example_xcom.py
[2024-06-18T09:45:02.267+0000] {logging_mixin.py:188} INFO - [2024-06-18T09:45:02.267+0000] {dag.py:3096} INFO - Sync 1 DAGs
[2024-06-18T09:45:02.278+0000] {logging_mixin.py:188} INFO - [2024-06-18T09:45:02.277+0000] {dag.py:3954} INFO - Setting next_dagrun for example_xcom to 2021-01-01 00:00:00+00:00, run_after=2021-01-01 00:00:00+00:00
[2024-06-18T09:45:02.289+0000] {processor.py:183} INFO - Processing /home/airflow/.local/lib/python3.12/site-packages/airflow/example_dags/example_xcom.py took 0.045 seconds
[2024-06-18T09:45:32.400+0000] {processor.py:161} INFO - Started process (PID=6753) to work on /home/airflow/.local/lib/python3.12/site-packages/airflow/example_dags/example_xcom.py
[2024-06-18T09:45:32.401+0000] {processor.py:830} INFO - Processing file /home/airflow/.local/lib/python3.12/site-packages/airflow/example_dags/example_xcom.py for tasks to queue
[2024-06-18T09:45:32.401+0000] {logging_mixin.py:188} INFO - [2024-06-18T09:45:32.401+0000] {dagbag.py:545} INFO - Filling up the DagBag from /home/airflow/.local/lib/python3.12/site-packages/airflow/example_dags/example_xcom.py
[2024-06-18T09:45:32.405+0000] {processor.py:840} INFO - DAG(s) 'example_xcom' retrieved from /home/airflow/.local/lib/python3.12/site-packages/airflow/example_dags/example_xcom.py
[2024-06-18T09:45:32.417+0000] {logging_mixin.py:188} INFO - [2024-06-18T09:45:32.417+0000] {dag.py:3096} INFO - Sync 1 DAGs
[2024-06-18T09:45:32.428+0000] {logging_mixin.py:188} INFO - [2024-06-18T09:45:32.428+0000] {dag.py:3954} INFO - Setting next_dagrun for example_xcom to 2021-01-01 00:00:00+00:00, run_after=2021-01-01 00:00:00+00:00
[2024-06-18T09:45:32.438+0000] {processor.py:183} INFO - Processing /home/airflow/.local/lib/python3.12/site-packages/airflow/example_dags/example_xcom.py took 0.041 seconds
[2024-06-18T09:46:02.612+0000] {processor.py:161} INFO - Started process (PID=7018) to work on /home/airflow/.local/lib/python3.12/site-packages/airflow/example_dags/example_xcom.py
[2024-06-18T09:46:02.613+0000] {processor.py:830} INFO - Processing file /home/airflow/.local/lib/python3.12/site-packages/airflow/example_dags/example_xcom.py for tasks to queue
[2024-06-18T09:46:02.614+0000] {logging_mixin.py:188} INFO - [2024-06-18T09:46:02.613+0000] {dagbag.py:545} INFO - Filling up the DagBag from /home/airflow/.local/lib/python3.12/site-packages/airflow/example_dags/example_xcom.py
[2024-06-18T09:46:02.617+0000] {processor.py:840} INFO - DAG(s) 'example_xcom' retrieved from /home/airflow/.local/lib/python3.12/site-packages/airflow/example_dags/example_xcom.py
[2024-06-18T09:46:02.629+0000] {logging_mixin.py:188} INFO - [2024-06-18T09:46:02.629+0000] {dag.py:3096} INFO - Sync 1 DAGs
[2024-06-18T09:46:02.640+0000] {logging_mixin.py:188} INFO - [2024-06-18T09:46:02.640+0000] {dag.py:3954} INFO - Setting next_dagrun for example_xcom to 2021-01-01 00:00:00+00:00, run_after=2021-01-01 00:00:00+00:00
[2024-06-18T09:46:02.652+0000] {processor.py:183} INFO - Processing /home/airflow/.local/lib/python3.12/site-packages/airflow/example_dags/example_xcom.py took 0.043 seconds
[2024-06-18T09:46:32.826+0000] {processor.py:161} INFO - Started process (PID=7282) to work on /home/airflow/.local/lib/python3.12/site-packages/airflow/example_dags/example_xcom.py
[2024-06-18T09:46:32.828+0000] {processor.py:830} INFO - Processing file /home/airflow/.local/lib/python3.12/site-packages/airflow/example_dags/example_xcom.py for tasks to queue
[2024-06-18T09:46:32.829+0000] {logging_mixin.py:188} INFO - [2024-06-18T09:46:32.828+0000] {dagbag.py:545} INFO - Filling up the DagBag from /home/airflow/.local/lib/python3.12/site-packages/airflow/example_dags/example_xcom.py
[2024-06-18T09:46:32.832+0000] {processor.py:840} INFO - DAG(s) 'example_xcom' retrieved from /home/airflow/.local/lib/python3.12/site-packages/airflow/example_dags/example_xcom.py
[2024-06-18T09:46:32.845+0000] {logging_mixin.py:188} INFO - [2024-06-18T09:46:32.845+0000] {dag.py:3096} INFO - Sync 1 DAGs
[2024-06-18T09:46:32.856+0000] {logging_mixin.py:188} INFO - [2024-06-18T09:46:32.856+0000] {dag.py:3954} INFO - Setting next_dagrun for example_xcom to 2021-01-01 00:00:00+00:00, run_after=2021-01-01 00:00:00+00:00
[2024-06-18T09:46:32.866+0000] {processor.py:183} INFO - Processing /home/airflow/.local/lib/python3.12/site-packages/airflow/example_dags/example_xcom.py took 0.043 seconds
[2024-06-18T09:47:02.953+0000] {processor.py:161} INFO - Started process (PID=7544) to work on /home/airflow/.local/lib/python3.12/site-packages/airflow/example_dags/example_xcom.py
[2024-06-18T09:47:02.953+0000] {processor.py:830} INFO - Processing file /home/airflow/.local/lib/python3.12/site-packages/airflow/example_dags/example_xcom.py for tasks to queue
[2024-06-18T09:47:02.954+0000] {logging_mixin.py:188} INFO - [2024-06-18T09:47:02.954+0000] {dagbag.py:545} INFO - Filling up the DagBag from /home/airflow/.local/lib/python3.12/site-packages/airflow/example_dags/example_xcom.py
[2024-06-18T09:47:02.958+0000] {processor.py:840} INFO - DAG(s) 'example_xcom' retrieved from /home/airflow/.local/lib/python3.12/site-packages/airflow/example_dags/example_xcom.py
[2024-06-18T09:47:02.969+0000] {logging_mixin.py:188} INFO - [2024-06-18T09:47:02.969+0000] {dag.py:3096} INFO - Sync 1 DAGs
[2024-06-18T09:47:02.981+0000] {logging_mixin.py:188} INFO - [2024-06-18T09:47:02.980+0000] {dag.py:3954} INFO - Setting next_dagrun for example_xcom to 2021-01-01 00:00:00+00:00, run_after=2021-01-01 00:00:00+00:00
[2024-06-18T09:47:02.994+0000] {processor.py:183} INFO - Processing /home/airflow/.local/lib/python3.12/site-packages/airflow/example_dags/example_xcom.py took 0.044 seconds
[2024-06-18T09:47:33.697+0000] {processor.py:161} INFO - Started process (PID=7806) to work on /home/airflow/.local/lib/python3.12/site-packages/airflow/example_dags/example_xcom.py
[2024-06-18T09:47:33.698+0000] {processor.py:830} INFO - Processing file /home/airflow/.local/lib/python3.12/site-packages/airflow/example_dags/example_xcom.py for tasks to queue
[2024-06-18T09:47:33.699+0000] {logging_mixin.py:188} INFO - [2024-06-18T09:47:33.699+0000] {dagbag.py:545} INFO - Filling up the DagBag from /home/airflow/.local/lib/python3.12/site-packages/airflow/example_dags/example_xcom.py
[2024-06-18T09:47:33.703+0000] {processor.py:840} INFO - DAG(s) 'example_xcom' retrieved from /home/airflow/.local/lib/python3.12/site-packages/airflow/example_dags/example_xcom.py
[2024-06-18T09:47:33.715+0000] {logging_mixin.py:188} INFO - [2024-06-18T09:47:33.714+0000] {dag.py:3096} INFO - Sync 1 DAGs
[2024-06-18T09:47:33.726+0000] {logging_mixin.py:188} INFO - [2024-06-18T09:47:33.725+0000] {dag.py:3954} INFO - Setting next_dagrun for example_xcom to 2021-01-01 00:00:00+00:00, run_after=2021-01-01 00:00:00+00:00
[2024-06-18T09:47:33.736+0000] {processor.py:183} INFO - Processing /home/airflow/.local/lib/python3.12/site-packages/airflow/example_dags/example_xcom.py took 0.042 seconds
[2024-06-18T09:48:04.399+0000] {processor.py:161} INFO - Started process (PID=8066) to work on /home/airflow/.local/lib/python3.12/site-packages/airflow/example_dags/example_xcom.py
[2024-06-18T09:48:04.399+0000] {processor.py:830} INFO - Processing file /home/airflow/.local/lib/python3.12/site-packages/airflow/example_dags/example_xcom.py for tasks to queue
[2024-06-18T09:48:04.400+0000] {logging_mixin.py:188} INFO - [2024-06-18T09:48:04.400+0000] {dagbag.py:545} INFO - Filling up the DagBag from /home/airflow/.local/lib/python3.12/site-packages/airflow/example_dags/example_xcom.py
[2024-06-18T09:48:04.403+0000] {processor.py:840} INFO - DAG(s) 'example_xcom' retrieved from /home/airflow/.local/lib/python3.12/site-packages/airflow/example_dags/example_xcom.py
[2024-06-18T09:48:04.414+0000] {logging_mixin.py:188} INFO - [2024-06-18T09:48:04.414+0000] {dag.py:3096} INFO - Sync 1 DAGs
[2024-06-18T09:48:04.426+0000] {logging_mixin.py:188} INFO - [2024-06-18T09:48:04.426+0000] {dag.py:3954} INFO - Setting next_dagrun for example_xcom to 2021-01-01 00:00:00+00:00, run_after=2021-01-01 00:00:00+00:00
[2024-06-18T09:48:04.436+0000] {processor.py:183} INFO - Processing /home/airflow/.local/lib/python3.12/site-packages/airflow/example_dags/example_xcom.py took 0.041 seconds
[2024-06-18T09:48:35.210+0000] {processor.py:161} INFO - Started process (PID=8328) to work on /home/airflow/.local/lib/python3.12/site-packages/airflow/example_dags/example_xcom.py
[2024-06-18T09:48:35.211+0000] {processor.py:830} INFO - Processing file /home/airflow/.local/lib/python3.12/site-packages/airflow/example_dags/example_xcom.py for tasks to queue
[2024-06-18T09:48:35.212+0000] {logging_mixin.py:188} INFO - [2024-06-18T09:48:35.212+0000] {dagbag.py:545} INFO - Filling up the DagBag from /home/airflow/.local/lib/python3.12/site-packages/airflow/example_dags/example_xcom.py
[2024-06-18T09:48:35.215+0000] {processor.py:840} INFO - DAG(s) 'example_xcom' retrieved from /home/airflow/.local/lib/python3.12/site-packages/airflow/example_dags/example_xcom.py
[2024-06-18T09:48:35.227+0000] {logging_mixin.py:188} INFO - [2024-06-18T09:48:35.226+0000] {dag.py:3096} INFO - Sync 1 DAGs
[2024-06-18T09:48:35.237+0000] {logging_mixin.py:188} INFO - [2024-06-18T09:48:35.237+0000] {dag.py:3954} INFO - Setting next_dagrun for example_xcom to 2021-01-01 00:00:00+00:00, run_after=2021-01-01 00:00:00+00:00
[2024-06-18T09:48:35.247+0000] {processor.py:183} INFO - Processing /home/airflow/.local/lib/python3.12/site-packages/airflow/example_dags/example_xcom.py took 0.040 seconds
[2024-06-18T09:49:06.011+0000] {processor.py:161} INFO - Started process (PID=8592) to work on /home/airflow/.local/lib/python3.12/site-packages/airflow/example_dags/example_xcom.py
[2024-06-18T09:49:06.012+0000] {processor.py:830} INFO - Processing file /home/airflow/.local/lib/python3.12/site-packages/airflow/example_dags/example_xcom.py for tasks to queue
[2024-06-18T09:49:06.013+0000] {logging_mixin.py:188} INFO - [2024-06-18T09:49:06.012+0000] {dagbag.py:545} INFO - Filling up the DagBag from /home/airflow/.local/lib/python3.12/site-packages/airflow/example_dags/example_xcom.py
[2024-06-18T09:49:06.017+0000] {processor.py:840} INFO - DAG(s) 'example_xcom' retrieved from /home/airflow/.local/lib/python3.12/site-packages/airflow/example_dags/example_xcom.py
[2024-06-18T09:49:06.031+0000] {logging_mixin.py:188} INFO - [2024-06-18T09:49:06.030+0000] {dag.py:3096} INFO - Sync 1 DAGs
[2024-06-18T09:49:06.046+0000] {logging_mixin.py:188} INFO - [2024-06-18T09:49:06.046+0000] {dag.py:3954} INFO - Setting next_dagrun for example_xcom to 2021-01-01 00:00:00+00:00, run_after=2021-01-01 00:00:00+00:00
[2024-06-18T09:49:06.058+0000] {processor.py:183} INFO - Processing /home/airflow/.local/lib/python3.12/site-packages/airflow/example_dags/example_xcom.py took 0.051 seconds
[2024-06-18T09:49:36.170+0000] {processor.py:161} INFO - Started process (PID=8854) to work on /home/airflow/.local/lib/python3.12/site-packages/airflow/example_dags/example_xcom.py
[2024-06-18T09:49:36.171+0000] {processor.py:830} INFO - Processing file /home/airflow/.local/lib/python3.12/site-packages/airflow/example_dags/example_xcom.py for tasks to queue
[2024-06-18T09:49:36.172+0000] {logging_mixin.py:188} INFO - [2024-06-18T09:49:36.171+0000] {dagbag.py:545} INFO - Filling up the DagBag from /home/airflow/.local/lib/python3.12/site-packages/airflow/example_dags/example_xcom.py
[2024-06-18T09:49:36.176+0000] {processor.py:840} INFO - DAG(s) 'example_xcom' retrieved from /home/airflow/.local/lib/python3.12/site-packages/airflow/example_dags/example_xcom.py
[2024-06-18T09:49:36.190+0000] {logging_mixin.py:188} INFO - [2024-06-18T09:49:36.190+0000] {dag.py:3096} INFO - Sync 1 DAGs
[2024-06-18T09:49:36.204+0000] {logging_mixin.py:188} INFO - [2024-06-18T09:49:36.203+0000] {dag.py:3954} INFO - Setting next_dagrun for example_xcom to 2021-01-01 00:00:00+00:00, run_after=2021-01-01 00:00:00+00:00
[2024-06-18T09:49:36.216+0000] {processor.py:183} INFO - Processing /home/airflow/.local/lib/python3.12/site-packages/airflow/example_dags/example_xcom.py took 0.051 seconds
[2024-06-18T09:50:06.391+0000] {processor.py:161} INFO - Started process (PID=9116) to work on /home/airflow/.local/lib/python3.12/site-packages/airflow/example_dags/example_xcom.py
[2024-06-18T09:50:06.393+0000] {processor.py:830} INFO - Processing file /home/airflow/.local/lib/python3.12/site-packages/airflow/example_dags/example_xcom.py for tasks to queue
[2024-06-18T09:50:06.394+0000] {logging_mixin.py:188} INFO - [2024-06-18T09:50:06.394+0000] {dagbag.py:545} INFO - Filling up the DagBag from /home/airflow/.local/lib/python3.12/site-packages/airflow/example_dags/example_xcom.py
[2024-06-18T09:50:06.398+0000] {processor.py:840} INFO - DAG(s) 'example_xcom' retrieved from /home/airflow/.local/lib/python3.12/site-packages/airflow/example_dags/example_xcom.py
[2024-06-18T09:50:06.411+0000] {logging_mixin.py:188} INFO - [2024-06-18T09:50:06.411+0000] {dag.py:3096} INFO - Sync 1 DAGs
[2024-06-18T09:50:06.425+0000] {logging_mixin.py:188} INFO - [2024-06-18T09:50:06.424+0000] {dag.py:3954} INFO - Setting next_dagrun for example_xcom to 2021-01-01 00:00:00+00:00, run_after=2021-01-01 00:00:00+00:00
[2024-06-18T09:50:06.436+0000] {processor.py:183} INFO - Processing /home/airflow/.local/lib/python3.12/site-packages/airflow/example_dags/example_xcom.py took 0.048 seconds
[2024-06-18T09:50:36.548+0000] {processor.py:161} INFO - Started process (PID=9378) to work on /home/airflow/.local/lib/python3.12/site-packages/airflow/example_dags/example_xcom.py
[2024-06-18T09:50:36.549+0000] {processor.py:830} INFO - Processing file /home/airflow/.local/lib/python3.12/site-packages/airflow/example_dags/example_xcom.py for tasks to queue
[2024-06-18T09:50:36.550+0000] {logging_mixin.py:188} INFO - [2024-06-18T09:50:36.550+0000] {dagbag.py:545} INFO - Filling up the DagBag from /home/airflow/.local/lib/python3.12/site-packages/airflow/example_dags/example_xcom.py
[2024-06-18T09:50:36.554+0000] {processor.py:840} INFO - DAG(s) 'example_xcom' retrieved from /home/airflow/.local/lib/python3.12/site-packages/airflow/example_dags/example_xcom.py
[2024-06-18T09:50:36.567+0000] {logging_mixin.py:188} INFO - [2024-06-18T09:50:36.567+0000] {dag.py:3096} INFO - Sync 1 DAGs
[2024-06-18T09:50:36.580+0000] {logging_mixin.py:188} INFO - [2024-06-18T09:50:36.580+0000] {dag.py:3954} INFO - Setting next_dagrun for example_xcom to 2021-01-01 00:00:00+00:00, run_after=2021-01-01 00:00:00+00:00
[2024-06-18T09:50:36.590+0000] {processor.py:183} INFO - Processing /home/airflow/.local/lib/python3.12/site-packages/airflow/example_dags/example_xcom.py took 0.046 seconds
[2024-06-18T09:51:06.624+0000] {processor.py:161} INFO - Started process (PID=9640) to work on /home/airflow/.local/lib/python3.12/site-packages/airflow/example_dags/example_xcom.py
[2024-06-18T09:51:06.625+0000] {processor.py:830} INFO - Processing file /home/airflow/.local/lib/python3.12/site-packages/airflow/example_dags/example_xcom.py for tasks to queue
[2024-06-18T09:51:06.626+0000] {logging_mixin.py:188} INFO - [2024-06-18T09:51:06.625+0000] {dagbag.py:545} INFO - Filling up the DagBag from /home/airflow/.local/lib/python3.12/site-packages/airflow/example_dags/example_xcom.py
[2024-06-18T09:51:06.630+0000] {processor.py:840} INFO - DAG(s) 'example_xcom' retrieved from /home/airflow/.local/lib/python3.12/site-packages/airflow/example_dags/example_xcom.py
[2024-06-18T09:51:06.645+0000] {logging_mixin.py:188} INFO - [2024-06-18T09:51:06.644+0000] {dag.py:3096} INFO - Sync 1 DAGs
[2024-06-18T09:51:06.657+0000] {logging_mixin.py:188} INFO - [2024-06-18T09:51:06.656+0000] {dag.py:3954} INFO - Setting next_dagrun for example_xcom to 2021-01-01 00:00:00+00:00, run_after=2021-01-01 00:00:00+00:00
[2024-06-18T09:51:06.667+0000] {processor.py:183} INFO - Processing /home/airflow/.local/lib/python3.12/site-packages/airflow/example_dags/example_xcom.py took 0.046 seconds
[2024-06-18T09:51:36.943+0000] {processor.py:161} INFO - Started process (PID=9902) to work on /home/airflow/.local/lib/python3.12/site-packages/airflow/example_dags/example_xcom.py
[2024-06-18T09:51:36.943+0000] {processor.py:830} INFO - Processing file /home/airflow/.local/lib/python3.12/site-packages/airflow/example_dags/example_xcom.py for tasks to queue
[2024-06-18T09:51:36.944+0000] {logging_mixin.py:188} INFO - [2024-06-18T09:51:36.944+0000] {dagbag.py:545} INFO - Filling up the DagBag from /home/airflow/.local/lib/python3.12/site-packages/airflow/example_dags/example_xcom.py
[2024-06-18T09:51:36.948+0000] {processor.py:840} INFO - DAG(s) 'example_xcom' retrieved from /home/airflow/.local/lib/python3.12/site-packages/airflow/example_dags/example_xcom.py
[2024-06-18T09:51:36.960+0000] {logging_mixin.py:188} INFO - [2024-06-18T09:51:36.960+0000] {dag.py:3096} INFO - Sync 1 DAGs
[2024-06-18T09:51:36.973+0000] {logging_mixin.py:188} INFO - [2024-06-18T09:51:36.973+0000] {dag.py:3954} INFO - Setting next_dagrun for example_xcom to 2021-01-01 00:00:00+00:00, run_after=2021-01-01 00:00:00+00:00
[2024-06-18T09:51:36.984+0000] {processor.py:183} INFO - Processing /home/airflow/.local/lib/python3.12/site-packages/airflow/example_dags/example_xcom.py took 0.045 seconds
[2024-06-18T09:52:07.645+0000] {processor.py:161} INFO - Started process (PID=10164) to work on /home/airflow/.local/lib/python3.12/site-packages/airflow/example_dags/example_xcom.py
[2024-06-18T09:52:07.645+0000] {processor.py:830} INFO - Processing file /home/airflow/.local/lib/python3.12/site-packages/airflow/example_dags/example_xcom.py for tasks to queue
[2024-06-18T09:52:07.646+0000] {logging_mixin.py:188} INFO - [2024-06-18T09:52:07.646+0000] {dagbag.py:545} INFO - Filling up the DagBag from /home/airflow/.local/lib/python3.12/site-packages/airflow/example_dags/example_xcom.py
[2024-06-18T09:52:07.650+0000] {processor.py:840} INFO - DAG(s) 'example_xcom' retrieved from /home/airflow/.local/lib/python3.12/site-packages/airflow/example_dags/example_xcom.py
[2024-06-18T09:52:07.663+0000] {logging_mixin.py:188} INFO - [2024-06-18T09:52:07.663+0000] {dag.py:3096} INFO - Sync 1 DAGs
[2024-06-18T09:52:07.675+0000] {logging_mixin.py:188} INFO - [2024-06-18T09:52:07.675+0000] {dag.py:3954} INFO - Setting next_dagrun for example_xcom to 2021-01-01 00:00:00+00:00, run_after=2021-01-01 00:00:00+00:00
[2024-06-18T09:52:07.685+0000] {processor.py:183} INFO - Processing /home/airflow/.local/lib/python3.12/site-packages/airflow/example_dags/example_xcom.py took 0.043 seconds
[2024-06-18T09:52:37.921+0000] {processor.py:161} INFO - Started process (PID=10426) to work on /home/airflow/.local/lib/python3.12/site-packages/airflow/example_dags/example_xcom.py
[2024-06-18T09:52:37.921+0000] {processor.py:830} INFO - Processing file /home/airflow/.local/lib/python3.12/site-packages/airflow/example_dags/example_xcom.py for tasks to queue
[2024-06-18T09:52:37.922+0000] {logging_mixin.py:188} INFO - [2024-06-18T09:52:37.922+0000] {dagbag.py:545} INFO - Filling up the DagBag from /home/airflow/.local/lib/python3.12/site-packages/airflow/example_dags/example_xcom.py
[2024-06-18T09:52:37.926+0000] {processor.py:840} INFO - DAG(s) 'example_xcom' retrieved from /home/airflow/.local/lib/python3.12/site-packages/airflow/example_dags/example_xcom.py
[2024-06-18T09:52:37.942+0000] {logging_mixin.py:188} INFO - [2024-06-18T09:52:37.941+0000] {dag.py:3096} INFO - Sync 1 DAGs
[2024-06-18T09:52:37.955+0000] {logging_mixin.py:188} INFO - [2024-06-18T09:52:37.955+0000] {dag.py:3954} INFO - Setting next_dagrun for example_xcom to 2021-01-01 00:00:00+00:00, run_after=2021-01-01 00:00:00+00:00
[2024-06-18T09:52:37.967+0000] {processor.py:183} INFO - Processing /home/airflow/.local/lib/python3.12/site-packages/airflow/example_dags/example_xcom.py took 0.051 seconds
[2024-06-18T09:53:08.386+0000] {processor.py:161} INFO - Started process (PID=10688) to work on /home/airflow/.local/lib/python3.12/site-packages/airflow/example_dags/example_xcom.py
[2024-06-18T09:53:08.387+0000] {processor.py:830} INFO - Processing file /home/airflow/.local/lib/python3.12/site-packages/airflow/example_dags/example_xcom.py for tasks to queue
[2024-06-18T09:53:08.388+0000] {logging_mixin.py:188} INFO - [2024-06-18T09:53:08.388+0000] {dagbag.py:545} INFO - Filling up the DagBag from /home/airflow/.local/lib/python3.12/site-packages/airflow/example_dags/example_xcom.py
[2024-06-18T09:53:08.491+0000] {processor.py:840} INFO - DAG(s) 'example_xcom' retrieved from /home/airflow/.local/lib/python3.12/site-packages/airflow/example_dags/example_xcom.py
[2024-06-18T09:53:08.502+0000] {logging_mixin.py:188} INFO - [2024-06-18T09:53:08.502+0000] {dag.py:3096} INFO - Sync 1 DAGs
[2024-06-18T09:53:08.514+0000] {logging_mixin.py:188} INFO - [2024-06-18T09:53:08.514+0000] {dag.py:3954} INFO - Setting next_dagrun for example_xcom to 2021-01-01 00:00:00+00:00, run_after=2021-01-01 00:00:00+00:00
[2024-06-18T09:53:08.525+0000] {processor.py:183} INFO - Processing /home/airflow/.local/lib/python3.12/site-packages/airflow/example_dags/example_xcom.py took 0.142 seconds
[2024-06-18T09:53:38.924+0000] {processor.py:161} INFO - Started process (PID=10950) to work on /home/airflow/.local/lib/python3.12/site-packages/airflow/example_dags/example_xcom.py
[2024-06-18T09:53:38.926+0000] {processor.py:830} INFO - Processing file /home/airflow/.local/lib/python3.12/site-packages/airflow/example_dags/example_xcom.py for tasks to queue
[2024-06-18T09:53:38.927+0000] {logging_mixin.py:188} INFO - [2024-06-18T09:53:38.927+0000] {dagbag.py:545} INFO - Filling up the DagBag from /home/airflow/.local/lib/python3.12/site-packages/airflow/example_dags/example_xcom.py
[2024-06-18T09:53:38.931+0000] {processor.py:840} INFO - DAG(s) 'example_xcom' retrieved from /home/airflow/.local/lib/python3.12/site-packages/airflow/example_dags/example_xcom.py
[2024-06-18T09:53:38.944+0000] {logging_mixin.py:188} INFO - [2024-06-18T09:53:38.944+0000] {dag.py:3096} INFO - Sync 1 DAGs
[2024-06-18T09:53:38.956+0000] {logging_mixin.py:188} INFO - [2024-06-18T09:53:38.956+0000] {dag.py:3954} INFO - Setting next_dagrun for example_xcom to 2021-01-01 00:00:00+00:00, run_after=2021-01-01 00:00:00+00:00
[2024-06-18T09:53:38.967+0000] {processor.py:183} INFO - Processing /home/airflow/.local/lib/python3.12/site-packages/airflow/example_dags/example_xcom.py took 0.047 seconds
[2024-06-18T09:54:09.058+0000] {processor.py:161} INFO - Started process (PID=11212) to work on /home/airflow/.local/lib/python3.12/site-packages/airflow/example_dags/example_xcom.py
[2024-06-18T09:54:09.059+0000] {processor.py:830} INFO - Processing file /home/airflow/.local/lib/python3.12/site-packages/airflow/example_dags/example_xcom.py for tasks to queue
[2024-06-18T09:54:09.060+0000] {logging_mixin.py:188} INFO - [2024-06-18T09:54:09.060+0000] {dagbag.py:545} INFO - Filling up the DagBag from /home/airflow/.local/lib/python3.12/site-packages/airflow/example_dags/example_xcom.py
[2024-06-18T09:54:09.065+0000] {processor.py:840} INFO - DAG(s) 'example_xcom' retrieved from /home/airflow/.local/lib/python3.12/site-packages/airflow/example_dags/example_xcom.py
[2024-06-18T09:54:09.078+0000] {logging_mixin.py:188} INFO - [2024-06-18T09:54:09.077+0000] {dag.py:3096} INFO - Sync 1 DAGs
[2024-06-18T09:54:09.090+0000] {logging_mixin.py:188} INFO - [2024-06-18T09:54:09.090+0000] {dag.py:3954} INFO - Setting next_dagrun for example_xcom to 2021-01-01 00:00:00+00:00, run_after=2021-01-01 00:00:00+00:00
[2024-06-18T09:54:09.100+0000] {processor.py:183} INFO - Processing /home/airflow/.local/lib/python3.12/site-packages/airflow/example_dags/example_xcom.py took 0.045 seconds
[2024-06-18T09:54:39.160+0000] {processor.py:161} INFO - Started process (PID=11474) to work on /home/airflow/.local/lib/python3.12/site-packages/airflow/example_dags/example_xcom.py
[2024-06-18T09:54:39.161+0000] {processor.py:830} INFO - Processing file /home/airflow/.local/lib/python3.12/site-packages/airflow/example_dags/example_xcom.py for tasks to queue
[2024-06-18T09:54:39.161+0000] {logging_mixin.py:188} INFO - [2024-06-18T09:54:39.161+0000] {dagbag.py:545} INFO - Filling up the DagBag from /home/airflow/.local/lib/python3.12/site-packages/airflow/example_dags/example_xcom.py
[2024-06-18T09:54:39.166+0000] {processor.py:840} INFO - DAG(s) 'example_xcom' retrieved from /home/airflow/.local/lib/python3.12/site-packages/airflow/example_dags/example_xcom.py
[2024-06-18T09:54:39.178+0000] {logging_mixin.py:188} INFO - [2024-06-18T09:54:39.178+0000] {dag.py:3096} INFO - Sync 1 DAGs
[2024-06-18T09:54:39.189+0000] {logging_mixin.py:188} INFO - [2024-06-18T09:54:39.189+0000] {dag.py:3954} INFO - Setting next_dagrun for example_xcom to 2021-01-01 00:00:00+00:00, run_after=2021-01-01 00:00:00+00:00
[2024-06-18T09:54:39.199+0000] {processor.py:183} INFO - Processing /home/airflow/.local/lib/python3.12/site-packages/airflow/example_dags/example_xcom.py took 0.043 seconds
[2024-06-18T09:55:09.355+0000] {processor.py:161} INFO - Started process (PID=11736) to work on /home/airflow/.local/lib/python3.12/site-packages/airflow/example_dags/example_xcom.py
[2024-06-18T09:55:09.355+0000] {processor.py:830} INFO - Processing file /home/airflow/.local/lib/python3.12/site-packages/airflow/example_dags/example_xcom.py for tasks to queue
[2024-06-18T09:55:09.356+0000] {logging_mixin.py:188} INFO - [2024-06-18T09:55:09.356+0000] {dagbag.py:545} INFO - Filling up the DagBag from /home/airflow/.local/lib/python3.12/site-packages/airflow/example_dags/example_xcom.py
[2024-06-18T09:55:09.360+0000] {processor.py:840} INFO - DAG(s) 'example_xcom' retrieved from /home/airflow/.local/lib/python3.12/site-packages/airflow/example_dags/example_xcom.py
[2024-06-18T09:55:09.374+0000] {logging_mixin.py:188} INFO - [2024-06-18T09:55:09.374+0000] {dag.py:3096} INFO - Sync 1 DAGs
[2024-06-18T09:55:09.390+0000] {logging_mixin.py:188} INFO - [2024-06-18T09:55:09.390+0000] {dag.py:3954} INFO - Setting next_dagrun for example_xcom to 2021-01-01 00:00:00+00:00, run_after=2021-01-01 00:00:00+00:00
[2024-06-18T09:55:09.404+0000] {processor.py:183} INFO - Processing /home/airflow/.local/lib/python3.12/site-packages/airflow/example_dags/example_xcom.py took 0.053 seconds
[2024-06-18T09:55:39.461+0000] {processor.py:161} INFO - Started process (PID=11998) to work on /home/airflow/.local/lib/python3.12/site-packages/airflow/example_dags/example_xcom.py
[2024-06-18T09:55:39.461+0000] {processor.py:830} INFO - Processing file /home/airflow/.local/lib/python3.12/site-packages/airflow/example_dags/example_xcom.py for tasks to queue
[2024-06-18T09:55:39.462+0000] {logging_mixin.py:188} INFO - [2024-06-18T09:55:39.462+0000] {dagbag.py:545} INFO - Filling up the DagBag from /home/airflow/.local/lib/python3.12/site-packages/airflow/example_dags/example_xcom.py
[2024-06-18T09:55:39.466+0000] {processor.py:840} INFO - DAG(s) 'example_xcom' retrieved from /home/airflow/.local/lib/python3.12/site-packages/airflow/example_dags/example_xcom.py
[2024-06-18T09:55:39.479+0000] {logging_mixin.py:188} INFO - [2024-06-18T09:55:39.479+0000] {dag.py:3096} INFO - Sync 1 DAGs
[2024-06-18T09:55:39.491+0000] {logging_mixin.py:188} INFO - [2024-06-18T09:55:39.491+0000] {dag.py:3954} INFO - Setting next_dagrun for example_xcom to 2021-01-01 00:00:00+00:00, run_after=2021-01-01 00:00:00+00:00
[2024-06-18T09:55:39.501+0000] {processor.py:183} INFO - Processing /home/airflow/.local/lib/python3.12/site-packages/airflow/example_dags/example_xcom.py took 0.044 seconds
[2024-06-18T09:56:10.252+0000] {processor.py:161} INFO - Started process (PID=12260) to work on /home/airflow/.local/lib/python3.12/site-packages/airflow/example_dags/example_xcom.py
[2024-06-18T09:56:10.254+0000] {processor.py:830} INFO - Processing file /home/airflow/.local/lib/python3.12/site-packages/airflow/example_dags/example_xcom.py for tasks to queue
[2024-06-18T09:56:10.255+0000] {logging_mixin.py:188} INFO - [2024-06-18T09:56:10.255+0000] {dagbag.py:545} INFO - Filling up the DagBag from /home/airflow/.local/lib/python3.12/site-packages/airflow/example_dags/example_xcom.py
[2024-06-18T09:56:10.259+0000] {processor.py:840} INFO - DAG(s) 'example_xcom' retrieved from /home/airflow/.local/lib/python3.12/site-packages/airflow/example_dags/example_xcom.py
[2024-06-18T09:56:10.272+0000] {logging_mixin.py:188} INFO - [2024-06-18T09:56:10.272+0000] {dag.py:3096} INFO - Sync 1 DAGs
[2024-06-18T09:56:10.284+0000] {logging_mixin.py:188} INFO - [2024-06-18T09:56:10.284+0000] {dag.py:3954} INFO - Setting next_dagrun for example_xcom to 2021-01-01 00:00:00+00:00, run_after=2021-01-01 00:00:00+00:00
[2024-06-18T09:56:10.295+0000] {processor.py:183} INFO - Processing /home/airflow/.local/lib/python3.12/site-packages/airflow/example_dags/example_xcom.py took 0.048 seconds
[2024-06-18T09:56:41.003+0000] {processor.py:161} INFO - Started process (PID=12522) to work on /home/airflow/.local/lib/python3.12/site-packages/airflow/example_dags/example_xcom.py
[2024-06-18T09:56:41.004+0000] {processor.py:830} INFO - Processing file /home/airflow/.local/lib/python3.12/site-packages/airflow/example_dags/example_xcom.py for tasks to queue
[2024-06-18T09:56:41.005+0000] {logging_mixin.py:188} INFO - [2024-06-18T09:56:41.005+0000] {dagbag.py:545} INFO - Filling up the DagBag from /home/airflow/.local/lib/python3.12/site-packages/airflow/example_dags/example_xcom.py
[2024-06-18T09:56:41.010+0000] {processor.py:840} INFO - DAG(s) 'example_xcom' retrieved from /home/airflow/.local/lib/python3.12/site-packages/airflow/example_dags/example_xcom.py
[2024-06-18T09:56:41.022+0000] {logging_mixin.py:188} INFO - [2024-06-18T09:56:41.022+0000] {dag.py:3096} INFO - Sync 1 DAGs
[2024-06-18T09:56:41.034+0000] {logging_mixin.py:188} INFO - [2024-06-18T09:56:41.034+0000] {dag.py:3954} INFO - Setting next_dagrun for example_xcom to 2021-01-01 00:00:00+00:00, run_after=2021-01-01 00:00:00+00:00
[2024-06-18T09:56:41.045+0000] {processor.py:183} INFO - Processing /home/airflow/.local/lib/python3.12/site-packages/airflow/example_dags/example_xcom.py took 0.045 seconds
[2024-06-18T09:57:11.095+0000] {processor.py:161} INFO - Started process (PID=12784) to work on /home/airflow/.local/lib/python3.12/site-packages/airflow/example_dags/example_xcom.py
[2024-06-18T09:57:11.096+0000] {processor.py:830} INFO - Processing file /home/airflow/.local/lib/python3.12/site-packages/airflow/example_dags/example_xcom.py for tasks to queue
[2024-06-18T09:57:11.097+0000] {logging_mixin.py:188} INFO - [2024-06-18T09:57:11.096+0000] {dagbag.py:545} INFO - Filling up the DagBag from /home/airflow/.local/lib/python3.12/site-packages/airflow/example_dags/example_xcom.py
[2024-06-18T09:57:11.101+0000] {processor.py:840} INFO - DAG(s) 'example_xcom' retrieved from /home/airflow/.local/lib/python3.12/site-packages/airflow/example_dags/example_xcom.py
[2024-06-18T09:57:11.112+0000] {logging_mixin.py:188} INFO - [2024-06-18T09:57:11.112+0000] {dag.py:3096} INFO - Sync 1 DAGs
[2024-06-18T09:57:11.124+0000] {logging_mixin.py:188} INFO - [2024-06-18T09:57:11.124+0000] {dag.py:3954} INFO - Setting next_dagrun for example_xcom to 2021-01-01 00:00:00+00:00, run_after=2021-01-01 00:00:00+00:00
[2024-06-18T09:57:11.134+0000] {processor.py:183} INFO - Processing /home/airflow/.local/lib/python3.12/site-packages/airflow/example_dags/example_xcom.py took 0.042 seconds
[2024-06-18T09:57:41.999+0000] {processor.py:161} INFO - Started process (PID=13038) to work on /home/airflow/.local/lib/python3.12/site-packages/airflow/example_dags/example_xcom.py
[2024-06-18T09:57:42.000+0000] {processor.py:830} INFO - Processing file /home/airflow/.local/lib/python3.12/site-packages/airflow/example_dags/example_xcom.py for tasks to queue
[2024-06-18T09:57:42.002+0000] {logging_mixin.py:188} INFO - [2024-06-18T09:57:42.001+0000] {dagbag.py:545} INFO - Filling up the DagBag from /home/airflow/.local/lib/python3.12/site-packages/airflow/example_dags/example_xcom.py
[2024-06-18T09:57:42.007+0000] {processor.py:840} INFO - DAG(s) 'example_xcom' retrieved from /home/airflow/.local/lib/python3.12/site-packages/airflow/example_dags/example_xcom.py
[2024-06-18T09:57:42.027+0000] {logging_mixin.py:188} INFO - [2024-06-18T09:57:42.026+0000] {dag.py:3096} INFO - Sync 1 DAGs
[2024-06-18T09:57:42.046+0000] {logging_mixin.py:188} INFO - [2024-06-18T09:57:42.046+0000] {dag.py:3954} INFO - Setting next_dagrun for example_xcom to 2021-01-01 00:00:00+00:00, run_after=2021-01-01 00:00:00+00:00
[2024-06-18T09:57:42.065+0000] {processor.py:183} INFO - Processing /home/airflow/.local/lib/python3.12/site-packages/airflow/example_dags/example_xcom.py took 0.071 seconds
[2024-06-18T09:58:12.200+0000] {processor.py:161} INFO - Started process (PID=13302) to work on /home/airflow/.local/lib/python3.12/site-packages/airflow/example_dags/example_xcom.py
[2024-06-18T09:58:12.201+0000] {processor.py:830} INFO - Processing file /home/airflow/.local/lib/python3.12/site-packages/airflow/example_dags/example_xcom.py for tasks to queue
[2024-06-18T09:58:12.202+0000] {logging_mixin.py:188} INFO - [2024-06-18T09:58:12.201+0000] {dagbag.py:545} INFO - Filling up the DagBag from /home/airflow/.local/lib/python3.12/site-packages/airflow/example_dags/example_xcom.py
[2024-06-18T09:58:12.206+0000] {processor.py:840} INFO - DAG(s) 'example_xcom' retrieved from /home/airflow/.local/lib/python3.12/site-packages/airflow/example_dags/example_xcom.py
[2024-06-18T09:58:12.219+0000] {logging_mixin.py:188} INFO - [2024-06-18T09:58:12.219+0000] {dag.py:3096} INFO - Sync 1 DAGs
[2024-06-18T09:58:12.231+0000] {logging_mixin.py:188} INFO - [2024-06-18T09:58:12.231+0000] {dag.py:3954} INFO - Setting next_dagrun for example_xcom to 2021-01-01 00:00:00+00:00, run_after=2021-01-01 00:00:00+00:00
[2024-06-18T09:58:12.241+0000] {processor.py:183} INFO - Processing /home/airflow/.local/lib/python3.12/site-packages/airflow/example_dags/example_xcom.py took 0.045 seconds
[2024-06-18T09:58:43.074+0000] {processor.py:161} INFO - Started process (PID=13564) to work on /home/airflow/.local/lib/python3.12/site-packages/airflow/example_dags/example_xcom.py
[2024-06-18T09:58:43.075+0000] {processor.py:830} INFO - Processing file /home/airflow/.local/lib/python3.12/site-packages/airflow/example_dags/example_xcom.py for tasks to queue
[2024-06-18T09:58:43.076+0000] {logging_mixin.py:188} INFO - [2024-06-18T09:58:43.076+0000] {dagbag.py:545} INFO - Filling up the DagBag from /home/airflow/.local/lib/python3.12/site-packages/airflow/example_dags/example_xcom.py
[2024-06-18T09:58:43.080+0000] {processor.py:840} INFO - DAG(s) 'example_xcom' retrieved from /home/airflow/.local/lib/python3.12/site-packages/airflow/example_dags/example_xcom.py
[2024-06-18T09:58:43.093+0000] {logging_mixin.py:188} INFO - [2024-06-18T09:58:43.092+0000] {dag.py:3096} INFO - Sync 1 DAGs
[2024-06-18T09:58:43.105+0000] {logging_mixin.py:188} INFO - [2024-06-18T09:58:43.105+0000] {dag.py:3954} INFO - Setting next_dagrun for example_xcom to 2021-01-01 00:00:00+00:00, run_after=2021-01-01 00:00:00+00:00
[2024-06-18T09:58:43.115+0000] {processor.py:183} INFO - Processing /home/airflow/.local/lib/python3.12/site-packages/airflow/example_dags/example_xcom.py took 0.044 seconds
[2024-06-18T09:59:13.308+0000] {processor.py:161} INFO - Started process (PID=13826) to work on /home/airflow/.local/lib/python3.12/site-packages/airflow/example_dags/example_xcom.py
[2024-06-18T09:59:13.309+0000] {processor.py:830} INFO - Processing file /home/airflow/.local/lib/python3.12/site-packages/airflow/example_dags/example_xcom.py for tasks to queue
[2024-06-18T09:59:13.310+0000] {logging_mixin.py:188} INFO - [2024-06-18T09:59:13.310+0000] {dagbag.py:545} INFO - Filling up the DagBag from /home/airflow/.local/lib/python3.12/site-packages/airflow/example_dags/example_xcom.py
[2024-06-18T09:59:13.315+0000] {processor.py:840} INFO - DAG(s) 'example_xcom' retrieved from /home/airflow/.local/lib/python3.12/site-packages/airflow/example_dags/example_xcom.py
[2024-06-18T09:59:13.328+0000] {logging_mixin.py:188} INFO - [2024-06-18T09:59:13.327+0000] {dag.py:3096} INFO - Sync 1 DAGs
[2024-06-18T09:59:13.340+0000] {logging_mixin.py:188} INFO - [2024-06-18T09:59:13.339+0000] {dag.py:3954} INFO - Setting next_dagrun for example_xcom to 2021-01-01 00:00:00+00:00, run_after=2021-01-01 00:00:00+00:00
[2024-06-18T09:59:13.349+0000] {processor.py:183} INFO - Processing /home/airflow/.local/lib/python3.12/site-packages/airflow/example_dags/example_xcom.py took 0.045 seconds
[2024-06-18T09:59:44.262+0000] {processor.py:161} INFO - Started process (PID=14086) to work on /home/airflow/.local/lib/python3.12/site-packages/airflow/example_dags/example_xcom.py
[2024-06-18T09:59:44.263+0000] {processor.py:830} INFO - Processing file /home/airflow/.local/lib/python3.12/site-packages/airflow/example_dags/example_xcom.py for tasks to queue
[2024-06-18T09:59:44.263+0000] {logging_mixin.py:188} INFO - [2024-06-18T09:59:44.263+0000] {dagbag.py:545} INFO - Filling up the DagBag from /home/airflow/.local/lib/python3.12/site-packages/airflow/example_dags/example_xcom.py
[2024-06-18T09:59:44.268+0000] {processor.py:840} INFO - DAG(s) 'example_xcom' retrieved from /home/airflow/.local/lib/python3.12/site-packages/airflow/example_dags/example_xcom.py
[2024-06-18T09:59:44.280+0000] {logging_mixin.py:188} INFO - [2024-06-18T09:59:44.280+0000] {dag.py:3096} INFO - Sync 1 DAGs
[2024-06-18T09:59:44.293+0000] {logging_mixin.py:188} INFO - [2024-06-18T09:59:44.293+0000] {dag.py:3954} INFO - Setting next_dagrun for example_xcom to 2021-01-01 00:00:00+00:00, run_after=2021-01-01 00:00:00+00:00
[2024-06-18T09:59:44.306+0000] {processor.py:183} INFO - Processing /home/airflow/.local/lib/python3.12/site-packages/airflow/example_dags/example_xcom.py took 0.047 seconds
