[2024-06-18T09:32:54.532+0000] {processor.py:161} INFO - Started process (PID=331) to work on /home/airflow/.local/lib/python3.12/site-packages/airflow/example_dags/example_bash_decorator.py
[2024-06-18T09:32:54.532+0000] {processor.py:830} INFO - Processing file /home/airflow/.local/lib/python3.12/site-packages/airflow/example_dags/example_bash_decorator.py for tasks to queue
[2024-06-18T09:32:54.533+0000] {logging_mixin.py:188} INFO - [2024-06-18T09:32:54.533+0000] {dagbag.py:545} INFO - Filling up the DagBag from /home/airflow/.local/lib/python3.12/site-packages/airflow/example_dags/example_bash_decorator.py
[2024-06-18T09:32:54.543+0000] {processor.py:840} INFO - DAG(s) 'example_bash_decorator' retrieved from /home/airflow/.local/lib/python3.12/site-packages/airflow/example_dags/example_bash_decorator.py
[2024-06-18T09:32:54.551+0000] {logging_mixin.py:188} INFO - [2024-06-18T09:32:54.551+0000] {dag.py:3096} INFO - Sync 1 DAGs
[2024-06-18T09:32:54.561+0000] {logging_mixin.py:188} INFO - [2024-06-18T09:32:54.561+0000] {dag.py:3954} INFO - Setting next_dagrun for example_bash_decorator to None, run_after=None
[2024-06-18T09:32:54.574+0000] {processor.py:183} INFO - Processing /home/airflow/.local/lib/python3.12/site-packages/airflow/example_dags/example_bash_decorator.py took 0.045 seconds
[2024-06-18T09:33:26.041+0000] {processor.py:161} INFO - Started process (PID=593) to work on /home/airflow/.local/lib/python3.12/site-packages/airflow/example_dags/example_bash_decorator.py
[2024-06-18T09:33:26.041+0000] {processor.py:830} INFO - Processing file /home/airflow/.local/lib/python3.12/site-packages/airflow/example_dags/example_bash_decorator.py for tasks to queue
[2024-06-18T09:33:26.042+0000] {logging_mixin.py:188} INFO - [2024-06-18T09:33:26.042+0000] {dagbag.py:545} INFO - Filling up the DagBag from /home/airflow/.local/lib/python3.12/site-packages/airflow/example_dags/example_bash_decorator.py
[2024-06-18T09:33:26.049+0000] {processor.py:840} INFO - DAG(s) 'example_bash_decorator' retrieved from /home/airflow/.local/lib/python3.12/site-packages/airflow/example_dags/example_bash_decorator.py
[2024-06-18T09:33:26.112+0000] {logging_mixin.py:188} INFO - [2024-06-18T09:33:26.112+0000] {dag.py:3096} INFO - Sync 1 DAGs
[2024-06-18T09:33:26.119+0000] {logging_mixin.py:188} INFO - [2024-06-18T09:33:26.119+0000] {dag.py:3954} INFO - Setting next_dagrun for example_bash_decorator to None, run_after=None
[2024-06-18T09:33:26.130+0000] {processor.py:183} INFO - Processing /home/airflow/.local/lib/python3.12/site-packages/airflow/example_dags/example_bash_decorator.py took 0.092 seconds
[2024-06-18T09:33:56.286+0000] {processor.py:161} INFO - Started process (PID=855) to work on /home/airflow/.local/lib/python3.12/site-packages/airflow/example_dags/example_bash_decorator.py
[2024-06-18T09:33:56.286+0000] {processor.py:830} INFO - Processing file /home/airflow/.local/lib/python3.12/site-packages/airflow/example_dags/example_bash_decorator.py for tasks to queue
[2024-06-18T09:33:56.287+0000] {logging_mixin.py:188} INFO - [2024-06-18T09:33:56.287+0000] {dagbag.py:545} INFO - Filling up the DagBag from /home/airflow/.local/lib/python3.12/site-packages/airflow/example_dags/example_bash_decorator.py
[2024-06-18T09:33:56.297+0000] {processor.py:840} INFO - DAG(s) 'example_bash_decorator' retrieved from /home/airflow/.local/lib/python3.12/site-packages/airflow/example_dags/example_bash_decorator.py
[2024-06-18T09:33:56.313+0000] {logging_mixin.py:188} INFO - [2024-06-18T09:33:56.313+0000] {dag.py:3096} INFO - Sync 1 DAGs
[2024-06-18T09:33:56.320+0000] {logging_mixin.py:188} INFO - [2024-06-18T09:33:56.320+0000] {dag.py:3954} INFO - Setting next_dagrun for example_bash_decorator to None, run_after=None
[2024-06-18T09:33:56.332+0000] {processor.py:183} INFO - Processing /home/airflow/.local/lib/python3.12/site-packages/airflow/example_dags/example_bash_decorator.py took 0.051 seconds
[2024-06-18T09:34:26.519+0000] {processor.py:161} INFO - Started process (PID=1117) to work on /home/airflow/.local/lib/python3.12/site-packages/airflow/example_dags/example_bash_decorator.py
[2024-06-18T09:34:26.519+0000] {processor.py:830} INFO - Processing file /home/airflow/.local/lib/python3.12/site-packages/airflow/example_dags/example_bash_decorator.py for tasks to queue
[2024-06-18T09:34:26.520+0000] {logging_mixin.py:188} INFO - [2024-06-18T09:34:26.520+0000] {dagbag.py:545} INFO - Filling up the DagBag from /home/airflow/.local/lib/python3.12/site-packages/airflow/example_dags/example_bash_decorator.py
[2024-06-18T09:34:26.528+0000] {processor.py:840} INFO - DAG(s) 'example_bash_decorator' retrieved from /home/airflow/.local/lib/python3.12/site-packages/airflow/example_dags/example_bash_decorator.py
[2024-06-18T09:34:26.544+0000] {logging_mixin.py:188} INFO - [2024-06-18T09:34:26.544+0000] {dag.py:3096} INFO - Sync 1 DAGs
[2024-06-18T09:34:26.553+0000] {logging_mixin.py:188} INFO - [2024-06-18T09:34:26.552+0000] {dag.py:3954} INFO - Setting next_dagrun for example_bash_decorator to None, run_after=None
[2024-06-18T09:34:26.563+0000] {processor.py:183} INFO - Processing /home/airflow/.local/lib/python3.12/site-packages/airflow/example_dags/example_bash_decorator.py took 0.048 seconds
[2024-06-18T09:34:56.721+0000] {processor.py:161} INFO - Started process (PID=1379) to work on /home/airflow/.local/lib/python3.12/site-packages/airflow/example_dags/example_bash_decorator.py
[2024-06-18T09:34:56.722+0000] {processor.py:830} INFO - Processing file /home/airflow/.local/lib/python3.12/site-packages/airflow/example_dags/example_bash_decorator.py for tasks to queue
[2024-06-18T09:34:56.723+0000] {logging_mixin.py:188} INFO - [2024-06-18T09:34:56.723+0000] {dagbag.py:545} INFO - Filling up the DagBag from /home/airflow/.local/lib/python3.12/site-packages/airflow/example_dags/example_bash_decorator.py
[2024-06-18T09:34:56.731+0000] {processor.py:840} INFO - DAG(s) 'example_bash_decorator' retrieved from /home/airflow/.local/lib/python3.12/site-packages/airflow/example_dags/example_bash_decorator.py
[2024-06-18T09:34:56.747+0000] {logging_mixin.py:188} INFO - [2024-06-18T09:34:56.746+0000] {dag.py:3096} INFO - Sync 1 DAGs
[2024-06-18T09:34:56.756+0000] {logging_mixin.py:188} INFO - [2024-06-18T09:34:56.756+0000] {dag.py:3954} INFO - Setting next_dagrun for example_bash_decorator to None, run_after=None
[2024-06-18T09:34:56.767+0000] {processor.py:183} INFO - Processing /home/airflow/.local/lib/python3.12/site-packages/airflow/example_dags/example_bash_decorator.py took 0.049 seconds
[2024-06-18T09:35:26.836+0000] {processor.py:161} INFO - Started process (PID=1641) to work on /home/airflow/.local/lib/python3.12/site-packages/airflow/example_dags/example_bash_decorator.py
[2024-06-18T09:35:26.836+0000] {processor.py:830} INFO - Processing file /home/airflow/.local/lib/python3.12/site-packages/airflow/example_dags/example_bash_decorator.py for tasks to queue
[2024-06-18T09:35:26.837+0000] {logging_mixin.py:188} INFO - [2024-06-18T09:35:26.837+0000] {dagbag.py:545} INFO - Filling up the DagBag from /home/airflow/.local/lib/python3.12/site-packages/airflow/example_dags/example_bash_decorator.py
[2024-06-18T09:35:26.846+0000] {processor.py:840} INFO - DAG(s) 'example_bash_decorator' retrieved from /home/airflow/.local/lib/python3.12/site-packages/airflow/example_dags/example_bash_decorator.py
[2024-06-18T09:35:26.861+0000] {logging_mixin.py:188} INFO - [2024-06-18T09:35:26.860+0000] {dag.py:3096} INFO - Sync 1 DAGs
[2024-06-18T09:35:26.868+0000] {logging_mixin.py:188} INFO - [2024-06-18T09:35:26.868+0000] {dag.py:3954} INFO - Setting next_dagrun for example_bash_decorator to None, run_after=None
[2024-06-18T09:35:26.880+0000] {processor.py:183} INFO - Processing /home/airflow/.local/lib/python3.12/site-packages/airflow/example_dags/example_bash_decorator.py took 0.048 seconds
[2024-06-18T09:35:57.063+0000] {processor.py:161} INFO - Started process (PID=1903) to work on /home/airflow/.local/lib/python3.12/site-packages/airflow/example_dags/example_bash_decorator.py
[2024-06-18T09:35:57.063+0000] {processor.py:830} INFO - Processing file /home/airflow/.local/lib/python3.12/site-packages/airflow/example_dags/example_bash_decorator.py for tasks to queue
[2024-06-18T09:35:57.064+0000] {logging_mixin.py:188} INFO - [2024-06-18T09:35:57.064+0000] {dagbag.py:545} INFO - Filling up the DagBag from /home/airflow/.local/lib/python3.12/site-packages/airflow/example_dags/example_bash_decorator.py
[2024-06-18T09:35:57.073+0000] {processor.py:840} INFO - DAG(s) 'example_bash_decorator' retrieved from /home/airflow/.local/lib/python3.12/site-packages/airflow/example_dags/example_bash_decorator.py
[2024-06-18T09:35:57.092+0000] {logging_mixin.py:188} INFO - [2024-06-18T09:35:57.092+0000] {dag.py:3096} INFO - Sync 1 DAGs
[2024-06-18T09:35:57.102+0000] {logging_mixin.py:188} INFO - [2024-06-18T09:35:57.102+0000] {dag.py:3954} INFO - Setting next_dagrun for example_bash_decorator to None, run_after=None
[2024-06-18T09:35:57.117+0000] {processor.py:183} INFO - Processing /home/airflow/.local/lib/python3.12/site-packages/airflow/example_dags/example_bash_decorator.py took 0.059 seconds
[2024-06-18T09:36:27.163+0000] {processor.py:161} INFO - Started process (PID=2165) to work on /home/airflow/.local/lib/python3.12/site-packages/airflow/example_dags/example_bash_decorator.py
[2024-06-18T09:36:27.163+0000] {processor.py:830} INFO - Processing file /home/airflow/.local/lib/python3.12/site-packages/airflow/example_dags/example_bash_decorator.py for tasks to queue
[2024-06-18T09:36:27.164+0000] {logging_mixin.py:188} INFO - [2024-06-18T09:36:27.164+0000] {dagbag.py:545} INFO - Filling up the DagBag from /home/airflow/.local/lib/python3.12/site-packages/airflow/example_dags/example_bash_decorator.py
[2024-06-18T09:36:27.170+0000] {processor.py:840} INFO - DAG(s) 'example_bash_decorator' retrieved from /home/airflow/.local/lib/python3.12/site-packages/airflow/example_dags/example_bash_decorator.py
[2024-06-18T09:36:27.185+0000] {logging_mixin.py:188} INFO - [2024-06-18T09:36:27.185+0000] {dag.py:3096} INFO - Sync 1 DAGs
[2024-06-18T09:36:27.192+0000] {logging_mixin.py:188} INFO - [2024-06-18T09:36:27.192+0000] {dag.py:3954} INFO - Setting next_dagrun for example_bash_decorator to None, run_after=None
[2024-06-18T09:36:27.203+0000] {processor.py:183} INFO - Processing /home/airflow/.local/lib/python3.12/site-packages/airflow/example_dags/example_bash_decorator.py took 0.043 seconds
[2024-06-18T09:36:57.466+0000] {processor.py:161} INFO - Started process (PID=2427) to work on /home/airflow/.local/lib/python3.12/site-packages/airflow/example_dags/example_bash_decorator.py
[2024-06-18T09:36:57.467+0000] {processor.py:830} INFO - Processing file /home/airflow/.local/lib/python3.12/site-packages/airflow/example_dags/example_bash_decorator.py for tasks to queue
[2024-06-18T09:36:57.468+0000] {logging_mixin.py:188} INFO - [2024-06-18T09:36:57.468+0000] {dagbag.py:545} INFO - Filling up the DagBag from /home/airflow/.local/lib/python3.12/site-packages/airflow/example_dags/example_bash_decorator.py
[2024-06-18T09:36:57.475+0000] {processor.py:840} INFO - DAG(s) 'example_bash_decorator' retrieved from /home/airflow/.local/lib/python3.12/site-packages/airflow/example_dags/example_bash_decorator.py
[2024-06-18T09:36:57.489+0000] {logging_mixin.py:188} INFO - [2024-06-18T09:36:57.489+0000] {dag.py:3096} INFO - Sync 1 DAGs
[2024-06-18T09:36:57.496+0000] {logging_mixin.py:188} INFO - [2024-06-18T09:36:57.496+0000] {dag.py:3954} INFO - Setting next_dagrun for example_bash_decorator to None, run_after=None
[2024-06-18T09:36:57.506+0000] {processor.py:183} INFO - Processing /home/airflow/.local/lib/python3.12/site-packages/airflow/example_dags/example_bash_decorator.py took 0.043 seconds
[2024-06-18T09:37:27.652+0000] {processor.py:161} INFO - Started process (PID=2689) to work on /home/airflow/.local/lib/python3.12/site-packages/airflow/example_dags/example_bash_decorator.py
[2024-06-18T09:37:27.652+0000] {processor.py:830} INFO - Processing file /home/airflow/.local/lib/python3.12/site-packages/airflow/example_dags/example_bash_decorator.py for tasks to queue
[2024-06-18T09:37:27.653+0000] {logging_mixin.py:188} INFO - [2024-06-18T09:37:27.653+0000] {dagbag.py:545} INFO - Filling up the DagBag from /home/airflow/.local/lib/python3.12/site-packages/airflow/example_dags/example_bash_decorator.py
[2024-06-18T09:37:27.662+0000] {processor.py:840} INFO - DAG(s) 'example_bash_decorator' retrieved from /home/airflow/.local/lib/python3.12/site-packages/airflow/example_dags/example_bash_decorator.py
[2024-06-18T09:37:27.677+0000] {logging_mixin.py:188} INFO - [2024-06-18T09:37:27.677+0000] {dag.py:3096} INFO - Sync 1 DAGs
[2024-06-18T09:37:27.685+0000] {logging_mixin.py:188} INFO - [2024-06-18T09:37:27.685+0000] {dag.py:3954} INFO - Setting next_dagrun for example_bash_decorator to None, run_after=None
[2024-06-18T09:37:27.695+0000] {processor.py:183} INFO - Processing /home/airflow/.local/lib/python3.12/site-packages/airflow/example_dags/example_bash_decorator.py took 0.047 seconds
[2024-06-18T09:37:57.823+0000] {processor.py:161} INFO - Started process (PID=2951) to work on /home/airflow/.local/lib/python3.12/site-packages/airflow/example_dags/example_bash_decorator.py
[2024-06-18T09:37:57.824+0000] {processor.py:830} INFO - Processing file /home/airflow/.local/lib/python3.12/site-packages/airflow/example_dags/example_bash_decorator.py for tasks to queue
[2024-06-18T09:37:57.825+0000] {logging_mixin.py:188} INFO - [2024-06-18T09:37:57.825+0000] {dagbag.py:545} INFO - Filling up the DagBag from /home/airflow/.local/lib/python3.12/site-packages/airflow/example_dags/example_bash_decorator.py
[2024-06-18T09:37:57.832+0000] {processor.py:840} INFO - DAG(s) 'example_bash_decorator' retrieved from /home/airflow/.local/lib/python3.12/site-packages/airflow/example_dags/example_bash_decorator.py
[2024-06-18T09:37:57.845+0000] {logging_mixin.py:188} INFO - [2024-06-18T09:37:57.845+0000] {dag.py:3096} INFO - Sync 1 DAGs
[2024-06-18T09:37:57.852+0000] {logging_mixin.py:188} INFO - [2024-06-18T09:37:57.852+0000] {dag.py:3954} INFO - Setting next_dagrun for example_bash_decorator to None, run_after=None
[2024-06-18T09:37:57.864+0000] {processor.py:183} INFO - Processing /home/airflow/.local/lib/python3.12/site-packages/airflow/example_dags/example_bash_decorator.py took 0.044 seconds
[2024-06-18T09:38:28.885+0000] {processor.py:161} INFO - Started process (PID=3213) to work on /home/airflow/.local/lib/python3.12/site-packages/airflow/example_dags/example_bash_decorator.py
[2024-06-18T09:38:28.886+0000] {processor.py:830} INFO - Processing file /home/airflow/.local/lib/python3.12/site-packages/airflow/example_dags/example_bash_decorator.py for tasks to queue
[2024-06-18T09:38:28.887+0000] {logging_mixin.py:188} INFO - [2024-06-18T09:38:28.887+0000] {dagbag.py:545} INFO - Filling up the DagBag from /home/airflow/.local/lib/python3.12/site-packages/airflow/example_dags/example_bash_decorator.py
[2024-06-18T09:38:28.893+0000] {processor.py:840} INFO - DAG(s) 'example_bash_decorator' retrieved from /home/airflow/.local/lib/python3.12/site-packages/airflow/example_dags/example_bash_decorator.py
[2024-06-18T09:38:28.906+0000] {logging_mixin.py:188} INFO - [2024-06-18T09:38:28.906+0000] {dag.py:3096} INFO - Sync 1 DAGs
[2024-06-18T09:38:28.913+0000] {logging_mixin.py:188} INFO - [2024-06-18T09:38:28.913+0000] {dag.py:3954} INFO - Setting next_dagrun for example_bash_decorator to None, run_after=None
[2024-06-18T09:38:28.924+0000] {processor.py:183} INFO - Processing /home/airflow/.local/lib/python3.12/site-packages/airflow/example_dags/example_bash_decorator.py took 0.041 seconds
[2024-06-18T09:38:59.085+0000] {processor.py:161} INFO - Started process (PID=3477) to work on /home/airflow/.local/lib/python3.12/site-packages/airflow/example_dags/example_bash_decorator.py
[2024-06-18T09:38:59.085+0000] {processor.py:830} INFO - Processing file /home/airflow/.local/lib/python3.12/site-packages/airflow/example_dags/example_bash_decorator.py for tasks to queue
[2024-06-18T09:38:59.086+0000] {logging_mixin.py:188} INFO - [2024-06-18T09:38:59.086+0000] {dagbag.py:545} INFO - Filling up the DagBag from /home/airflow/.local/lib/python3.12/site-packages/airflow/example_dags/example_bash_decorator.py
[2024-06-18T09:38:59.093+0000] {processor.py:840} INFO - DAG(s) 'example_bash_decorator' retrieved from /home/airflow/.local/lib/python3.12/site-packages/airflow/example_dags/example_bash_decorator.py
[2024-06-18T09:38:59.107+0000] {logging_mixin.py:188} INFO - [2024-06-18T09:38:59.107+0000] {dag.py:3096} INFO - Sync 1 DAGs
[2024-06-18T09:38:59.114+0000] {logging_mixin.py:188} INFO - [2024-06-18T09:38:59.114+0000] {dag.py:3954} INFO - Setting next_dagrun for example_bash_decorator to None, run_after=None
[2024-06-18T09:38:59.124+0000] {processor.py:183} INFO - Processing /home/airflow/.local/lib/python3.12/site-packages/airflow/example_dags/example_bash_decorator.py took 0.043 seconds
[2024-06-18T09:39:29.335+0000] {processor.py:161} INFO - Started process (PID=3738) to work on /home/airflow/.local/lib/python3.12/site-packages/airflow/example_dags/example_bash_decorator.py
[2024-06-18T09:39:29.335+0000] {processor.py:830} INFO - Processing file /home/airflow/.local/lib/python3.12/site-packages/airflow/example_dags/example_bash_decorator.py for tasks to queue
[2024-06-18T09:39:29.336+0000] {logging_mixin.py:188} INFO - [2024-06-18T09:39:29.336+0000] {dagbag.py:545} INFO - Filling up the DagBag from /home/airflow/.local/lib/python3.12/site-packages/airflow/example_dags/example_bash_decorator.py
[2024-06-18T09:39:29.344+0000] {processor.py:840} INFO - DAG(s) 'example_bash_decorator' retrieved from /home/airflow/.local/lib/python3.12/site-packages/airflow/example_dags/example_bash_decorator.py
[2024-06-18T09:39:29.359+0000] {logging_mixin.py:188} INFO - [2024-06-18T09:39:29.359+0000] {dag.py:3096} INFO - Sync 1 DAGs
[2024-06-18T09:39:29.367+0000] {logging_mixin.py:188} INFO - [2024-06-18T09:39:29.367+0000] {dag.py:3954} INFO - Setting next_dagrun for example_bash_decorator to None, run_after=None
[2024-06-18T09:39:29.377+0000] {processor.py:183} INFO - Processing /home/airflow/.local/lib/python3.12/site-packages/airflow/example_dags/example_bash_decorator.py took 0.046 seconds
[2024-06-18T09:39:59.543+0000] {processor.py:161} INFO - Started process (PID=4002) to work on /home/airflow/.local/lib/python3.12/site-packages/airflow/example_dags/example_bash_decorator.py
[2024-06-18T09:39:59.544+0000] {processor.py:830} INFO - Processing file /home/airflow/.local/lib/python3.12/site-packages/airflow/example_dags/example_bash_decorator.py for tasks to queue
[2024-06-18T09:39:59.544+0000] {logging_mixin.py:188} INFO - [2024-06-18T09:39:59.544+0000] {dagbag.py:545} INFO - Filling up the DagBag from /home/airflow/.local/lib/python3.12/site-packages/airflow/example_dags/example_bash_decorator.py
[2024-06-18T09:39:59.553+0000] {processor.py:840} INFO - DAG(s) 'example_bash_decorator' retrieved from /home/airflow/.local/lib/python3.12/site-packages/airflow/example_dags/example_bash_decorator.py
[2024-06-18T09:39:59.566+0000] {logging_mixin.py:188} INFO - [2024-06-18T09:39:59.566+0000] {dag.py:3096} INFO - Sync 1 DAGs
[2024-06-18T09:39:59.573+0000] {logging_mixin.py:188} INFO - [2024-06-18T09:39:59.573+0000] {dag.py:3954} INFO - Setting next_dagrun for example_bash_decorator to None, run_after=None
[2024-06-18T09:39:59.584+0000] {processor.py:183} INFO - Processing /home/airflow/.local/lib/python3.12/site-packages/airflow/example_dags/example_bash_decorator.py took 0.045 seconds
[2024-06-18T09:40:29.797+0000] {processor.py:161} INFO - Started process (PID=4262) to work on /home/airflow/.local/lib/python3.12/site-packages/airflow/example_dags/example_bash_decorator.py
[2024-06-18T09:40:29.797+0000] {processor.py:830} INFO - Processing file /home/airflow/.local/lib/python3.12/site-packages/airflow/example_dags/example_bash_decorator.py for tasks to queue
[2024-06-18T09:40:29.798+0000] {logging_mixin.py:188} INFO - [2024-06-18T09:40:29.798+0000] {dagbag.py:545} INFO - Filling up the DagBag from /home/airflow/.local/lib/python3.12/site-packages/airflow/example_dags/example_bash_decorator.py
[2024-06-18T09:40:29.806+0000] {processor.py:840} INFO - DAG(s) 'example_bash_decorator' retrieved from /home/airflow/.local/lib/python3.12/site-packages/airflow/example_dags/example_bash_decorator.py
[2024-06-18T09:40:29.820+0000] {logging_mixin.py:188} INFO - [2024-06-18T09:40:29.820+0000] {dag.py:3096} INFO - Sync 1 DAGs
[2024-06-18T09:40:29.828+0000] {logging_mixin.py:188} INFO - [2024-06-18T09:40:29.828+0000] {dag.py:3954} INFO - Setting next_dagrun for example_bash_decorator to None, run_after=None
[2024-06-18T09:40:29.843+0000] {processor.py:183} INFO - Processing /home/airflow/.local/lib/python3.12/site-packages/airflow/example_dags/example_bash_decorator.py took 0.050 seconds
[2024-06-18T09:41:00.837+0000] {processor.py:161} INFO - Started process (PID=4524) to work on /home/airflow/.local/lib/python3.12/site-packages/airflow/example_dags/example_bash_decorator.py
[2024-06-18T09:41:00.838+0000] {processor.py:830} INFO - Processing file /home/airflow/.local/lib/python3.12/site-packages/airflow/example_dags/example_bash_decorator.py for tasks to queue
[2024-06-18T09:41:00.839+0000] {logging_mixin.py:188} INFO - [2024-06-18T09:41:00.839+0000] {dagbag.py:545} INFO - Filling up the DagBag from /home/airflow/.local/lib/python3.12/site-packages/airflow/example_dags/example_bash_decorator.py
[2024-06-18T09:41:00.845+0000] {processor.py:840} INFO - DAG(s) 'example_bash_decorator' retrieved from /home/airflow/.local/lib/python3.12/site-packages/airflow/example_dags/example_bash_decorator.py
[2024-06-18T09:41:00.859+0000] {logging_mixin.py:188} INFO - [2024-06-18T09:41:00.859+0000] {dag.py:3096} INFO - Sync 1 DAGs
[2024-06-18T09:41:00.865+0000] {logging_mixin.py:188} INFO - [2024-06-18T09:41:00.865+0000] {dag.py:3954} INFO - Setting next_dagrun for example_bash_decorator to None, run_after=None
[2024-06-18T09:41:00.876+0000] {processor.py:183} INFO - Processing /home/airflow/.local/lib/python3.12/site-packages/airflow/example_dags/example_bash_decorator.py took 0.042 seconds
[2024-06-18T09:41:31.528+0000] {processor.py:161} INFO - Started process (PID=4786) to work on /home/airflow/.local/lib/python3.12/site-packages/airflow/example_dags/example_bash_decorator.py
[2024-06-18T09:41:31.529+0000] {processor.py:830} INFO - Processing file /home/airflow/.local/lib/python3.12/site-packages/airflow/example_dags/example_bash_decorator.py for tasks to queue
[2024-06-18T09:41:31.529+0000] {logging_mixin.py:188} INFO - [2024-06-18T09:41:31.529+0000] {dagbag.py:545} INFO - Filling up the DagBag from /home/airflow/.local/lib/python3.12/site-packages/airflow/example_dags/example_bash_decorator.py
[2024-06-18T09:41:31.537+0000] {processor.py:840} INFO - DAG(s) 'example_bash_decorator' retrieved from /home/airflow/.local/lib/python3.12/site-packages/airflow/example_dags/example_bash_decorator.py
[2024-06-18T09:41:31.549+0000] {logging_mixin.py:188} INFO - [2024-06-18T09:41:31.549+0000] {dag.py:3096} INFO - Sync 1 DAGs
[2024-06-18T09:41:31.556+0000] {logging_mixin.py:188} INFO - [2024-06-18T09:41:31.556+0000] {dag.py:3954} INFO - Setting next_dagrun for example_bash_decorator to None, run_after=None
[2024-06-18T09:41:31.566+0000] {processor.py:183} INFO - Processing /home/airflow/.local/lib/python3.12/site-packages/airflow/example_dags/example_bash_decorator.py took 0.042 seconds
[2024-06-18T09:42:02.392+0000] {processor.py:161} INFO - Started process (PID=5048) to work on /home/airflow/.local/lib/python3.12/site-packages/airflow/example_dags/example_bash_decorator.py
[2024-06-18T09:42:02.393+0000] {processor.py:830} INFO - Processing file /home/airflow/.local/lib/python3.12/site-packages/airflow/example_dags/example_bash_decorator.py for tasks to queue
[2024-06-18T09:42:02.393+0000] {logging_mixin.py:188} INFO - [2024-06-18T09:42:02.393+0000] {dagbag.py:545} INFO - Filling up the DagBag from /home/airflow/.local/lib/python3.12/site-packages/airflow/example_dags/example_bash_decorator.py
[2024-06-18T09:42:02.400+0000] {processor.py:840} INFO - DAG(s) 'example_bash_decorator' retrieved from /home/airflow/.local/lib/python3.12/site-packages/airflow/example_dags/example_bash_decorator.py
[2024-06-18T09:42:02.413+0000] {logging_mixin.py:188} INFO - [2024-06-18T09:42:02.413+0000] {dag.py:3096} INFO - Sync 1 DAGs
[2024-06-18T09:42:02.420+0000] {logging_mixin.py:188} INFO - [2024-06-18T09:42:02.420+0000] {dag.py:3954} INFO - Setting next_dagrun for example_bash_decorator to None, run_after=None
[2024-06-18T09:42:02.430+0000] {processor.py:183} INFO - Processing /home/airflow/.local/lib/python3.12/site-packages/airflow/example_dags/example_bash_decorator.py took 0.040 seconds
[2024-06-18T09:42:33.115+0000] {processor.py:161} INFO - Started process (PID=5310) to work on /home/airflow/.local/lib/python3.12/site-packages/airflow/example_dags/example_bash_decorator.py
[2024-06-18T09:42:33.115+0000] {processor.py:830} INFO - Processing file /home/airflow/.local/lib/python3.12/site-packages/airflow/example_dags/example_bash_decorator.py for tasks to queue
[2024-06-18T09:42:33.116+0000] {logging_mixin.py:188} INFO - [2024-06-18T09:42:33.116+0000] {dagbag.py:545} INFO - Filling up the DagBag from /home/airflow/.local/lib/python3.12/site-packages/airflow/example_dags/example_bash_decorator.py
[2024-06-18T09:42:33.124+0000] {processor.py:840} INFO - DAG(s) 'example_bash_decorator' retrieved from /home/airflow/.local/lib/python3.12/site-packages/airflow/example_dags/example_bash_decorator.py
[2024-06-18T09:42:33.138+0000] {logging_mixin.py:188} INFO - [2024-06-18T09:42:33.138+0000] {dag.py:3096} INFO - Sync 1 DAGs
[2024-06-18T09:42:33.145+0000] {logging_mixin.py:188} INFO - [2024-06-18T09:42:33.145+0000] {dag.py:3954} INFO - Setting next_dagrun for example_bash_decorator to None, run_after=None
[2024-06-18T09:42:33.154+0000] {processor.py:183} INFO - Processing /home/airflow/.local/lib/python3.12/site-packages/airflow/example_dags/example_bash_decorator.py took 0.043 seconds
[2024-06-18T09:43:03.993+0000] {processor.py:161} INFO - Started process (PID=5572) to work on /home/airflow/.local/lib/python3.12/site-packages/airflow/example_dags/example_bash_decorator.py
[2024-06-18T09:43:03.993+0000] {processor.py:830} INFO - Processing file /home/airflow/.local/lib/python3.12/site-packages/airflow/example_dags/example_bash_decorator.py for tasks to queue
[2024-06-18T09:43:03.994+0000] {logging_mixin.py:188} INFO - [2024-06-18T09:43:03.994+0000] {dagbag.py:545} INFO - Filling up the DagBag from /home/airflow/.local/lib/python3.12/site-packages/airflow/example_dags/example_bash_decorator.py
[2024-06-18T09:43:04.002+0000] {processor.py:840} INFO - DAG(s) 'example_bash_decorator' retrieved from /home/airflow/.local/lib/python3.12/site-packages/airflow/example_dags/example_bash_decorator.py
[2024-06-18T09:43:04.016+0000] {logging_mixin.py:188} INFO - [2024-06-18T09:43:04.016+0000] {dag.py:3096} INFO - Sync 1 DAGs
[2024-06-18T09:43:04.023+0000] {logging_mixin.py:188} INFO - [2024-06-18T09:43:04.023+0000] {dag.py:3954} INFO - Setting next_dagrun for example_bash_decorator to None, run_after=None
[2024-06-18T09:43:04.034+0000] {processor.py:183} INFO - Processing /home/airflow/.local/lib/python3.12/site-packages/airflow/example_dags/example_bash_decorator.py took 0.044 seconds
[2024-06-18T09:43:34.181+0000] {processor.py:161} INFO - Started process (PID=5834) to work on /home/airflow/.local/lib/python3.12/site-packages/airflow/example_dags/example_bash_decorator.py
[2024-06-18T09:43:34.181+0000] {processor.py:830} INFO - Processing file /home/airflow/.local/lib/python3.12/site-packages/airflow/example_dags/example_bash_decorator.py for tasks to queue
[2024-06-18T09:43:34.182+0000] {logging_mixin.py:188} INFO - [2024-06-18T09:43:34.182+0000] {dagbag.py:545} INFO - Filling up the DagBag from /home/airflow/.local/lib/python3.12/site-packages/airflow/example_dags/example_bash_decorator.py
[2024-06-18T09:43:34.189+0000] {processor.py:840} INFO - DAG(s) 'example_bash_decorator' retrieved from /home/airflow/.local/lib/python3.12/site-packages/airflow/example_dags/example_bash_decorator.py
[2024-06-18T09:43:34.202+0000] {logging_mixin.py:188} INFO - [2024-06-18T09:43:34.202+0000] {dag.py:3096} INFO - Sync 1 DAGs
[2024-06-18T09:43:34.208+0000] {logging_mixin.py:188} INFO - [2024-06-18T09:43:34.208+0000] {dag.py:3954} INFO - Setting next_dagrun for example_bash_decorator to None, run_after=None
[2024-06-18T09:43:34.219+0000] {processor.py:183} INFO - Processing /home/airflow/.local/lib/python3.12/site-packages/airflow/example_dags/example_bash_decorator.py took 0.041 seconds
[2024-06-18T09:44:04.289+0000] {processor.py:161} INFO - Started process (PID=6096) to work on /home/airflow/.local/lib/python3.12/site-packages/airflow/example_dags/example_bash_decorator.py
[2024-06-18T09:44:04.290+0000] {processor.py:830} INFO - Processing file /home/airflow/.local/lib/python3.12/site-packages/airflow/example_dags/example_bash_decorator.py for tasks to queue
[2024-06-18T09:44:04.291+0000] {logging_mixin.py:188} INFO - [2024-06-18T09:44:04.290+0000] {dagbag.py:545} INFO - Filling up the DagBag from /home/airflow/.local/lib/python3.12/site-packages/airflow/example_dags/example_bash_decorator.py
[2024-06-18T09:44:04.298+0000] {processor.py:840} INFO - DAG(s) 'example_bash_decorator' retrieved from /home/airflow/.local/lib/python3.12/site-packages/airflow/example_dags/example_bash_decorator.py
[2024-06-18T09:44:04.312+0000] {logging_mixin.py:188} INFO - [2024-06-18T09:44:04.312+0000] {dag.py:3096} INFO - Sync 1 DAGs
[2024-06-18T09:44:04.319+0000] {logging_mixin.py:188} INFO - [2024-06-18T09:44:04.319+0000] {dag.py:3954} INFO - Setting next_dagrun for example_bash_decorator to None, run_after=None
[2024-06-18T09:44:04.332+0000] {processor.py:183} INFO - Processing /home/airflow/.local/lib/python3.12/site-packages/airflow/example_dags/example_bash_decorator.py took 0.047 seconds
[2024-06-18T09:44:35.119+0000] {processor.py:161} INFO - Started process (PID=6358) to work on /home/airflow/.local/lib/python3.12/site-packages/airflow/example_dags/example_bash_decorator.py
[2024-06-18T09:44:35.119+0000] {processor.py:830} INFO - Processing file /home/airflow/.local/lib/python3.12/site-packages/airflow/example_dags/example_bash_decorator.py for tasks to queue
[2024-06-18T09:44:35.120+0000] {logging_mixin.py:188} INFO - [2024-06-18T09:44:35.120+0000] {dagbag.py:545} INFO - Filling up the DagBag from /home/airflow/.local/lib/python3.12/site-packages/airflow/example_dags/example_bash_decorator.py
[2024-06-18T09:44:35.127+0000] {processor.py:840} INFO - DAG(s) 'example_bash_decorator' retrieved from /home/airflow/.local/lib/python3.12/site-packages/airflow/example_dags/example_bash_decorator.py
[2024-06-18T09:44:35.140+0000] {logging_mixin.py:188} INFO - [2024-06-18T09:44:35.140+0000] {dag.py:3096} INFO - Sync 1 DAGs
[2024-06-18T09:44:35.147+0000] {logging_mixin.py:188} INFO - [2024-06-18T09:44:35.147+0000] {dag.py:3954} INFO - Setting next_dagrun for example_bash_decorator to None, run_after=None
[2024-06-18T09:44:35.157+0000] {processor.py:183} INFO - Processing /home/airflow/.local/lib/python3.12/site-packages/airflow/example_dags/example_bash_decorator.py took 0.042 seconds
[2024-06-18T09:45:05.277+0000] {processor.py:161} INFO - Started process (PID=6619) to work on /home/airflow/.local/lib/python3.12/site-packages/airflow/example_dags/example_bash_decorator.py
[2024-06-18T09:45:05.278+0000] {processor.py:830} INFO - Processing file /home/airflow/.local/lib/python3.12/site-packages/airflow/example_dags/example_bash_decorator.py for tasks to queue
[2024-06-18T09:45:05.279+0000] {logging_mixin.py:188} INFO - [2024-06-18T09:45:05.278+0000] {dagbag.py:545} INFO - Filling up the DagBag from /home/airflow/.local/lib/python3.12/site-packages/airflow/example_dags/example_bash_decorator.py
[2024-06-18T09:45:05.285+0000] {processor.py:840} INFO - DAG(s) 'example_bash_decorator' retrieved from /home/airflow/.local/lib/python3.12/site-packages/airflow/example_dags/example_bash_decorator.py
[2024-06-18T09:45:05.298+0000] {logging_mixin.py:188} INFO - [2024-06-18T09:45:05.298+0000] {dag.py:3096} INFO - Sync 1 DAGs
[2024-06-18T09:45:05.305+0000] {logging_mixin.py:188} INFO - [2024-06-18T09:45:05.305+0000] {dag.py:3954} INFO - Setting next_dagrun for example_bash_decorator to None, run_after=None
[2024-06-18T09:45:05.317+0000] {processor.py:183} INFO - Processing /home/airflow/.local/lib/python3.12/site-packages/airflow/example_dags/example_bash_decorator.py took 0.043 seconds
[2024-06-18T09:45:35.481+0000] {processor.py:161} INFO - Started process (PID=6881) to work on /home/airflow/.local/lib/python3.12/site-packages/airflow/example_dags/example_bash_decorator.py
[2024-06-18T09:45:35.481+0000] {processor.py:830} INFO - Processing file /home/airflow/.local/lib/python3.12/site-packages/airflow/example_dags/example_bash_decorator.py for tasks to queue
[2024-06-18T09:45:35.482+0000] {logging_mixin.py:188} INFO - [2024-06-18T09:45:35.482+0000] {dagbag.py:545} INFO - Filling up the DagBag from /home/airflow/.local/lib/python3.12/site-packages/airflow/example_dags/example_bash_decorator.py
[2024-06-18T09:45:35.489+0000] {processor.py:840} INFO - DAG(s) 'example_bash_decorator' retrieved from /home/airflow/.local/lib/python3.12/site-packages/airflow/example_dags/example_bash_decorator.py
[2024-06-18T09:45:35.501+0000] {logging_mixin.py:188} INFO - [2024-06-18T09:45:35.501+0000] {dag.py:3096} INFO - Sync 1 DAGs
[2024-06-18T09:45:35.508+0000] {logging_mixin.py:188} INFO - [2024-06-18T09:45:35.508+0000] {dag.py:3954} INFO - Setting next_dagrun for example_bash_decorator to None, run_after=None
[2024-06-18T09:45:35.519+0000] {processor.py:183} INFO - Processing /home/airflow/.local/lib/python3.12/site-packages/airflow/example_dags/example_bash_decorator.py took 0.041 seconds
[2024-06-18T09:46:05.555+0000] {processor.py:161} INFO - Started process (PID=7140) to work on /home/airflow/.local/lib/python3.12/site-packages/airflow/example_dags/example_bash_decorator.py
[2024-06-18T09:46:05.557+0000] {processor.py:830} INFO - Processing file /home/airflow/.local/lib/python3.12/site-packages/airflow/example_dags/example_bash_decorator.py for tasks to queue
[2024-06-18T09:46:05.558+0000] {logging_mixin.py:188} INFO - [2024-06-18T09:46:05.558+0000] {dagbag.py:545} INFO - Filling up the DagBag from /home/airflow/.local/lib/python3.12/site-packages/airflow/example_dags/example_bash_decorator.py
[2024-06-18T09:46:05.565+0000] {processor.py:840} INFO - DAG(s) 'example_bash_decorator' retrieved from /home/airflow/.local/lib/python3.12/site-packages/airflow/example_dags/example_bash_decorator.py
[2024-06-18T09:46:05.578+0000] {logging_mixin.py:188} INFO - [2024-06-18T09:46:05.577+0000] {dag.py:3096} INFO - Sync 1 DAGs
[2024-06-18T09:46:05.584+0000] {logging_mixin.py:188} INFO - [2024-06-18T09:46:05.584+0000] {dag.py:3954} INFO - Setting next_dagrun for example_bash_decorator to None, run_after=None
[2024-06-18T09:46:05.595+0000] {processor.py:183} INFO - Processing /home/airflow/.local/lib/python3.12/site-packages/airflow/example_dags/example_bash_decorator.py took 0.046 seconds
[2024-06-18T09:46:35.776+0000] {processor.py:161} INFO - Started process (PID=7405) to work on /home/airflow/.local/lib/python3.12/site-packages/airflow/example_dags/example_bash_decorator.py
[2024-06-18T09:46:35.777+0000] {processor.py:830} INFO - Processing file /home/airflow/.local/lib/python3.12/site-packages/airflow/example_dags/example_bash_decorator.py for tasks to queue
[2024-06-18T09:46:35.778+0000] {logging_mixin.py:188} INFO - [2024-06-18T09:46:35.778+0000] {dagbag.py:545} INFO - Filling up the DagBag from /home/airflow/.local/lib/python3.12/site-packages/airflow/example_dags/example_bash_decorator.py
[2024-06-18T09:46:35.784+0000] {processor.py:840} INFO - DAG(s) 'example_bash_decorator' retrieved from /home/airflow/.local/lib/python3.12/site-packages/airflow/example_dags/example_bash_decorator.py
[2024-06-18T09:46:35.798+0000] {logging_mixin.py:188} INFO - [2024-06-18T09:46:35.798+0000] {dag.py:3096} INFO - Sync 1 DAGs
[2024-06-18T09:46:35.805+0000] {logging_mixin.py:188} INFO - [2024-06-18T09:46:35.805+0000] {dag.py:3954} INFO - Setting next_dagrun for example_bash_decorator to None, run_after=None
[2024-06-18T09:46:35.816+0000] {processor.py:183} INFO - Processing /home/airflow/.local/lib/python3.12/site-packages/airflow/example_dags/example_bash_decorator.py took 0.043 seconds
[2024-06-18T09:47:06.728+0000] {processor.py:161} INFO - Started process (PID=7667) to work on /home/airflow/.local/lib/python3.12/site-packages/airflow/example_dags/example_bash_decorator.py
[2024-06-18T09:47:06.728+0000] {processor.py:830} INFO - Processing file /home/airflow/.local/lib/python3.12/site-packages/airflow/example_dags/example_bash_decorator.py for tasks to queue
[2024-06-18T09:47:06.729+0000] {logging_mixin.py:188} INFO - [2024-06-18T09:47:06.729+0000] {dagbag.py:545} INFO - Filling up the DagBag from /home/airflow/.local/lib/python3.12/site-packages/airflow/example_dags/example_bash_decorator.py
[2024-06-18T09:47:06.736+0000] {processor.py:840} INFO - DAG(s) 'example_bash_decorator' retrieved from /home/airflow/.local/lib/python3.12/site-packages/airflow/example_dags/example_bash_decorator.py
[2024-06-18T09:47:06.749+0000] {logging_mixin.py:188} INFO - [2024-06-18T09:47:06.748+0000] {dag.py:3096} INFO - Sync 1 DAGs
[2024-06-18T09:47:06.755+0000] {logging_mixin.py:188} INFO - [2024-06-18T09:47:06.755+0000] {dag.py:3954} INFO - Setting next_dagrun for example_bash_decorator to None, run_after=None
[2024-06-18T09:47:06.765+0000] {processor.py:183} INFO - Processing /home/airflow/.local/lib/python3.12/site-packages/airflow/example_dags/example_bash_decorator.py took 0.040 seconds
[2024-06-18T09:47:37.493+0000] {processor.py:161} INFO - Started process (PID=7929) to work on /home/airflow/.local/lib/python3.12/site-packages/airflow/example_dags/example_bash_decorator.py
[2024-06-18T09:47:37.493+0000] {processor.py:830} INFO - Processing file /home/airflow/.local/lib/python3.12/site-packages/airflow/example_dags/example_bash_decorator.py for tasks to queue
[2024-06-18T09:47:37.494+0000] {logging_mixin.py:188} INFO - [2024-06-18T09:47:37.494+0000] {dagbag.py:545} INFO - Filling up the DagBag from /home/airflow/.local/lib/python3.12/site-packages/airflow/example_dags/example_bash_decorator.py
[2024-06-18T09:47:37.500+0000] {processor.py:840} INFO - DAG(s) 'example_bash_decorator' retrieved from /home/airflow/.local/lib/python3.12/site-packages/airflow/example_dags/example_bash_decorator.py
[2024-06-18T09:47:37.513+0000] {logging_mixin.py:188} INFO - [2024-06-18T09:47:37.513+0000] {dag.py:3096} INFO - Sync 1 DAGs
[2024-06-18T09:47:37.520+0000] {logging_mixin.py:188} INFO - [2024-06-18T09:47:37.520+0000] {dag.py:3954} INFO - Setting next_dagrun for example_bash_decorator to None, run_after=None
[2024-06-18T09:47:37.531+0000] {processor.py:183} INFO - Processing /home/airflow/.local/lib/python3.12/site-packages/airflow/example_dags/example_bash_decorator.py took 0.042 seconds
[2024-06-18T09:48:08.226+0000] {processor.py:161} INFO - Started process (PID=8191) to work on /home/airflow/.local/lib/python3.12/site-packages/airflow/example_dags/example_bash_decorator.py
[2024-06-18T09:48:08.227+0000] {processor.py:830} INFO - Processing file /home/airflow/.local/lib/python3.12/site-packages/airflow/example_dags/example_bash_decorator.py for tasks to queue
[2024-06-18T09:48:08.228+0000] {logging_mixin.py:188} INFO - [2024-06-18T09:48:08.228+0000] {dagbag.py:545} INFO - Filling up the DagBag from /home/airflow/.local/lib/python3.12/site-packages/airflow/example_dags/example_bash_decorator.py
[2024-06-18T09:48:08.237+0000] {processor.py:840} INFO - DAG(s) 'example_bash_decorator' retrieved from /home/airflow/.local/lib/python3.12/site-packages/airflow/example_dags/example_bash_decorator.py
[2024-06-18T09:48:08.254+0000] {logging_mixin.py:188} INFO - [2024-06-18T09:48:08.254+0000] {dag.py:3096} INFO - Sync 1 DAGs
[2024-06-18T09:48:08.263+0000] {logging_mixin.py:188} INFO - [2024-06-18T09:48:08.263+0000] {dag.py:3954} INFO - Setting next_dagrun for example_bash_decorator to None, run_after=None
[2024-06-18T09:48:08.275+0000] {processor.py:183} INFO - Processing /home/airflow/.local/lib/python3.12/site-packages/airflow/example_dags/example_bash_decorator.py took 0.052 seconds
[2024-06-18T09:48:39.036+0000] {processor.py:161} INFO - Started process (PID=8453) to work on /home/airflow/.local/lib/python3.12/site-packages/airflow/example_dags/example_bash_decorator.py
[2024-06-18T09:48:39.036+0000] {processor.py:830} INFO - Processing file /home/airflow/.local/lib/python3.12/site-packages/airflow/example_dags/example_bash_decorator.py for tasks to queue
[2024-06-18T09:48:39.037+0000] {logging_mixin.py:188} INFO - [2024-06-18T09:48:39.037+0000] {dagbag.py:545} INFO - Filling up the DagBag from /home/airflow/.local/lib/python3.12/site-packages/airflow/example_dags/example_bash_decorator.py
[2024-06-18T09:48:39.043+0000] {processor.py:840} INFO - DAG(s) 'example_bash_decorator' retrieved from /home/airflow/.local/lib/python3.12/site-packages/airflow/example_dags/example_bash_decorator.py
[2024-06-18T09:48:39.056+0000] {logging_mixin.py:188} INFO - [2024-06-18T09:48:39.055+0000] {dag.py:3096} INFO - Sync 1 DAGs
[2024-06-18T09:48:39.062+0000] {logging_mixin.py:188} INFO - [2024-06-18T09:48:39.062+0000] {dag.py:3954} INFO - Setting next_dagrun for example_bash_decorator to None, run_after=None
[2024-06-18T09:48:39.073+0000] {processor.py:183} INFO - Processing /home/airflow/.local/lib/python3.12/site-packages/airflow/example_dags/example_bash_decorator.py took 0.041 seconds
[2024-06-18T09:49:09.848+0000] {processor.py:161} INFO - Started process (PID=8715) to work on /home/airflow/.local/lib/python3.12/site-packages/airflow/example_dags/example_bash_decorator.py
[2024-06-18T09:49:09.848+0000] {processor.py:830} INFO - Processing file /home/airflow/.local/lib/python3.12/site-packages/airflow/example_dags/example_bash_decorator.py for tasks to queue
[2024-06-18T09:49:09.849+0000] {logging_mixin.py:188} INFO - [2024-06-18T09:49:09.849+0000] {dagbag.py:545} INFO - Filling up the DagBag from /home/airflow/.local/lib/python3.12/site-packages/airflow/example_dags/example_bash_decorator.py
[2024-06-18T09:49:09.856+0000] {processor.py:840} INFO - DAG(s) 'example_bash_decorator' retrieved from /home/airflow/.local/lib/python3.12/site-packages/airflow/example_dags/example_bash_decorator.py
[2024-06-18T09:49:09.871+0000] {logging_mixin.py:188} INFO - [2024-06-18T09:49:09.871+0000] {dag.py:3096} INFO - Sync 1 DAGs
[2024-06-18T09:49:09.878+0000] {logging_mixin.py:188} INFO - [2024-06-18T09:49:09.878+0000] {dag.py:3954} INFO - Setting next_dagrun for example_bash_decorator to None, run_after=None
[2024-06-18T09:49:09.889+0000] {processor.py:183} INFO - Processing /home/airflow/.local/lib/python3.12/site-packages/airflow/example_dags/example_bash_decorator.py took 0.044 seconds
[2024-06-18T09:49:40.093+0000] {processor.py:161} INFO - Started process (PID=8977) to work on /home/airflow/.local/lib/python3.12/site-packages/airflow/example_dags/example_bash_decorator.py
[2024-06-18T09:49:40.094+0000] {processor.py:830} INFO - Processing file /home/airflow/.local/lib/python3.12/site-packages/airflow/example_dags/example_bash_decorator.py for tasks to queue
[2024-06-18T09:49:40.095+0000] {logging_mixin.py:188} INFO - [2024-06-18T09:49:40.095+0000] {dagbag.py:545} INFO - Filling up the DagBag from /home/airflow/.local/lib/python3.12/site-packages/airflow/example_dags/example_bash_decorator.py
[2024-06-18T09:49:40.102+0000] {processor.py:840} INFO - DAG(s) 'example_bash_decorator' retrieved from /home/airflow/.local/lib/python3.12/site-packages/airflow/example_dags/example_bash_decorator.py
[2024-06-18T09:49:40.118+0000] {logging_mixin.py:188} INFO - [2024-06-18T09:49:40.117+0000] {dag.py:3096} INFO - Sync 1 DAGs
[2024-06-18T09:49:40.125+0000] {logging_mixin.py:188} INFO - [2024-06-18T09:49:40.125+0000] {dag.py:3954} INFO - Setting next_dagrun for example_bash_decorator to None, run_after=None
[2024-06-18T09:49:40.139+0000] {processor.py:183} INFO - Processing /home/airflow/.local/lib/python3.12/site-packages/airflow/example_dags/example_bash_decorator.py took 0.049 seconds
[2024-06-18T09:50:10.173+0000] {processor.py:161} INFO - Started process (PID=9234) to work on /home/airflow/.local/lib/python3.12/site-packages/airflow/example_dags/example_bash_decorator.py
[2024-06-18T09:50:10.174+0000] {processor.py:830} INFO - Processing file /home/airflow/.local/lib/python3.12/site-packages/airflow/example_dags/example_bash_decorator.py for tasks to queue
[2024-06-18T09:50:10.175+0000] {logging_mixin.py:188} INFO - [2024-06-18T09:50:10.175+0000] {dagbag.py:545} INFO - Filling up the DagBag from /home/airflow/.local/lib/python3.12/site-packages/airflow/example_dags/example_bash_decorator.py
[2024-06-18T09:50:10.182+0000] {processor.py:840} INFO - DAG(s) 'example_bash_decorator' retrieved from /home/airflow/.local/lib/python3.12/site-packages/airflow/example_dags/example_bash_decorator.py
[2024-06-18T09:50:10.194+0000] {logging_mixin.py:188} INFO - [2024-06-18T09:50:10.194+0000] {dag.py:3096} INFO - Sync 1 DAGs
[2024-06-18T09:50:10.201+0000] {logging_mixin.py:188} INFO - [2024-06-18T09:50:10.201+0000] {dag.py:3954} INFO - Setting next_dagrun for example_bash_decorator to None, run_after=None
[2024-06-18T09:50:10.212+0000] {processor.py:183} INFO - Processing /home/airflow/.local/lib/python3.12/site-packages/airflow/example_dags/example_bash_decorator.py took 0.042 seconds
[2024-06-18T09:50:40.388+0000] {processor.py:161} INFO - Started process (PID=9496) to work on /home/airflow/.local/lib/python3.12/site-packages/airflow/example_dags/example_bash_decorator.py
[2024-06-18T09:50:40.389+0000] {processor.py:830} INFO - Processing file /home/airflow/.local/lib/python3.12/site-packages/airflow/example_dags/example_bash_decorator.py for tasks to queue
[2024-06-18T09:50:40.390+0000] {logging_mixin.py:188} INFO - [2024-06-18T09:50:40.389+0000] {dagbag.py:545} INFO - Filling up the DagBag from /home/airflow/.local/lib/python3.12/site-packages/airflow/example_dags/example_bash_decorator.py
[2024-06-18T09:50:40.397+0000] {processor.py:840} INFO - DAG(s) 'example_bash_decorator' retrieved from /home/airflow/.local/lib/python3.12/site-packages/airflow/example_dags/example_bash_decorator.py
[2024-06-18T09:50:40.411+0000] {logging_mixin.py:188} INFO - [2024-06-18T09:50:40.411+0000] {dag.py:3096} INFO - Sync 1 DAGs
[2024-06-18T09:50:40.419+0000] {logging_mixin.py:188} INFO - [2024-06-18T09:50:40.419+0000] {dag.py:3954} INFO - Setting next_dagrun for example_bash_decorator to None, run_after=None
[2024-06-18T09:50:40.431+0000] {processor.py:183} INFO - Processing /home/airflow/.local/lib/python3.12/site-packages/airflow/example_dags/example_bash_decorator.py took 0.046 seconds
[2024-06-18T09:51:10.580+0000] {processor.py:161} INFO - Started process (PID=9758) to work on /home/airflow/.local/lib/python3.12/site-packages/airflow/example_dags/example_bash_decorator.py
[2024-06-18T09:51:10.580+0000] {processor.py:830} INFO - Processing file /home/airflow/.local/lib/python3.12/site-packages/airflow/example_dags/example_bash_decorator.py for tasks to queue
[2024-06-18T09:51:10.581+0000] {logging_mixin.py:188} INFO - [2024-06-18T09:51:10.581+0000] {dagbag.py:545} INFO - Filling up the DagBag from /home/airflow/.local/lib/python3.12/site-packages/airflow/example_dags/example_bash_decorator.py
[2024-06-18T09:51:10.588+0000] {processor.py:840} INFO - DAG(s) 'example_bash_decorator' retrieved from /home/airflow/.local/lib/python3.12/site-packages/airflow/example_dags/example_bash_decorator.py
[2024-06-18T09:51:10.601+0000] {logging_mixin.py:188} INFO - [2024-06-18T09:51:10.601+0000] {dag.py:3096} INFO - Sync 1 DAGs
[2024-06-18T09:51:10.608+0000] {logging_mixin.py:188} INFO - [2024-06-18T09:51:10.608+0000] {dag.py:3954} INFO - Setting next_dagrun for example_bash_decorator to None, run_after=None
[2024-06-18T09:51:10.620+0000] {processor.py:183} INFO - Processing /home/airflow/.local/lib/python3.12/site-packages/airflow/example_dags/example_bash_decorator.py took 0.043 seconds
[2024-06-18T09:51:40.782+0000] {processor.py:161} INFO - Started process (PID=10020) to work on /home/airflow/.local/lib/python3.12/site-packages/airflow/example_dags/example_bash_decorator.py
[2024-06-18T09:51:40.783+0000] {processor.py:830} INFO - Processing file /home/airflow/.local/lib/python3.12/site-packages/airflow/example_dags/example_bash_decorator.py for tasks to queue
[2024-06-18T09:51:40.784+0000] {logging_mixin.py:188} INFO - [2024-06-18T09:51:40.784+0000] {dagbag.py:545} INFO - Filling up the DagBag from /home/airflow/.local/lib/python3.12/site-packages/airflow/example_dags/example_bash_decorator.py
[2024-06-18T09:51:40.794+0000] {processor.py:840} INFO - DAG(s) 'example_bash_decorator' retrieved from /home/airflow/.local/lib/python3.12/site-packages/airflow/example_dags/example_bash_decorator.py
[2024-06-18T09:51:40.813+0000] {logging_mixin.py:188} INFO - [2024-06-18T09:51:40.813+0000] {dag.py:3096} INFO - Sync 1 DAGs
[2024-06-18T09:51:40.821+0000] {logging_mixin.py:188} INFO - [2024-06-18T09:51:40.820+0000] {dag.py:3954} INFO - Setting next_dagrun for example_bash_decorator to None, run_after=None
[2024-06-18T09:51:40.833+0000] {processor.py:183} INFO - Processing /home/airflow/.local/lib/python3.12/site-packages/airflow/example_dags/example_bash_decorator.py took 0.054 seconds
[2024-06-18T09:52:11.420+0000] {processor.py:161} INFO - Started process (PID=10282) to work on /home/airflow/.local/lib/python3.12/site-packages/airflow/example_dags/example_bash_decorator.py
[2024-06-18T09:52:11.421+0000] {processor.py:830} INFO - Processing file /home/airflow/.local/lib/python3.12/site-packages/airflow/example_dags/example_bash_decorator.py for tasks to queue
[2024-06-18T09:52:11.422+0000] {logging_mixin.py:188} INFO - [2024-06-18T09:52:11.422+0000] {dagbag.py:545} INFO - Filling up the DagBag from /home/airflow/.local/lib/python3.12/site-packages/airflow/example_dags/example_bash_decorator.py
[2024-06-18T09:52:11.429+0000] {processor.py:840} INFO - DAG(s) 'example_bash_decorator' retrieved from /home/airflow/.local/lib/python3.12/site-packages/airflow/example_dags/example_bash_decorator.py
[2024-06-18T09:52:11.442+0000] {logging_mixin.py:188} INFO - [2024-06-18T09:52:11.442+0000] {dag.py:3096} INFO - Sync 1 DAGs
[2024-06-18T09:52:11.449+0000] {logging_mixin.py:188} INFO - [2024-06-18T09:52:11.449+0000] {dag.py:3954} INFO - Setting next_dagrun for example_bash_decorator to None, run_after=None
[2024-06-18T09:52:11.459+0000] {processor.py:183} INFO - Processing /home/airflow/.local/lib/python3.12/site-packages/airflow/example_dags/example_bash_decorator.py took 0.042 seconds
[2024-06-18T09:52:41.837+0000] {processor.py:161} INFO - Started process (PID=10544) to work on /home/airflow/.local/lib/python3.12/site-packages/airflow/example_dags/example_bash_decorator.py
[2024-06-18T09:52:41.838+0000] {processor.py:830} INFO - Processing file /home/airflow/.local/lib/python3.12/site-packages/airflow/example_dags/example_bash_decorator.py for tasks to queue
[2024-06-18T09:52:41.838+0000] {logging_mixin.py:188} INFO - [2024-06-18T09:52:41.838+0000] {dagbag.py:545} INFO - Filling up the DagBag from /home/airflow/.local/lib/python3.12/site-packages/airflow/example_dags/example_bash_decorator.py
[2024-06-18T09:52:41.846+0000] {processor.py:840} INFO - DAG(s) 'example_bash_decorator' retrieved from /home/airflow/.local/lib/python3.12/site-packages/airflow/example_dags/example_bash_decorator.py
[2024-06-18T09:52:41.860+0000] {logging_mixin.py:188} INFO - [2024-06-18T09:52:41.860+0000] {dag.py:3096} INFO - Sync 1 DAGs
[2024-06-18T09:52:41.867+0000] {logging_mixin.py:188} INFO - [2024-06-18T09:52:41.867+0000] {dag.py:3954} INFO - Setting next_dagrun for example_bash_decorator to None, run_after=None
[2024-06-18T09:52:41.877+0000] {processor.py:183} INFO - Processing /home/airflow/.local/lib/python3.12/site-packages/airflow/example_dags/example_bash_decorator.py took 0.044 seconds
[2024-06-18T09:53:12.690+0000] {processor.py:161} INFO - Started process (PID=10811) to work on /home/airflow/.local/lib/python3.12/site-packages/airflow/example_dags/example_bash_decorator.py
[2024-06-18T09:53:12.691+0000] {processor.py:830} INFO - Processing file /home/airflow/.local/lib/python3.12/site-packages/airflow/example_dags/example_bash_decorator.py for tasks to queue
[2024-06-18T09:53:12.692+0000] {logging_mixin.py:188} INFO - [2024-06-18T09:53:12.692+0000] {dagbag.py:545} INFO - Filling up the DagBag from /home/airflow/.local/lib/python3.12/site-packages/airflow/example_dags/example_bash_decorator.py
[2024-06-18T09:53:12.700+0000] {processor.py:840} INFO - DAG(s) 'example_bash_decorator' retrieved from /home/airflow/.local/lib/python3.12/site-packages/airflow/example_dags/example_bash_decorator.py
[2024-06-18T09:53:12.719+0000] {logging_mixin.py:188} INFO - [2024-06-18T09:53:12.719+0000] {dag.py:3096} INFO - Sync 1 DAGs
[2024-06-18T09:53:12.728+0000] {logging_mixin.py:188} INFO - [2024-06-18T09:53:12.727+0000] {dag.py:3954} INFO - Setting next_dagrun for example_bash_decorator to None, run_after=None
[2024-06-18T09:53:12.741+0000] {processor.py:183} INFO - Processing /home/airflow/.local/lib/python3.12/site-packages/airflow/example_dags/example_bash_decorator.py took 0.056 seconds
[2024-06-18T09:53:42.788+0000] {processor.py:161} INFO - Started process (PID=11068) to work on /home/airflow/.local/lib/python3.12/site-packages/airflow/example_dags/example_bash_decorator.py
[2024-06-18T09:53:42.789+0000] {processor.py:830} INFO - Processing file /home/airflow/.local/lib/python3.12/site-packages/airflow/example_dags/example_bash_decorator.py for tasks to queue
[2024-06-18T09:53:42.789+0000] {logging_mixin.py:188} INFO - [2024-06-18T09:53:42.789+0000] {dagbag.py:545} INFO - Filling up the DagBag from /home/airflow/.local/lib/python3.12/site-packages/airflow/example_dags/example_bash_decorator.py
[2024-06-18T09:53:42.797+0000] {processor.py:840} INFO - DAG(s) 'example_bash_decorator' retrieved from /home/airflow/.local/lib/python3.12/site-packages/airflow/example_dags/example_bash_decorator.py
[2024-06-18T09:53:42.811+0000] {logging_mixin.py:188} INFO - [2024-06-18T09:53:42.811+0000] {dag.py:3096} INFO - Sync 1 DAGs
[2024-06-18T09:53:42.818+0000] {logging_mixin.py:188} INFO - [2024-06-18T09:53:42.818+0000] {dag.py:3954} INFO - Setting next_dagrun for example_bash_decorator to None, run_after=None
[2024-06-18T09:53:42.830+0000] {processor.py:183} INFO - Processing /home/airflow/.local/lib/python3.12/site-packages/airflow/example_dags/example_bash_decorator.py took 0.046 seconds
[2024-06-18T09:54:12.873+0000] {processor.py:161} INFO - Started process (PID=11330) to work on /home/airflow/.local/lib/python3.12/site-packages/airflow/example_dags/example_bash_decorator.py
[2024-06-18T09:54:12.873+0000] {processor.py:830} INFO - Processing file /home/airflow/.local/lib/python3.12/site-packages/airflow/example_dags/example_bash_decorator.py for tasks to queue
[2024-06-18T09:54:12.874+0000] {logging_mixin.py:188} INFO - [2024-06-18T09:54:12.874+0000] {dagbag.py:545} INFO - Filling up the DagBag from /home/airflow/.local/lib/python3.12/site-packages/airflow/example_dags/example_bash_decorator.py
[2024-06-18T09:54:12.881+0000] {processor.py:840} INFO - DAG(s) 'example_bash_decorator' retrieved from /home/airflow/.local/lib/python3.12/site-packages/airflow/example_dags/example_bash_decorator.py
[2024-06-18T09:54:12.894+0000] {logging_mixin.py:188} INFO - [2024-06-18T09:54:12.894+0000] {dag.py:3096} INFO - Sync 1 DAGs
[2024-06-18T09:54:12.900+0000] {logging_mixin.py:188} INFO - [2024-06-18T09:54:12.900+0000] {dag.py:3954} INFO - Setting next_dagrun for example_bash_decorator to None, run_after=None
[2024-06-18T09:54:12.912+0000] {processor.py:183} INFO - Processing /home/airflow/.local/lib/python3.12/site-packages/airflow/example_dags/example_bash_decorator.py took 0.043 seconds
[2024-06-18T09:54:42.968+0000] {processor.py:161} INFO - Started process (PID=11592) to work on /home/airflow/.local/lib/python3.12/site-packages/airflow/example_dags/example_bash_decorator.py
[2024-06-18T09:54:42.969+0000] {processor.py:830} INFO - Processing file /home/airflow/.local/lib/python3.12/site-packages/airflow/example_dags/example_bash_decorator.py for tasks to queue
[2024-06-18T09:54:42.969+0000] {logging_mixin.py:188} INFO - [2024-06-18T09:54:42.969+0000] {dagbag.py:545} INFO - Filling up the DagBag from /home/airflow/.local/lib/python3.12/site-packages/airflow/example_dags/example_bash_decorator.py
[2024-06-18T09:54:42.978+0000] {processor.py:840} INFO - DAG(s) 'example_bash_decorator' retrieved from /home/airflow/.local/lib/python3.12/site-packages/airflow/example_dags/example_bash_decorator.py
[2024-06-18T09:54:42.997+0000] {logging_mixin.py:188} INFO - [2024-06-18T09:54:42.997+0000] {dag.py:3096} INFO - Sync 1 DAGs
[2024-06-18T09:54:43.007+0000] {logging_mixin.py:188} INFO - [2024-06-18T09:54:43.007+0000] {dag.py:3954} INFO - Setting next_dagrun for example_bash_decorator to None, run_after=None
[2024-06-18T09:54:43.020+0000] {processor.py:183} INFO - Processing /home/airflow/.local/lib/python3.12/site-packages/airflow/example_dags/example_bash_decorator.py took 0.056 seconds
[2024-06-18T09:55:13.186+0000] {processor.py:161} INFO - Started process (PID=11854) to work on /home/airflow/.local/lib/python3.12/site-packages/airflow/example_dags/example_bash_decorator.py
[2024-06-18T09:55:13.187+0000] {processor.py:830} INFO - Processing file /home/airflow/.local/lib/python3.12/site-packages/airflow/example_dags/example_bash_decorator.py for tasks to queue
[2024-06-18T09:55:13.188+0000] {logging_mixin.py:188} INFO - [2024-06-18T09:55:13.188+0000] {dagbag.py:545} INFO - Filling up the DagBag from /home/airflow/.local/lib/python3.12/site-packages/airflow/example_dags/example_bash_decorator.py
[2024-06-18T09:55:13.196+0000] {processor.py:840} INFO - DAG(s) 'example_bash_decorator' retrieved from /home/airflow/.local/lib/python3.12/site-packages/airflow/example_dags/example_bash_decorator.py
[2024-06-18T09:55:13.210+0000] {logging_mixin.py:188} INFO - [2024-06-18T09:55:13.209+0000] {dag.py:3096} INFO - Sync 1 DAGs
[2024-06-18T09:55:13.217+0000] {logging_mixin.py:188} INFO - [2024-06-18T09:55:13.216+0000] {dag.py:3954} INFO - Setting next_dagrun for example_bash_decorator to None, run_after=None
[2024-06-18T09:55:13.227+0000] {processor.py:183} INFO - Processing /home/airflow/.local/lib/python3.12/site-packages/airflow/example_dags/example_bash_decorator.py took 0.044 seconds
[2024-06-18T09:55:43.279+0000] {processor.py:161} INFO - Started process (PID=12116) to work on /home/airflow/.local/lib/python3.12/site-packages/airflow/example_dags/example_bash_decorator.py
[2024-06-18T09:55:43.279+0000] {processor.py:830} INFO - Processing file /home/airflow/.local/lib/python3.12/site-packages/airflow/example_dags/example_bash_decorator.py for tasks to queue
[2024-06-18T09:55:43.280+0000] {logging_mixin.py:188} INFO - [2024-06-18T09:55:43.280+0000] {dagbag.py:545} INFO - Filling up the DagBag from /home/airflow/.local/lib/python3.12/site-packages/airflow/example_dags/example_bash_decorator.py
[2024-06-18T09:55:43.287+0000] {processor.py:840} INFO - DAG(s) 'example_bash_decorator' retrieved from /home/airflow/.local/lib/python3.12/site-packages/airflow/example_dags/example_bash_decorator.py
[2024-06-18T09:55:43.300+0000] {logging_mixin.py:188} INFO - [2024-06-18T09:55:43.300+0000] {dag.py:3096} INFO - Sync 1 DAGs
[2024-06-18T09:55:43.307+0000] {logging_mixin.py:188} INFO - [2024-06-18T09:55:43.307+0000] {dag.py:3954} INFO - Setting next_dagrun for example_bash_decorator to None, run_after=None
[2024-06-18T09:55:43.318+0000] {processor.py:183} INFO - Processing /home/airflow/.local/lib/python3.12/site-packages/airflow/example_dags/example_bash_decorator.py took 0.043 seconds
[2024-06-18T09:56:14.025+0000] {processor.py:161} INFO - Started process (PID=12378) to work on /home/airflow/.local/lib/python3.12/site-packages/airflow/example_dags/example_bash_decorator.py
[2024-06-18T09:56:14.026+0000] {processor.py:830} INFO - Processing file /home/airflow/.local/lib/python3.12/site-packages/airflow/example_dags/example_bash_decorator.py for tasks to queue
[2024-06-18T09:56:14.026+0000] {logging_mixin.py:188} INFO - [2024-06-18T09:56:14.026+0000] {dagbag.py:545} INFO - Filling up the DagBag from /home/airflow/.local/lib/python3.12/site-packages/airflow/example_dags/example_bash_decorator.py
[2024-06-18T09:56:14.033+0000] {processor.py:840} INFO - DAG(s) 'example_bash_decorator' retrieved from /home/airflow/.local/lib/python3.12/site-packages/airflow/example_dags/example_bash_decorator.py
[2024-06-18T09:56:14.046+0000] {logging_mixin.py:188} INFO - [2024-06-18T09:56:14.046+0000] {dag.py:3096} INFO - Sync 1 DAGs
[2024-06-18T09:56:14.053+0000] {logging_mixin.py:188} INFO - [2024-06-18T09:56:14.053+0000] {dag.py:3954} INFO - Setting next_dagrun for example_bash_decorator to None, run_after=None
[2024-06-18T09:56:14.064+0000] {processor.py:183} INFO - Processing /home/airflow/.local/lib/python3.12/site-packages/airflow/example_dags/example_bash_decorator.py took 0.041 seconds
[2024-06-18T09:56:44.828+0000] {processor.py:161} INFO - Started process (PID=12640) to work on /home/airflow/.local/lib/python3.12/site-packages/airflow/example_dags/example_bash_decorator.py
[2024-06-18T09:56:44.828+0000] {processor.py:830} INFO - Processing file /home/airflow/.local/lib/python3.12/site-packages/airflow/example_dags/example_bash_decorator.py for tasks to queue
[2024-06-18T09:56:44.830+0000] {logging_mixin.py:188} INFO - [2024-06-18T09:56:44.829+0000] {dagbag.py:545} INFO - Filling up the DagBag from /home/airflow/.local/lib/python3.12/site-packages/airflow/example_dags/example_bash_decorator.py
[2024-06-18T09:56:44.836+0000] {processor.py:840} INFO - DAG(s) 'example_bash_decorator' retrieved from /home/airflow/.local/lib/python3.12/site-packages/airflow/example_dags/example_bash_decorator.py
[2024-06-18T09:56:44.850+0000] {logging_mixin.py:188} INFO - [2024-06-18T09:56:44.850+0000] {dag.py:3096} INFO - Sync 1 DAGs
[2024-06-18T09:56:44.857+0000] {logging_mixin.py:188} INFO - [2024-06-18T09:56:44.857+0000] {dag.py:3954} INFO - Setting next_dagrun for example_bash_decorator to None, run_after=None
[2024-06-18T09:56:44.868+0000] {processor.py:183} INFO - Processing /home/airflow/.local/lib/python3.12/site-packages/airflow/example_dags/example_bash_decorator.py took 0.044 seconds
[2024-06-18T09:57:14.930+0000] {processor.py:161} INFO - Started process (PID=12902) to work on /home/airflow/.local/lib/python3.12/site-packages/airflow/example_dags/example_bash_decorator.py
[2024-06-18T09:57:14.931+0000] {processor.py:830} INFO - Processing file /home/airflow/.local/lib/python3.12/site-packages/airflow/example_dags/example_bash_decorator.py for tasks to queue
[2024-06-18T09:57:14.932+0000] {logging_mixin.py:188} INFO - [2024-06-18T09:57:14.932+0000] {dagbag.py:545} INFO - Filling up the DagBag from /home/airflow/.local/lib/python3.12/site-packages/airflow/example_dags/example_bash_decorator.py
[2024-06-18T09:57:14.940+0000] {processor.py:840} INFO - DAG(s) 'example_bash_decorator' retrieved from /home/airflow/.local/lib/python3.12/site-packages/airflow/example_dags/example_bash_decorator.py
[2024-06-18T09:57:14.953+0000] {logging_mixin.py:188} INFO - [2024-06-18T09:57:14.953+0000] {dag.py:3096} INFO - Sync 1 DAGs
[2024-06-18T09:57:14.959+0000] {logging_mixin.py:188} INFO - [2024-06-18T09:57:14.959+0000] {dag.py:3954} INFO - Setting next_dagrun for example_bash_decorator to None, run_after=None
[2024-06-18T09:57:14.969+0000] {processor.py:183} INFO - Processing /home/airflow/.local/lib/python3.12/site-packages/airflow/example_dags/example_bash_decorator.py took 0.043 seconds
[2024-06-18T09:57:45.175+0000] {processor.py:161} INFO - Started process (PID=13164) to work on /home/airflow/.local/lib/python3.12/site-packages/airflow/example_dags/example_bash_decorator.py
[2024-06-18T09:57:45.176+0000] {processor.py:830} INFO - Processing file /home/airflow/.local/lib/python3.12/site-packages/airflow/example_dags/example_bash_decorator.py for tasks to queue
[2024-06-18T09:57:45.177+0000] {logging_mixin.py:188} INFO - [2024-06-18T09:57:45.177+0000] {dagbag.py:545} INFO - Filling up the DagBag from /home/airflow/.local/lib/python3.12/site-packages/airflow/example_dags/example_bash_decorator.py
[2024-06-18T09:57:45.185+0000] {processor.py:840} INFO - DAG(s) 'example_bash_decorator' retrieved from /home/airflow/.local/lib/python3.12/site-packages/airflow/example_dags/example_bash_decorator.py
[2024-06-18T09:57:45.198+0000] {logging_mixin.py:188} INFO - [2024-06-18T09:57:45.198+0000] {dag.py:3096} INFO - Sync 1 DAGs
[2024-06-18T09:57:45.207+0000] {logging_mixin.py:188} INFO - [2024-06-18T09:57:45.206+0000] {dag.py:3954} INFO - Setting next_dagrun for example_bash_decorator to None, run_after=None
[2024-06-18T09:57:45.220+0000] {processor.py:183} INFO - Processing /home/airflow/.local/lib/python3.12/site-packages/airflow/example_dags/example_bash_decorator.py took 0.048 seconds
[2024-06-18T09:58:16.028+0000] {processor.py:161} INFO - Started process (PID=13426) to work on /home/airflow/.local/lib/python3.12/site-packages/airflow/example_dags/example_bash_decorator.py
[2024-06-18T09:58:16.029+0000] {processor.py:830} INFO - Processing file /home/airflow/.local/lib/python3.12/site-packages/airflow/example_dags/example_bash_decorator.py for tasks to queue
[2024-06-18T09:58:16.030+0000] {logging_mixin.py:188} INFO - [2024-06-18T09:58:16.030+0000] {dagbag.py:545} INFO - Filling up the DagBag from /home/airflow/.local/lib/python3.12/site-packages/airflow/example_dags/example_bash_decorator.py
[2024-06-18T09:58:16.037+0000] {processor.py:840} INFO - DAG(s) 'example_bash_decorator' retrieved from /home/airflow/.local/lib/python3.12/site-packages/airflow/example_dags/example_bash_decorator.py
[2024-06-18T09:58:16.051+0000] {logging_mixin.py:188} INFO - [2024-06-18T09:58:16.051+0000] {dag.py:3096} INFO - Sync 1 DAGs
[2024-06-18T09:58:16.058+0000] {logging_mixin.py:188} INFO - [2024-06-18T09:58:16.058+0000] {dag.py:3954} INFO - Setting next_dagrun for example_bash_decorator to None, run_after=None
[2024-06-18T09:58:16.070+0000] {processor.py:183} INFO - Processing /home/airflow/.local/lib/python3.12/site-packages/airflow/example_dags/example_bash_decorator.py took 0.046 seconds
[2024-06-18T09:58:46.149+0000] {processor.py:161} INFO - Started process (PID=13688) to work on /home/airflow/.local/lib/python3.12/site-packages/airflow/example_dags/example_bash_decorator.py
[2024-06-18T09:58:46.149+0000] {processor.py:830} INFO - Processing file /home/airflow/.local/lib/python3.12/site-packages/airflow/example_dags/example_bash_decorator.py for tasks to queue
[2024-06-18T09:58:46.150+0000] {logging_mixin.py:188} INFO - [2024-06-18T09:58:46.150+0000] {dagbag.py:545} INFO - Filling up the DagBag from /home/airflow/.local/lib/python3.12/site-packages/airflow/example_dags/example_bash_decorator.py
[2024-06-18T09:58:46.159+0000] {processor.py:840} INFO - DAG(s) 'example_bash_decorator' retrieved from /home/airflow/.local/lib/python3.12/site-packages/airflow/example_dags/example_bash_decorator.py
[2024-06-18T09:58:46.172+0000] {logging_mixin.py:188} INFO - [2024-06-18T09:58:46.172+0000] {dag.py:3096} INFO - Sync 1 DAGs
[2024-06-18T09:58:46.180+0000] {logging_mixin.py:188} INFO - [2024-06-18T09:58:46.180+0000] {dag.py:3954} INFO - Setting next_dagrun for example_bash_decorator to None, run_after=None
[2024-06-18T09:58:46.191+0000] {processor.py:183} INFO - Processing /home/airflow/.local/lib/python3.12/site-packages/airflow/example_dags/example_bash_decorator.py took 0.045 seconds
[2024-06-18T09:59:16.250+0000] {processor.py:161} INFO - Started process (PID=13950) to work on /home/airflow/.local/lib/python3.12/site-packages/airflow/example_dags/example_bash_decorator.py
[2024-06-18T09:59:16.250+0000] {processor.py:830} INFO - Processing file /home/airflow/.local/lib/python3.12/site-packages/airflow/example_dags/example_bash_decorator.py for tasks to queue
[2024-06-18T09:59:16.251+0000] {logging_mixin.py:188} INFO - [2024-06-18T09:59:16.251+0000] {dagbag.py:545} INFO - Filling up the DagBag from /home/airflow/.local/lib/python3.12/site-packages/airflow/example_dags/example_bash_decorator.py
[2024-06-18T09:59:16.258+0000] {processor.py:840} INFO - DAG(s) 'example_bash_decorator' retrieved from /home/airflow/.local/lib/python3.12/site-packages/airflow/example_dags/example_bash_decorator.py
[2024-06-18T09:59:16.270+0000] {logging_mixin.py:188} INFO - [2024-06-18T09:59:16.270+0000] {dag.py:3096} INFO - Sync 1 DAGs
[2024-06-18T09:59:16.277+0000] {logging_mixin.py:188} INFO - [2024-06-18T09:59:16.277+0000] {dag.py:3954} INFO - Setting next_dagrun for example_bash_decorator to None, run_after=None
[2024-06-18T09:59:16.286+0000] {processor.py:183} INFO - Processing /home/airflow/.local/lib/python3.12/site-packages/airflow/example_dags/example_bash_decorator.py took 0.040 seconds
[2024-06-18T09:59:47.202+0000] {processor.py:161} INFO - Started process (PID=14206) to work on /home/airflow/.local/lib/python3.12/site-packages/airflow/example_dags/example_bash_decorator.py
[2024-06-18T09:59:47.202+0000] {processor.py:830} INFO - Processing file /home/airflow/.local/lib/python3.12/site-packages/airflow/example_dags/example_bash_decorator.py for tasks to queue
[2024-06-18T09:59:47.203+0000] {logging_mixin.py:188} INFO - [2024-06-18T09:59:47.203+0000] {dagbag.py:545} INFO - Filling up the DagBag from /home/airflow/.local/lib/python3.12/site-packages/airflow/example_dags/example_bash_decorator.py
[2024-06-18T09:59:47.211+0000] {processor.py:840} INFO - DAG(s) 'example_bash_decorator' retrieved from /home/airflow/.local/lib/python3.12/site-packages/airflow/example_dags/example_bash_decorator.py
[2024-06-18T09:59:47.224+0000] {logging_mixin.py:188} INFO - [2024-06-18T09:59:47.224+0000] {dag.py:3096} INFO - Sync 1 DAGs
[2024-06-18T09:59:47.230+0000] {logging_mixin.py:188} INFO - [2024-06-18T09:59:47.230+0000] {dag.py:3954} INFO - Setting next_dagrun for example_bash_decorator to None, run_after=None
[2024-06-18T09:59:47.241+0000] {processor.py:183} INFO - Processing /home/airflow/.local/lib/python3.12/site-packages/airflow/example_dags/example_bash_decorator.py took 0.043 seconds
