[2024-06-18T09:32:53.521+0000] {processor.py:161} INFO - Started process (PID=196) to work on /home/airflow/.local/lib/python3.12/site-packages/airflow/example_dags/example_trigger_controller_dag.py
[2024-06-18T09:32:53.521+0000] {processor.py:830} INFO - Processing file /home/airflow/.local/lib/python3.12/site-packages/airflow/example_dags/example_trigger_controller_dag.py for tasks to queue
[2024-06-18T09:32:53.522+0000] {logging_mixin.py:188} INFO - [2024-06-18T09:32:53.522+0000] {dagbag.py:545} INFO - Filling up the DagBag from /home/airflow/.local/lib/python3.12/site-packages/airflow/example_dags/example_trigger_controller_dag.py
[2024-06-18T09:32:53.526+0000] {processor.py:840} INFO - DAG(s) 'example_trigger_controller_dag' retrieved from /home/airflow/.local/lib/python3.12/site-packages/airflow/example_dags/example_trigger_controller_dag.py
[2024-06-18T09:32:53.534+0000] {logging_mixin.py:188} INFO - [2024-06-18T09:32:53.534+0000] {dag.py:3096} INFO - Sync 1 DAGs
[2024-06-18T09:32:53.550+0000] {logging_mixin.py:188} INFO - [2024-06-18T09:32:53.549+0000] {dag.py:3954} INFO - Setting next_dagrun for example_trigger_controller_dag to 2021-01-01 00:00:00+00:00, run_after=2021-01-01 00:00:00+00:00
[2024-06-18T09:32:53.562+0000] {processor.py:183} INFO - Processing /home/airflow/.local/lib/python3.12/site-packages/airflow/example_dags/example_trigger_controller_dag.py took 0.045 seconds
[2024-06-18T09:33:24.378+0000] {processor.py:161} INFO - Started process (PID=458) to work on /home/airflow/.local/lib/python3.12/site-packages/airflow/example_dags/example_trigger_controller_dag.py
[2024-06-18T09:33:24.379+0000] {processor.py:830} INFO - Processing file /home/airflow/.local/lib/python3.12/site-packages/airflow/example_dags/example_trigger_controller_dag.py for tasks to queue
[2024-06-18T09:33:24.379+0000] {logging_mixin.py:188} INFO - [2024-06-18T09:33:24.379+0000] {dagbag.py:545} INFO - Filling up the DagBag from /home/airflow/.local/lib/python3.12/site-packages/airflow/example_dags/example_trigger_controller_dag.py
[2024-06-18T09:33:24.381+0000] {processor.py:840} INFO - DAG(s) 'example_trigger_controller_dag' retrieved from /home/airflow/.local/lib/python3.12/site-packages/airflow/example_dags/example_trigger_controller_dag.py
[2024-06-18T09:33:24.438+0000] {logging_mixin.py:188} INFO - [2024-06-18T09:33:24.438+0000] {dag.py:3096} INFO - Sync 1 DAGs
[2024-06-18T09:33:24.448+0000] {logging_mixin.py:188} INFO - [2024-06-18T09:33:24.448+0000] {dag.py:3954} INFO - Setting next_dagrun for example_trigger_controller_dag to 2021-01-01 00:00:00+00:00, run_after=2021-01-01 00:00:00+00:00
[2024-06-18T09:33:24.460+0000] {processor.py:183} INFO - Processing /home/airflow/.local/lib/python3.12/site-packages/airflow/example_dags/example_trigger_controller_dag.py took 0.085 seconds
[2024-06-18T09:33:55.273+0000] {processor.py:161} INFO - Started process (PID=722) to work on /home/airflow/.local/lib/python3.12/site-packages/airflow/example_dags/example_trigger_controller_dag.py
[2024-06-18T09:33:55.274+0000] {processor.py:830} INFO - Processing file /home/airflow/.local/lib/python3.12/site-packages/airflow/example_dags/example_trigger_controller_dag.py for tasks to queue
[2024-06-18T09:33:55.274+0000] {logging_mixin.py:188} INFO - [2024-06-18T09:33:55.274+0000] {dagbag.py:545} INFO - Filling up the DagBag from /home/airflow/.local/lib/python3.12/site-packages/airflow/example_dags/example_trigger_controller_dag.py
[2024-06-18T09:33:55.277+0000] {processor.py:840} INFO - DAG(s) 'example_trigger_controller_dag' retrieved from /home/airflow/.local/lib/python3.12/site-packages/airflow/example_dags/example_trigger_controller_dag.py
[2024-06-18T09:33:55.288+0000] {logging_mixin.py:188} INFO - [2024-06-18T09:33:55.288+0000] {dag.py:3096} INFO - Sync 1 DAGs
[2024-06-18T09:33:55.300+0000] {logging_mixin.py:188} INFO - [2024-06-18T09:33:55.300+0000] {dag.py:3954} INFO - Setting next_dagrun for example_trigger_controller_dag to 2021-01-01 00:00:00+00:00, run_after=2021-01-01 00:00:00+00:00
[2024-06-18T09:33:55.311+0000] {processor.py:183} INFO - Processing /home/airflow/.local/lib/python3.12/site-packages/airflow/example_dags/example_trigger_controller_dag.py took 0.042 seconds
[2024-06-18T09:34:25.407+0000] {processor.py:161} INFO - Started process (PID=982) to work on /home/airflow/.local/lib/python3.12/site-packages/airflow/example_dags/example_trigger_controller_dag.py
[2024-06-18T09:34:25.408+0000] {processor.py:830} INFO - Processing file /home/airflow/.local/lib/python3.12/site-packages/airflow/example_dags/example_trigger_controller_dag.py for tasks to queue
[2024-06-18T09:34:25.409+0000] {logging_mixin.py:188} INFO - [2024-06-18T09:34:25.409+0000] {dagbag.py:545} INFO - Filling up the DagBag from /home/airflow/.local/lib/python3.12/site-packages/airflow/example_dags/example_trigger_controller_dag.py
[2024-06-18T09:34:25.411+0000] {processor.py:840} INFO - DAG(s) 'example_trigger_controller_dag' retrieved from /home/airflow/.local/lib/python3.12/site-packages/airflow/example_dags/example_trigger_controller_dag.py
[2024-06-18T09:34:25.423+0000] {logging_mixin.py:188} INFO - [2024-06-18T09:34:25.423+0000] {dag.py:3096} INFO - Sync 1 DAGs
[2024-06-18T09:34:25.436+0000] {logging_mixin.py:188} INFO - [2024-06-18T09:34:25.436+0000] {dag.py:3954} INFO - Setting next_dagrun for example_trigger_controller_dag to 2021-01-01 00:00:00+00:00, run_after=2021-01-01 00:00:00+00:00
[2024-06-18T09:34:25.447+0000] {processor.py:183} INFO - Processing /home/airflow/.local/lib/python3.12/site-packages/airflow/example_dags/example_trigger_controller_dag.py took 0.044 seconds
[2024-06-18T09:34:55.683+0000] {processor.py:161} INFO - Started process (PID=1244) to work on /home/airflow/.local/lib/python3.12/site-packages/airflow/example_dags/example_trigger_controller_dag.py
[2024-06-18T09:34:55.684+0000] {processor.py:830} INFO - Processing file /home/airflow/.local/lib/python3.12/site-packages/airflow/example_dags/example_trigger_controller_dag.py for tasks to queue
[2024-06-18T09:34:55.685+0000] {logging_mixin.py:188} INFO - [2024-06-18T09:34:55.684+0000] {dagbag.py:545} INFO - Filling up the DagBag from /home/airflow/.local/lib/python3.12/site-packages/airflow/example_dags/example_trigger_controller_dag.py
[2024-06-18T09:34:55.687+0000] {processor.py:840} INFO - DAG(s) 'example_trigger_controller_dag' retrieved from /home/airflow/.local/lib/python3.12/site-packages/airflow/example_dags/example_trigger_controller_dag.py
[2024-06-18T09:34:55.699+0000] {logging_mixin.py:188} INFO - [2024-06-18T09:34:55.699+0000] {dag.py:3096} INFO - Sync 1 DAGs
[2024-06-18T09:34:55.711+0000] {logging_mixin.py:188} INFO - [2024-06-18T09:34:55.711+0000] {dag.py:3954} INFO - Setting next_dagrun for example_trigger_controller_dag to 2021-01-01 00:00:00+00:00, run_after=2021-01-01 00:00:00+00:00
[2024-06-18T09:34:55.722+0000] {processor.py:183} INFO - Processing /home/airflow/.local/lib/python3.12/site-packages/airflow/example_dags/example_trigger_controller_dag.py took 0.043 seconds
[2024-06-18T09:35:25.837+0000] {processor.py:161} INFO - Started process (PID=1506) to work on /home/airflow/.local/lib/python3.12/site-packages/airflow/example_dags/example_trigger_controller_dag.py
[2024-06-18T09:35:25.837+0000] {processor.py:830} INFO - Processing file /home/airflow/.local/lib/python3.12/site-packages/airflow/example_dags/example_trigger_controller_dag.py for tasks to queue
[2024-06-18T09:35:25.838+0000] {logging_mixin.py:188} INFO - [2024-06-18T09:35:25.838+0000] {dagbag.py:545} INFO - Filling up the DagBag from /home/airflow/.local/lib/python3.12/site-packages/airflow/example_dags/example_trigger_controller_dag.py
[2024-06-18T09:35:25.841+0000] {processor.py:840} INFO - DAG(s) 'example_trigger_controller_dag' retrieved from /home/airflow/.local/lib/python3.12/site-packages/airflow/example_dags/example_trigger_controller_dag.py
[2024-06-18T09:35:25.853+0000] {logging_mixin.py:188} INFO - [2024-06-18T09:35:25.853+0000] {dag.py:3096} INFO - Sync 1 DAGs
[2024-06-18T09:35:25.866+0000] {logging_mixin.py:188} INFO - [2024-06-18T09:35:25.866+0000] {dag.py:3954} INFO - Setting next_dagrun for example_trigger_controller_dag to 2021-01-01 00:00:00+00:00, run_after=2021-01-01 00:00:00+00:00
[2024-06-18T09:35:25.878+0000] {processor.py:183} INFO - Processing /home/airflow/.local/lib/python3.12/site-packages/airflow/example_dags/example_trigger_controller_dag.py took 0.045 seconds
[2024-06-18T09:35:55.968+0000] {processor.py:161} INFO - Started process (PID=1768) to work on /home/airflow/.local/lib/python3.12/site-packages/airflow/example_dags/example_trigger_controller_dag.py
[2024-06-18T09:35:55.968+0000] {processor.py:830} INFO - Processing file /home/airflow/.local/lib/python3.12/site-packages/airflow/example_dags/example_trigger_controller_dag.py for tasks to queue
[2024-06-18T09:35:55.969+0000] {logging_mixin.py:188} INFO - [2024-06-18T09:35:55.969+0000] {dagbag.py:545} INFO - Filling up the DagBag from /home/airflow/.local/lib/python3.12/site-packages/airflow/example_dags/example_trigger_controller_dag.py
[2024-06-18T09:35:55.972+0000] {processor.py:840} INFO - DAG(s) 'example_trigger_controller_dag' retrieved from /home/airflow/.local/lib/python3.12/site-packages/airflow/example_dags/example_trigger_controller_dag.py
[2024-06-18T09:35:55.984+0000] {logging_mixin.py:188} INFO - [2024-06-18T09:35:55.984+0000] {dag.py:3096} INFO - Sync 1 DAGs
[2024-06-18T09:35:55.997+0000] {logging_mixin.py:188} INFO - [2024-06-18T09:35:55.997+0000] {dag.py:3954} INFO - Setting next_dagrun for example_trigger_controller_dag to 2021-01-01 00:00:00+00:00, run_after=2021-01-01 00:00:00+00:00
[2024-06-18T09:35:56.009+0000] {processor.py:183} INFO - Processing /home/airflow/.local/lib/python3.12/site-packages/airflow/example_dags/example_trigger_controller_dag.py took 0.044 seconds
[2024-06-18T09:36:26.057+0000] {processor.py:161} INFO - Started process (PID=2030) to work on /home/airflow/.local/lib/python3.12/site-packages/airflow/example_dags/example_trigger_controller_dag.py
[2024-06-18T09:36:26.058+0000] {processor.py:830} INFO - Processing file /home/airflow/.local/lib/python3.12/site-packages/airflow/example_dags/example_trigger_controller_dag.py for tasks to queue
[2024-06-18T09:36:26.058+0000] {logging_mixin.py:188} INFO - [2024-06-18T09:36:26.058+0000] {dagbag.py:545} INFO - Filling up the DagBag from /home/airflow/.local/lib/python3.12/site-packages/airflow/example_dags/example_trigger_controller_dag.py
[2024-06-18T09:36:26.061+0000] {processor.py:840} INFO - DAG(s) 'example_trigger_controller_dag' retrieved from /home/airflow/.local/lib/python3.12/site-packages/airflow/example_dags/example_trigger_controller_dag.py
[2024-06-18T09:36:26.072+0000] {logging_mixin.py:188} INFO - [2024-06-18T09:36:26.072+0000] {dag.py:3096} INFO - Sync 1 DAGs
[2024-06-18T09:36:26.085+0000] {logging_mixin.py:188} INFO - [2024-06-18T09:36:26.085+0000] {dag.py:3954} INFO - Setting next_dagrun for example_trigger_controller_dag to 2021-01-01 00:00:00+00:00, run_after=2021-01-01 00:00:00+00:00
[2024-06-18T09:36:26.097+0000] {processor.py:183} INFO - Processing /home/airflow/.local/lib/python3.12/site-packages/airflow/example_dags/example_trigger_controller_dag.py took 0.044 seconds
[2024-06-18T09:36:56.503+0000] {processor.py:161} INFO - Started process (PID=2292) to work on /home/airflow/.local/lib/python3.12/site-packages/airflow/example_dags/example_trigger_controller_dag.py
[2024-06-18T09:36:56.503+0000] {processor.py:830} INFO - Processing file /home/airflow/.local/lib/python3.12/site-packages/airflow/example_dags/example_trigger_controller_dag.py for tasks to queue
[2024-06-18T09:36:56.504+0000] {logging_mixin.py:188} INFO - [2024-06-18T09:36:56.504+0000] {dagbag.py:545} INFO - Filling up the DagBag from /home/airflow/.local/lib/python3.12/site-packages/airflow/example_dags/example_trigger_controller_dag.py
[2024-06-18T09:36:56.506+0000] {processor.py:840} INFO - DAG(s) 'example_trigger_controller_dag' retrieved from /home/airflow/.local/lib/python3.12/site-packages/airflow/example_dags/example_trigger_controller_dag.py
[2024-06-18T09:36:56.518+0000] {logging_mixin.py:188} INFO - [2024-06-18T09:36:56.517+0000] {dag.py:3096} INFO - Sync 1 DAGs
[2024-06-18T09:36:56.533+0000] {logging_mixin.py:188} INFO - [2024-06-18T09:36:56.533+0000] {dag.py:3954} INFO - Setting next_dagrun for example_trigger_controller_dag to 2021-01-01 00:00:00+00:00, run_after=2021-01-01 00:00:00+00:00
[2024-06-18T09:36:56.544+0000] {processor.py:183} INFO - Processing /home/airflow/.local/lib/python3.12/site-packages/airflow/example_dags/example_trigger_controller_dag.py took 0.045 seconds
[2024-06-18T09:37:26.604+0000] {processor.py:161} INFO - Started process (PID=2554) to work on /home/airflow/.local/lib/python3.12/site-packages/airflow/example_dags/example_trigger_controller_dag.py
[2024-06-18T09:37:26.605+0000] {processor.py:830} INFO - Processing file /home/airflow/.local/lib/python3.12/site-packages/airflow/example_dags/example_trigger_controller_dag.py for tasks to queue
[2024-06-18T09:37:26.606+0000] {logging_mixin.py:188} INFO - [2024-06-18T09:37:26.605+0000] {dagbag.py:545} INFO - Filling up the DagBag from /home/airflow/.local/lib/python3.12/site-packages/airflow/example_dags/example_trigger_controller_dag.py
[2024-06-18T09:37:26.608+0000] {processor.py:840} INFO - DAG(s) 'example_trigger_controller_dag' retrieved from /home/airflow/.local/lib/python3.12/site-packages/airflow/example_dags/example_trigger_controller_dag.py
[2024-06-18T09:37:26.618+0000] {logging_mixin.py:188} INFO - [2024-06-18T09:37:26.618+0000] {dag.py:3096} INFO - Sync 1 DAGs
[2024-06-18T09:37:26.630+0000] {logging_mixin.py:188} INFO - [2024-06-18T09:37:26.630+0000] {dag.py:3954} INFO - Setting next_dagrun for example_trigger_controller_dag to 2021-01-01 00:00:00+00:00, run_after=2021-01-01 00:00:00+00:00
[2024-06-18T09:37:26.640+0000] {processor.py:183} INFO - Processing /home/airflow/.local/lib/python3.12/site-packages/airflow/example_dags/example_trigger_controller_dag.py took 0.039 seconds
[2024-06-18T09:37:56.806+0000] {processor.py:161} INFO - Started process (PID=2816) to work on /home/airflow/.local/lib/python3.12/site-packages/airflow/example_dags/example_trigger_controller_dag.py
[2024-06-18T09:37:56.806+0000] {processor.py:830} INFO - Processing file /home/airflow/.local/lib/python3.12/site-packages/airflow/example_dags/example_trigger_controller_dag.py for tasks to queue
[2024-06-18T09:37:56.807+0000] {logging_mixin.py:188} INFO - [2024-06-18T09:37:56.807+0000] {dagbag.py:545} INFO - Filling up the DagBag from /home/airflow/.local/lib/python3.12/site-packages/airflow/example_dags/example_trigger_controller_dag.py
[2024-06-18T09:37:56.809+0000] {processor.py:840} INFO - DAG(s) 'example_trigger_controller_dag' retrieved from /home/airflow/.local/lib/python3.12/site-packages/airflow/example_dags/example_trigger_controller_dag.py
[2024-06-18T09:37:56.820+0000] {logging_mixin.py:188} INFO - [2024-06-18T09:37:56.819+0000] {dag.py:3096} INFO - Sync 1 DAGs
[2024-06-18T09:37:56.831+0000] {logging_mixin.py:188} INFO - [2024-06-18T09:37:56.831+0000] {dag.py:3954} INFO - Setting next_dagrun for example_trigger_controller_dag to 2021-01-01 00:00:00+00:00, run_after=2021-01-01 00:00:00+00:00
[2024-06-18T09:37:56.843+0000] {processor.py:183} INFO - Processing /home/airflow/.local/lib/python3.12/site-packages/airflow/example_dags/example_trigger_controller_dag.py took 0.040 seconds
[2024-06-18T09:38:26.876+0000] {processor.py:161} INFO - Started process (PID=3078) to work on /home/airflow/.local/lib/python3.12/site-packages/airflow/example_dags/example_trigger_controller_dag.py
[2024-06-18T09:38:26.876+0000] {processor.py:830} INFO - Processing file /home/airflow/.local/lib/python3.12/site-packages/airflow/example_dags/example_trigger_controller_dag.py for tasks to queue
[2024-06-18T09:38:26.877+0000] {logging_mixin.py:188} INFO - [2024-06-18T09:38:26.877+0000] {dagbag.py:545} INFO - Filling up the DagBag from /home/airflow/.local/lib/python3.12/site-packages/airflow/example_dags/example_trigger_controller_dag.py
[2024-06-18T09:38:26.879+0000] {processor.py:840} INFO - DAG(s) 'example_trigger_controller_dag' retrieved from /home/airflow/.local/lib/python3.12/site-packages/airflow/example_dags/example_trigger_controller_dag.py
[2024-06-18T09:38:26.890+0000] {logging_mixin.py:188} INFO - [2024-06-18T09:38:26.890+0000] {dag.py:3096} INFO - Sync 1 DAGs
[2024-06-18T09:38:26.901+0000] {logging_mixin.py:188} INFO - [2024-06-18T09:38:26.901+0000] {dag.py:3954} INFO - Setting next_dagrun for example_trigger_controller_dag to 2021-01-01 00:00:00+00:00, run_after=2021-01-01 00:00:00+00:00
[2024-06-18T09:38:26.913+0000] {processor.py:183} INFO - Processing /home/airflow/.local/lib/python3.12/site-packages/airflow/example_dags/example_trigger_controller_dag.py took 0.040 seconds
[2024-06-18T09:38:56.980+0000] {processor.py:161} INFO - Started process (PID=3340) to work on /home/airflow/.local/lib/python3.12/site-packages/airflow/example_dags/example_trigger_controller_dag.py
[2024-06-18T09:38:56.981+0000] {processor.py:830} INFO - Processing file /home/airflow/.local/lib/python3.12/site-packages/airflow/example_dags/example_trigger_controller_dag.py for tasks to queue
[2024-06-18T09:38:56.982+0000] {logging_mixin.py:188} INFO - [2024-06-18T09:38:56.982+0000] {dagbag.py:545} INFO - Filling up the DagBag from /home/airflow/.local/lib/python3.12/site-packages/airflow/example_dags/example_trigger_controller_dag.py
[2024-06-18T09:38:56.984+0000] {processor.py:840} INFO - DAG(s) 'example_trigger_controller_dag' retrieved from /home/airflow/.local/lib/python3.12/site-packages/airflow/example_dags/example_trigger_controller_dag.py
[2024-06-18T09:38:56.995+0000] {logging_mixin.py:188} INFO - [2024-06-18T09:38:56.995+0000] {dag.py:3096} INFO - Sync 1 DAGs
[2024-06-18T09:38:57.007+0000] {logging_mixin.py:188} INFO - [2024-06-18T09:38:57.006+0000] {dag.py:3954} INFO - Setting next_dagrun for example_trigger_controller_dag to 2021-01-01 00:00:00+00:00, run_after=2021-01-01 00:00:00+00:00
[2024-06-18T09:38:57.019+0000] {processor.py:183} INFO - Processing /home/airflow/.local/lib/python3.12/site-packages/airflow/example_dags/example_trigger_controller_dag.py took 0.042 seconds
[2024-06-18T09:39:27.249+0000] {processor.py:161} INFO - Started process (PID=3605) to work on /home/airflow/.local/lib/python3.12/site-packages/airflow/example_dags/example_trigger_controller_dag.py
[2024-06-18T09:39:27.250+0000] {processor.py:830} INFO - Processing file /home/airflow/.local/lib/python3.12/site-packages/airflow/example_dags/example_trigger_controller_dag.py for tasks to queue
[2024-06-18T09:39:27.250+0000] {logging_mixin.py:188} INFO - [2024-06-18T09:39:27.250+0000] {dagbag.py:545} INFO - Filling up the DagBag from /home/airflow/.local/lib/python3.12/site-packages/airflow/example_dags/example_trigger_controller_dag.py
[2024-06-18T09:39:27.253+0000] {processor.py:840} INFO - DAG(s) 'example_trigger_controller_dag' retrieved from /home/airflow/.local/lib/python3.12/site-packages/airflow/example_dags/example_trigger_controller_dag.py
[2024-06-18T09:39:27.264+0000] {logging_mixin.py:188} INFO - [2024-06-18T09:39:27.264+0000] {dag.py:3096} INFO - Sync 1 DAGs
[2024-06-18T09:39:27.277+0000] {logging_mixin.py:188} INFO - [2024-06-18T09:39:27.276+0000] {dag.py:3954} INFO - Setting next_dagrun for example_trigger_controller_dag to 2021-01-01 00:00:00+00:00, run_after=2021-01-01 00:00:00+00:00
[2024-06-18T09:39:27.287+0000] {processor.py:183} INFO - Processing /home/airflow/.local/lib/python3.12/site-packages/airflow/example_dags/example_trigger_controller_dag.py took 0.041 seconds
[2024-06-18T09:39:57.418+0000] {processor.py:161} INFO - Started process (PID=3867) to work on /home/airflow/.local/lib/python3.12/site-packages/airflow/example_dags/example_trigger_controller_dag.py
[2024-06-18T09:39:57.419+0000] {processor.py:830} INFO - Processing file /home/airflow/.local/lib/python3.12/site-packages/airflow/example_dags/example_trigger_controller_dag.py for tasks to queue
[2024-06-18T09:39:57.420+0000] {logging_mixin.py:188} INFO - [2024-06-18T09:39:57.420+0000] {dagbag.py:545} INFO - Filling up the DagBag from /home/airflow/.local/lib/python3.12/site-packages/airflow/example_dags/example_trigger_controller_dag.py
[2024-06-18T09:39:57.422+0000] {processor.py:840} INFO - DAG(s) 'example_trigger_controller_dag' retrieved from /home/airflow/.local/lib/python3.12/site-packages/airflow/example_dags/example_trigger_controller_dag.py
[2024-06-18T09:39:57.434+0000] {logging_mixin.py:188} INFO - [2024-06-18T09:39:57.434+0000] {dag.py:3096} INFO - Sync 1 DAGs
[2024-06-18T09:39:57.447+0000] {logging_mixin.py:188} INFO - [2024-06-18T09:39:57.447+0000] {dag.py:3954} INFO - Setting next_dagrun for example_trigger_controller_dag to 2021-01-01 00:00:00+00:00, run_after=2021-01-01 00:00:00+00:00
[2024-06-18T09:39:57.460+0000] {processor.py:183} INFO - Processing /home/airflow/.local/lib/python3.12/site-packages/airflow/example_dags/example_trigger_controller_dag.py took 0.045 seconds
[2024-06-18T09:40:27.687+0000] {processor.py:161} INFO - Started process (PID=4127) to work on /home/airflow/.local/lib/python3.12/site-packages/airflow/example_dags/example_trigger_controller_dag.py
[2024-06-18T09:40:27.688+0000] {processor.py:830} INFO - Processing file /home/airflow/.local/lib/python3.12/site-packages/airflow/example_dags/example_trigger_controller_dag.py for tasks to queue
[2024-06-18T09:40:27.689+0000] {logging_mixin.py:188} INFO - [2024-06-18T09:40:27.689+0000] {dagbag.py:545} INFO - Filling up the DagBag from /home/airflow/.local/lib/python3.12/site-packages/airflow/example_dags/example_trigger_controller_dag.py
[2024-06-18T09:40:27.693+0000] {processor.py:840} INFO - DAG(s) 'example_trigger_controller_dag' retrieved from /home/airflow/.local/lib/python3.12/site-packages/airflow/example_dags/example_trigger_controller_dag.py
[2024-06-18T09:40:27.707+0000] {logging_mixin.py:188} INFO - [2024-06-18T09:40:27.707+0000] {dag.py:3096} INFO - Sync 1 DAGs
[2024-06-18T09:40:27.723+0000] {logging_mixin.py:188} INFO - [2024-06-18T09:40:27.723+0000] {dag.py:3954} INFO - Setting next_dagrun for example_trigger_controller_dag to 2021-01-01 00:00:00+00:00, run_after=2021-01-01 00:00:00+00:00
[2024-06-18T09:40:27.737+0000] {processor.py:183} INFO - Processing /home/airflow/.local/lib/python3.12/site-packages/airflow/example_dags/example_trigger_controller_dag.py took 0.055 seconds
[2024-06-18T09:40:57.939+0000] {processor.py:161} INFO - Started process (PID=4391) to work on /home/airflow/.local/lib/python3.12/site-packages/airflow/example_dags/example_trigger_controller_dag.py
[2024-06-18T09:40:57.940+0000] {processor.py:830} INFO - Processing file /home/airflow/.local/lib/python3.12/site-packages/airflow/example_dags/example_trigger_controller_dag.py for tasks to queue
[2024-06-18T09:40:57.941+0000] {logging_mixin.py:188} INFO - [2024-06-18T09:40:57.940+0000] {dagbag.py:545} INFO - Filling up the DagBag from /home/airflow/.local/lib/python3.12/site-packages/airflow/example_dags/example_trigger_controller_dag.py
[2024-06-18T09:40:57.943+0000] {processor.py:840} INFO - DAG(s) 'example_trigger_controller_dag' retrieved from /home/airflow/.local/lib/python3.12/site-packages/airflow/example_dags/example_trigger_controller_dag.py
[2024-06-18T09:40:57.954+0000] {logging_mixin.py:188} INFO - [2024-06-18T09:40:57.953+0000] {dag.py:3096} INFO - Sync 1 DAGs
[2024-06-18T09:40:57.965+0000] {logging_mixin.py:188} INFO - [2024-06-18T09:40:57.965+0000] {dag.py:3954} INFO - Setting next_dagrun for example_trigger_controller_dag to 2021-01-01 00:00:00+00:00, run_after=2021-01-01 00:00:00+00:00
[2024-06-18T09:40:57.977+0000] {processor.py:183} INFO - Processing /home/airflow/.local/lib/python3.12/site-packages/airflow/example_dags/example_trigger_controller_dag.py took 0.042 seconds
[2024-06-18T09:41:28.677+0000] {processor.py:161} INFO - Started process (PID=4651) to work on /home/airflow/.local/lib/python3.12/site-packages/airflow/example_dags/example_trigger_controller_dag.py
[2024-06-18T09:41:28.677+0000] {processor.py:830} INFO - Processing file /home/airflow/.local/lib/python3.12/site-packages/airflow/example_dags/example_trigger_controller_dag.py for tasks to queue
[2024-06-18T09:41:28.678+0000] {logging_mixin.py:188} INFO - [2024-06-18T09:41:28.678+0000] {dagbag.py:545} INFO - Filling up the DagBag from /home/airflow/.local/lib/python3.12/site-packages/airflow/example_dags/example_trigger_controller_dag.py
[2024-06-18T09:41:28.681+0000] {processor.py:840} INFO - DAG(s) 'example_trigger_controller_dag' retrieved from /home/airflow/.local/lib/python3.12/site-packages/airflow/example_dags/example_trigger_controller_dag.py
[2024-06-18T09:41:28.691+0000] {logging_mixin.py:188} INFO - [2024-06-18T09:41:28.691+0000] {dag.py:3096} INFO - Sync 1 DAGs
[2024-06-18T09:41:28.703+0000] {logging_mixin.py:188} INFO - [2024-06-18T09:41:28.703+0000] {dag.py:3954} INFO - Setting next_dagrun for example_trigger_controller_dag to 2021-01-01 00:00:00+00:00, run_after=2021-01-01 00:00:00+00:00
[2024-06-18T09:41:28.715+0000] {processor.py:183} INFO - Processing /home/airflow/.local/lib/python3.12/site-packages/airflow/example_dags/example_trigger_controller_dag.py took 0.042 seconds
[2024-06-18T09:41:59.459+0000] {processor.py:161} INFO - Started process (PID=4913) to work on /home/airflow/.local/lib/python3.12/site-packages/airflow/example_dags/example_trigger_controller_dag.py
[2024-06-18T09:41:59.459+0000] {processor.py:830} INFO - Processing file /home/airflow/.local/lib/python3.12/site-packages/airflow/example_dags/example_trigger_controller_dag.py for tasks to queue
[2024-06-18T09:41:59.460+0000] {logging_mixin.py:188} INFO - [2024-06-18T09:41:59.460+0000] {dagbag.py:545} INFO - Filling up the DagBag from /home/airflow/.local/lib/python3.12/site-packages/airflow/example_dags/example_trigger_controller_dag.py
[2024-06-18T09:41:59.462+0000] {processor.py:840} INFO - DAG(s) 'example_trigger_controller_dag' retrieved from /home/airflow/.local/lib/python3.12/site-packages/airflow/example_dags/example_trigger_controller_dag.py
[2024-06-18T09:41:59.473+0000] {logging_mixin.py:188} INFO - [2024-06-18T09:41:59.473+0000] {dag.py:3096} INFO - Sync 1 DAGs
[2024-06-18T09:41:59.484+0000] {logging_mixin.py:188} INFO - [2024-06-18T09:41:59.484+0000] {dag.py:3954} INFO - Setting next_dagrun for example_trigger_controller_dag to 2021-01-01 00:00:00+00:00, run_after=2021-01-01 00:00:00+00:00
[2024-06-18T09:41:59.496+0000] {processor.py:183} INFO - Processing /home/airflow/.local/lib/python3.12/site-packages/airflow/example_dags/example_trigger_controller_dag.py took 0.041 seconds
[2024-06-18T09:42:30.183+0000] {processor.py:161} INFO - Started process (PID=5175) to work on /home/airflow/.local/lib/python3.12/site-packages/airflow/example_dags/example_trigger_controller_dag.py
[2024-06-18T09:42:30.183+0000] {processor.py:830} INFO - Processing file /home/airflow/.local/lib/python3.12/site-packages/airflow/example_dags/example_trigger_controller_dag.py for tasks to queue
[2024-06-18T09:42:30.184+0000] {logging_mixin.py:188} INFO - [2024-06-18T09:42:30.184+0000] {dagbag.py:545} INFO - Filling up the DagBag from /home/airflow/.local/lib/python3.12/site-packages/airflow/example_dags/example_trigger_controller_dag.py
[2024-06-18T09:42:30.186+0000] {processor.py:840} INFO - DAG(s) 'example_trigger_controller_dag' retrieved from /home/airflow/.local/lib/python3.12/site-packages/airflow/example_dags/example_trigger_controller_dag.py
[2024-06-18T09:42:30.197+0000] {logging_mixin.py:188} INFO - [2024-06-18T09:42:30.197+0000] {dag.py:3096} INFO - Sync 1 DAGs
[2024-06-18T09:42:30.208+0000] {logging_mixin.py:188} INFO - [2024-06-18T09:42:30.208+0000] {dag.py:3954} INFO - Setting next_dagrun for example_trigger_controller_dag to 2021-01-01 00:00:00+00:00, run_after=2021-01-01 00:00:00+00:00
[2024-06-18T09:42:30.218+0000] {processor.py:183} INFO - Processing /home/airflow/.local/lib/python3.12/site-packages/airflow/example_dags/example_trigger_controller_dag.py took 0.038 seconds
[2024-06-18T09:43:00.943+0000] {processor.py:161} INFO - Started process (PID=5437) to work on /home/airflow/.local/lib/python3.12/site-packages/airflow/example_dags/example_trigger_controller_dag.py
[2024-06-18T09:43:00.944+0000] {processor.py:830} INFO - Processing file /home/airflow/.local/lib/python3.12/site-packages/airflow/example_dags/example_trigger_controller_dag.py for tasks to queue
[2024-06-18T09:43:00.944+0000] {logging_mixin.py:188} INFO - [2024-06-18T09:43:00.944+0000] {dagbag.py:545} INFO - Filling up the DagBag from /home/airflow/.local/lib/python3.12/site-packages/airflow/example_dags/example_trigger_controller_dag.py
[2024-06-18T09:43:00.947+0000] {processor.py:840} INFO - DAG(s) 'example_trigger_controller_dag' retrieved from /home/airflow/.local/lib/python3.12/site-packages/airflow/example_dags/example_trigger_controller_dag.py
[2024-06-18T09:43:00.958+0000] {logging_mixin.py:188} INFO - [2024-06-18T09:43:00.957+0000] {dag.py:3096} INFO - Sync 1 DAGs
[2024-06-18T09:43:00.969+0000] {logging_mixin.py:188} INFO - [2024-06-18T09:43:00.969+0000] {dag.py:3954} INFO - Setting next_dagrun for example_trigger_controller_dag to 2021-01-01 00:00:00+00:00, run_after=2021-01-01 00:00:00+00:00
[2024-06-18T09:43:00.979+0000] {processor.py:183} INFO - Processing /home/airflow/.local/lib/python3.12/site-packages/airflow/example_dags/example_trigger_controller_dag.py took 0.039 seconds
[2024-06-18T09:43:31.155+0000] {processor.py:161} INFO - Started process (PID=5699) to work on /home/airflow/.local/lib/python3.12/site-packages/airflow/example_dags/example_trigger_controller_dag.py
[2024-06-18T09:43:31.156+0000] {processor.py:830} INFO - Processing file /home/airflow/.local/lib/python3.12/site-packages/airflow/example_dags/example_trigger_controller_dag.py for tasks to queue
[2024-06-18T09:43:31.157+0000] {logging_mixin.py:188} INFO - [2024-06-18T09:43:31.156+0000] {dagbag.py:545} INFO - Filling up the DagBag from /home/airflow/.local/lib/python3.12/site-packages/airflow/example_dags/example_trigger_controller_dag.py
[2024-06-18T09:43:31.159+0000] {processor.py:840} INFO - DAG(s) 'example_trigger_controller_dag' retrieved from /home/airflow/.local/lib/python3.12/site-packages/airflow/example_dags/example_trigger_controller_dag.py
[2024-06-18T09:43:31.171+0000] {logging_mixin.py:188} INFO - [2024-06-18T09:43:31.171+0000] {dag.py:3096} INFO - Sync 1 DAGs
[2024-06-18T09:43:31.182+0000] {logging_mixin.py:188} INFO - [2024-06-18T09:43:31.182+0000] {dag.py:3954} INFO - Setting next_dagrun for example_trigger_controller_dag to 2021-01-01 00:00:00+00:00, run_after=2021-01-01 00:00:00+00:00
[2024-06-18T09:43:31.192+0000] {processor.py:183} INFO - Processing /home/airflow/.local/lib/python3.12/site-packages/airflow/example_dags/example_trigger_controller_dag.py took 0.040 seconds
[2024-06-18T09:44:01.319+0000] {processor.py:161} INFO - Started process (PID=5963) to work on /home/airflow/.local/lib/python3.12/site-packages/airflow/example_dags/example_trigger_controller_dag.py
[2024-06-18T09:44:01.320+0000] {processor.py:830} INFO - Processing file /home/airflow/.local/lib/python3.12/site-packages/airflow/example_dags/example_trigger_controller_dag.py for tasks to queue
[2024-06-18T09:44:01.321+0000] {logging_mixin.py:188} INFO - [2024-06-18T09:44:01.320+0000] {dagbag.py:545} INFO - Filling up the DagBag from /home/airflow/.local/lib/python3.12/site-packages/airflow/example_dags/example_trigger_controller_dag.py
[2024-06-18T09:44:01.323+0000] {processor.py:840} INFO - DAG(s) 'example_trigger_controller_dag' retrieved from /home/airflow/.local/lib/python3.12/site-packages/airflow/example_dags/example_trigger_controller_dag.py
[2024-06-18T09:44:01.334+0000] {logging_mixin.py:188} INFO - [2024-06-18T09:44:01.334+0000] {dag.py:3096} INFO - Sync 1 DAGs
[2024-06-18T09:44:01.345+0000] {logging_mixin.py:188} INFO - [2024-06-18T09:44:01.345+0000] {dag.py:3954} INFO - Setting next_dagrun for example_trigger_controller_dag to 2021-01-01 00:00:00+00:00, run_after=2021-01-01 00:00:00+00:00
[2024-06-18T09:44:01.355+0000] {processor.py:183} INFO - Processing /home/airflow/.local/lib/python3.12/site-packages/airflow/example_dags/example_trigger_controller_dag.py took 0.039 seconds
[2024-06-18T09:44:32.118+0000] {processor.py:161} INFO - Started process (PID=6223) to work on /home/airflow/.local/lib/python3.12/site-packages/airflow/example_dags/example_trigger_controller_dag.py
[2024-06-18T09:44:32.118+0000] {processor.py:830} INFO - Processing file /home/airflow/.local/lib/python3.12/site-packages/airflow/example_dags/example_trigger_controller_dag.py for tasks to queue
[2024-06-18T09:44:32.119+0000] {logging_mixin.py:188} INFO - [2024-06-18T09:44:32.119+0000] {dagbag.py:545} INFO - Filling up the DagBag from /home/airflow/.local/lib/python3.12/site-packages/airflow/example_dags/example_trigger_controller_dag.py
[2024-06-18T09:44:32.121+0000] {processor.py:840} INFO - DAG(s) 'example_trigger_controller_dag' retrieved from /home/airflow/.local/lib/python3.12/site-packages/airflow/example_dags/example_trigger_controller_dag.py
[2024-06-18T09:44:32.134+0000] {logging_mixin.py:188} INFO - [2024-06-18T09:44:32.134+0000] {dag.py:3096} INFO - Sync 1 DAGs
[2024-06-18T09:44:32.148+0000] {logging_mixin.py:188} INFO - [2024-06-18T09:44:32.148+0000] {dag.py:3954} INFO - Setting next_dagrun for example_trigger_controller_dag to 2021-01-01 00:00:00+00:00, run_after=2021-01-01 00:00:00+00:00
[2024-06-18T09:44:32.160+0000] {processor.py:183} INFO - Processing /home/airflow/.local/lib/python3.12/site-packages/airflow/example_dags/example_trigger_controller_dag.py took 0.045 seconds
[2024-06-18T09:45:02.184+0000] {processor.py:161} INFO - Started process (PID=6484) to work on /home/airflow/.local/lib/python3.12/site-packages/airflow/example_dags/example_trigger_controller_dag.py
[2024-06-18T09:45:02.184+0000] {processor.py:830} INFO - Processing file /home/airflow/.local/lib/python3.12/site-packages/airflow/example_dags/example_trigger_controller_dag.py for tasks to queue
[2024-06-18T09:45:02.185+0000] {logging_mixin.py:188} INFO - [2024-06-18T09:45:02.185+0000] {dagbag.py:545} INFO - Filling up the DagBag from /home/airflow/.local/lib/python3.12/site-packages/airflow/example_dags/example_trigger_controller_dag.py
[2024-06-18T09:45:02.187+0000] {processor.py:840} INFO - DAG(s) 'example_trigger_controller_dag' retrieved from /home/airflow/.local/lib/python3.12/site-packages/airflow/example_dags/example_trigger_controller_dag.py
[2024-06-18T09:45:02.200+0000] {logging_mixin.py:188} INFO - [2024-06-18T09:45:02.200+0000] {dag.py:3096} INFO - Sync 1 DAGs
[2024-06-18T09:45:02.214+0000] {logging_mixin.py:188} INFO - [2024-06-18T09:45:02.213+0000] {dag.py:3954} INFO - Setting next_dagrun for example_trigger_controller_dag to 2021-01-01 00:00:00+00:00, run_after=2021-01-01 00:00:00+00:00
[2024-06-18T09:45:02.227+0000] {processor.py:183} INFO - Processing /home/airflow/.local/lib/python3.12/site-packages/airflow/example_dags/example_trigger_controller_dag.py took 0.047 seconds
[2024-06-18T09:45:32.349+0000] {processor.py:161} INFO - Started process (PID=6746) to work on /home/airflow/.local/lib/python3.12/site-packages/airflow/example_dags/example_trigger_controller_dag.py
[2024-06-18T09:45:32.349+0000] {processor.py:830} INFO - Processing file /home/airflow/.local/lib/python3.12/site-packages/airflow/example_dags/example_trigger_controller_dag.py for tasks to queue
[2024-06-18T09:45:32.350+0000] {logging_mixin.py:188} INFO - [2024-06-18T09:45:32.350+0000] {dagbag.py:545} INFO - Filling up the DagBag from /home/airflow/.local/lib/python3.12/site-packages/airflow/example_dags/example_trigger_controller_dag.py
[2024-06-18T09:45:32.352+0000] {processor.py:840} INFO - DAG(s) 'example_trigger_controller_dag' retrieved from /home/airflow/.local/lib/python3.12/site-packages/airflow/example_dags/example_trigger_controller_dag.py
[2024-06-18T09:45:32.363+0000] {logging_mixin.py:188} INFO - [2024-06-18T09:45:32.363+0000] {dag.py:3096} INFO - Sync 1 DAGs
[2024-06-18T09:45:32.375+0000] {logging_mixin.py:188} INFO - [2024-06-18T09:45:32.375+0000] {dag.py:3954} INFO - Setting next_dagrun for example_trigger_controller_dag to 2021-01-01 00:00:00+00:00, run_after=2021-01-01 00:00:00+00:00
[2024-06-18T09:45:32.385+0000] {processor.py:183} INFO - Processing /home/airflow/.local/lib/python3.12/site-packages/airflow/example_dags/example_trigger_controller_dag.py took 0.040 seconds
[2024-06-18T09:46:02.560+0000] {processor.py:161} INFO - Started process (PID=7010) to work on /home/airflow/.local/lib/python3.12/site-packages/airflow/example_dags/example_trigger_controller_dag.py
[2024-06-18T09:46:02.561+0000] {processor.py:830} INFO - Processing file /home/airflow/.local/lib/python3.12/site-packages/airflow/example_dags/example_trigger_controller_dag.py for tasks to queue
[2024-06-18T09:46:02.561+0000] {logging_mixin.py:188} INFO - [2024-06-18T09:46:02.561+0000] {dagbag.py:545} INFO - Filling up the DagBag from /home/airflow/.local/lib/python3.12/site-packages/airflow/example_dags/example_trigger_controller_dag.py
[2024-06-18T09:46:02.564+0000] {processor.py:840} INFO - DAG(s) 'example_trigger_controller_dag' retrieved from /home/airflow/.local/lib/python3.12/site-packages/airflow/example_dags/example_trigger_controller_dag.py
[2024-06-18T09:46:02.574+0000] {logging_mixin.py:188} INFO - [2024-06-18T09:46:02.574+0000] {dag.py:3096} INFO - Sync 1 DAGs
[2024-06-18T09:46:02.585+0000] {logging_mixin.py:188} INFO - [2024-06-18T09:46:02.585+0000] {dag.py:3954} INFO - Setting next_dagrun for example_trigger_controller_dag to 2021-01-01 00:00:00+00:00, run_after=2021-01-01 00:00:00+00:00
[2024-06-18T09:46:02.595+0000] {processor.py:183} INFO - Processing /home/airflow/.local/lib/python3.12/site-packages/airflow/example_dags/example_trigger_controller_dag.py took 0.038 seconds
[2024-06-18T09:46:32.773+0000] {processor.py:161} INFO - Started process (PID=7272) to work on /home/airflow/.local/lib/python3.12/site-packages/airflow/example_dags/example_trigger_controller_dag.py
[2024-06-18T09:46:32.773+0000] {processor.py:830} INFO - Processing file /home/airflow/.local/lib/python3.12/site-packages/airflow/example_dags/example_trigger_controller_dag.py for tasks to queue
[2024-06-18T09:46:32.774+0000] {logging_mixin.py:188} INFO - [2024-06-18T09:46:32.774+0000] {dagbag.py:545} INFO - Filling up the DagBag from /home/airflow/.local/lib/python3.12/site-packages/airflow/example_dags/example_trigger_controller_dag.py
[2024-06-18T09:46:32.777+0000] {processor.py:840} INFO - DAG(s) 'example_trigger_controller_dag' retrieved from /home/airflow/.local/lib/python3.12/site-packages/airflow/example_dags/example_trigger_controller_dag.py
[2024-06-18T09:46:32.789+0000] {logging_mixin.py:188} INFO - [2024-06-18T09:46:32.789+0000] {dag.py:3096} INFO - Sync 1 DAGs
[2024-06-18T09:46:32.800+0000] {logging_mixin.py:188} INFO - [2024-06-18T09:46:32.800+0000] {dag.py:3954} INFO - Setting next_dagrun for example_trigger_controller_dag to 2021-01-01 00:00:00+00:00, run_after=2021-01-01 00:00:00+00:00
[2024-06-18T09:46:32.811+0000] {processor.py:183} INFO - Processing /home/airflow/.local/lib/python3.12/site-packages/airflow/example_dags/example_trigger_controller_dag.py took 0.041 seconds
[2024-06-18T09:47:02.900+0000] {processor.py:161} INFO - Started process (PID=7534) to work on /home/airflow/.local/lib/python3.12/site-packages/airflow/example_dags/example_trigger_controller_dag.py
[2024-06-18T09:47:02.901+0000] {processor.py:830} INFO - Processing file /home/airflow/.local/lib/python3.12/site-packages/airflow/example_dags/example_trigger_controller_dag.py for tasks to queue
[2024-06-18T09:47:02.902+0000] {logging_mixin.py:188} INFO - [2024-06-18T09:47:02.902+0000] {dagbag.py:545} INFO - Filling up the DagBag from /home/airflow/.local/lib/python3.12/site-packages/airflow/example_dags/example_trigger_controller_dag.py
[2024-06-18T09:47:02.904+0000] {processor.py:840} INFO - DAG(s) 'example_trigger_controller_dag' retrieved from /home/airflow/.local/lib/python3.12/site-packages/airflow/example_dags/example_trigger_controller_dag.py
[2024-06-18T09:47:02.916+0000] {logging_mixin.py:188} INFO - [2024-06-18T09:47:02.915+0000] {dag.py:3096} INFO - Sync 1 DAGs
[2024-06-18T09:47:02.926+0000] {logging_mixin.py:188} INFO - [2024-06-18T09:47:02.926+0000] {dag.py:3954} INFO - Setting next_dagrun for example_trigger_controller_dag to 2021-01-01 00:00:00+00:00, run_after=2021-01-01 00:00:00+00:00
[2024-06-18T09:47:02.937+0000] {processor.py:183} INFO - Processing /home/airflow/.local/lib/python3.12/site-packages/airflow/example_dags/example_trigger_controller_dag.py took 0.040 seconds
[2024-06-18T09:47:33.592+0000] {processor.py:161} INFO - Started process (PID=7794) to work on /home/airflow/.local/lib/python3.12/site-packages/airflow/example_dags/example_trigger_controller_dag.py
[2024-06-18T09:47:33.593+0000] {processor.py:830} INFO - Processing file /home/airflow/.local/lib/python3.12/site-packages/airflow/example_dags/example_trigger_controller_dag.py for tasks to queue
[2024-06-18T09:47:33.593+0000] {logging_mixin.py:188} INFO - [2024-06-18T09:47:33.593+0000] {dagbag.py:545} INFO - Filling up the DagBag from /home/airflow/.local/lib/python3.12/site-packages/airflow/example_dags/example_trigger_controller_dag.py
[2024-06-18T09:47:33.596+0000] {processor.py:840} INFO - DAG(s) 'example_trigger_controller_dag' retrieved from /home/airflow/.local/lib/python3.12/site-packages/airflow/example_dags/example_trigger_controller_dag.py
[2024-06-18T09:47:33.606+0000] {logging_mixin.py:188} INFO - [2024-06-18T09:47:33.606+0000] {dag.py:3096} INFO - Sync 1 DAGs
[2024-06-18T09:47:33.618+0000] {logging_mixin.py:188} INFO - [2024-06-18T09:47:33.618+0000] {dag.py:3954} INFO - Setting next_dagrun for example_trigger_controller_dag to 2021-01-01 00:00:00+00:00, run_after=2021-01-01 00:00:00+00:00
[2024-06-18T09:47:33.629+0000] {processor.py:183} INFO - Processing /home/airflow/.local/lib/python3.12/site-packages/airflow/example_dags/example_trigger_controller_dag.py took 0.040 seconds
[2024-06-18T09:48:04.346+0000] {processor.py:161} INFO - Started process (PID=8058) to work on /home/airflow/.local/lib/python3.12/site-packages/airflow/example_dags/example_trigger_controller_dag.py
[2024-06-18T09:48:04.347+0000] {processor.py:830} INFO - Processing file /home/airflow/.local/lib/python3.12/site-packages/airflow/example_dags/example_trigger_controller_dag.py for tasks to queue
[2024-06-18T09:48:04.348+0000] {logging_mixin.py:188} INFO - [2024-06-18T09:48:04.348+0000] {dagbag.py:545} INFO - Filling up the DagBag from /home/airflow/.local/lib/python3.12/site-packages/airflow/example_dags/example_trigger_controller_dag.py
[2024-06-18T09:48:04.350+0000] {processor.py:840} INFO - DAG(s) 'example_trigger_controller_dag' retrieved from /home/airflow/.local/lib/python3.12/site-packages/airflow/example_dags/example_trigger_controller_dag.py
[2024-06-18T09:48:04.360+0000] {logging_mixin.py:188} INFO - [2024-06-18T09:48:04.360+0000] {dag.py:3096} INFO - Sync 1 DAGs
[2024-06-18T09:48:04.371+0000] {logging_mixin.py:188} INFO - [2024-06-18T09:48:04.371+0000] {dag.py:3954} INFO - Setting next_dagrun for example_trigger_controller_dag to 2021-01-01 00:00:00+00:00, run_after=2021-01-01 00:00:00+00:00
[2024-06-18T09:48:04.381+0000] {processor.py:183} INFO - Processing /home/airflow/.local/lib/python3.12/site-packages/airflow/example_dags/example_trigger_controller_dag.py took 0.038 seconds
[2024-06-18T09:48:35.156+0000] {processor.py:161} INFO - Started process (PID=8318) to work on /home/airflow/.local/lib/python3.12/site-packages/airflow/example_dags/example_trigger_controller_dag.py
[2024-06-18T09:48:35.157+0000] {processor.py:830} INFO - Processing file /home/airflow/.local/lib/python3.12/site-packages/airflow/example_dags/example_trigger_controller_dag.py for tasks to queue
[2024-06-18T09:48:35.157+0000] {logging_mixin.py:188} INFO - [2024-06-18T09:48:35.157+0000] {dagbag.py:545} INFO - Filling up the DagBag from /home/airflow/.local/lib/python3.12/site-packages/airflow/example_dags/example_trigger_controller_dag.py
[2024-06-18T09:48:35.160+0000] {processor.py:840} INFO - DAG(s) 'example_trigger_controller_dag' retrieved from /home/airflow/.local/lib/python3.12/site-packages/airflow/example_dags/example_trigger_controller_dag.py
[2024-06-18T09:48:35.170+0000] {logging_mixin.py:188} INFO - [2024-06-18T09:48:35.170+0000] {dag.py:3096} INFO - Sync 1 DAGs
[2024-06-18T09:48:35.181+0000] {logging_mixin.py:188} INFO - [2024-06-18T09:48:35.181+0000] {dag.py:3954} INFO - Setting next_dagrun for example_trigger_controller_dag to 2021-01-01 00:00:00+00:00, run_after=2021-01-01 00:00:00+00:00
[2024-06-18T09:48:35.192+0000] {processor.py:183} INFO - Processing /home/airflow/.local/lib/python3.12/site-packages/airflow/example_dags/example_trigger_controller_dag.py took 0.039 seconds
[2024-06-18T09:49:05.895+0000] {processor.py:161} INFO - Started process (PID=8580) to work on /home/airflow/.local/lib/python3.12/site-packages/airflow/example_dags/example_trigger_controller_dag.py
[2024-06-18T09:49:05.895+0000] {processor.py:830} INFO - Processing file /home/airflow/.local/lib/python3.12/site-packages/airflow/example_dags/example_trigger_controller_dag.py for tasks to queue
[2024-06-18T09:49:05.896+0000] {logging_mixin.py:188} INFO - [2024-06-18T09:49:05.896+0000] {dagbag.py:545} INFO - Filling up the DagBag from /home/airflow/.local/lib/python3.12/site-packages/airflow/example_dags/example_trigger_controller_dag.py
[2024-06-18T09:49:05.899+0000] {processor.py:840} INFO - DAG(s) 'example_trigger_controller_dag' retrieved from /home/airflow/.local/lib/python3.12/site-packages/airflow/example_dags/example_trigger_controller_dag.py
[2024-06-18T09:49:05.910+0000] {logging_mixin.py:188} INFO - [2024-06-18T09:49:05.910+0000] {dag.py:3096} INFO - Sync 1 DAGs
[2024-06-18T09:49:05.924+0000] {logging_mixin.py:188} INFO - [2024-06-18T09:49:05.923+0000] {dag.py:3954} INFO - Setting next_dagrun for example_trigger_controller_dag to 2021-01-01 00:00:00+00:00, run_after=2021-01-01 00:00:00+00:00
[2024-06-18T09:49:05.935+0000] {processor.py:183} INFO - Processing /home/airflow/.local/lib/python3.12/site-packages/airflow/example_dags/example_trigger_controller_dag.py took 0.044 seconds
[2024-06-18T09:49:36.041+0000] {processor.py:161} INFO - Started process (PID=8842) to work on /home/airflow/.local/lib/python3.12/site-packages/airflow/example_dags/example_trigger_controller_dag.py
[2024-06-18T09:49:36.041+0000] {processor.py:830} INFO - Processing file /home/airflow/.local/lib/python3.12/site-packages/airflow/example_dags/example_trigger_controller_dag.py for tasks to queue
[2024-06-18T09:49:36.043+0000] {logging_mixin.py:188} INFO - [2024-06-18T09:49:36.042+0000] {dagbag.py:545} INFO - Filling up the DagBag from /home/airflow/.local/lib/python3.12/site-packages/airflow/example_dags/example_trigger_controller_dag.py
[2024-06-18T09:49:36.046+0000] {processor.py:840} INFO - DAG(s) 'example_trigger_controller_dag' retrieved from /home/airflow/.local/lib/python3.12/site-packages/airflow/example_dags/example_trigger_controller_dag.py
[2024-06-18T09:49:36.058+0000] {logging_mixin.py:188} INFO - [2024-06-18T09:49:36.058+0000] {dag.py:3096} INFO - Sync 1 DAGs
[2024-06-18T09:49:36.071+0000] {logging_mixin.py:188} INFO - [2024-06-18T09:49:36.071+0000] {dag.py:3954} INFO - Setting next_dagrun for example_trigger_controller_dag to 2021-01-01 00:00:00+00:00, run_after=2021-01-01 00:00:00+00:00
[2024-06-18T09:49:36.084+0000] {processor.py:183} INFO - Processing /home/airflow/.local/lib/python3.12/site-packages/airflow/example_dags/example_trigger_controller_dag.py took 0.046 seconds
[2024-06-18T09:50:06.270+0000] {processor.py:161} INFO - Started process (PID=9104) to work on /home/airflow/.local/lib/python3.12/site-packages/airflow/example_dags/example_trigger_controller_dag.py
[2024-06-18T09:50:06.271+0000] {processor.py:830} INFO - Processing file /home/airflow/.local/lib/python3.12/site-packages/airflow/example_dags/example_trigger_controller_dag.py for tasks to queue
[2024-06-18T09:50:06.272+0000] {logging_mixin.py:188} INFO - [2024-06-18T09:50:06.271+0000] {dagbag.py:545} INFO - Filling up the DagBag from /home/airflow/.local/lib/python3.12/site-packages/airflow/example_dags/example_trigger_controller_dag.py
[2024-06-18T09:50:06.274+0000] {processor.py:840} INFO - DAG(s) 'example_trigger_controller_dag' retrieved from /home/airflow/.local/lib/python3.12/site-packages/airflow/example_dags/example_trigger_controller_dag.py
[2024-06-18T09:50:06.286+0000] {logging_mixin.py:188} INFO - [2024-06-18T09:50:06.286+0000] {dag.py:3096} INFO - Sync 1 DAGs
[2024-06-18T09:50:06.300+0000] {logging_mixin.py:188} INFO - [2024-06-18T09:50:06.299+0000] {dag.py:3954} INFO - Setting next_dagrun for example_trigger_controller_dag to 2021-01-01 00:00:00+00:00, run_after=2021-01-01 00:00:00+00:00
[2024-06-18T09:50:06.312+0000] {processor.py:183} INFO - Processing /home/airflow/.local/lib/python3.12/site-packages/airflow/example_dags/example_trigger_controller_dag.py took 0.046 seconds
[2024-06-18T09:50:36.433+0000] {processor.py:161} INFO - Started process (PID=9366) to work on /home/airflow/.local/lib/python3.12/site-packages/airflow/example_dags/example_trigger_controller_dag.py
[2024-06-18T09:50:36.433+0000] {processor.py:830} INFO - Processing file /home/airflow/.local/lib/python3.12/site-packages/airflow/example_dags/example_trigger_controller_dag.py for tasks to queue
[2024-06-18T09:50:36.434+0000] {logging_mixin.py:188} INFO - [2024-06-18T09:50:36.434+0000] {dagbag.py:545} INFO - Filling up the DagBag from /home/airflow/.local/lib/python3.12/site-packages/airflow/example_dags/example_trigger_controller_dag.py
[2024-06-18T09:50:36.436+0000] {processor.py:840} INFO - DAG(s) 'example_trigger_controller_dag' retrieved from /home/airflow/.local/lib/python3.12/site-packages/airflow/example_dags/example_trigger_controller_dag.py
[2024-06-18T09:50:36.449+0000] {logging_mixin.py:188} INFO - [2024-06-18T09:50:36.449+0000] {dag.py:3096} INFO - Sync 1 DAGs
[2024-06-18T09:50:36.462+0000] {logging_mixin.py:188} INFO - [2024-06-18T09:50:36.462+0000] {dag.py:3954} INFO - Setting next_dagrun for example_trigger_controller_dag to 2021-01-01 00:00:00+00:00, run_after=2021-01-01 00:00:00+00:00
[2024-06-18T09:50:36.473+0000] {processor.py:183} INFO - Processing /home/airflow/.local/lib/python3.12/site-packages/airflow/example_dags/example_trigger_controller_dag.py took 0.044 seconds
[2024-06-18T09:51:06.506+0000] {processor.py:161} INFO - Started process (PID=9628) to work on /home/airflow/.local/lib/python3.12/site-packages/airflow/example_dags/example_trigger_controller_dag.py
[2024-06-18T09:51:06.507+0000] {processor.py:830} INFO - Processing file /home/airflow/.local/lib/python3.12/site-packages/airflow/example_dags/example_trigger_controller_dag.py for tasks to queue
[2024-06-18T09:51:06.508+0000] {logging_mixin.py:188} INFO - [2024-06-18T09:51:06.508+0000] {dagbag.py:545} INFO - Filling up the DagBag from /home/airflow/.local/lib/python3.12/site-packages/airflow/example_dags/example_trigger_controller_dag.py
[2024-06-18T09:51:06.511+0000] {processor.py:840} INFO - DAG(s) 'example_trigger_controller_dag' retrieved from /home/airflow/.local/lib/python3.12/site-packages/airflow/example_dags/example_trigger_controller_dag.py
[2024-06-18T09:51:06.522+0000] {logging_mixin.py:188} INFO - [2024-06-18T09:51:06.522+0000] {dag.py:3096} INFO - Sync 1 DAGs
[2024-06-18T09:51:06.534+0000] {logging_mixin.py:188} INFO - [2024-06-18T09:51:06.534+0000] {dag.py:3954} INFO - Setting next_dagrun for example_trigger_controller_dag to 2021-01-01 00:00:00+00:00, run_after=2021-01-01 00:00:00+00:00
[2024-06-18T09:51:06.545+0000] {processor.py:183} INFO - Processing /home/airflow/.local/lib/python3.12/site-packages/airflow/example_dags/example_trigger_controller_dag.py took 0.042 seconds
[2024-06-18T09:51:36.839+0000] {processor.py:161} INFO - Started process (PID=9890) to work on /home/airflow/.local/lib/python3.12/site-packages/airflow/example_dags/example_trigger_controller_dag.py
[2024-06-18T09:51:36.839+0000] {processor.py:830} INFO - Processing file /home/airflow/.local/lib/python3.12/site-packages/airflow/example_dags/example_trigger_controller_dag.py for tasks to queue
[2024-06-18T09:51:36.840+0000] {logging_mixin.py:188} INFO - [2024-06-18T09:51:36.840+0000] {dagbag.py:545} INFO - Filling up the DagBag from /home/airflow/.local/lib/python3.12/site-packages/airflow/example_dags/example_trigger_controller_dag.py
[2024-06-18T09:51:36.843+0000] {processor.py:840} INFO - DAG(s) 'example_trigger_controller_dag' retrieved from /home/airflow/.local/lib/python3.12/site-packages/airflow/example_dags/example_trigger_controller_dag.py
[2024-06-18T09:51:36.853+0000] {logging_mixin.py:188} INFO - [2024-06-18T09:51:36.853+0000] {dag.py:3096} INFO - Sync 1 DAGs
[2024-06-18T09:51:36.864+0000] {logging_mixin.py:188} INFO - [2024-06-18T09:51:36.864+0000] {dag.py:3954} INFO - Setting next_dagrun for example_trigger_controller_dag to 2021-01-01 00:00:00+00:00, run_after=2021-01-01 00:00:00+00:00
[2024-06-18T09:51:36.875+0000] {processor.py:183} INFO - Processing /home/airflow/.local/lib/python3.12/site-packages/airflow/example_dags/example_trigger_controller_dag.py took 0.039 seconds
[2024-06-18T09:52:07.540+0000] {processor.py:161} INFO - Started process (PID=10152) to work on /home/airflow/.local/lib/python3.12/site-packages/airflow/example_dags/example_trigger_controller_dag.py
[2024-06-18T09:52:07.541+0000] {processor.py:830} INFO - Processing file /home/airflow/.local/lib/python3.12/site-packages/airflow/example_dags/example_trigger_controller_dag.py for tasks to queue
[2024-06-18T09:52:07.541+0000] {logging_mixin.py:188} INFO - [2024-06-18T09:52:07.541+0000] {dagbag.py:545} INFO - Filling up the DagBag from /home/airflow/.local/lib/python3.12/site-packages/airflow/example_dags/example_trigger_controller_dag.py
[2024-06-18T09:52:07.544+0000] {processor.py:840} INFO - DAG(s) 'example_trigger_controller_dag' retrieved from /home/airflow/.local/lib/python3.12/site-packages/airflow/example_dags/example_trigger_controller_dag.py
[2024-06-18T09:52:07.556+0000] {logging_mixin.py:188} INFO - [2024-06-18T09:52:07.556+0000] {dag.py:3096} INFO - Sync 1 DAGs
[2024-06-18T09:52:07.567+0000] {logging_mixin.py:188} INFO - [2024-06-18T09:52:07.567+0000] {dag.py:3954} INFO - Setting next_dagrun for example_trigger_controller_dag to 2021-01-01 00:00:00+00:00, run_after=2021-01-01 00:00:00+00:00
[2024-06-18T09:52:07.576+0000] {processor.py:183} INFO - Processing /home/airflow/.local/lib/python3.12/site-packages/airflow/example_dags/example_trigger_controller_dag.py took 0.040 seconds
[2024-06-18T09:52:37.803+0000] {processor.py:161} INFO - Started process (PID=10414) to work on /home/airflow/.local/lib/python3.12/site-packages/airflow/example_dags/example_trigger_controller_dag.py
[2024-06-18T09:52:37.804+0000] {processor.py:830} INFO - Processing file /home/airflow/.local/lib/python3.12/site-packages/airflow/example_dags/example_trigger_controller_dag.py for tasks to queue
[2024-06-18T09:52:37.804+0000] {logging_mixin.py:188} INFO - [2024-06-18T09:52:37.804+0000] {dagbag.py:545} INFO - Filling up the DagBag from /home/airflow/.local/lib/python3.12/site-packages/airflow/example_dags/example_trigger_controller_dag.py
[2024-06-18T09:52:37.807+0000] {processor.py:840} INFO - DAG(s) 'example_trigger_controller_dag' retrieved from /home/airflow/.local/lib/python3.12/site-packages/airflow/example_dags/example_trigger_controller_dag.py
[2024-06-18T09:52:37.821+0000] {logging_mixin.py:188} INFO - [2024-06-18T09:52:37.821+0000] {dag.py:3096} INFO - Sync 1 DAGs
[2024-06-18T09:52:37.834+0000] {logging_mixin.py:188} INFO - [2024-06-18T09:52:37.834+0000] {dag.py:3954} INFO - Setting next_dagrun for example_trigger_controller_dag to 2021-01-01 00:00:00+00:00, run_after=2021-01-01 00:00:00+00:00
[2024-06-18T09:52:37.846+0000] {processor.py:183} INFO - Processing /home/airflow/.local/lib/python3.12/site-packages/airflow/example_dags/example_trigger_controller_dag.py took 0.047 seconds
[2024-06-18T09:53:08.072+0000] {processor.py:161} INFO - Started process (PID=10676) to work on /home/airflow/.local/lib/python3.12/site-packages/airflow/example_dags/example_trigger_controller_dag.py
[2024-06-18T09:53:08.073+0000] {processor.py:830} INFO - Processing file /home/airflow/.local/lib/python3.12/site-packages/airflow/example_dags/example_trigger_controller_dag.py for tasks to queue
[2024-06-18T09:53:08.073+0000] {logging_mixin.py:188} INFO - [2024-06-18T09:53:08.073+0000] {dagbag.py:545} INFO - Filling up the DagBag from /home/airflow/.local/lib/python3.12/site-packages/airflow/example_dags/example_trigger_controller_dag.py
[2024-06-18T09:53:08.176+0000] {processor.py:840} INFO - DAG(s) 'example_trigger_controller_dag' retrieved from /home/airflow/.local/lib/python3.12/site-packages/airflow/example_dags/example_trigger_controller_dag.py
[2024-06-18T09:53:08.187+0000] {logging_mixin.py:188} INFO - [2024-06-18T09:53:08.187+0000] {dag.py:3096} INFO - Sync 1 DAGs
[2024-06-18T09:53:08.198+0000] {logging_mixin.py:188} INFO - [2024-06-18T09:53:08.198+0000] {dag.py:3954} INFO - Setting next_dagrun for example_trigger_controller_dag to 2021-01-01 00:00:00+00:00, run_after=2021-01-01 00:00:00+00:00
[2024-06-18T09:53:08.210+0000] {processor.py:183} INFO - Processing /home/airflow/.local/lib/python3.12/site-packages/airflow/example_dags/example_trigger_controller_dag.py took 0.141 seconds
[2024-06-18T09:53:38.809+0000] {processor.py:161} INFO - Started process (PID=10938) to work on /home/airflow/.local/lib/python3.12/site-packages/airflow/example_dags/example_trigger_controller_dag.py
[2024-06-18T09:53:38.809+0000] {processor.py:830} INFO - Processing file /home/airflow/.local/lib/python3.12/site-packages/airflow/example_dags/example_trigger_controller_dag.py for tasks to queue
[2024-06-18T09:53:38.810+0000] {logging_mixin.py:188} INFO - [2024-06-18T09:53:38.810+0000] {dagbag.py:545} INFO - Filling up the DagBag from /home/airflow/.local/lib/python3.12/site-packages/airflow/example_dags/example_trigger_controller_dag.py
[2024-06-18T09:53:38.813+0000] {processor.py:840} INFO - DAG(s) 'example_trigger_controller_dag' retrieved from /home/airflow/.local/lib/python3.12/site-packages/airflow/example_dags/example_trigger_controller_dag.py
[2024-06-18T09:53:38.825+0000] {logging_mixin.py:188} INFO - [2024-06-18T09:53:38.824+0000] {dag.py:3096} INFO - Sync 1 DAGs
[2024-06-18T09:53:38.836+0000] {logging_mixin.py:188} INFO - [2024-06-18T09:53:38.836+0000] {dag.py:3954} INFO - Setting next_dagrun for example_trigger_controller_dag to 2021-01-01 00:00:00+00:00, run_after=2021-01-01 00:00:00+00:00
[2024-06-18T09:53:38.847+0000] {processor.py:183} INFO - Processing /home/airflow/.local/lib/python3.12/site-packages/airflow/example_dags/example_trigger_controller_dag.py took 0.041 seconds
[2024-06-18T09:54:08.936+0000] {processor.py:161} INFO - Started process (PID=11200) to work on /home/airflow/.local/lib/python3.12/site-packages/airflow/example_dags/example_trigger_controller_dag.py
[2024-06-18T09:54:08.937+0000] {processor.py:830} INFO - Processing file /home/airflow/.local/lib/python3.12/site-packages/airflow/example_dags/example_trigger_controller_dag.py for tasks to queue
[2024-06-18T09:54:08.938+0000] {logging_mixin.py:188} INFO - [2024-06-18T09:54:08.938+0000] {dagbag.py:545} INFO - Filling up the DagBag from /home/airflow/.local/lib/python3.12/site-packages/airflow/example_dags/example_trigger_controller_dag.py
[2024-06-18T09:54:08.941+0000] {processor.py:840} INFO - DAG(s) 'example_trigger_controller_dag' retrieved from /home/airflow/.local/lib/python3.12/site-packages/airflow/example_dags/example_trigger_controller_dag.py
[2024-06-18T09:54:08.954+0000] {logging_mixin.py:188} INFO - [2024-06-18T09:54:08.954+0000] {dag.py:3096} INFO - Sync 1 DAGs
[2024-06-18T09:54:08.969+0000] {logging_mixin.py:188} INFO - [2024-06-18T09:54:08.969+0000] {dag.py:3954} INFO - Setting next_dagrun for example_trigger_controller_dag to 2021-01-01 00:00:00+00:00, run_after=2021-01-01 00:00:00+00:00
[2024-06-18T09:54:08.980+0000] {processor.py:183} INFO - Processing /home/airflow/.local/lib/python3.12/site-packages/airflow/example_dags/example_trigger_controller_dag.py took 0.048 seconds
[2024-06-18T09:54:39.052+0000] {processor.py:161} INFO - Started process (PID=11462) to work on /home/airflow/.local/lib/python3.12/site-packages/airflow/example_dags/example_trigger_controller_dag.py
[2024-06-18T09:54:39.053+0000] {processor.py:830} INFO - Processing file /home/airflow/.local/lib/python3.12/site-packages/airflow/example_dags/example_trigger_controller_dag.py for tasks to queue
[2024-06-18T09:54:39.054+0000] {logging_mixin.py:188} INFO - [2024-06-18T09:54:39.054+0000] {dagbag.py:545} INFO - Filling up the DagBag from /home/airflow/.local/lib/python3.12/site-packages/airflow/example_dags/example_trigger_controller_dag.py
[2024-06-18T09:54:39.056+0000] {processor.py:840} INFO - DAG(s) 'example_trigger_controller_dag' retrieved from /home/airflow/.local/lib/python3.12/site-packages/airflow/example_dags/example_trigger_controller_dag.py
[2024-06-18T09:54:39.068+0000] {logging_mixin.py:188} INFO - [2024-06-18T09:54:39.067+0000] {dag.py:3096} INFO - Sync 1 DAGs
[2024-06-18T09:54:39.079+0000] {logging_mixin.py:188} INFO - [2024-06-18T09:54:39.079+0000] {dag.py:3954} INFO - Setting next_dagrun for example_trigger_controller_dag to 2021-01-01 00:00:00+00:00, run_after=2021-01-01 00:00:00+00:00
[2024-06-18T09:54:39.089+0000] {processor.py:183} INFO - Processing /home/airflow/.local/lib/python3.12/site-packages/airflow/example_dags/example_trigger_controller_dag.py took 0.040 seconds
[2024-06-18T09:55:09.231+0000] {processor.py:161} INFO - Started process (PID=11724) to work on /home/airflow/.local/lib/python3.12/site-packages/airflow/example_dags/example_trigger_controller_dag.py
[2024-06-18T09:55:09.231+0000] {processor.py:830} INFO - Processing file /home/airflow/.local/lib/python3.12/site-packages/airflow/example_dags/example_trigger_controller_dag.py for tasks to queue
[2024-06-18T09:55:09.232+0000] {logging_mixin.py:188} INFO - [2024-06-18T09:55:09.232+0000] {dagbag.py:545} INFO - Filling up the DagBag from /home/airflow/.local/lib/python3.12/site-packages/airflow/example_dags/example_trigger_controller_dag.py
[2024-06-18T09:55:09.235+0000] {processor.py:840} INFO - DAG(s) 'example_trigger_controller_dag' retrieved from /home/airflow/.local/lib/python3.12/site-packages/airflow/example_dags/example_trigger_controller_dag.py
[2024-06-18T09:55:09.247+0000] {logging_mixin.py:188} INFO - [2024-06-18T09:55:09.247+0000] {dag.py:3096} INFO - Sync 1 DAGs
[2024-06-18T09:55:09.260+0000] {logging_mixin.py:188} INFO - [2024-06-18T09:55:09.260+0000] {dag.py:3954} INFO - Setting next_dagrun for example_trigger_controller_dag to 2021-01-01 00:00:00+00:00, run_after=2021-01-01 00:00:00+00:00
[2024-06-18T09:55:09.271+0000] {processor.py:183} INFO - Processing /home/airflow/.local/lib/python3.12/site-packages/airflow/example_dags/example_trigger_controller_dag.py took 0.044 seconds
[2024-06-18T09:55:39.346+0000] {processor.py:161} INFO - Started process (PID=11986) to work on /home/airflow/.local/lib/python3.12/site-packages/airflow/example_dags/example_trigger_controller_dag.py
[2024-06-18T09:55:39.347+0000] {processor.py:830} INFO - Processing file /home/airflow/.local/lib/python3.12/site-packages/airflow/example_dags/example_trigger_controller_dag.py for tasks to queue
[2024-06-18T09:55:39.348+0000] {logging_mixin.py:188} INFO - [2024-06-18T09:55:39.347+0000] {dagbag.py:545} INFO - Filling up the DagBag from /home/airflow/.local/lib/python3.12/site-packages/airflow/example_dags/example_trigger_controller_dag.py
[2024-06-18T09:55:39.350+0000] {processor.py:840} INFO - DAG(s) 'example_trigger_controller_dag' retrieved from /home/airflow/.local/lib/python3.12/site-packages/airflow/example_dags/example_trigger_controller_dag.py
[2024-06-18T09:55:39.362+0000] {logging_mixin.py:188} INFO - [2024-06-18T09:55:39.362+0000] {dag.py:3096} INFO - Sync 1 DAGs
[2024-06-18T09:55:39.374+0000] {logging_mixin.py:188} INFO - [2024-06-18T09:55:39.373+0000] {dag.py:3954} INFO - Setting next_dagrun for example_trigger_controller_dag to 2021-01-01 00:00:00+00:00, run_after=2021-01-01 00:00:00+00:00
[2024-06-18T09:55:39.383+0000] {processor.py:183} INFO - Processing /home/airflow/.local/lib/python3.12/site-packages/airflow/example_dags/example_trigger_controller_dag.py took 0.041 seconds
[2024-06-18T09:56:10.146+0000] {processor.py:161} INFO - Started process (PID=12248) to work on /home/airflow/.local/lib/python3.12/site-packages/airflow/example_dags/example_trigger_controller_dag.py
[2024-06-18T09:56:10.146+0000] {processor.py:830} INFO - Processing file /home/airflow/.local/lib/python3.12/site-packages/airflow/example_dags/example_trigger_controller_dag.py for tasks to queue
[2024-06-18T09:56:10.147+0000] {logging_mixin.py:188} INFO - [2024-06-18T09:56:10.147+0000] {dagbag.py:545} INFO - Filling up the DagBag from /home/airflow/.local/lib/python3.12/site-packages/airflow/example_dags/example_trigger_controller_dag.py
[2024-06-18T09:56:10.150+0000] {processor.py:840} INFO - DAG(s) 'example_trigger_controller_dag' retrieved from /home/airflow/.local/lib/python3.12/site-packages/airflow/example_dags/example_trigger_controller_dag.py
[2024-06-18T09:56:10.162+0000] {logging_mixin.py:188} INFO - [2024-06-18T09:56:10.161+0000] {dag.py:3096} INFO - Sync 1 DAGs
[2024-06-18T09:56:10.173+0000] {logging_mixin.py:188} INFO - [2024-06-18T09:56:10.173+0000] {dag.py:3954} INFO - Setting next_dagrun for example_trigger_controller_dag to 2021-01-01 00:00:00+00:00, run_after=2021-01-01 00:00:00+00:00
[2024-06-18T09:56:10.183+0000] {processor.py:183} INFO - Processing /home/airflow/.local/lib/python3.12/site-packages/airflow/example_dags/example_trigger_controller_dag.py took 0.040 seconds
[2024-06-18T09:56:40.893+0000] {processor.py:161} INFO - Started process (PID=12510) to work on /home/airflow/.local/lib/python3.12/site-packages/airflow/example_dags/example_trigger_controller_dag.py
[2024-06-18T09:56:40.893+0000] {processor.py:830} INFO - Processing file /home/airflow/.local/lib/python3.12/site-packages/airflow/example_dags/example_trigger_controller_dag.py for tasks to queue
[2024-06-18T09:56:40.894+0000] {logging_mixin.py:188} INFO - [2024-06-18T09:56:40.894+0000] {dagbag.py:545} INFO - Filling up the DagBag from /home/airflow/.local/lib/python3.12/site-packages/airflow/example_dags/example_trigger_controller_dag.py
[2024-06-18T09:56:40.897+0000] {processor.py:840} INFO - DAG(s) 'example_trigger_controller_dag' retrieved from /home/airflow/.local/lib/python3.12/site-packages/airflow/example_dags/example_trigger_controller_dag.py
[2024-06-18T09:56:40.908+0000] {logging_mixin.py:188} INFO - [2024-06-18T09:56:40.908+0000] {dag.py:3096} INFO - Sync 1 DAGs
[2024-06-18T09:56:40.920+0000] {logging_mixin.py:188} INFO - [2024-06-18T09:56:40.920+0000] {dag.py:3954} INFO - Setting next_dagrun for example_trigger_controller_dag to 2021-01-01 00:00:00+00:00, run_after=2021-01-01 00:00:00+00:00
[2024-06-18T09:56:40.930+0000] {processor.py:183} INFO - Processing /home/airflow/.local/lib/python3.12/site-packages/airflow/example_dags/example_trigger_controller_dag.py took 0.041 seconds
[2024-06-18T09:57:10.988+0000] {processor.py:161} INFO - Started process (PID=12772) to work on /home/airflow/.local/lib/python3.12/site-packages/airflow/example_dags/example_trigger_controller_dag.py
[2024-06-18T09:57:10.989+0000] {processor.py:830} INFO - Processing file /home/airflow/.local/lib/python3.12/site-packages/airflow/example_dags/example_trigger_controller_dag.py for tasks to queue
[2024-06-18T09:57:10.990+0000] {logging_mixin.py:188} INFO - [2024-06-18T09:57:10.990+0000] {dagbag.py:545} INFO - Filling up the DagBag from /home/airflow/.local/lib/python3.12/site-packages/airflow/example_dags/example_trigger_controller_dag.py
[2024-06-18T09:57:10.992+0000] {processor.py:840} INFO - DAG(s) 'example_trigger_controller_dag' retrieved from /home/airflow/.local/lib/python3.12/site-packages/airflow/example_dags/example_trigger_controller_dag.py
[2024-06-18T09:57:11.003+0000] {logging_mixin.py:188} INFO - [2024-06-18T09:57:11.003+0000] {dag.py:3096} INFO - Sync 1 DAGs
[2024-06-18T09:57:11.015+0000] {logging_mixin.py:188} INFO - [2024-06-18T09:57:11.014+0000] {dag.py:3954} INFO - Setting next_dagrun for example_trigger_controller_dag to 2021-01-01 00:00:00+00:00, run_after=2021-01-01 00:00:00+00:00
[2024-06-18T09:57:11.025+0000] {processor.py:183} INFO - Processing /home/airflow/.local/lib/python3.12/site-packages/airflow/example_dags/example_trigger_controller_dag.py took 0.040 seconds
[2024-06-18T09:57:41.913+0000] {processor.py:161} INFO - Started process (PID=13030) to work on /home/airflow/.local/lib/python3.12/site-packages/airflow/example_dags/example_trigger_controller_dag.py
[2024-06-18T09:57:41.914+0000] {processor.py:830} INFO - Processing file /home/airflow/.local/lib/python3.12/site-packages/airflow/example_dags/example_trigger_controller_dag.py for tasks to queue
[2024-06-18T09:57:41.915+0000] {logging_mixin.py:188} INFO - [2024-06-18T09:57:41.915+0000] {dagbag.py:545} INFO - Filling up the DagBag from /home/airflow/.local/lib/python3.12/site-packages/airflow/example_dags/example_trigger_controller_dag.py
[2024-06-18T09:57:41.919+0000] {processor.py:840} INFO - DAG(s) 'example_trigger_controller_dag' retrieved from /home/airflow/.local/lib/python3.12/site-packages/airflow/example_dags/example_trigger_controller_dag.py
[2024-06-18T09:57:41.938+0000] {logging_mixin.py:188} INFO - [2024-06-18T09:57:41.938+0000] {dag.py:3096} INFO - Sync 1 DAGs
[2024-06-18T09:57:41.955+0000] {logging_mixin.py:188} INFO - [2024-06-18T09:57:41.955+0000] {dag.py:3954} INFO - Setting next_dagrun for example_trigger_controller_dag to 2021-01-01 00:00:00+00:00, run_after=2021-01-01 00:00:00+00:00
[2024-06-18T09:57:41.970+0000] {processor.py:183} INFO - Processing /home/airflow/.local/lib/python3.12/site-packages/airflow/example_dags/example_trigger_controller_dag.py took 0.062 seconds
[2024-06-18T09:58:12.143+0000] {processor.py:161} INFO - Started process (PID=13292) to work on /home/airflow/.local/lib/python3.12/site-packages/airflow/example_dags/example_trigger_controller_dag.py
[2024-06-18T09:58:12.143+0000] {processor.py:830} INFO - Processing file /home/airflow/.local/lib/python3.12/site-packages/airflow/example_dags/example_trigger_controller_dag.py for tasks to queue
[2024-06-18T09:58:12.144+0000] {logging_mixin.py:188} INFO - [2024-06-18T09:58:12.144+0000] {dagbag.py:545} INFO - Filling up the DagBag from /home/airflow/.local/lib/python3.12/site-packages/airflow/example_dags/example_trigger_controller_dag.py
[2024-06-18T09:58:12.147+0000] {processor.py:840} INFO - DAG(s) 'example_trigger_controller_dag' retrieved from /home/airflow/.local/lib/python3.12/site-packages/airflow/example_dags/example_trigger_controller_dag.py
[2024-06-18T09:58:12.158+0000] {logging_mixin.py:188} INFO - [2024-06-18T09:58:12.158+0000] {dag.py:3096} INFO - Sync 1 DAGs
[2024-06-18T09:58:12.173+0000] {logging_mixin.py:188} INFO - [2024-06-18T09:58:12.173+0000] {dag.py:3954} INFO - Setting next_dagrun for example_trigger_controller_dag to 2021-01-01 00:00:00+00:00, run_after=2021-01-01 00:00:00+00:00
[2024-06-18T09:58:12.184+0000] {processor.py:183} INFO - Processing /home/airflow/.local/lib/python3.12/site-packages/airflow/example_dags/example_trigger_controller_dag.py took 0.045 seconds
[2024-06-18T09:58:42.959+0000] {processor.py:161} INFO - Started process (PID=13552) to work on /home/airflow/.local/lib/python3.12/site-packages/airflow/example_dags/example_trigger_controller_dag.py
[2024-06-18T09:58:42.959+0000] {processor.py:830} INFO - Processing file /home/airflow/.local/lib/python3.12/site-packages/airflow/example_dags/example_trigger_controller_dag.py for tasks to queue
[2024-06-18T09:58:42.961+0000] {logging_mixin.py:188} INFO - [2024-06-18T09:58:42.960+0000] {dagbag.py:545} INFO - Filling up the DagBag from /home/airflow/.local/lib/python3.12/site-packages/airflow/example_dags/example_trigger_controller_dag.py
[2024-06-18T09:58:42.963+0000] {processor.py:840} INFO - DAG(s) 'example_trigger_controller_dag' retrieved from /home/airflow/.local/lib/python3.12/site-packages/airflow/example_dags/example_trigger_controller_dag.py
[2024-06-18T09:58:42.975+0000] {logging_mixin.py:188} INFO - [2024-06-18T09:58:42.975+0000] {dag.py:3096} INFO - Sync 1 DAGs
[2024-06-18T09:58:42.987+0000] {logging_mixin.py:188} INFO - [2024-06-18T09:58:42.987+0000] {dag.py:3954} INFO - Setting next_dagrun for example_trigger_controller_dag to 2021-01-01 00:00:00+00:00, run_after=2021-01-01 00:00:00+00:00
[2024-06-18T09:58:42.997+0000] {processor.py:183} INFO - Processing /home/airflow/.local/lib/python3.12/site-packages/airflow/example_dags/example_trigger_controller_dag.py took 0.041 seconds
[2024-06-18T09:59:13.190+0000] {processor.py:161} INFO - Started process (PID=13814) to work on /home/airflow/.local/lib/python3.12/site-packages/airflow/example_dags/example_trigger_controller_dag.py
[2024-06-18T09:59:13.190+0000] {processor.py:830} INFO - Processing file /home/airflow/.local/lib/python3.12/site-packages/airflow/example_dags/example_trigger_controller_dag.py for tasks to queue
[2024-06-18T09:59:13.191+0000] {logging_mixin.py:188} INFO - [2024-06-18T09:59:13.191+0000] {dagbag.py:545} INFO - Filling up the DagBag from /home/airflow/.local/lib/python3.12/site-packages/airflow/example_dags/example_trigger_controller_dag.py
[2024-06-18T09:59:13.193+0000] {processor.py:840} INFO - DAG(s) 'example_trigger_controller_dag' retrieved from /home/airflow/.local/lib/python3.12/site-packages/airflow/example_dags/example_trigger_controller_dag.py
[2024-06-18T09:59:13.205+0000] {logging_mixin.py:188} INFO - [2024-06-18T09:59:13.204+0000] {dag.py:3096} INFO - Sync 1 DAGs
[2024-06-18T09:59:13.217+0000] {logging_mixin.py:188} INFO - [2024-06-18T09:59:13.217+0000] {dag.py:3954} INFO - Setting next_dagrun for example_trigger_controller_dag to 2021-01-01 00:00:00+00:00, run_after=2021-01-01 00:00:00+00:00
[2024-06-18T09:59:13.227+0000] {processor.py:183} INFO - Processing /home/airflow/.local/lib/python3.12/site-packages/airflow/example_dags/example_trigger_controller_dag.py took 0.041 seconds
[2024-06-18T09:59:44.202+0000] {processor.py:161} INFO - Started process (PID=14078) to work on /home/airflow/.local/lib/python3.12/site-packages/airflow/example_dags/example_trigger_controller_dag.py
[2024-06-18T09:59:44.202+0000] {processor.py:830} INFO - Processing file /home/airflow/.local/lib/python3.12/site-packages/airflow/example_dags/example_trigger_controller_dag.py for tasks to queue
[2024-06-18T09:59:44.203+0000] {logging_mixin.py:188} INFO - [2024-06-18T09:59:44.203+0000] {dagbag.py:545} INFO - Filling up the DagBag from /home/airflow/.local/lib/python3.12/site-packages/airflow/example_dags/example_trigger_controller_dag.py
[2024-06-18T09:59:44.206+0000] {processor.py:840} INFO - DAG(s) 'example_trigger_controller_dag' retrieved from /home/airflow/.local/lib/python3.12/site-packages/airflow/example_dags/example_trigger_controller_dag.py
[2024-06-18T09:59:44.218+0000] {logging_mixin.py:188} INFO - [2024-06-18T09:59:44.218+0000] {dag.py:3096} INFO - Sync 1 DAGs
[2024-06-18T09:59:44.230+0000] {logging_mixin.py:188} INFO - [2024-06-18T09:59:44.230+0000] {dag.py:3954} INFO - Setting next_dagrun for example_trigger_controller_dag to 2021-01-01 00:00:00+00:00, run_after=2021-01-01 00:00:00+00:00
[2024-06-18T09:59:44.241+0000] {processor.py:183} INFO - Processing /home/airflow/.local/lib/python3.12/site-packages/airflow/example_dags/example_trigger_controller_dag.py took 0.044 seconds
