[2024-06-18T09:32:53.498+0000] {processor.py:161} INFO - Started process (PID=191) to work on /home/airflow/.local/lib/python3.12/site-packages/airflow/example_dags/example_complex.py
[2024-06-18T09:32:53.499+0000] {processor.py:830} INFO - Processing file /home/airflow/.local/lib/python3.12/site-packages/airflow/example_dags/example_complex.py for tasks to queue
[2024-06-18T09:32:53.500+0000] {logging_mixin.py:188} INFO - [2024-06-18T09:32:53.499+0000] {dagbag.py:545} INFO - Filling up the DagBag from /home/airflow/.local/lib/python3.12/site-packages/airflow/example_dags/example_complex.py
[2024-06-18T09:32:53.507+0000] {processor.py:840} INFO - DAG(s) 'example_complex' retrieved from /home/airflow/.local/lib/python3.12/site-packages/airflow/example_dags/example_complex.py
[2024-06-18T09:32:53.513+0000] {logging_mixin.py:188} INFO - [2024-06-18T09:32:53.513+0000] {dag.py:3096} INFO - Sync 1 DAGs
[2024-06-18T09:32:53.520+0000] {logging_mixin.py:188} INFO - [2024-06-18T09:32:53.520+0000] {dag.py:3954} INFO - Setting next_dagrun for example_complex to None, run_after=None
[2024-06-18T09:32:53.530+0000] {processor.py:183} INFO - Processing /home/airflow/.local/lib/python3.12/site-packages/airflow/example_dags/example_complex.py took 0.035 seconds
[2024-06-18T09:33:24.376+0000] {processor.py:161} INFO - Started process (PID=455) to work on /home/airflow/.local/lib/python3.12/site-packages/airflow/example_dags/example_complex.py
[2024-06-18T09:33:24.377+0000] {processor.py:830} INFO - Processing file /home/airflow/.local/lib/python3.12/site-packages/airflow/example_dags/example_complex.py for tasks to queue
[2024-06-18T09:33:24.377+0000] {logging_mixin.py:188} INFO - [2024-06-18T09:33:24.377+0000] {dagbag.py:545} INFO - Filling up the DagBag from /home/airflow/.local/lib/python3.12/site-packages/airflow/example_dags/example_complex.py
[2024-06-18T09:33:24.382+0000] {processor.py:840} INFO - DAG(s) 'example_complex' retrieved from /home/airflow/.local/lib/python3.12/site-packages/airflow/example_dags/example_complex.py
[2024-06-18T09:33:24.452+0000] {logging_mixin.py:188} INFO - [2024-06-18T09:33:24.451+0000] {dag.py:3096} INFO - Sync 1 DAGs
[2024-06-18T09:33:24.458+0000] {logging_mixin.py:188} INFO - [2024-06-18T09:33:24.458+0000] {dag.py:3954} INFO - Setting next_dagrun for example_complex to None, run_after=None
[2024-06-18T09:33:24.469+0000] {processor.py:183} INFO - Processing /home/airflow/.local/lib/python3.12/site-packages/airflow/example_dags/example_complex.py took 0.097 seconds
[2024-06-18T09:33:55.213+0000] {processor.py:161} INFO - Started process (PID=715) to work on /home/airflow/.local/lib/python3.12/site-packages/airflow/example_dags/example_complex.py
[2024-06-18T09:33:55.213+0000] {processor.py:830} INFO - Processing file /home/airflow/.local/lib/python3.12/site-packages/airflow/example_dags/example_complex.py for tasks to queue
[2024-06-18T09:33:55.214+0000] {logging_mixin.py:188} INFO - [2024-06-18T09:33:55.214+0000] {dagbag.py:545} INFO - Filling up the DagBag from /home/airflow/.local/lib/python3.12/site-packages/airflow/example_dags/example_complex.py
[2024-06-18T09:33:55.219+0000] {processor.py:840} INFO - DAG(s) 'example_complex' retrieved from /home/airflow/.local/lib/python3.12/site-packages/airflow/example_dags/example_complex.py
[2024-06-18T09:33:55.239+0000] {logging_mixin.py:188} INFO - [2024-06-18T09:33:55.238+0000] {dag.py:3096} INFO - Sync 1 DAGs
[2024-06-18T09:33:55.246+0000] {logging_mixin.py:188} INFO - [2024-06-18T09:33:55.245+0000] {dag.py:3954} INFO - Setting next_dagrun for example_complex to None, run_after=None
[2024-06-18T09:33:55.256+0000] {processor.py:183} INFO - Processing /home/airflow/.local/lib/python3.12/site-packages/airflow/example_dags/example_complex.py took 0.047 seconds
[2024-06-18T09:34:25.342+0000] {processor.py:161} INFO - Started process (PID=974) to work on /home/airflow/.local/lib/python3.12/site-packages/airflow/example_dags/example_complex.py
[2024-06-18T09:34:25.343+0000] {processor.py:830} INFO - Processing file /home/airflow/.local/lib/python3.12/site-packages/airflow/example_dags/example_complex.py for tasks to queue
[2024-06-18T09:34:25.344+0000] {logging_mixin.py:188} INFO - [2024-06-18T09:34:25.344+0000] {dagbag.py:545} INFO - Filling up the DagBag from /home/airflow/.local/lib/python3.12/site-packages/airflow/example_dags/example_complex.py
[2024-06-18T09:34:25.349+0000] {processor.py:840} INFO - DAG(s) 'example_complex' retrieved from /home/airflow/.local/lib/python3.12/site-packages/airflow/example_dags/example_complex.py
[2024-06-18T09:34:25.368+0000] {logging_mixin.py:188} INFO - [2024-06-18T09:34:25.368+0000] {dag.py:3096} INFO - Sync 1 DAGs
[2024-06-18T09:34:25.375+0000] {logging_mixin.py:188} INFO - [2024-06-18T09:34:25.375+0000] {dag.py:3954} INFO - Setting next_dagrun for example_complex to None, run_after=None
[2024-06-18T09:34:25.386+0000] {processor.py:183} INFO - Processing /home/airflow/.local/lib/python3.12/site-packages/airflow/example_dags/example_complex.py took 0.047 seconds
[2024-06-18T09:34:55.680+0000] {processor.py:161} INFO - Started process (PID=1241) to work on /home/airflow/.local/lib/python3.12/site-packages/airflow/example_dags/example_complex.py
[2024-06-18T09:34:55.680+0000] {processor.py:830} INFO - Processing file /home/airflow/.local/lib/python3.12/site-packages/airflow/example_dags/example_complex.py for tasks to queue
[2024-06-18T09:34:55.682+0000] {logging_mixin.py:188} INFO - [2024-06-18T09:34:55.682+0000] {dagbag.py:545} INFO - Filling up the DagBag from /home/airflow/.local/lib/python3.12/site-packages/airflow/example_dags/example_complex.py
[2024-06-18T09:34:55.688+0000] {processor.py:840} INFO - DAG(s) 'example_complex' retrieved from /home/airflow/.local/lib/python3.12/site-packages/airflow/example_dags/example_complex.py
[2024-06-18T09:34:55.706+0000] {logging_mixin.py:188} INFO - [2024-06-18T09:34:55.706+0000] {dag.py:3096} INFO - Sync 1 DAGs
[2024-06-18T09:34:55.714+0000] {logging_mixin.py:188} INFO - [2024-06-18T09:34:55.714+0000] {dag.py:3954} INFO - Setting next_dagrun for example_complex to None, run_after=None
[2024-06-18T09:34:55.725+0000] {processor.py:183} INFO - Processing /home/airflow/.local/lib/python3.12/site-packages/airflow/example_dags/example_complex.py took 0.048 seconds
[2024-06-18T09:35:25.834+0000] {processor.py:161} INFO - Started process (PID=1503) to work on /home/airflow/.local/lib/python3.12/site-packages/airflow/example_dags/example_complex.py
[2024-06-18T09:35:25.835+0000] {processor.py:830} INFO - Processing file /home/airflow/.local/lib/python3.12/site-packages/airflow/example_dags/example_complex.py for tasks to queue
[2024-06-18T09:35:25.836+0000] {logging_mixin.py:188} INFO - [2024-06-18T09:35:25.835+0000] {dagbag.py:545} INFO - Filling up the DagBag from /home/airflow/.local/lib/python3.12/site-packages/airflow/example_dags/example_complex.py
[2024-06-18T09:35:25.841+0000] {processor.py:840} INFO - DAG(s) 'example_complex' retrieved from /home/airflow/.local/lib/python3.12/site-packages/airflow/example_dags/example_complex.py
[2024-06-18T09:35:25.860+0000] {logging_mixin.py:188} INFO - [2024-06-18T09:35:25.860+0000] {dag.py:3096} INFO - Sync 1 DAGs
[2024-06-18T09:35:25.869+0000] {logging_mixin.py:188} INFO - [2024-06-18T09:35:25.869+0000] {dag.py:3954} INFO - Setting next_dagrun for example_complex to None, run_after=None
[2024-06-18T09:35:25.881+0000] {processor.py:183} INFO - Processing /home/airflow/.local/lib/python3.12/site-packages/airflow/example_dags/example_complex.py took 0.051 seconds
[2024-06-18T09:35:55.965+0000] {processor.py:161} INFO - Started process (PID=1765) to work on /home/airflow/.local/lib/python3.12/site-packages/airflow/example_dags/example_complex.py
[2024-06-18T09:35:55.965+0000] {processor.py:830} INFO - Processing file /home/airflow/.local/lib/python3.12/site-packages/airflow/example_dags/example_complex.py for tasks to queue
[2024-06-18T09:35:55.966+0000] {logging_mixin.py:188} INFO - [2024-06-18T09:35:55.966+0000] {dagbag.py:545} INFO - Filling up the DagBag from /home/airflow/.local/lib/python3.12/site-packages/airflow/example_dags/example_complex.py
[2024-06-18T09:35:55.972+0000] {processor.py:840} INFO - DAG(s) 'example_complex' retrieved from /home/airflow/.local/lib/python3.12/site-packages/airflow/example_dags/example_complex.py
[2024-06-18T09:35:55.991+0000] {logging_mixin.py:188} INFO - [2024-06-18T09:35:55.990+0000] {dag.py:3096} INFO - Sync 1 DAGs
[2024-06-18T09:35:55.999+0000] {logging_mixin.py:188} INFO - [2024-06-18T09:35:55.999+0000] {dag.py:3954} INFO - Setting next_dagrun for example_complex to None, run_after=None
[2024-06-18T09:35:56.012+0000] {processor.py:183} INFO - Processing /home/airflow/.local/lib/python3.12/site-packages/airflow/example_dags/example_complex.py took 0.051 seconds
[2024-06-18T09:36:26.055+0000] {processor.py:161} INFO - Started process (PID=2027) to work on /home/airflow/.local/lib/python3.12/site-packages/airflow/example_dags/example_complex.py
[2024-06-18T09:36:26.056+0000] {processor.py:830} INFO - Processing file /home/airflow/.local/lib/python3.12/site-packages/airflow/example_dags/example_complex.py for tasks to queue
[2024-06-18T09:36:26.057+0000] {logging_mixin.py:188} INFO - [2024-06-18T09:36:26.056+0000] {dagbag.py:545} INFO - Filling up the DagBag from /home/airflow/.local/lib/python3.12/site-packages/airflow/example_dags/example_complex.py
[2024-06-18T09:36:26.062+0000] {processor.py:840} INFO - DAG(s) 'example_complex' retrieved from /home/airflow/.local/lib/python3.12/site-packages/airflow/example_dags/example_complex.py
[2024-06-18T09:36:26.080+0000] {logging_mixin.py:188} INFO - [2024-06-18T09:36:26.079+0000] {dag.py:3096} INFO - Sync 1 DAGs
[2024-06-18T09:36:26.087+0000] {logging_mixin.py:188} INFO - [2024-06-18T09:36:26.087+0000] {dag.py:3954} INFO - Setting next_dagrun for example_complex to None, run_after=None
[2024-06-18T09:36:26.098+0000] {processor.py:183} INFO - Processing /home/airflow/.local/lib/python3.12/site-packages/airflow/example_dags/example_complex.py took 0.047 seconds
[2024-06-18T09:36:56.499+0000] {processor.py:161} INFO - Started process (PID=2289) to work on /home/airflow/.local/lib/python3.12/site-packages/airflow/example_dags/example_complex.py
[2024-06-18T09:36:56.500+0000] {processor.py:830} INFO - Processing file /home/airflow/.local/lib/python3.12/site-packages/airflow/example_dags/example_complex.py for tasks to queue
[2024-06-18T09:36:56.501+0000] {logging_mixin.py:188} INFO - [2024-06-18T09:36:56.501+0000] {dagbag.py:545} INFO - Filling up the DagBag from /home/airflow/.local/lib/python3.12/site-packages/airflow/example_dags/example_complex.py
[2024-06-18T09:36:56.510+0000] {processor.py:840} INFO - DAG(s) 'example_complex' retrieved from /home/airflow/.local/lib/python3.12/site-packages/airflow/example_dags/example_complex.py
[2024-06-18T09:36:56.530+0000] {logging_mixin.py:188} INFO - [2024-06-18T09:36:56.530+0000] {dag.py:3096} INFO - Sync 1 DAGs
[2024-06-18T09:36:56.538+0000] {logging_mixin.py:188} INFO - [2024-06-18T09:36:56.538+0000] {dag.py:3954} INFO - Setting next_dagrun for example_complex to None, run_after=None
[2024-06-18T09:36:56.551+0000] {processor.py:183} INFO - Processing /home/airflow/.local/lib/python3.12/site-packages/airflow/example_dags/example_complex.py took 0.055 seconds
[2024-06-18T09:37:26.601+0000] {processor.py:161} INFO - Started process (PID=2551) to work on /home/airflow/.local/lib/python3.12/site-packages/airflow/example_dags/example_complex.py
[2024-06-18T09:37:26.602+0000] {processor.py:830} INFO - Processing file /home/airflow/.local/lib/python3.12/site-packages/airflow/example_dags/example_complex.py for tasks to queue
[2024-06-18T09:37:26.603+0000] {logging_mixin.py:188} INFO - [2024-06-18T09:37:26.603+0000] {dagbag.py:545} INFO - Filling up the DagBag from /home/airflow/.local/lib/python3.12/site-packages/airflow/example_dags/example_complex.py
[2024-06-18T09:37:26.608+0000] {processor.py:840} INFO - DAG(s) 'example_complex' retrieved from /home/airflow/.local/lib/python3.12/site-packages/airflow/example_dags/example_complex.py
[2024-06-18T09:37:26.626+0000] {logging_mixin.py:188} INFO - [2024-06-18T09:37:26.625+0000] {dag.py:3096} INFO - Sync 1 DAGs
[2024-06-18T09:37:26.632+0000] {logging_mixin.py:188} INFO - [2024-06-18T09:37:26.632+0000] {dag.py:3954} INFO - Setting next_dagrun for example_complex to None, run_after=None
[2024-06-18T09:37:26.643+0000] {processor.py:183} INFO - Processing /home/airflow/.local/lib/python3.12/site-packages/airflow/example_dags/example_complex.py took 0.045 seconds
[2024-06-18T09:37:56.803+0000] {processor.py:161} INFO - Started process (PID=2813) to work on /home/airflow/.local/lib/python3.12/site-packages/airflow/example_dags/example_complex.py
[2024-06-18T09:37:56.804+0000] {processor.py:830} INFO - Processing file /home/airflow/.local/lib/python3.12/site-packages/airflow/example_dags/example_complex.py for tasks to queue
[2024-06-18T09:37:56.805+0000] {logging_mixin.py:188} INFO - [2024-06-18T09:37:56.804+0000] {dagbag.py:545} INFO - Filling up the DagBag from /home/airflow/.local/lib/python3.12/site-packages/airflow/example_dags/example_complex.py
[2024-06-18T09:37:56.810+0000] {processor.py:840} INFO - DAG(s) 'example_complex' retrieved from /home/airflow/.local/lib/python3.12/site-packages/airflow/example_dags/example_complex.py
[2024-06-18T09:37:56.826+0000] {logging_mixin.py:188} INFO - [2024-06-18T09:37:56.826+0000] {dag.py:3096} INFO - Sync 1 DAGs
[2024-06-18T09:37:56.834+0000] {logging_mixin.py:188} INFO - [2024-06-18T09:37:56.834+0000] {dag.py:3954} INFO - Setting next_dagrun for example_complex to None, run_after=None
[2024-06-18T09:37:56.846+0000] {processor.py:183} INFO - Processing /home/airflow/.local/lib/python3.12/site-packages/airflow/example_dags/example_complex.py took 0.046 seconds
[2024-06-18T09:38:26.873+0000] {processor.py:161} INFO - Started process (PID=3075) to work on /home/airflow/.local/lib/python3.12/site-packages/airflow/example_dags/example_complex.py
[2024-06-18T09:38:26.874+0000] {processor.py:830} INFO - Processing file /home/airflow/.local/lib/python3.12/site-packages/airflow/example_dags/example_complex.py for tasks to queue
[2024-06-18T09:38:26.875+0000] {logging_mixin.py:188} INFO - [2024-06-18T09:38:26.874+0000] {dagbag.py:545} INFO - Filling up the DagBag from /home/airflow/.local/lib/python3.12/site-packages/airflow/example_dags/example_complex.py
[2024-06-18T09:38:26.880+0000] {processor.py:840} INFO - DAG(s) 'example_complex' retrieved from /home/airflow/.local/lib/python3.12/site-packages/airflow/example_dags/example_complex.py
[2024-06-18T09:38:26.900+0000] {logging_mixin.py:188} INFO - [2024-06-18T09:38:26.900+0000] {dag.py:3096} INFO - Sync 1 DAGs
[2024-06-18T09:38:26.906+0000] {logging_mixin.py:188} INFO - [2024-06-18T09:38:26.906+0000] {dag.py:3954} INFO - Setting next_dagrun for example_complex to None, run_after=None
[2024-06-18T09:38:26.919+0000] {processor.py:183} INFO - Processing /home/airflow/.local/lib/python3.12/site-packages/airflow/example_dags/example_complex.py took 0.049 seconds
[2024-06-18T09:38:56.977+0000] {processor.py:161} INFO - Started process (PID=3337) to work on /home/airflow/.local/lib/python3.12/site-packages/airflow/example_dags/example_complex.py
[2024-06-18T09:38:56.978+0000] {processor.py:830} INFO - Processing file /home/airflow/.local/lib/python3.12/site-packages/airflow/example_dags/example_complex.py for tasks to queue
[2024-06-18T09:38:56.979+0000] {logging_mixin.py:188} INFO - [2024-06-18T09:38:56.979+0000] {dagbag.py:545} INFO - Filling up the DagBag from /home/airflow/.local/lib/python3.12/site-packages/airflow/example_dags/example_complex.py
[2024-06-18T09:38:56.985+0000] {processor.py:840} INFO - DAG(s) 'example_complex' retrieved from /home/airflow/.local/lib/python3.12/site-packages/airflow/example_dags/example_complex.py
[2024-06-18T09:38:57.002+0000] {logging_mixin.py:188} INFO - [2024-06-18T09:38:57.002+0000] {dag.py:3096} INFO - Sync 1 DAGs
[2024-06-18T09:38:57.009+0000] {logging_mixin.py:188} INFO - [2024-06-18T09:38:57.009+0000] {dag.py:3954} INFO - Setting next_dagrun for example_complex to None, run_after=None
[2024-06-18T09:38:57.021+0000] {processor.py:183} INFO - Processing /home/airflow/.local/lib/python3.12/site-packages/airflow/example_dags/example_complex.py took 0.047 seconds
[2024-06-18T09:39:27.190+0000] {processor.py:161} INFO - Started process (PID=3598) to work on /home/airflow/.local/lib/python3.12/site-packages/airflow/example_dags/example_complex.py
[2024-06-18T09:39:27.191+0000] {processor.py:830} INFO - Processing file /home/airflow/.local/lib/python3.12/site-packages/airflow/example_dags/example_complex.py for tasks to queue
[2024-06-18T09:39:27.192+0000] {logging_mixin.py:188} INFO - [2024-06-18T09:39:27.191+0000] {dagbag.py:545} INFO - Filling up the DagBag from /home/airflow/.local/lib/python3.12/site-packages/airflow/example_dags/example_complex.py
[2024-06-18T09:39:27.197+0000] {processor.py:840} INFO - DAG(s) 'example_complex' retrieved from /home/airflow/.local/lib/python3.12/site-packages/airflow/example_dags/example_complex.py
[2024-06-18T09:39:27.216+0000] {logging_mixin.py:188} INFO - [2024-06-18T09:39:27.216+0000] {dag.py:3096} INFO - Sync 1 DAGs
[2024-06-18T09:39:27.225+0000] {logging_mixin.py:188} INFO - [2024-06-18T09:39:27.224+0000] {dag.py:3954} INFO - Setting next_dagrun for example_complex to None, run_after=None
[2024-06-18T09:39:27.236+0000] {processor.py:183} INFO - Processing /home/airflow/.local/lib/python3.12/site-packages/airflow/example_dags/example_complex.py took 0.049 seconds
[2024-06-18T09:39:57.360+0000] {processor.py:161} INFO - Started process (PID=3860) to work on /home/airflow/.local/lib/python3.12/site-packages/airflow/example_dags/example_complex.py
[2024-06-18T09:39:57.361+0000] {processor.py:830} INFO - Processing file /home/airflow/.local/lib/python3.12/site-packages/airflow/example_dags/example_complex.py for tasks to queue
[2024-06-18T09:39:57.362+0000] {logging_mixin.py:188} INFO - [2024-06-18T09:39:57.362+0000] {dagbag.py:545} INFO - Filling up the DagBag from /home/airflow/.local/lib/python3.12/site-packages/airflow/example_dags/example_complex.py
[2024-06-18T09:39:57.367+0000] {processor.py:840} INFO - DAG(s) 'example_complex' retrieved from /home/airflow/.local/lib/python3.12/site-packages/airflow/example_dags/example_complex.py
[2024-06-18T09:39:57.385+0000] {logging_mixin.py:188} INFO - [2024-06-18T09:39:57.385+0000] {dag.py:3096} INFO - Sync 1 DAGs
[2024-06-18T09:39:57.391+0000] {logging_mixin.py:188} INFO - [2024-06-18T09:39:57.391+0000] {dag.py:3954} INFO - Setting next_dagrun for example_complex to None, run_after=None
[2024-06-18T09:39:57.402+0000] {processor.py:183} INFO - Processing /home/airflow/.local/lib/python3.12/site-packages/airflow/example_dags/example_complex.py took 0.045 seconds
[2024-06-18T09:40:27.681+0000] {processor.py:161} INFO - Started process (PID=4124) to work on /home/airflow/.local/lib/python3.12/site-packages/airflow/example_dags/example_complex.py
[2024-06-18T09:40:27.681+0000] {processor.py:830} INFO - Processing file /home/airflow/.local/lib/python3.12/site-packages/airflow/example_dags/example_complex.py for tasks to queue
[2024-06-18T09:40:27.682+0000] {logging_mixin.py:188} INFO - [2024-06-18T09:40:27.682+0000] {dagbag.py:545} INFO - Filling up the DagBag from /home/airflow/.local/lib/python3.12/site-packages/airflow/example_dags/example_complex.py
[2024-06-18T09:40:27.689+0000] {processor.py:840} INFO - DAG(s) 'example_complex' retrieved from /home/airflow/.local/lib/python3.12/site-packages/airflow/example_dags/example_complex.py
[2024-06-18T09:40:27.714+0000] {logging_mixin.py:188} INFO - [2024-06-18T09:40:27.713+0000] {dag.py:3096} INFO - Sync 1 DAGs
[2024-06-18T09:40:27.721+0000] {logging_mixin.py:188} INFO - [2024-06-18T09:40:27.721+0000] {dag.py:3954} INFO - Setting next_dagrun for example_complex to None, run_after=None
[2024-06-18T09:40:27.732+0000] {processor.py:183} INFO - Processing /home/airflow/.local/lib/python3.12/site-packages/airflow/example_dags/example_complex.py took 0.056 seconds
[2024-06-18T09:40:57.880+0000] {processor.py:161} INFO - Started process (PID=4384) to work on /home/airflow/.local/lib/python3.12/site-packages/airflow/example_dags/example_complex.py
[2024-06-18T09:40:57.880+0000] {processor.py:830} INFO - Processing file /home/airflow/.local/lib/python3.12/site-packages/airflow/example_dags/example_complex.py for tasks to queue
[2024-06-18T09:40:57.881+0000] {logging_mixin.py:188} INFO - [2024-06-18T09:40:57.881+0000] {dagbag.py:545} INFO - Filling up the DagBag from /home/airflow/.local/lib/python3.12/site-packages/airflow/example_dags/example_complex.py
[2024-06-18T09:40:57.887+0000] {processor.py:840} INFO - DAG(s) 'example_complex' retrieved from /home/airflow/.local/lib/python3.12/site-packages/airflow/example_dags/example_complex.py
[2024-06-18T09:40:57.905+0000] {logging_mixin.py:188} INFO - [2024-06-18T09:40:57.905+0000] {dag.py:3096} INFO - Sync 1 DAGs
[2024-06-18T09:40:57.912+0000] {logging_mixin.py:188} INFO - [2024-06-18T09:40:57.911+0000] {dag.py:3954} INFO - Setting next_dagrun for example_complex to None, run_after=None
[2024-06-18T09:40:57.923+0000] {processor.py:183} INFO - Processing /home/airflow/.local/lib/python3.12/site-packages/airflow/example_dags/example_complex.py took 0.047 seconds
[2024-06-18T09:41:28.674+0000] {processor.py:161} INFO - Started process (PID=4648) to work on /home/airflow/.local/lib/python3.12/site-packages/airflow/example_dags/example_complex.py
[2024-06-18T09:41:28.675+0000] {processor.py:830} INFO - Processing file /home/airflow/.local/lib/python3.12/site-packages/airflow/example_dags/example_complex.py for tasks to queue
[2024-06-18T09:41:28.676+0000] {logging_mixin.py:188} INFO - [2024-06-18T09:41:28.676+0000] {dagbag.py:545} INFO - Filling up the DagBag from /home/airflow/.local/lib/python3.12/site-packages/airflow/example_dags/example_complex.py
[2024-06-18T09:41:28.681+0000] {processor.py:840} INFO - DAG(s) 'example_complex' retrieved from /home/airflow/.local/lib/python3.12/site-packages/airflow/example_dags/example_complex.py
[2024-06-18T09:41:28.698+0000] {logging_mixin.py:188} INFO - [2024-06-18T09:41:28.698+0000] {dag.py:3096} INFO - Sync 1 DAGs
[2024-06-18T09:41:28.705+0000] {logging_mixin.py:188} INFO - [2024-06-18T09:41:28.705+0000] {dag.py:3954} INFO - Setting next_dagrun for example_complex to None, run_after=None
[2024-06-18T09:41:28.716+0000] {processor.py:183} INFO - Processing /home/airflow/.local/lib/python3.12/site-packages/airflow/example_dags/example_complex.py took 0.046 seconds
[2024-06-18T09:41:59.456+0000] {processor.py:161} INFO - Started process (PID=4910) to work on /home/airflow/.local/lib/python3.12/site-packages/airflow/example_dags/example_complex.py
[2024-06-18T09:41:59.457+0000] {processor.py:830} INFO - Processing file /home/airflow/.local/lib/python3.12/site-packages/airflow/example_dags/example_complex.py for tasks to queue
[2024-06-18T09:41:59.457+0000] {logging_mixin.py:188} INFO - [2024-06-18T09:41:59.457+0000] {dagbag.py:545} INFO - Filling up the DagBag from /home/airflow/.local/lib/python3.12/site-packages/airflow/example_dags/example_complex.py
[2024-06-18T09:41:59.463+0000] {processor.py:840} INFO - DAG(s) 'example_complex' retrieved from /home/airflow/.local/lib/python3.12/site-packages/airflow/example_dags/example_complex.py
[2024-06-18T09:41:59.479+0000] {logging_mixin.py:188} INFO - [2024-06-18T09:41:59.479+0000] {dag.py:3096} INFO - Sync 1 DAGs
[2024-06-18T09:41:59.486+0000] {logging_mixin.py:188} INFO - [2024-06-18T09:41:59.485+0000] {dag.py:3954} INFO - Setting next_dagrun for example_complex to None, run_after=None
[2024-06-18T09:41:59.496+0000] {processor.py:183} INFO - Processing /home/airflow/.local/lib/python3.12/site-packages/airflow/example_dags/example_complex.py took 0.043 seconds
[2024-06-18T09:42:30.181+0000] {processor.py:161} INFO - Started process (PID=5172) to work on /home/airflow/.local/lib/python3.12/site-packages/airflow/example_dags/example_complex.py
[2024-06-18T09:42:30.181+0000] {processor.py:830} INFO - Processing file /home/airflow/.local/lib/python3.12/site-packages/airflow/example_dags/example_complex.py for tasks to queue
[2024-06-18T09:42:30.182+0000] {logging_mixin.py:188} INFO - [2024-06-18T09:42:30.182+0000] {dagbag.py:545} INFO - Filling up the DagBag from /home/airflow/.local/lib/python3.12/site-packages/airflow/example_dags/example_complex.py
[2024-06-18T09:42:30.187+0000] {processor.py:840} INFO - DAG(s) 'example_complex' retrieved from /home/airflow/.local/lib/python3.12/site-packages/airflow/example_dags/example_complex.py
[2024-06-18T09:42:30.204+0000] {logging_mixin.py:188} INFO - [2024-06-18T09:42:30.204+0000] {dag.py:3096} INFO - Sync 1 DAGs
[2024-06-18T09:42:30.210+0000] {logging_mixin.py:188} INFO - [2024-06-18T09:42:30.210+0000] {dag.py:3954} INFO - Setting next_dagrun for example_complex to None, run_after=None
[2024-06-18T09:42:30.220+0000] {processor.py:183} INFO - Processing /home/airflow/.local/lib/python3.12/site-packages/airflow/example_dags/example_complex.py took 0.042 seconds
[2024-06-18T09:43:00.942+0000] {processor.py:161} INFO - Started process (PID=5434) to work on /home/airflow/.local/lib/python3.12/site-packages/airflow/example_dags/example_complex.py
[2024-06-18T09:43:00.943+0000] {processor.py:830} INFO - Processing file /home/airflow/.local/lib/python3.12/site-packages/airflow/example_dags/example_complex.py for tasks to queue
[2024-06-18T09:43:00.943+0000] {logging_mixin.py:188} INFO - [2024-06-18T09:43:00.943+0000] {dagbag.py:545} INFO - Filling up the DagBag from /home/airflow/.local/lib/python3.12/site-packages/airflow/example_dags/example_complex.py
[2024-06-18T09:43:00.949+0000] {processor.py:840} INFO - DAG(s) 'example_complex' retrieved from /home/airflow/.local/lib/python3.12/site-packages/airflow/example_dags/example_complex.py
[2024-06-18T09:43:00.965+0000] {logging_mixin.py:188} INFO - [2024-06-18T09:43:00.965+0000] {dag.py:3096} INFO - Sync 1 DAGs
[2024-06-18T09:43:00.971+0000] {logging_mixin.py:188} INFO - [2024-06-18T09:43:00.971+0000] {dag.py:3954} INFO - Setting next_dagrun for example_complex to None, run_after=None
[2024-06-18T09:43:00.981+0000] {processor.py:183} INFO - Processing /home/airflow/.local/lib/python3.12/site-packages/airflow/example_dags/example_complex.py took 0.043 seconds
[2024-06-18T09:43:31.153+0000] {processor.py:161} INFO - Started process (PID=5696) to work on /home/airflow/.local/lib/python3.12/site-packages/airflow/example_dags/example_complex.py
[2024-06-18T09:43:31.153+0000] {processor.py:830} INFO - Processing file /home/airflow/.local/lib/python3.12/site-packages/airflow/example_dags/example_complex.py for tasks to queue
[2024-06-18T09:43:31.154+0000] {logging_mixin.py:188} INFO - [2024-06-18T09:43:31.154+0000] {dagbag.py:545} INFO - Filling up the DagBag from /home/airflow/.local/lib/python3.12/site-packages/airflow/example_dags/example_complex.py
[2024-06-18T09:43:31.160+0000] {processor.py:840} INFO - DAG(s) 'example_complex' retrieved from /home/airflow/.local/lib/python3.12/site-packages/airflow/example_dags/example_complex.py
[2024-06-18T09:43:31.179+0000] {logging_mixin.py:188} INFO - [2024-06-18T09:43:31.179+0000] {dag.py:3096} INFO - Sync 1 DAGs
[2024-06-18T09:43:31.185+0000] {logging_mixin.py:188} INFO - [2024-06-18T09:43:31.185+0000] {dag.py:3954} INFO - Setting next_dagrun for example_complex to None, run_after=None
[2024-06-18T09:43:31.196+0000] {processor.py:183} INFO - Processing /home/airflow/.local/lib/python3.12/site-packages/airflow/example_dags/example_complex.py took 0.046 seconds
[2024-06-18T09:44:01.265+0000] {processor.py:161} INFO - Started process (PID=5956) to work on /home/airflow/.local/lib/python3.12/site-packages/airflow/example_dags/example_complex.py
[2024-06-18T09:44:01.265+0000] {processor.py:830} INFO - Processing file /home/airflow/.local/lib/python3.12/site-packages/airflow/example_dags/example_complex.py for tasks to queue
[2024-06-18T09:44:01.266+0000] {logging_mixin.py:188} INFO - [2024-06-18T09:44:01.266+0000] {dagbag.py:545} INFO - Filling up the DagBag from /home/airflow/.local/lib/python3.12/site-packages/airflow/example_dags/example_complex.py
[2024-06-18T09:44:01.272+0000] {processor.py:840} INFO - DAG(s) 'example_complex' retrieved from /home/airflow/.local/lib/python3.12/site-packages/airflow/example_dags/example_complex.py
[2024-06-18T09:44:01.290+0000] {logging_mixin.py:188} INFO - [2024-06-18T09:44:01.290+0000] {dag.py:3096} INFO - Sync 1 DAGs
[2024-06-18T09:44:01.296+0000] {logging_mixin.py:188} INFO - [2024-06-18T09:44:01.296+0000] {dag.py:3954} INFO - Setting next_dagrun for example_complex to None, run_after=None
[2024-06-18T09:44:01.307+0000] {processor.py:183} INFO - Processing /home/airflow/.local/lib/python3.12/site-packages/airflow/example_dags/example_complex.py took 0.046 seconds
[2024-06-18T09:44:32.115+0000] {processor.py:161} INFO - Started process (PID=6220) to work on /home/airflow/.local/lib/python3.12/site-packages/airflow/example_dags/example_complex.py
[2024-06-18T09:44:32.116+0000] {processor.py:830} INFO - Processing file /home/airflow/.local/lib/python3.12/site-packages/airflow/example_dags/example_complex.py for tasks to queue
[2024-06-18T09:44:32.117+0000] {logging_mixin.py:188} INFO - [2024-06-18T09:44:32.117+0000] {dagbag.py:545} INFO - Filling up the DagBag from /home/airflow/.local/lib/python3.12/site-packages/airflow/example_dags/example_complex.py
[2024-06-18T09:44:32.122+0000] {processor.py:840} INFO - DAG(s) 'example_complex' retrieved from /home/airflow/.local/lib/python3.12/site-packages/airflow/example_dags/example_complex.py
[2024-06-18T09:44:32.141+0000] {logging_mixin.py:188} INFO - [2024-06-18T09:44:32.140+0000] {dag.py:3096} INFO - Sync 1 DAGs
[2024-06-18T09:44:32.150+0000] {logging_mixin.py:188} INFO - [2024-06-18T09:44:32.149+0000] {dag.py:3954} INFO - Setting next_dagrun for example_complex to None, run_after=None
[2024-06-18T09:44:32.161+0000] {processor.py:183} INFO - Processing /home/airflow/.local/lib/python3.12/site-packages/airflow/example_dags/example_complex.py took 0.049 seconds
[2024-06-18T09:45:02.182+0000] {processor.py:161} INFO - Started process (PID=6481) to work on /home/airflow/.local/lib/python3.12/site-packages/airflow/example_dags/example_complex.py
[2024-06-18T09:45:02.182+0000] {processor.py:830} INFO - Processing file /home/airflow/.local/lib/python3.12/site-packages/airflow/example_dags/example_complex.py for tasks to queue
[2024-06-18T09:45:02.183+0000] {logging_mixin.py:188} INFO - [2024-06-18T09:45:02.183+0000] {dagbag.py:545} INFO - Filling up the DagBag from /home/airflow/.local/lib/python3.12/site-packages/airflow/example_dags/example_complex.py
[2024-06-18T09:45:02.189+0000] {processor.py:840} INFO - DAG(s) 'example_complex' retrieved from /home/airflow/.local/lib/python3.12/site-packages/airflow/example_dags/example_complex.py
[2024-06-18T09:45:02.211+0000] {logging_mixin.py:188} INFO - [2024-06-18T09:45:02.211+0000] {dag.py:3096} INFO - Sync 1 DAGs
[2024-06-18T09:45:02.219+0000] {logging_mixin.py:188} INFO - [2024-06-18T09:45:02.219+0000] {dag.py:3954} INFO - Setting next_dagrun for example_complex to None, run_after=None
[2024-06-18T09:45:02.232+0000] {processor.py:183} INFO - Processing /home/airflow/.local/lib/python3.12/site-packages/airflow/example_dags/example_complex.py took 0.053 seconds
[2024-06-18T09:45:32.347+0000] {processor.py:161} INFO - Started process (PID=6743) to work on /home/airflow/.local/lib/python3.12/site-packages/airflow/example_dags/example_complex.py
[2024-06-18T09:45:32.347+0000] {processor.py:830} INFO - Processing file /home/airflow/.local/lib/python3.12/site-packages/airflow/example_dags/example_complex.py for tasks to queue
[2024-06-18T09:45:32.348+0000] {logging_mixin.py:188} INFO - [2024-06-18T09:45:32.348+0000] {dagbag.py:545} INFO - Filling up the DagBag from /home/airflow/.local/lib/python3.12/site-packages/airflow/example_dags/example_complex.py
[2024-06-18T09:45:32.353+0000] {processor.py:840} INFO - DAG(s) 'example_complex' retrieved from /home/airflow/.local/lib/python3.12/site-packages/airflow/example_dags/example_complex.py
[2024-06-18T09:45:32.372+0000] {logging_mixin.py:188} INFO - [2024-06-18T09:45:32.372+0000] {dag.py:3096} INFO - Sync 1 DAGs
[2024-06-18T09:45:32.379+0000] {logging_mixin.py:188} INFO - [2024-06-18T09:45:32.379+0000] {dag.py:3954} INFO - Setting next_dagrun for example_complex to None, run_after=None
[2024-06-18T09:45:32.390+0000] {processor.py:183} INFO - Processing /home/airflow/.local/lib/python3.12/site-packages/airflow/example_dags/example_complex.py took 0.047 seconds
[2024-06-18T09:46:02.506+0000] {processor.py:161} INFO - Started process (PID=7003) to work on /home/airflow/.local/lib/python3.12/site-packages/airflow/example_dags/example_complex.py
[2024-06-18T09:46:02.506+0000] {processor.py:830} INFO - Processing file /home/airflow/.local/lib/python3.12/site-packages/airflow/example_dags/example_complex.py for tasks to queue
[2024-06-18T09:46:02.507+0000] {logging_mixin.py:188} INFO - [2024-06-18T09:46:02.507+0000] {dagbag.py:545} INFO - Filling up the DagBag from /home/airflow/.local/lib/python3.12/site-packages/airflow/example_dags/example_complex.py
[2024-06-18T09:46:02.512+0000] {processor.py:840} INFO - DAG(s) 'example_complex' retrieved from /home/airflow/.local/lib/python3.12/site-packages/airflow/example_dags/example_complex.py
[2024-06-18T09:46:02.530+0000] {logging_mixin.py:188} INFO - [2024-06-18T09:46:02.530+0000] {dag.py:3096} INFO - Sync 1 DAGs
[2024-06-18T09:46:02.536+0000] {logging_mixin.py:188} INFO - [2024-06-18T09:46:02.536+0000] {dag.py:3954} INFO - Setting next_dagrun for example_complex to None, run_after=None
[2024-06-18T09:46:02.546+0000] {processor.py:183} INFO - Processing /home/airflow/.local/lib/python3.12/site-packages/airflow/example_dags/example_complex.py took 0.043 seconds
[2024-06-18T09:46:32.716+0000] {processor.py:161} INFO - Started process (PID=7267) to work on /home/airflow/.local/lib/python3.12/site-packages/airflow/example_dags/example_complex.py
[2024-06-18T09:46:32.716+0000] {processor.py:830} INFO - Processing file /home/airflow/.local/lib/python3.12/site-packages/airflow/example_dags/example_complex.py for tasks to queue
[2024-06-18T09:46:32.717+0000] {logging_mixin.py:188} INFO - [2024-06-18T09:46:32.717+0000] {dagbag.py:545} INFO - Filling up the DagBag from /home/airflow/.local/lib/python3.12/site-packages/airflow/example_dags/example_complex.py
[2024-06-18T09:46:32.723+0000] {processor.py:840} INFO - DAG(s) 'example_complex' retrieved from /home/airflow/.local/lib/python3.12/site-packages/airflow/example_dags/example_complex.py
[2024-06-18T09:46:32.740+0000] {logging_mixin.py:188} INFO - [2024-06-18T09:46:32.740+0000] {dag.py:3096} INFO - Sync 1 DAGs
[2024-06-18T09:46:32.746+0000] {logging_mixin.py:188} INFO - [2024-06-18T09:46:32.746+0000] {dag.py:3954} INFO - Setting next_dagrun for example_complex to None, run_after=None
[2024-06-18T09:46:32.757+0000] {processor.py:183} INFO - Processing /home/airflow/.local/lib/python3.12/site-packages/airflow/example_dags/example_complex.py took 0.045 seconds
[2024-06-18T09:47:02.844+0000] {processor.py:161} INFO - Started process (PID=7529) to work on /home/airflow/.local/lib/python3.12/site-packages/airflow/example_dags/example_complex.py
[2024-06-18T09:47:02.845+0000] {processor.py:830} INFO - Processing file /home/airflow/.local/lib/python3.12/site-packages/airflow/example_dags/example_complex.py for tasks to queue
[2024-06-18T09:47:02.845+0000] {logging_mixin.py:188} INFO - [2024-06-18T09:47:02.845+0000] {dagbag.py:545} INFO - Filling up the DagBag from /home/airflow/.local/lib/python3.12/site-packages/airflow/example_dags/example_complex.py
[2024-06-18T09:47:02.850+0000] {processor.py:840} INFO - DAG(s) 'example_complex' retrieved from /home/airflow/.local/lib/python3.12/site-packages/airflow/example_dags/example_complex.py
[2024-06-18T09:47:02.868+0000] {logging_mixin.py:188} INFO - [2024-06-18T09:47:02.868+0000] {dag.py:3096} INFO - Sync 1 DAGs
[2024-06-18T09:47:02.875+0000] {logging_mixin.py:188} INFO - [2024-06-18T09:47:02.875+0000] {dag.py:3954} INFO - Setting next_dagrun for example_complex to None, run_after=None
[2024-06-18T09:47:02.884+0000] {processor.py:183} INFO - Processing /home/airflow/.local/lib/python3.12/site-packages/airflow/example_dags/example_complex.py took 0.044 seconds
[2024-06-18T09:47:33.589+0000] {processor.py:161} INFO - Started process (PID=7791) to work on /home/airflow/.local/lib/python3.12/site-packages/airflow/example_dags/example_complex.py
[2024-06-18T09:47:33.589+0000] {processor.py:830} INFO - Processing file /home/airflow/.local/lib/python3.12/site-packages/airflow/example_dags/example_complex.py for tasks to queue
[2024-06-18T09:47:33.590+0000] {logging_mixin.py:188} INFO - [2024-06-18T09:47:33.590+0000] {dagbag.py:545} INFO - Filling up the DagBag from /home/airflow/.local/lib/python3.12/site-packages/airflow/example_dags/example_complex.py
[2024-06-18T09:47:33.596+0000] {processor.py:840} INFO - DAG(s) 'example_complex' retrieved from /home/airflow/.local/lib/python3.12/site-packages/airflow/example_dags/example_complex.py
[2024-06-18T09:47:33.613+0000] {logging_mixin.py:188} INFO - [2024-06-18T09:47:33.613+0000] {dag.py:3096} INFO - Sync 1 DAGs
[2024-06-18T09:47:33.621+0000] {logging_mixin.py:188} INFO - [2024-06-18T09:47:33.621+0000] {dag.py:3954} INFO - Setting next_dagrun for example_complex to None, run_after=None
[2024-06-18T09:47:33.632+0000] {processor.py:183} INFO - Processing /home/airflow/.local/lib/python3.12/site-packages/airflow/example_dags/example_complex.py took 0.047 seconds
[2024-06-18T09:48:04.290+0000] {processor.py:161} INFO - Started process (PID=8051) to work on /home/airflow/.local/lib/python3.12/site-packages/airflow/example_dags/example_complex.py
[2024-06-18T09:48:04.290+0000] {processor.py:830} INFO - Processing file /home/airflow/.local/lib/python3.12/site-packages/airflow/example_dags/example_complex.py for tasks to queue
[2024-06-18T09:48:04.291+0000] {logging_mixin.py:188} INFO - [2024-06-18T09:48:04.291+0000] {dagbag.py:545} INFO - Filling up the DagBag from /home/airflow/.local/lib/python3.12/site-packages/airflow/example_dags/example_complex.py
[2024-06-18T09:48:04.297+0000] {processor.py:840} INFO - DAG(s) 'example_complex' retrieved from /home/airflow/.local/lib/python3.12/site-packages/airflow/example_dags/example_complex.py
[2024-06-18T09:48:04.315+0000] {logging_mixin.py:188} INFO - [2024-06-18T09:48:04.315+0000] {dag.py:3096} INFO - Sync 1 DAGs
[2024-06-18T09:48:04.321+0000] {logging_mixin.py:188} INFO - [2024-06-18T09:48:04.321+0000] {dag.py:3954} INFO - Setting next_dagrun for example_complex to None, run_after=None
[2024-06-18T09:48:04.331+0000] {processor.py:183} INFO - Processing /home/airflow/.local/lib/python3.12/site-packages/airflow/example_dags/example_complex.py took 0.044 seconds
[2024-06-18T09:48:35.153+0000] {processor.py:161} INFO - Started process (PID=8315) to work on /home/airflow/.local/lib/python3.12/site-packages/airflow/example_dags/example_complex.py
[2024-06-18T09:48:35.154+0000] {processor.py:830} INFO - Processing file /home/airflow/.local/lib/python3.12/site-packages/airflow/example_dags/example_complex.py for tasks to queue
[2024-06-18T09:48:35.155+0000] {logging_mixin.py:188} INFO - [2024-06-18T09:48:35.155+0000] {dagbag.py:545} INFO - Filling up the DagBag from /home/airflow/.local/lib/python3.12/site-packages/airflow/example_dags/example_complex.py
[2024-06-18T09:48:35.160+0000] {processor.py:840} INFO - DAG(s) 'example_complex' retrieved from /home/airflow/.local/lib/python3.12/site-packages/airflow/example_dags/example_complex.py
[2024-06-18T09:48:35.177+0000] {logging_mixin.py:188} INFO - [2024-06-18T09:48:35.177+0000] {dag.py:3096} INFO - Sync 1 DAGs
[2024-06-18T09:48:35.183+0000] {logging_mixin.py:188} INFO - [2024-06-18T09:48:35.183+0000] {dag.py:3954} INFO - Setting next_dagrun for example_complex to None, run_after=None
[2024-06-18T09:48:35.193+0000] {processor.py:183} INFO - Processing /home/airflow/.local/lib/python3.12/site-packages/airflow/example_dags/example_complex.py took 0.043 seconds
[2024-06-18T09:49:05.892+0000] {processor.py:161} INFO - Started process (PID=8577) to work on /home/airflow/.local/lib/python3.12/site-packages/airflow/example_dags/example_complex.py
[2024-06-18T09:49:05.892+0000] {processor.py:830} INFO - Processing file /home/airflow/.local/lib/python3.12/site-packages/airflow/example_dags/example_complex.py for tasks to queue
[2024-06-18T09:49:05.893+0000] {logging_mixin.py:188} INFO - [2024-06-18T09:49:05.893+0000] {dagbag.py:545} INFO - Filling up the DagBag from /home/airflow/.local/lib/python3.12/site-packages/airflow/example_dags/example_complex.py
[2024-06-18T09:49:05.899+0000] {processor.py:840} INFO - DAG(s) 'example_complex' retrieved from /home/airflow/.local/lib/python3.12/site-packages/airflow/example_dags/example_complex.py
[2024-06-18T09:49:05.918+0000] {logging_mixin.py:188} INFO - [2024-06-18T09:49:05.917+0000] {dag.py:3096} INFO - Sync 1 DAGs
[2024-06-18T09:49:05.926+0000] {logging_mixin.py:188} INFO - [2024-06-18T09:49:05.926+0000] {dag.py:3954} INFO - Setting next_dagrun for example_complex to None, run_after=None
[2024-06-18T09:49:05.937+0000] {processor.py:183} INFO - Processing /home/airflow/.local/lib/python3.12/site-packages/airflow/example_dags/example_complex.py took 0.049 seconds
[2024-06-18T09:49:36.038+0000] {processor.py:161} INFO - Started process (PID=8839) to work on /home/airflow/.local/lib/python3.12/site-packages/airflow/example_dags/example_complex.py
[2024-06-18T09:49:36.038+0000] {processor.py:830} INFO - Processing file /home/airflow/.local/lib/python3.12/site-packages/airflow/example_dags/example_complex.py for tasks to queue
[2024-06-18T09:49:36.039+0000] {logging_mixin.py:188} INFO - [2024-06-18T09:49:36.039+0000] {dagbag.py:545} INFO - Filling up the DagBag from /home/airflow/.local/lib/python3.12/site-packages/airflow/example_dags/example_complex.py
[2024-06-18T09:49:36.045+0000] {processor.py:840} INFO - DAG(s) 'example_complex' retrieved from /home/airflow/.local/lib/python3.12/site-packages/airflow/example_dags/example_complex.py
[2024-06-18T09:49:36.064+0000] {logging_mixin.py:188} INFO - [2024-06-18T09:49:36.064+0000] {dag.py:3096} INFO - Sync 1 DAGs
[2024-06-18T09:49:36.073+0000] {logging_mixin.py:188} INFO - [2024-06-18T09:49:36.072+0000] {dag.py:3954} INFO - Setting next_dagrun for example_complex to None, run_after=None
[2024-06-18T09:49:36.084+0000] {processor.py:183} INFO - Processing /home/airflow/.local/lib/python3.12/site-packages/airflow/example_dags/example_complex.py took 0.051 seconds
[2024-06-18T09:50:06.266+0000] {processor.py:161} INFO - Started process (PID=9101) to work on /home/airflow/.local/lib/python3.12/site-packages/airflow/example_dags/example_complex.py
[2024-06-18T09:50:06.267+0000] {processor.py:830} INFO - Processing file /home/airflow/.local/lib/python3.12/site-packages/airflow/example_dags/example_complex.py for tasks to queue
[2024-06-18T09:50:06.267+0000] {logging_mixin.py:188} INFO - [2024-06-18T09:50:06.267+0000] {dagbag.py:545} INFO - Filling up the DagBag from /home/airflow/.local/lib/python3.12/site-packages/airflow/example_dags/example_complex.py
[2024-06-18T09:50:06.274+0000] {processor.py:840} INFO - DAG(s) 'example_complex' retrieved from /home/airflow/.local/lib/python3.12/site-packages/airflow/example_dags/example_complex.py
[2024-06-18T09:50:06.294+0000] {logging_mixin.py:188} INFO - [2024-06-18T09:50:06.294+0000] {dag.py:3096} INFO - Sync 1 DAGs
[2024-06-18T09:50:06.300+0000] {logging_mixin.py:188} INFO - [2024-06-18T09:50:06.300+0000] {dag.py:3954} INFO - Setting next_dagrun for example_complex to None, run_after=None
[2024-06-18T09:50:06.313+0000] {processor.py:183} INFO - Processing /home/airflow/.local/lib/python3.12/site-packages/airflow/example_dags/example_complex.py took 0.050 seconds
[2024-06-18T09:50:36.429+0000] {processor.py:161} INFO - Started process (PID=9363) to work on /home/airflow/.local/lib/python3.12/site-packages/airflow/example_dags/example_complex.py
[2024-06-18T09:50:36.430+0000] {processor.py:830} INFO - Processing file /home/airflow/.local/lib/python3.12/site-packages/airflow/example_dags/example_complex.py for tasks to queue
[2024-06-18T09:50:36.431+0000] {logging_mixin.py:188} INFO - [2024-06-18T09:50:36.431+0000] {dagbag.py:545} INFO - Filling up the DagBag from /home/airflow/.local/lib/python3.12/site-packages/airflow/example_dags/example_complex.py
[2024-06-18T09:50:36.436+0000] {processor.py:840} INFO - DAG(s) 'example_complex' retrieved from /home/airflow/.local/lib/python3.12/site-packages/airflow/example_dags/example_complex.py
[2024-06-18T09:50:36.456+0000] {logging_mixin.py:188} INFO - [2024-06-18T09:50:36.455+0000] {dag.py:3096} INFO - Sync 1 DAGs
[2024-06-18T09:50:36.463+0000] {logging_mixin.py:188} INFO - [2024-06-18T09:50:36.463+0000] {dag.py:3954} INFO - Setting next_dagrun for example_complex to None, run_after=None
[2024-06-18T09:50:36.475+0000] {processor.py:183} INFO - Processing /home/airflow/.local/lib/python3.12/site-packages/airflow/example_dags/example_complex.py took 0.049 seconds
[2024-06-18T09:51:06.505+0000] {processor.py:161} INFO - Started process (PID=9625) to work on /home/airflow/.local/lib/python3.12/site-packages/airflow/example_dags/example_complex.py
[2024-06-18T09:51:06.507+0000] {processor.py:830} INFO - Processing file /home/airflow/.local/lib/python3.12/site-packages/airflow/example_dags/example_complex.py for tasks to queue
[2024-06-18T09:51:06.509+0000] {logging_mixin.py:188} INFO - [2024-06-18T09:51:06.508+0000] {dagbag.py:545} INFO - Filling up the DagBag from /home/airflow/.local/lib/python3.12/site-packages/airflow/example_dags/example_complex.py
[2024-06-18T09:51:06.514+0000] {processor.py:840} INFO - DAG(s) 'example_complex' retrieved from /home/airflow/.local/lib/python3.12/site-packages/airflow/example_dags/example_complex.py
[2024-06-18T09:51:06.533+0000] {logging_mixin.py:188} INFO - [2024-06-18T09:51:06.533+0000] {dag.py:3096} INFO - Sync 1 DAGs
[2024-06-18T09:51:06.540+0000] {logging_mixin.py:188} INFO - [2024-06-18T09:51:06.540+0000] {dag.py:3954} INFO - Setting next_dagrun for example_complex to None, run_after=None
[2024-06-18T09:51:06.554+0000] {processor.py:183} INFO - Processing /home/airflow/.local/lib/python3.12/site-packages/airflow/example_dags/example_complex.py took 0.054 seconds
[2024-06-18T09:51:36.836+0000] {processor.py:161} INFO - Started process (PID=9887) to work on /home/airflow/.local/lib/python3.12/site-packages/airflow/example_dags/example_complex.py
[2024-06-18T09:51:36.837+0000] {processor.py:830} INFO - Processing file /home/airflow/.local/lib/python3.12/site-packages/airflow/example_dags/example_complex.py for tasks to queue
[2024-06-18T09:51:36.838+0000] {logging_mixin.py:188} INFO - [2024-06-18T09:51:36.838+0000] {dagbag.py:545} INFO - Filling up the DagBag from /home/airflow/.local/lib/python3.12/site-packages/airflow/example_dags/example_complex.py
[2024-06-18T09:51:36.843+0000] {processor.py:840} INFO - DAG(s) 'example_complex' retrieved from /home/airflow/.local/lib/python3.12/site-packages/airflow/example_dags/example_complex.py
[2024-06-18T09:51:36.863+0000] {logging_mixin.py:188} INFO - [2024-06-18T09:51:36.863+0000] {dag.py:3096} INFO - Sync 1 DAGs
[2024-06-18T09:51:36.869+0000] {logging_mixin.py:188} INFO - [2024-06-18T09:51:36.869+0000] {dag.py:3954} INFO - Setting next_dagrun for example_complex to None, run_after=None
[2024-06-18T09:51:36.879+0000] {processor.py:183} INFO - Processing /home/airflow/.local/lib/python3.12/site-packages/airflow/example_dags/example_complex.py took 0.046 seconds
[2024-06-18T09:52:07.537+0000] {processor.py:161} INFO - Started process (PID=10149) to work on /home/airflow/.local/lib/python3.12/site-packages/airflow/example_dags/example_complex.py
[2024-06-18T09:52:07.537+0000] {processor.py:830} INFO - Processing file /home/airflow/.local/lib/python3.12/site-packages/airflow/example_dags/example_complex.py for tasks to queue
[2024-06-18T09:52:07.538+0000] {logging_mixin.py:188} INFO - [2024-06-18T09:52:07.538+0000] {dagbag.py:545} INFO - Filling up the DagBag from /home/airflow/.local/lib/python3.12/site-packages/airflow/example_dags/example_complex.py
[2024-06-18T09:52:07.544+0000] {processor.py:840} INFO - DAG(s) 'example_complex' retrieved from /home/airflow/.local/lib/python3.12/site-packages/airflow/example_dags/example_complex.py
[2024-06-18T09:52:07.562+0000] {logging_mixin.py:188} INFO - [2024-06-18T09:52:07.562+0000] {dag.py:3096} INFO - Sync 1 DAGs
[2024-06-18T09:52:07.568+0000] {logging_mixin.py:188} INFO - [2024-06-18T09:52:07.568+0000] {dag.py:3954} INFO - Setting next_dagrun for example_complex to None, run_after=None
[2024-06-18T09:52:07.579+0000] {processor.py:183} INFO - Processing /home/airflow/.local/lib/python3.12/site-packages/airflow/example_dags/example_complex.py took 0.046 seconds
[2024-06-18T09:52:37.800+0000] {processor.py:161} INFO - Started process (PID=10411) to work on /home/airflow/.local/lib/python3.12/site-packages/airflow/example_dags/example_complex.py
[2024-06-18T09:52:37.801+0000] {processor.py:830} INFO - Processing file /home/airflow/.local/lib/python3.12/site-packages/airflow/example_dags/example_complex.py for tasks to queue
[2024-06-18T09:52:37.802+0000] {logging_mixin.py:188} INFO - [2024-06-18T09:52:37.802+0000] {dagbag.py:545} INFO - Filling up the DagBag from /home/airflow/.local/lib/python3.12/site-packages/airflow/example_dags/example_complex.py
[2024-06-18T09:52:37.808+0000] {processor.py:840} INFO - DAG(s) 'example_complex' retrieved from /home/airflow/.local/lib/python3.12/site-packages/airflow/example_dags/example_complex.py
[2024-06-18T09:52:37.825+0000] {logging_mixin.py:188} INFO - [2024-06-18T09:52:37.825+0000] {dag.py:3096} INFO - Sync 1 DAGs
[2024-06-18T09:52:37.832+0000] {logging_mixin.py:188} INFO - [2024-06-18T09:52:37.832+0000] {dag.py:3954} INFO - Setting next_dagrun for example_complex to None, run_after=None
[2024-06-18T09:52:37.843+0000] {processor.py:183} INFO - Processing /home/airflow/.local/lib/python3.12/site-packages/airflow/example_dags/example_complex.py took 0.047 seconds
[2024-06-18T09:53:08.069+0000] {processor.py:161} INFO - Started process (PID=10673) to work on /home/airflow/.local/lib/python3.12/site-packages/airflow/example_dags/example_complex.py
[2024-06-18T09:53:08.071+0000] {processor.py:830} INFO - Processing file /home/airflow/.local/lib/python3.12/site-packages/airflow/example_dags/example_complex.py for tasks to queue
[2024-06-18T09:53:08.072+0000] {logging_mixin.py:188} INFO - [2024-06-18T09:53:08.071+0000] {dagbag.py:545} INFO - Filling up the DagBag from /home/airflow/.local/lib/python3.12/site-packages/airflow/example_dags/example_complex.py
[2024-06-18T09:53:08.179+0000] {processor.py:840} INFO - DAG(s) 'example_complex' retrieved from /home/airflow/.local/lib/python3.12/site-packages/airflow/example_dags/example_complex.py
[2024-06-18T09:53:08.195+0000] {logging_mixin.py:188} INFO - [2024-06-18T09:53:08.195+0000] {dag.py:3096} INFO - Sync 1 DAGs
[2024-06-18T09:53:08.202+0000] {logging_mixin.py:188} INFO - [2024-06-18T09:53:08.202+0000] {dag.py:3954} INFO - Setting next_dagrun for example_complex to None, run_after=None
[2024-06-18T09:53:08.213+0000] {processor.py:183} INFO - Processing /home/airflow/.local/lib/python3.12/site-packages/airflow/example_dags/example_complex.py took 0.148 seconds
[2024-06-18T09:53:38.806+0000] {processor.py:161} INFO - Started process (PID=10935) to work on /home/airflow/.local/lib/python3.12/site-packages/airflow/example_dags/example_complex.py
[2024-06-18T09:53:38.807+0000] {processor.py:830} INFO - Processing file /home/airflow/.local/lib/python3.12/site-packages/airflow/example_dags/example_complex.py for tasks to queue
[2024-06-18T09:53:38.808+0000] {logging_mixin.py:188} INFO - [2024-06-18T09:53:38.808+0000] {dagbag.py:545} INFO - Filling up the DagBag from /home/airflow/.local/lib/python3.12/site-packages/airflow/example_dags/example_complex.py
[2024-06-18T09:53:38.814+0000] {processor.py:840} INFO - DAG(s) 'example_complex' retrieved from /home/airflow/.local/lib/python3.12/site-packages/airflow/example_dags/example_complex.py
[2024-06-18T09:53:38.832+0000] {logging_mixin.py:188} INFO - [2024-06-18T09:53:38.832+0000] {dag.py:3096} INFO - Sync 1 DAGs
[2024-06-18T09:53:38.839+0000] {logging_mixin.py:188} INFO - [2024-06-18T09:53:38.839+0000] {dag.py:3954} INFO - Setting next_dagrun for example_complex to None, run_after=None
[2024-06-18T09:53:38.852+0000] {processor.py:183} INFO - Processing /home/airflow/.local/lib/python3.12/site-packages/airflow/example_dags/example_complex.py took 0.050 seconds
[2024-06-18T09:54:08.934+0000] {processor.py:161} INFO - Started process (PID=11197) to work on /home/airflow/.local/lib/python3.12/site-packages/airflow/example_dags/example_complex.py
[2024-06-18T09:54:08.935+0000] {processor.py:830} INFO - Processing file /home/airflow/.local/lib/python3.12/site-packages/airflow/example_dags/example_complex.py for tasks to queue
[2024-06-18T09:54:08.936+0000] {logging_mixin.py:188} INFO - [2024-06-18T09:54:08.936+0000] {dagbag.py:545} INFO - Filling up the DagBag from /home/airflow/.local/lib/python3.12/site-packages/airflow/example_dags/example_complex.py
[2024-06-18T09:54:08.943+0000] {processor.py:840} INFO - DAG(s) 'example_complex' retrieved from /home/airflow/.local/lib/python3.12/site-packages/airflow/example_dags/example_complex.py
[2024-06-18T09:54:08.961+0000] {logging_mixin.py:188} INFO - [2024-06-18T09:54:08.961+0000] {dag.py:3096} INFO - Sync 1 DAGs
[2024-06-18T09:54:08.968+0000] {logging_mixin.py:188} INFO - [2024-06-18T09:54:08.968+0000] {dag.py:3954} INFO - Setting next_dagrun for example_complex to None, run_after=None
[2024-06-18T09:54:08.978+0000] {processor.py:183} INFO - Processing /home/airflow/.local/lib/python3.12/site-packages/airflow/example_dags/example_complex.py took 0.048 seconds
[2024-06-18T09:54:39.051+0000] {processor.py:161} INFO - Started process (PID=11459) to work on /home/airflow/.local/lib/python3.12/site-packages/airflow/example_dags/example_complex.py
[2024-06-18T09:54:39.051+0000] {processor.py:830} INFO - Processing file /home/airflow/.local/lib/python3.12/site-packages/airflow/example_dags/example_complex.py for tasks to queue
[2024-06-18T09:54:39.052+0000] {logging_mixin.py:188} INFO - [2024-06-18T09:54:39.052+0000] {dagbag.py:545} INFO - Filling up the DagBag from /home/airflow/.local/lib/python3.12/site-packages/airflow/example_dags/example_complex.py
[2024-06-18T09:54:39.057+0000] {processor.py:840} INFO - DAG(s) 'example_complex' retrieved from /home/airflow/.local/lib/python3.12/site-packages/airflow/example_dags/example_complex.py
[2024-06-18T09:54:39.075+0000] {logging_mixin.py:188} INFO - [2024-06-18T09:54:39.075+0000] {dag.py:3096} INFO - Sync 1 DAGs
[2024-06-18T09:54:39.081+0000] {logging_mixin.py:188} INFO - [2024-06-18T09:54:39.081+0000] {dag.py:3954} INFO - Setting next_dagrun for example_complex to None, run_after=None
[2024-06-18T09:54:39.092+0000] {processor.py:183} INFO - Processing /home/airflow/.local/lib/python3.12/site-packages/airflow/example_dags/example_complex.py took 0.045 seconds
[2024-06-18T09:55:09.228+0000] {processor.py:161} INFO - Started process (PID=11721) to work on /home/airflow/.local/lib/python3.12/site-packages/airflow/example_dags/example_complex.py
[2024-06-18T09:55:09.228+0000] {processor.py:830} INFO - Processing file /home/airflow/.local/lib/python3.12/site-packages/airflow/example_dags/example_complex.py for tasks to queue
[2024-06-18T09:55:09.229+0000] {logging_mixin.py:188} INFO - [2024-06-18T09:55:09.229+0000] {dagbag.py:545} INFO - Filling up the DagBag from /home/airflow/.local/lib/python3.12/site-packages/airflow/example_dags/example_complex.py
[2024-06-18T09:55:09.236+0000] {processor.py:840} INFO - DAG(s) 'example_complex' retrieved from /home/airflow/.local/lib/python3.12/site-packages/airflow/example_dags/example_complex.py
[2024-06-18T09:55:09.254+0000] {logging_mixin.py:188} INFO - [2024-06-18T09:55:09.254+0000] {dag.py:3096} INFO - Sync 1 DAGs
[2024-06-18T09:55:09.262+0000] {logging_mixin.py:188} INFO - [2024-06-18T09:55:09.262+0000] {dag.py:3954} INFO - Setting next_dagrun for example_complex to None, run_after=None
[2024-06-18T09:55:09.274+0000] {processor.py:183} INFO - Processing /home/airflow/.local/lib/python3.12/site-packages/airflow/example_dags/example_complex.py took 0.050 seconds
[2024-06-18T09:55:39.343+0000] {processor.py:161} INFO - Started process (PID=11983) to work on /home/airflow/.local/lib/python3.12/site-packages/airflow/example_dags/example_complex.py
[2024-06-18T09:55:39.345+0000] {processor.py:830} INFO - Processing file /home/airflow/.local/lib/python3.12/site-packages/airflow/example_dags/example_complex.py for tasks to queue
[2024-06-18T09:55:39.346+0000] {logging_mixin.py:188} INFO - [2024-06-18T09:55:39.346+0000] {dagbag.py:545} INFO - Filling up the DagBag from /home/airflow/.local/lib/python3.12/site-packages/airflow/example_dags/example_complex.py
[2024-06-18T09:55:39.351+0000] {processor.py:840} INFO - DAG(s) 'example_complex' retrieved from /home/airflow/.local/lib/python3.12/site-packages/airflow/example_dags/example_complex.py
[2024-06-18T09:55:39.367+0000] {logging_mixin.py:188} INFO - [2024-06-18T09:55:39.367+0000] {dag.py:3096} INFO - Sync 1 DAGs
[2024-06-18T09:55:39.373+0000] {logging_mixin.py:188} INFO - [2024-06-18T09:55:39.373+0000] {dag.py:3954} INFO - Setting next_dagrun for example_complex to None, run_after=None
[2024-06-18T09:55:39.385+0000] {processor.py:183} INFO - Processing /home/airflow/.local/lib/python3.12/site-packages/airflow/example_dags/example_complex.py took 0.045 seconds
[2024-06-18T09:56:10.143+0000] {processor.py:161} INFO - Started process (PID=12245) to work on /home/airflow/.local/lib/python3.12/site-packages/airflow/example_dags/example_complex.py
[2024-06-18T09:56:10.144+0000] {processor.py:830} INFO - Processing file /home/airflow/.local/lib/python3.12/site-packages/airflow/example_dags/example_complex.py for tasks to queue
[2024-06-18T09:56:10.145+0000] {logging_mixin.py:188} INFO - [2024-06-18T09:56:10.145+0000] {dagbag.py:545} INFO - Filling up the DagBag from /home/airflow/.local/lib/python3.12/site-packages/airflow/example_dags/example_complex.py
[2024-06-18T09:56:10.150+0000] {processor.py:840} INFO - DAG(s) 'example_complex' retrieved from /home/airflow/.local/lib/python3.12/site-packages/airflow/example_dags/example_complex.py
[2024-06-18T09:56:10.169+0000] {logging_mixin.py:188} INFO - [2024-06-18T09:56:10.168+0000] {dag.py:3096} INFO - Sync 1 DAGs
[2024-06-18T09:56:10.175+0000] {logging_mixin.py:188} INFO - [2024-06-18T09:56:10.175+0000] {dag.py:3954} INFO - Setting next_dagrun for example_complex to None, run_after=None
[2024-06-18T09:56:10.185+0000] {processor.py:183} INFO - Processing /home/airflow/.local/lib/python3.12/site-packages/airflow/example_dags/example_complex.py took 0.046 seconds
[2024-06-18T09:56:40.890+0000] {processor.py:161} INFO - Started process (PID=12507) to work on /home/airflow/.local/lib/python3.12/site-packages/airflow/example_dags/example_complex.py
[2024-06-18T09:56:40.891+0000] {processor.py:830} INFO - Processing file /home/airflow/.local/lib/python3.12/site-packages/airflow/example_dags/example_complex.py for tasks to queue
[2024-06-18T09:56:40.892+0000] {logging_mixin.py:188} INFO - [2024-06-18T09:56:40.892+0000] {dagbag.py:545} INFO - Filling up the DagBag from /home/airflow/.local/lib/python3.12/site-packages/airflow/example_dags/example_complex.py
[2024-06-18T09:56:40.898+0000] {processor.py:840} INFO - DAG(s) 'example_complex' retrieved from /home/airflow/.local/lib/python3.12/site-packages/airflow/example_dags/example_complex.py
[2024-06-18T09:56:40.916+0000] {logging_mixin.py:188} INFO - [2024-06-18T09:56:40.916+0000] {dag.py:3096} INFO - Sync 1 DAGs
[2024-06-18T09:56:40.923+0000] {logging_mixin.py:188} INFO - [2024-06-18T09:56:40.923+0000] {dag.py:3954} INFO - Setting next_dagrun for example_complex to None, run_after=None
[2024-06-18T09:56:40.934+0000] {processor.py:183} INFO - Processing /home/airflow/.local/lib/python3.12/site-packages/airflow/example_dags/example_complex.py took 0.048 seconds
[2024-06-18T09:57:10.987+0000] {processor.py:161} INFO - Started process (PID=12769) to work on /home/airflow/.local/lib/python3.12/site-packages/airflow/example_dags/example_complex.py
[2024-06-18T09:57:10.987+0000] {processor.py:830} INFO - Processing file /home/airflow/.local/lib/python3.12/site-packages/airflow/example_dags/example_complex.py for tasks to queue
[2024-06-18T09:57:10.988+0000] {logging_mixin.py:188} INFO - [2024-06-18T09:57:10.988+0000] {dagbag.py:545} INFO - Filling up the DagBag from /home/airflow/.local/lib/python3.12/site-packages/airflow/example_dags/example_complex.py
[2024-06-18T09:57:10.993+0000] {processor.py:840} INFO - DAG(s) 'example_complex' retrieved from /home/airflow/.local/lib/python3.12/site-packages/airflow/example_dags/example_complex.py
[2024-06-18T09:57:11.010+0000] {logging_mixin.py:188} INFO - [2024-06-18T09:57:11.010+0000] {dag.py:3096} INFO - Sync 1 DAGs
[2024-06-18T09:57:11.017+0000] {logging_mixin.py:188} INFO - [2024-06-18T09:57:11.017+0000] {dag.py:3954} INFO - Setting next_dagrun for example_complex to None, run_after=None
[2024-06-18T09:57:11.030+0000] {processor.py:183} INFO - Processing /home/airflow/.local/lib/python3.12/site-packages/airflow/example_dags/example_complex.py took 0.047 seconds
[2024-06-18T09:57:41.821+0000] {processor.py:161} INFO - Started process (PID=13023) to work on /home/airflow/.local/lib/python3.12/site-packages/airflow/example_dags/example_complex.py
[2024-06-18T09:57:41.822+0000] {processor.py:830} INFO - Processing file /home/airflow/.local/lib/python3.12/site-packages/airflow/example_dags/example_complex.py for tasks to queue
[2024-06-18T09:57:41.823+0000] {logging_mixin.py:188} INFO - [2024-06-18T09:57:41.823+0000] {dagbag.py:545} INFO - Filling up the DagBag from /home/airflow/.local/lib/python3.12/site-packages/airflow/example_dags/example_complex.py
[2024-06-18T09:57:41.832+0000] {processor.py:840} INFO - DAG(s) 'example_complex' retrieved from /home/airflow/.local/lib/python3.12/site-packages/airflow/example_dags/example_complex.py
[2024-06-18T09:57:41.863+0000] {logging_mixin.py:188} INFO - [2024-06-18T09:57:41.863+0000] {dag.py:3096} INFO - Sync 1 DAGs
[2024-06-18T09:57:41.873+0000] {logging_mixin.py:188} INFO - [2024-06-18T09:57:41.873+0000] {dag.py:3954} INFO - Setting next_dagrun for example_complex to None, run_after=None
[2024-06-18T09:57:41.891+0000] {processor.py:183} INFO - Processing /home/airflow/.local/lib/python3.12/site-packages/airflow/example_dags/example_complex.py took 0.074 seconds
[2024-06-18T09:58:12.086+0000] {processor.py:161} INFO - Started process (PID=13287) to work on /home/airflow/.local/lib/python3.12/site-packages/airflow/example_dags/example_complex.py
[2024-06-18T09:58:12.087+0000] {processor.py:830} INFO - Processing file /home/airflow/.local/lib/python3.12/site-packages/airflow/example_dags/example_complex.py for tasks to queue
[2024-06-18T09:58:12.088+0000] {logging_mixin.py:188} INFO - [2024-06-18T09:58:12.087+0000] {dagbag.py:545} INFO - Filling up the DagBag from /home/airflow/.local/lib/python3.12/site-packages/airflow/example_dags/example_complex.py
[2024-06-18T09:58:12.093+0000] {processor.py:840} INFO - DAG(s) 'example_complex' retrieved from /home/airflow/.local/lib/python3.12/site-packages/airflow/example_dags/example_complex.py
[2024-06-18T09:58:12.110+0000] {logging_mixin.py:188} INFO - [2024-06-18T09:58:12.110+0000] {dag.py:3096} INFO - Sync 1 DAGs
[2024-06-18T09:58:12.117+0000] {logging_mixin.py:188} INFO - [2024-06-18T09:58:12.117+0000] {dag.py:3954} INFO - Setting next_dagrun for example_complex to None, run_after=None
[2024-06-18T09:58:12.127+0000] {processor.py:183} INFO - Processing /home/airflow/.local/lib/python3.12/site-packages/airflow/example_dags/example_complex.py took 0.044 seconds
[2024-06-18T09:58:42.956+0000] {processor.py:161} INFO - Started process (PID=13549) to work on /home/airflow/.local/lib/python3.12/site-packages/airflow/example_dags/example_complex.py
[2024-06-18T09:58:42.957+0000] {processor.py:830} INFO - Processing file /home/airflow/.local/lib/python3.12/site-packages/airflow/example_dags/example_complex.py for tasks to queue
[2024-06-18T09:58:42.958+0000] {logging_mixin.py:188} INFO - [2024-06-18T09:58:42.958+0000] {dagbag.py:545} INFO - Filling up the DagBag from /home/airflow/.local/lib/python3.12/site-packages/airflow/example_dags/example_complex.py
[2024-06-18T09:58:42.964+0000] {processor.py:840} INFO - DAG(s) 'example_complex' retrieved from /home/airflow/.local/lib/python3.12/site-packages/airflow/example_dags/example_complex.py
[2024-06-18T09:58:42.981+0000] {logging_mixin.py:188} INFO - [2024-06-18T09:58:42.980+0000] {dag.py:3096} INFO - Sync 1 DAGs
[2024-06-18T09:58:42.987+0000] {logging_mixin.py:188} INFO - [2024-06-18T09:58:42.987+0000] {dag.py:3954} INFO - Setting next_dagrun for example_complex to None, run_after=None
[2024-06-18T09:58:42.999+0000] {processor.py:183} INFO - Processing /home/airflow/.local/lib/python3.12/site-packages/airflow/example_dags/example_complex.py took 0.046 seconds
[2024-06-18T09:59:13.186+0000] {processor.py:161} INFO - Started process (PID=13811) to work on /home/airflow/.local/lib/python3.12/site-packages/airflow/example_dags/example_complex.py
[2024-06-18T09:59:13.187+0000] {processor.py:830} INFO - Processing file /home/airflow/.local/lib/python3.12/site-packages/airflow/example_dags/example_complex.py for tasks to queue
[2024-06-18T09:59:13.188+0000] {logging_mixin.py:188} INFO - [2024-06-18T09:59:13.188+0000] {dagbag.py:545} INFO - Filling up the DagBag from /home/airflow/.local/lib/python3.12/site-packages/airflow/example_dags/example_complex.py
[2024-06-18T09:59:13.194+0000] {processor.py:840} INFO - DAG(s) 'example_complex' retrieved from /home/airflow/.local/lib/python3.12/site-packages/airflow/example_dags/example_complex.py
[2024-06-18T09:59:13.212+0000] {logging_mixin.py:188} INFO - [2024-06-18T09:59:13.211+0000] {dag.py:3096} INFO - Sync 1 DAGs
[2024-06-18T09:59:13.218+0000] {logging_mixin.py:188} INFO - [2024-06-18T09:59:13.218+0000] {dag.py:3954} INFO - Setting next_dagrun for example_complex to None, run_after=None
[2024-06-18T09:59:13.230+0000] {processor.py:183} INFO - Processing /home/airflow/.local/lib/python3.12/site-packages/airflow/example_dags/example_complex.py took 0.047 seconds
[2024-06-18T09:59:44.136+0000] {processor.py:161} INFO - Started process (PID=14071) to work on /home/airflow/.local/lib/python3.12/site-packages/airflow/example_dags/example_complex.py
[2024-06-18T09:59:44.136+0000] {processor.py:830} INFO - Processing file /home/airflow/.local/lib/python3.12/site-packages/airflow/example_dags/example_complex.py for tasks to queue
[2024-06-18T09:59:44.137+0000] {logging_mixin.py:188} INFO - [2024-06-18T09:59:44.137+0000] {dagbag.py:545} INFO - Filling up the DagBag from /home/airflow/.local/lib/python3.12/site-packages/airflow/example_dags/example_complex.py
[2024-06-18T09:59:44.143+0000] {processor.py:840} INFO - DAG(s) 'example_complex' retrieved from /home/airflow/.local/lib/python3.12/site-packages/airflow/example_dags/example_complex.py
[2024-06-18T09:59:44.163+0000] {logging_mixin.py:188} INFO - [2024-06-18T09:59:44.163+0000] {dag.py:3096} INFO - Sync 1 DAGs
[2024-06-18T09:59:44.171+0000] {logging_mixin.py:188} INFO - [2024-06-18T09:59:44.171+0000] {dag.py:3954} INFO - Setting next_dagrun for example_complex to None, run_after=None
[2024-06-18T09:59:44.185+0000] {processor.py:183} INFO - Processing /home/airflow/.local/lib/python3.12/site-packages/airflow/example_dags/example_complex.py took 0.054 seconds
