[2024-06-18T09:32:53.601+0000] {processor.py:161} INFO - Started process (PID=211) to work on /home/airflow/.local/lib/python3.12/site-packages/airflow/example_dags/example_bash_operator.py
[2024-06-18T09:32:53.601+0000] {processor.py:830} INFO - Processing file /home/airflow/.local/lib/python3.12/site-packages/airflow/example_dags/example_bash_operator.py for tasks to queue
[2024-06-18T09:32:53.602+0000] {logging_mixin.py:188} INFO - [2024-06-18T09:32:53.602+0000] {dagbag.py:545} INFO - Filling up the DagBag from /home/airflow/.local/lib/python3.12/site-packages/airflow/example_dags/example_bash_operator.py
[2024-06-18T09:32:53.611+0000] {processor.py:840} INFO - DAG(s) 'example_bash_operator' retrieved from /home/airflow/.local/lib/python3.12/site-packages/airflow/example_dags/example_bash_operator.py
[2024-06-18T09:32:53.621+0000] {logging_mixin.py:188} INFO - [2024-06-18T09:32:53.620+0000] {dag.py:3096} INFO - Sync 1 DAGs
[2024-06-18T09:32:53.637+0000] {logging_mixin.py:188} INFO - [2024-06-18T09:32:53.637+0000] {dag.py:3954} INFO - Setting next_dagrun for example_bash_operator to 2024-06-17 00:00:00+00:00, run_after=2024-06-18 00:00:00+00:00
[2024-06-18T09:32:53.652+0000] {processor.py:183} INFO - Processing /home/airflow/.local/lib/python3.12/site-packages/airflow/example_dags/example_bash_operator.py took 0.055 seconds
[2024-06-18T09:33:24.580+0000] {processor.py:161} INFO - Started process (PID=475) to work on /home/airflow/.local/lib/python3.12/site-packages/airflow/example_dags/example_bash_operator.py
[2024-06-18T09:33:24.581+0000] {processor.py:830} INFO - Processing file /home/airflow/.local/lib/python3.12/site-packages/airflow/example_dags/example_bash_operator.py for tasks to queue
[2024-06-18T09:33:24.582+0000] {logging_mixin.py:188} INFO - [2024-06-18T09:33:24.582+0000] {dagbag.py:545} INFO - Filling up the DagBag from /home/airflow/.local/lib/python3.12/site-packages/airflow/example_dags/example_bash_operator.py
[2024-06-18T09:33:24.587+0000] {processor.py:840} INFO - DAG(s) 'example_bash_operator' retrieved from /home/airflow/.local/lib/python3.12/site-packages/airflow/example_dags/example_bash_operator.py
[2024-06-18T09:33:24.649+0000] {logging_mixin.py:188} INFO - [2024-06-18T09:33:24.649+0000] {dag.py:3096} INFO - Sync 1 DAGs
[2024-06-18T09:33:24.659+0000] {logging_mixin.py:188} INFO - [2024-06-18T09:33:24.659+0000] {dag.py:3954} INFO - Setting next_dagrun for example_bash_operator to 2024-06-17 00:00:00+00:00, run_after=2024-06-18 00:00:00+00:00
[2024-06-18T09:33:24.672+0000] {processor.py:183} INFO - Processing /home/airflow/.local/lib/python3.12/site-packages/airflow/example_dags/example_bash_operator.py took 0.094 seconds
[2024-06-18T09:33:55.388+0000] {processor.py:161} INFO - Started process (PID=737) to work on /home/airflow/.local/lib/python3.12/site-packages/airflow/example_dags/example_bash_operator.py
[2024-06-18T09:33:55.388+0000] {processor.py:830} INFO - Processing file /home/airflow/.local/lib/python3.12/site-packages/airflow/example_dags/example_bash_operator.py for tasks to queue
[2024-06-18T09:33:55.389+0000] {logging_mixin.py:188} INFO - [2024-06-18T09:33:55.389+0000] {dagbag.py:545} INFO - Filling up the DagBag from /home/airflow/.local/lib/python3.12/site-packages/airflow/example_dags/example_bash_operator.py
[2024-06-18T09:33:55.395+0000] {processor.py:840} INFO - DAG(s) 'example_bash_operator' retrieved from /home/airflow/.local/lib/python3.12/site-packages/airflow/example_dags/example_bash_operator.py
[2024-06-18T09:33:55.411+0000] {logging_mixin.py:188} INFO - [2024-06-18T09:33:55.411+0000] {dag.py:3096} INFO - Sync 1 DAGs
[2024-06-18T09:33:55.424+0000] {logging_mixin.py:188} INFO - [2024-06-18T09:33:55.424+0000] {dag.py:3954} INFO - Setting next_dagrun for example_bash_operator to 2024-06-17 00:00:00+00:00, run_after=2024-06-18 00:00:00+00:00
[2024-06-18T09:33:55.434+0000] {processor.py:183} INFO - Processing /home/airflow/.local/lib/python3.12/site-packages/airflow/example_dags/example_bash_operator.py took 0.050 seconds
[2024-06-18T09:34:25.526+0000] {processor.py:161} INFO - Started process (PID=999) to work on /home/airflow/.local/lib/python3.12/site-packages/airflow/example_dags/example_bash_operator.py
[2024-06-18T09:34:25.527+0000] {processor.py:830} INFO - Processing file /home/airflow/.local/lib/python3.12/site-packages/airflow/example_dags/example_bash_operator.py for tasks to queue
[2024-06-18T09:34:25.527+0000] {logging_mixin.py:188} INFO - [2024-06-18T09:34:25.527+0000] {dagbag.py:545} INFO - Filling up the DagBag from /home/airflow/.local/lib/python3.12/site-packages/airflow/example_dags/example_bash_operator.py
[2024-06-18T09:34:25.534+0000] {processor.py:840} INFO - DAG(s) 'example_bash_operator' retrieved from /home/airflow/.local/lib/python3.12/site-packages/airflow/example_dags/example_bash_operator.py
[2024-06-18T09:34:25.551+0000] {logging_mixin.py:188} INFO - [2024-06-18T09:34:25.550+0000] {dag.py:3096} INFO - Sync 1 DAGs
[2024-06-18T09:34:25.563+0000] {logging_mixin.py:188} INFO - [2024-06-18T09:34:25.563+0000] {dag.py:3954} INFO - Setting next_dagrun for example_bash_operator to 2024-06-17 00:00:00+00:00, run_after=2024-06-18 00:00:00+00:00
[2024-06-18T09:34:25.574+0000] {processor.py:183} INFO - Processing /home/airflow/.local/lib/python3.12/site-packages/airflow/example_dags/example_bash_operator.py took 0.051 seconds
[2024-06-18T09:34:55.865+0000] {processor.py:161} INFO - Started process (PID=1261) to work on /home/airflow/.local/lib/python3.12/site-packages/airflow/example_dags/example_bash_operator.py
[2024-06-18T09:34:55.865+0000] {processor.py:830} INFO - Processing file /home/airflow/.local/lib/python3.12/site-packages/airflow/example_dags/example_bash_operator.py for tasks to queue
[2024-06-18T09:34:55.866+0000] {logging_mixin.py:188} INFO - [2024-06-18T09:34:55.866+0000] {dagbag.py:545} INFO - Filling up the DagBag from /home/airflow/.local/lib/python3.12/site-packages/airflow/example_dags/example_bash_operator.py
[2024-06-18T09:34:55.873+0000] {processor.py:840} INFO - DAG(s) 'example_bash_operator' retrieved from /home/airflow/.local/lib/python3.12/site-packages/airflow/example_dags/example_bash_operator.py
[2024-06-18T09:34:55.890+0000] {logging_mixin.py:188} INFO - [2024-06-18T09:34:55.890+0000] {dag.py:3096} INFO - Sync 1 DAGs
[2024-06-18T09:34:55.903+0000] {logging_mixin.py:188} INFO - [2024-06-18T09:34:55.903+0000] {dag.py:3954} INFO - Setting next_dagrun for example_bash_operator to 2024-06-17 00:00:00+00:00, run_after=2024-06-18 00:00:00+00:00
[2024-06-18T09:34:55.914+0000] {processor.py:183} INFO - Processing /home/airflow/.local/lib/python3.12/site-packages/airflow/example_dags/example_bash_operator.py took 0.053 seconds
[2024-06-18T09:35:25.959+0000] {processor.py:161} INFO - Started process (PID=1521) to work on /home/airflow/.local/lib/python3.12/site-packages/airflow/example_dags/example_bash_operator.py
[2024-06-18T09:35:25.959+0000] {processor.py:830} INFO - Processing file /home/airflow/.local/lib/python3.12/site-packages/airflow/example_dags/example_bash_operator.py for tasks to queue
[2024-06-18T09:35:25.960+0000] {logging_mixin.py:188} INFO - [2024-06-18T09:35:25.960+0000] {dagbag.py:545} INFO - Filling up the DagBag from /home/airflow/.local/lib/python3.12/site-packages/airflow/example_dags/example_bash_operator.py
[2024-06-18T09:35:25.967+0000] {processor.py:840} INFO - DAG(s) 'example_bash_operator' retrieved from /home/airflow/.local/lib/python3.12/site-packages/airflow/example_dags/example_bash_operator.py
[2024-06-18T09:35:25.984+0000] {logging_mixin.py:188} INFO - [2024-06-18T09:35:25.983+0000] {dag.py:3096} INFO - Sync 1 DAGs
[2024-06-18T09:35:25.998+0000] {logging_mixin.py:188} INFO - [2024-06-18T09:35:25.998+0000] {dag.py:3954} INFO - Setting next_dagrun for example_bash_operator to 2024-06-17 00:00:00+00:00, run_after=2024-06-18 00:00:00+00:00
[2024-06-18T09:35:26.009+0000] {processor.py:183} INFO - Processing /home/airflow/.local/lib/python3.12/site-packages/airflow/example_dags/example_bash_operator.py took 0.053 seconds
[2024-06-18T09:35:56.089+0000] {processor.py:161} INFO - Started process (PID=1783) to work on /home/airflow/.local/lib/python3.12/site-packages/airflow/example_dags/example_bash_operator.py
[2024-06-18T09:35:56.090+0000] {processor.py:830} INFO - Processing file /home/airflow/.local/lib/python3.12/site-packages/airflow/example_dags/example_bash_operator.py for tasks to queue
[2024-06-18T09:35:56.091+0000] {logging_mixin.py:188} INFO - [2024-06-18T09:35:56.090+0000] {dagbag.py:545} INFO - Filling up the DagBag from /home/airflow/.local/lib/python3.12/site-packages/airflow/example_dags/example_bash_operator.py
[2024-06-18T09:35:56.098+0000] {processor.py:840} INFO - DAG(s) 'example_bash_operator' retrieved from /home/airflow/.local/lib/python3.12/site-packages/airflow/example_dags/example_bash_operator.py
[2024-06-18T09:35:56.117+0000] {logging_mixin.py:188} INFO - [2024-06-18T09:35:56.117+0000] {dag.py:3096} INFO - Sync 1 DAGs
[2024-06-18T09:35:56.131+0000] {logging_mixin.py:188} INFO - [2024-06-18T09:35:56.131+0000] {dag.py:3954} INFO - Setting next_dagrun for example_bash_operator to 2024-06-17 00:00:00+00:00, run_after=2024-06-18 00:00:00+00:00
[2024-06-18T09:35:56.143+0000] {processor.py:183} INFO - Processing /home/airflow/.local/lib/python3.12/site-packages/airflow/example_dags/example_bash_operator.py took 0.058 seconds
[2024-06-18T09:36:26.172+0000] {processor.py:161} INFO - Started process (PID=2045) to work on /home/airflow/.local/lib/python3.12/site-packages/airflow/example_dags/example_bash_operator.py
[2024-06-18T09:36:26.173+0000] {processor.py:830} INFO - Processing file /home/airflow/.local/lib/python3.12/site-packages/airflow/example_dags/example_bash_operator.py for tasks to queue
[2024-06-18T09:36:26.174+0000] {logging_mixin.py:188} INFO - [2024-06-18T09:36:26.174+0000] {dagbag.py:545} INFO - Filling up the DagBag from /home/airflow/.local/lib/python3.12/site-packages/airflow/example_dags/example_bash_operator.py
[2024-06-18T09:36:26.180+0000] {processor.py:840} INFO - DAG(s) 'example_bash_operator' retrieved from /home/airflow/.local/lib/python3.12/site-packages/airflow/example_dags/example_bash_operator.py
[2024-06-18T09:36:26.195+0000] {logging_mixin.py:188} INFO - [2024-06-18T09:36:26.195+0000] {dag.py:3096} INFO - Sync 1 DAGs
[2024-06-18T09:36:26.207+0000] {logging_mixin.py:188} INFO - [2024-06-18T09:36:26.207+0000] {dag.py:3954} INFO - Setting next_dagrun for example_bash_operator to 2024-06-17 00:00:00+00:00, run_after=2024-06-18 00:00:00+00:00
[2024-06-18T09:36:26.218+0000] {processor.py:183} INFO - Processing /home/airflow/.local/lib/python3.12/site-packages/airflow/example_dags/example_bash_operator.py took 0.048 seconds
[2024-06-18T09:36:56.629+0000] {processor.py:161} INFO - Started process (PID=2309) to work on /home/airflow/.local/lib/python3.12/site-packages/airflow/example_dags/example_bash_operator.py
[2024-06-18T09:36:56.630+0000] {processor.py:830} INFO - Processing file /home/airflow/.local/lib/python3.12/site-packages/airflow/example_dags/example_bash_operator.py for tasks to queue
[2024-06-18T09:36:56.631+0000] {logging_mixin.py:188} INFO - [2024-06-18T09:36:56.630+0000] {dagbag.py:545} INFO - Filling up the DagBag from /home/airflow/.local/lib/python3.12/site-packages/airflow/example_dags/example_bash_operator.py
[2024-06-18T09:36:56.637+0000] {processor.py:840} INFO - DAG(s) 'example_bash_operator' retrieved from /home/airflow/.local/lib/python3.12/site-packages/airflow/example_dags/example_bash_operator.py
[2024-06-18T09:36:56.654+0000] {logging_mixin.py:188} INFO - [2024-06-18T09:36:56.654+0000] {dag.py:3096} INFO - Sync 1 DAGs
[2024-06-18T09:36:56.669+0000] {logging_mixin.py:188} INFO - [2024-06-18T09:36:56.669+0000] {dag.py:3954} INFO - Setting next_dagrun for example_bash_operator to 2024-06-17 00:00:00+00:00, run_after=2024-06-18 00:00:00+00:00
[2024-06-18T09:36:56.681+0000] {processor.py:183} INFO - Processing /home/airflow/.local/lib/python3.12/site-packages/airflow/example_dags/example_bash_operator.py took 0.056 seconds
[2024-06-18T09:37:26.766+0000] {processor.py:161} INFO - Started process (PID=2571) to work on /home/airflow/.local/lib/python3.12/site-packages/airflow/example_dags/example_bash_operator.py
[2024-06-18T09:37:26.767+0000] {processor.py:830} INFO - Processing file /home/airflow/.local/lib/python3.12/site-packages/airflow/example_dags/example_bash_operator.py for tasks to queue
[2024-06-18T09:37:26.767+0000] {logging_mixin.py:188} INFO - [2024-06-18T09:37:26.767+0000] {dagbag.py:545} INFO - Filling up the DagBag from /home/airflow/.local/lib/python3.12/site-packages/airflow/example_dags/example_bash_operator.py
[2024-06-18T09:37:26.773+0000] {processor.py:840} INFO - DAG(s) 'example_bash_operator' retrieved from /home/airflow/.local/lib/python3.12/site-packages/airflow/example_dags/example_bash_operator.py
[2024-06-18T09:37:26.789+0000] {logging_mixin.py:188} INFO - [2024-06-18T09:37:26.789+0000] {dag.py:3096} INFO - Sync 1 DAGs
[2024-06-18T09:37:26.801+0000] {logging_mixin.py:188} INFO - [2024-06-18T09:37:26.801+0000] {dag.py:3954} INFO - Setting next_dagrun for example_bash_operator to 2024-06-17 00:00:00+00:00, run_after=2024-06-18 00:00:00+00:00
[2024-06-18T09:37:26.812+0000] {processor.py:183} INFO - Processing /home/airflow/.local/lib/python3.12/site-packages/airflow/example_dags/example_bash_operator.py took 0.049 seconds
[2024-06-18T09:37:56.918+0000] {processor.py:161} INFO - Started process (PID=2831) to work on /home/airflow/.local/lib/python3.12/site-packages/airflow/example_dags/example_bash_operator.py
[2024-06-18T09:37:56.919+0000] {processor.py:830} INFO - Processing file /home/airflow/.local/lib/python3.12/site-packages/airflow/example_dags/example_bash_operator.py for tasks to queue
[2024-06-18T09:37:56.919+0000] {logging_mixin.py:188} INFO - [2024-06-18T09:37:56.919+0000] {dagbag.py:545} INFO - Filling up the DagBag from /home/airflow/.local/lib/python3.12/site-packages/airflow/example_dags/example_bash_operator.py
[2024-06-18T09:37:56.925+0000] {processor.py:840} INFO - DAG(s) 'example_bash_operator' retrieved from /home/airflow/.local/lib/python3.12/site-packages/airflow/example_dags/example_bash_operator.py
[2024-06-18T09:37:56.940+0000] {logging_mixin.py:188} INFO - [2024-06-18T09:37:56.940+0000] {dag.py:3096} INFO - Sync 1 DAGs
[2024-06-18T09:37:56.952+0000] {logging_mixin.py:188} INFO - [2024-06-18T09:37:56.952+0000] {dag.py:3954} INFO - Setting next_dagrun for example_bash_operator to 2024-06-17 00:00:00+00:00, run_after=2024-06-18 00:00:00+00:00
[2024-06-18T09:37:56.963+0000] {processor.py:183} INFO - Processing /home/airflow/.local/lib/python3.12/site-packages/airflow/example_dags/example_bash_operator.py took 0.048 seconds
[2024-06-18T09:38:26.987+0000] {processor.py:161} INFO - Started process (PID=3093) to work on /home/airflow/.local/lib/python3.12/site-packages/airflow/example_dags/example_bash_operator.py
[2024-06-18T09:38:26.987+0000] {processor.py:830} INFO - Processing file /home/airflow/.local/lib/python3.12/site-packages/airflow/example_dags/example_bash_operator.py for tasks to queue
[2024-06-18T09:38:26.988+0000] {logging_mixin.py:188} INFO - [2024-06-18T09:38:26.988+0000] {dagbag.py:545} INFO - Filling up the DagBag from /home/airflow/.local/lib/python3.12/site-packages/airflow/example_dags/example_bash_operator.py
[2024-06-18T09:38:26.994+0000] {processor.py:840} INFO - DAG(s) 'example_bash_operator' retrieved from /home/airflow/.local/lib/python3.12/site-packages/airflow/example_dags/example_bash_operator.py
[2024-06-18T09:38:27.007+0000] {logging_mixin.py:188} INFO - [2024-06-18T09:38:27.007+0000] {dag.py:3096} INFO - Sync 1 DAGs
[2024-06-18T09:38:27.018+0000] {logging_mixin.py:188} INFO - [2024-06-18T09:38:27.018+0000] {dag.py:3954} INFO - Setting next_dagrun for example_bash_operator to 2024-06-17 00:00:00+00:00, run_after=2024-06-18 00:00:00+00:00
[2024-06-18T09:38:27.027+0000] {processor.py:183} INFO - Processing /home/airflow/.local/lib/python3.12/site-packages/airflow/example_dags/example_bash_operator.py took 0.043 seconds
[2024-06-18T09:38:57.099+0000] {processor.py:161} INFO - Started process (PID=3355) to work on /home/airflow/.local/lib/python3.12/site-packages/airflow/example_dags/example_bash_operator.py
[2024-06-18T09:38:57.099+0000] {processor.py:830} INFO - Processing file /home/airflow/.local/lib/python3.12/site-packages/airflow/example_dags/example_bash_operator.py for tasks to queue
[2024-06-18T09:38:57.100+0000] {logging_mixin.py:188} INFO - [2024-06-18T09:38:57.100+0000] {dagbag.py:545} INFO - Filling up the DagBag from /home/airflow/.local/lib/python3.12/site-packages/airflow/example_dags/example_bash_operator.py
[2024-06-18T09:38:57.106+0000] {processor.py:840} INFO - DAG(s) 'example_bash_operator' retrieved from /home/airflow/.local/lib/python3.12/site-packages/airflow/example_dags/example_bash_operator.py
[2024-06-18T09:38:57.122+0000] {logging_mixin.py:188} INFO - [2024-06-18T09:38:57.122+0000] {dag.py:3096} INFO - Sync 1 DAGs
[2024-06-18T09:38:57.135+0000] {logging_mixin.py:188} INFO - [2024-06-18T09:38:57.135+0000] {dag.py:3954} INFO - Setting next_dagrun for example_bash_operator to 2024-06-17 00:00:00+00:00, run_after=2024-06-18 00:00:00+00:00
[2024-06-18T09:38:57.146+0000] {processor.py:183} INFO - Processing /home/airflow/.local/lib/python3.12/site-packages/airflow/example_dags/example_bash_operator.py took 0.051 seconds
[2024-06-18T09:39:27.364+0000] {processor.py:161} INFO - Started process (PID=3618) to work on /home/airflow/.local/lib/python3.12/site-packages/airflow/example_dags/example_bash_operator.py
[2024-06-18T09:39:27.365+0000] {processor.py:830} INFO - Processing file /home/airflow/.local/lib/python3.12/site-packages/airflow/example_dags/example_bash_operator.py for tasks to queue
[2024-06-18T09:39:27.366+0000] {logging_mixin.py:188} INFO - [2024-06-18T09:39:27.365+0000] {dagbag.py:545} INFO - Filling up the DagBag from /home/airflow/.local/lib/python3.12/site-packages/airflow/example_dags/example_bash_operator.py
[2024-06-18T09:39:27.372+0000] {processor.py:840} INFO - DAG(s) 'example_bash_operator' retrieved from /home/airflow/.local/lib/python3.12/site-packages/airflow/example_dags/example_bash_operator.py
[2024-06-18T09:39:27.387+0000] {logging_mixin.py:188} INFO - [2024-06-18T09:39:27.386+0000] {dag.py:3096} INFO - Sync 1 DAGs
[2024-06-18T09:39:27.399+0000] {logging_mixin.py:188} INFO - [2024-06-18T09:39:27.399+0000] {dag.py:3954} INFO - Setting next_dagrun for example_bash_operator to 2024-06-17 00:00:00+00:00, run_after=2024-06-18 00:00:00+00:00
[2024-06-18T09:39:27.410+0000] {processor.py:183} INFO - Processing /home/airflow/.local/lib/python3.12/site-packages/airflow/example_dags/example_bash_operator.py took 0.049 seconds
[2024-06-18T09:39:57.533+0000] {processor.py:161} INFO - Started process (PID=3882) to work on /home/airflow/.local/lib/python3.12/site-packages/airflow/example_dags/example_bash_operator.py
[2024-06-18T09:39:57.534+0000] {processor.py:830} INFO - Processing file /home/airflow/.local/lib/python3.12/site-packages/airflow/example_dags/example_bash_operator.py for tasks to queue
[2024-06-18T09:39:57.535+0000] {logging_mixin.py:188} INFO - [2024-06-18T09:39:57.535+0000] {dagbag.py:545} INFO - Filling up the DagBag from /home/airflow/.local/lib/python3.12/site-packages/airflow/example_dags/example_bash_operator.py
[2024-06-18T09:39:57.542+0000] {processor.py:840} INFO - DAG(s) 'example_bash_operator' retrieved from /home/airflow/.local/lib/python3.12/site-packages/airflow/example_dags/example_bash_operator.py
[2024-06-18T09:39:57.557+0000] {logging_mixin.py:188} INFO - [2024-06-18T09:39:57.557+0000] {dag.py:3096} INFO - Sync 1 DAGs
[2024-06-18T09:39:57.570+0000] {logging_mixin.py:188} INFO - [2024-06-18T09:39:57.570+0000] {dag.py:3954} INFO - Setting next_dagrun for example_bash_operator to 2024-06-17 00:00:00+00:00, run_after=2024-06-18 00:00:00+00:00
[2024-06-18T09:39:57.580+0000] {processor.py:183} INFO - Processing /home/airflow/.local/lib/python3.12/site-packages/airflow/example_dags/example_bash_operator.py took 0.050 seconds
[2024-06-18T09:40:27.862+0000] {processor.py:161} INFO - Started process (PID=4144) to work on /home/airflow/.local/lib/python3.12/site-packages/airflow/example_dags/example_bash_operator.py
[2024-06-18T09:40:27.863+0000] {processor.py:830} INFO - Processing file /home/airflow/.local/lib/python3.12/site-packages/airflow/example_dags/example_bash_operator.py for tasks to queue
[2024-06-18T09:40:27.864+0000] {logging_mixin.py:188} INFO - [2024-06-18T09:40:27.863+0000] {dagbag.py:545} INFO - Filling up the DagBag from /home/airflow/.local/lib/python3.12/site-packages/airflow/example_dags/example_bash_operator.py
[2024-06-18T09:40:27.869+0000] {processor.py:840} INFO - DAG(s) 'example_bash_operator' retrieved from /home/airflow/.local/lib/python3.12/site-packages/airflow/example_dags/example_bash_operator.py
[2024-06-18T09:40:27.885+0000] {logging_mixin.py:188} INFO - [2024-06-18T09:40:27.885+0000] {dag.py:3096} INFO - Sync 1 DAGs
[2024-06-18T09:40:27.897+0000] {logging_mixin.py:188} INFO - [2024-06-18T09:40:27.897+0000] {dag.py:3954} INFO - Setting next_dagrun for example_bash_operator to 2024-06-17 00:00:00+00:00, run_after=2024-06-18 00:00:00+00:00
[2024-06-18T09:40:27.907+0000] {processor.py:183} INFO - Processing /home/airflow/.local/lib/python3.12/site-packages/airflow/example_dags/example_bash_operator.py took 0.048 seconds
[2024-06-18T09:40:58.050+0000] {processor.py:161} INFO - Started process (PID=4404) to work on /home/airflow/.local/lib/python3.12/site-packages/airflow/example_dags/example_bash_operator.py
[2024-06-18T09:40:58.051+0000] {processor.py:830} INFO - Processing file /home/airflow/.local/lib/python3.12/site-packages/airflow/example_dags/example_bash_operator.py for tasks to queue
[2024-06-18T09:40:58.052+0000] {logging_mixin.py:188} INFO - [2024-06-18T09:40:58.052+0000] {dagbag.py:545} INFO - Filling up the DagBag from /home/airflow/.local/lib/python3.12/site-packages/airflow/example_dags/example_bash_operator.py
[2024-06-18T09:40:58.058+0000] {processor.py:840} INFO - DAG(s) 'example_bash_operator' retrieved from /home/airflow/.local/lib/python3.12/site-packages/airflow/example_dags/example_bash_operator.py
[2024-06-18T09:40:58.072+0000] {logging_mixin.py:188} INFO - [2024-06-18T09:40:58.072+0000] {dag.py:3096} INFO - Sync 1 DAGs
[2024-06-18T09:40:58.084+0000] {logging_mixin.py:188} INFO - [2024-06-18T09:40:58.084+0000] {dag.py:3954} INFO - Setting next_dagrun for example_bash_operator to 2024-06-17 00:00:00+00:00, run_after=2024-06-18 00:00:00+00:00
[2024-06-18T09:40:58.094+0000] {processor.py:183} INFO - Processing /home/airflow/.local/lib/python3.12/site-packages/airflow/example_dags/example_bash_operator.py took 0.047 seconds
[2024-06-18T09:41:28.790+0000] {processor.py:161} INFO - Started process (PID=4666) to work on /home/airflow/.local/lib/python3.12/site-packages/airflow/example_dags/example_bash_operator.py
[2024-06-18T09:41:28.790+0000] {processor.py:830} INFO - Processing file /home/airflow/.local/lib/python3.12/site-packages/airflow/example_dags/example_bash_operator.py for tasks to queue
[2024-06-18T09:41:28.791+0000] {logging_mixin.py:188} INFO - [2024-06-18T09:41:28.791+0000] {dagbag.py:545} INFO - Filling up the DagBag from /home/airflow/.local/lib/python3.12/site-packages/airflow/example_dags/example_bash_operator.py
[2024-06-18T09:41:28.797+0000] {processor.py:840} INFO - DAG(s) 'example_bash_operator' retrieved from /home/airflow/.local/lib/python3.12/site-packages/airflow/example_dags/example_bash_operator.py
[2024-06-18T09:41:28.812+0000] {logging_mixin.py:188} INFO - [2024-06-18T09:41:28.812+0000] {dag.py:3096} INFO - Sync 1 DAGs
[2024-06-18T09:41:28.824+0000] {logging_mixin.py:188} INFO - [2024-06-18T09:41:28.824+0000] {dag.py:3954} INFO - Setting next_dagrun for example_bash_operator to 2024-06-17 00:00:00+00:00, run_after=2024-06-18 00:00:00+00:00
[2024-06-18T09:41:28.835+0000] {processor.py:183} INFO - Processing /home/airflow/.local/lib/python3.12/site-packages/airflow/example_dags/example_bash_operator.py took 0.048 seconds
[2024-06-18T09:41:59.566+0000] {processor.py:161} INFO - Started process (PID=4928) to work on /home/airflow/.local/lib/python3.12/site-packages/airflow/example_dags/example_bash_operator.py
[2024-06-18T09:41:59.566+0000] {processor.py:830} INFO - Processing file /home/airflow/.local/lib/python3.12/site-packages/airflow/example_dags/example_bash_operator.py for tasks to queue
[2024-06-18T09:41:59.567+0000] {logging_mixin.py:188} INFO - [2024-06-18T09:41:59.567+0000] {dagbag.py:545} INFO - Filling up the DagBag from /home/airflow/.local/lib/python3.12/site-packages/airflow/example_dags/example_bash_operator.py
[2024-06-18T09:41:59.574+0000] {processor.py:840} INFO - DAG(s) 'example_bash_operator' retrieved from /home/airflow/.local/lib/python3.12/site-packages/airflow/example_dags/example_bash_operator.py
[2024-06-18T09:41:59.589+0000] {logging_mixin.py:188} INFO - [2024-06-18T09:41:59.589+0000] {dag.py:3096} INFO - Sync 1 DAGs
[2024-06-18T09:41:59.602+0000] {logging_mixin.py:188} INFO - [2024-06-18T09:41:59.602+0000] {dag.py:3954} INFO - Setting next_dagrun for example_bash_operator to 2024-06-17 00:00:00+00:00, run_after=2024-06-18 00:00:00+00:00
[2024-06-18T09:41:59.612+0000] {processor.py:183} INFO - Processing /home/airflow/.local/lib/python3.12/site-packages/airflow/example_dags/example_bash_operator.py took 0.050 seconds
[2024-06-18T09:42:30.289+0000] {processor.py:161} INFO - Started process (PID=5190) to work on /home/airflow/.local/lib/python3.12/site-packages/airflow/example_dags/example_bash_operator.py
[2024-06-18T09:42:30.289+0000] {processor.py:830} INFO - Processing file /home/airflow/.local/lib/python3.12/site-packages/airflow/example_dags/example_bash_operator.py for tasks to queue
[2024-06-18T09:42:30.290+0000] {logging_mixin.py:188} INFO - [2024-06-18T09:42:30.290+0000] {dagbag.py:545} INFO - Filling up the DagBag from /home/airflow/.local/lib/python3.12/site-packages/airflow/example_dags/example_bash_operator.py
[2024-06-18T09:42:30.295+0000] {processor.py:840} INFO - DAG(s) 'example_bash_operator' retrieved from /home/airflow/.local/lib/python3.12/site-packages/airflow/example_dags/example_bash_operator.py
[2024-06-18T09:42:30.309+0000] {logging_mixin.py:188} INFO - [2024-06-18T09:42:30.309+0000] {dag.py:3096} INFO - Sync 1 DAGs
[2024-06-18T09:42:30.321+0000] {logging_mixin.py:188} INFO - [2024-06-18T09:42:30.320+0000] {dag.py:3954} INFO - Setting next_dagrun for example_bash_operator to 2024-06-17 00:00:00+00:00, run_after=2024-06-18 00:00:00+00:00
[2024-06-18T09:42:30.331+0000] {processor.py:183} INFO - Processing /home/airflow/.local/lib/python3.12/site-packages/airflow/example_dags/example_bash_operator.py took 0.046 seconds
[2024-06-18T09:43:01.055+0000] {processor.py:161} INFO - Started process (PID=5452) to work on /home/airflow/.local/lib/python3.12/site-packages/airflow/example_dags/example_bash_operator.py
[2024-06-18T09:43:01.056+0000] {processor.py:830} INFO - Processing file /home/airflow/.local/lib/python3.12/site-packages/airflow/example_dags/example_bash_operator.py for tasks to queue
[2024-06-18T09:43:01.057+0000] {logging_mixin.py:188} INFO - [2024-06-18T09:43:01.057+0000] {dagbag.py:545} INFO - Filling up the DagBag from /home/airflow/.local/lib/python3.12/site-packages/airflow/example_dags/example_bash_operator.py
[2024-06-18T09:43:01.063+0000] {processor.py:840} INFO - DAG(s) 'example_bash_operator' retrieved from /home/airflow/.local/lib/python3.12/site-packages/airflow/example_dags/example_bash_operator.py
[2024-06-18T09:43:01.081+0000] {logging_mixin.py:188} INFO - [2024-06-18T09:43:01.080+0000] {dag.py:3096} INFO - Sync 1 DAGs
[2024-06-18T09:43:01.095+0000] {logging_mixin.py:188} INFO - [2024-06-18T09:43:01.095+0000] {dag.py:3954} INFO - Setting next_dagrun for example_bash_operator to 2024-06-17 00:00:00+00:00, run_after=2024-06-18 00:00:00+00:00
[2024-06-18T09:43:01.110+0000] {processor.py:183} INFO - Processing /home/airflow/.local/lib/python3.12/site-packages/airflow/example_dags/example_bash_operator.py took 0.058 seconds
[2024-06-18T09:43:31.264+0000] {processor.py:161} INFO - Started process (PID=5714) to work on /home/airflow/.local/lib/python3.12/site-packages/airflow/example_dags/example_bash_operator.py
[2024-06-18T09:43:31.264+0000] {processor.py:830} INFO - Processing file /home/airflow/.local/lib/python3.12/site-packages/airflow/example_dags/example_bash_operator.py for tasks to queue
[2024-06-18T09:43:31.265+0000] {logging_mixin.py:188} INFO - [2024-06-18T09:43:31.265+0000] {dagbag.py:545} INFO - Filling up the DagBag from /home/airflow/.local/lib/python3.12/site-packages/airflow/example_dags/example_bash_operator.py
[2024-06-18T09:43:31.271+0000] {processor.py:840} INFO - DAG(s) 'example_bash_operator' retrieved from /home/airflow/.local/lib/python3.12/site-packages/airflow/example_dags/example_bash_operator.py
[2024-06-18T09:43:31.286+0000] {logging_mixin.py:188} INFO - [2024-06-18T09:43:31.286+0000] {dag.py:3096} INFO - Sync 1 DAGs
[2024-06-18T09:43:31.298+0000] {logging_mixin.py:188} INFO - [2024-06-18T09:43:31.298+0000] {dag.py:3954} INFO - Setting next_dagrun for example_bash_operator to 2024-06-17 00:00:00+00:00, run_after=2024-06-18 00:00:00+00:00
[2024-06-18T09:43:31.310+0000] {processor.py:183} INFO - Processing /home/airflow/.local/lib/python3.12/site-packages/airflow/example_dags/example_bash_operator.py took 0.049 seconds
[2024-06-18T09:44:01.427+0000] {processor.py:161} INFO - Started process (PID=5976) to work on /home/airflow/.local/lib/python3.12/site-packages/airflow/example_dags/example_bash_operator.py
[2024-06-18T09:44:01.428+0000] {processor.py:830} INFO - Processing file /home/airflow/.local/lib/python3.12/site-packages/airflow/example_dags/example_bash_operator.py for tasks to queue
[2024-06-18T09:44:01.429+0000] {logging_mixin.py:188} INFO - [2024-06-18T09:44:01.429+0000] {dagbag.py:545} INFO - Filling up the DagBag from /home/airflow/.local/lib/python3.12/site-packages/airflow/example_dags/example_bash_operator.py
[2024-06-18T09:44:01.435+0000] {processor.py:840} INFO - DAG(s) 'example_bash_operator' retrieved from /home/airflow/.local/lib/python3.12/site-packages/airflow/example_dags/example_bash_operator.py
[2024-06-18T09:44:01.451+0000] {logging_mixin.py:188} INFO - [2024-06-18T09:44:01.450+0000] {dag.py:3096} INFO - Sync 1 DAGs
[2024-06-18T09:44:01.464+0000] {logging_mixin.py:188} INFO - [2024-06-18T09:44:01.463+0000] {dag.py:3954} INFO - Setting next_dagrun for example_bash_operator to 2024-06-17 00:00:00+00:00, run_after=2024-06-18 00:00:00+00:00
[2024-06-18T09:44:01.474+0000] {processor.py:183} INFO - Processing /home/airflow/.local/lib/python3.12/site-packages/airflow/example_dags/example_bash_operator.py took 0.050 seconds
[2024-06-18T09:44:32.248+0000] {processor.py:161} INFO - Started process (PID=6240) to work on /home/airflow/.local/lib/python3.12/site-packages/airflow/example_dags/example_bash_operator.py
[2024-06-18T09:44:32.249+0000] {processor.py:830} INFO - Processing file /home/airflow/.local/lib/python3.12/site-packages/airflow/example_dags/example_bash_operator.py for tasks to queue
[2024-06-18T09:44:32.250+0000] {logging_mixin.py:188} INFO - [2024-06-18T09:44:32.250+0000] {dagbag.py:545} INFO - Filling up the DagBag from /home/airflow/.local/lib/python3.12/site-packages/airflow/example_dags/example_bash_operator.py
[2024-06-18T09:44:32.256+0000] {processor.py:840} INFO - DAG(s) 'example_bash_operator' retrieved from /home/airflow/.local/lib/python3.12/site-packages/airflow/example_dags/example_bash_operator.py
[2024-06-18T09:44:32.274+0000] {logging_mixin.py:188} INFO - [2024-06-18T09:44:32.274+0000] {dag.py:3096} INFO - Sync 1 DAGs
[2024-06-18T09:44:32.288+0000] {logging_mixin.py:188} INFO - [2024-06-18T09:44:32.288+0000] {dag.py:3954} INFO - Setting next_dagrun for example_bash_operator to 2024-06-17 00:00:00+00:00, run_after=2024-06-18 00:00:00+00:00
[2024-06-18T09:44:32.300+0000] {processor.py:183} INFO - Processing /home/airflow/.local/lib/python3.12/site-packages/airflow/example_dags/example_bash_operator.py took 0.055 seconds
[2024-06-18T09:45:02.378+0000] {processor.py:161} INFO - Started process (PID=6501) to work on /home/airflow/.local/lib/python3.12/site-packages/airflow/example_dags/example_bash_operator.py
[2024-06-18T09:45:02.379+0000] {processor.py:830} INFO - Processing file /home/airflow/.local/lib/python3.12/site-packages/airflow/example_dags/example_bash_operator.py for tasks to queue
[2024-06-18T09:45:02.380+0000] {logging_mixin.py:188} INFO - [2024-06-18T09:45:02.380+0000] {dagbag.py:545} INFO - Filling up the DagBag from /home/airflow/.local/lib/python3.12/site-packages/airflow/example_dags/example_bash_operator.py
[2024-06-18T09:45:02.387+0000] {processor.py:840} INFO - DAG(s) 'example_bash_operator' retrieved from /home/airflow/.local/lib/python3.12/site-packages/airflow/example_dags/example_bash_operator.py
[2024-06-18T09:45:02.405+0000] {logging_mixin.py:188} INFO - [2024-06-18T09:45:02.404+0000] {dag.py:3096} INFO - Sync 1 DAGs
[2024-06-18T09:45:02.418+0000] {logging_mixin.py:188} INFO - [2024-06-18T09:45:02.418+0000] {dag.py:3954} INFO - Setting next_dagrun for example_bash_operator to 2024-06-17 00:00:00+00:00, run_after=2024-06-18 00:00:00+00:00
[2024-06-18T09:45:02.430+0000] {processor.py:183} INFO - Processing /home/airflow/.local/lib/python3.12/site-packages/airflow/example_dags/example_bash_operator.py took 0.055 seconds
[2024-06-18T09:45:32.456+0000] {processor.py:161} INFO - Started process (PID=6761) to work on /home/airflow/.local/lib/python3.12/site-packages/airflow/example_dags/example_bash_operator.py
[2024-06-18T09:45:32.456+0000] {processor.py:830} INFO - Processing file /home/airflow/.local/lib/python3.12/site-packages/airflow/example_dags/example_bash_operator.py for tasks to queue
[2024-06-18T09:45:32.458+0000] {logging_mixin.py:188} INFO - [2024-06-18T09:45:32.457+0000] {dagbag.py:545} INFO - Filling up the DagBag from /home/airflow/.local/lib/python3.12/site-packages/airflow/example_dags/example_bash_operator.py
[2024-06-18T09:45:32.464+0000] {processor.py:840} INFO - DAG(s) 'example_bash_operator' retrieved from /home/airflow/.local/lib/python3.12/site-packages/airflow/example_dags/example_bash_operator.py
[2024-06-18T09:45:32.478+0000] {logging_mixin.py:188} INFO - [2024-06-18T09:45:32.478+0000] {dag.py:3096} INFO - Sync 1 DAGs
[2024-06-18T09:45:32.493+0000] {logging_mixin.py:188} INFO - [2024-06-18T09:45:32.493+0000] {dag.py:3954} INFO - Setting next_dagrun for example_bash_operator to 2024-06-17 00:00:00+00:00, run_after=2024-06-18 00:00:00+00:00
[2024-06-18T09:45:32.504+0000] {processor.py:183} INFO - Processing /home/airflow/.local/lib/python3.12/site-packages/airflow/example_dags/example_bash_operator.py took 0.051 seconds
[2024-06-18T09:46:02.666+0000] {processor.py:161} INFO - Started process (PID=7025) to work on /home/airflow/.local/lib/python3.12/site-packages/airflow/example_dags/example_bash_operator.py
[2024-06-18T09:46:02.667+0000] {processor.py:830} INFO - Processing file /home/airflow/.local/lib/python3.12/site-packages/airflow/example_dags/example_bash_operator.py for tasks to queue
[2024-06-18T09:46:02.668+0000] {logging_mixin.py:188} INFO - [2024-06-18T09:46:02.668+0000] {dagbag.py:545} INFO - Filling up the DagBag from /home/airflow/.local/lib/python3.12/site-packages/airflow/example_dags/example_bash_operator.py
[2024-06-18T09:46:02.673+0000] {processor.py:840} INFO - DAG(s) 'example_bash_operator' retrieved from /home/airflow/.local/lib/python3.12/site-packages/airflow/example_dags/example_bash_operator.py
[2024-06-18T09:46:02.688+0000] {logging_mixin.py:188} INFO - [2024-06-18T09:46:02.687+0000] {dag.py:3096} INFO - Sync 1 DAGs
[2024-06-18T09:46:02.699+0000] {logging_mixin.py:188} INFO - [2024-06-18T09:46:02.699+0000] {dag.py:3954} INFO - Setting next_dagrun for example_bash_operator to 2024-06-17 00:00:00+00:00, run_after=2024-06-18 00:00:00+00:00
[2024-06-18T09:46:02.710+0000] {processor.py:183} INFO - Processing /home/airflow/.local/lib/python3.12/site-packages/airflow/example_dags/example_bash_operator.py took 0.046 seconds
[2024-06-18T09:46:32.881+0000] {processor.py:161} INFO - Started process (PID=7287) to work on /home/airflow/.local/lib/python3.12/site-packages/airflow/example_dags/example_bash_operator.py
[2024-06-18T09:46:32.881+0000] {processor.py:830} INFO - Processing file /home/airflow/.local/lib/python3.12/site-packages/airflow/example_dags/example_bash_operator.py for tasks to queue
[2024-06-18T09:46:32.882+0000] {logging_mixin.py:188} INFO - [2024-06-18T09:46:32.882+0000] {dagbag.py:545} INFO - Filling up the DagBag from /home/airflow/.local/lib/python3.12/site-packages/airflow/example_dags/example_bash_operator.py
[2024-06-18T09:46:32.888+0000] {processor.py:840} INFO - DAG(s) 'example_bash_operator' retrieved from /home/airflow/.local/lib/python3.12/site-packages/airflow/example_dags/example_bash_operator.py
[2024-06-18T09:46:32.902+0000] {logging_mixin.py:188} INFO - [2024-06-18T09:46:32.902+0000] {dag.py:3096} INFO - Sync 1 DAGs
[2024-06-18T09:46:32.914+0000] {logging_mixin.py:188} INFO - [2024-06-18T09:46:32.914+0000] {dag.py:3954} INFO - Setting next_dagrun for example_bash_operator to 2024-06-17 00:00:00+00:00, run_after=2024-06-18 00:00:00+00:00
[2024-06-18T09:46:32.923+0000] {processor.py:183} INFO - Processing /home/airflow/.local/lib/python3.12/site-packages/airflow/example_dags/example_bash_operator.py took 0.046 seconds
[2024-06-18T09:47:02.959+0000] {processor.py:161} INFO - Started process (PID=7547) to work on /home/airflow/.local/lib/python3.12/site-packages/airflow/example_dags/example_bash_operator.py
[2024-06-18T09:47:02.960+0000] {processor.py:830} INFO - Processing file /home/airflow/.local/lib/python3.12/site-packages/airflow/example_dags/example_bash_operator.py for tasks to queue
[2024-06-18T09:47:02.961+0000] {logging_mixin.py:188} INFO - [2024-06-18T09:47:02.960+0000] {dagbag.py:545} INFO - Filling up the DagBag from /home/airflow/.local/lib/python3.12/site-packages/airflow/example_dags/example_bash_operator.py
[2024-06-18T09:47:02.967+0000] {processor.py:840} INFO - DAG(s) 'example_bash_operator' retrieved from /home/airflow/.local/lib/python3.12/site-packages/airflow/example_dags/example_bash_operator.py
[2024-06-18T09:47:02.981+0000] {logging_mixin.py:188} INFO - [2024-06-18T09:47:02.981+0000] {dag.py:3096} INFO - Sync 1 DAGs
[2024-06-18T09:47:02.992+0000] {logging_mixin.py:188} INFO - [2024-06-18T09:47:02.992+0000] {dag.py:3954} INFO - Setting next_dagrun for example_bash_operator to 2024-06-17 00:00:00+00:00, run_after=2024-06-18 00:00:00+00:00
[2024-06-18T09:47:03.003+0000] {processor.py:183} INFO - Processing /home/airflow/.local/lib/python3.12/site-packages/airflow/example_dags/example_bash_operator.py took 0.047 seconds
[2024-06-18T09:47:33.700+0000] {processor.py:161} INFO - Started process (PID=7809) to work on /home/airflow/.local/lib/python3.12/site-packages/airflow/example_dags/example_bash_operator.py
[2024-06-18T09:47:33.700+0000] {processor.py:830} INFO - Processing file /home/airflow/.local/lib/python3.12/site-packages/airflow/example_dags/example_bash_operator.py for tasks to queue
[2024-06-18T09:47:33.701+0000] {logging_mixin.py:188} INFO - [2024-06-18T09:47:33.701+0000] {dagbag.py:545} INFO - Filling up the DagBag from /home/airflow/.local/lib/python3.12/site-packages/airflow/example_dags/example_bash_operator.py
[2024-06-18T09:47:33.707+0000] {processor.py:840} INFO - DAG(s) 'example_bash_operator' retrieved from /home/airflow/.local/lib/python3.12/site-packages/airflow/example_dags/example_bash_operator.py
[2024-06-18T09:47:33.722+0000] {logging_mixin.py:188} INFO - [2024-06-18T09:47:33.722+0000] {dag.py:3096} INFO - Sync 1 DAGs
[2024-06-18T09:47:33.733+0000] {logging_mixin.py:188} INFO - [2024-06-18T09:47:33.733+0000] {dag.py:3954} INFO - Setting next_dagrun for example_bash_operator to 2024-06-17 00:00:00+00:00, run_after=2024-06-18 00:00:00+00:00
[2024-06-18T09:47:33.743+0000] {processor.py:183} INFO - Processing /home/airflow/.local/lib/python3.12/site-packages/airflow/example_dags/example_bash_operator.py took 0.046 seconds
[2024-06-18T09:48:04.452+0000] {processor.py:161} INFO - Started process (PID=8073) to work on /home/airflow/.local/lib/python3.12/site-packages/airflow/example_dags/example_bash_operator.py
[2024-06-18T09:48:04.453+0000] {processor.py:830} INFO - Processing file /home/airflow/.local/lib/python3.12/site-packages/airflow/example_dags/example_bash_operator.py for tasks to queue
[2024-06-18T09:48:04.454+0000] {logging_mixin.py:188} INFO - [2024-06-18T09:48:04.454+0000] {dagbag.py:545} INFO - Filling up the DagBag from /home/airflow/.local/lib/python3.12/site-packages/airflow/example_dags/example_bash_operator.py
[2024-06-18T09:48:04.460+0000] {processor.py:840} INFO - DAG(s) 'example_bash_operator' retrieved from /home/airflow/.local/lib/python3.12/site-packages/airflow/example_dags/example_bash_operator.py
[2024-06-18T09:48:04.476+0000] {logging_mixin.py:188} INFO - [2024-06-18T09:48:04.475+0000] {dag.py:3096} INFO - Sync 1 DAGs
[2024-06-18T09:48:04.487+0000] {logging_mixin.py:188} INFO - [2024-06-18T09:48:04.487+0000] {dag.py:3954} INFO - Setting next_dagrun for example_bash_operator to 2024-06-17 00:00:00+00:00, run_after=2024-06-18 00:00:00+00:00
[2024-06-18T09:48:04.497+0000] {processor.py:183} INFO - Processing /home/airflow/.local/lib/python3.12/site-packages/airflow/example_dags/example_bash_operator.py took 0.048 seconds
[2024-06-18T09:48:35.262+0000] {processor.py:161} INFO - Started process (PID=8335) to work on /home/airflow/.local/lib/python3.12/site-packages/airflow/example_dags/example_bash_operator.py
[2024-06-18T09:48:35.263+0000] {processor.py:830} INFO - Processing file /home/airflow/.local/lib/python3.12/site-packages/airflow/example_dags/example_bash_operator.py for tasks to queue
[2024-06-18T09:48:35.263+0000] {logging_mixin.py:188} INFO - [2024-06-18T09:48:35.263+0000] {dagbag.py:545} INFO - Filling up the DagBag from /home/airflow/.local/lib/python3.12/site-packages/airflow/example_dags/example_bash_operator.py
[2024-06-18T09:48:35.269+0000] {processor.py:840} INFO - DAG(s) 'example_bash_operator' retrieved from /home/airflow/.local/lib/python3.12/site-packages/airflow/example_dags/example_bash_operator.py
[2024-06-18T09:48:35.284+0000] {logging_mixin.py:188} INFO - [2024-06-18T09:48:35.284+0000] {dag.py:3096} INFO - Sync 1 DAGs
[2024-06-18T09:48:35.297+0000] {logging_mixin.py:188} INFO - [2024-06-18T09:48:35.297+0000] {dag.py:3954} INFO - Setting next_dagrun for example_bash_operator to 2024-06-17 00:00:00+00:00, run_after=2024-06-18 00:00:00+00:00
[2024-06-18T09:48:35.307+0000] {processor.py:183} INFO - Processing /home/airflow/.local/lib/python3.12/site-packages/airflow/example_dags/example_bash_operator.py took 0.048 seconds
[2024-06-18T09:49:06.014+0000] {processor.py:161} INFO - Started process (PID=8595) to work on /home/airflow/.local/lib/python3.12/site-packages/airflow/example_dags/example_bash_operator.py
[2024-06-18T09:49:06.014+0000] {processor.py:830} INFO - Processing file /home/airflow/.local/lib/python3.12/site-packages/airflow/example_dags/example_bash_operator.py for tasks to queue
[2024-06-18T09:49:06.015+0000] {logging_mixin.py:188} INFO - [2024-06-18T09:49:06.015+0000] {dagbag.py:545} INFO - Filling up the DagBag from /home/airflow/.local/lib/python3.12/site-packages/airflow/example_dags/example_bash_operator.py
[2024-06-18T09:49:06.021+0000] {processor.py:840} INFO - DAG(s) 'example_bash_operator' retrieved from /home/airflow/.local/lib/python3.12/site-packages/airflow/example_dags/example_bash_operator.py
[2024-06-18T09:49:06.037+0000] {logging_mixin.py:188} INFO - [2024-06-18T09:49:06.037+0000] {dag.py:3096} INFO - Sync 1 DAGs
[2024-06-18T09:49:06.050+0000] {logging_mixin.py:188} INFO - [2024-06-18T09:49:06.050+0000] {dag.py:3954} INFO - Setting next_dagrun for example_bash_operator to 2024-06-17 00:00:00+00:00, run_after=2024-06-18 00:00:00+00:00
[2024-06-18T09:49:06.061+0000] {processor.py:183} INFO - Processing /home/airflow/.local/lib/python3.12/site-packages/airflow/example_dags/example_bash_operator.py took 0.051 seconds
[2024-06-18T09:49:36.173+0000] {processor.py:161} INFO - Started process (PID=8857) to work on /home/airflow/.local/lib/python3.12/site-packages/airflow/example_dags/example_bash_operator.py
[2024-06-18T09:49:36.173+0000] {processor.py:830} INFO - Processing file /home/airflow/.local/lib/python3.12/site-packages/airflow/example_dags/example_bash_operator.py for tasks to queue
[2024-06-18T09:49:36.174+0000] {logging_mixin.py:188} INFO - [2024-06-18T09:49:36.174+0000] {dagbag.py:545} INFO - Filling up the DagBag from /home/airflow/.local/lib/python3.12/site-packages/airflow/example_dags/example_bash_operator.py
[2024-06-18T09:49:36.181+0000] {processor.py:840} INFO - DAG(s) 'example_bash_operator' retrieved from /home/airflow/.local/lib/python3.12/site-packages/airflow/example_dags/example_bash_operator.py
[2024-06-18T09:49:36.200+0000] {logging_mixin.py:188} INFO - [2024-06-18T09:49:36.199+0000] {dag.py:3096} INFO - Sync 1 DAGs
[2024-06-18T09:49:36.215+0000] {logging_mixin.py:188} INFO - [2024-06-18T09:49:36.215+0000] {dag.py:3954} INFO - Setting next_dagrun for example_bash_operator to 2024-06-17 00:00:00+00:00, run_after=2024-06-18 00:00:00+00:00
[2024-06-18T09:49:36.228+0000] {processor.py:183} INFO - Processing /home/airflow/.local/lib/python3.12/site-packages/airflow/example_dags/example_bash_operator.py took 0.059 seconds
[2024-06-18T09:50:06.394+0000] {processor.py:161} INFO - Started process (PID=9119) to work on /home/airflow/.local/lib/python3.12/site-packages/airflow/example_dags/example_bash_operator.py
[2024-06-18T09:50:06.394+0000] {processor.py:830} INFO - Processing file /home/airflow/.local/lib/python3.12/site-packages/airflow/example_dags/example_bash_operator.py for tasks to queue
[2024-06-18T09:50:06.395+0000] {logging_mixin.py:188} INFO - [2024-06-18T09:50:06.395+0000] {dagbag.py:545} INFO - Filling up the DagBag from /home/airflow/.local/lib/python3.12/site-packages/airflow/example_dags/example_bash_operator.py
[2024-06-18T09:50:06.401+0000] {processor.py:840} INFO - DAG(s) 'example_bash_operator' retrieved from /home/airflow/.local/lib/python3.12/site-packages/airflow/example_dags/example_bash_operator.py
[2024-06-18T09:50:06.417+0000] {logging_mixin.py:188} INFO - [2024-06-18T09:50:06.417+0000] {dag.py:3096} INFO - Sync 1 DAGs
[2024-06-18T09:50:06.429+0000] {logging_mixin.py:188} INFO - [2024-06-18T09:50:06.429+0000] {dag.py:3954} INFO - Setting next_dagrun for example_bash_operator to 2024-06-17 00:00:00+00:00, run_after=2024-06-18 00:00:00+00:00
[2024-06-18T09:50:06.441+0000] {processor.py:183} INFO - Processing /home/airflow/.local/lib/python3.12/site-packages/airflow/example_dags/example_bash_operator.py took 0.051 seconds
[2024-06-18T09:50:36.551+0000] {processor.py:161} INFO - Started process (PID=9381) to work on /home/airflow/.local/lib/python3.12/site-packages/airflow/example_dags/example_bash_operator.py
[2024-06-18T09:50:36.552+0000] {processor.py:830} INFO - Processing file /home/airflow/.local/lib/python3.12/site-packages/airflow/example_dags/example_bash_operator.py for tasks to queue
[2024-06-18T09:50:36.552+0000] {logging_mixin.py:188} INFO - [2024-06-18T09:50:36.552+0000] {dagbag.py:545} INFO - Filling up the DagBag from /home/airflow/.local/lib/python3.12/site-packages/airflow/example_dags/example_bash_operator.py
[2024-06-18T09:50:36.559+0000] {processor.py:840} INFO - DAG(s) 'example_bash_operator' retrieved from /home/airflow/.local/lib/python3.12/site-packages/airflow/example_dags/example_bash_operator.py
[2024-06-18T09:50:36.575+0000] {logging_mixin.py:188} INFO - [2024-06-18T09:50:36.574+0000] {dag.py:3096} INFO - Sync 1 DAGs
[2024-06-18T09:50:36.587+0000] {logging_mixin.py:188} INFO - [2024-06-18T09:50:36.587+0000] {dag.py:3954} INFO - Setting next_dagrun for example_bash_operator to 2024-06-17 00:00:00+00:00, run_after=2024-06-18 00:00:00+00:00
[2024-06-18T09:50:36.600+0000] {processor.py:183} INFO - Processing /home/airflow/.local/lib/python3.12/site-packages/airflow/example_dags/example_bash_operator.py took 0.053 seconds
[2024-06-18T09:51:06.627+0000] {processor.py:161} INFO - Started process (PID=9643) to work on /home/airflow/.local/lib/python3.12/site-packages/airflow/example_dags/example_bash_operator.py
[2024-06-18T09:51:06.629+0000] {processor.py:830} INFO - Processing file /home/airflow/.local/lib/python3.12/site-packages/airflow/example_dags/example_bash_operator.py for tasks to queue
[2024-06-18T09:51:06.630+0000] {logging_mixin.py:188} INFO - [2024-06-18T09:51:06.630+0000] {dagbag.py:545} INFO - Filling up the DagBag from /home/airflow/.local/lib/python3.12/site-packages/airflow/example_dags/example_bash_operator.py
[2024-06-18T09:51:06.636+0000] {processor.py:840} INFO - DAG(s) 'example_bash_operator' retrieved from /home/airflow/.local/lib/python3.12/site-packages/airflow/example_dags/example_bash_operator.py
[2024-06-18T09:51:06.653+0000] {logging_mixin.py:188} INFO - [2024-06-18T09:51:06.653+0000] {dag.py:3096} INFO - Sync 1 DAGs
[2024-06-18T09:51:06.666+0000] {logging_mixin.py:188} INFO - [2024-06-18T09:51:06.666+0000] {dag.py:3954} INFO - Setting next_dagrun for example_bash_operator to 2024-06-17 00:00:00+00:00, run_after=2024-06-18 00:00:00+00:00
[2024-06-18T09:51:06.678+0000] {processor.py:183} INFO - Processing /home/airflow/.local/lib/python3.12/site-packages/airflow/example_dags/example_bash_operator.py took 0.054 seconds
[2024-06-18T09:51:36.946+0000] {processor.py:161} INFO - Started process (PID=9905) to work on /home/airflow/.local/lib/python3.12/site-packages/airflow/example_dags/example_bash_operator.py
[2024-06-18T09:51:36.947+0000] {processor.py:830} INFO - Processing file /home/airflow/.local/lib/python3.12/site-packages/airflow/example_dags/example_bash_operator.py for tasks to queue
[2024-06-18T09:51:36.947+0000] {logging_mixin.py:188} INFO - [2024-06-18T09:51:36.947+0000] {dagbag.py:545} INFO - Filling up the DagBag from /home/airflow/.local/lib/python3.12/site-packages/airflow/example_dags/example_bash_operator.py
[2024-06-18T09:51:36.953+0000] {processor.py:840} INFO - DAG(s) 'example_bash_operator' retrieved from /home/airflow/.local/lib/python3.12/site-packages/airflow/example_dags/example_bash_operator.py
[2024-06-18T09:51:36.968+0000] {logging_mixin.py:188} INFO - [2024-06-18T09:51:36.968+0000] {dag.py:3096} INFO - Sync 1 DAGs
[2024-06-18T09:51:36.981+0000] {logging_mixin.py:188} INFO - [2024-06-18T09:51:36.981+0000] {dag.py:3954} INFO - Setting next_dagrun for example_bash_operator to 2024-06-17 00:00:00+00:00, run_after=2024-06-18 00:00:00+00:00
[2024-06-18T09:51:36.993+0000] {processor.py:183} INFO - Processing /home/airflow/.local/lib/python3.12/site-packages/airflow/example_dags/example_bash_operator.py took 0.051 seconds
[2024-06-18T09:52:07.648+0000] {processor.py:161} INFO - Started process (PID=10167) to work on /home/airflow/.local/lib/python3.12/site-packages/airflow/example_dags/example_bash_operator.py
[2024-06-18T09:52:07.648+0000] {processor.py:830} INFO - Processing file /home/airflow/.local/lib/python3.12/site-packages/airflow/example_dags/example_bash_operator.py for tasks to queue
[2024-06-18T09:52:07.649+0000] {logging_mixin.py:188} INFO - [2024-06-18T09:52:07.649+0000] {dagbag.py:545} INFO - Filling up the DagBag from /home/airflow/.local/lib/python3.12/site-packages/airflow/example_dags/example_bash_operator.py
[2024-06-18T09:52:07.656+0000] {processor.py:840} INFO - DAG(s) 'example_bash_operator' retrieved from /home/airflow/.local/lib/python3.12/site-packages/airflow/example_dags/example_bash_operator.py
[2024-06-18T09:52:07.672+0000] {logging_mixin.py:188} INFO - [2024-06-18T09:52:07.672+0000] {dag.py:3096} INFO - Sync 1 DAGs
[2024-06-18T09:52:07.684+0000] {logging_mixin.py:188} INFO - [2024-06-18T09:52:07.684+0000] {dag.py:3954} INFO - Setting next_dagrun for example_bash_operator to 2024-06-17 00:00:00+00:00, run_after=2024-06-18 00:00:00+00:00
[2024-06-18T09:52:07.694+0000] {processor.py:183} INFO - Processing /home/airflow/.local/lib/python3.12/site-packages/airflow/example_dags/example_bash_operator.py took 0.050 seconds
[2024-06-18T09:52:37.923+0000] {processor.py:161} INFO - Started process (PID=10429) to work on /home/airflow/.local/lib/python3.12/site-packages/airflow/example_dags/example_bash_operator.py
[2024-06-18T09:52:37.924+0000] {processor.py:830} INFO - Processing file /home/airflow/.local/lib/python3.12/site-packages/airflow/example_dags/example_bash_operator.py for tasks to queue
[2024-06-18T09:52:37.925+0000] {logging_mixin.py:188} INFO - [2024-06-18T09:52:37.925+0000] {dagbag.py:545} INFO - Filling up the DagBag from /home/airflow/.local/lib/python3.12/site-packages/airflow/example_dags/example_bash_operator.py
[2024-06-18T09:52:37.932+0000] {processor.py:840} INFO - DAG(s) 'example_bash_operator' retrieved from /home/airflow/.local/lib/python3.12/site-packages/airflow/example_dags/example_bash_operator.py
[2024-06-18T09:52:37.947+0000] {logging_mixin.py:188} INFO - [2024-06-18T09:52:37.947+0000] {dag.py:3096} INFO - Sync 1 DAGs
[2024-06-18T09:52:37.959+0000] {logging_mixin.py:188} INFO - [2024-06-18T09:52:37.959+0000] {dag.py:3954} INFO - Setting next_dagrun for example_bash_operator to 2024-06-17 00:00:00+00:00, run_after=2024-06-18 00:00:00+00:00
[2024-06-18T09:52:37.969+0000] {processor.py:183} INFO - Processing /home/airflow/.local/lib/python3.12/site-packages/airflow/example_dags/example_bash_operator.py took 0.049 seconds
[2024-06-18T09:53:08.390+0000] {processor.py:161} INFO - Started process (PID=10691) to work on /home/airflow/.local/lib/python3.12/site-packages/airflow/example_dags/example_bash_operator.py
[2024-06-18T09:53:08.391+0000] {processor.py:830} INFO - Processing file /home/airflow/.local/lib/python3.12/site-packages/airflow/example_dags/example_bash_operator.py for tasks to queue
[2024-06-18T09:53:08.391+0000] {logging_mixin.py:188} INFO - [2024-06-18T09:53:08.391+0000] {dagbag.py:545} INFO - Filling up the DagBag from /home/airflow/.local/lib/python3.12/site-packages/airflow/example_dags/example_bash_operator.py
[2024-06-18T09:53:08.498+0000] {processor.py:840} INFO - DAG(s) 'example_bash_operator' retrieved from /home/airflow/.local/lib/python3.12/site-packages/airflow/example_dags/example_bash_operator.py
[2024-06-18T09:53:08.516+0000] {logging_mixin.py:188} INFO - [2024-06-18T09:53:08.516+0000] {dag.py:3096} INFO - Sync 1 DAGs
[2024-06-18T09:53:08.529+0000] {logging_mixin.py:188} INFO - [2024-06-18T09:53:08.529+0000] {dag.py:3954} INFO - Setting next_dagrun for example_bash_operator to 2024-06-17 00:00:00+00:00, run_after=2024-06-18 00:00:00+00:00
[2024-06-18T09:53:08.540+0000] {processor.py:183} INFO - Processing /home/airflow/.local/lib/python3.12/site-packages/airflow/example_dags/example_bash_operator.py took 0.154 seconds
[2024-06-18T09:53:38.928+0000] {processor.py:161} INFO - Started process (PID=10953) to work on /home/airflow/.local/lib/python3.12/site-packages/airflow/example_dags/example_bash_operator.py
[2024-06-18T09:53:38.928+0000] {processor.py:830} INFO - Processing file /home/airflow/.local/lib/python3.12/site-packages/airflow/example_dags/example_bash_operator.py for tasks to queue
[2024-06-18T09:53:38.929+0000] {logging_mixin.py:188} INFO - [2024-06-18T09:53:38.929+0000] {dagbag.py:545} INFO - Filling up the DagBag from /home/airflow/.local/lib/python3.12/site-packages/airflow/example_dags/example_bash_operator.py
[2024-06-18T09:53:38.936+0000] {processor.py:840} INFO - DAG(s) 'example_bash_operator' retrieved from /home/airflow/.local/lib/python3.12/site-packages/airflow/example_dags/example_bash_operator.py
[2024-06-18T09:53:38.951+0000] {logging_mixin.py:188} INFO - [2024-06-18T09:53:38.951+0000] {dag.py:3096} INFO - Sync 1 DAGs
[2024-06-18T09:53:38.964+0000] {logging_mixin.py:188} INFO - [2024-06-18T09:53:38.964+0000] {dag.py:3954} INFO - Setting next_dagrun for example_bash_operator to 2024-06-17 00:00:00+00:00, run_after=2024-06-18 00:00:00+00:00
[2024-06-18T09:53:38.976+0000] {processor.py:183} INFO - Processing /home/airflow/.local/lib/python3.12/site-packages/airflow/example_dags/example_bash_operator.py took 0.052 seconds
[2024-06-18T09:54:09.062+0000] {processor.py:161} INFO - Started process (PID=11215) to work on /home/airflow/.local/lib/python3.12/site-packages/airflow/example_dags/example_bash_operator.py
[2024-06-18T09:54:09.063+0000] {processor.py:830} INFO - Processing file /home/airflow/.local/lib/python3.12/site-packages/airflow/example_dags/example_bash_operator.py for tasks to queue
[2024-06-18T09:54:09.064+0000] {logging_mixin.py:188} INFO - [2024-06-18T09:54:09.064+0000] {dagbag.py:545} INFO - Filling up the DagBag from /home/airflow/.local/lib/python3.12/site-packages/airflow/example_dags/example_bash_operator.py
[2024-06-18T09:54:09.070+0000] {processor.py:840} INFO - DAG(s) 'example_bash_operator' retrieved from /home/airflow/.local/lib/python3.12/site-packages/airflow/example_dags/example_bash_operator.py
[2024-06-18T09:54:09.087+0000] {logging_mixin.py:188} INFO - [2024-06-18T09:54:09.087+0000] {dag.py:3096} INFO - Sync 1 DAGs
[2024-06-18T09:54:09.101+0000] {logging_mixin.py:188} INFO - [2024-06-18T09:54:09.101+0000] {dag.py:3954} INFO - Setting next_dagrun for example_bash_operator to 2024-06-17 00:00:00+00:00, run_after=2024-06-18 00:00:00+00:00
[2024-06-18T09:54:09.112+0000] {processor.py:183} INFO - Processing /home/airflow/.local/lib/python3.12/site-packages/airflow/example_dags/example_bash_operator.py took 0.054 seconds
[2024-06-18T09:54:39.164+0000] {processor.py:161} INFO - Started process (PID=11477) to work on /home/airflow/.local/lib/python3.12/site-packages/airflow/example_dags/example_bash_operator.py
[2024-06-18T09:54:39.164+0000] {processor.py:830} INFO - Processing file /home/airflow/.local/lib/python3.12/site-packages/airflow/example_dags/example_bash_operator.py for tasks to queue
[2024-06-18T09:54:39.165+0000] {logging_mixin.py:188} INFO - [2024-06-18T09:54:39.165+0000] {dagbag.py:545} INFO - Filling up the DagBag from /home/airflow/.local/lib/python3.12/site-packages/airflow/example_dags/example_bash_operator.py
[2024-06-18T09:54:39.171+0000] {processor.py:840} INFO - DAG(s) 'example_bash_operator' retrieved from /home/airflow/.local/lib/python3.12/site-packages/airflow/example_dags/example_bash_operator.py
[2024-06-18T09:54:39.187+0000] {logging_mixin.py:188} INFO - [2024-06-18T09:54:39.187+0000] {dag.py:3096} INFO - Sync 1 DAGs
[2024-06-18T09:54:39.200+0000] {logging_mixin.py:188} INFO - [2024-06-18T09:54:39.200+0000] {dag.py:3954} INFO - Setting next_dagrun for example_bash_operator to 2024-06-17 00:00:00+00:00, run_after=2024-06-18 00:00:00+00:00
[2024-06-18T09:54:39.211+0000] {processor.py:183} INFO - Processing /home/airflow/.local/lib/python3.12/site-packages/airflow/example_dags/example_bash_operator.py took 0.051 seconds
[2024-06-18T09:55:09.357+0000] {processor.py:161} INFO - Started process (PID=11739) to work on /home/airflow/.local/lib/python3.12/site-packages/airflow/example_dags/example_bash_operator.py
[2024-06-18T09:55:09.358+0000] {processor.py:830} INFO - Processing file /home/airflow/.local/lib/python3.12/site-packages/airflow/example_dags/example_bash_operator.py for tasks to queue
[2024-06-18T09:55:09.358+0000] {logging_mixin.py:188} INFO - [2024-06-18T09:55:09.358+0000] {dagbag.py:545} INFO - Filling up the DagBag from /home/airflow/.local/lib/python3.12/site-packages/airflow/example_dags/example_bash_operator.py
[2024-06-18T09:55:09.365+0000] {processor.py:840} INFO - DAG(s) 'example_bash_operator' retrieved from /home/airflow/.local/lib/python3.12/site-packages/airflow/example_dags/example_bash_operator.py
[2024-06-18T09:55:09.382+0000] {logging_mixin.py:188} INFO - [2024-06-18T09:55:09.382+0000] {dag.py:3096} INFO - Sync 1 DAGs
[2024-06-18T09:55:09.398+0000] {logging_mixin.py:188} INFO - [2024-06-18T09:55:09.397+0000] {dag.py:3954} INFO - Setting next_dagrun for example_bash_operator to 2024-06-17 00:00:00+00:00, run_after=2024-06-18 00:00:00+00:00
[2024-06-18T09:55:09.410+0000] {processor.py:183} INFO - Processing /home/airflow/.local/lib/python3.12/site-packages/airflow/example_dags/example_bash_operator.py took 0.057 seconds
[2024-06-18T09:55:39.464+0000] {processor.py:161} INFO - Started process (PID=12001) to work on /home/airflow/.local/lib/python3.12/site-packages/airflow/example_dags/example_bash_operator.py
[2024-06-18T09:55:39.464+0000] {processor.py:830} INFO - Processing file /home/airflow/.local/lib/python3.12/site-packages/airflow/example_dags/example_bash_operator.py for tasks to queue
[2024-06-18T09:55:39.465+0000] {logging_mixin.py:188} INFO - [2024-06-18T09:55:39.465+0000] {dagbag.py:545} INFO - Filling up the DagBag from /home/airflow/.local/lib/python3.12/site-packages/airflow/example_dags/example_bash_operator.py
[2024-06-18T09:55:39.471+0000] {processor.py:840} INFO - DAG(s) 'example_bash_operator' retrieved from /home/airflow/.local/lib/python3.12/site-packages/airflow/example_dags/example_bash_operator.py
[2024-06-18T09:55:39.486+0000] {logging_mixin.py:188} INFO - [2024-06-18T09:55:39.486+0000] {dag.py:3096} INFO - Sync 1 DAGs
[2024-06-18T09:55:39.499+0000] {logging_mixin.py:188} INFO - [2024-06-18T09:55:39.499+0000] {dag.py:3954} INFO - Setting next_dagrun for example_bash_operator to 2024-06-17 00:00:00+00:00, run_after=2024-06-18 00:00:00+00:00
[2024-06-18T09:55:39.510+0000] {processor.py:183} INFO - Processing /home/airflow/.local/lib/python3.12/site-packages/airflow/example_dags/example_bash_operator.py took 0.049 seconds
[2024-06-18T09:56:10.256+0000] {processor.py:161} INFO - Started process (PID=12263) to work on /home/airflow/.local/lib/python3.12/site-packages/airflow/example_dags/example_bash_operator.py
[2024-06-18T09:56:10.256+0000] {processor.py:830} INFO - Processing file /home/airflow/.local/lib/python3.12/site-packages/airflow/example_dags/example_bash_operator.py for tasks to queue
[2024-06-18T09:56:10.257+0000] {logging_mixin.py:188} INFO - [2024-06-18T09:56:10.257+0000] {dagbag.py:545} INFO - Filling up the DagBag from /home/airflow/.local/lib/python3.12/site-packages/airflow/example_dags/example_bash_operator.py
[2024-06-18T09:56:10.264+0000] {processor.py:840} INFO - DAG(s) 'example_bash_operator' retrieved from /home/airflow/.local/lib/python3.12/site-packages/airflow/example_dags/example_bash_operator.py
[2024-06-18T09:56:10.278+0000] {logging_mixin.py:188} INFO - [2024-06-18T09:56:10.278+0000] {dag.py:3096} INFO - Sync 1 DAGs
[2024-06-18T09:56:10.291+0000] {logging_mixin.py:188} INFO - [2024-06-18T09:56:10.291+0000] {dag.py:3954} INFO - Setting next_dagrun for example_bash_operator to 2024-06-17 00:00:00+00:00, run_after=2024-06-18 00:00:00+00:00
[2024-06-18T09:56:10.302+0000] {processor.py:183} INFO - Processing /home/airflow/.local/lib/python3.12/site-packages/airflow/example_dags/example_bash_operator.py took 0.051 seconds
[2024-06-18T09:56:41.008+0000] {processor.py:161} INFO - Started process (PID=12525) to work on /home/airflow/.local/lib/python3.12/site-packages/airflow/example_dags/example_bash_operator.py
[2024-06-18T09:56:41.008+0000] {processor.py:830} INFO - Processing file /home/airflow/.local/lib/python3.12/site-packages/airflow/example_dags/example_bash_operator.py for tasks to queue
[2024-06-18T09:56:41.009+0000] {logging_mixin.py:188} INFO - [2024-06-18T09:56:41.009+0000] {dagbag.py:545} INFO - Filling up the DagBag from /home/airflow/.local/lib/python3.12/site-packages/airflow/example_dags/example_bash_operator.py
[2024-06-18T09:56:41.015+0000] {processor.py:840} INFO - DAG(s) 'example_bash_operator' retrieved from /home/airflow/.local/lib/python3.12/site-packages/airflow/example_dags/example_bash_operator.py
[2024-06-18T09:56:41.030+0000] {logging_mixin.py:188} INFO - [2024-06-18T09:56:41.030+0000] {dag.py:3096} INFO - Sync 1 DAGs
[2024-06-18T09:56:41.042+0000] {logging_mixin.py:188} INFO - [2024-06-18T09:56:41.042+0000] {dag.py:3954} INFO - Setting next_dagrun for example_bash_operator to 2024-06-17 00:00:00+00:00, run_after=2024-06-18 00:00:00+00:00
[2024-06-18T09:56:41.054+0000] {processor.py:183} INFO - Processing /home/airflow/.local/lib/python3.12/site-packages/airflow/example_dags/example_bash_operator.py took 0.051 seconds
[2024-06-18T09:57:11.098+0000] {processor.py:161} INFO - Started process (PID=12787) to work on /home/airflow/.local/lib/python3.12/site-packages/airflow/example_dags/example_bash_operator.py
[2024-06-18T09:57:11.098+0000] {processor.py:830} INFO - Processing file /home/airflow/.local/lib/python3.12/site-packages/airflow/example_dags/example_bash_operator.py for tasks to queue
[2024-06-18T09:57:11.099+0000] {logging_mixin.py:188} INFO - [2024-06-18T09:57:11.099+0000] {dagbag.py:545} INFO - Filling up the DagBag from /home/airflow/.local/lib/python3.12/site-packages/airflow/example_dags/example_bash_operator.py
[2024-06-18T09:57:11.105+0000] {processor.py:840} INFO - DAG(s) 'example_bash_operator' retrieved from /home/airflow/.local/lib/python3.12/site-packages/airflow/example_dags/example_bash_operator.py
[2024-06-18T09:57:11.121+0000] {logging_mixin.py:188} INFO - [2024-06-18T09:57:11.121+0000] {dag.py:3096} INFO - Sync 1 DAGs
[2024-06-18T09:57:11.135+0000] {logging_mixin.py:188} INFO - [2024-06-18T09:57:11.135+0000] {dag.py:3954} INFO - Setting next_dagrun for example_bash_operator to 2024-06-17 00:00:00+00:00, run_after=2024-06-18 00:00:00+00:00
[2024-06-18T09:57:11.147+0000] {processor.py:183} INFO - Processing /home/airflow/.local/lib/python3.12/site-packages/airflow/example_dags/example_bash_operator.py took 0.052 seconds
[2024-06-18T09:57:42.088+0000] {processor.py:161} INFO - Started process (PID=13045) to work on /home/airflow/.local/lib/python3.12/site-packages/airflow/example_dags/example_bash_operator.py
[2024-06-18T09:57:42.089+0000] {processor.py:830} INFO - Processing file /home/airflow/.local/lib/python3.12/site-packages/airflow/example_dags/example_bash_operator.py for tasks to queue
[2024-06-18T09:57:42.091+0000] {logging_mixin.py:188} INFO - [2024-06-18T09:57:42.090+0000] {dagbag.py:545} INFO - Filling up the DagBag from /home/airflow/.local/lib/python3.12/site-packages/airflow/example_dags/example_bash_operator.py
[2024-06-18T09:57:42.101+0000] {processor.py:840} INFO - DAG(s) 'example_bash_operator' retrieved from /home/airflow/.local/lib/python3.12/site-packages/airflow/example_dags/example_bash_operator.py
[2024-06-18T09:57:42.127+0000] {logging_mixin.py:188} INFO - [2024-06-18T09:57:42.126+0000] {dag.py:3096} INFO - Sync 1 DAGs
[2024-06-18T09:57:42.149+0000] {logging_mixin.py:188} INFO - [2024-06-18T09:57:42.148+0000] {dag.py:3954} INFO - Setting next_dagrun for example_bash_operator to 2024-06-17 00:00:00+00:00, run_after=2024-06-18 00:00:00+00:00
[2024-06-18T09:57:42.164+0000] {processor.py:183} INFO - Processing /home/airflow/.local/lib/python3.12/site-packages/airflow/example_dags/example_bash_operator.py took 0.082 seconds
[2024-06-18T09:58:12.208+0000] {processor.py:161} INFO - Started process (PID=13305) to work on /home/airflow/.local/lib/python3.12/site-packages/airflow/example_dags/example_bash_operator.py
[2024-06-18T09:58:12.209+0000] {processor.py:830} INFO - Processing file /home/airflow/.local/lib/python3.12/site-packages/airflow/example_dags/example_bash_operator.py for tasks to queue
[2024-06-18T09:58:12.210+0000] {logging_mixin.py:188} INFO - [2024-06-18T09:58:12.210+0000] {dagbag.py:545} INFO - Filling up the DagBag from /home/airflow/.local/lib/python3.12/site-packages/airflow/example_dags/example_bash_operator.py
[2024-06-18T09:58:12.216+0000] {processor.py:840} INFO - DAG(s) 'example_bash_operator' retrieved from /home/airflow/.local/lib/python3.12/site-packages/airflow/example_dags/example_bash_operator.py
[2024-06-18T09:58:12.232+0000] {logging_mixin.py:188} INFO - [2024-06-18T09:58:12.231+0000] {dag.py:3096} INFO - Sync 1 DAGs
[2024-06-18T09:58:12.245+0000] {logging_mixin.py:188} INFO - [2024-06-18T09:58:12.245+0000] {dag.py:3954} INFO - Setting next_dagrun for example_bash_operator to 2024-06-17 00:00:00+00:00, run_after=2024-06-18 00:00:00+00:00
[2024-06-18T09:58:12.257+0000] {processor.py:183} INFO - Processing /home/airflow/.local/lib/python3.12/site-packages/airflow/example_dags/example_bash_operator.py took 0.053 seconds
[2024-06-18T09:58:43.077+0000] {processor.py:161} INFO - Started process (PID=13567) to work on /home/airflow/.local/lib/python3.12/site-packages/airflow/example_dags/example_bash_operator.py
[2024-06-18T09:58:43.077+0000] {processor.py:830} INFO - Processing file /home/airflow/.local/lib/python3.12/site-packages/airflow/example_dags/example_bash_operator.py for tasks to queue
[2024-06-18T09:58:43.078+0000] {logging_mixin.py:188} INFO - [2024-06-18T09:58:43.078+0000] {dagbag.py:545} INFO - Filling up the DagBag from /home/airflow/.local/lib/python3.12/site-packages/airflow/example_dags/example_bash_operator.py
[2024-06-18T09:58:43.084+0000] {processor.py:840} INFO - DAG(s) 'example_bash_operator' retrieved from /home/airflow/.local/lib/python3.12/site-packages/airflow/example_dags/example_bash_operator.py
[2024-06-18T09:58:43.100+0000] {logging_mixin.py:188} INFO - [2024-06-18T09:58:43.100+0000] {dag.py:3096} INFO - Sync 1 DAGs
[2024-06-18T09:58:43.113+0000] {logging_mixin.py:188} INFO - [2024-06-18T09:58:43.112+0000] {dag.py:3954} INFO - Setting next_dagrun for example_bash_operator to 2024-06-17 00:00:00+00:00, run_after=2024-06-18 00:00:00+00:00
[2024-06-18T09:58:43.123+0000] {processor.py:183} INFO - Processing /home/airflow/.local/lib/python3.12/site-packages/airflow/example_dags/example_bash_operator.py took 0.050 seconds
[2024-06-18T09:59:13.311+0000] {processor.py:161} INFO - Started process (PID=13829) to work on /home/airflow/.local/lib/python3.12/site-packages/airflow/example_dags/example_bash_operator.py
[2024-06-18T09:59:13.311+0000] {processor.py:830} INFO - Processing file /home/airflow/.local/lib/python3.12/site-packages/airflow/example_dags/example_bash_operator.py for tasks to queue
[2024-06-18T09:59:13.312+0000] {logging_mixin.py:188} INFO - [2024-06-18T09:59:13.312+0000] {dagbag.py:545} INFO - Filling up the DagBag from /home/airflow/.local/lib/python3.12/site-packages/airflow/example_dags/example_bash_operator.py
[2024-06-18T09:59:13.318+0000] {processor.py:840} INFO - DAG(s) 'example_bash_operator' retrieved from /home/airflow/.local/lib/python3.12/site-packages/airflow/example_dags/example_bash_operator.py
[2024-06-18T09:59:13.334+0000] {logging_mixin.py:188} INFO - [2024-06-18T09:59:13.334+0000] {dag.py:3096} INFO - Sync 1 DAGs
[2024-06-18T09:59:13.348+0000] {logging_mixin.py:188} INFO - [2024-06-18T09:59:13.347+0000] {dag.py:3954} INFO - Setting next_dagrun for example_bash_operator to 2024-06-17 00:00:00+00:00, run_after=2024-06-18 00:00:00+00:00
[2024-06-18T09:59:13.359+0000] {processor.py:183} INFO - Processing /home/airflow/.local/lib/python3.12/site-packages/airflow/example_dags/example_bash_operator.py took 0.052 seconds
[2024-06-18T09:59:44.324+0000] {processor.py:161} INFO - Started process (PID=14093) to work on /home/airflow/.local/lib/python3.12/site-packages/airflow/example_dags/example_bash_operator.py
[2024-06-18T09:59:44.325+0000] {processor.py:830} INFO - Processing file /home/airflow/.local/lib/python3.12/site-packages/airflow/example_dags/example_bash_operator.py for tasks to queue
[2024-06-18T09:59:44.326+0000] {logging_mixin.py:188} INFO - [2024-06-18T09:59:44.326+0000] {dagbag.py:545} INFO - Filling up the DagBag from /home/airflow/.local/lib/python3.12/site-packages/airflow/example_dags/example_bash_operator.py
[2024-06-18T09:59:44.332+0000] {processor.py:840} INFO - DAG(s) 'example_bash_operator' retrieved from /home/airflow/.local/lib/python3.12/site-packages/airflow/example_dags/example_bash_operator.py
[2024-06-18T09:59:44.349+0000] {logging_mixin.py:188} INFO - [2024-06-18T09:59:44.348+0000] {dag.py:3096} INFO - Sync 1 DAGs
[2024-06-18T09:59:44.361+0000] {logging_mixin.py:188} INFO - [2024-06-18T09:59:44.361+0000] {dag.py:3954} INFO - Setting next_dagrun for example_bash_operator to 2024-06-17 00:00:00+00:00, run_after=2024-06-18 00:00:00+00:00
[2024-06-18T09:59:44.374+0000] {processor.py:183} INFO - Processing /home/airflow/.local/lib/python3.12/site-packages/airflow/example_dags/example_bash_operator.py took 0.054 seconds
