[2024-06-18T09:32:54.643+0000] {processor.py:161} INFO - Started process (PID=346) to work on /home/airflow/.local/lib/python3.12/site-packages/airflow/example_dags/tutorial_dag.py
[2024-06-18T09:32:54.644+0000] {processor.py:830} INFO - Processing file /home/airflow/.local/lib/python3.12/site-packages/airflow/example_dags/tutorial_dag.py for tasks to queue
[2024-06-18T09:32:54.644+0000] {logging_mixin.py:188} INFO - [2024-06-18T09:32:54.644+0000] {dagbag.py:545} INFO - Filling up the DagBag from /home/airflow/.local/lib/python3.12/site-packages/airflow/example_dags/tutorial_dag.py
[2024-06-18T09:32:54.647+0000] {processor.py:840} INFO - DAG(s) 'tutorial_dag' retrieved from /home/airflow/.local/lib/python3.12/site-packages/airflow/example_dags/tutorial_dag.py
[2024-06-18T09:32:54.654+0000] {logging_mixin.py:188} INFO - [2024-06-18T09:32:54.654+0000] {dag.py:3096} INFO - Sync 1 DAGs
[2024-06-18T09:32:54.662+0000] {logging_mixin.py:188} INFO - [2024-06-18T09:32:54.662+0000] {dag.py:3954} INFO - Setting next_dagrun for tutorial_dag to None, run_after=None
[2024-06-18T09:32:54.673+0000] {processor.py:183} INFO - Processing /home/airflow/.local/lib/python3.12/site-packages/airflow/example_dags/tutorial_dag.py took 0.033 seconds
[2024-06-18T09:33:26.178+0000] {processor.py:161} INFO - Started process (PID=608) to work on /home/airflow/.local/lib/python3.12/site-packages/airflow/example_dags/tutorial_dag.py
[2024-06-18T09:33:26.179+0000] {processor.py:830} INFO - Processing file /home/airflow/.local/lib/python3.12/site-packages/airflow/example_dags/tutorial_dag.py for tasks to queue
[2024-06-18T09:33:26.179+0000] {logging_mixin.py:188} INFO - [2024-06-18T09:33:26.179+0000] {dagbag.py:545} INFO - Filling up the DagBag from /home/airflow/.local/lib/python3.12/site-packages/airflow/example_dags/tutorial_dag.py
[2024-06-18T09:33:26.182+0000] {processor.py:840} INFO - DAG(s) 'tutorial_dag' retrieved from /home/airflow/.local/lib/python3.12/site-packages/airflow/example_dags/tutorial_dag.py
[2024-06-18T09:33:26.242+0000] {logging_mixin.py:188} INFO - [2024-06-18T09:33:26.242+0000] {dag.py:3096} INFO - Sync 1 DAGs
[2024-06-18T09:33:26.248+0000] {logging_mixin.py:188} INFO - [2024-06-18T09:33:26.247+0000] {dag.py:3954} INFO - Setting next_dagrun for tutorial_dag to None, run_after=None
[2024-06-18T09:33:26.259+0000] {processor.py:183} INFO - Processing /home/airflow/.local/lib/python3.12/site-packages/airflow/example_dags/tutorial_dag.py took 0.084 seconds
[2024-06-18T09:33:56.409+0000] {processor.py:161} INFO - Started process (PID=870) to work on /home/airflow/.local/lib/python3.12/site-packages/airflow/example_dags/tutorial_dag.py
[2024-06-18T09:33:56.410+0000] {processor.py:830} INFO - Processing file /home/airflow/.local/lib/python3.12/site-packages/airflow/example_dags/tutorial_dag.py for tasks to queue
[2024-06-18T09:33:56.411+0000] {logging_mixin.py:188} INFO - [2024-06-18T09:33:56.411+0000] {dagbag.py:545} INFO - Filling up the DagBag from /home/airflow/.local/lib/python3.12/site-packages/airflow/example_dags/tutorial_dag.py
[2024-06-18T09:33:56.413+0000] {processor.py:840} INFO - DAG(s) 'tutorial_dag' retrieved from /home/airflow/.local/lib/python3.12/site-packages/airflow/example_dags/tutorial_dag.py
[2024-06-18T09:33:56.425+0000] {logging_mixin.py:188} INFO - [2024-06-18T09:33:56.425+0000] {dag.py:3096} INFO - Sync 1 DAGs
[2024-06-18T09:33:56.432+0000] {logging_mixin.py:188} INFO - [2024-06-18T09:33:56.432+0000] {dag.py:3954} INFO - Setting next_dagrun for tutorial_dag to None, run_after=None
[2024-06-18T09:33:56.442+0000] {processor.py:183} INFO - Processing /home/airflow/.local/lib/python3.12/site-packages/airflow/example_dags/tutorial_dag.py took 0.036 seconds
[2024-06-18T09:34:26.643+0000] {processor.py:161} INFO - Started process (PID=1133) to work on /home/airflow/.local/lib/python3.12/site-packages/airflow/example_dags/tutorial_dag.py
[2024-06-18T09:34:26.643+0000] {processor.py:830} INFO - Processing file /home/airflow/.local/lib/python3.12/site-packages/airflow/example_dags/tutorial_dag.py for tasks to queue
[2024-06-18T09:34:26.644+0000] {logging_mixin.py:188} INFO - [2024-06-18T09:34:26.644+0000] {dagbag.py:545} INFO - Filling up the DagBag from /home/airflow/.local/lib/python3.12/site-packages/airflow/example_dags/tutorial_dag.py
[2024-06-18T09:34:26.647+0000] {processor.py:840} INFO - DAG(s) 'tutorial_dag' retrieved from /home/airflow/.local/lib/python3.12/site-packages/airflow/example_dags/tutorial_dag.py
[2024-06-18T09:34:26.662+0000] {logging_mixin.py:188} INFO - [2024-06-18T09:34:26.662+0000] {dag.py:3096} INFO - Sync 1 DAGs
[2024-06-18T09:34:26.670+0000] {logging_mixin.py:188} INFO - [2024-06-18T09:34:26.670+0000] {dag.py:3954} INFO - Setting next_dagrun for tutorial_dag to None, run_after=None
[2024-06-18T09:34:26.681+0000] {processor.py:183} INFO - Processing /home/airflow/.local/lib/python3.12/site-packages/airflow/example_dags/tutorial_dag.py took 0.042 seconds
[2024-06-18T09:34:56.806+0000] {processor.py:161} INFO - Started process (PID=1394) to work on /home/airflow/.local/lib/python3.12/site-packages/airflow/example_dags/tutorial_dag.py
[2024-06-18T09:34:56.806+0000] {processor.py:830} INFO - Processing file /home/airflow/.local/lib/python3.12/site-packages/airflow/example_dags/tutorial_dag.py for tasks to queue
[2024-06-18T09:34:56.807+0000] {logging_mixin.py:188} INFO - [2024-06-18T09:34:56.807+0000] {dagbag.py:545} INFO - Filling up the DagBag from /home/airflow/.local/lib/python3.12/site-packages/airflow/example_dags/tutorial_dag.py
[2024-06-18T09:34:56.810+0000] {processor.py:840} INFO - DAG(s) 'tutorial_dag' retrieved from /home/airflow/.local/lib/python3.12/site-packages/airflow/example_dags/tutorial_dag.py
[2024-06-18T09:34:56.822+0000] {logging_mixin.py:188} INFO - [2024-06-18T09:34:56.822+0000] {dag.py:3096} INFO - Sync 1 DAGs
[2024-06-18T09:34:56.829+0000] {logging_mixin.py:188} INFO - [2024-06-18T09:34:56.829+0000] {dag.py:3954} INFO - Setting next_dagrun for tutorial_dag to None, run_after=None
[2024-06-18T09:34:56.840+0000] {processor.py:183} INFO - Processing /home/airflow/.local/lib/python3.12/site-packages/airflow/example_dags/tutorial_dag.py took 0.038 seconds
[2024-06-18T09:35:26.963+0000] {processor.py:161} INFO - Started process (PID=1656) to work on /home/airflow/.local/lib/python3.12/site-packages/airflow/example_dags/tutorial_dag.py
[2024-06-18T09:35:26.963+0000] {processor.py:830} INFO - Processing file /home/airflow/.local/lib/python3.12/site-packages/airflow/example_dags/tutorial_dag.py for tasks to queue
[2024-06-18T09:35:26.964+0000] {logging_mixin.py:188} INFO - [2024-06-18T09:35:26.964+0000] {dagbag.py:545} INFO - Filling up the DagBag from /home/airflow/.local/lib/python3.12/site-packages/airflow/example_dags/tutorial_dag.py
[2024-06-18T09:35:26.967+0000] {processor.py:840} INFO - DAG(s) 'tutorial_dag' retrieved from /home/airflow/.local/lib/python3.12/site-packages/airflow/example_dags/tutorial_dag.py
[2024-06-18T09:35:26.979+0000] {logging_mixin.py:188} INFO - [2024-06-18T09:35:26.979+0000] {dag.py:3096} INFO - Sync 1 DAGs
[2024-06-18T09:35:26.986+0000] {logging_mixin.py:188} INFO - [2024-06-18T09:35:26.986+0000] {dag.py:3954} INFO - Setting next_dagrun for tutorial_dag to None, run_after=None
[2024-06-18T09:35:26.996+0000] {processor.py:183} INFO - Processing /home/airflow/.local/lib/python3.12/site-packages/airflow/example_dags/tutorial_dag.py took 0.037 seconds
[2024-06-18T09:35:57.206+0000] {processor.py:161} INFO - Started process (PID=1918) to work on /home/airflow/.local/lib/python3.12/site-packages/airflow/example_dags/tutorial_dag.py
[2024-06-18T09:35:57.207+0000] {processor.py:830} INFO - Processing file /home/airflow/.local/lib/python3.12/site-packages/airflow/example_dags/tutorial_dag.py for tasks to queue
[2024-06-18T09:35:57.208+0000] {logging_mixin.py:188} INFO - [2024-06-18T09:35:57.208+0000] {dagbag.py:545} INFO - Filling up the DagBag from /home/airflow/.local/lib/python3.12/site-packages/airflow/example_dags/tutorial_dag.py
[2024-06-18T09:35:57.211+0000] {processor.py:840} INFO - DAG(s) 'tutorial_dag' retrieved from /home/airflow/.local/lib/python3.12/site-packages/airflow/example_dags/tutorial_dag.py
[2024-06-18T09:35:57.228+0000] {logging_mixin.py:188} INFO - [2024-06-18T09:35:57.228+0000] {dag.py:3096} INFO - Sync 1 DAGs
[2024-06-18T09:35:57.236+0000] {logging_mixin.py:188} INFO - [2024-06-18T09:35:57.236+0000] {dag.py:3954} INFO - Setting next_dagrun for tutorial_dag to None, run_after=None
[2024-06-18T09:35:57.250+0000] {processor.py:183} INFO - Processing /home/airflow/.local/lib/python3.12/site-packages/airflow/example_dags/tutorial_dag.py took 0.049 seconds
[2024-06-18T09:36:27.274+0000] {processor.py:161} INFO - Started process (PID=2180) to work on /home/airflow/.local/lib/python3.12/site-packages/airflow/example_dags/tutorial_dag.py
[2024-06-18T09:36:27.275+0000] {processor.py:830} INFO - Processing file /home/airflow/.local/lib/python3.12/site-packages/airflow/example_dags/tutorial_dag.py for tasks to queue
[2024-06-18T09:36:27.276+0000] {logging_mixin.py:188} INFO - [2024-06-18T09:36:27.276+0000] {dagbag.py:545} INFO - Filling up the DagBag from /home/airflow/.local/lib/python3.12/site-packages/airflow/example_dags/tutorial_dag.py
[2024-06-18T09:36:27.280+0000] {processor.py:840} INFO - DAG(s) 'tutorial_dag' retrieved from /home/airflow/.local/lib/python3.12/site-packages/airflow/example_dags/tutorial_dag.py
[2024-06-18T09:36:27.293+0000] {logging_mixin.py:188} INFO - [2024-06-18T09:36:27.293+0000] {dag.py:3096} INFO - Sync 1 DAGs
[2024-06-18T09:36:27.301+0000] {logging_mixin.py:188} INFO - [2024-06-18T09:36:27.301+0000] {dag.py:3954} INFO - Setting next_dagrun for tutorial_dag to None, run_after=None
[2024-06-18T09:36:27.311+0000] {processor.py:183} INFO - Processing /home/airflow/.local/lib/python3.12/site-packages/airflow/example_dags/tutorial_dag.py took 0.041 seconds
[2024-06-18T09:36:57.580+0000] {processor.py:161} INFO - Started process (PID=2442) to work on /home/airflow/.local/lib/python3.12/site-packages/airflow/example_dags/tutorial_dag.py
[2024-06-18T09:36:57.581+0000] {processor.py:830} INFO - Processing file /home/airflow/.local/lib/python3.12/site-packages/airflow/example_dags/tutorial_dag.py for tasks to queue
[2024-06-18T09:36:57.582+0000] {logging_mixin.py:188} INFO - [2024-06-18T09:36:57.581+0000] {dagbag.py:545} INFO - Filling up the DagBag from /home/airflow/.local/lib/python3.12/site-packages/airflow/example_dags/tutorial_dag.py
[2024-06-18T09:36:57.584+0000] {processor.py:840} INFO - DAG(s) 'tutorial_dag' retrieved from /home/airflow/.local/lib/python3.12/site-packages/airflow/example_dags/tutorial_dag.py
[2024-06-18T09:36:57.597+0000] {logging_mixin.py:188} INFO - [2024-06-18T09:36:57.596+0000] {dag.py:3096} INFO - Sync 1 DAGs
[2024-06-18T09:36:57.605+0000] {logging_mixin.py:188} INFO - [2024-06-18T09:36:57.605+0000] {dag.py:3954} INFO - Setting next_dagrun for tutorial_dag to None, run_after=None
[2024-06-18T09:36:57.618+0000] {processor.py:183} INFO - Processing /home/airflow/.local/lib/python3.12/site-packages/airflow/example_dags/tutorial_dag.py took 0.042 seconds
[2024-06-18T09:37:27.770+0000] {processor.py:161} INFO - Started process (PID=2704) to work on /home/airflow/.local/lib/python3.12/site-packages/airflow/example_dags/tutorial_dag.py
[2024-06-18T09:37:27.771+0000] {processor.py:830} INFO - Processing file /home/airflow/.local/lib/python3.12/site-packages/airflow/example_dags/tutorial_dag.py for tasks to queue
[2024-06-18T09:37:27.772+0000] {logging_mixin.py:188} INFO - [2024-06-18T09:37:27.771+0000] {dagbag.py:545} INFO - Filling up the DagBag from /home/airflow/.local/lib/python3.12/site-packages/airflow/example_dags/tutorial_dag.py
[2024-06-18T09:37:27.774+0000] {processor.py:840} INFO - DAG(s) 'tutorial_dag' retrieved from /home/airflow/.local/lib/python3.12/site-packages/airflow/example_dags/tutorial_dag.py
[2024-06-18T09:37:27.785+0000] {logging_mixin.py:188} INFO - [2024-06-18T09:37:27.785+0000] {dag.py:3096} INFO - Sync 1 DAGs
[2024-06-18T09:37:27.792+0000] {logging_mixin.py:188} INFO - [2024-06-18T09:37:27.791+0000] {dag.py:3954} INFO - Setting next_dagrun for tutorial_dag to None, run_after=None
[2024-06-18T09:37:27.802+0000] {processor.py:183} INFO - Processing /home/airflow/.local/lib/python3.12/site-packages/airflow/example_dags/tutorial_dag.py took 0.035 seconds
[2024-06-18T09:37:57.929+0000] {processor.py:161} INFO - Started process (PID=2966) to work on /home/airflow/.local/lib/python3.12/site-packages/airflow/example_dags/tutorial_dag.py
[2024-06-18T09:37:57.929+0000] {processor.py:830} INFO - Processing file /home/airflow/.local/lib/python3.12/site-packages/airflow/example_dags/tutorial_dag.py for tasks to queue
[2024-06-18T09:37:57.930+0000] {logging_mixin.py:188} INFO - [2024-06-18T09:37:57.930+0000] {dagbag.py:545} INFO - Filling up the DagBag from /home/airflow/.local/lib/python3.12/site-packages/airflow/example_dags/tutorial_dag.py
[2024-06-18T09:37:57.933+0000] {processor.py:840} INFO - DAG(s) 'tutorial_dag' retrieved from /home/airflow/.local/lib/python3.12/site-packages/airflow/example_dags/tutorial_dag.py
[2024-06-18T09:37:57.943+0000] {logging_mixin.py:188} INFO - [2024-06-18T09:37:57.943+0000] {dag.py:3096} INFO - Sync 1 DAGs
[2024-06-18T09:37:57.950+0000] {logging_mixin.py:188} INFO - [2024-06-18T09:37:57.950+0000] {dag.py:3954} INFO - Setting next_dagrun for tutorial_dag to None, run_after=None
[2024-06-18T09:37:57.961+0000] {processor.py:183} INFO - Processing /home/airflow/.local/lib/python3.12/site-packages/airflow/example_dags/tutorial_dag.py took 0.035 seconds
[2024-06-18T09:38:28.999+0000] {processor.py:161} INFO - Started process (PID=3228) to work on /home/airflow/.local/lib/python3.12/site-packages/airflow/example_dags/tutorial_dag.py
[2024-06-18T09:38:28.999+0000] {processor.py:830} INFO - Processing file /home/airflow/.local/lib/python3.12/site-packages/airflow/example_dags/tutorial_dag.py for tasks to queue
[2024-06-18T09:38:29.000+0000] {logging_mixin.py:188} INFO - [2024-06-18T09:38:29.000+0000] {dagbag.py:545} INFO - Filling up the DagBag from /home/airflow/.local/lib/python3.12/site-packages/airflow/example_dags/tutorial_dag.py
[2024-06-18T09:38:29.003+0000] {processor.py:840} INFO - DAG(s) 'tutorial_dag' retrieved from /home/airflow/.local/lib/python3.12/site-packages/airflow/example_dags/tutorial_dag.py
[2024-06-18T09:38:29.015+0000] {logging_mixin.py:188} INFO - [2024-06-18T09:38:29.015+0000] {dag.py:3096} INFO - Sync 1 DAGs
[2024-06-18T09:38:29.022+0000] {logging_mixin.py:188} INFO - [2024-06-18T09:38:29.022+0000] {dag.py:3954} INFO - Setting next_dagrun for tutorial_dag to None, run_after=None
[2024-06-18T09:38:29.032+0000] {processor.py:183} INFO - Processing /home/airflow/.local/lib/python3.12/site-packages/airflow/example_dags/tutorial_dag.py took 0.037 seconds
[2024-06-18T09:38:59.202+0000] {processor.py:161} INFO - Started process (PID=3492) to work on /home/airflow/.local/lib/python3.12/site-packages/airflow/example_dags/tutorial_dag.py
[2024-06-18T09:38:59.203+0000] {processor.py:830} INFO - Processing file /home/airflow/.local/lib/python3.12/site-packages/airflow/example_dags/tutorial_dag.py for tasks to queue
[2024-06-18T09:38:59.204+0000] {logging_mixin.py:188} INFO - [2024-06-18T09:38:59.203+0000] {dagbag.py:545} INFO - Filling up the DagBag from /home/airflow/.local/lib/python3.12/site-packages/airflow/example_dags/tutorial_dag.py
[2024-06-18T09:38:59.206+0000] {processor.py:840} INFO - DAG(s) 'tutorial_dag' retrieved from /home/airflow/.local/lib/python3.12/site-packages/airflow/example_dags/tutorial_dag.py
[2024-06-18T09:38:59.218+0000] {logging_mixin.py:188} INFO - [2024-06-18T09:38:59.218+0000] {dag.py:3096} INFO - Sync 1 DAGs
[2024-06-18T09:38:59.226+0000] {logging_mixin.py:188} INFO - [2024-06-18T09:38:59.226+0000] {dag.py:3954} INFO - Setting next_dagrun for tutorial_dag to None, run_after=None
[2024-06-18T09:38:59.239+0000] {processor.py:183} INFO - Processing /home/airflow/.local/lib/python3.12/site-packages/airflow/example_dags/tutorial_dag.py took 0.040 seconds
[2024-06-18T09:39:29.417+0000] {processor.py:161} INFO - Started process (PID=3753) to work on /home/airflow/.local/lib/python3.12/site-packages/airflow/example_dags/tutorial_dag.py
[2024-06-18T09:39:29.418+0000] {processor.py:830} INFO - Processing file /home/airflow/.local/lib/python3.12/site-packages/airflow/example_dags/tutorial_dag.py for tasks to queue
[2024-06-18T09:39:29.419+0000] {logging_mixin.py:188} INFO - [2024-06-18T09:39:29.419+0000] {dagbag.py:545} INFO - Filling up the DagBag from /home/airflow/.local/lib/python3.12/site-packages/airflow/example_dags/tutorial_dag.py
[2024-06-18T09:39:29.422+0000] {processor.py:840} INFO - DAG(s) 'tutorial_dag' retrieved from /home/airflow/.local/lib/python3.12/site-packages/airflow/example_dags/tutorial_dag.py
[2024-06-18T09:39:29.433+0000] {logging_mixin.py:188} INFO - [2024-06-18T09:39:29.433+0000] {dag.py:3096} INFO - Sync 1 DAGs
[2024-06-18T09:39:29.441+0000] {logging_mixin.py:188} INFO - [2024-06-18T09:39:29.441+0000] {dag.py:3954} INFO - Setting next_dagrun for tutorial_dag to None, run_after=None
[2024-06-18T09:39:29.452+0000] {processor.py:183} INFO - Processing /home/airflow/.local/lib/python3.12/site-packages/airflow/example_dags/tutorial_dag.py took 0.038 seconds
[2024-06-18T09:39:59.664+0000] {processor.py:161} INFO - Started process (PID=4017) to work on /home/airflow/.local/lib/python3.12/site-packages/airflow/example_dags/tutorial_dag.py
[2024-06-18T09:39:59.665+0000] {processor.py:830} INFO - Processing file /home/airflow/.local/lib/python3.12/site-packages/airflow/example_dags/tutorial_dag.py for tasks to queue
[2024-06-18T09:39:59.666+0000] {logging_mixin.py:188} INFO - [2024-06-18T09:39:59.665+0000] {dagbag.py:545} INFO - Filling up the DagBag from /home/airflow/.local/lib/python3.12/site-packages/airflow/example_dags/tutorial_dag.py
[2024-06-18T09:39:59.668+0000] {processor.py:840} INFO - DAG(s) 'tutorial_dag' retrieved from /home/airflow/.local/lib/python3.12/site-packages/airflow/example_dags/tutorial_dag.py
[2024-06-18T09:39:59.681+0000] {logging_mixin.py:188} INFO - [2024-06-18T09:39:59.681+0000] {dag.py:3096} INFO - Sync 1 DAGs
[2024-06-18T09:39:59.689+0000] {logging_mixin.py:188} INFO - [2024-06-18T09:39:59.689+0000] {dag.py:3954} INFO - Setting next_dagrun for tutorial_dag to None, run_after=None
[2024-06-18T09:39:59.701+0000] {processor.py:183} INFO - Processing /home/airflow/.local/lib/python3.12/site-packages/airflow/example_dags/tutorial_dag.py took 0.041 seconds
[2024-06-18T09:40:29.920+0000] {processor.py:161} INFO - Started process (PID=4278) to work on /home/airflow/.local/lib/python3.12/site-packages/airflow/example_dags/tutorial_dag.py
[2024-06-18T09:40:29.920+0000] {processor.py:830} INFO - Processing file /home/airflow/.local/lib/python3.12/site-packages/airflow/example_dags/tutorial_dag.py for tasks to queue
[2024-06-18T09:40:29.921+0000] {logging_mixin.py:188} INFO - [2024-06-18T09:40:29.921+0000] {dagbag.py:545} INFO - Filling up the DagBag from /home/airflow/.local/lib/python3.12/site-packages/airflow/example_dags/tutorial_dag.py
[2024-06-18T09:40:29.924+0000] {processor.py:840} INFO - DAG(s) 'tutorial_dag' retrieved from /home/airflow/.local/lib/python3.12/site-packages/airflow/example_dags/tutorial_dag.py
[2024-06-18T09:40:29.938+0000] {logging_mixin.py:188} INFO - [2024-06-18T09:40:29.937+0000] {dag.py:3096} INFO - Sync 1 DAGs
[2024-06-18T09:40:29.945+0000] {logging_mixin.py:188} INFO - [2024-06-18T09:40:29.945+0000] {dag.py:3954} INFO - Setting next_dagrun for tutorial_dag to None, run_after=None
[2024-06-18T09:40:29.955+0000] {processor.py:183} INFO - Processing /home/airflow/.local/lib/python3.12/site-packages/airflow/example_dags/tutorial_dag.py took 0.039 seconds
[2024-06-18T09:41:00.950+0000] {processor.py:161} INFO - Started process (PID=4539) to work on /home/airflow/.local/lib/python3.12/site-packages/airflow/example_dags/tutorial_dag.py
[2024-06-18T09:41:00.950+0000] {processor.py:830} INFO - Processing file /home/airflow/.local/lib/python3.12/site-packages/airflow/example_dags/tutorial_dag.py for tasks to queue
[2024-06-18T09:41:00.951+0000] {logging_mixin.py:188} INFO - [2024-06-18T09:41:00.951+0000] {dagbag.py:545} INFO - Filling up the DagBag from /home/airflow/.local/lib/python3.12/site-packages/airflow/example_dags/tutorial_dag.py
[2024-06-18T09:41:00.954+0000] {processor.py:840} INFO - DAG(s) 'tutorial_dag' retrieved from /home/airflow/.local/lib/python3.12/site-packages/airflow/example_dags/tutorial_dag.py
[2024-06-18T09:41:00.965+0000] {logging_mixin.py:188} INFO - [2024-06-18T09:41:00.965+0000] {dag.py:3096} INFO - Sync 1 DAGs
[2024-06-18T09:41:00.972+0000] {logging_mixin.py:188} INFO - [2024-06-18T09:41:00.972+0000] {dag.py:3954} INFO - Setting next_dagrun for tutorial_dag to None, run_after=None
[2024-06-18T09:41:00.983+0000] {processor.py:183} INFO - Processing /home/airflow/.local/lib/python3.12/site-packages/airflow/example_dags/tutorial_dag.py took 0.037 seconds
[2024-06-18T09:41:31.640+0000] {processor.py:161} INFO - Started process (PID=4803) to work on /home/airflow/.local/lib/python3.12/site-packages/airflow/example_dags/tutorial_dag.py
[2024-06-18T09:41:31.640+0000] {processor.py:830} INFO - Processing file /home/airflow/.local/lib/python3.12/site-packages/airflow/example_dags/tutorial_dag.py for tasks to queue
[2024-06-18T09:41:31.641+0000] {logging_mixin.py:188} INFO - [2024-06-18T09:41:31.641+0000] {dagbag.py:545} INFO - Filling up the DagBag from /home/airflow/.local/lib/python3.12/site-packages/airflow/example_dags/tutorial_dag.py
[2024-06-18T09:41:31.643+0000] {processor.py:840} INFO - DAG(s) 'tutorial_dag' retrieved from /home/airflow/.local/lib/python3.12/site-packages/airflow/example_dags/tutorial_dag.py
[2024-06-18T09:41:31.654+0000] {logging_mixin.py:188} INFO - [2024-06-18T09:41:31.654+0000] {dag.py:3096} INFO - Sync 1 DAGs
[2024-06-18T09:41:31.660+0000] {logging_mixin.py:188} INFO - [2024-06-18T09:41:31.660+0000] {dag.py:3954} INFO - Setting next_dagrun for tutorial_dag to None, run_after=None
[2024-06-18T09:41:31.671+0000] {processor.py:183} INFO - Processing /home/airflow/.local/lib/python3.12/site-packages/airflow/example_dags/tutorial_dag.py took 0.035 seconds
[2024-06-18T09:42:02.505+0000] {processor.py:161} INFO - Started process (PID=5065) to work on /home/airflow/.local/lib/python3.12/site-packages/airflow/example_dags/tutorial_dag.py
[2024-06-18T09:42:02.506+0000] {processor.py:830} INFO - Processing file /home/airflow/.local/lib/python3.12/site-packages/airflow/example_dags/tutorial_dag.py for tasks to queue
[2024-06-18T09:42:02.506+0000] {logging_mixin.py:188} INFO - [2024-06-18T09:42:02.506+0000] {dagbag.py:545} INFO - Filling up the DagBag from /home/airflow/.local/lib/python3.12/site-packages/airflow/example_dags/tutorial_dag.py
[2024-06-18T09:42:02.509+0000] {processor.py:840} INFO - DAG(s) 'tutorial_dag' retrieved from /home/airflow/.local/lib/python3.12/site-packages/airflow/example_dags/tutorial_dag.py
[2024-06-18T09:42:02.521+0000] {logging_mixin.py:188} INFO - [2024-06-18T09:42:02.521+0000] {dag.py:3096} INFO - Sync 1 DAGs
[2024-06-18T09:42:02.528+0000] {logging_mixin.py:188} INFO - [2024-06-18T09:42:02.528+0000] {dag.py:3954} INFO - Setting next_dagrun for tutorial_dag to None, run_after=None
[2024-06-18T09:42:02.537+0000] {processor.py:183} INFO - Processing /home/airflow/.local/lib/python3.12/site-packages/airflow/example_dags/tutorial_dag.py took 0.036 seconds
[2024-06-18T09:42:33.223+0000] {processor.py:161} INFO - Started process (PID=5325) to work on /home/airflow/.local/lib/python3.12/site-packages/airflow/example_dags/tutorial_dag.py
[2024-06-18T09:42:33.224+0000] {processor.py:830} INFO - Processing file /home/airflow/.local/lib/python3.12/site-packages/airflow/example_dags/tutorial_dag.py for tasks to queue
[2024-06-18T09:42:33.225+0000] {logging_mixin.py:188} INFO - [2024-06-18T09:42:33.224+0000] {dagbag.py:545} INFO - Filling up the DagBag from /home/airflow/.local/lib/python3.12/site-packages/airflow/example_dags/tutorial_dag.py
[2024-06-18T09:42:33.227+0000] {processor.py:840} INFO - DAG(s) 'tutorial_dag' retrieved from /home/airflow/.local/lib/python3.12/site-packages/airflow/example_dags/tutorial_dag.py
[2024-06-18T09:42:33.238+0000] {logging_mixin.py:188} INFO - [2024-06-18T09:42:33.238+0000] {dag.py:3096} INFO - Sync 1 DAGs
[2024-06-18T09:42:33.245+0000] {logging_mixin.py:188} INFO - [2024-06-18T09:42:33.245+0000] {dag.py:3954} INFO - Setting next_dagrun for tutorial_dag to None, run_after=None
[2024-06-18T09:42:33.254+0000] {processor.py:183} INFO - Processing /home/airflow/.local/lib/python3.12/site-packages/airflow/example_dags/tutorial_dag.py took 0.034 seconds
[2024-06-18T09:43:04.113+0000] {processor.py:161} INFO - Started process (PID=5587) to work on /home/airflow/.local/lib/python3.12/site-packages/airflow/example_dags/tutorial_dag.py
[2024-06-18T09:43:04.113+0000] {processor.py:830} INFO - Processing file /home/airflow/.local/lib/python3.12/site-packages/airflow/example_dags/tutorial_dag.py for tasks to queue
[2024-06-18T09:43:04.114+0000] {logging_mixin.py:188} INFO - [2024-06-18T09:43:04.114+0000] {dagbag.py:545} INFO - Filling up the DagBag from /home/airflow/.local/lib/python3.12/site-packages/airflow/example_dags/tutorial_dag.py
[2024-06-18T09:43:04.117+0000] {processor.py:840} INFO - DAG(s) 'tutorial_dag' retrieved from /home/airflow/.local/lib/python3.12/site-packages/airflow/example_dags/tutorial_dag.py
[2024-06-18T09:43:04.130+0000] {logging_mixin.py:188} INFO - [2024-06-18T09:43:04.130+0000] {dag.py:3096} INFO - Sync 1 DAGs
[2024-06-18T09:43:04.138+0000] {logging_mixin.py:188} INFO - [2024-06-18T09:43:04.138+0000] {dag.py:3954} INFO - Setting next_dagrun for tutorial_dag to None, run_after=None
[2024-06-18T09:43:04.151+0000] {processor.py:183} INFO - Processing /home/airflow/.local/lib/python3.12/site-packages/airflow/example_dags/tutorial_dag.py took 0.042 seconds
[2024-06-18T09:43:34.289+0000] {processor.py:161} INFO - Started process (PID=5849) to work on /home/airflow/.local/lib/python3.12/site-packages/airflow/example_dags/tutorial_dag.py
[2024-06-18T09:43:34.289+0000] {processor.py:830} INFO - Processing file /home/airflow/.local/lib/python3.12/site-packages/airflow/example_dags/tutorial_dag.py for tasks to queue
[2024-06-18T09:43:34.290+0000] {logging_mixin.py:188} INFO - [2024-06-18T09:43:34.290+0000] {dagbag.py:545} INFO - Filling up the DagBag from /home/airflow/.local/lib/python3.12/site-packages/airflow/example_dags/tutorial_dag.py
[2024-06-18T09:43:34.293+0000] {processor.py:840} INFO - DAG(s) 'tutorial_dag' retrieved from /home/airflow/.local/lib/python3.12/site-packages/airflow/example_dags/tutorial_dag.py
[2024-06-18T09:43:34.304+0000] {logging_mixin.py:188} INFO - [2024-06-18T09:43:34.304+0000] {dag.py:3096} INFO - Sync 1 DAGs
[2024-06-18T09:43:34.311+0000] {logging_mixin.py:188} INFO - [2024-06-18T09:43:34.310+0000] {dag.py:3954} INFO - Setting next_dagrun for tutorial_dag to None, run_after=None
[2024-06-18T09:43:34.321+0000] {processor.py:183} INFO - Processing /home/airflow/.local/lib/python3.12/site-packages/airflow/example_dags/tutorial_dag.py took 0.035 seconds
[2024-06-18T09:44:04.407+0000] {processor.py:161} INFO - Started process (PID=6111) to work on /home/airflow/.local/lib/python3.12/site-packages/airflow/example_dags/tutorial_dag.py
[2024-06-18T09:44:04.408+0000] {processor.py:830} INFO - Processing file /home/airflow/.local/lib/python3.12/site-packages/airflow/example_dags/tutorial_dag.py for tasks to queue
[2024-06-18T09:44:04.409+0000] {logging_mixin.py:188} INFO - [2024-06-18T09:44:04.409+0000] {dagbag.py:545} INFO - Filling up the DagBag from /home/airflow/.local/lib/python3.12/site-packages/airflow/example_dags/tutorial_dag.py
[2024-06-18T09:44:04.412+0000] {processor.py:840} INFO - DAG(s) 'tutorial_dag' retrieved from /home/airflow/.local/lib/python3.12/site-packages/airflow/example_dags/tutorial_dag.py
[2024-06-18T09:44:04.423+0000] {logging_mixin.py:188} INFO - [2024-06-18T09:44:04.423+0000] {dag.py:3096} INFO - Sync 1 DAGs
[2024-06-18T09:44:04.430+0000] {logging_mixin.py:188} INFO - [2024-06-18T09:44:04.430+0000] {dag.py:3954} INFO - Setting next_dagrun for tutorial_dag to None, run_after=None
[2024-06-18T09:44:04.440+0000] {processor.py:183} INFO - Processing /home/airflow/.local/lib/python3.12/site-packages/airflow/example_dags/tutorial_dag.py took 0.036 seconds
[2024-06-18T09:44:35.231+0000] {processor.py:161} INFO - Started process (PID=6373) to work on /home/airflow/.local/lib/python3.12/site-packages/airflow/example_dags/tutorial_dag.py
[2024-06-18T09:44:35.232+0000] {processor.py:830} INFO - Processing file /home/airflow/.local/lib/python3.12/site-packages/airflow/example_dags/tutorial_dag.py for tasks to queue
[2024-06-18T09:44:35.233+0000] {logging_mixin.py:188} INFO - [2024-06-18T09:44:35.232+0000] {dagbag.py:545} INFO - Filling up the DagBag from /home/airflow/.local/lib/python3.12/site-packages/airflow/example_dags/tutorial_dag.py
[2024-06-18T09:44:35.235+0000] {processor.py:840} INFO - DAG(s) 'tutorial_dag' retrieved from /home/airflow/.local/lib/python3.12/site-packages/airflow/example_dags/tutorial_dag.py
[2024-06-18T09:44:35.248+0000] {logging_mixin.py:188} INFO - [2024-06-18T09:44:35.247+0000] {dag.py:3096} INFO - Sync 1 DAGs
[2024-06-18T09:44:35.255+0000] {logging_mixin.py:188} INFO - [2024-06-18T09:44:35.255+0000] {dag.py:3954} INFO - Setting next_dagrun for tutorial_dag to None, run_after=None
[2024-06-18T09:44:35.266+0000] {processor.py:183} INFO - Processing /home/airflow/.local/lib/python3.12/site-packages/airflow/example_dags/tutorial_dag.py took 0.038 seconds
[2024-06-18T09:45:05.388+0000] {processor.py:161} INFO - Started process (PID=6634) to work on /home/airflow/.local/lib/python3.12/site-packages/airflow/example_dags/tutorial_dag.py
[2024-06-18T09:45:05.389+0000] {processor.py:830} INFO - Processing file /home/airflow/.local/lib/python3.12/site-packages/airflow/example_dags/tutorial_dag.py for tasks to queue
[2024-06-18T09:45:05.390+0000] {logging_mixin.py:188} INFO - [2024-06-18T09:45:05.390+0000] {dagbag.py:545} INFO - Filling up the DagBag from /home/airflow/.local/lib/python3.12/site-packages/airflow/example_dags/tutorial_dag.py
[2024-06-18T09:45:05.392+0000] {processor.py:840} INFO - DAG(s) 'tutorial_dag' retrieved from /home/airflow/.local/lib/python3.12/site-packages/airflow/example_dags/tutorial_dag.py
[2024-06-18T09:45:05.404+0000] {logging_mixin.py:188} INFO - [2024-06-18T09:45:05.404+0000] {dag.py:3096} INFO - Sync 1 DAGs
[2024-06-18T09:45:05.411+0000] {logging_mixin.py:188} INFO - [2024-06-18T09:45:05.411+0000] {dag.py:3954} INFO - Setting next_dagrun for tutorial_dag to None, run_after=None
[2024-06-18T09:45:05.422+0000] {processor.py:183} INFO - Processing /home/airflow/.local/lib/python3.12/site-packages/airflow/example_dags/tutorial_dag.py took 0.037 seconds
[2024-06-18T09:45:35.598+0000] {processor.py:161} INFO - Started process (PID=6896) to work on /home/airflow/.local/lib/python3.12/site-packages/airflow/example_dags/tutorial_dag.py
[2024-06-18T09:45:35.598+0000] {processor.py:830} INFO - Processing file /home/airflow/.local/lib/python3.12/site-packages/airflow/example_dags/tutorial_dag.py for tasks to queue
[2024-06-18T09:45:35.599+0000] {logging_mixin.py:188} INFO - [2024-06-18T09:45:35.599+0000] {dagbag.py:545} INFO - Filling up the DagBag from /home/airflow/.local/lib/python3.12/site-packages/airflow/example_dags/tutorial_dag.py
[2024-06-18T09:45:35.602+0000] {processor.py:840} INFO - DAG(s) 'tutorial_dag' retrieved from /home/airflow/.local/lib/python3.12/site-packages/airflow/example_dags/tutorial_dag.py
[2024-06-18T09:45:35.615+0000] {logging_mixin.py:188} INFO - [2024-06-18T09:45:35.614+0000] {dag.py:3096} INFO - Sync 1 DAGs
[2024-06-18T09:45:35.622+0000] {logging_mixin.py:188} INFO - [2024-06-18T09:45:35.621+0000] {dag.py:3954} INFO - Setting next_dagrun for tutorial_dag to None, run_after=None
[2024-06-18T09:45:35.632+0000] {processor.py:183} INFO - Processing /home/airflow/.local/lib/python3.12/site-packages/airflow/example_dags/tutorial_dag.py took 0.037 seconds
[2024-06-18T09:46:05.673+0000] {processor.py:161} INFO - Started process (PID=7158) to work on /home/airflow/.local/lib/python3.12/site-packages/airflow/example_dags/tutorial_dag.py
[2024-06-18T09:46:05.674+0000] {processor.py:830} INFO - Processing file /home/airflow/.local/lib/python3.12/site-packages/airflow/example_dags/tutorial_dag.py for tasks to queue
[2024-06-18T09:46:05.675+0000] {logging_mixin.py:188} INFO - [2024-06-18T09:46:05.674+0000] {dagbag.py:545} INFO - Filling up the DagBag from /home/airflow/.local/lib/python3.12/site-packages/airflow/example_dags/tutorial_dag.py
[2024-06-18T09:46:05.677+0000] {processor.py:840} INFO - DAG(s) 'tutorial_dag' retrieved from /home/airflow/.local/lib/python3.12/site-packages/airflow/example_dags/tutorial_dag.py
[2024-06-18T09:46:05.688+0000] {logging_mixin.py:188} INFO - [2024-06-18T09:46:05.688+0000] {dag.py:3096} INFO - Sync 1 DAGs
[2024-06-18T09:46:05.695+0000] {logging_mixin.py:188} INFO - [2024-06-18T09:46:05.695+0000] {dag.py:3954} INFO - Setting next_dagrun for tutorial_dag to None, run_after=None
[2024-06-18T09:46:05.705+0000] {processor.py:183} INFO - Processing /home/airflow/.local/lib/python3.12/site-packages/airflow/example_dags/tutorial_dag.py took 0.035 seconds
[2024-06-18T09:46:35.885+0000] {processor.py:161} INFO - Started process (PID=7420) to work on /home/airflow/.local/lib/python3.12/site-packages/airflow/example_dags/tutorial_dag.py
[2024-06-18T09:46:35.885+0000] {processor.py:830} INFO - Processing file /home/airflow/.local/lib/python3.12/site-packages/airflow/example_dags/tutorial_dag.py for tasks to queue
[2024-06-18T09:46:35.886+0000] {logging_mixin.py:188} INFO - [2024-06-18T09:46:35.886+0000] {dagbag.py:545} INFO - Filling up the DagBag from /home/airflow/.local/lib/python3.12/site-packages/airflow/example_dags/tutorial_dag.py
[2024-06-18T09:46:35.889+0000] {processor.py:840} INFO - DAG(s) 'tutorial_dag' retrieved from /home/airflow/.local/lib/python3.12/site-packages/airflow/example_dags/tutorial_dag.py
[2024-06-18T09:46:35.899+0000] {logging_mixin.py:188} INFO - [2024-06-18T09:46:35.899+0000] {dag.py:3096} INFO - Sync 1 DAGs
[2024-06-18T09:46:35.906+0000] {logging_mixin.py:188} INFO - [2024-06-18T09:46:35.905+0000] {dag.py:3954} INFO - Setting next_dagrun for tutorial_dag to None, run_after=None
[2024-06-18T09:46:35.916+0000] {processor.py:183} INFO - Processing /home/airflow/.local/lib/python3.12/site-packages/airflow/example_dags/tutorial_dag.py took 0.034 seconds
[2024-06-18T09:47:06.880+0000] {processor.py:161} INFO - Started process (PID=7682) to work on /home/airflow/.local/lib/python3.12/site-packages/airflow/example_dags/tutorial_dag.py
[2024-06-18T09:47:06.881+0000] {processor.py:830} INFO - Processing file /home/airflow/.local/lib/python3.12/site-packages/airflow/example_dags/tutorial_dag.py for tasks to queue
[2024-06-18T09:47:06.881+0000] {logging_mixin.py:188} INFO - [2024-06-18T09:47:06.881+0000] {dagbag.py:545} INFO - Filling up the DagBag from /home/airflow/.local/lib/python3.12/site-packages/airflow/example_dags/tutorial_dag.py
[2024-06-18T09:47:06.884+0000] {processor.py:840} INFO - DAG(s) 'tutorial_dag' retrieved from /home/airflow/.local/lib/python3.12/site-packages/airflow/example_dags/tutorial_dag.py
[2024-06-18T09:47:06.895+0000] {logging_mixin.py:188} INFO - [2024-06-18T09:47:06.895+0000] {dag.py:3096} INFO - Sync 1 DAGs
[2024-06-18T09:47:06.902+0000] {logging_mixin.py:188} INFO - [2024-06-18T09:47:06.902+0000] {dag.py:3954} INFO - Setting next_dagrun for tutorial_dag to None, run_after=None
[2024-06-18T09:47:06.912+0000] {processor.py:183} INFO - Processing /home/airflow/.local/lib/python3.12/site-packages/airflow/example_dags/tutorial_dag.py took 0.035 seconds
[2024-06-18T09:47:37.649+0000] {processor.py:161} INFO - Started process (PID=7944) to work on /home/airflow/.local/lib/python3.12/site-packages/airflow/example_dags/tutorial_dag.py
[2024-06-18T09:47:37.649+0000] {processor.py:830} INFO - Processing file /home/airflow/.local/lib/python3.12/site-packages/airflow/example_dags/tutorial_dag.py for tasks to queue
[2024-06-18T09:47:37.650+0000] {logging_mixin.py:188} INFO - [2024-06-18T09:47:37.650+0000] {dagbag.py:545} INFO - Filling up the DagBag from /home/airflow/.local/lib/python3.12/site-packages/airflow/example_dags/tutorial_dag.py
[2024-06-18T09:47:37.653+0000] {processor.py:840} INFO - DAG(s) 'tutorial_dag' retrieved from /home/airflow/.local/lib/python3.12/site-packages/airflow/example_dags/tutorial_dag.py
[2024-06-18T09:47:37.665+0000] {logging_mixin.py:188} INFO - [2024-06-18T09:47:37.665+0000] {dag.py:3096} INFO - Sync 1 DAGs
[2024-06-18T09:47:37.672+0000] {logging_mixin.py:188} INFO - [2024-06-18T09:47:37.672+0000] {dag.py:3954} INFO - Setting next_dagrun for tutorial_dag to None, run_after=None
[2024-06-18T09:47:37.682+0000] {processor.py:183} INFO - Processing /home/airflow/.local/lib/python3.12/site-packages/airflow/example_dags/tutorial_dag.py took 0.037 seconds
[2024-06-18T09:48:08.424+0000] {processor.py:161} INFO - Started process (PID=8206) to work on /home/airflow/.local/lib/python3.12/site-packages/airflow/example_dags/tutorial_dag.py
[2024-06-18T09:48:08.424+0000] {processor.py:830} INFO - Processing file /home/airflow/.local/lib/python3.12/site-packages/airflow/example_dags/tutorial_dag.py for tasks to queue
[2024-06-18T09:48:08.425+0000] {logging_mixin.py:188} INFO - [2024-06-18T09:48:08.425+0000] {dagbag.py:545} INFO - Filling up the DagBag from /home/airflow/.local/lib/python3.12/site-packages/airflow/example_dags/tutorial_dag.py
[2024-06-18T09:48:08.428+0000] {processor.py:840} INFO - DAG(s) 'tutorial_dag' retrieved from /home/airflow/.local/lib/python3.12/site-packages/airflow/example_dags/tutorial_dag.py
[2024-06-18T09:48:08.439+0000] {logging_mixin.py:188} INFO - [2024-06-18T09:48:08.439+0000] {dag.py:3096} INFO - Sync 1 DAGs
[2024-06-18T09:48:08.446+0000] {logging_mixin.py:188} INFO - [2024-06-18T09:48:08.446+0000] {dag.py:3954} INFO - Setting next_dagrun for tutorial_dag to None, run_after=None
[2024-06-18T09:48:08.457+0000] {processor.py:183} INFO - Processing /home/airflow/.local/lib/python3.12/site-packages/airflow/example_dags/tutorial_dag.py took 0.037 seconds
[2024-06-18T09:48:39.195+0000] {processor.py:161} INFO - Started process (PID=8468) to work on /home/airflow/.local/lib/python3.12/site-packages/airflow/example_dags/tutorial_dag.py
[2024-06-18T09:48:39.196+0000] {processor.py:830} INFO - Processing file /home/airflow/.local/lib/python3.12/site-packages/airflow/example_dags/tutorial_dag.py for tasks to queue
[2024-06-18T09:48:39.197+0000] {logging_mixin.py:188} INFO - [2024-06-18T09:48:39.196+0000] {dagbag.py:545} INFO - Filling up the DagBag from /home/airflow/.local/lib/python3.12/site-packages/airflow/example_dags/tutorial_dag.py
[2024-06-18T09:48:39.199+0000] {processor.py:840} INFO - DAG(s) 'tutorial_dag' retrieved from /home/airflow/.local/lib/python3.12/site-packages/airflow/example_dags/tutorial_dag.py
[2024-06-18T09:48:39.209+0000] {logging_mixin.py:188} INFO - [2024-06-18T09:48:39.209+0000] {dag.py:3096} INFO - Sync 1 DAGs
[2024-06-18T09:48:39.217+0000] {logging_mixin.py:188} INFO - [2024-06-18T09:48:39.217+0000] {dag.py:3954} INFO - Setting next_dagrun for tutorial_dag to None, run_after=None
[2024-06-18T09:48:39.226+0000] {processor.py:183} INFO - Processing /home/airflow/.local/lib/python3.12/site-packages/airflow/example_dags/tutorial_dag.py took 0.035 seconds
[2024-06-18T09:49:10.017+0000] {processor.py:161} INFO - Started process (PID=8731) to work on /home/airflow/.local/lib/python3.12/site-packages/airflow/example_dags/tutorial_dag.py
[2024-06-18T09:49:10.017+0000] {processor.py:830} INFO - Processing file /home/airflow/.local/lib/python3.12/site-packages/airflow/example_dags/tutorial_dag.py for tasks to queue
[2024-06-18T09:49:10.018+0000] {logging_mixin.py:188} INFO - [2024-06-18T09:49:10.018+0000] {dagbag.py:545} INFO - Filling up the DagBag from /home/airflow/.local/lib/python3.12/site-packages/airflow/example_dags/tutorial_dag.py
[2024-06-18T09:49:10.021+0000] {processor.py:840} INFO - DAG(s) 'tutorial_dag' retrieved from /home/airflow/.local/lib/python3.12/site-packages/airflow/example_dags/tutorial_dag.py
[2024-06-18T09:49:10.033+0000] {logging_mixin.py:188} INFO - [2024-06-18T09:49:10.032+0000] {dag.py:3096} INFO - Sync 1 DAGs
[2024-06-18T09:49:10.039+0000] {logging_mixin.py:188} INFO - [2024-06-18T09:49:10.039+0000] {dag.py:3954} INFO - Setting next_dagrun for tutorial_dag to None, run_after=None
[2024-06-18T09:49:10.050+0000] {processor.py:183} INFO - Processing /home/airflow/.local/lib/python3.12/site-packages/airflow/example_dags/tutorial_dag.py took 0.036 seconds
[2024-06-18T09:49:40.268+0000] {processor.py:161} INFO - Started process (PID=8992) to work on /home/airflow/.local/lib/python3.12/site-packages/airflow/example_dags/tutorial_dag.py
[2024-06-18T09:49:40.268+0000] {processor.py:830} INFO - Processing file /home/airflow/.local/lib/python3.12/site-packages/airflow/example_dags/tutorial_dag.py for tasks to queue
[2024-06-18T09:49:40.269+0000] {logging_mixin.py:188} INFO - [2024-06-18T09:49:40.269+0000] {dagbag.py:545} INFO - Filling up the DagBag from /home/airflow/.local/lib/python3.12/site-packages/airflow/example_dags/tutorial_dag.py
[2024-06-18T09:49:40.272+0000] {processor.py:840} INFO - DAG(s) 'tutorial_dag' retrieved from /home/airflow/.local/lib/python3.12/site-packages/airflow/example_dags/tutorial_dag.py
[2024-06-18T09:49:40.283+0000] {logging_mixin.py:188} INFO - [2024-06-18T09:49:40.282+0000] {dag.py:3096} INFO - Sync 1 DAGs
[2024-06-18T09:49:40.290+0000] {logging_mixin.py:188} INFO - [2024-06-18T09:49:40.289+0000] {dag.py:3954} INFO - Setting next_dagrun for tutorial_dag to None, run_after=None
[2024-06-18T09:49:40.300+0000] {processor.py:183} INFO - Processing /home/airflow/.local/lib/python3.12/site-packages/airflow/example_dags/tutorial_dag.py took 0.036 seconds
[2024-06-18T09:50:10.353+0000] {processor.py:161} INFO - Started process (PID=9254) to work on /home/airflow/.local/lib/python3.12/site-packages/airflow/example_dags/tutorial_dag.py
[2024-06-18T09:50:10.353+0000] {processor.py:830} INFO - Processing file /home/airflow/.local/lib/python3.12/site-packages/airflow/example_dags/tutorial_dag.py for tasks to queue
[2024-06-18T09:50:10.354+0000] {logging_mixin.py:188} INFO - [2024-06-18T09:50:10.354+0000] {dagbag.py:545} INFO - Filling up the DagBag from /home/airflow/.local/lib/python3.12/site-packages/airflow/example_dags/tutorial_dag.py
[2024-06-18T09:50:10.357+0000] {processor.py:840} INFO - DAG(s) 'tutorial_dag' retrieved from /home/airflow/.local/lib/python3.12/site-packages/airflow/example_dags/tutorial_dag.py
[2024-06-18T09:50:10.368+0000] {logging_mixin.py:188} INFO - [2024-06-18T09:50:10.368+0000] {dag.py:3096} INFO - Sync 1 DAGs
[2024-06-18T09:50:10.375+0000] {logging_mixin.py:188} INFO - [2024-06-18T09:50:10.375+0000] {dag.py:3954} INFO - Setting next_dagrun for tutorial_dag to None, run_after=None
[2024-06-18T09:50:10.388+0000] {processor.py:183} INFO - Processing /home/airflow/.local/lib/python3.12/site-packages/airflow/example_dags/tutorial_dag.py took 0.039 seconds
[2024-06-18T09:50:40.613+0000] {processor.py:161} INFO - Started process (PID=9516) to work on /home/airflow/.local/lib/python3.12/site-packages/airflow/example_dags/tutorial_dag.py
[2024-06-18T09:50:40.614+0000] {processor.py:830} INFO - Processing file /home/airflow/.local/lib/python3.12/site-packages/airflow/example_dags/tutorial_dag.py for tasks to queue
[2024-06-18T09:50:40.615+0000] {logging_mixin.py:188} INFO - [2024-06-18T09:50:40.615+0000] {dagbag.py:545} INFO - Filling up the DagBag from /home/airflow/.local/lib/python3.12/site-packages/airflow/example_dags/tutorial_dag.py
[2024-06-18T09:50:40.618+0000] {processor.py:840} INFO - DAG(s) 'tutorial_dag' retrieved from /home/airflow/.local/lib/python3.12/site-packages/airflow/example_dags/tutorial_dag.py
[2024-06-18T09:50:40.630+0000] {logging_mixin.py:188} INFO - [2024-06-18T09:50:40.629+0000] {dag.py:3096} INFO - Sync 1 DAGs
[2024-06-18T09:50:40.637+0000] {logging_mixin.py:188} INFO - [2024-06-18T09:50:40.637+0000] {dag.py:3954} INFO - Setting next_dagrun for tutorial_dag to None, run_after=None
[2024-06-18T09:50:40.648+0000] {processor.py:183} INFO - Processing /home/airflow/.local/lib/python3.12/site-packages/airflow/example_dags/tutorial_dag.py took 0.038 seconds
[2024-06-18T09:51:10.795+0000] {processor.py:161} INFO - Started process (PID=9773) to work on /home/airflow/.local/lib/python3.12/site-packages/airflow/example_dags/tutorial_dag.py
[2024-06-18T09:51:10.795+0000] {processor.py:830} INFO - Processing file /home/airflow/.local/lib/python3.12/site-packages/airflow/example_dags/tutorial_dag.py for tasks to queue
[2024-06-18T09:51:10.796+0000] {logging_mixin.py:188} INFO - [2024-06-18T09:51:10.796+0000] {dagbag.py:545} INFO - Filling up the DagBag from /home/airflow/.local/lib/python3.12/site-packages/airflow/example_dags/tutorial_dag.py
[2024-06-18T09:51:10.799+0000] {processor.py:840} INFO - DAG(s) 'tutorial_dag' retrieved from /home/airflow/.local/lib/python3.12/site-packages/airflow/example_dags/tutorial_dag.py
[2024-06-18T09:51:10.815+0000] {logging_mixin.py:188} INFO - [2024-06-18T09:51:10.815+0000] {dag.py:3096} INFO - Sync 1 DAGs
[2024-06-18T09:51:10.823+0000] {logging_mixin.py:188} INFO - [2024-06-18T09:51:10.823+0000] {dag.py:3954} INFO - Setting next_dagrun for tutorial_dag to None, run_after=None
[2024-06-18T09:51:10.837+0000] {processor.py:183} INFO - Processing /home/airflow/.local/lib/python3.12/site-packages/airflow/example_dags/tutorial_dag.py took 0.046 seconds
[2024-06-18T09:51:41.021+0000] {processor.py:161} INFO - Started process (PID=10035) to work on /home/airflow/.local/lib/python3.12/site-packages/airflow/example_dags/tutorial_dag.py
[2024-06-18T09:51:41.022+0000] {processor.py:830} INFO - Processing file /home/airflow/.local/lib/python3.12/site-packages/airflow/example_dags/tutorial_dag.py for tasks to queue
[2024-06-18T09:51:41.023+0000] {logging_mixin.py:188} INFO - [2024-06-18T09:51:41.023+0000] {dagbag.py:545} INFO - Filling up the DagBag from /home/airflow/.local/lib/python3.12/site-packages/airflow/example_dags/tutorial_dag.py
[2024-06-18T09:51:41.027+0000] {processor.py:840} INFO - DAG(s) 'tutorial_dag' retrieved from /home/airflow/.local/lib/python3.12/site-packages/airflow/example_dags/tutorial_dag.py
[2024-06-18T09:51:41.039+0000] {logging_mixin.py:188} INFO - [2024-06-18T09:51:41.039+0000] {dag.py:3096} INFO - Sync 1 DAGs
[2024-06-18T09:51:41.049+0000] {logging_mixin.py:188} INFO - [2024-06-18T09:51:41.048+0000] {dag.py:3954} INFO - Setting next_dagrun for tutorial_dag to None, run_after=None
[2024-06-18T09:51:41.061+0000] {processor.py:183} INFO - Processing /home/airflow/.local/lib/python3.12/site-packages/airflow/example_dags/tutorial_dag.py took 0.044 seconds
[2024-06-18T09:52:11.531+0000] {processor.py:161} INFO - Started process (PID=10297) to work on /home/airflow/.local/lib/python3.12/site-packages/airflow/example_dags/tutorial_dag.py
[2024-06-18T09:52:11.532+0000] {processor.py:830} INFO - Processing file /home/airflow/.local/lib/python3.12/site-packages/airflow/example_dags/tutorial_dag.py for tasks to queue
[2024-06-18T09:52:11.533+0000] {logging_mixin.py:188} INFO - [2024-06-18T09:52:11.533+0000] {dagbag.py:545} INFO - Filling up the DagBag from /home/airflow/.local/lib/python3.12/site-packages/airflow/example_dags/tutorial_dag.py
[2024-06-18T09:52:11.536+0000] {processor.py:840} INFO - DAG(s) 'tutorial_dag' retrieved from /home/airflow/.local/lib/python3.12/site-packages/airflow/example_dags/tutorial_dag.py
[2024-06-18T09:52:11.548+0000] {logging_mixin.py:188} INFO - [2024-06-18T09:52:11.547+0000] {dag.py:3096} INFO - Sync 1 DAGs
[2024-06-18T09:52:11.554+0000] {logging_mixin.py:188} INFO - [2024-06-18T09:52:11.554+0000] {dag.py:3954} INFO - Setting next_dagrun for tutorial_dag to None, run_after=None
[2024-06-18T09:52:11.564+0000] {processor.py:183} INFO - Processing /home/airflow/.local/lib/python3.12/site-packages/airflow/example_dags/tutorial_dag.py took 0.037 seconds
[2024-06-18T09:52:41.953+0000] {processor.py:161} INFO - Started process (PID=10559) to work on /home/airflow/.local/lib/python3.12/site-packages/airflow/example_dags/tutorial_dag.py
[2024-06-18T09:52:41.953+0000] {processor.py:830} INFO - Processing file /home/airflow/.local/lib/python3.12/site-packages/airflow/example_dags/tutorial_dag.py for tasks to queue
[2024-06-18T09:52:41.954+0000] {logging_mixin.py:188} INFO - [2024-06-18T09:52:41.954+0000] {dagbag.py:545} INFO - Filling up the DagBag from /home/airflow/.local/lib/python3.12/site-packages/airflow/example_dags/tutorial_dag.py
[2024-06-18T09:52:41.957+0000] {processor.py:840} INFO - DAG(s) 'tutorial_dag' retrieved from /home/airflow/.local/lib/python3.12/site-packages/airflow/example_dags/tutorial_dag.py
[2024-06-18T09:52:41.968+0000] {logging_mixin.py:188} INFO - [2024-06-18T09:52:41.968+0000] {dag.py:3096} INFO - Sync 1 DAGs
[2024-06-18T09:52:41.975+0000] {logging_mixin.py:188} INFO - [2024-06-18T09:52:41.975+0000] {dag.py:3954} INFO - Setting next_dagrun for tutorial_dag to None, run_after=None
[2024-06-18T09:52:41.986+0000] {processor.py:183} INFO - Processing /home/airflow/.local/lib/python3.12/site-packages/airflow/example_dags/tutorial_dag.py took 0.037 seconds
[2024-06-18T09:53:12.836+0000] {processor.py:161} INFO - Started process (PID=10826) to work on /home/airflow/.local/lib/python3.12/site-packages/airflow/example_dags/tutorial_dag.py
[2024-06-18T09:53:12.836+0000] {processor.py:830} INFO - Processing file /home/airflow/.local/lib/python3.12/site-packages/airflow/example_dags/tutorial_dag.py for tasks to queue
[2024-06-18T09:53:12.837+0000] {logging_mixin.py:188} INFO - [2024-06-18T09:53:12.837+0000] {dagbag.py:545} INFO - Filling up the DagBag from /home/airflow/.local/lib/python3.12/site-packages/airflow/example_dags/tutorial_dag.py
[2024-06-18T09:53:12.840+0000] {processor.py:840} INFO - DAG(s) 'tutorial_dag' retrieved from /home/airflow/.local/lib/python3.12/site-packages/airflow/example_dags/tutorial_dag.py
[2024-06-18T09:53:12.855+0000] {logging_mixin.py:188} INFO - [2024-06-18T09:53:12.855+0000] {dag.py:3096} INFO - Sync 1 DAGs
[2024-06-18T09:53:12.862+0000] {logging_mixin.py:188} INFO - [2024-06-18T09:53:12.862+0000] {dag.py:3954} INFO - Setting next_dagrun for tutorial_dag to None, run_after=None
[2024-06-18T09:53:12.875+0000] {processor.py:183} INFO - Processing /home/airflow/.local/lib/python3.12/site-packages/airflow/example_dags/tutorial_dag.py took 0.044 seconds
[2024-06-18T09:53:42.966+0000] {processor.py:161} INFO - Started process (PID=11090) to work on /home/airflow/.local/lib/python3.12/site-packages/airflow/example_dags/tutorial_dag.py
[2024-06-18T09:53:42.967+0000] {processor.py:830} INFO - Processing file /home/airflow/.local/lib/python3.12/site-packages/airflow/example_dags/tutorial_dag.py for tasks to queue
[2024-06-18T09:53:42.968+0000] {logging_mixin.py:188} INFO - [2024-06-18T09:53:42.968+0000] {dagbag.py:545} INFO - Filling up the DagBag from /home/airflow/.local/lib/python3.12/site-packages/airflow/example_dags/tutorial_dag.py
[2024-06-18T09:53:42.971+0000] {processor.py:840} INFO - DAG(s) 'tutorial_dag' retrieved from /home/airflow/.local/lib/python3.12/site-packages/airflow/example_dags/tutorial_dag.py
[2024-06-18T09:53:42.982+0000] {logging_mixin.py:188} INFO - [2024-06-18T09:53:42.982+0000] {dag.py:3096} INFO - Sync 1 DAGs
[2024-06-18T09:53:42.988+0000] {logging_mixin.py:188} INFO - [2024-06-18T09:53:42.988+0000] {dag.py:3954} INFO - Setting next_dagrun for tutorial_dag to None, run_after=None
[2024-06-18T09:53:42.999+0000] {processor.py:183} INFO - Processing /home/airflow/.local/lib/python3.12/site-packages/airflow/example_dags/tutorial_dag.py took 0.036 seconds
[2024-06-18T09:54:13.049+0000] {processor.py:161} INFO - Started process (PID=11350) to work on /home/airflow/.local/lib/python3.12/site-packages/airflow/example_dags/tutorial_dag.py
[2024-06-18T09:54:13.050+0000] {processor.py:830} INFO - Processing file /home/airflow/.local/lib/python3.12/site-packages/airflow/example_dags/tutorial_dag.py for tasks to queue
[2024-06-18T09:54:13.051+0000] {logging_mixin.py:188} INFO - [2024-06-18T09:54:13.051+0000] {dagbag.py:545} INFO - Filling up the DagBag from /home/airflow/.local/lib/python3.12/site-packages/airflow/example_dags/tutorial_dag.py
[2024-06-18T09:54:13.054+0000] {processor.py:840} INFO - DAG(s) 'tutorial_dag' retrieved from /home/airflow/.local/lib/python3.12/site-packages/airflow/example_dags/tutorial_dag.py
[2024-06-18T09:54:13.065+0000] {logging_mixin.py:188} INFO - [2024-06-18T09:54:13.065+0000] {dag.py:3096} INFO - Sync 1 DAGs
[2024-06-18T09:54:13.072+0000] {logging_mixin.py:188} INFO - [2024-06-18T09:54:13.072+0000] {dag.py:3954} INFO - Setting next_dagrun for tutorial_dag to None, run_after=None
[2024-06-18T09:54:13.083+0000] {processor.py:183} INFO - Processing /home/airflow/.local/lib/python3.12/site-packages/airflow/example_dags/tutorial_dag.py took 0.037 seconds
[2024-06-18T09:54:43.151+0000] {processor.py:161} INFO - Started process (PID=11612) to work on /home/airflow/.local/lib/python3.12/site-packages/airflow/example_dags/tutorial_dag.py
[2024-06-18T09:54:43.151+0000] {processor.py:830} INFO - Processing file /home/airflow/.local/lib/python3.12/site-packages/airflow/example_dags/tutorial_dag.py for tasks to queue
[2024-06-18T09:54:43.152+0000] {logging_mixin.py:188} INFO - [2024-06-18T09:54:43.152+0000] {dagbag.py:545} INFO - Filling up the DagBag from /home/airflow/.local/lib/python3.12/site-packages/airflow/example_dags/tutorial_dag.py
[2024-06-18T09:54:43.155+0000] {processor.py:840} INFO - DAG(s) 'tutorial_dag' retrieved from /home/airflow/.local/lib/python3.12/site-packages/airflow/example_dags/tutorial_dag.py
[2024-06-18T09:54:43.166+0000] {logging_mixin.py:188} INFO - [2024-06-18T09:54:43.166+0000] {dag.py:3096} INFO - Sync 1 DAGs
[2024-06-18T09:54:43.175+0000] {logging_mixin.py:188} INFO - [2024-06-18T09:54:43.175+0000] {dag.py:3954} INFO - Setting next_dagrun for tutorial_dag to None, run_after=None
[2024-06-18T09:54:43.188+0000] {processor.py:183} INFO - Processing /home/airflow/.local/lib/python3.12/site-packages/airflow/example_dags/tutorial_dag.py took 0.040 seconds
[2024-06-18T09:55:13.305+0000] {processor.py:161} INFO - Started process (PID=11869) to work on /home/airflow/.local/lib/python3.12/site-packages/airflow/example_dags/tutorial_dag.py
[2024-06-18T09:55:13.306+0000] {processor.py:830} INFO - Processing file /home/airflow/.local/lib/python3.12/site-packages/airflow/example_dags/tutorial_dag.py for tasks to queue
[2024-06-18T09:55:13.307+0000] {logging_mixin.py:188} INFO - [2024-06-18T09:55:13.306+0000] {dagbag.py:545} INFO - Filling up the DagBag from /home/airflow/.local/lib/python3.12/site-packages/airflow/example_dags/tutorial_dag.py
[2024-06-18T09:55:13.310+0000] {processor.py:840} INFO - DAG(s) 'tutorial_dag' retrieved from /home/airflow/.local/lib/python3.12/site-packages/airflow/example_dags/tutorial_dag.py
[2024-06-18T09:55:13.323+0000] {logging_mixin.py:188} INFO - [2024-06-18T09:55:13.322+0000] {dag.py:3096} INFO - Sync 1 DAGs
[2024-06-18T09:55:13.330+0000] {logging_mixin.py:188} INFO - [2024-06-18T09:55:13.330+0000] {dag.py:3954} INFO - Setting next_dagrun for tutorial_dag to None, run_after=None
[2024-06-18T09:55:13.341+0000] {processor.py:183} INFO - Processing /home/airflow/.local/lib/python3.12/site-packages/airflow/example_dags/tutorial_dag.py took 0.040 seconds
[2024-06-18T09:55:43.396+0000] {processor.py:161} INFO - Started process (PID=12131) to work on /home/airflow/.local/lib/python3.12/site-packages/airflow/example_dags/tutorial_dag.py
[2024-06-18T09:55:43.396+0000] {processor.py:830} INFO - Processing file /home/airflow/.local/lib/python3.12/site-packages/airflow/example_dags/tutorial_dag.py for tasks to queue
[2024-06-18T09:55:43.397+0000] {logging_mixin.py:188} INFO - [2024-06-18T09:55:43.397+0000] {dagbag.py:545} INFO - Filling up the DagBag from /home/airflow/.local/lib/python3.12/site-packages/airflow/example_dags/tutorial_dag.py
[2024-06-18T09:55:43.401+0000] {processor.py:840} INFO - DAG(s) 'tutorial_dag' retrieved from /home/airflow/.local/lib/python3.12/site-packages/airflow/example_dags/tutorial_dag.py
[2024-06-18T09:55:43.412+0000] {logging_mixin.py:188} INFO - [2024-06-18T09:55:43.412+0000] {dag.py:3096} INFO - Sync 1 DAGs
[2024-06-18T09:55:43.419+0000] {logging_mixin.py:188} INFO - [2024-06-18T09:55:43.419+0000] {dag.py:3954} INFO - Setting next_dagrun for tutorial_dag to None, run_after=None
[2024-06-18T09:55:43.431+0000] {processor.py:183} INFO - Processing /home/airflow/.local/lib/python3.12/site-packages/airflow/example_dags/tutorial_dag.py took 0.039 seconds
[2024-06-18T09:56:14.133+0000] {processor.py:161} INFO - Started process (PID=12393) to work on /home/airflow/.local/lib/python3.12/site-packages/airflow/example_dags/tutorial_dag.py
[2024-06-18T09:56:14.134+0000] {processor.py:830} INFO - Processing file /home/airflow/.local/lib/python3.12/site-packages/airflow/example_dags/tutorial_dag.py for tasks to queue
[2024-06-18T09:56:14.135+0000] {logging_mixin.py:188} INFO - [2024-06-18T09:56:14.135+0000] {dagbag.py:545} INFO - Filling up the DagBag from /home/airflow/.local/lib/python3.12/site-packages/airflow/example_dags/tutorial_dag.py
[2024-06-18T09:56:14.138+0000] {processor.py:840} INFO - DAG(s) 'tutorial_dag' retrieved from /home/airflow/.local/lib/python3.12/site-packages/airflow/example_dags/tutorial_dag.py
[2024-06-18T09:56:14.149+0000] {logging_mixin.py:188} INFO - [2024-06-18T09:56:14.149+0000] {dag.py:3096} INFO - Sync 1 DAGs
[2024-06-18T09:56:14.156+0000] {logging_mixin.py:188} INFO - [2024-06-18T09:56:14.156+0000] {dag.py:3954} INFO - Setting next_dagrun for tutorial_dag to None, run_after=None
[2024-06-18T09:56:14.166+0000] {processor.py:183} INFO - Processing /home/airflow/.local/lib/python3.12/site-packages/airflow/example_dags/tutorial_dag.py took 0.036 seconds
[2024-06-18T09:56:44.951+0000] {processor.py:161} INFO - Started process (PID=12655) to work on /home/airflow/.local/lib/python3.12/site-packages/airflow/example_dags/tutorial_dag.py
[2024-06-18T09:56:44.952+0000] {processor.py:830} INFO - Processing file /home/airflow/.local/lib/python3.12/site-packages/airflow/example_dags/tutorial_dag.py for tasks to queue
[2024-06-18T09:56:44.953+0000] {logging_mixin.py:188} INFO - [2024-06-18T09:56:44.952+0000] {dagbag.py:545} INFO - Filling up the DagBag from /home/airflow/.local/lib/python3.12/site-packages/airflow/example_dags/tutorial_dag.py
[2024-06-18T09:56:44.955+0000] {processor.py:840} INFO - DAG(s) 'tutorial_dag' retrieved from /home/airflow/.local/lib/python3.12/site-packages/airflow/example_dags/tutorial_dag.py
[2024-06-18T09:56:44.968+0000] {logging_mixin.py:188} INFO - [2024-06-18T09:56:44.967+0000] {dag.py:3096} INFO - Sync 1 DAGs
[2024-06-18T09:56:44.975+0000] {logging_mixin.py:188} INFO - [2024-06-18T09:56:44.975+0000] {dag.py:3954} INFO - Setting next_dagrun for tutorial_dag to None, run_after=None
[2024-06-18T09:56:44.986+0000] {processor.py:183} INFO - Processing /home/airflow/.local/lib/python3.12/site-packages/airflow/example_dags/tutorial_dag.py took 0.040 seconds
[2024-06-18T09:57:15.037+0000] {processor.py:161} INFO - Started process (PID=12917) to work on /home/airflow/.local/lib/python3.12/site-packages/airflow/example_dags/tutorial_dag.py
[2024-06-18T09:57:15.038+0000] {processor.py:830} INFO - Processing file /home/airflow/.local/lib/python3.12/site-packages/airflow/example_dags/tutorial_dag.py for tasks to queue
[2024-06-18T09:57:15.039+0000] {logging_mixin.py:188} INFO - [2024-06-18T09:57:15.039+0000] {dagbag.py:545} INFO - Filling up the DagBag from /home/airflow/.local/lib/python3.12/site-packages/airflow/example_dags/tutorial_dag.py
[2024-06-18T09:57:15.042+0000] {processor.py:840} INFO - DAG(s) 'tutorial_dag' retrieved from /home/airflow/.local/lib/python3.12/site-packages/airflow/example_dags/tutorial_dag.py
[2024-06-18T09:57:15.053+0000] {logging_mixin.py:188} INFO - [2024-06-18T09:57:15.053+0000] {dag.py:3096} INFO - Sync 1 DAGs
[2024-06-18T09:57:15.060+0000] {logging_mixin.py:188} INFO - [2024-06-18T09:57:15.060+0000] {dag.py:3954} INFO - Setting next_dagrun for tutorial_dag to None, run_after=None
[2024-06-18T09:57:15.070+0000] {processor.py:183} INFO - Processing /home/airflow/.local/lib/python3.12/site-packages/airflow/example_dags/tutorial_dag.py took 0.036 seconds
[2024-06-18T09:57:45.301+0000] {processor.py:161} INFO - Started process (PID=13179) to work on /home/airflow/.local/lib/python3.12/site-packages/airflow/example_dags/tutorial_dag.py
[2024-06-18T09:57:45.302+0000] {processor.py:830} INFO - Processing file /home/airflow/.local/lib/python3.12/site-packages/airflow/example_dags/tutorial_dag.py for tasks to queue
[2024-06-18T09:57:45.303+0000] {logging_mixin.py:188} INFO - [2024-06-18T09:57:45.303+0000] {dagbag.py:545} INFO - Filling up the DagBag from /home/airflow/.local/lib/python3.12/site-packages/airflow/example_dags/tutorial_dag.py
[2024-06-18T09:57:45.306+0000] {processor.py:840} INFO - DAG(s) 'tutorial_dag' retrieved from /home/airflow/.local/lib/python3.12/site-packages/airflow/example_dags/tutorial_dag.py
[2024-06-18T09:57:45.319+0000] {logging_mixin.py:188} INFO - [2024-06-18T09:57:45.319+0000] {dag.py:3096} INFO - Sync 1 DAGs
[2024-06-18T09:57:45.327+0000] {logging_mixin.py:188} INFO - [2024-06-18T09:57:45.327+0000] {dag.py:3954} INFO - Setting next_dagrun for tutorial_dag to None, run_after=None
[2024-06-18T09:57:45.339+0000] {processor.py:183} INFO - Processing /home/airflow/.local/lib/python3.12/site-packages/airflow/example_dags/tutorial_dag.py took 0.042 seconds
[2024-06-18T09:58:16.149+0000] {processor.py:161} INFO - Started process (PID=13441) to work on /home/airflow/.local/lib/python3.12/site-packages/airflow/example_dags/tutorial_dag.py
[2024-06-18T09:58:16.150+0000] {processor.py:830} INFO - Processing file /home/airflow/.local/lib/python3.12/site-packages/airflow/example_dags/tutorial_dag.py for tasks to queue
[2024-06-18T09:58:16.151+0000] {logging_mixin.py:188} INFO - [2024-06-18T09:58:16.151+0000] {dagbag.py:545} INFO - Filling up the DagBag from /home/airflow/.local/lib/python3.12/site-packages/airflow/example_dags/tutorial_dag.py
[2024-06-18T09:58:16.154+0000] {processor.py:840} INFO - DAG(s) 'tutorial_dag' retrieved from /home/airflow/.local/lib/python3.12/site-packages/airflow/example_dags/tutorial_dag.py
[2024-06-18T09:58:16.167+0000] {logging_mixin.py:188} INFO - [2024-06-18T09:58:16.166+0000] {dag.py:3096} INFO - Sync 1 DAGs
[2024-06-18T09:58:16.174+0000] {logging_mixin.py:188} INFO - [2024-06-18T09:58:16.174+0000] {dag.py:3954} INFO - Setting next_dagrun for tutorial_dag to None, run_after=None
[2024-06-18T09:58:16.185+0000] {processor.py:183} INFO - Processing /home/airflow/.local/lib/python3.12/site-packages/airflow/example_dags/tutorial_dag.py took 0.040 seconds
[2024-06-18T09:58:46.273+0000] {processor.py:161} INFO - Started process (PID=13703) to work on /home/airflow/.local/lib/python3.12/site-packages/airflow/example_dags/tutorial_dag.py
[2024-06-18T09:58:46.274+0000] {processor.py:830} INFO - Processing file /home/airflow/.local/lib/python3.12/site-packages/airflow/example_dags/tutorial_dag.py for tasks to queue
[2024-06-18T09:58:46.275+0000] {logging_mixin.py:188} INFO - [2024-06-18T09:58:46.275+0000] {dagbag.py:545} INFO - Filling up the DagBag from /home/airflow/.local/lib/python3.12/site-packages/airflow/example_dags/tutorial_dag.py
[2024-06-18T09:58:46.278+0000] {processor.py:840} INFO - DAG(s) 'tutorial_dag' retrieved from /home/airflow/.local/lib/python3.12/site-packages/airflow/example_dags/tutorial_dag.py
[2024-06-18T09:58:46.291+0000] {logging_mixin.py:188} INFO - [2024-06-18T09:58:46.290+0000] {dag.py:3096} INFO - Sync 1 DAGs
[2024-06-18T09:58:46.298+0000] {logging_mixin.py:188} INFO - [2024-06-18T09:58:46.298+0000] {dag.py:3954} INFO - Setting next_dagrun for tutorial_dag to None, run_after=None
[2024-06-18T09:58:46.310+0000] {processor.py:183} INFO - Processing /home/airflow/.local/lib/python3.12/site-packages/airflow/example_dags/tutorial_dag.py took 0.040 seconds
[2024-06-18T09:59:16.362+0000] {processor.py:161} INFO - Started process (PID=13965) to work on /home/airflow/.local/lib/python3.12/site-packages/airflow/example_dags/tutorial_dag.py
[2024-06-18T09:59:16.363+0000] {processor.py:830} INFO - Processing file /home/airflow/.local/lib/python3.12/site-packages/airflow/example_dags/tutorial_dag.py for tasks to queue
[2024-06-18T09:59:16.363+0000] {logging_mixin.py:188} INFO - [2024-06-18T09:59:16.363+0000] {dagbag.py:545} INFO - Filling up the DagBag from /home/airflow/.local/lib/python3.12/site-packages/airflow/example_dags/tutorial_dag.py
[2024-06-18T09:59:16.366+0000] {processor.py:840} INFO - DAG(s) 'tutorial_dag' retrieved from /home/airflow/.local/lib/python3.12/site-packages/airflow/example_dags/tutorial_dag.py
[2024-06-18T09:59:16.378+0000] {logging_mixin.py:188} INFO - [2024-06-18T09:59:16.378+0000] {dag.py:3096} INFO - Sync 1 DAGs
[2024-06-18T09:59:16.385+0000] {logging_mixin.py:188} INFO - [2024-06-18T09:59:16.385+0000] {dag.py:3954} INFO - Setting next_dagrun for tutorial_dag to None, run_after=None
[2024-06-18T09:59:16.396+0000] {processor.py:183} INFO - Processing /home/airflow/.local/lib/python3.12/site-packages/airflow/example_dags/tutorial_dag.py took 0.037 seconds
[2024-06-18T09:59:47.313+0000] {processor.py:161} INFO - Started process (PID=14221) to work on /home/airflow/.local/lib/python3.12/site-packages/airflow/example_dags/tutorial_dag.py
[2024-06-18T09:59:47.315+0000] {processor.py:830} INFO - Processing file /home/airflow/.local/lib/python3.12/site-packages/airflow/example_dags/tutorial_dag.py for tasks to queue
[2024-06-18T09:59:47.316+0000] {logging_mixin.py:188} INFO - [2024-06-18T09:59:47.316+0000] {dagbag.py:545} INFO - Filling up the DagBag from /home/airflow/.local/lib/python3.12/site-packages/airflow/example_dags/tutorial_dag.py
[2024-06-18T09:59:47.319+0000] {processor.py:840} INFO - DAG(s) 'tutorial_dag' retrieved from /home/airflow/.local/lib/python3.12/site-packages/airflow/example_dags/tutorial_dag.py
[2024-06-18T09:59:47.330+0000] {logging_mixin.py:188} INFO - [2024-06-18T09:59:47.330+0000] {dag.py:3096} INFO - Sync 1 DAGs
[2024-06-18T09:59:47.338+0000] {logging_mixin.py:188} INFO - [2024-06-18T09:59:47.338+0000] {dag.py:3954} INFO - Setting next_dagrun for tutorial_dag to None, run_after=None
[2024-06-18T09:59:47.350+0000] {processor.py:183} INFO - Processing /home/airflow/.local/lib/python3.12/site-packages/airflow/example_dags/tutorial_dag.py took 0.040 seconds
