[2024-06-18T09:32:54.846+0000] {processor.py:161} INFO - Started process (PID=381) to work on /home/airflow/.local/lib/python3.12/site-packages/airflow/example_dags/tutorial.py
[2024-06-18T09:32:54.846+0000] {processor.py:830} INFO - Processing file /home/airflow/.local/lib/python3.12/site-packages/airflow/example_dags/tutorial.py for tasks to queue
[2024-06-18T09:32:54.847+0000] {logging_mixin.py:188} INFO - [2024-06-18T09:32:54.847+0000] {dagbag.py:545} INFO - Filling up the DagBag from /home/airflow/.local/lib/python3.12/site-packages/airflow/example_dags/tutorial.py
[2024-06-18T09:32:54.851+0000] {processor.py:840} INFO - DAG(s) 'tutorial' retrieved from /home/airflow/.local/lib/python3.12/site-packages/airflow/example_dags/tutorial.py
[2024-06-18T09:32:54.857+0000] {logging_mixin.py:188} INFO - [2024-06-18T09:32:54.857+0000] {dag.py:3096} INFO - Sync 1 DAGs
[2024-06-18T09:32:54.873+0000] {logging_mixin.py:188} INFO - [2024-06-18T09:32:54.873+0000] {dag.py:3954} INFO - Setting next_dagrun for tutorial to 2024-06-17 00:00:00+00:00, run_after=2024-06-18 00:00:00+00:00
[2024-06-18T09:32:54.883+0000] {processor.py:183} INFO - Processing /home/airflow/.local/lib/python3.12/site-packages/airflow/example_dags/tutorial.py took 0.041 seconds
[2024-06-18T09:33:26.563+0000] {processor.py:161} INFO - Started process (PID=643) to work on /home/airflow/.local/lib/python3.12/site-packages/airflow/example_dags/tutorial.py
[2024-06-18T09:33:26.564+0000] {processor.py:830} INFO - Processing file /home/airflow/.local/lib/python3.12/site-packages/airflow/example_dags/tutorial.py for tasks to queue
[2024-06-18T09:33:26.565+0000] {logging_mixin.py:188} INFO - [2024-06-18T09:33:26.565+0000] {dagbag.py:545} INFO - Filling up the DagBag from /home/airflow/.local/lib/python3.12/site-packages/airflow/example_dags/tutorial.py
[2024-06-18T09:33:26.568+0000] {processor.py:840} INFO - DAG(s) 'tutorial' retrieved from /home/airflow/.local/lib/python3.12/site-packages/airflow/example_dags/tutorial.py
[2024-06-18T09:33:26.629+0000] {logging_mixin.py:188} INFO - [2024-06-18T09:33:26.628+0000] {dag.py:3096} INFO - Sync 1 DAGs
[2024-06-18T09:33:26.641+0000] {logging_mixin.py:188} INFO - [2024-06-18T09:33:26.640+0000] {dag.py:3954} INFO - Setting next_dagrun for tutorial to 2024-06-17 00:00:00+00:00, run_after=2024-06-18 00:00:00+00:00
[2024-06-18T09:33:26.652+0000] {processor.py:183} INFO - Processing /home/airflow/.local/lib/python3.12/site-packages/airflow/example_dags/tutorial.py took 0.092 seconds
[2024-06-18T09:33:57.605+0000] {processor.py:161} INFO - Started process (PID=905) to work on /home/airflow/.local/lib/python3.12/site-packages/airflow/example_dags/tutorial.py
[2024-06-18T09:33:57.606+0000] {processor.py:830} INFO - Processing file /home/airflow/.local/lib/python3.12/site-packages/airflow/example_dags/tutorial.py for tasks to queue
[2024-06-18T09:33:57.607+0000] {logging_mixin.py:188} INFO - [2024-06-18T09:33:57.607+0000] {dagbag.py:545} INFO - Filling up the DagBag from /home/airflow/.local/lib/python3.12/site-packages/airflow/example_dags/tutorial.py
[2024-06-18T09:33:57.610+0000] {processor.py:840} INFO - DAG(s) 'tutorial' retrieved from /home/airflow/.local/lib/python3.12/site-packages/airflow/example_dags/tutorial.py
[2024-06-18T09:33:57.622+0000] {logging_mixin.py:188} INFO - [2024-06-18T09:33:57.622+0000] {dag.py:3096} INFO - Sync 1 DAGs
[2024-06-18T09:33:57.635+0000] {logging_mixin.py:188} INFO - [2024-06-18T09:33:57.635+0000] {dag.py:3954} INFO - Setting next_dagrun for tutorial to 2024-06-17 00:00:00+00:00, run_after=2024-06-18 00:00:00+00:00
[2024-06-18T09:33:57.647+0000] {processor.py:183} INFO - Processing /home/airflow/.local/lib/python3.12/site-packages/airflow/example_dags/tutorial.py took 0.045 seconds
[2024-06-18T09:34:27.835+0000] {processor.py:161} INFO - Started process (PID=1167) to work on /home/airflow/.local/lib/python3.12/site-packages/airflow/example_dags/tutorial.py
[2024-06-18T09:34:27.836+0000] {processor.py:830} INFO - Processing file /home/airflow/.local/lib/python3.12/site-packages/airflow/example_dags/tutorial.py for tasks to queue
[2024-06-18T09:34:27.836+0000] {logging_mixin.py:188} INFO - [2024-06-18T09:34:27.836+0000] {dagbag.py:545} INFO - Filling up the DagBag from /home/airflow/.local/lib/python3.12/site-packages/airflow/example_dags/tutorial.py
[2024-06-18T09:34:27.840+0000] {processor.py:840} INFO - DAG(s) 'tutorial' retrieved from /home/airflow/.local/lib/python3.12/site-packages/airflow/example_dags/tutorial.py
[2024-06-18T09:34:27.853+0000] {logging_mixin.py:188} INFO - [2024-06-18T09:34:27.853+0000] {dag.py:3096} INFO - Sync 1 DAGs
[2024-06-18T09:34:27.867+0000] {logging_mixin.py:188} INFO - [2024-06-18T09:34:27.867+0000] {dag.py:3954} INFO - Setting next_dagrun for tutorial to 2024-06-17 00:00:00+00:00, run_after=2024-06-18 00:00:00+00:00
[2024-06-18T09:34:27.879+0000] {processor.py:183} INFO - Processing /home/airflow/.local/lib/python3.12/site-packages/airflow/example_dags/tutorial.py took 0.047 seconds
[2024-06-18T09:34:58.055+0000] {processor.py:161} INFO - Started process (PID=1429) to work on /home/airflow/.local/lib/python3.12/site-packages/airflow/example_dags/tutorial.py
[2024-06-18T09:34:58.056+0000] {processor.py:830} INFO - Processing file /home/airflow/.local/lib/python3.12/site-packages/airflow/example_dags/tutorial.py for tasks to queue
[2024-06-18T09:34:58.056+0000] {logging_mixin.py:188} INFO - [2024-06-18T09:34:58.056+0000] {dagbag.py:545} INFO - Filling up the DagBag from /home/airflow/.local/lib/python3.12/site-packages/airflow/example_dags/tutorial.py
[2024-06-18T09:34:58.059+0000] {processor.py:840} INFO - DAG(s) 'tutorial' retrieved from /home/airflow/.local/lib/python3.12/site-packages/airflow/example_dags/tutorial.py
[2024-06-18T09:34:58.070+0000] {logging_mixin.py:188} INFO - [2024-06-18T09:34:58.070+0000] {dag.py:3096} INFO - Sync 1 DAGs
[2024-06-18T09:34:58.082+0000] {logging_mixin.py:188} INFO - [2024-06-18T09:34:58.082+0000] {dag.py:3954} INFO - Setting next_dagrun for tutorial to 2024-06-17 00:00:00+00:00, run_after=2024-06-18 00:00:00+00:00
[2024-06-18T09:34:58.093+0000] {processor.py:183} INFO - Processing /home/airflow/.local/lib/python3.12/site-packages/airflow/example_dags/tutorial.py took 0.041 seconds
[2024-06-18T09:35:28.168+0000] {processor.py:161} INFO - Started process (PID=1691) to work on /home/airflow/.local/lib/python3.12/site-packages/airflow/example_dags/tutorial.py
[2024-06-18T09:35:28.169+0000] {processor.py:830} INFO - Processing file /home/airflow/.local/lib/python3.12/site-packages/airflow/example_dags/tutorial.py for tasks to queue
[2024-06-18T09:35:28.170+0000] {logging_mixin.py:188} INFO - [2024-06-18T09:35:28.170+0000] {dagbag.py:545} INFO - Filling up the DagBag from /home/airflow/.local/lib/python3.12/site-packages/airflow/example_dags/tutorial.py
[2024-06-18T09:35:28.173+0000] {processor.py:840} INFO - DAG(s) 'tutorial' retrieved from /home/airflow/.local/lib/python3.12/site-packages/airflow/example_dags/tutorial.py
[2024-06-18T09:35:28.184+0000] {logging_mixin.py:188} INFO - [2024-06-18T09:35:28.184+0000] {dag.py:3096} INFO - Sync 1 DAGs
[2024-06-18T09:35:28.196+0000] {logging_mixin.py:188} INFO - [2024-06-18T09:35:28.196+0000] {dag.py:3954} INFO - Setting next_dagrun for tutorial to 2024-06-17 00:00:00+00:00, run_after=2024-06-18 00:00:00+00:00
[2024-06-18T09:35:28.207+0000] {processor.py:183} INFO - Processing /home/airflow/.local/lib/python3.12/site-packages/airflow/example_dags/tutorial.py took 0.042 seconds
[2024-06-18T09:35:58.424+0000] {processor.py:161} INFO - Started process (PID=1953) to work on /home/airflow/.local/lib/python3.12/site-packages/airflow/example_dags/tutorial.py
[2024-06-18T09:35:58.425+0000] {processor.py:830} INFO - Processing file /home/airflow/.local/lib/python3.12/site-packages/airflow/example_dags/tutorial.py for tasks to queue
[2024-06-18T09:35:58.426+0000] {logging_mixin.py:188} INFO - [2024-06-18T09:35:58.426+0000] {dagbag.py:545} INFO - Filling up the DagBag from /home/airflow/.local/lib/python3.12/site-packages/airflow/example_dags/tutorial.py
[2024-06-18T09:35:58.431+0000] {processor.py:840} INFO - DAG(s) 'tutorial' retrieved from /home/airflow/.local/lib/python3.12/site-packages/airflow/example_dags/tutorial.py
[2024-06-18T09:35:58.450+0000] {logging_mixin.py:188} INFO - [2024-06-18T09:35:58.450+0000] {dag.py:3096} INFO - Sync 1 DAGs
[2024-06-18T09:35:58.467+0000] {logging_mixin.py:188} INFO - [2024-06-18T09:35:58.467+0000] {dag.py:3954} INFO - Setting next_dagrun for tutorial to 2024-06-17 00:00:00+00:00, run_after=2024-06-18 00:00:00+00:00
[2024-06-18T09:35:58.483+0000] {processor.py:183} INFO - Processing /home/airflow/.local/lib/python3.12/site-packages/airflow/example_dags/tutorial.py took 0.064 seconds
[2024-06-18T09:36:28.554+0000] {processor.py:161} INFO - Started process (PID=2215) to work on /home/airflow/.local/lib/python3.12/site-packages/airflow/example_dags/tutorial.py
[2024-06-18T09:36:28.555+0000] {processor.py:830} INFO - Processing file /home/airflow/.local/lib/python3.12/site-packages/airflow/example_dags/tutorial.py for tasks to queue
[2024-06-18T09:36:28.556+0000] {logging_mixin.py:188} INFO - [2024-06-18T09:36:28.556+0000] {dagbag.py:545} INFO - Filling up the DagBag from /home/airflow/.local/lib/python3.12/site-packages/airflow/example_dags/tutorial.py
[2024-06-18T09:36:28.559+0000] {processor.py:840} INFO - DAG(s) 'tutorial' retrieved from /home/airflow/.local/lib/python3.12/site-packages/airflow/example_dags/tutorial.py
[2024-06-18T09:36:28.572+0000] {logging_mixin.py:188} INFO - [2024-06-18T09:36:28.572+0000] {dag.py:3096} INFO - Sync 1 DAGs
[2024-06-18T09:36:28.585+0000] {logging_mixin.py:188} INFO - [2024-06-18T09:36:28.585+0000] {dag.py:3954} INFO - Setting next_dagrun for tutorial to 2024-06-17 00:00:00+00:00, run_after=2024-06-18 00:00:00+00:00
[2024-06-18T09:36:28.597+0000] {processor.py:183} INFO - Processing /home/airflow/.local/lib/python3.12/site-packages/airflow/example_dags/tutorial.py took 0.047 seconds
[2024-06-18T09:36:58.784+0000] {processor.py:161} INFO - Started process (PID=2477) to work on /home/airflow/.local/lib/python3.12/site-packages/airflow/example_dags/tutorial.py
[2024-06-18T09:36:58.784+0000] {processor.py:830} INFO - Processing file /home/airflow/.local/lib/python3.12/site-packages/airflow/example_dags/tutorial.py for tasks to queue
[2024-06-18T09:36:58.785+0000] {logging_mixin.py:188} INFO - [2024-06-18T09:36:58.785+0000] {dagbag.py:545} INFO - Filling up the DagBag from /home/airflow/.local/lib/python3.12/site-packages/airflow/example_dags/tutorial.py
[2024-06-18T09:36:58.788+0000] {processor.py:840} INFO - DAG(s) 'tutorial' retrieved from /home/airflow/.local/lib/python3.12/site-packages/airflow/example_dags/tutorial.py
[2024-06-18T09:36:58.799+0000] {logging_mixin.py:188} INFO - [2024-06-18T09:36:58.799+0000] {dag.py:3096} INFO - Sync 1 DAGs
[2024-06-18T09:36:58.812+0000] {logging_mixin.py:188} INFO - [2024-06-18T09:36:58.812+0000] {dag.py:3954} INFO - Setting next_dagrun for tutorial to 2024-06-17 00:00:00+00:00, run_after=2024-06-18 00:00:00+00:00
[2024-06-18T09:36:58.825+0000] {processor.py:183} INFO - Processing /home/airflow/.local/lib/python3.12/site-packages/airflow/example_dags/tutorial.py took 0.048 seconds
[2024-06-18T09:37:29.014+0000] {processor.py:161} INFO - Started process (PID=2739) to work on /home/airflow/.local/lib/python3.12/site-packages/airflow/example_dags/tutorial.py
[2024-06-18T09:37:29.016+0000] {processor.py:830} INFO - Processing file /home/airflow/.local/lib/python3.12/site-packages/airflow/example_dags/tutorial.py for tasks to queue
[2024-06-18T09:37:29.017+0000] {logging_mixin.py:188} INFO - [2024-06-18T09:37:29.017+0000] {dagbag.py:545} INFO - Filling up the DagBag from /home/airflow/.local/lib/python3.12/site-packages/airflow/example_dags/tutorial.py
[2024-06-18T09:37:29.019+0000] {processor.py:840} INFO - DAG(s) 'tutorial' retrieved from /home/airflow/.local/lib/python3.12/site-packages/airflow/example_dags/tutorial.py
[2024-06-18T09:37:29.030+0000] {logging_mixin.py:188} INFO - [2024-06-18T09:37:29.030+0000] {dag.py:3096} INFO - Sync 1 DAGs
[2024-06-18T09:37:29.041+0000] {logging_mixin.py:188} INFO - [2024-06-18T09:37:29.041+0000] {dag.py:3954} INFO - Setting next_dagrun for tutorial to 2024-06-17 00:00:00+00:00, run_after=2024-06-18 00:00:00+00:00
[2024-06-18T09:37:29.052+0000] {processor.py:183} INFO - Processing /home/airflow/.local/lib/python3.12/site-packages/airflow/example_dags/tutorial.py took 0.041 seconds
[2024-06-18T09:37:59.089+0000] {processor.py:161} INFO - Started process (PID=3001) to work on /home/airflow/.local/lib/python3.12/site-packages/airflow/example_dags/tutorial.py
[2024-06-18T09:37:59.090+0000] {processor.py:830} INFO - Processing file /home/airflow/.local/lib/python3.12/site-packages/airflow/example_dags/tutorial.py for tasks to queue
[2024-06-18T09:37:59.090+0000] {logging_mixin.py:188} INFO - [2024-06-18T09:37:59.090+0000] {dagbag.py:545} INFO - Filling up the DagBag from /home/airflow/.local/lib/python3.12/site-packages/airflow/example_dags/tutorial.py
[2024-06-18T09:37:59.093+0000] {processor.py:840} INFO - DAG(s) 'tutorial' retrieved from /home/airflow/.local/lib/python3.12/site-packages/airflow/example_dags/tutorial.py
[2024-06-18T09:37:59.105+0000] {logging_mixin.py:188} INFO - [2024-06-18T09:37:59.105+0000] {dag.py:3096} INFO - Sync 1 DAGs
[2024-06-18T09:37:59.117+0000] {logging_mixin.py:188} INFO - [2024-06-18T09:37:59.117+0000] {dag.py:3954} INFO - Setting next_dagrun for tutorial to 2024-06-17 00:00:00+00:00, run_after=2024-06-18 00:00:00+00:00
[2024-06-18T09:37:59.128+0000] {processor.py:183} INFO - Processing /home/airflow/.local/lib/python3.12/site-packages/airflow/example_dags/tutorial.py took 0.042 seconds
[2024-06-18T09:38:29.230+0000] {processor.py:161} INFO - Started process (PID=3263) to work on /home/airflow/.local/lib/python3.12/site-packages/airflow/example_dags/tutorial.py
[2024-06-18T09:38:29.230+0000] {processor.py:830} INFO - Processing file /home/airflow/.local/lib/python3.12/site-packages/airflow/example_dags/tutorial.py for tasks to queue
[2024-06-18T09:38:29.231+0000] {logging_mixin.py:188} INFO - [2024-06-18T09:38:29.231+0000] {dagbag.py:545} INFO - Filling up the DagBag from /home/airflow/.local/lib/python3.12/site-packages/airflow/example_dags/tutorial.py
[2024-06-18T09:38:29.234+0000] {processor.py:840} INFO - DAG(s) 'tutorial' retrieved from /home/airflow/.local/lib/python3.12/site-packages/airflow/example_dags/tutorial.py
[2024-06-18T09:38:29.246+0000] {logging_mixin.py:188} INFO - [2024-06-18T09:38:29.245+0000] {dag.py:3096} INFO - Sync 1 DAGs
[2024-06-18T09:38:29.256+0000] {logging_mixin.py:188} INFO - [2024-06-18T09:38:29.256+0000] {dag.py:3954} INFO - Setting next_dagrun for tutorial to 2024-06-17 00:00:00+00:00, run_after=2024-06-18 00:00:00+00:00
[2024-06-18T09:38:29.268+0000] {processor.py:183} INFO - Processing /home/airflow/.local/lib/python3.12/site-packages/airflow/example_dags/tutorial.py took 0.041 seconds
[2024-06-18T09:38:59.460+0000] {processor.py:161} INFO - Started process (PID=3525) to work on /home/airflow/.local/lib/python3.12/site-packages/airflow/example_dags/tutorial.py
[2024-06-18T09:38:59.460+0000] {processor.py:830} INFO - Processing file /home/airflow/.local/lib/python3.12/site-packages/airflow/example_dags/tutorial.py for tasks to queue
[2024-06-18T09:38:59.461+0000] {logging_mixin.py:188} INFO - [2024-06-18T09:38:59.461+0000] {dagbag.py:545} INFO - Filling up the DagBag from /home/airflow/.local/lib/python3.12/site-packages/airflow/example_dags/tutorial.py
[2024-06-18T09:38:59.464+0000] {processor.py:840} INFO - DAG(s) 'tutorial' retrieved from /home/airflow/.local/lib/python3.12/site-packages/airflow/example_dags/tutorial.py
[2024-06-18T09:38:59.478+0000] {logging_mixin.py:188} INFO - [2024-06-18T09:38:59.478+0000] {dag.py:3096} INFO - Sync 1 DAGs
[2024-06-18T09:38:59.492+0000] {logging_mixin.py:188} INFO - [2024-06-18T09:38:59.492+0000] {dag.py:3954} INFO - Setting next_dagrun for tutorial to 2024-06-17 00:00:00+00:00, run_after=2024-06-18 00:00:00+00:00
[2024-06-18T09:38:59.505+0000] {processor.py:183} INFO - Processing /home/airflow/.local/lib/python3.12/site-packages/airflow/example_dags/tutorial.py took 0.050 seconds
[2024-06-18T09:39:29.657+0000] {processor.py:161} INFO - Started process (PID=3788) to work on /home/airflow/.local/lib/python3.12/site-packages/airflow/example_dags/tutorial.py
[2024-06-18T09:39:29.657+0000] {processor.py:830} INFO - Processing file /home/airflow/.local/lib/python3.12/site-packages/airflow/example_dags/tutorial.py for tasks to queue
[2024-06-18T09:39:29.658+0000] {logging_mixin.py:188} INFO - [2024-06-18T09:39:29.658+0000] {dagbag.py:545} INFO - Filling up the DagBag from /home/airflow/.local/lib/python3.12/site-packages/airflow/example_dags/tutorial.py
[2024-06-18T09:39:29.662+0000] {processor.py:840} INFO - DAG(s) 'tutorial' retrieved from /home/airflow/.local/lib/python3.12/site-packages/airflow/example_dags/tutorial.py
[2024-06-18T09:39:29.674+0000] {logging_mixin.py:188} INFO - [2024-06-18T09:39:29.673+0000] {dag.py:3096} INFO - Sync 1 DAGs
[2024-06-18T09:39:29.686+0000] {logging_mixin.py:188} INFO - [2024-06-18T09:39:29.686+0000] {dag.py:3954} INFO - Setting next_dagrun for tutorial to 2024-06-17 00:00:00+00:00, run_after=2024-06-18 00:00:00+00:00
[2024-06-18T09:39:29.698+0000] {processor.py:183} INFO - Processing /home/airflow/.local/lib/python3.12/site-packages/airflow/example_dags/tutorial.py took 0.045 seconds
[2024-06-18T09:39:59.859+0000] {processor.py:161} INFO - Started process (PID=4050) to work on /home/airflow/.local/lib/python3.12/site-packages/airflow/example_dags/tutorial.py
[2024-06-18T09:39:59.860+0000] {processor.py:830} INFO - Processing file /home/airflow/.local/lib/python3.12/site-packages/airflow/example_dags/tutorial.py for tasks to queue
[2024-06-18T09:39:59.861+0000] {logging_mixin.py:188} INFO - [2024-06-18T09:39:59.860+0000] {dagbag.py:545} INFO - Filling up the DagBag from /home/airflow/.local/lib/python3.12/site-packages/airflow/example_dags/tutorial.py
[2024-06-18T09:39:59.864+0000] {processor.py:840} INFO - DAG(s) 'tutorial' retrieved from /home/airflow/.local/lib/python3.12/site-packages/airflow/example_dags/tutorial.py
[2024-06-18T09:39:59.876+0000] {logging_mixin.py:188} INFO - [2024-06-18T09:39:59.876+0000] {dag.py:3096} INFO - Sync 1 DAGs
[2024-06-18T09:39:59.889+0000] {logging_mixin.py:188} INFO - [2024-06-18T09:39:59.889+0000] {dag.py:3954} INFO - Setting next_dagrun for tutorial to 2024-06-17 00:00:00+00:00, run_after=2024-06-18 00:00:00+00:00
[2024-06-18T09:39:59.901+0000] {processor.py:183} INFO - Processing /home/airflow/.local/lib/python3.12/site-packages/airflow/example_dags/tutorial.py took 0.045 seconds
[2024-06-18T09:40:30.129+0000] {processor.py:161} INFO - Started process (PID=4312) to work on /home/airflow/.local/lib/python3.12/site-packages/airflow/example_dags/tutorial.py
[2024-06-18T09:40:30.130+0000] {processor.py:830} INFO - Processing file /home/airflow/.local/lib/python3.12/site-packages/airflow/example_dags/tutorial.py for tasks to queue
[2024-06-18T09:40:30.131+0000] {logging_mixin.py:188} INFO - [2024-06-18T09:40:30.131+0000] {dagbag.py:545} INFO - Filling up the DagBag from /home/airflow/.local/lib/python3.12/site-packages/airflow/example_dags/tutorial.py
[2024-06-18T09:40:30.134+0000] {processor.py:840} INFO - DAG(s) 'tutorial' retrieved from /home/airflow/.local/lib/python3.12/site-packages/airflow/example_dags/tutorial.py
[2024-06-18T09:40:30.147+0000] {logging_mixin.py:188} INFO - [2024-06-18T09:40:30.146+0000] {dag.py:3096} INFO - Sync 1 DAGs
[2024-06-18T09:40:30.161+0000] {logging_mixin.py:188} INFO - [2024-06-18T09:40:30.161+0000] {dag.py:3954} INFO - Setting next_dagrun for tutorial to 2024-06-17 00:00:00+00:00, run_after=2024-06-18 00:00:00+00:00
[2024-06-18T09:40:30.172+0000] {processor.py:183} INFO - Processing /home/airflow/.local/lib/python3.12/site-packages/airflow/example_dags/tutorial.py took 0.047 seconds
[2024-06-18T09:41:01.139+0000] {processor.py:161} INFO - Started process (PID=4574) to work on /home/airflow/.local/lib/python3.12/site-packages/airflow/example_dags/tutorial.py
[2024-06-18T09:41:01.139+0000] {processor.py:830} INFO - Processing file /home/airflow/.local/lib/python3.12/site-packages/airflow/example_dags/tutorial.py for tasks to queue
[2024-06-18T09:41:01.140+0000] {logging_mixin.py:188} INFO - [2024-06-18T09:41:01.140+0000] {dagbag.py:545} INFO - Filling up the DagBag from /home/airflow/.local/lib/python3.12/site-packages/airflow/example_dags/tutorial.py
[2024-06-18T09:41:01.143+0000] {processor.py:840} INFO - DAG(s) 'tutorial' retrieved from /home/airflow/.local/lib/python3.12/site-packages/airflow/example_dags/tutorial.py
[2024-06-18T09:41:01.153+0000] {logging_mixin.py:188} INFO - [2024-06-18T09:41:01.153+0000] {dag.py:3096} INFO - Sync 1 DAGs
[2024-06-18T09:41:01.167+0000] {logging_mixin.py:188} INFO - [2024-06-18T09:41:01.167+0000] {dag.py:3954} INFO - Setting next_dagrun for tutorial to 2024-06-17 00:00:00+00:00, run_after=2024-06-18 00:00:00+00:00
[2024-06-18T09:41:01.178+0000] {processor.py:183} INFO - Processing /home/airflow/.local/lib/python3.12/site-packages/airflow/example_dags/tutorial.py took 0.043 seconds
[2024-06-18T09:41:31.923+0000] {processor.py:161} INFO - Started process (PID=4838) to work on /home/airflow/.local/lib/python3.12/site-packages/airflow/example_dags/tutorial.py
[2024-06-18T09:41:31.924+0000] {processor.py:830} INFO - Processing file /home/airflow/.local/lib/python3.12/site-packages/airflow/example_dags/tutorial.py for tasks to queue
[2024-06-18T09:41:31.925+0000] {logging_mixin.py:188} INFO - [2024-06-18T09:41:31.925+0000] {dagbag.py:545} INFO - Filling up the DagBag from /home/airflow/.local/lib/python3.12/site-packages/airflow/example_dags/tutorial.py
[2024-06-18T09:41:31.928+0000] {processor.py:840} INFO - DAG(s) 'tutorial' retrieved from /home/airflow/.local/lib/python3.12/site-packages/airflow/example_dags/tutorial.py
[2024-06-18T09:41:31.939+0000] {logging_mixin.py:188} INFO - [2024-06-18T09:41:31.938+0000] {dag.py:3096} INFO - Sync 1 DAGs
[2024-06-18T09:41:31.951+0000] {logging_mixin.py:188} INFO - [2024-06-18T09:41:31.951+0000] {dag.py:3954} INFO - Setting next_dagrun for tutorial to 2024-06-17 00:00:00+00:00, run_after=2024-06-18 00:00:00+00:00
[2024-06-18T09:41:31.962+0000] {processor.py:183} INFO - Processing /home/airflow/.local/lib/python3.12/site-packages/airflow/example_dags/tutorial.py took 0.041 seconds
[2024-06-18T09:42:02.692+0000] {processor.py:161} INFO - Started process (PID=5098) to work on /home/airflow/.local/lib/python3.12/site-packages/airflow/example_dags/tutorial.py
[2024-06-18T09:42:02.693+0000] {processor.py:830} INFO - Processing file /home/airflow/.local/lib/python3.12/site-packages/airflow/example_dags/tutorial.py for tasks to queue
[2024-06-18T09:42:02.693+0000] {logging_mixin.py:188} INFO - [2024-06-18T09:42:02.693+0000] {dagbag.py:545} INFO - Filling up the DagBag from /home/airflow/.local/lib/python3.12/site-packages/airflow/example_dags/tutorial.py
[2024-06-18T09:42:02.696+0000] {processor.py:840} INFO - DAG(s) 'tutorial' retrieved from /home/airflow/.local/lib/python3.12/site-packages/airflow/example_dags/tutorial.py
[2024-06-18T09:42:02.707+0000] {logging_mixin.py:188} INFO - [2024-06-18T09:42:02.707+0000] {dag.py:3096} INFO - Sync 1 DAGs
[2024-06-18T09:42:02.720+0000] {logging_mixin.py:188} INFO - [2024-06-18T09:42:02.720+0000] {dag.py:3954} INFO - Setting next_dagrun for tutorial to 2024-06-17 00:00:00+00:00, run_after=2024-06-18 00:00:00+00:00
[2024-06-18T09:42:02.730+0000] {processor.py:183} INFO - Processing /home/airflow/.local/lib/python3.12/site-packages/airflow/example_dags/tutorial.py took 0.041 seconds
[2024-06-18T09:42:33.416+0000] {processor.py:161} INFO - Started process (PID=5360) to work on /home/airflow/.local/lib/python3.12/site-packages/airflow/example_dags/tutorial.py
[2024-06-18T09:42:33.416+0000] {processor.py:830} INFO - Processing file /home/airflow/.local/lib/python3.12/site-packages/airflow/example_dags/tutorial.py for tasks to queue
[2024-06-18T09:42:33.417+0000] {logging_mixin.py:188} INFO - [2024-06-18T09:42:33.417+0000] {dagbag.py:545} INFO - Filling up the DagBag from /home/airflow/.local/lib/python3.12/site-packages/airflow/example_dags/tutorial.py
[2024-06-18T09:42:33.420+0000] {processor.py:840} INFO - DAG(s) 'tutorial' retrieved from /home/airflow/.local/lib/python3.12/site-packages/airflow/example_dags/tutorial.py
[2024-06-18T09:42:33.432+0000] {logging_mixin.py:188} INFO - [2024-06-18T09:42:33.432+0000] {dag.py:3096} INFO - Sync 1 DAGs
[2024-06-18T09:42:33.445+0000] {logging_mixin.py:188} INFO - [2024-06-18T09:42:33.445+0000] {dag.py:3954} INFO - Setting next_dagrun for tutorial to 2024-06-17 00:00:00+00:00, run_after=2024-06-18 00:00:00+00:00
[2024-06-18T09:42:33.456+0000] {processor.py:183} INFO - Processing /home/airflow/.local/lib/python3.12/site-packages/airflow/example_dags/tutorial.py took 0.044 seconds
[2024-06-18T09:43:04.341+0000] {processor.py:161} INFO - Started process (PID=5622) to work on /home/airflow/.local/lib/python3.12/site-packages/airflow/example_dags/tutorial.py
[2024-06-18T09:43:04.341+0000] {processor.py:830} INFO - Processing file /home/airflow/.local/lib/python3.12/site-packages/airflow/example_dags/tutorial.py for tasks to queue
[2024-06-18T09:43:04.343+0000] {logging_mixin.py:188} INFO - [2024-06-18T09:43:04.343+0000] {dagbag.py:545} INFO - Filling up the DagBag from /home/airflow/.local/lib/python3.12/site-packages/airflow/example_dags/tutorial.py
[2024-06-18T09:43:04.346+0000] {processor.py:840} INFO - DAG(s) 'tutorial' retrieved from /home/airflow/.local/lib/python3.12/site-packages/airflow/example_dags/tutorial.py
[2024-06-18T09:43:04.359+0000] {logging_mixin.py:188} INFO - [2024-06-18T09:43:04.359+0000] {dag.py:3096} INFO - Sync 1 DAGs
[2024-06-18T09:43:04.373+0000] {logging_mixin.py:188} INFO - [2024-06-18T09:43:04.373+0000] {dag.py:3954} INFO - Setting next_dagrun for tutorial to 2024-06-17 00:00:00+00:00, run_after=2024-06-18 00:00:00+00:00
[2024-06-18T09:43:04.386+0000] {processor.py:183} INFO - Processing /home/airflow/.local/lib/python3.12/site-packages/airflow/example_dags/tutorial.py took 0.049 seconds
[2024-06-18T09:43:34.515+0000] {processor.py:161} INFO - Started process (PID=5884) to work on /home/airflow/.local/lib/python3.12/site-packages/airflow/example_dags/tutorial.py
[2024-06-18T09:43:34.516+0000] {processor.py:830} INFO - Processing file /home/airflow/.local/lib/python3.12/site-packages/airflow/example_dags/tutorial.py for tasks to queue
[2024-06-18T09:43:34.517+0000] {logging_mixin.py:188} INFO - [2024-06-18T09:43:34.516+0000] {dagbag.py:545} INFO - Filling up the DagBag from /home/airflow/.local/lib/python3.12/site-packages/airflow/example_dags/tutorial.py
[2024-06-18T09:43:34.522+0000] {processor.py:840} INFO - DAG(s) 'tutorial' retrieved from /home/airflow/.local/lib/python3.12/site-packages/airflow/example_dags/tutorial.py
[2024-06-18T09:43:34.535+0000] {logging_mixin.py:188} INFO - [2024-06-18T09:43:34.534+0000] {dag.py:3096} INFO - Sync 1 DAGs
[2024-06-18T09:43:34.549+0000] {logging_mixin.py:188} INFO - [2024-06-18T09:43:34.549+0000] {dag.py:3954} INFO - Setting next_dagrun for tutorial to 2024-06-17 00:00:00+00:00, run_after=2024-06-18 00:00:00+00:00
[2024-06-18T09:43:34.563+0000] {processor.py:183} INFO - Processing /home/airflow/.local/lib/python3.12/site-packages/airflow/example_dags/tutorial.py took 0.051 seconds
[2024-06-18T09:44:04.612+0000] {processor.py:161} INFO - Started process (PID=6146) to work on /home/airflow/.local/lib/python3.12/site-packages/airflow/example_dags/tutorial.py
[2024-06-18T09:44:04.612+0000] {processor.py:830} INFO - Processing file /home/airflow/.local/lib/python3.12/site-packages/airflow/example_dags/tutorial.py for tasks to queue
[2024-06-18T09:44:04.613+0000] {logging_mixin.py:188} INFO - [2024-06-18T09:44:04.613+0000] {dagbag.py:545} INFO - Filling up the DagBag from /home/airflow/.local/lib/python3.12/site-packages/airflow/example_dags/tutorial.py
[2024-06-18T09:44:04.616+0000] {processor.py:840} INFO - DAG(s) 'tutorial' retrieved from /home/airflow/.local/lib/python3.12/site-packages/airflow/example_dags/tutorial.py
[2024-06-18T09:44:04.629+0000] {logging_mixin.py:188} INFO - [2024-06-18T09:44:04.629+0000] {dag.py:3096} INFO - Sync 1 DAGs
[2024-06-18T09:44:04.643+0000] {logging_mixin.py:188} INFO - [2024-06-18T09:44:04.643+0000] {dag.py:3954} INFO - Setting next_dagrun for tutorial to 2024-06-17 00:00:00+00:00, run_after=2024-06-18 00:00:00+00:00
[2024-06-18T09:44:04.657+0000] {processor.py:183} INFO - Processing /home/airflow/.local/lib/python3.12/site-packages/airflow/example_dags/tutorial.py took 0.049 seconds
[2024-06-18T09:44:35.433+0000] {processor.py:161} INFO - Started process (PID=6408) to work on /home/airflow/.local/lib/python3.12/site-packages/airflow/example_dags/tutorial.py
[2024-06-18T09:44:35.433+0000] {processor.py:830} INFO - Processing file /home/airflow/.local/lib/python3.12/site-packages/airflow/example_dags/tutorial.py for tasks to queue
[2024-06-18T09:44:35.434+0000] {logging_mixin.py:188} INFO - [2024-06-18T09:44:35.434+0000] {dagbag.py:545} INFO - Filling up the DagBag from /home/airflow/.local/lib/python3.12/site-packages/airflow/example_dags/tutorial.py
[2024-06-18T09:44:35.437+0000] {processor.py:840} INFO - DAG(s) 'tutorial' retrieved from /home/airflow/.local/lib/python3.12/site-packages/airflow/example_dags/tutorial.py
[2024-06-18T09:44:35.450+0000] {logging_mixin.py:188} INFO - [2024-06-18T09:44:35.450+0000] {dag.py:3096} INFO - Sync 1 DAGs
[2024-06-18T09:44:35.463+0000] {logging_mixin.py:188} INFO - [2024-06-18T09:44:35.463+0000] {dag.py:3954} INFO - Setting next_dagrun for tutorial to 2024-06-17 00:00:00+00:00, run_after=2024-06-18 00:00:00+00:00
[2024-06-18T09:44:35.474+0000] {processor.py:183} INFO - Processing /home/airflow/.local/lib/python3.12/site-packages/airflow/example_dags/tutorial.py took 0.044 seconds
[2024-06-18T09:45:05.584+0000] {processor.py:161} INFO - Started process (PID=6669) to work on /home/airflow/.local/lib/python3.12/site-packages/airflow/example_dags/tutorial.py
[2024-06-18T09:45:05.585+0000] {processor.py:830} INFO - Processing file /home/airflow/.local/lib/python3.12/site-packages/airflow/example_dags/tutorial.py for tasks to queue
[2024-06-18T09:45:05.586+0000] {logging_mixin.py:188} INFO - [2024-06-18T09:45:05.586+0000] {dagbag.py:545} INFO - Filling up the DagBag from /home/airflow/.local/lib/python3.12/site-packages/airflow/example_dags/tutorial.py
[2024-06-18T09:45:05.589+0000] {processor.py:840} INFO - DAG(s) 'tutorial' retrieved from /home/airflow/.local/lib/python3.12/site-packages/airflow/example_dags/tutorial.py
[2024-06-18T09:45:05.600+0000] {logging_mixin.py:188} INFO - [2024-06-18T09:45:05.600+0000] {dag.py:3096} INFO - Sync 1 DAGs
[2024-06-18T09:45:05.612+0000] {logging_mixin.py:188} INFO - [2024-06-18T09:45:05.612+0000] {dag.py:3954} INFO - Setting next_dagrun for tutorial to 2024-06-17 00:00:00+00:00, run_after=2024-06-18 00:00:00+00:00
[2024-06-18T09:45:05.622+0000] {processor.py:183} INFO - Processing /home/airflow/.local/lib/python3.12/site-packages/airflow/example_dags/tutorial.py took 0.041 seconds
[2024-06-18T09:45:35.793+0000] {processor.py:161} INFO - Started process (PID=6931) to work on /home/airflow/.local/lib/python3.12/site-packages/airflow/example_dags/tutorial.py
[2024-06-18T09:45:35.794+0000] {processor.py:830} INFO - Processing file /home/airflow/.local/lib/python3.12/site-packages/airflow/example_dags/tutorial.py for tasks to queue
[2024-06-18T09:45:35.795+0000] {logging_mixin.py:188} INFO - [2024-06-18T09:45:35.794+0000] {dagbag.py:545} INFO - Filling up the DagBag from /home/airflow/.local/lib/python3.12/site-packages/airflow/example_dags/tutorial.py
[2024-06-18T09:45:35.797+0000] {processor.py:840} INFO - DAG(s) 'tutorial' retrieved from /home/airflow/.local/lib/python3.12/site-packages/airflow/example_dags/tutorial.py
[2024-06-18T09:45:35.809+0000] {logging_mixin.py:188} INFO - [2024-06-18T09:45:35.809+0000] {dag.py:3096} INFO - Sync 1 DAGs
[2024-06-18T09:45:35.821+0000] {logging_mixin.py:188} INFO - [2024-06-18T09:45:35.820+0000] {dag.py:3954} INFO - Setting next_dagrun for tutorial to 2024-06-17 00:00:00+00:00, run_after=2024-06-18 00:00:00+00:00
[2024-06-18T09:45:35.832+0000] {processor.py:183} INFO - Processing /home/airflow/.local/lib/python3.12/site-packages/airflow/example_dags/tutorial.py took 0.042 seconds
[2024-06-18T09:46:05.938+0000] {processor.py:161} INFO - Started process (PID=7193) to work on /home/airflow/.local/lib/python3.12/site-packages/airflow/example_dags/tutorial.py
[2024-06-18T09:46:05.939+0000] {processor.py:830} INFO - Processing file /home/airflow/.local/lib/python3.12/site-packages/airflow/example_dags/tutorial.py for tasks to queue
[2024-06-18T09:46:05.940+0000] {logging_mixin.py:188} INFO - [2024-06-18T09:46:05.940+0000] {dagbag.py:545} INFO - Filling up the DagBag from /home/airflow/.local/lib/python3.12/site-packages/airflow/example_dags/tutorial.py
[2024-06-18T09:46:05.943+0000] {processor.py:840} INFO - DAG(s) 'tutorial' retrieved from /home/airflow/.local/lib/python3.12/site-packages/airflow/example_dags/tutorial.py
[2024-06-18T09:46:05.954+0000] {logging_mixin.py:188} INFO - [2024-06-18T09:46:05.954+0000] {dag.py:3096} INFO - Sync 1 DAGs
[2024-06-18T09:46:05.966+0000] {logging_mixin.py:188} INFO - [2024-06-18T09:46:05.966+0000] {dag.py:3954} INFO - Setting next_dagrun for tutorial to 2024-06-17 00:00:00+00:00, run_after=2024-06-18 00:00:00+00:00
[2024-06-18T09:46:05.977+0000] {processor.py:183} INFO - Processing /home/airflow/.local/lib/python3.12/site-packages/airflow/example_dags/tutorial.py took 0.042 seconds
[2024-06-18T09:46:36.071+0000] {processor.py:161} INFO - Started process (PID=7455) to work on /home/airflow/.local/lib/python3.12/site-packages/airflow/example_dags/tutorial.py
[2024-06-18T09:46:36.072+0000] {processor.py:830} INFO - Processing file /home/airflow/.local/lib/python3.12/site-packages/airflow/example_dags/tutorial.py for tasks to queue
[2024-06-18T09:46:36.073+0000] {logging_mixin.py:188} INFO - [2024-06-18T09:46:36.073+0000] {dagbag.py:545} INFO - Filling up the DagBag from /home/airflow/.local/lib/python3.12/site-packages/airflow/example_dags/tutorial.py
[2024-06-18T09:46:36.076+0000] {processor.py:840} INFO - DAG(s) 'tutorial' retrieved from /home/airflow/.local/lib/python3.12/site-packages/airflow/example_dags/tutorial.py
[2024-06-18T09:46:36.087+0000] {logging_mixin.py:188} INFO - [2024-06-18T09:46:36.086+0000] {dag.py:3096} INFO - Sync 1 DAGs
[2024-06-18T09:46:36.098+0000] {logging_mixin.py:188} INFO - [2024-06-18T09:46:36.098+0000] {dag.py:3954} INFO - Setting next_dagrun for tutorial to 2024-06-17 00:00:00+00:00, run_after=2024-06-18 00:00:00+00:00
[2024-06-18T09:46:36.109+0000] {processor.py:183} INFO - Processing /home/airflow/.local/lib/python3.12/site-packages/airflow/example_dags/tutorial.py took 0.042 seconds
[2024-06-18T09:47:07.072+0000] {processor.py:161} INFO - Started process (PID=7717) to work on /home/airflow/.local/lib/python3.12/site-packages/airflow/example_dags/tutorial.py
[2024-06-18T09:47:07.072+0000] {processor.py:830} INFO - Processing file /home/airflow/.local/lib/python3.12/site-packages/airflow/example_dags/tutorial.py for tasks to queue
[2024-06-18T09:47:07.073+0000] {logging_mixin.py:188} INFO - [2024-06-18T09:47:07.073+0000] {dagbag.py:545} INFO - Filling up the DagBag from /home/airflow/.local/lib/python3.12/site-packages/airflow/example_dags/tutorial.py
[2024-06-18T09:47:07.076+0000] {processor.py:840} INFO - DAG(s) 'tutorial' retrieved from /home/airflow/.local/lib/python3.12/site-packages/airflow/example_dags/tutorial.py
[2024-06-18T09:47:07.086+0000] {logging_mixin.py:188} INFO - [2024-06-18T09:47:07.086+0000] {dag.py:3096} INFO - Sync 1 DAGs
[2024-06-18T09:47:07.099+0000] {logging_mixin.py:188} INFO - [2024-06-18T09:47:07.098+0000] {dag.py:3954} INFO - Setting next_dagrun for tutorial to 2024-06-17 00:00:00+00:00, run_after=2024-06-18 00:00:00+00:00
[2024-06-18T09:47:07.110+0000] {processor.py:183} INFO - Processing /home/airflow/.local/lib/python3.12/site-packages/airflow/example_dags/tutorial.py took 0.041 seconds
[2024-06-18T09:47:37.838+0000] {processor.py:161} INFO - Started process (PID=7979) to work on /home/airflow/.local/lib/python3.12/site-packages/airflow/example_dags/tutorial.py
[2024-06-18T09:47:37.838+0000] {processor.py:830} INFO - Processing file /home/airflow/.local/lib/python3.12/site-packages/airflow/example_dags/tutorial.py for tasks to queue
[2024-06-18T09:47:37.839+0000] {logging_mixin.py:188} INFO - [2024-06-18T09:47:37.839+0000] {dagbag.py:545} INFO - Filling up the DagBag from /home/airflow/.local/lib/python3.12/site-packages/airflow/example_dags/tutorial.py
[2024-06-18T09:47:37.842+0000] {processor.py:840} INFO - DAG(s) 'tutorial' retrieved from /home/airflow/.local/lib/python3.12/site-packages/airflow/example_dags/tutorial.py
[2024-06-18T09:47:37.852+0000] {logging_mixin.py:188} INFO - [2024-06-18T09:47:37.852+0000] {dag.py:3096} INFO - Sync 1 DAGs
[2024-06-18T09:47:37.864+0000] {logging_mixin.py:188} INFO - [2024-06-18T09:47:37.864+0000] {dag.py:3954} INFO - Setting next_dagrun for tutorial to 2024-06-17 00:00:00+00:00, run_after=2024-06-18 00:00:00+00:00
[2024-06-18T09:47:37.875+0000] {processor.py:183} INFO - Processing /home/airflow/.local/lib/python3.12/site-packages/airflow/example_dags/tutorial.py took 0.040 seconds
[2024-06-18T09:48:08.629+0000] {processor.py:161} INFO - Started process (PID=8241) to work on /home/airflow/.local/lib/python3.12/site-packages/airflow/example_dags/tutorial.py
[2024-06-18T09:48:08.630+0000] {processor.py:830} INFO - Processing file /home/airflow/.local/lib/python3.12/site-packages/airflow/example_dags/tutorial.py for tasks to queue
[2024-06-18T09:48:08.631+0000] {logging_mixin.py:188} INFO - [2024-06-18T09:48:08.631+0000] {dagbag.py:545} INFO - Filling up the DagBag from /home/airflow/.local/lib/python3.12/site-packages/airflow/example_dags/tutorial.py
[2024-06-18T09:48:08.634+0000] {processor.py:840} INFO - DAG(s) 'tutorial' retrieved from /home/airflow/.local/lib/python3.12/site-packages/airflow/example_dags/tutorial.py
[2024-06-18T09:48:08.648+0000] {logging_mixin.py:188} INFO - [2024-06-18T09:48:08.647+0000] {dag.py:3096} INFO - Sync 1 DAGs
[2024-06-18T09:48:08.660+0000] {logging_mixin.py:188} INFO - [2024-06-18T09:48:08.660+0000] {dag.py:3954} INFO - Setting next_dagrun for tutorial to 2024-06-17 00:00:00+00:00, run_after=2024-06-18 00:00:00+00:00
[2024-06-18T09:48:08.672+0000] {processor.py:183} INFO - Processing /home/airflow/.local/lib/python3.12/site-packages/airflow/example_dags/tutorial.py took 0.046 seconds
[2024-06-18T09:48:39.380+0000] {processor.py:161} INFO - Started process (PID=8503) to work on /home/airflow/.local/lib/python3.12/site-packages/airflow/example_dags/tutorial.py
[2024-06-18T09:48:39.381+0000] {processor.py:830} INFO - Processing file /home/airflow/.local/lib/python3.12/site-packages/airflow/example_dags/tutorial.py for tasks to queue
[2024-06-18T09:48:39.381+0000] {logging_mixin.py:188} INFO - [2024-06-18T09:48:39.381+0000] {dagbag.py:545} INFO - Filling up the DagBag from /home/airflow/.local/lib/python3.12/site-packages/airflow/example_dags/tutorial.py
[2024-06-18T09:48:39.385+0000] {processor.py:840} INFO - DAG(s) 'tutorial' retrieved from /home/airflow/.local/lib/python3.12/site-packages/airflow/example_dags/tutorial.py
[2024-06-18T09:48:39.396+0000] {logging_mixin.py:188} INFO - [2024-06-18T09:48:39.396+0000] {dag.py:3096} INFO - Sync 1 DAGs
[2024-06-18T09:48:39.408+0000] {logging_mixin.py:188} INFO - [2024-06-18T09:48:39.408+0000] {dag.py:3954} INFO - Setting next_dagrun for tutorial to 2024-06-17 00:00:00+00:00, run_after=2024-06-18 00:00:00+00:00
[2024-06-18T09:48:39.419+0000] {processor.py:183} INFO - Processing /home/airflow/.local/lib/python3.12/site-packages/airflow/example_dags/tutorial.py took 0.042 seconds
[2024-06-18T09:49:10.211+0000] {processor.py:161} INFO - Started process (PID=8765) to work on /home/airflow/.local/lib/python3.12/site-packages/airflow/example_dags/tutorial.py
[2024-06-18T09:49:10.212+0000] {processor.py:830} INFO - Processing file /home/airflow/.local/lib/python3.12/site-packages/airflow/example_dags/tutorial.py for tasks to queue
[2024-06-18T09:49:10.213+0000] {logging_mixin.py:188} INFO - [2024-06-18T09:49:10.212+0000] {dagbag.py:545} INFO - Filling up the DagBag from /home/airflow/.local/lib/python3.12/site-packages/airflow/example_dags/tutorial.py
[2024-06-18T09:49:10.215+0000] {processor.py:840} INFO - DAG(s) 'tutorial' retrieved from /home/airflow/.local/lib/python3.12/site-packages/airflow/example_dags/tutorial.py
[2024-06-18T09:49:10.227+0000] {logging_mixin.py:188} INFO - [2024-06-18T09:49:10.226+0000] {dag.py:3096} INFO - Sync 1 DAGs
[2024-06-18T09:49:10.241+0000] {logging_mixin.py:188} INFO - [2024-06-18T09:49:10.241+0000] {dag.py:3954} INFO - Setting next_dagrun for tutorial to 2024-06-17 00:00:00+00:00, run_after=2024-06-18 00:00:00+00:00
[2024-06-18T09:49:10.251+0000] {processor.py:183} INFO - Processing /home/airflow/.local/lib/python3.12/site-packages/airflow/example_dags/tutorial.py took 0.043 seconds
[2024-06-18T09:49:40.460+0000] {processor.py:161} INFO - Started process (PID=9027) to work on /home/airflow/.local/lib/python3.12/site-packages/airflow/example_dags/tutorial.py
[2024-06-18T09:49:40.461+0000] {processor.py:830} INFO - Processing file /home/airflow/.local/lib/python3.12/site-packages/airflow/example_dags/tutorial.py for tasks to queue
[2024-06-18T09:49:40.462+0000] {logging_mixin.py:188} INFO - [2024-06-18T09:49:40.462+0000] {dagbag.py:545} INFO - Filling up the DagBag from /home/airflow/.local/lib/python3.12/site-packages/airflow/example_dags/tutorial.py
[2024-06-18T09:49:40.467+0000] {processor.py:840} INFO - DAG(s) 'tutorial' retrieved from /home/airflow/.local/lib/python3.12/site-packages/airflow/example_dags/tutorial.py
[2024-06-18T09:49:40.481+0000] {logging_mixin.py:188} INFO - [2024-06-18T09:49:40.481+0000] {dag.py:3096} INFO - Sync 1 DAGs
[2024-06-18T09:49:40.493+0000] {logging_mixin.py:188} INFO - [2024-06-18T09:49:40.493+0000] {dag.py:3954} INFO - Setting next_dagrun for tutorial to 2024-06-17 00:00:00+00:00, run_after=2024-06-18 00:00:00+00:00
[2024-06-18T09:49:40.504+0000] {processor.py:183} INFO - Processing /home/airflow/.local/lib/python3.12/site-packages/airflow/example_dags/tutorial.py took 0.047 seconds
[2024-06-18T09:50:10.641+0000] {processor.py:161} INFO - Started process (PID=9289) to work on /home/airflow/.local/lib/python3.12/site-packages/airflow/example_dags/tutorial.py
[2024-06-18T09:50:10.642+0000] {processor.py:830} INFO - Processing file /home/airflow/.local/lib/python3.12/site-packages/airflow/example_dags/tutorial.py for tasks to queue
[2024-06-18T09:50:10.643+0000] {logging_mixin.py:188} INFO - [2024-06-18T09:50:10.643+0000] {dagbag.py:545} INFO - Filling up the DagBag from /home/airflow/.local/lib/python3.12/site-packages/airflow/example_dags/tutorial.py
[2024-06-18T09:50:10.646+0000] {processor.py:840} INFO - DAG(s) 'tutorial' retrieved from /home/airflow/.local/lib/python3.12/site-packages/airflow/example_dags/tutorial.py
[2024-06-18T09:50:10.660+0000] {logging_mixin.py:188} INFO - [2024-06-18T09:50:10.660+0000] {dag.py:3096} INFO - Sync 1 DAGs
[2024-06-18T09:50:10.672+0000] {logging_mixin.py:188} INFO - [2024-06-18T09:50:10.672+0000] {dag.py:3954} INFO - Setting next_dagrun for tutorial to 2024-06-17 00:00:00+00:00, run_after=2024-06-18 00:00:00+00:00
[2024-06-18T09:50:10.683+0000] {processor.py:183} INFO - Processing /home/airflow/.local/lib/python3.12/site-packages/airflow/example_dags/tutorial.py took 0.045 seconds
[2024-06-18T09:50:40.973+0000] {processor.py:161} INFO - Started process (PID=9551) to work on /home/airflow/.local/lib/python3.12/site-packages/airflow/example_dags/tutorial.py
[2024-06-18T09:50:40.974+0000] {processor.py:830} INFO - Processing file /home/airflow/.local/lib/python3.12/site-packages/airflow/example_dags/tutorial.py for tasks to queue
[2024-06-18T09:50:40.974+0000] {logging_mixin.py:188} INFO - [2024-06-18T09:50:40.974+0000] {dagbag.py:545} INFO - Filling up the DagBag from /home/airflow/.local/lib/python3.12/site-packages/airflow/example_dags/tutorial.py
[2024-06-18T09:50:40.977+0000] {processor.py:840} INFO - DAG(s) 'tutorial' retrieved from /home/airflow/.local/lib/python3.12/site-packages/airflow/example_dags/tutorial.py
[2024-06-18T09:50:40.989+0000] {logging_mixin.py:188} INFO - [2024-06-18T09:50:40.989+0000] {dag.py:3096} INFO - Sync 1 DAGs
[2024-06-18T09:50:41.001+0000] {logging_mixin.py:188} INFO - [2024-06-18T09:50:41.001+0000] {dag.py:3954} INFO - Setting next_dagrun for tutorial to 2024-06-17 00:00:00+00:00, run_after=2024-06-18 00:00:00+00:00
[2024-06-18T09:50:41.013+0000] {processor.py:183} INFO - Processing /home/airflow/.local/lib/python3.12/site-packages/airflow/example_dags/tutorial.py took 0.043 seconds
[2024-06-18T09:51:11.299+0000] {processor.py:161} INFO - Started process (PID=9813) to work on /home/airflow/.local/lib/python3.12/site-packages/airflow/example_dags/tutorial.py
[2024-06-18T09:51:11.300+0000] {processor.py:830} INFO - Processing file /home/airflow/.local/lib/python3.12/site-packages/airflow/example_dags/tutorial.py for tasks to queue
[2024-06-18T09:51:11.301+0000] {logging_mixin.py:188} INFO - [2024-06-18T09:51:11.301+0000] {dagbag.py:545} INFO - Filling up the DagBag from /home/airflow/.local/lib/python3.12/site-packages/airflow/example_dags/tutorial.py
[2024-06-18T09:51:11.304+0000] {processor.py:840} INFO - DAG(s) 'tutorial' retrieved from /home/airflow/.local/lib/python3.12/site-packages/airflow/example_dags/tutorial.py
[2024-06-18T09:51:11.316+0000] {logging_mixin.py:188} INFO - [2024-06-18T09:51:11.315+0000] {dag.py:3096} INFO - Sync 1 DAGs
[2024-06-18T09:51:11.329+0000] {logging_mixin.py:188} INFO - [2024-06-18T09:51:11.329+0000] {dag.py:3954} INFO - Setting next_dagrun for tutorial to 2024-06-17 00:00:00+00:00, run_after=2024-06-18 00:00:00+00:00
[2024-06-18T09:51:11.343+0000] {processor.py:183} INFO - Processing /home/airflow/.local/lib/python3.12/site-packages/airflow/example_dags/tutorial.py took 0.047 seconds
[2024-06-18T09:51:41.877+0000] {processor.py:161} INFO - Started process (PID=10075) to work on /home/airflow/.local/lib/python3.12/site-packages/airflow/example_dags/tutorial.py
[2024-06-18T09:51:41.878+0000] {processor.py:830} INFO - Processing file /home/airflow/.local/lib/python3.12/site-packages/airflow/example_dags/tutorial.py for tasks to queue
[2024-06-18T09:51:41.879+0000] {logging_mixin.py:188} INFO - [2024-06-18T09:51:41.879+0000] {dagbag.py:545} INFO - Filling up the DagBag from /home/airflow/.local/lib/python3.12/site-packages/airflow/example_dags/tutorial.py
[2024-06-18T09:51:41.884+0000] {processor.py:840} INFO - DAG(s) 'tutorial' retrieved from /home/airflow/.local/lib/python3.12/site-packages/airflow/example_dags/tutorial.py
[2024-06-18T09:51:41.902+0000] {logging_mixin.py:188} INFO - [2024-06-18T09:51:41.902+0000] {dag.py:3096} INFO - Sync 1 DAGs
[2024-06-18T09:51:41.923+0000] {logging_mixin.py:188} INFO - [2024-06-18T09:51:41.923+0000] {dag.py:3954} INFO - Setting next_dagrun for tutorial to 2024-06-17 00:00:00+00:00, run_after=2024-06-18 00:00:00+00:00
[2024-06-18T09:51:41.941+0000] {processor.py:183} INFO - Processing /home/airflow/.local/lib/python3.12/site-packages/airflow/example_dags/tutorial.py took 0.069 seconds
[2024-06-18T09:52:12.036+0000] {processor.py:161} INFO - Started process (PID=10337) to work on /home/airflow/.local/lib/python3.12/site-packages/airflow/example_dags/tutorial.py
[2024-06-18T09:52:12.038+0000] {processor.py:830} INFO - Processing file /home/airflow/.local/lib/python3.12/site-packages/airflow/example_dags/tutorial.py for tasks to queue
[2024-06-18T09:52:12.039+0000] {logging_mixin.py:188} INFO - [2024-06-18T09:52:12.039+0000] {dagbag.py:545} INFO - Filling up the DagBag from /home/airflow/.local/lib/python3.12/site-packages/airflow/example_dags/tutorial.py
[2024-06-18T09:52:12.042+0000] {processor.py:840} INFO - DAG(s) 'tutorial' retrieved from /home/airflow/.local/lib/python3.12/site-packages/airflow/example_dags/tutorial.py
[2024-06-18T09:52:12.055+0000] {logging_mixin.py:188} INFO - [2024-06-18T09:52:12.054+0000] {dag.py:3096} INFO - Sync 1 DAGs
[2024-06-18T09:52:12.069+0000] {logging_mixin.py:188} INFO - [2024-06-18T09:52:12.069+0000] {dag.py:3954} INFO - Setting next_dagrun for tutorial to 2024-06-17 00:00:00+00:00, run_after=2024-06-18 00:00:00+00:00
[2024-06-18T09:52:12.169+0000] {processor.py:183} INFO - Processing /home/airflow/.local/lib/python3.12/site-packages/airflow/example_dags/tutorial.py took 0.136 seconds
[2024-06-18T09:52:42.268+0000] {processor.py:161} INFO - Started process (PID=10599) to work on /home/airflow/.local/lib/python3.12/site-packages/airflow/example_dags/tutorial.py
[2024-06-18T09:52:42.269+0000] {processor.py:830} INFO - Processing file /home/airflow/.local/lib/python3.12/site-packages/airflow/example_dags/tutorial.py for tasks to queue
[2024-06-18T09:52:42.269+0000] {logging_mixin.py:188} INFO - [2024-06-18T09:52:42.269+0000] {dagbag.py:545} INFO - Filling up the DagBag from /home/airflow/.local/lib/python3.12/site-packages/airflow/example_dags/tutorial.py
[2024-06-18T09:52:42.272+0000] {processor.py:840} INFO - DAG(s) 'tutorial' retrieved from /home/airflow/.local/lib/python3.12/site-packages/airflow/example_dags/tutorial.py
[2024-06-18T09:52:42.283+0000] {logging_mixin.py:188} INFO - [2024-06-18T09:52:42.283+0000] {dag.py:3096} INFO - Sync 1 DAGs
[2024-06-18T09:52:42.295+0000] {logging_mixin.py:188} INFO - [2024-06-18T09:52:42.294+0000] {dag.py:3954} INFO - Setting next_dagrun for tutorial to 2024-06-17 00:00:00+00:00, run_after=2024-06-18 00:00:00+00:00
[2024-06-18T09:52:42.398+0000] {processor.py:183} INFO - Processing /home/airflow/.local/lib/python3.12/site-packages/airflow/example_dags/tutorial.py took 0.133 seconds
[2024-06-18T09:53:13.128+0000] {processor.py:161} INFO - Started process (PID=10861) to work on /home/airflow/.local/lib/python3.12/site-packages/airflow/example_dags/tutorial.py
[2024-06-18T09:53:13.128+0000] {processor.py:830} INFO - Processing file /home/airflow/.local/lib/python3.12/site-packages/airflow/example_dags/tutorial.py for tasks to queue
[2024-06-18T09:53:13.130+0000] {logging_mixin.py:188} INFO - [2024-06-18T09:53:13.129+0000] {dagbag.py:545} INFO - Filling up the DagBag from /home/airflow/.local/lib/python3.12/site-packages/airflow/example_dags/tutorial.py
[2024-06-18T09:53:13.135+0000] {processor.py:840} INFO - DAG(s) 'tutorial' retrieved from /home/airflow/.local/lib/python3.12/site-packages/airflow/example_dags/tutorial.py
[2024-06-18T09:53:13.155+0000] {logging_mixin.py:188} INFO - [2024-06-18T09:53:13.155+0000] {dag.py:3096} INFO - Sync 1 DAGs
[2024-06-18T09:53:13.178+0000] {logging_mixin.py:188} INFO - [2024-06-18T09:53:13.177+0000] {dag.py:3954} INFO - Setting next_dagrun for tutorial to 2024-06-17 00:00:00+00:00, run_after=2024-06-18 00:00:00+00:00
[2024-06-18T09:53:13.196+0000] {processor.py:183} INFO - Processing /home/airflow/.local/lib/python3.12/site-packages/airflow/example_dags/tutorial.py took 0.074 seconds
[2024-06-18T09:53:43.250+0000] {processor.py:161} INFO - Started process (PID=11123) to work on /home/airflow/.local/lib/python3.12/site-packages/airflow/example_dags/tutorial.py
[2024-06-18T09:53:43.251+0000] {processor.py:830} INFO - Processing file /home/airflow/.local/lib/python3.12/site-packages/airflow/example_dags/tutorial.py for tasks to queue
[2024-06-18T09:53:43.251+0000] {logging_mixin.py:188} INFO - [2024-06-18T09:53:43.251+0000] {dagbag.py:545} INFO - Filling up the DagBag from /home/airflow/.local/lib/python3.12/site-packages/airflow/example_dags/tutorial.py
[2024-06-18T09:53:43.254+0000] {processor.py:840} INFO - DAG(s) 'tutorial' retrieved from /home/airflow/.local/lib/python3.12/site-packages/airflow/example_dags/tutorial.py
[2024-06-18T09:53:43.266+0000] {logging_mixin.py:188} INFO - [2024-06-18T09:53:43.266+0000] {dag.py:3096} INFO - Sync 1 DAGs
[2024-06-18T09:53:43.278+0000] {logging_mixin.py:188} INFO - [2024-06-18T09:53:43.278+0000] {dag.py:3954} INFO - Setting next_dagrun for tutorial to 2024-06-17 00:00:00+00:00, run_after=2024-06-18 00:00:00+00:00
[2024-06-18T09:53:43.289+0000] {processor.py:183} INFO - Processing /home/airflow/.local/lib/python3.12/site-packages/airflow/example_dags/tutorial.py took 0.043 seconds
[2024-06-18T09:54:13.372+0000] {processor.py:161} INFO - Started process (PID=11387) to work on /home/airflow/.local/lib/python3.12/site-packages/airflow/example_dags/tutorial.py
[2024-06-18T09:54:13.373+0000] {processor.py:830} INFO - Processing file /home/airflow/.local/lib/python3.12/site-packages/airflow/example_dags/tutorial.py for tasks to queue
[2024-06-18T09:54:13.374+0000] {logging_mixin.py:188} INFO - [2024-06-18T09:54:13.374+0000] {dagbag.py:545} INFO - Filling up the DagBag from /home/airflow/.local/lib/python3.12/site-packages/airflow/example_dags/tutorial.py
[2024-06-18T09:54:13.377+0000] {processor.py:840} INFO - DAG(s) 'tutorial' retrieved from /home/airflow/.local/lib/python3.12/site-packages/airflow/example_dags/tutorial.py
[2024-06-18T09:54:13.389+0000] {logging_mixin.py:188} INFO - [2024-06-18T09:54:13.389+0000] {dag.py:3096} INFO - Sync 1 DAGs
[2024-06-18T09:54:13.402+0000] {logging_mixin.py:188} INFO - [2024-06-18T09:54:13.401+0000] {dag.py:3954} INFO - Setting next_dagrun for tutorial to 2024-06-17 00:00:00+00:00, run_after=2024-06-18 00:00:00+00:00
[2024-06-18T09:54:13.415+0000] {processor.py:183} INFO - Processing /home/airflow/.local/lib/python3.12/site-packages/airflow/example_dags/tutorial.py took 0.046 seconds
[2024-06-18T09:54:43.464+0000] {processor.py:161} INFO - Started process (PID=11647) to work on /home/airflow/.local/lib/python3.12/site-packages/airflow/example_dags/tutorial.py
[2024-06-18T09:54:43.464+0000] {processor.py:830} INFO - Processing file /home/airflow/.local/lib/python3.12/site-packages/airflow/example_dags/tutorial.py for tasks to queue
[2024-06-18T09:54:43.465+0000] {logging_mixin.py:188} INFO - [2024-06-18T09:54:43.465+0000] {dagbag.py:545} INFO - Filling up the DagBag from /home/airflow/.local/lib/python3.12/site-packages/airflow/example_dags/tutorial.py
[2024-06-18T09:54:43.468+0000] {processor.py:840} INFO - DAG(s) 'tutorial' retrieved from /home/airflow/.local/lib/python3.12/site-packages/airflow/example_dags/tutorial.py
[2024-06-18T09:54:43.484+0000] {logging_mixin.py:188} INFO - [2024-06-18T09:54:43.484+0000] {dag.py:3096} INFO - Sync 1 DAGs
[2024-06-18T09:54:43.500+0000] {logging_mixin.py:188} INFO - [2024-06-18T09:54:43.500+0000] {dag.py:3954} INFO - Setting next_dagrun for tutorial to 2024-06-17 00:00:00+00:00, run_after=2024-06-18 00:00:00+00:00
[2024-06-18T09:54:43.512+0000] {processor.py:183} INFO - Processing /home/airflow/.local/lib/python3.12/site-packages/airflow/example_dags/tutorial.py took 0.052 seconds
[2024-06-18T09:55:13.641+0000] {processor.py:161} INFO - Started process (PID=11909) to work on /home/airflow/.local/lib/python3.12/site-packages/airflow/example_dags/tutorial.py
[2024-06-18T09:55:13.642+0000] {processor.py:830} INFO - Processing file /home/airflow/.local/lib/python3.12/site-packages/airflow/example_dags/tutorial.py for tasks to queue
[2024-06-18T09:55:13.643+0000] {logging_mixin.py:188} INFO - [2024-06-18T09:55:13.643+0000] {dagbag.py:545} INFO - Filling up the DagBag from /home/airflow/.local/lib/python3.12/site-packages/airflow/example_dags/tutorial.py
[2024-06-18T09:55:13.647+0000] {processor.py:840} INFO - DAG(s) 'tutorial' retrieved from /home/airflow/.local/lib/python3.12/site-packages/airflow/example_dags/tutorial.py
[2024-06-18T09:55:13.659+0000] {logging_mixin.py:188} INFO - [2024-06-18T09:55:13.659+0000] {dag.py:3096} INFO - Sync 1 DAGs
[2024-06-18T09:55:13.673+0000] {logging_mixin.py:188} INFO - [2024-06-18T09:55:13.673+0000] {dag.py:3954} INFO - Setting next_dagrun for tutorial to 2024-06-17 00:00:00+00:00, run_after=2024-06-18 00:00:00+00:00
[2024-06-18T09:55:13.684+0000] {processor.py:183} INFO - Processing /home/airflow/.local/lib/python3.12/site-packages/airflow/example_dags/tutorial.py took 0.046 seconds
[2024-06-18T09:55:44.657+0000] {processor.py:161} INFO - Started process (PID=12171) to work on /home/airflow/.local/lib/python3.12/site-packages/airflow/example_dags/tutorial.py
[2024-06-18T09:55:44.657+0000] {processor.py:830} INFO - Processing file /home/airflow/.local/lib/python3.12/site-packages/airflow/example_dags/tutorial.py for tasks to queue
[2024-06-18T09:55:44.658+0000] {logging_mixin.py:188} INFO - [2024-06-18T09:55:44.658+0000] {dagbag.py:545} INFO - Filling up the DagBag from /home/airflow/.local/lib/python3.12/site-packages/airflow/example_dags/tutorial.py
[2024-06-18T09:55:44.661+0000] {processor.py:840} INFO - DAG(s) 'tutorial' retrieved from /home/airflow/.local/lib/python3.12/site-packages/airflow/example_dags/tutorial.py
[2024-06-18T09:55:44.672+0000] {logging_mixin.py:188} INFO - [2024-06-18T09:55:44.672+0000] {dag.py:3096} INFO - Sync 1 DAGs
[2024-06-18T09:55:44.684+0000] {logging_mixin.py:188} INFO - [2024-06-18T09:55:44.684+0000] {dag.py:3954} INFO - Setting next_dagrun for tutorial to 2024-06-17 00:00:00+00:00, run_after=2024-06-18 00:00:00+00:00
[2024-06-18T09:55:44.694+0000] {processor.py:183} INFO - Processing /home/airflow/.local/lib/python3.12/site-packages/airflow/example_dags/tutorial.py took 0.041 seconds
[2024-06-18T09:56:15.381+0000] {processor.py:161} INFO - Started process (PID=12433) to work on /home/airflow/.local/lib/python3.12/site-packages/airflow/example_dags/tutorial.py
[2024-06-18T09:56:15.381+0000] {processor.py:830} INFO - Processing file /home/airflow/.local/lib/python3.12/site-packages/airflow/example_dags/tutorial.py for tasks to queue
[2024-06-18T09:56:15.382+0000] {logging_mixin.py:188} INFO - [2024-06-18T09:56:15.382+0000] {dagbag.py:545} INFO - Filling up the DagBag from /home/airflow/.local/lib/python3.12/site-packages/airflow/example_dags/tutorial.py
[2024-06-18T09:56:15.385+0000] {processor.py:840} INFO - DAG(s) 'tutorial' retrieved from /home/airflow/.local/lib/python3.12/site-packages/airflow/example_dags/tutorial.py
[2024-06-18T09:56:15.396+0000] {logging_mixin.py:188} INFO - [2024-06-18T09:56:15.396+0000] {dag.py:3096} INFO - Sync 1 DAGs
[2024-06-18T09:56:15.407+0000] {logging_mixin.py:188} INFO - [2024-06-18T09:56:15.407+0000] {dag.py:3954} INFO - Setting next_dagrun for tutorial to 2024-06-17 00:00:00+00:00, run_after=2024-06-18 00:00:00+00:00
[2024-06-18T09:56:15.419+0000] {processor.py:183} INFO - Processing /home/airflow/.local/lib/python3.12/site-packages/airflow/example_dags/tutorial.py took 0.042 seconds
[2024-06-18T09:56:46.248+0000] {processor.py:161} INFO - Started process (PID=12695) to work on /home/airflow/.local/lib/python3.12/site-packages/airflow/example_dags/tutorial.py
[2024-06-18T09:56:46.248+0000] {processor.py:830} INFO - Processing file /home/airflow/.local/lib/python3.12/site-packages/airflow/example_dags/tutorial.py for tasks to queue
[2024-06-18T09:56:46.249+0000] {logging_mixin.py:188} INFO - [2024-06-18T09:56:46.249+0000] {dagbag.py:545} INFO - Filling up the DagBag from /home/airflow/.local/lib/python3.12/site-packages/airflow/example_dags/tutorial.py
[2024-06-18T09:56:46.254+0000] {processor.py:840} INFO - DAG(s) 'tutorial' retrieved from /home/airflow/.local/lib/python3.12/site-packages/airflow/example_dags/tutorial.py
[2024-06-18T09:56:46.266+0000] {logging_mixin.py:188} INFO - [2024-06-18T09:56:46.266+0000] {dag.py:3096} INFO - Sync 1 DAGs
[2024-06-18T09:56:46.280+0000] {logging_mixin.py:188} INFO - [2024-06-18T09:56:46.279+0000] {dag.py:3954} INFO - Setting next_dagrun for tutorial to 2024-06-17 00:00:00+00:00, run_after=2024-06-18 00:00:00+00:00
[2024-06-18T09:56:46.292+0000] {processor.py:183} INFO - Processing /home/airflow/.local/lib/python3.12/site-packages/airflow/example_dags/tutorial.py took 0.048 seconds
[2024-06-18T09:57:16.376+0000] {processor.py:161} INFO - Started process (PID=12957) to work on /home/airflow/.local/lib/python3.12/site-packages/airflow/example_dags/tutorial.py
[2024-06-18T09:57:16.377+0000] {processor.py:830} INFO - Processing file /home/airflow/.local/lib/python3.12/site-packages/airflow/example_dags/tutorial.py for tasks to queue
[2024-06-18T09:57:16.378+0000] {logging_mixin.py:188} INFO - [2024-06-18T09:57:16.378+0000] {dagbag.py:545} INFO - Filling up the DagBag from /home/airflow/.local/lib/python3.12/site-packages/airflow/example_dags/tutorial.py
[2024-06-18T09:57:16.381+0000] {processor.py:840} INFO - DAG(s) 'tutorial' retrieved from /home/airflow/.local/lib/python3.12/site-packages/airflow/example_dags/tutorial.py
[2024-06-18T09:57:16.393+0000] {logging_mixin.py:188} INFO - [2024-06-18T09:57:16.393+0000] {dag.py:3096} INFO - Sync 1 DAGs
[2024-06-18T09:57:16.405+0000] {logging_mixin.py:188} INFO - [2024-06-18T09:57:16.405+0000] {dag.py:3954} INFO - Setting next_dagrun for tutorial to 2024-06-17 00:00:00+00:00, run_after=2024-06-18 00:00:00+00:00
[2024-06-18T09:57:16.416+0000] {processor.py:183} INFO - Processing /home/airflow/.local/lib/python3.12/site-packages/airflow/example_dags/tutorial.py took 0.043 seconds
[2024-06-18T09:57:46.569+0000] {processor.py:161} INFO - Started process (PID=13219) to work on /home/airflow/.local/lib/python3.12/site-packages/airflow/example_dags/tutorial.py
[2024-06-18T09:57:46.569+0000] {processor.py:830} INFO - Processing file /home/airflow/.local/lib/python3.12/site-packages/airflow/example_dags/tutorial.py for tasks to queue
[2024-06-18T09:57:46.570+0000] {logging_mixin.py:188} INFO - [2024-06-18T09:57:46.570+0000] {dagbag.py:545} INFO - Filling up the DagBag from /home/airflow/.local/lib/python3.12/site-packages/airflow/example_dags/tutorial.py
[2024-06-18T09:57:46.573+0000] {processor.py:840} INFO - DAG(s) 'tutorial' retrieved from /home/airflow/.local/lib/python3.12/site-packages/airflow/example_dags/tutorial.py
[2024-06-18T09:57:46.583+0000] {logging_mixin.py:188} INFO - [2024-06-18T09:57:46.583+0000] {dag.py:3096} INFO - Sync 1 DAGs
[2024-06-18T09:57:46.595+0000] {logging_mixin.py:188} INFO - [2024-06-18T09:57:46.595+0000] {dag.py:3954} INFO - Setting next_dagrun for tutorial to 2024-06-17 00:00:00+00:00, run_after=2024-06-18 00:00:00+00:00
[2024-06-18T09:57:46.606+0000] {processor.py:183} INFO - Processing /home/airflow/.local/lib/python3.12/site-packages/airflow/example_dags/tutorial.py took 0.040 seconds
[2024-06-18T09:58:17.459+0000] {processor.py:161} INFO - Started process (PID=13487) to work on /home/airflow/.local/lib/python3.12/site-packages/airflow/example_dags/tutorial.py
[2024-06-18T09:58:17.460+0000] {processor.py:830} INFO - Processing file /home/airflow/.local/lib/python3.12/site-packages/airflow/example_dags/tutorial.py for tasks to queue
[2024-06-18T09:58:17.461+0000] {logging_mixin.py:188} INFO - [2024-06-18T09:58:17.461+0000] {dagbag.py:545} INFO - Filling up the DagBag from /home/airflow/.local/lib/python3.12/site-packages/airflow/example_dags/tutorial.py
[2024-06-18T09:58:17.465+0000] {processor.py:840} INFO - DAG(s) 'tutorial' retrieved from /home/airflow/.local/lib/python3.12/site-packages/airflow/example_dags/tutorial.py
[2024-06-18T09:58:17.478+0000] {logging_mixin.py:188} INFO - [2024-06-18T09:58:17.478+0000] {dag.py:3096} INFO - Sync 1 DAGs
[2024-06-18T09:58:17.492+0000] {logging_mixin.py:188} INFO - [2024-06-18T09:58:17.492+0000] {dag.py:3954} INFO - Setting next_dagrun for tutorial to 2024-06-17 00:00:00+00:00, run_after=2024-06-18 00:00:00+00:00
[2024-06-18T09:58:17.503+0000] {processor.py:183} INFO - Processing /home/airflow/.local/lib/python3.12/site-packages/airflow/example_dags/tutorial.py took 0.048 seconds
[2024-06-18T09:58:47.678+0000] {processor.py:161} INFO - Started process (PID=13749) to work on /home/airflow/.local/lib/python3.12/site-packages/airflow/example_dags/tutorial.py
[2024-06-18T09:58:47.679+0000] {processor.py:830} INFO - Processing file /home/airflow/.local/lib/python3.12/site-packages/airflow/example_dags/tutorial.py for tasks to queue
[2024-06-18T09:58:47.680+0000] {logging_mixin.py:188} INFO - [2024-06-18T09:58:47.680+0000] {dagbag.py:545} INFO - Filling up the DagBag from /home/airflow/.local/lib/python3.12/site-packages/airflow/example_dags/tutorial.py
[2024-06-18T09:58:47.683+0000] {processor.py:840} INFO - DAG(s) 'tutorial' retrieved from /home/airflow/.local/lib/python3.12/site-packages/airflow/example_dags/tutorial.py
[2024-06-18T09:58:47.696+0000] {logging_mixin.py:188} INFO - [2024-06-18T09:58:47.696+0000] {dag.py:3096} INFO - Sync 1 DAGs
[2024-06-18T09:58:47.711+0000] {logging_mixin.py:188} INFO - [2024-06-18T09:58:47.711+0000] {dag.py:3954} INFO - Setting next_dagrun for tutorial to 2024-06-17 00:00:00+00:00, run_after=2024-06-18 00:00:00+00:00
[2024-06-18T09:58:47.722+0000] {processor.py:183} INFO - Processing /home/airflow/.local/lib/python3.12/site-packages/airflow/example_dags/tutorial.py took 0.047 seconds
[2024-06-18T09:59:18.677+0000] {processor.py:161} INFO - Started process (PID=14011) to work on /home/airflow/.local/lib/python3.12/site-packages/airflow/example_dags/tutorial.py
[2024-06-18T09:59:18.678+0000] {processor.py:830} INFO - Processing file /home/airflow/.local/lib/python3.12/site-packages/airflow/example_dags/tutorial.py for tasks to queue
[2024-06-18T09:59:18.679+0000] {logging_mixin.py:188} INFO - [2024-06-18T09:59:18.679+0000] {dagbag.py:545} INFO - Filling up the DagBag from /home/airflow/.local/lib/python3.12/site-packages/airflow/example_dags/tutorial.py
[2024-06-18T09:59:18.682+0000] {processor.py:840} INFO - DAG(s) 'tutorial' retrieved from /home/airflow/.local/lib/python3.12/site-packages/airflow/example_dags/tutorial.py
[2024-06-18T09:59:18.695+0000] {logging_mixin.py:188} INFO - [2024-06-18T09:59:18.695+0000] {dag.py:3096} INFO - Sync 1 DAGs
[2024-06-18T09:59:18.708+0000] {logging_mixin.py:188} INFO - [2024-06-18T09:59:18.708+0000] {dag.py:3954} INFO - Setting next_dagrun for tutorial to 2024-06-17 00:00:00+00:00, run_after=2024-06-18 00:00:00+00:00
[2024-06-18T09:59:18.721+0000] {processor.py:183} INFO - Processing /home/airflow/.local/lib/python3.12/site-packages/airflow/example_dags/tutorial.py took 0.049 seconds
[2024-06-18T09:59:48.746+0000] {processor.py:161} INFO - Started process (PID=14273) to work on /home/airflow/.local/lib/python3.12/site-packages/airflow/example_dags/tutorial.py
[2024-06-18T09:59:48.747+0000] {processor.py:830} INFO - Processing file /home/airflow/.local/lib/python3.12/site-packages/airflow/example_dags/tutorial.py for tasks to queue
[2024-06-18T09:59:48.748+0000] {logging_mixin.py:188} INFO - [2024-06-18T09:59:48.748+0000] {dagbag.py:545} INFO - Filling up the DagBag from /home/airflow/.local/lib/python3.12/site-packages/airflow/example_dags/tutorial.py
[2024-06-18T09:59:48.751+0000] {processor.py:840} INFO - DAG(s) 'tutorial' retrieved from /home/airflow/.local/lib/python3.12/site-packages/airflow/example_dags/tutorial.py
[2024-06-18T09:59:48.762+0000] {logging_mixin.py:188} INFO - [2024-06-18T09:59:48.762+0000] {dag.py:3096} INFO - Sync 1 DAGs
[2024-06-18T09:59:48.775+0000] {logging_mixin.py:188} INFO - [2024-06-18T09:59:48.774+0000] {dag.py:3954} INFO - Setting next_dagrun for tutorial to 2024-06-17 00:00:00+00:00, run_after=2024-06-18 00:00:00+00:00
[2024-06-18T09:59:48.789+0000] {processor.py:183} INFO - Processing /home/airflow/.local/lib/python3.12/site-packages/airflow/example_dags/tutorial.py took 0.045 seconds
